0	01:34:26.951	Admiral Markets build 1280 started (Admiral Markets Group AS)
0	01:34:26.952	Windows 10 Pro x64, IE 11, UAC, 8 x Intel Core i7-10510U  @ 1.80GHz, Memory: 1848 / 8014 Mb, Disk: 3 / 237 Gb, GMT+3
0	01:34:26.952	Data Folder: C:\Users\SRIE\AppData\Roaming\MetaQuotes\Terminal\51337600F56B69473E15EAFB8A7586B4
2	01:34:30.985	Custom indicator AIMS Levels V2 [DAX30],M1: loaded successfully
2	01:34:31.065	Custom indicator AIMS Entry Alert V1 [DAX30],M1: loaded successfully
2	01:34:31.074	Custom indicator CandleTimer [DAX30],M1: loaded successfully
2	01:34:31.153	Custom indicator #Signal_Bars_v6 [DAX30],M1: loaded successfully
2	01:34:31.163	Custom indicator TrendEnvelopes_v1 [DAX30],M1: loaded successfully
2	01:34:31.171	Custom indicator guppy_multiple_moving_averages [DAX30],M1: loaded successfully
2	01:34:31.181	Custom indicator wedges [DAX30],M1: loaded successfully
2	01:34:31.190	Custom indicator Admiral Pivot [DAX30],M1: loaded successfully
2	01:34:31.199	Custom indicator AutoTrendChannel [DAX30],M1: loaded successfully
2	01:34:31.277	Custom indicator AIMS AO V.2.1 [DAX30],M1: loaded successfully
2	01:34:31.286	Custom indicator IVT_MACD_ZERO_LAG [DAX30],M1: loaded successfully
2	01:34:31.295	Custom indicator RSI Divergence Levels [DAX30],M1: loaded successfully
2	01:34:31.305	Custom indicator JoeChalhoub_FXForecasterV1 [DAX30],M1: loaded successfully
2	01:34:32.434	Custom indicator AIMS Levels V2 [DJI30],M15: loaded successfully
2	01:34:32.511	Custom indicator AIMS Entry Alert V1 [DJI30],M15: loaded successfully
2	01:34:32.518	Custom indicator CandleTimer [DJI30],M15: loaded successfully
2	01:34:32.599	Custom indicator #Signal_Bars_v6 [DJI30],M15: loaded successfully
2	01:34:32.608	Custom indicator TrendEnvelopes_v1 [DJI30],M15: loaded successfully
2	01:34:32.616	Custom indicator guppy_multiple_moving_averages [DJI30],M15: loaded successfully
2	01:34:32.625	Custom indicator wedges [DJI30],M15: loaded successfully
2	01:34:32.702	Custom indicator AIMS AO V.2.1 [DJI30],M15: loaded successfully
2	01:34:32.711	Custom indicator IVT_MACD_ZERO_LAG [DJI30],M15: loaded successfully
2	01:34:32.720	Custom indicator RSI Divergence Levels [DJI30],M15: loaded successfully
2	01:34:32.730	Custom indicator JoeChalhoub_FXForecasterV1 [DJI30],M15: loaded successfully
2	01:34:33.160	Custom indicator AIMS Levels V2 [DJI30],M1: loaded successfully
2	01:34:33.237	Custom indicator AIMS Entry Alert V1 [DJI30],M1: loaded successfully
2	01:34:33.245	Custom indicator CandleTimer [DJI30],M1: loaded successfully
2	01:34:33.322	Custom indicator #Signal_Bars_v6 [DJI30],M1: loaded successfully
2	01:34:33.330	Custom indicator TrendEnvelopes_v1 [DJI30],M1: loaded successfully
2	01:34:33.338	Custom indicator guppy_multiple_moving_averages [DJI30],M1: loaded successfully
2	01:34:33.347	Custom indicator wedges [DJI30],M1: loaded successfully
2	01:34:33.355	Custom indicator Admiral Pivot [DJI30],M1: loaded successfully
2	01:34:33.363	Custom indicator AutoTrendChannel [DJI30],M1: loaded successfully
2	01:34:33.437	Custom indicator AIMS AO V.2.1 [DJI30],M1: loaded successfully
2	01:34:33.446	Custom indicator IVT_MACD_ZERO_LAG [DJI30],M1: loaded successfully
2	01:34:33.455	Custom indicator RSI Divergence Levels [DJI30],M1: loaded successfully
2	01:34:33.465	Custom indicator JoeChalhoub_FXForecasterV1 [DJI30],M1: loaded successfully
2	01:34:34.518	Custom indicator AIMS Levels V2 [DAX30],M1: loaded successfully
2	01:34:34.593	Custom indicator AIMS Entry Alert V1 [DAX30],M1: loaded successfully
2	01:34:34.600	Custom indicator CandleTimer [DAX30],M1: loaded successfully
2	01:34:34.687	Custom indicator #Signal_Bars_v6 [DAX30],M1: loaded successfully
2	01:34:34.699	Custom indicator TrendEnvelopes_v1 [DAX30],M1: loaded successfully
2	01:34:34.710	Custom indicator guppy_multiple_moving_averages [DAX30],M1: loaded successfully
2	01:34:34.722	Custom indicator wedges [DAX30],M1: loaded successfully
2	01:34:34.805	Custom indicator AIMS AO V.2.1 [DAX30],M1: loaded successfully
2	01:34:34.815	Custom indicator IVT_MACD_ZERO_LAG [DAX30],M1: loaded successfully
2	01:34:34.825	Custom indicator RSI Divergence Levels [DAX30],M1: loaded successfully
2	01:34:34.836	Custom indicator JoeChalhoub_FXForecasterV1 [DAX30],M1: loaded successfully
0	01:34:35.050	Notifications: 'Classical RSI bearish divergence on:  [DAX30]' sent to 'A37163A9'
2	01:34:35.833	Expert !!Sentinel PAT Scanner-v1.01 USDJPY,M15: loaded successfully
2	01:34:35.862	Custom indicator Arrow Trend Surfer GBPJPY,Daily: loaded successfully
2	01:34:35.872	Custom indicator FlexNewsIndicator GBPJPY,Daily: loaded successfully
2	01:34:37.179	Custom indicator AIMS Levels V2 GOLD,M5: loaded successfully
2	01:34:37.246	Custom indicator AIMS Entry Alert V1 GOLD,M5: loaded successfully
2	01:34:37.252	Custom indicator CandleTimer GOLD,M5: loaded successfully
2	01:34:37.316	Custom indicator #Signal_Bars_v6 GOLD,M5: loaded successfully
2	01:34:37.324	Custom indicator TrendEnvelopes_v1 GOLD,M5: loaded successfully
2	01:34:37.331	Custom indicator guppy_multiple_moving_averages GOLD,M5: loaded successfully
2	01:34:37.338	Custom indicator wedges GOLD,M5: loaded successfully
2	01:34:37.347	Custom indicator Admiral Pivot GOLD,M5: loaded successfully
2	01:34:37.354	Custom indicator AutoTrendChannel GOLD,M5: loaded successfully
2	01:34:37.419	Custom indicator AIMS AO V.2.1 GOLD,M5: loaded successfully
2	01:34:37.427	Custom indicator IVT_MACD_ZERO_LAG GOLD,M5: loaded successfully
2	01:34:37.434	Custom indicator RSI Divergence Levels GOLD,M5: loaded successfully
2	01:34:37.442	Custom indicator JoeChalhoub_FXForecasterV1 GOLD,M5: loaded successfully
2	01:34:38.094	Custom indicator AIMS Levels V2 [NQ100],M5: loaded successfully
2	01:34:38.170	Custom indicator AIMS Entry Alert V1 [NQ100],M5: loaded successfully
2	01:34:38.177	Custom indicator CandleTimer [NQ100],M5: loaded successfully
2	01:34:38.257	Custom indicator #Signal_Bars_v6 [NQ100],M5: loaded successfully
2	01:34:38.265	Custom indicator TrendEnvelopes_v1 [NQ100],M5: loaded successfully
2	01:34:38.273	Custom indicator guppy_multiple_moving_averages [NQ100],M5: loaded successfully
2	01:34:38.282	Custom indicator wedges [NQ100],M5: loaded successfully
2	01:34:38.291	Custom indicator Admiral Pivot [NQ100],M5: loaded successfully
2	01:34:38.299	Custom indicator AutoTrendChannel [NQ100],M5: loaded successfully
2	01:34:38.375	Custom indicator AIMS AO V.2.1 [NQ100],M5: loaded successfully
2	01:34:38.383	Custom indicator IVT_MACD_ZERO_LAG [NQ100],M5: loaded successfully
2	01:34:38.392	Custom indicator RSI Divergence Levels [NQ100],M5: loaded successfully
2	01:34:38.402	Custom indicator JoeChalhoub_FXForecasterV1 [NQ100],M5: loaded successfully
0	01:34:38.896	Notifications: 'Classical RSI bearish divergence on:  [DAX30]' sent to 'A37163A9'
2	01:34:39.127	Custom indicator AIMS Levels V2 USDCHF,M5: loaded successfully
2	01:34:39.203	Custom indicator AIMS Entry Alert V1 USDCHF,M5: loaded successfully
2	01:34:39.210	Custom indicator CandleTimer USDCHF,M5: loaded successfully
2	01:34:39.282	Custom indicator #Signal_Bars_v6 USDCHF,M5: loaded successfully
2	01:34:39.291	Custom indicator TrendEnvelopes_v1 USDCHF,M5: loaded successfully
2	01:34:39.298	Custom indicator guppy_multiple_moving_averages USDCHF,M5: loaded successfully
2	01:34:39.307	Custom indicator wedges USDCHF,M5: loaded successfully
2	01:34:39.315	Custom indicator Admiral Pivot USDCHF,M5: loaded successfully
2	01:34:39.323	Custom indicator AutoTrendChannel USDCHF,M5: loaded successfully
2	01:34:39.396	Custom indicator AIMS AO V.2.1 USDCHF,M5: loaded successfully
2	01:34:39.404	Custom indicator IVT_MACD_ZERO_LAG USDCHF,M5: loaded successfully
2	01:34:39.413	Custom indicator RSI Divergence Levels USDCHF,M5: loaded successfully
2	01:34:39.422	Custom indicator JoeChalhoub_FXForecasterV1 USDCHF,M5: loaded successfully
2	01:34:40.169	Custom indicator AIMS Levels V2 EURUSD,Daily: loaded successfully
2	01:34:40.245	Custom indicator AIMS Entry Alert V1 EURUSD,Daily: loaded successfully
2	01:34:40.253	Custom indicator CandleTimer EURUSD,Daily: loaded successfully
2	01:34:40.328	Custom indicator #Signal_Bars_v6 EURUSD,Daily: loaded successfully
2	01:34:40.336	Custom indicator TrendEnvelopes_v1 EURUSD,Daily: loaded successfully
2	01:34:40.344	Custom indicator guppy_multiple_moving_averages EURUSD,Daily: loaded successfully
2	01:34:40.352	Custom indicator wedges EURUSD,Daily: loaded successfully
2	01:34:40.360	Custom indicator Admiral Pivot EURUSD,Daily: loaded successfully
2	01:34:40.367	Custom indicator AutoTrendChannel EURUSD,Daily: loaded successfully
2	01:34:40.445	Custom indicator AIMS AO V.2.1 EURUSD,Daily: loaded successfully
2	01:34:40.453	Custom indicator IVT_MACD_ZERO_LAG EURUSD,Daily: loaded successfully
2	01:34:40.462	Custom indicator RSI Divergence Levels EURUSD,Daily: loaded successfully
2	01:34:40.471	Custom indicator JoeChalhoub_FXForecasterV1 EURUSD,Daily: loaded successfully
2	01:34:40.490	Expert Admiral - Mini Terminal EURUSD,Daily: loaded successfully
2	01:34:40.798	Custom indicator AIMS Levels V2 EURCAD,H1: loaded successfully
2	01:34:40.873	Custom indicator AIMS Entry Alert V1 EURCAD,H1: loaded successfully
2	01:34:40.879	Custom indicator CandleTimer EURCAD,H1: loaded successfully
2	01:34:40.952	Custom indicator #Signal_Bars_v6 EURCAD,H1: loaded successfully
2	01:34:40.961	Custom indicator TrendEnvelopes_v1 EURCAD,H1: loaded successfully
2	01:34:40.968	Custom indicator guppy_multiple_moving_averages EURCAD,H1: loaded successfully
2	01:34:40.977	Custom indicator wedges EURCAD,H1: loaded successfully
2	01:34:40.985	Custom indicator Admiral Pivot EURCAD,H1: loaded successfully
2	01:34:40.993	Custom indicator AutoTrendChannel EURCAD,H1: loaded successfully
2	01:34:41.064	Custom indicator AIMS AO V.2.1 EURCAD,H1: loaded successfully
2	01:34:41.073	Custom indicator IVT_MACD_ZERO_LAG EURCAD,H1: loaded successfully
2	01:34:41.081	Custom indicator RSI Divergence Levels EURCAD,H1: loaded successfully
2	01:34:41.091	Custom indicator JoeChalhoub_FXForecasterV1 EURCAD,H1: loaded successfully
0	01:34:43.942	'27131809': login on AdmiralMarkets-Live through Access Point #4 (ping: 221.31 ms)
0	01:34:48.942	'27131809': login datacenter on AdmiralMarkets-Live through Access Point #4 (ping: 221.31 ms)
0	01:34:50.200	'27131809': previous successful authorization performed from 197.149.36.115
0	01:35:26.812	'27131809': auto connecting to a better access point Access Point #6 (ping is 213.27 ms)
0	01:35:27.986	'27131809': login on AdmiralMarkets-Live through Access Point #6 (ping: 213.27 ms)
0	01:35:33.540	'27131809': login datacenter on AdmiralMarkets-Live through Access Point #6 (ping: 213.27 ms)
0	01:35:35.965	'27131809': previous successful authorization performed from 197.149.36.115
2	01:35:40.040	Custom indicator AIMS Levels V2 [DAX30],M1: removed
2	01:35:40.042	Custom indicator AIMS Entry Alert V1 [DAX30],M1: removed
2	01:35:40.045	Custom indicator CandleTimer [DAX30],M1: removed
2	01:35:40.045	Custom indicator #Signal_Bars_v6 [DAX30],M1: removed
2	01:35:40.047	Custom indicator TrendEnvelopes_v1 [DAX30],M1: removed
2	01:35:40.049	Custom indicator guppy_multiple_moving_averages [DAX30],M1: removed
2	01:35:40.052	Custom indicator wedges [DAX30],M1: removed
2	01:35:40.054	Custom indicator Admiral Pivot [DAX30],M1: removed
2	01:35:40.056	Custom indicator AutoTrendChannel [DAX30],M1: removed
2	01:35:40.056	Custom indicator AIMS AO V.2.1 [DAX30],M1: removed
2	01:35:40.061	Custom indicator IVT_MACD_ZERO_LAG [DAX30],M1: removed
2	01:35:40.063	Custom indicator RSI Divergence Levels [DAX30],M1: removed
2	01:35:40.066	Custom indicator JoeChalhoub_FXForecasterV1 [DAX30],M1: removed
2	01:35:40.070	Custom indicator AIMS Levels V2 [DJI30],M15: removed
2	01:35:40.070	Custom indicator AIMS Entry Alert V1 [DJI30],M15: removed
2	01:35:40.072	Custom indicator CandleTimer [DJI30],M15: removed
2	01:35:40.072	Custom indicator #Signal_Bars_v6 [DJI30],M15: removed
2	01:35:40.074	Custom indicator TrendEnvelopes_v1 [DJI30],M15: removed
2	01:35:40.078	Custom indicator guppy_multiple_moving_averages [DJI30],M15: removed
2	01:35:40.080	Custom indicator wedges [DJI30],M15: removed
2	01:35:40.080	Custom indicator AIMS AO V.2.1 [DJI30],M15: removed
2	01:35:40.082	Custom indicator IVT_MACD_ZERO_LAG [DJI30],M15: removed
2	01:35:40.084	Custom indicator RSI Divergence Levels [DJI30],M15: removed
2	01:35:40.086	Custom indicator JoeChalhoub_FXForecasterV1 [DJI30],M15: removed
2	01:35:40.089	Custom indicator AIMS Levels V2 [DJI30],M1: removed
2	01:35:40.089	Custom indicator AIMS Entry Alert V1 [DJI30],M1: removed
2	01:35:40.092	Custom indicator CandleTimer [DJI30],M1: removed
2	01:35:40.093	Custom indicator #Signal_Bars_v6 [DJI30],M1: removed
2	01:35:40.096	Custom indicator TrendEnvelopes_v1 [DJI30],M1: removed
2	01:35:40.098	Custom indicator guppy_multiple_moving_averages [DJI30],M1: removed
2	01:35:40.100	Custom indicator wedges [DJI30],M1: removed
2	01:35:40.102	Custom indicator Admiral Pivot [DJI30],M1: removed
2	01:35:40.104	Custom indicator AutoTrendChannel [DJI30],M1: removed
2	01:35:40.104	Custom indicator AIMS AO V.2.1 [DJI30],M1: removed
2	01:35:40.106	Custom indicator IVT_MACD_ZERO_LAG [DJI30],M1: removed
2	01:35:40.110	Custom indicator RSI Divergence Levels [DJI30],M1: removed
2	01:35:40.114	Custom indicator JoeChalhoub_FXForecasterV1 [DJI30],M1: removed
2	01:35:40.130	Custom indicator AIMS Levels V2 [DAX30],M1: removed
2	01:35:40.130	Custom indicator AIMS Entry Alert V1 [DAX30],M1: removed
2	01:35:40.132	Custom indicator CandleTimer [DAX30],M1: removed
2	01:35:40.133	Custom indicator #Signal_Bars_v6 [DAX30],M1: removed
2	01:35:40.134	Custom indicator TrendEnvelopes_v1 [DAX30],M1: removed
2	01:35:40.136	Custom indicator guppy_multiple_moving_averages [DAX30],M1: removed
2	01:35:40.139	Custom indicator wedges [DAX30],M1: removed
2	01:35:40.140	Custom indicator AIMS AO V.2.1 [DAX30],M1: removed
2	01:35:40.144	Custom indicator IVT_MACD_ZERO_LAG [DAX30],M1: removed
2	01:35:40.149	Custom indicator RSI Divergence Levels [DAX30],M1: removed
2	01:35:40.152	Custom indicator JoeChalhoub_FXForecasterV1 [DAX30],M1: removed
2	01:35:40.163	Expert !!Sentinel PAT Scanner-v1.01 USDJPY,M15: removed
2	01:35:40.168	Custom indicator Arrow Trend Surfer GBPJPY,Daily: removed
2	01:35:40.169	Custom indicator FlexNewsIndicator GBPJPY,Daily: removed
2	01:35:40.172	Custom indicator AIMS Levels V2 GOLD,M5: removed
2	01:35:40.172	Custom indicator AIMS Entry Alert V1 GOLD,M5: removed
2	01:35:40.174	Custom indicator CandleTimer GOLD,M5: removed
2	01:35:40.174	Custom indicator #Signal_Bars_v6 GOLD,M5: removed
2	01:35:40.178	Custom indicator TrendEnvelopes_v1 GOLD,M5: removed
2	01:35:40.181	Custom indicator guppy_multiple_moving_averages GOLD,M5: removed
2	01:35:40.183	Custom indicator wedges GOLD,M5: removed
2	01:35:40.185	Custom indicator Admiral Pivot GOLD,M5: removed
2	01:35:40.186	Custom indicator AutoTrendChannel GOLD,M5: removed
2	01:35:40.186	Custom indicator AIMS AO V.2.1 GOLD,M5: removed
2	01:35:40.187	Custom indicator IVT_MACD_ZERO_LAG GOLD,M5: removed
2	01:35:40.190	Custom indicator RSI Divergence Levels GOLD,M5: removed
2	01:35:40.195	Custom indicator JoeChalhoub_FXForecasterV1 GOLD,M5: removed
2	01:35:40.199	Custom indicator AIMS Levels V2 [NQ100],M5: removed
2	01:35:40.199	Custom indicator AIMS Entry Alert V1 [NQ100],M5: removed
2	01:35:40.201	Custom indicator CandleTimer [NQ100],M5: removed
2	01:35:40.201	Custom indicator #Signal_Bars_v6 [NQ100],M5: removed
2	01:35:40.202	Custom indicator TrendEnvelopes_v1 [NQ100],M5: removed
2	01:35:40.204	Custom indicator guppy_multiple_moving_averages [NQ100],M5: removed
2	01:35:40.208	Custom indicator wedges [NQ100],M5: removed
2	01:35:40.212	Custom indicator Admiral Pivot [NQ100],M5: removed
2	01:35:40.214	Custom indicator AutoTrendChannel [NQ100],M5: removed
2	01:35:40.214	Custom indicator AIMS AO V.2.1 [NQ100],M5: removed
2	01:35:40.216	Custom indicator IVT_MACD_ZERO_LAG [NQ100],M5: removed
2	01:35:40.218	Custom indicator RSI Divergence Levels [NQ100],M5: removed
2	01:35:40.220	Custom indicator JoeChalhoub_FXForecasterV1 [NQ100],M5: removed
2	01:35:40.226	Custom indicator AIMS Levels V2 USDCHF,M5: removed
2	01:35:40.226	Custom indicator AIMS Entry Alert V1 USDCHF,M5: removed
2	01:35:40.228	Custom indicator CandleTimer USDCHF,M5: removed
2	01:35:40.229	Custom indicator #Signal_Bars_v6 USDCHF,M5: removed
2	01:35:40.230	Custom indicator TrendEnvelopes_v1 USDCHF,M5: removed
2	01:35:40.232	Custom indicator guppy_multiple_moving_averages USDCHF,M5: removed
2	01:35:40.234	Custom indicator wedges USDCHF,M5: removed
2	01:35:40.236	Custom indicator Admiral Pivot USDCHF,M5: removed
2	01:35:40.238	Custom indicator AutoTrendChannel USDCHF,M5: removed
2	01:35:40.238	Custom indicator AIMS AO V.2.1 USDCHF,M5: removed
2	01:35:40.241	Custom indicator IVT_MACD_ZERO_LAG USDCHF,M5: removed
2	01:35:40.244	Custom indicator RSI Divergence Levels USDCHF,M5: removed
2	01:35:40.246	Custom indicator JoeChalhoub_FXForecasterV1 USDCHF,M5: removed
2	01:35:40.251	Expert Admiral - Mini Terminal EURUSD,Daily: removed
2	01:35:40.277	Custom indicator AIMS Levels V2 EURUSD,Daily: removed
2	01:35:40.277	Custom indicator AIMS Entry Alert V1 EURUSD,Daily: removed
2	01:35:40.278	Custom indicator CandleTimer EURUSD,Daily: removed
2	01:35:40.278	Custom indicator #Signal_Bars_v6 EURUSD,Daily: removed
2	01:35:40.280	Custom indicator TrendEnvelopes_v1 EURUSD,Daily: removed
2	01:35:40.281	Custom indicator guppy_multiple_moving_averages EURUSD,Daily: removed
2	01:35:40.283	Custom indicator wedges EURUSD,Daily: removed
2	01:35:40.285	Custom indicator Admiral Pivot EURUSD,Daily: removed
2	01:35:40.287	Custom indicator AutoTrendChannel EURUSD,Daily: removed
2	01:35:40.287	Custom indicator AIMS AO V.2.1 EURUSD,Daily: removed
2	01:35:40.288	Custom indicator IVT_MACD_ZERO_LAG EURUSD,Daily: removed
2	01:35:40.291	Custom indicator RSI Divergence Levels EURUSD,Daily: removed
2	01:35:40.293	Custom indicator JoeChalhoub_FXForecasterV1 EURUSD,Daily: removed
2	01:35:40.298	Custom indicator AIMS Levels V2 EURCAD,H1: removed
2	01:35:40.298	Custom indicator AIMS Entry Alert V1 EURCAD,H1: removed
2	01:35:40.300	Custom indicator CandleTimer EURCAD,H1: removed
2	01:35:40.300	Custom indicator #Signal_Bars_v6 EURCAD,H1: removed
2	01:35:40.302	Custom indicator TrendEnvelopes_v1 EURCAD,H1: removed
2	01:35:40.303	Custom indicator guppy_multiple_moving_averages EURCAD,H1: removed
2	01:35:40.305	Custom indicator wedges EURCAD,H1: removed
2	01:35:40.308	Custom indicator Admiral Pivot EURCAD,H1: removed
2	01:35:40.310	Custom indicator AutoTrendChannel EURCAD,H1: removed
2	01:35:40.310	Custom indicator AIMS AO V.2.1 EURCAD,H1: removed
2	01:35:40.312	Custom indicator IVT_MACD_ZERO_LAG EURCAD,H1: removed
2	01:35:40.314	Custom indicator RSI Divergence Levels EURCAD,H1: removed
2	01:35:40.315	Custom indicator JoeChalhoub_FXForecasterV1 EURCAD,H1: removed
0	01:35:41.376	Admiral Markets build 1280 stopped
