2	04:40:03.572	Custom indicator AIMS Levels V2 USOIL,M1: removed
2	04:40:03.609	Custom indicator AIMS Entry Alert V1 USOIL,M1: removed
2	04:40:03.668	Custom indicator CandleTimer USOIL,M1: removed
2	04:40:03.700	Custom indicator AIMS AO V.2.1 USOIL,M1: removed
2	04:40:03.727	Custom indicator IVT_MACD_ZERO_LAG USOIL,M1: removed
2	04:40:03.729	Custom indicator RSI Divergence Levels USOIL,M1: removed
2	04:40:24.925	Custom indicator TDI Pro Fixed for vitalfx USOIL,M1: loaded successfully
1	05:20:23.026	'14109544': ping failed
0	05:20:24.665	'14109544': login on Exness-Real4 through DC05 (ping: 767.34 ms)
0	05:20:29.090	'14109544': login datacenter on Exness-Real4 through DC05 (ping: 767.34 ms)
0	05:20:30.318	'14109544': previous successful authorization performed from 197.149.37.189
0	05:20:45.626	'14109544': auto connecting to a better access point DC00 (ping is 218.78 ms)
0	05:20:46.588	'14109544': login on Exness-Real4 through DC00 (ping: 218.78 ms)
0	05:20:48.455	'14109544': login datacenter on Exness-Real4 through DC00 (ping: 218.78 ms)
0	05:20:49.360	'14109544': previous successful authorization performed from 197.149.37.148
2	06:11:09.730	Custom indicator TDI Pro Fixed for vitalfx DE30,M1: loaded successfully
2	06:13:50.328	Custom indicator TDI Pro Fixed for vitalfx GBPAUD,H1: loaded successfully
0	06:16:43.073	'14109544': login on Exness-Real4 through DC06 (ping: 301.18 ms)
0	06:16:48.432	'14109544': login datacenter on Exness-Real4 through DC06 (ping: 301.18 ms)
0	06:16:49.137	'14109544': previous successful authorization performed from 220.242.139.62
2	06:22:23.274	Custom indicator EW_ABCD_PRO_fix BTCUSD,H1: loaded successfully
2	06:24:27.856	Custom indicator EW_ABCD_PRO_fix BTCUSD,H1: removed
2	06:24:27.974	Custom indicator AIMS Levels V2 BTCUSD,H1: loaded successfully
2	06:24:28.068	Custom indicator AIMS Entry Alert V1 BTCUSD,H1: loaded successfully
2	06:24:28.090	Custom indicator CandleTimer BTCUSD,H1: loaded successfully
2	06:24:28.171	Custom indicator #Signal_Bars_v6 BTCUSD,H1: loaded successfully
2	06:24:28.290	Custom indicator AIMS AO V.2.1 BTCUSD,H1: loaded successfully
2	06:24:28.302	Custom indicator IVT_MACD_ZERO_LAG BTCUSD,H1: loaded successfully
2	06:24:28.325	Custom indicator RSI Divergence Levels BTCUSD,H1: loaded successfully
2	06:26:38.709	Custom indicator EW_ABCD_PRO_fix BTCUSD,M5: loaded successfully
2	06:27:47.665	Custom indicator AIMS Levels V2 BTCUSD,M5: removed
2	06:27:47.665	Custom indicator AIMS Entry Alert V1 BTCUSD,M5: removed
2	06:27:47.667	Custom indicator CandleTimer BTCUSD,M5: removed
2	06:27:47.667	Custom indicator #Signal_Bars_v6 BTCUSD,M5: removed
2	06:27:47.672	Custom indicator EW_ABCD_PRO_fix BTCUSD,M5: removed
2	06:27:47.672	Custom indicator AIMS AO V.2.1 BTCUSD,M5: removed
2	06:27:47.675	Custom indicator IVT_MACD_ZERO_LAG BTCUSD,M5: removed
2	06:27:47.680	Custom indicator RSI Divergence Levels BTCUSD,M5: removed
2	06:27:53.647	Custom indicator EW_ABCD_PRO_fix BTCUSD,M5: loaded successfully
0	06:28:10.885	HistoryCenter: synchronize 'BTCUSD5'
0	06:28:12.637	HistoryCenter: 2049 bars imported in 'BTCUSD5'
2	06:32:47.942	Custom indicator EW_ABCD_PRO_fix BTCUSD,M5: removed
2	06:32:48.040	Custom indicator AIMS Levels V2 BTCUSD,M5: loaded successfully
2	06:32:48.133	Custom indicator AIMS Entry Alert V1 BTCUSD,M5: loaded successfully
2	06:32:48.142	Custom indicator CandleTimer BTCUSD,M5: loaded successfully
2	06:32:48.234	Custom indicator #Signal_Bars_v6 BTCUSD,M5: loaded successfully
2	06:32:48.326	Custom indicator AIMS AO V.2.1 BTCUSD,M5: loaded successfully
2	06:32:48.340	Custom indicator IVT_MACD_ZERO_LAG BTCUSD,M5: loaded successfully
2	06:32:48.352	Custom indicator RSI Divergence Levels BTCUSD,M5: loaded successfully
0	06:36:54.576	'8221994': login on Exness-Trial2 through DC16 (ping: 329.31 ms)
0	06:36:58.543	'8221994': login datacenter on Exness-Trial2 through DC16 (ping: 329.31 ms)
0	06:36:59.312	'8221994': previous successful authorization performed from 197.149.43.92
0	06:37:07.737	'8221994': auto connecting to a better access point DC00 (ping is 219.70 ms)
0	06:37:08.563	'8221994': login on Exness-Trial2 through DC00 (ping: 219.70 ms)
0	06:37:10.865	'8221994': login datacenter on Exness-Trial2 through DC00 (ping: 219.70 ms)
0	06:37:11.455	'8221994': previous successful authorization performed from 197.149.37.148
2	06:39:23.320	Custom indicator AIMS Levels V2 BTCUSD,H1: removed
2	06:39:23.320	Custom indicator AIMS Entry Alert V1 BTCUSD,H1: removed
2	06:39:23.322	Custom indicator CandleTimer BTCUSD,H1: removed
2	06:39:23.322	Custom indicator #Signal_Bars_v6 BTCUSD,H1: removed
2	06:39:23.322	Custom indicator AIMS AO V.2.1 BTCUSD,H1: removed
2	06:39:23.324	Custom indicator IVT_MACD_ZERO_LAG BTCUSD,H1: removed
2	06:39:23.325	Custom indicator RSI Divergence Levels BTCUSD,H1: removed
0	06:39:55.747	HistoryCenter: synchronize 'BTCUSD60'
0	06:39:56.817	HistoryCenter: 2048 bars imported in 'BTCUSD60'
2	06:40:46.791	Custom indicator Timer-Best BTCUSD,H1: loaded successfully
2	06:40:46.808	Custom indicator Forex Infinity Trend Signals BTCUSD,H1: loaded successfully
2	06:40:46.831	Custom indicator Infinity Multi Pair Spread Monitor BTCUSD,H1: loaded successfully
2	06:40:46.852	Expert Make Money BTCUSD,H1: loaded successfully
0	06:41:26.094	HistoryCenter: synchronize 'BTCUSD1'
0	06:41:27.055	HistoryCenter: 2048 bars imported in 'BTCUSD1'
2	06:43:13.943	Expert Admiral - Mini Terminal DE30,H4: removed
2	06:43:23.269	Custom indicator AIMS Levels V2 DE30,H4: removed
2	06:43:23.284	Custom indicator AIMS Entry Alert V1 DE30,H4: removed
2	06:43:23.306	Custom indicator CandleTimer DE30,H4: removed
2	06:43:23.328	Custom indicator #Signal_Bars_v6 DE30,H4: removed
2	06:43:23.367	Custom indicator Admiral Pivot DE30,H4: removed
2	06:43:23.381	Custom indicator Admiral Pivot DE30,H4: removed
2	06:43:23.413	Custom indicator AIMS AO V.2.1 DE30,H4: removed
2	06:43:23.424	Custom indicator IVT_MACD_ZERO_LAG DE30,H4: removed
2	06:43:23.491	Custom indicator RSI Divergence Levels DE30,H4: removed
2	06:43:23.541	Custom indicator TDI Pro Fixed for vitalfx DE30,H4: removed
2	06:43:23.586	Custom indicator Timer-Best DE30,H4: loaded successfully
2	06:43:23.596	Custom indicator Forex Infinity Trend Signals DE30,H4: loaded successfully
2	06:43:23.607	Custom indicator Infinity Multi Pair Spread Monitor DE30,H4: loaded successfully
2	06:43:23.629	Expert Make Money DE30,H4: loaded successfully
0	06:46:50.903	HistoryCenter: synchronize 'BTCUSD1'
0	06:46:51.648	HistoryCenter: 2 bars imported in 'BTCUSD1'
2	06:48:46.039	Expert Make Money BTCUSD,M1: removed
2	06:48:46.041	Custom indicator Timer-Best BTCUSD,M1: removed
2	06:48:46.043	Custom indicator Forex Infinity Trend Signals BTCUSD,M1: removed
2	06:48:46.044	Custom indicator Infinity Multi Pair Spread Monitor BTCUSD,M1: removed
2	06:48:46.067	Custom indicator Timer-Best BTCUSD,M1: loaded successfully
2	06:48:46.076	Custom indicator Forex Infinity Trend Signals BTCUSD,M1: loaded successfully
2	06:48:46.085	Custom indicator Infinity Multi Pair Spread Monitor BTCUSD,M1: loaded successfully
2	06:48:46.103	Expert Make Money BTCUSD,M1: loaded successfully
0	06:49:01.284	HistoryCenter: synchronize 'BTCUSD1'
0	06:49:01.921	HistoryCenter: 2 bars imported in 'BTCUSD1'
2	06:49:12.641	Expert Make Money BTCUSD,M1: removed
2	06:49:12.643	Custom indicator Timer-Best BTCUSD,M1: removed
2	06:49:12.644	Custom indicator Forex Infinity Trend Signals BTCUSD,M1: removed
2	06:49:12.645	Custom indicator Infinity Multi Pair Spread Monitor BTCUSD,M1: removed
2	06:49:12.716	Custom indicator AIMS Levels V2 BTCUSD,M1: loaded successfully
2	06:49:12.779	Custom indicator AIMS Entry Alert V1 BTCUSD,M1: loaded successfully
2	06:49:12.786	Custom indicator CandleTimer BTCUSD,M1: loaded successfully
2	06:49:12.852	Custom indicator #Signal_Bars_v6 BTCUSD,M1: loaded successfully
2	06:49:12.920	Custom indicator AIMS AO V.2.1 BTCUSD,M1: loaded successfully
2	06:49:12.929	Custom indicator IVT_MACD_ZERO_LAG BTCUSD,M1: loaded successfully
2	06:49:12.939	Custom indicator RSI Divergence Levels BTCUSD,M1: loaded successfully
0	06:49:23.652	'8221994': order buy market 0.50 BTCUSD sl: 0.00 tp: 0.00
0	06:49:24.008	'8221994': order was opened : #244968427 buy 0.50 BTCUSD at 9428.52 sl: 0.00 tp: 0.00
2	06:50:28.696	Custom indicator AIMS Levels V2 BTCUSD,M1: removed
2	06:50:28.696	Custom indicator AIMS Entry Alert V1 BTCUSD,M1: removed
2	06:50:28.698	Custom indicator CandleTimer BTCUSD,M1: removed
2	06:50:28.698	Custom indicator #Signal_Bars_v6 BTCUSD,M1: removed
2	06:50:28.698	Custom indicator AIMS AO V.2.1 BTCUSD,M1: removed
2	06:50:28.699	Custom indicator IVT_MACD_ZERO_LAG BTCUSD,M1: removed
2	06:50:28.701	Custom indicator RSI Divergence Levels BTCUSD,M1: removed
2	06:50:28.721	Custom indicator Timer-Best BTCUSD,M1: loaded successfully
2	06:50:28.730	Custom indicator Forex Infinity Trend Signals BTCUSD,M1: loaded successfully
2	06:50:28.739	Custom indicator Infinity Multi Pair Spread Monitor BTCUSD,M1: loaded successfully
2	06:50:28.756	Expert Make Money BTCUSD,M1: loaded successfully
0	06:50:47.190	'8221994': close order #244968427 buy 0.50 BTCUSD at 9428.52 sl: 0.00 tp: 0.00 at price 0.00
0	06:50:47.487	'8221994': order #244968427 buy 0.50 BTCUSD at 9428.52 sl: 0.00 tp: 0.00 closed at price 9419.90
2	06:54:04.146	Custom indicator AIMS Levels V2 EURUSD,H1: removed
2	06:54:04.161	Custom indicator AIMS Entry Alert V1 EURUSD,H1: removed
2	06:54:04.171	Custom indicator CandleTimer EURUSD,H1: removed
2	06:54:04.186	Custom indicator #Signal_Bars_v6 EURUSD,H1: removed
2	06:54:04.186	Custom indicator AIMS AO V.2.1 EURUSD,H1: removed
2	06:54:04.226	Custom indicator IVT_MACD_ZERO_LAG EURUSD,H1: removed
2	06:54:04.266	Custom indicator RSI Divergence Levels EURUSD,H1: removed
2	06:54:04.306	Custom indicator Timer-Best EURUSD,H1: loaded successfully
2	06:54:04.341	Custom indicator Forex Infinity Trend Signals EURUSD,H1: loaded successfully
2	06:54:04.376	Custom indicator Infinity Multi Pair Spread Monitor EURUSD,H1: loaded successfully
2	06:54:04.391	Expert Make Money EURUSD,H1: loaded successfully
2	07:01:01.560	Custom indicator Timer-Best GBPUSD,M15: loaded successfully
2	07:01:01.569	Custom indicator Forex Infinity Trend Signals GBPUSD,M15: loaded successfully
2	07:01:01.578	Custom indicator Infinity Multi Pair Spread Monitor GBPUSD,M15: loaded successfully
2	07:01:01.623	Expert Make Money GBPUSD,M15: loaded successfully
2	07:04:14.898	Expert Make Money BTCUSD,M1: removed
2	07:04:14.901	Custom indicator Timer-Best BTCUSD,M1: removed
2	07:04:14.903	Custom indicator Forex Infinity Trend Signals BTCUSD,M1: removed
2	07:04:14.905	Custom indicator Infinity Multi Pair Spread Monitor BTCUSD,M1: removed
2	07:04:32.487	Custom indicator Timer-Best BTCUSD,M1: loaded successfully
2	07:04:32.492	Custom indicator Forex Infinity Trend Signals BTCUSD,M1: loaded successfully
2	07:04:32.507	Custom indicator Infinity Multi Pair Spread Monitor BTCUSD,M1: loaded successfully
2	07:04:32.527	Expert Make Money BTCUSD,M1: loaded successfully
0	07:04:53.626	'8221994': order sell market 0.50 BTCUSD sl: 0.00 tp: 0.00
0	07:04:53.917	'8221994': order was opened : #244968512 sell 0.50 BTCUSD at 9390.31 sl: 0.00 tp: 0.00
0	07:05:52.714	HistoryCenter: synchronize 'BTCUSD5'
0	07:05:54.067	HistoryCenter: 2048 bars imported in 'BTCUSD5'
2	07:07:18.010	Expert Make Money BTCUSD,M5: removed
2	07:07:18.013	Custom indicator Timer-Best BTCUSD,M5: removed
2	07:07:18.014	Custom indicator Forex Infinity Trend Signals BTCUSD,M5: removed
2	07:07:18.016	Custom indicator Infinity Multi Pair Spread Monitor BTCUSD,M5: removed
2	07:07:32.583	Custom indicator PZ_CupAndHandle BTCUSD,M5: loaded successfully
0	07:08:00.647	HistoryCenter: synchronize 'BTCUSD15'
0	07:08:01.797	HistoryCenter: 2048 bars imported in 'BTCUSD15'
2	07:08:06.618	Custom indicator PZ_CupAndHandle BTCUSD,M15: removed
2	07:08:06.703	Custom indicator AIMS Levels V2 BTCUSD,M15: loaded successfully
2	07:08:06.780	Custom indicator AIMS Entry Alert V1 BTCUSD,M15: loaded successfully
2	07:08:06.787	Custom indicator CandleTimer BTCUSD,M15: loaded successfully
2	07:08:06.853	Custom indicator #Signal_Bars_v6 BTCUSD,M15: loaded successfully
2	07:08:06.920	Custom indicator AIMS AO V.2.1 BTCUSD,M15: loaded successfully
2	07:08:06.927	Custom indicator IVT_MACD_ZERO_LAG BTCUSD,M15: loaded successfully
2	07:08:06.935	Custom indicator RSI Divergence Levels BTCUSD,M15: loaded successfully
2	07:08:10.787	Custom indicator PZ_CupAndHandle BTCUSD,M15: loaded successfully
0	07:10:04.684	HistoryCenter: synchronize 'AUDJPY60'
0	07:10:05.593	HistoryCenter: 2048 bars imported in 'AUDJPY60'
2	07:10:18.833	Custom indicator PZ_CupAndHandle AUDJPY,H1: loaded successfully
2	07:10:41.396	Custom indicator AIMS Levels V2 BTCUSD,M1: removed
2	07:10:41.396	Custom indicator AIMS Entry Alert V1 BTCUSD,M1: removed
2	07:10:41.396	Custom indicator CandleTimer BTCUSD,M1: removed
2	07:10:41.396	Custom indicator #Signal_Bars_v6 BTCUSD,M1: removed
2	07:10:41.401	Custom indicator PZ_CupAndHandle BTCUSD,M1: removed
2	07:10:41.401	Custom indicator AIMS AO V.2.1 BTCUSD,M1: removed
2	07:10:41.406	Custom indicator IVT_MACD_ZERO_LAG BTCUSD,M1: removed
2	07:10:41.406	Custom indicator RSI Divergence Levels BTCUSD,M1: removed
2	07:10:41.446	Custom indicator Timer-Best BTCUSD,M1: loaded successfully
2	07:10:41.466	Custom indicator Forex Infinity Trend Signals BTCUSD,M1: loaded successfully
2	07:10:41.481	Custom indicator Infinity Multi Pair Spread Monitor BTCUSD,M1: loaded successfully
2	07:10:41.516	Expert Make Money BTCUSD,M1: loaded successfully
2	07:16:54.792	Custom indicator PZ_LopezTrendScanner BTCUSD,M1: loaded successfully
2	07:18:07.215	Custom indicator PZ_LopezTrendScanner BTCUSD,M1: loaded successfully
2	07:18:22.573	Custom indicator PZ_LopezTrendScanner BTCUSD,M1: removed
2	07:18:26.706	Custom indicator PZ_LopezTrend BTCUSD,M1: loaded successfully
2	07:20:37.010	Expert Make Money GBPUSD,M15: removed
2	07:20:37.015	Custom indicator Timer-Best GBPUSD,M15: removed
2	07:20:37.015	Custom indicator Forex Infinity Trend Signals GBPUSD,M15: removed
2	07:20:37.015	Custom indicator Infinity Multi Pair Spread Monitor GBPUSD,M15: removed
2	07:20:37.120	Custom indicator AIMS Levels V2 GBPUSD,M15: loaded successfully
2	07:20:37.195	Custom indicator AIMS Entry Alert V1 GBPUSD,M15: loaded successfully
2	07:20:37.205	Custom indicator CandleTimer GBPUSD,M15: loaded successfully
2	07:20:37.295	Custom indicator #Signal_Bars_v6 GBPUSD,M15: loaded successfully
2	07:20:37.380	Custom indicator AIMS AO V.2.1 GBPUSD,M15: loaded successfully
2	07:20:37.395	Custom indicator IVT_MACD_ZERO_LAG GBPUSD,M15: loaded successfully
2	07:20:37.405	Custom indicator RSI Divergence Levels GBPUSD,M15: loaded successfully
2	07:20:44.664	Custom indicator PZ_LopezTrend GBPUSD,M15: loaded successfully
2	07:24:21.405	Custom indicator PZ_LopezTrend GBPUSD,M1: removed
2	07:24:27.536	Custom indicator PZ_LopezTrendScanner GBPUSD,M1: loaded successfully
2	07:30:24.899	Custom indicator AIMS Levels V2 GBPUSD,M1: removed
2	07:30:24.899	Custom indicator AIMS Entry Alert V1 GBPUSD,M1: removed
2	07:30:24.901	Custom indicator CandleTimer GBPUSD,M1: removed
2	07:30:24.901	Custom indicator #Signal_Bars_v6 GBPUSD,M1: removed
2	07:30:24.902	Custom indicator PZ_LopezTrendScanner GBPUSD,M1: removed
2	07:30:24.902	Custom indicator AIMS AO V.2.1 GBPUSD,M1: removed
2	07:30:24.904	Custom indicator IVT_MACD_ZERO_LAG GBPUSD,M1: removed
2	07:30:24.906	Custom indicator RSI Divergence Levels GBPUSD,M1: removed
2	07:30:54.090	Custom indicator Heiken Ashi GBPUSD,M1: loaded successfully
2	07:30:54.163	Custom indicator CHANNEL GBPUSD,M1: loaded successfully
2	07:30:54.233	Custom indicator TARGET_LINES GBPUSD,M1: loaded successfully
2	07:30:54.310	Custom indicator TREND-REVERS GBPUSD,M1: loaded successfully
2	07:30:54.396	Custom indicator S&R GBPUSD,M1: loaded successfully
2	07:30:54.462	Custom indicator ARROWS GBPUSD,M1: loaded successfully
2	07:32:47.831	Expert Make Money BTCUSD,M1: removed
2	07:32:47.836	Custom indicator Timer-Best BTCUSD,M1: removed
2	07:32:47.836	Custom indicator PZ_LopezTrendScanner BTCUSD,M1: removed
2	07:32:47.841	Custom indicator PZ_LopezTrend BTCUSD,M1: removed
2	07:32:47.846	Custom indicator Forex Infinity Trend Signals BTCUSD,M1: removed
2	07:32:47.846	Custom indicator Infinity Multi Pair Spread Monitor BTCUSD,M1: removed
2	07:32:47.946	Custom indicator Heiken Ashi BTCUSD,M1: loaded successfully
2	07:32:48.046	Custom indicator CHANNEL BTCUSD,M1: loaded successfully
2	07:32:48.148	Custom indicator TARGET_LINES BTCUSD,M1: loaded successfully
2	07:32:48.245	Custom indicator TREND-REVERS BTCUSD,M1: loaded successfully
2	07:32:48.347	Custom indicator S&R BTCUSD,M1: loaded successfully
2	07:32:48.446	Custom indicator ARROWS BTCUSD,M1: loaded successfully
0	07:33:00.738	'8221994': close order #244968512 sell 0.50 BTCUSD at 9390.31 sl: 0.00 tp: 0.00 at price 0.00
0	07:33:01.038	'8221994': order #244968512 sell 0.50 BTCUSD at 9390.31 sl: 0.00 tp: 0.00 closed at price 9385.69
0	07:33:17.702	'8221994': order buy market 0.50 BTCUSD sl: 0.00 tp: 0.00
0	07:33:17.989	'8221994': order was opened : #244968657 buy 0.50 BTCUSD at 9385.09 sl: 0.00 tp: 0.00
0	07:36:53.447	HistoryCenter: synchronize 'BTCUSD60'
0	07:36:54.534	HistoryCenter: 2 bars imported in 'BTCUSD60'
0	07:37:07.158	HistoryCenter: synchronize 'BTCUSD60'
0	07:37:07.883	HistoryCenter: 2 bars imported in 'BTCUSD60'
2	07:37:37.623	Expert Make Money DE30,M15: removed
2	07:37:37.627	Custom indicator Timer-Best DE30,M15: removed
2	07:37:37.659	Custom indicator Forex Infinity Trend Signals DE30,M15: removed
2	07:37:37.661	Custom indicator Infinity Multi Pair Spread Monitor DE30,M15: removed
2	07:37:37.760	Custom indicator Heiken Ashi DE30,M15: loaded successfully
2	07:37:37.859	Custom indicator CHANNEL DE30,M15: loaded successfully
2	07:37:37.955	Custom indicator TARGET_LINES DE30,M15: loaded successfully
2	07:37:38.069	Custom indicator TREND-REVERS DE30,M15: loaded successfully
2	07:37:38.171	Custom indicator S&R DE30,M15: loaded successfully
2	07:37:38.267	Custom indicator ARROWS DE30,M15: loaded successfully
2	07:39:56.437	Expert Admiral - Mini Terminal US30,M1: removed
2	07:40:02.626	Custom indicator AIMS Levels V2 US30,M1: removed
2	07:40:02.626	Custom indicator AIMS Entry Alert V1 US30,M1: removed
2	07:40:02.629	Custom indicator CandleTimer US30,M1: removed
2	07:40:02.650	Custom indicator #Signal_Bars_v6 US30,M1: removed
2	07:40:02.660	Custom indicator AIMS AO V.2.1 US30,M1: removed
2	07:40:02.662	Custom indicator IVT_MACD_ZERO_LAG US30,M1: removed
2	07:40:02.700	Custom indicator RSI Divergence Levels US30,M1: removed
2	07:40:02.785	Custom indicator AIMS Levels V2 US30,M1: loaded successfully
2	07:40:02.876	Custom indicator AIMS Entry Alert V1 US30,M1: loaded successfully
2	07:40:02.885	Custom indicator CandleTimer US30,M1: loaded successfully
2	07:40:02.963	Custom indicator #Signal_Bars_v6 US30,M1: loaded successfully
2	07:40:03.033	Custom indicator AIMS AO V.2.1 US30,M1: loaded successfully
2	07:40:03.045	Custom indicator IVT_MACD_ZERO_LAG US30,M1: loaded successfully
2	07:40:03.057	Custom indicator RSI Divergence Levels US30,M1: loaded successfully
2	07:40:49.805	Custom indicator Heikin Ashi US30,M1: loaded successfully
2	07:42:03.844	Custom indicator Heikin Ashi US30,M1: removed
2	07:42:59.744	Custom indicator Heiken Ashi DE30,H1: removed
2	07:42:59.744	Custom indicator CHANNEL DE30,H1: removed
2	07:42:59.744	Custom indicator TARGET_LINES DE30,H1: removed
2	07:42:59.744	Custom indicator TREND-REVERS DE30,H1: removed
2	07:42:59.744	Custom indicator S&R DE30,H1: removed
2	07:42:59.744	Custom indicator ARROWS DE30,H1: removed
2	07:42:59.867	Custom indicator Heiken Ashi DE30,H1: loaded successfully
2	07:42:59.980	Custom indicator CHANNEL DE30,H1: loaded successfully
2	07:43:00.115	Custom indicator TARGET_LINES DE30,H1: loaded successfully
2	07:43:00.247	Custom indicator TREND-REVERS DE30,H1: loaded successfully
2	07:43:00.352	Custom indicator S&R DE30,H1: loaded successfully
2	07:43:00.447	Custom indicator ARROWS DE30,H1: loaded successfully
2	07:45:43.200	Custom indicator AIMS Levels V2 GBPAUD,M15: removed
2	07:45:43.210	Custom indicator AIMS Entry Alert V1 GBPAUD,M15: removed
2	07:45:43.215	Custom indicator CandleTimer GBPAUD,M15: removed
2	07:45:43.245	Custom indicator #Signal_Bars_v6 GBPAUD,M15: removed
2	07:45:43.245	Custom indicator AIMS AO V.2.1 GBPAUD,M15: removed
2	07:45:43.250	Custom indicator IVT_MACD_ZERO_LAG GBPAUD,M15: removed
2	07:45:43.255	Custom indicator RSI Divergence Levels GBPAUD,M15: removed
2	07:45:43.260	Custom indicator TDI Pro Fixed for vitalfx GBPAUD,M15: removed
2	07:45:43.430	Custom indicator Heiken Ashi GBPAUD,M15: loaded successfully
2	07:45:43.590	Custom indicator CHANNEL GBPAUD,M15: loaded successfully
2	07:45:43.735	Custom indicator TARGET_LINES GBPAUD,M15: loaded successfully
2	07:45:43.856	Custom indicator TREND-REVERS GBPAUD,M15: loaded successfully
2	07:45:43.972	Custom indicator S&R GBPAUD,M15: loaded successfully
2	07:45:44.100	Custom indicator ARROWS GBPAUD,M15: loaded successfully
2	07:47:30.268	Custom indicator Heiken Ashi GBPAUD,H1: removed
2	07:47:30.268	Custom indicator CHANNEL GBPAUD,H1: removed
2	07:47:30.268	Custom indicator TARGET_LINES GBPAUD,H1: removed
2	07:47:30.268	Custom indicator TREND-REVERS GBPAUD,H1: removed
2	07:47:30.268	Custom indicator S&R GBPAUD,H1: removed
2	07:47:30.268	Custom indicator ARROWS GBPAUD,H1: removed
2	07:47:30.387	Custom indicator Heiken Ashi GBPAUD,H1: loaded successfully
2	07:47:30.520	Custom indicator CHANNEL GBPAUD,H1: loaded successfully
2	07:47:30.636	Custom indicator TARGET_LINES GBPAUD,H1: loaded successfully
2	07:47:30.752	Custom indicator TREND-REVERS GBPAUD,H1: loaded successfully
2	07:47:30.867	Custom indicator S&R GBPAUD,H1: loaded successfully
2	07:47:30.981	Custom indicator ARROWS GBPAUD,H1: loaded successfully
2	07:47:58.368	Expert Make Money EURUSD,M1: removed
2	07:47:58.378	Custom indicator Timer-Best EURUSD,M1: removed
2	07:47:58.378	Custom indicator Forex Infinity Trend Signals EURUSD,M1: removed
2	07:47:58.383	Custom indicator Infinity Multi Pair Spread Monitor EURUSD,M1: removed
2	07:47:58.473	Custom indicator Heiken Ashi EURUSD,M1: loaded successfully
2	07:47:58.563	Custom indicator CHANNEL EURUSD,M1: loaded successfully
2	07:47:58.653	Custom indicator TARGET_LINES EURUSD,M1: loaded successfully
2	07:47:58.733	Custom indicator TREND-REVERS EURUSD,M1: loaded successfully
2	07:47:58.807	Custom indicator S&R EURUSD,M1: loaded successfully
2	07:47:58.884	Custom indicator ARROWS EURUSD,M1: loaded successfully
0	07:48:23.841	HistoryCenter: synchronize 'GBPUSD60'
0	07:48:25.095	HistoryCenter: 2111 bars imported in 'GBPUSD60'
2	07:48:36.746	Custom indicator Heiken Ashi GBPUSD,H1: removed
2	07:48:36.746	Custom indicator CHANNEL GBPUSD,H1: removed
2	07:48:36.746	Custom indicator TARGET_LINES GBPUSD,H1: removed
2	07:48:36.746	Custom indicator TREND-REVERS GBPUSD,H1: removed
2	07:48:36.746	Custom indicator S&R GBPUSD,H1: removed
2	07:48:36.746	Custom indicator ARROWS GBPUSD,H1: removed
2	07:48:36.758	Custom indicator WATR GBPUSD,H1: loaded successfully
2	07:48:36.767	Custom indicator Xi-VLines20v1.02 GBPUSD,H1: loaded successfully
2	07:48:36.839	Custom indicator EWPro GBPUSD,H1: loaded successfully
2	07:48:36.847	Custom indicator #RSI_CANDLE GBPUSD,H1: loaded successfully
2	07:48:36.856	Custom indicator !MoneyLine2 GBPUSD,H1: loaded successfully
2	07:48:36.927	Custom indicator #MT TrendLine GBPUSD,H1: loaded successfully
2	07:48:37.001	Custom indicator FXSmooth EURUSD GBPUSD,H1: loaded successfully
2	07:48:37.069	Custom indicator T3_CCI_ divergence_v1 GBPUSD,H1: loaded successfully
2	07:48:43.371	Custom indicator WATR GBPUSD,H1: removed
2	07:48:43.372	Custom indicator Xi-VLines20v1.02 GBPUSD,H1: removed
2	07:48:43.372	Custom indicator EWPro GBPUSD,H1: removed
2	07:48:43.374	Custom indicator #RSI_CANDLE GBPUSD,H1: removed
2	07:48:43.375	Custom indicator !MoneyLine2 GBPUSD,H1: removed
2	07:48:43.375	Custom indicator #MT TrendLine GBPUSD,H1: removed
2	07:48:43.375	Custom indicator FXSmooth EURUSD GBPUSD,H1: removed
2	07:48:43.375	Custom indicator T3_CCI_ divergence_v1 GBPUSD,H1: removed
2	07:48:43.447	Custom indicator Heiken Ashi GBPUSD,H1: loaded successfully
2	07:48:43.512	Custom indicator CHANNEL GBPUSD,H1: loaded successfully
2	07:48:43.577	Custom indicator TARGET_LINES GBPUSD,H1: loaded successfully
2	07:48:43.640	Custom indicator TREND-REVERS GBPUSD,H1: loaded successfully
2	07:48:43.705	Custom indicator S&R GBPUSD,H1: loaded successfully
2	07:48:43.768	Custom indicator ARROWS GBPUSD,H1: loaded successfully
2	07:49:10.568	Custom indicator Heiken Ashi GBPAUD,H1: removed
2	07:49:10.568	Custom indicator CHANNEL GBPAUD,H1: removed
2	07:49:10.568	Custom indicator TARGET_LINES GBPAUD,H1: removed
2	07:49:10.568	Custom indicator TREND-REVERS GBPAUD,H1: removed
2	07:49:10.568	Custom indicator S&R GBPAUD,H1: removed
2	07:49:10.568	Custom indicator ARROWS GBPAUD,H1: removed
2	07:49:10.635	Custom indicator AIMS Levels V2 GBPAUD,H1: loaded successfully
2	07:49:10.700	Custom indicator AIMS Entry Alert V1 GBPAUD,H1: loaded successfully
2	07:49:10.707	Custom indicator CandleTimer GBPAUD,H1: loaded successfully
2	07:49:10.770	Custom indicator #Signal_Bars_v6 GBPAUD,H1: loaded successfully
2	07:49:10.835	Custom indicator AIMS AO V.2.1 GBPAUD,H1: loaded successfully
2	07:49:10.842	Custom indicator IVT_MACD_ZERO_LAG GBPAUD,H1: loaded successfully
2	07:49:10.851	Custom indicator RSI Divergence Levels GBPAUD,H1: loaded successfully
2	07:49:17.655	Custom indicator AIMS Levels V2 GBPAUD,H1: removed
2	07:49:17.655	Custom indicator AIMS Entry Alert V1 GBPAUD,H1: removed
2	07:49:17.657	Custom indicator CandleTimer GBPAUD,H1: removed
2	07:49:17.657	Custom indicator #Signal_Bars_v6 GBPAUD,H1: removed
2	07:49:17.657	Custom indicator AIMS AO V.2.1 GBPAUD,H1: removed
2	07:49:17.659	Custom indicator IVT_MACD_ZERO_LAG GBPAUD,H1: removed
2	07:49:17.660	Custom indicator RSI Divergence Levels GBPAUD,H1: removed
2	07:49:17.728	Custom indicator Heiken Ashi GBPAUD,H1: loaded successfully
2	07:49:17.791	Custom indicator CHANNEL GBPAUD,H1: loaded successfully
2	07:49:17.855	Custom indicator TARGET_LINES GBPAUD,H1: loaded successfully
2	07:49:17.918	Custom indicator TREND-REVERS GBPAUD,H1: loaded successfully
2	07:49:17.979	Custom indicator S&R GBPAUD,H1: loaded successfully
2	07:49:18.040	Custom indicator ARROWS GBPAUD,H1: loaded successfully
0	07:52:11.800	HistoryCenter: synchronize 'GBPAUD30'
0	07:52:12.804	HistoryCenter: 2048 bars imported in 'GBPAUD30'
0	08:00:20.048	'8221994': modify order #244968657 buy 0.50 BTCUSD at 9385.09 sl: 0.00 tp: 0.00 -> sl: 9379.13 tp: 0.00
0	08:00:20.348	'8221994': order #244968657 buy 0.50 BTCUSD at 9385.09 was modified -> sl: 9379.13 tp: 0.00
1	08:00:27.045	'8221994': modification of order #244968657 buy 0.50 BTCUSD at 9385.09 sl: 9379.13 tp: 0.00 -> sl: 9385.70 tp: 0.00 failed [Invalid S/L or T/P]
1	08:00:31.286	'8221994': modification of order #244968657 buy 0.50 BTCUSD at 9385.09 sl: 9379.13 tp: 0.00 -> sl: 9385.13 tp: 0.00 failed [Invalid S/L or T/P]
2	08:02:13.913	Custom indicator AIMS Levels V2 US30,M1: removed
2	08:02:13.913	Custom indicator AIMS Entry Alert V1 US30,M1: removed
2	08:02:13.915	Custom indicator CandleTimer US30,M1: removed
2	08:02:13.915	Custom indicator #Signal_Bars_v6 US30,M1: removed
2	08:02:13.915	Custom indicator AIMS AO V.2.1 US30,M1: removed
2	08:02:13.917	Custom indicator IVT_MACD_ZERO_LAG US30,M1: removed
2	08:02:13.920	Custom indicator RSI Divergence Levels US30,M1: removed
2	08:02:13.997	Custom indicator Heiken Ashi US30,M1: loaded successfully
2	08:02:14.063	Custom indicator CHANNEL US30,M1: loaded successfully
2	08:02:14.137	Custom indicator TARGET_LINES US30,M1: loaded successfully
2	08:02:14.214	Custom indicator TREND-REVERS US30,M1: loaded successfully
2	08:02:14.281	Custom indicator S&R US30,M1: loaded successfully
2	08:02:14.348	Custom indicator ARROWS US30,M1: loaded successfully
2	08:02:49.089	Custom indicator Heiken Ashi US30,M1: removed
2	08:02:49.089	Custom indicator CHANNEL US30,M1: removed
2	08:02:49.090	Custom indicator TARGET_LINES US30,M1: removed
2	08:02:49.090	Custom indicator TREND-REVERS US30,M1: removed
2	08:02:49.090	Custom indicator S&R US30,M1: removed
2	08:02:49.090	Custom indicator ARROWS US30,M1: removed
2	08:02:49.191	Custom indicator Heiken Ashi US30,M1: loaded successfully
2	08:02:49.259	Custom indicator CHANNEL US30,M1: loaded successfully
2	08:02:49.336	Custom indicator TARGET_LINES US30,M1: loaded successfully
2	08:02:49.402	Custom indicator TREND-REVERS US30,M1: loaded successfully
2	08:02:49.469	Custom indicator S&R US30,M1: loaded successfully
2	08:02:49.535	Custom indicator ARROWS US30,M1: loaded successfully
2	08:03:05.114	Custom indicator Heiken Ashi US30,M1: removed
2	08:03:05.114	Custom indicator CHANNEL US30,M1: removed
2	08:03:05.114	Custom indicator TARGET_LINES US30,M1: removed
2	08:03:05.114	Custom indicator TREND-REVERS US30,M1: removed
2	08:03:05.114	Custom indicator S&R US30,M1: removed
2	08:03:05.114	Custom indicator ARROWS US30,M1: removed
0	08:03:09.621	HistoryCenter: synchronize 'US301'
0	08:03:11.607	HistoryCenter: 5985 bars imported in 'US301'
2	08:03:24.336	Custom indicator AIMS Levels V2 FR40,M1: removed
2	08:03:24.336	Custom indicator AIMS Entry Alert V1 FR40,M1: removed
2	08:03:24.338	Custom indicator CandleTimer FR40,M1: removed
2	08:03:24.355	Custom indicator #Signal_Bars_v6 FR40,M1: removed
2	08:03:24.355	Custom indicator AIMS AO V.2.1 FR40,M1: removed
2	08:03:24.367	Custom indicator IVT_MACD_ZERO_LAG FR40,M1: removed
2	08:03:24.369	Custom indicator RSI Divergence Levels FR40,M1: removed
2	08:03:24.447	Custom indicator Heiken Ashi FR40,M1: loaded successfully
2	08:03:24.514	Custom indicator CHANNEL FR40,M1: loaded successfully
2	08:03:24.582	Custom indicator TARGET_LINES FR40,M1: loaded successfully
2	08:03:24.648	Custom indicator TREND-REVERS FR40,M1: loaded successfully
2	08:03:24.714	Custom indicator S&R FR40,M1: loaded successfully
2	08:03:24.779	Custom indicator ARROWS FR40,M1: loaded successfully
0	08:04:48.948	'8221994': login on Exness-Trial2 through DC00 (ping: 219.70 ms)
0	08:04:50.591	'8221994': login datacenter on Exness-Trial2 through DC00 (ping: 219.70 ms)
0	08:04:51.158	'8221994': previous successful authorization performed from 197.149.37.148
0	08:05:00.737	'8221994': ping to current access point DC00 is 208.44 ms
2	08:05:29.605	Custom indicator Heiken Ashi US30,H4: loaded successfully
2	08:05:29.728	Custom indicator CHANNEL US30,H4: loaded successfully
2	08:05:29.847	Custom indicator TARGET_LINES US30,H4: loaded successfully
2	08:05:29.947	Custom indicator TREND-REVERS US30,H4: loaded successfully
2	08:05:30.043	Custom indicator S&R US30,H4: loaded successfully
2	08:05:30.146	Custom indicator ARROWS US30,H4: loaded successfully
0	08:07:36.759	'8221994': modify order #244968657 buy 0.50 BTCUSD at 9385.09 sl: 9379.13 tp: 0.00 -> sl: 9379.13 tp: 9429.72
0	08:07:37.075	'8221994': order #244968657 buy 0.50 BTCUSD at 9385.09 was modified -> sl: 9379.13 tp: 9429.72
0	08:07:54.509	'8221994': order buy market 2.00 BTCUSD sl: 0.00 tp: 0.00
0	08:07:54.836	'8221994': order was opened : #244968826 buy 2.00 BTCUSD at 9410.30 sl: 0.00 tp: 0.00
0	08:08:05.648	'8221994': modify order #244968826 buy 2.00 BTCUSD at 9410.30 sl: 0.00 tp: 0.00 -> sl: 0.00 tp: 9435.73
0	08:08:05.948	'8221994': order #244968826 buy 2.00 BTCUSD at 9410.30 was modified -> sl: 0.00 tp: 9435.73
0	08:08:25.310	'8221994': modify order #244968657 buy 0.50 BTCUSD at 9385.09 sl: 9379.13 tp: 9429.72 -> sl: 9379.13 tp: 9437.44
0	08:08:25.640	'8221994': order #244968657 buy 0.50 BTCUSD at 9385.09 was modified -> sl: 9379.13 tp: 9437.44
2	08:14:01.827	Custom indicator Heiken Ashi BTCUSD,M1: removed
2	08:14:01.827	Custom indicator CHANNEL BTCUSD,M1: removed
2	08:14:01.827	Custom indicator TARGET_LINES BTCUSD,M1: removed
2	08:14:01.827	Custom indicator TREND-REVERS BTCUSD,M1: removed
2	08:14:01.827	Custom indicator S&R BTCUSD,M1: removed
2	08:14:01.827	Custom indicator ARROWS BTCUSD,M1: removed
2	08:14:01.901	Custom indicator Buy-Sell_Alerts BTCUSD,M1: loaded successfully
2	08:14:01.925	Custom indicator NWO 2.0_fix BTCUSD,M1: loaded successfully
2	08:14:01.937	Custom indicator NWO TREND 2.0_fix BTCUSD,M1: loaded successfully
2	08:14:01.947	Custom indicator NWO AR 2.0_fix BTCUSD,M1: loaded successfully
2	08:14:01.959	Custom indicator Timer-Best BTCUSD,M1: loaded successfully
2	08:15:26.288	Custom indicator Buy-Sell_Alerts BTCUSD,H1: removed
2	08:15:26.293	Custom indicator NWO 2.0_fix BTCUSD,H1: removed
2	08:15:26.293	Custom indicator NWO TREND 2.0_fix BTCUSD,H1: removed
2	08:15:26.293	Custom indicator NWO AR 2.0_fix BTCUSD,H1: removed
2	08:15:26.293	Custom indicator Timer-Best BTCUSD,H1: removed
2	08:15:26.376	Custom indicator Heiken Ashi BTCUSD,H1: loaded successfully
2	08:15:26.445	Custom indicator CHANNEL BTCUSD,H1: loaded successfully
2	08:15:26.523	Custom indicator TARGET_LINES BTCUSD,H1: loaded successfully
2	08:15:26.593	Custom indicator TREND-REVERS BTCUSD,H1: loaded successfully
2	08:15:26.658	Custom indicator S&R BTCUSD,H1: loaded successfully
2	08:15:26.728	Custom indicator ARROWS BTCUSD,H1: loaded successfully
0	08:15:46.131	'8221994': order #244968657 buy 0.50 BTCUSD at 9385.09 closed due stop-loss at price 9379.13
0	08:16:12.985	'8221994': modify order #244968826 buy 2.00 BTCUSD at 9410.30 sl: 0.00 tp: 9435.73 -> sl: 0.00 tp: 9571.59
0	08:16:13.286	'8221994': order #244968826 buy 2.00 BTCUSD at 9410.30 was modified -> sl: 0.00 tp: 9571.59
2	08:21:14.878	Custom indicator Heiken Ashi BTCUSD,H1: removed
2	08:21:14.878	Custom indicator CHANNEL BTCUSD,H1: removed
2	08:21:14.878	Custom indicator TARGET_LINES BTCUSD,H1: removed
2	08:21:14.878	Custom indicator TREND-REVERS BTCUSD,H1: removed
2	08:21:14.878	Custom indicator S&R BTCUSD,H1: removed
2	08:21:14.878	Custom indicator ARROWS BTCUSD,H1: removed
2	08:21:14.889	Custom indicator EDx BTCUSD,H1: loaded successfully
2	08:21:14.899	Custom indicator ESr2 BTCUSD,H1: loaded successfully
2	08:21:14.909	Custom indicator ETr2 BTCUSD,H1: loaded successfully
2	08:23:12.639	Custom indicator Heiken Ashi DE30,H1: removed
2	08:23:12.640	Custom indicator CHANNEL DE30,H1: removed
2	08:23:12.640	Custom indicator TARGET_LINES DE30,H1: removed
2	08:23:12.640	Custom indicator TREND-REVERS DE30,H1: removed
2	08:23:12.640	Custom indicator S&R DE30,H1: removed
2	08:23:12.640	Custom indicator ARROWS DE30,H1: removed
2	08:23:12.664	Custom indicator EDx DE30,H1: loaded successfully
2	08:23:12.675	Custom indicator ESr2 DE30,H1: loaded successfully
2	08:23:12.694	Custom indicator ETr2 DE30,H1: loaded successfully
2	08:25:07.117	Custom indicator Heiken Ashi GBPAUD,M5: removed
2	08:25:07.117	Custom indicator CHANNEL GBPAUD,M5: removed
2	08:25:07.117	Custom indicator TARGET_LINES GBPAUD,M5: removed
2	08:25:07.117	Custom indicator TREND-REVERS GBPAUD,M5: removed
2	08:25:07.117	Custom indicator S&R GBPAUD,M5: removed
2	08:25:07.117	Custom indicator ARROWS GBPAUD,M5: removed
2	08:25:07.130	Custom indicator EDx GBPAUD,M5: loaded successfully
2	08:25:07.142	Custom indicator ESr2 GBPAUD,M5: loaded successfully
2	08:25:07.152	Custom indicator ETr2 GBPAUD,M5: loaded successfully
2	08:34:18.425	Custom indicator EDx BTCUSD,M1: removed
2	08:34:18.427	Custom indicator ESr2 BTCUSD,M1: removed
2	08:34:18.428	Custom indicator ETr2 BTCUSD,M1: removed
2	08:34:18.498	Custom indicator Forex Millionaire Indicator BTCUSD,M1: loaded successfully
2	08:34:18.508	Custom indicator CTimer_V5 BTCUSD,M1: loaded successfully
2	08:36:17.430	Custom indicator EDx DE30,M5: removed
2	08:36:17.432	Custom indicator ESr2 DE30,M5: removed
2	08:36:17.434	Custom indicator ETr2 DE30,M5: removed
2	08:36:17.510	Custom indicator Forex Millionaire Indicator DE30,M5: loaded successfully
2	08:36:17.519	Custom indicator CTimer_V5 DE30,M5: loaded successfully
2	08:42:49.299	Custom indicator Reversal Diamond v2.0 fix DE30,M1: loaded successfully
2	08:43:02.535	Custom indicator Reversal Diamond v2.0 fix DE30,M1: removed
2	08:43:21.768	Custom indicator Reversal Diamond v2.0 fix EURJPY,H1: loaded successfully
2	08:43:24.146	Custom indicator Reversal Diamond v2.0 fix EURJPY,H1: removed
2	09:55:40.748	Custom indicator Forex Millionaire Indicator BTCUSD,H1: removed
2	09:55:40.750	Custom indicator CTimer_V5 BTCUSD,H1: removed
2	09:55:40.764	Custom indicator EDx BTCUSD,H1: loaded successfully
2	09:55:40.773	Custom indicator ESr2 BTCUSD,H1: loaded successfully
2	09:55:40.783	Custom indicator ETr2 BTCUSD,H1: loaded successfully
2	09:55:51.373	Custom indicator EDx BTCUSD,H1: removed
2	09:55:51.375	Custom indicator ESr2 BTCUSD,H1: removed
2	09:55:51.377	Custom indicator ETr2 BTCUSD,H1: removed
2	09:55:51.489	Custom indicator Heiken Ashi BTCUSD,H1: loaded successfully
2	09:55:51.603	Custom indicator CHANNEL BTCUSD,H1: loaded successfully
2	09:55:51.724	Custom indicator TARGET_LINES BTCUSD,H1: loaded successfully
2	09:55:51.842	Custom indicator TREND-REVERS BTCUSD,H1: loaded successfully
2	09:55:51.973	Custom indicator S&R BTCUSD,H1: loaded successfully
2	09:55:52.095	Custom indicator ARROWS BTCUSD,H1: loaded successfully
0	09:56:20.544	'8221994': close order #244968826 buy 2.00 BTCUSD at 9410.30 sl: 0.00 tp: 9571.59 at price 0.00
0	09:56:20.937	'8221994': order #244968826 buy 2.00 BTCUSD at 9410.30 sl: 0.00 tp: 9571.59 closed at price 9421.80
0	09:56:32.415	'8221994': order sell market 2.00 BTCUSD sl: 0.00 tp: 0.00
0	09:56:33.875	'8221994': order was opened : #244969377 sell 2.00 BTCUSD at 9421.00 sl: 0.00 tp: 0.00
1	09:56:42.296	'8221994': modification of order #244969377 sell 2.00 BTCUSD at 9421.00 sl: 0.00 tp: 0.00 -> sl: 9429.71 tp: 0.00 failed [Invalid S/L or T/P]
1	09:56:51.491	'8221994': modification of order #244969377 sell 2.00 BTCUSD at 9421.00 sl: 0.00 tp: 0.00 -> sl: 9433.20 tp: 0.00 failed [Invalid S/L or T/P]
0	09:57:04.961	'8221994': modify order #244969377 sell 2.00 BTCUSD at 9421.00 sl: 0.00 tp: 0.00 -> sl: 9546.58 tp: 0.00
0	09:57:05.271	'8221994': order #244969377 sell 2.00 BTCUSD at 9421.00 was modified -> sl: 9546.58 tp: 0.00
0	10:46:08.382	'8221994': close order #244969377 sell 2.00 BTCUSD at 9421.00 sl: 9546.58 tp: 0.00 at price 0.00
0	10:46:09.076	'8221994': order #244969377 sell 2.00 BTCUSD at 9421.00 sl: 9546.58 tp: 0.00 closed at price 9435.70
2	10:47:27.013	Custom indicator TOP_Ultimate_Breakout BTCUSD,M1: loaded successfully
0	10:57:41.075	'8221994': order sell market 2.00 BTCUSD sl: 0.00 tp: 0.00
0	10:57:41.375	'8221994': order was opened : #244969650 sell 2.00 BTCUSD at 9437.00 sl: 0.00 tp: 0.00
1	10:58:09.331	'8221994': modification of order #244969650 sell 2.00 BTCUSD at 9437.00 sl: 0.00 tp: 0.00 -> sl: 9440.79 tp: 0.00 failed [Invalid S/L or T/P]
0	10:58:18.327	'8221994': modify order #244969650 sell 2.00 BTCUSD at 9437.00 sl: 0.00 tp: 0.00 -> sl: 0.00 tp: 9418.98
0	10:58:18.853	'8221994': order #244969650 sell 2.00 BTCUSD at 9437.00 was modified -> sl: 0.00 tp: 9418.98
0	11:01:36.478	HistoryCenter: synchronize 'BTCUSD30'
0	11:01:38.297	HistoryCenter: 2048 bars imported in 'BTCUSD30'
2	11:02:00.331	Custom indicator Heiken Ashi BTCUSD,M30: removed
2	11:02:00.331	Custom indicator CHANNEL BTCUSD,M30: removed
2	11:02:00.331	Custom indicator TARGET_LINES BTCUSD,M30: removed
2	11:02:00.331	Custom indicator TREND-REVERS BTCUSD,M30: removed
2	11:02:00.331	Custom indicator S&R BTCUSD,M30: removed
2	11:02:00.377	Custom indicator ARROWS BTCUSD,M30: removed
2	11:02:00.400	Custom indicator TOP_Ultimate_Breakout BTCUSD,M30: removed
2	11:02:00.488	Custom indicator Heiken Ashi BTCUSD,M30: loaded successfully
2	11:02:00.553	Custom indicator CHANNEL BTCUSD,M30: loaded successfully
2	11:02:00.619	Custom indicator TARGET_LINES BTCUSD,M30: loaded successfully
2	11:02:00.684	Custom indicator TREND-REVERS BTCUSD,M30: loaded successfully
2	11:02:00.756	Custom indicator S&R BTCUSD,M30: loaded successfully
2	11:02:00.822	Custom indicator ARROWS BTCUSD,M30: loaded successfully
0	13:27:17.970	'8221994': order #244969650 sell 2.00 BTCUSD at 9437.00 closed due take-profit at price 9418.98
0	13:29:47.921	'8221994': order buy market 2.00 BTCUSD sl: 0.00 tp: 0.00
0	13:29:48.630	'8221994': order was opened : #244970853 buy 2.00 BTCUSD at 9420.56 sl: 0.00 tp: 0.00
0	13:30:02.030	'8221994': modify order #244970853 buy 2.00 BTCUSD at 9420.56 sl: 0.00 tp: 0.00 -> sl: 0.00 tp: 9442.81
0	13:30:03.122	'8221994': order #244970853 buy 2.00 BTCUSD at 9420.56 was modified -> sl: 0.00 tp: 9442.81
0	13:43:28.020	'8221994': order #244970853 buy 2.00 BTCUSD at 9420.56 closed due take-profit at price 9442.81
0	13:57:43.670	'8221994': order sell market 2.00 BTCUSD sl: 0.00 tp: 0.00
0	13:57:44.386	'8221994': order was opened : #244971045 sell 2.00 BTCUSD at 9418.65 sl: 0.00 tp: 0.00
0	13:58:01.875	'8221994': modify order #244971045 sell 2.00 BTCUSD at 9418.65 sl: 0.00 tp: 0.00 -> sl: 0.00 tp: 9398.92
0	13:58:02.211	'8221994': order #244971045 sell 2.00 BTCUSD at 9418.65 was modified -> sl: 0.00 tp: 9398.92
1	14:13:04.140	'8221994': modification of order #244971045 sell 2.00 BTCUSD at 9418.65 sl: 0.00 tp: 9398.92 -> sl: 0.00 tp: 9414.90 failed [Invalid S/L or T/P]
1	14:13:08.158	'8221994': modification of order #244971045 sell 2.00 BTCUSD at 9418.65 sl: 0.00 tp: 9398.92 -> sl: 9422.09 tp: 9398.92 failed [Invalid S/L or T/P]
0	14:22:31.139	'8221994': order #244971045 sell 2.00 BTCUSD at 9418.65 closed due take-profit at price 9398.92
0	15:22:53.100	'8221994': order buy market 2.00 BTCUSD sl: 0.00 tp: 0.00
0	15:22:53.406	'8221994': order was opened : #244971763 buy 2.00 BTCUSD at 9435.39 sl: 0.00 tp: 0.00
0	15:23:04.023	'8221994': modify order #244971763 buy 2.00 BTCUSD at 9435.39 sl: 0.00 tp: 0.00 -> sl: 0.00 tp: 9466.58
0	15:23:04.476	'8221994': order #244971763 buy 2.00 BTCUSD at 9435.39 was modified -> sl: 0.00 tp: 9466.58
0	15:23:13.933	'8221994': modify order #244971763 buy 2.00 BTCUSD at 9435.39 sl: 0.00 tp: 9466.58 -> sl: 9358.23 tp: 9466.58
0	15:23:14.326	'8221994': order #244971763 buy 2.00 BTCUSD at 9435.39 was modified -> sl: 9358.23 tp: 9466.58
2	15:56:14.077	Custom indicator Heiken Ashi BTCUSD,M30: removed
2	15:56:14.078	Custom indicator CHANNEL BTCUSD,M30: removed
2	15:56:14.078	Custom indicator TARGET_LINES BTCUSD,M30: removed
2	15:56:14.078	Custom indicator TREND-REVERS BTCUSD,M30: removed
2	15:56:14.098	Custom indicator S&R BTCUSD,M30: removed
2	15:56:14.098	Custom indicator ARROWS BTCUSD,M30: removed
2	15:56:14.125	Custom indicator Agims BTCUSD,M30: loaded successfully
2	15:56:25.903	Custom indicator Agims BTCUSD,M30: removed
2	15:57:06.095	Custom indicator CCI RSI  V.4 BTCUSD,M30: loaded successfully
3	15:57:06.095	Expert 'CCI RSI  V.4' is not custom indicator and will be removed
2	15:57:06.097	Custom indicator CCI RSI  V.4 BTCUSD,M30: removed
2	15:57:09.391	Custom indicator CCI RSI  V.4 BTCUSD,M30: loaded successfully
3	15:57:09.391	Expert 'CCI RSI  V.4' is not custom indicator and will be removed
2	15:57:09.392	Custom indicator CCI RSI  V.4 BTCUSD,M30: removed
2	15:57:45.608	Expert CCI RSI  V.4 BTCUSD,M30: loaded successfully
2	15:58:11.511	Expert CCI RSI  V.4 BTCUSD,M30: removed
2	15:58:18.109	Expert CCI RSI evolution_fix BTCUSD,M30: loaded successfully
2	16:28:16.208	Expert CCI RSI evolution_fix BTCUSD,H1: removed
2	16:32:22.883	Custom indicator Ichimoku BTCUSD,H1: loaded successfully
2	16:32:36.468	Custom indicator Ichimoku BTCUSD,H1: removed
2	16:32:36.618	Custom indicator ABT 5M 15M\Bollinger Bands BTCUSD,H1: loaded successfully
2	16:32:36.636	Custom indicator ABT 5M 15M\CandleCountdown BTCUSD,H1: loaded successfully
2	16:32:36.706	Custom indicator ABT 5M 15M\TrendIdentifier BTCUSD,H1: loaded successfully
2	16:32:36.750	Custom indicator ABT 5M 15M\SupportResistance M5 BTCUSD,H1: loaded successfully
2	16:32:36.802	Custom indicator ABT 5M 15M\RSHILLMA BTCUSD,H1: loaded successfully
2	16:32:36.913	Custom indicator ABT 5M 15M\VC BTCUSD,H1: loaded successfully
2	16:32:36.984	Custom indicator ABT 5M 15M\WAextreme BTCUSD,H1: loaded successfully
2	16:32:47.776	Custom indicator Bollinger Bands BTCUSD,H1: removed
2	16:32:47.777	Custom indicator CandleCountdown BTCUSD,H1: removed
2	16:32:47.778	Custom indicator TrendIdentifier BTCUSD,H1: removed
2	16:32:47.779	Custom indicator SupportResistance M5 BTCUSD,H1: removed
2	16:32:47.780	Custom indicator RSHILLMA BTCUSD,H1: removed
2	16:32:47.780	Custom indicator VC BTCUSD,H1: removed
2	16:32:47.780	Custom indicator WAextreme BTCUSD,H1: removed
2	16:32:47.809	Custom indicator Ichimoku BTCUSD,H1: loaded successfully
2	16:35:49.455	Custom indicator Ichimoku BTCUSD,H1: removed
2	16:35:49.466	Custom indicator #LURCH_SRv5 BTCUSD,H1: loaded successfully
2	16:35:49.476	Custom indicator Schaff Trend Cycle BTCUSD,H1: loaded successfully
2	16:35:49.483	Custom indicator CCI BTCUSD,H1: loaded successfully
2	16:35:49.493	Custom indicator Schaff Trend Cycle BTCUSD,H1: loaded successfully
2	16:36:47.585	Custom indicator #LURCH_SRv5 BTCUSD,H1: removed
2	16:36:47.587	Custom indicator Schaff Trend Cycle BTCUSD,H1: removed
2	16:36:47.588	Custom indicator CCI BTCUSD,H1: removed
2	16:36:47.590	Custom indicator Schaff Trend Cycle BTCUSD,H1: removed
2	16:36:47.635	Custom indicator Ichimoku BTCUSD,H1: loaded successfully
2	16:36:47.662	Custom indicator candlestick BTCUSD,H1: loaded successfully
2	16:36:47.678	Custom indicator GannHiLo-Histo BTCUSD,H1: loaded successfully
2	16:36:47.781	Custom indicator BetterVolume 1.5a Alerts mod BTCUSD,H1: loaded successfully
2	16:36:47.790	Custom indicator GG-RSI-CCI1 BTCUSD,H1: loaded successfully
2	16:37:43.991	Custom indicator Forex Millionaire Indicator DE30,M1: removed
2	16:37:44.069	Custom indicator CTimer_V5 DE30,M1: removed
2	16:37:44.094	Custom indicator Ichimoku DE30,M1: loaded successfully
2	16:37:44.117	Custom indicator candlestick DE30,M1: loaded successfully
2	16:37:44.123	Custom indicator GannHiLo-Histo DE30,M1: loaded successfully
2	16:37:44.166	Custom indicator BetterVolume 1.5a Alerts mod DE30,M1: loaded successfully
2	16:37:44.193	Custom indicator GG-RSI-CCI1 DE30,M1: loaded successfully
2	16:38:50.236	Custom indicator AIMS Levels V2 AUDJPY,H1: removed
2	16:38:50.246	Custom indicator AIMS Entry Alert V1 AUDJPY,H1: removed
2	16:38:50.309	Custom indicator CandleTimer AUDJPY,H1: removed
2	16:38:50.408	Custom indicator #Signal_Bars_v6 AUDJPY,H1: removed
2	16:38:50.410	Custom indicator PZ_CupAndHandle AUDJPY,H1: removed
2	16:38:50.410	Custom indicator AIMS AO V.2.1 AUDJPY,H1: removed
2	16:38:50.495	Custom indicator IVT_MACD_ZERO_LAG AUDJPY,H1: removed
2	16:38:50.515	Custom indicator RSI Divergence Levels AUDJPY,H1: removed
2	16:38:50.549	Custom indicator Ichimoku AUDJPY,H1: loaded successfully
2	16:38:50.572	Custom indicator candlestick AUDJPY,H1: loaded successfully
2	16:38:50.621	Custom indicator GannHiLo-Histo AUDJPY,H1: loaded successfully
2	16:38:50.695	Custom indicator BetterVolume 1.5a Alerts mod AUDJPY,H1: loaded successfully
2	16:38:50.725	Custom indicator GG-RSI-CCI1 AUDJPY,H1: loaded successfully
2	16:39:16.533	Custom indicator GG-RSI-CCI1 AUDJPY,H1: removed
2	16:39:30.752	Custom indicator BetterVolume 1.5a Alerts mod AUDJPY,H1: removed
2	16:39:40.974	Custom indicator candlestick AUDJPY,H1: removed
2	16:39:50.037	Custom indicator Ichimoku AUDJPY,H1: removed
2	16:39:50.038	Custom indicator GannHiLo-Histo AUDJPY,H1: removed
2	16:39:50.048	Custom indicator Ichimoku AUDJPY,H1: loaded successfully
2	16:39:50.055	Custom indicator candlestick AUDJPY,H1: loaded successfully
2	16:39:50.065	Custom indicator GannHiLo-Histo AUDJPY,H1: loaded successfully
2	16:39:50.099	Custom indicator BetterVolume 1.5a Alerts mod AUDJPY,H1: loaded successfully
2	16:39:50.109	Custom indicator GG-RSI-CCI1 AUDJPY,H1: loaded successfully
2	16:40:14.520	Custom indicator candlestick AUDJPY,H1: removed
2	16:41:01.956	Custom indicator Ichimoku BTCUSD,H1: removed
2	16:41:01.958	Custom indicator candlestick BTCUSD,H1: removed
2	16:41:01.959	Custom indicator GannHiLo-Histo BTCUSD,H1: removed
2	16:41:01.959	Custom indicator BetterVolume 1.5a Alerts mod BTCUSD,H1: removed
2	16:41:01.960	Custom indicator GG-RSI-CCI1 BTCUSD,H1: removed
2	16:41:01.971	Custom indicator Ichimoku BTCUSD,H1: loaded successfully
2	16:41:01.977	Custom indicator GannHiLo-Histo BTCUSD,H1: loaded successfully
2	16:41:02.011	Custom indicator BetterVolume 1.5a Alerts mod BTCUSD,H1: loaded successfully
2	16:41:02.021	Custom indicator GG-RSI-CCI1 BTCUSD,H1: loaded successfully
2	16:41:29.965	Custom indicator Ichimoku BTCUSD,M15: removed
2	16:41:29.966	Custom indicator GannHiLo-Histo BTCUSD,M15: removed
2	16:41:29.967	Custom indicator BetterVolume 1.5a Alerts mod BTCUSD,M15: removed
2	16:41:29.968	Custom indicator GG-RSI-CCI1 BTCUSD,M15: removed
2	16:41:30.042	Custom indicator Heiken Ashi BTCUSD,M15: loaded successfully
2	16:41:30.113	Custom indicator CHANNEL BTCUSD,M15: loaded successfully
2	16:41:30.183	Custom indicator TARGET_LINES BTCUSD,M15: loaded successfully
2	16:41:30.254	Custom indicator TREND-REVERS BTCUSD,M15: loaded successfully
2	16:41:30.325	Custom indicator S&R BTCUSD,M15: loaded successfully
2	16:41:30.427	Custom indicator ARROWS BTCUSD,M15: loaded successfully
2	16:45:00.850	Custom indicator Heiken Ashi BTCUSD,M15: removed
2	16:45:00.850	Custom indicator CHANNEL BTCUSD,M15: removed
2	16:45:00.850	Custom indicator TARGET_LINES BTCUSD,M15: removed
2	16:45:00.850	Custom indicator TREND-REVERS BTCUSD,M15: removed
2	16:45:00.850	Custom indicator S&R BTCUSD,M15: removed
2	16:45:00.850	Custom indicator ARROWS BTCUSD,M15: removed
2	16:45:00.863	Custom indicator FX Eagle Dashboard BTCUSD,M15: loaded successfully
2	16:45:00.904	Custom indicator FX Eagle Signal BTCUSD,M15: loaded successfully
1	17:39:01.859	'8221994': ping failed
1	17:39:01.982	'8221994': datacenter connecting failed [6]
1	17:39:02.237	'8221994': connect failed [Connection échouée]
0	18:35:08.612	'8221994': login on Exness-Trial2 through DC00 (ping: n/a)
0	18:35:10.402	'8221994': login datacenter on Exness-Trial2 through DC00 (ping: n/a)
0	18:35:11.242	'8221994': previous successful authorization performed from 197.149.37.148
0	18:35:19.157	'8221994': ping to current access point DC00 is 207.56 ms
2	20:48:44.041	Custom indicator Heiken Ashi BTCUSD,H1: loaded successfully
2	20:48:44.110	Custom indicator CHANNEL BTCUSD,H1: loaded successfully
2	20:48:44.176	Custom indicator TARGET_LINES BTCUSD,H1: loaded successfully
2	20:48:44.241	Custom indicator TREND-REVERS BTCUSD,H1: loaded successfully
2	20:48:44.311	Custom indicator S&R BTCUSD,H1: loaded successfully
2	20:48:44.386	Custom indicator ARROWS BTCUSD,H1: loaded successfully
0	20:49:50.174	'8221994': modify order #244971763 buy 2.00 BTCUSD at 9435.39 sl: 9358.23 tp: 9466.58 -> sl: 9358.23 tp: 9459.84
0	20:49:50.503	'8221994': order #244971763 buy 2.00 BTCUSD at 9435.39 was modified -> sl: 9358.23 tp: 9459.84
0	20:49:54.357	'8221994': close order #244971763 buy 2.00 BTCUSD at 9435.39 sl: 9358.23 tp: 9459.84 at price 0.00
0	20:49:54.687	'8221994': order #244971763 buy 2.00 BTCUSD at 9435.39 sl: 9358.23 tp: 9459.84 closed at price 9434.30
