0	08:17:00.195	Migration: copied from 'C:\Program Files (x86)\Admiral Markets MT4\config\terminal.ini' to 'C:\Users\SRIE\AppData\Roaming\MetaQuotes\Terminal\51337600F56B69473E15EAFB8A7586B4\config\terminal.ini'
0	08:17:00.195	Migration: copied from 'C:\Program Files (x86)\Admiral Markets MT4\config\AdmiralMarkets-Demo.srv' to 'C:\Users\SRIE\AppData\Roaming\MetaQuotes\Terminal\51337600F56B69473E15EAFB8A7586B4\config\AdmiralMarkets-Demo.srv'
0	08:17:00.196	Migration: copied from 'C:\Program Files (x86)\Admiral Markets MT4\config\AdmiralMarkets-Live.srv' to 'C:\Users\SRIE\AppData\Roaming\MetaQuotes\Terminal\51337600F56B69473E15EAFB8A7586B4\config\AdmiralMarkets-Live.srv'
0	08:17:00.197	Migration: copied from 'C:\Program Files (x86)\Admiral Markets MT4\config\AdmiralMarkets-Live2.srv' to 'C:\Users\SRIE\AppData\Roaming\MetaQuotes\Terminal\51337600F56B69473E15EAFB8A7586B4\config\AdmiralMarkets-Live2.srv'
0	08:17:00.197	Migration: copied from 'C:\Program Files (x86)\Admiral Markets MT4\config\AdmiralMarkets-Live3.srv' to 'C:\Users\SRIE\AppData\Roaming\MetaQuotes\Terminal\51337600F56B69473E15EAFB8A7586B4\config\AdmiralMarkets-Live3.srv'
0	08:17:00.197	Migration: config folder copied from 'C:\Program Files (x86)\Admiral Markets MT4' to 'C:\Users\SRIE\AppData\Roaming\MetaQuotes\Terminal\51337600F56B69473E15EAFB8A7586B4'
0	08:17:00.200	Migration: copied from 'C:\Program Files (x86)\Admiral Markets MT4\history\default\EURUSD240.hst' to 'C:\Users\SRIE\AppData\Roaming\MetaQuotes\Terminal\51337600F56B69473E15EAFB8A7586B4\history\default\EURUSD240.hst'
0	08:17:00.201	Migration: copied from 'C:\Program Files (x86)\Admiral Markets MT4\history\default\GBPUSD240.hst' to 'C:\Users\SRIE\AppData\Roaming\MetaQuotes\Terminal\51337600F56B69473E15EAFB8A7586B4\history\default\GBPUSD240.hst'
0	08:17:00.202	Migration: copied from 'C:\Program Files (x86)\Admiral Markets MT4\history\default\USDCHF240.hst' to 'C:\Users\SRIE\AppData\Roaming\MetaQuotes\Terminal\51337600F56B69473E15EAFB8A7586B4\history\default\USDCHF240.hst'
0	08:17:00.203	Migration: copied from 'C:\Program Files (x86)\Admiral Markets MT4\history\default\USDJPY240.hst' to 'C:\Users\SRIE\AppData\Roaming\MetaQuotes\Terminal\51337600F56B69473E15EAFB8A7586B4\history\default\USDJPY240.hst'
0	08:17:00.207	Migration: copied from 'C:\Program Files (x86)\Admiral Markets MT4\history\default\symbols.sel' to 'C:\Users\SRIE\AppData\Roaming\MetaQuotes\Terminal\51337600F56B69473E15EAFB8A7586B4\history\default\symbols.sel'
0	08:17:00.208	Migration: copied from 'C:\Program Files (x86)\Admiral Markets MT4\history\default\symbols.raw' to 'C:\Users\SRIE\AppData\Roaming\MetaQuotes\Terminal\51337600F56B69473E15EAFB8A7586B4\history\default\symbols.raw'
0	08:17:00.209	Migration: copied from 'C:\Program Files (x86)\Admiral Markets MT4\history\default\symgroups.raw' to 'C:\Users\SRIE\AppData\Roaming\MetaQuotes\Terminal\51337600F56B69473E15EAFB8A7586B4\history\default\symgroups.raw'
0	08:17:00.210	Migration: history folder copied from 'C:\Program Files (x86)\Admiral Markets MT4' to 'C:\Users\SRIE\AppData\Roaming\MetaQuotes\Terminal\51337600F56B69473E15EAFB8A7586B4'
0	08:17:00.211	Migration: copied from 'C:\Program Files (x86)\Admiral Markets MT4\history\default\EURUSD240.hst' to 'C:\Users\SRIE\AppData\Roaming\MetaQuotes\Terminal\51337600F56B69473E15EAFB8A7586B4\history\default\EURUSD240.hst'
0	08:17:00.211	Migration: copied from 'C:\Program Files (x86)\Admiral Markets MT4\history\default\GBPUSD240.hst' to 'C:\Users\SRIE\AppData\Roaming\MetaQuotes\Terminal\51337600F56B69473E15EAFB8A7586B4\history\default\GBPUSD240.hst'
0	08:17:00.212	Migration: copied from 'C:\Program Files (x86)\Admiral Markets MT4\history\default\symbols.raw' to 'C:\Users\SRIE\AppData\Roaming\MetaQuotes\Terminal\51337600F56B69473E15EAFB8A7586B4\history\default\symbols.raw'
0	08:17:00.212	Migration: copied from 'C:\Program Files (x86)\Admiral Markets MT4\history\default\symbols.sel' to 'C:\Users\SRIE\AppData\Roaming\MetaQuotes\Terminal\51337600F56B69473E15EAFB8A7586B4\history\default\symbols.sel'
0	08:17:00.213	Migration: copied from 'C:\Program Files (x86)\Admiral Markets MT4\history\default\symgroups.raw' to 'C:\Users\SRIE\AppData\Roaming\MetaQuotes\Terminal\51337600F56B69473E15EAFB8A7586B4\history\default\symgroups.raw'
0	08:17:00.213	Migration: copied from 'C:\Program Files (x86)\Admiral Markets MT4\history\default\USDCHF240.hst' to 'C:\Users\SRIE\AppData\Roaming\MetaQuotes\Terminal\51337600F56B69473E15EAFB8A7586B4\history\default\USDCHF240.hst'
0	08:17:00.214	Migration: copied from 'C:\Program Files (x86)\Admiral Markets MT4\history\default\USDJPY240.hst' to 'C:\Users\SRIE\AppData\Roaming\MetaQuotes\Terminal\51337600F56B69473E15EAFB8A7586B4\history\default\USDJPY240.hst'
0	08:17:00.215	Migration: copied from 'C:\Program Files (x86)\Admiral Markets MT4\history\symbolsets\forex.set' to 'C:\Users\SRIE\AppData\Roaming\MetaQuotes\Terminal\51337600F56B69473E15EAFB8A7586B4\history\symbolsets\forex.set'
0	08:17:00.215	Migration: copied from 'C:\Program Files (x86)\Admiral Markets MT4\history\symbolsets\forexall.set' to 'C:\Users\SRIE\AppData\Roaming\MetaQuotes\Terminal\51337600F56B69473E15EAFB8A7586B4\history\symbolsets\forexall.set'
0	08:17:00.216	Migration: copied from 'C:\Program Files (x86)\Admiral Markets MT4\history\mailbox\1356998400.arabic' to 'C:\Users\SRIE\AppData\Roaming\MetaQuotes\Terminal\51337600F56B69473E15EAFB8A7586B4\history\mailbox\1356998400.arabic'
0	08:17:00.217	Migration: copied from 'C:\Program Files (x86)\Admiral Markets MT4\history\mailbox\1356998401.bulgarian' to 'C:\Users\SRIE\AppData\Roaming\MetaQuotes\Terminal\51337600F56B69473E15EAFB8A7586B4\history\mailbox\1356998401.bulgarian'
0	08:17:00.218	Migration: copied from 'C:\Program Files (x86)\Admiral Markets MT4\history\mailbox\1356998402.chinese (simplified)' to 'C:\Users\SRIE\AppData\Roaming\MetaQuotes\Terminal\51337600F56B69473E15EAFB8A7586B4\history\mailbox\1356998402.chinese (simplified)'
0	08:17:00.218	Migration: copied from 'C:\Program Files (x86)\Admiral Markets MT4\history\mailbox\1356998403.chinese (traditional)' to 'C:\Users\SRIE\AppData\Roaming\MetaQuotes\Terminal\51337600F56B69473E15EAFB8A7586B4\history\mailbox\1356998403.chinese (traditional)'
0	08:17:00.219	Migration: copied from 'C:\Program Files (x86)\Admiral Markets MT4\history\mailbox\1356998404.czech' to 'C:\Users\SRIE\AppData\Roaming\MetaQuotes\Terminal\51337600F56B69473E15EAFB8A7586B4\history\mailbox\1356998404.czech'
0	08:17:00.220	Migration: copied from 'C:\Program Files (x86)\Admiral Markets MT4\history\mailbox\1356998405.english' to 'C:\Users\SRIE\AppData\Roaming\MetaQuotes\Terminal\51337600F56B69473E15EAFB8A7586B4\history\mailbox\1356998405.english'
0	08:17:00.220	Migration: copied from 'C:\Program Files (x86)\Admiral Markets MT4\history\mailbox\1356998406.french' to 'C:\Users\SRIE\AppData\Roaming\MetaQuotes\Terminal\51337600F56B69473E15EAFB8A7586B4\history\mailbox\1356998406.french'
0	08:17:00.221	Migration: copied from 'C:\Program Files (x86)\Admiral Markets MT4\history\mailbox\1356998407.german' to 'C:\Users\SRIE\AppData\Roaming\MetaQuotes\Terminal\51337600F56B69473E15EAFB8A7586B4\history\mailbox\1356998407.german'
0	08:17:00.221	Migration: copied from 'C:\Program Files (x86)\Admiral Markets MT4\history\mailbox\1356998408.greek' to 'C:\Users\SRIE\AppData\Roaming\MetaQuotes\Terminal\51337600F56B69473E15EAFB8A7586B4\history\mailbox\1356998408.greek'
0	08:17:00.222	Migration: copied from 'C:\Program Files (x86)\Admiral Markets MT4\history\mailbox\1356998409.hebrew' to 'C:\Users\SRIE\AppData\Roaming\MetaQuotes\Terminal\51337600F56B69473E15EAFB8A7586B4\history\mailbox\1356998409.hebrew'
0	08:17:00.224	Migration: copied from 'C:\Program Files (x86)\Admiral Markets MT4\history\mailbox\1356998410.hungarian' to 'C:\Users\SRIE\AppData\Roaming\MetaQuotes\Terminal\51337600F56B69473E15EAFB8A7586B4\history\mailbox\1356998410.hungarian'
0	08:17:00.225	Migration: copied from 'C:\Program Files (x86)\Admiral Markets MT4\history\mailbox\1356998411.indonesian' to 'C:\Users\SRIE\AppData\Roaming\MetaQuotes\Terminal\51337600F56B69473E15EAFB8A7586B4\history\mailbox\1356998411.indonesian'
0	08:17:00.226	Migration: copied from 'C:\Program Files (x86)\Admiral Markets MT4\history\mailbox\1356998412.italian' to 'C:\Users\SRIE\AppData\Roaming\MetaQuotes\Terminal\51337600F56B69473E15EAFB8A7586B4\history\mailbox\1356998412.italian'
0	08:17:00.227	Migration: copied from 'C:\Program Files (x86)\Admiral Markets MT4\history\mailbox\1356998413.japanese' to 'C:\Users\SRIE\AppData\Roaming\MetaQuotes\Terminal\51337600F56B69473E15EAFB8A7586B4\history\mailbox\1356998413.japanese'
0	08:17:00.228	Migration: copied from 'C:\Program Files (x86)\Admiral Markets MT4\history\mailbox\1356998414.malay' to 'C:\Users\SRIE\AppData\Roaming\MetaQuotes\Terminal\51337600F56B69473E15EAFB8A7586B4\history\mailbox\1356998414.malay'
0	08:17:00.228	Migration: copied from 'C:\Program Files (x86)\Admiral Markets MT4\history\mailbox\1356998415.polish' to 'C:\Users\SRIE\AppData\Roaming\MetaQuotes\Terminal\51337600F56B69473E15EAFB8A7586B4\history\mailbox\1356998415.polish'
0	08:17:00.228	Migration: copied from 'C:\Program Files (x86)\Admiral Markets MT4\history\mailbox\1356998416.portuguese' to 'C:\Users\SRIE\AppData\Roaming\MetaQuotes\Terminal\51337600F56B69473E15EAFB8A7586B4\history\mailbox\1356998416.portuguese'
0	08:17:00.229	Migration: copied from 'C:\Program Files (x86)\Admiral Markets MT4\history\mailbox\1356998417.russian' to 'C:\Users\SRIE\AppData\Roaming\MetaQuotes\Terminal\51337600F56B69473E15EAFB8A7586B4\history\mailbox\1356998417.russian'
0	08:17:00.230	Migration: copied from 'C:\Program Files (x86)\Admiral Markets MT4\history\mailbox\1356998418.slovenian' to 'C:\Users\SRIE\AppData\Roaming\MetaQuotes\Terminal\51337600F56B69473E15EAFB8A7586B4\history\mailbox\1356998418.slovenian'
0	08:17:00.231	Migration: copied from 'C:\Program Files (x86)\Admiral Markets MT4\history\mailbox\1356998419.spanish' to 'C:\Users\SRIE\AppData\Roaming\MetaQuotes\Terminal\51337600F56B69473E15EAFB8A7586B4\history\mailbox\1356998419.spanish'
0	08:17:00.231	Migration: copied from 'C:\Program Files (x86)\Admiral Markets MT4\history\mailbox\1356998420.tajik' to 'C:\Users\SRIE\AppData\Roaming\MetaQuotes\Terminal\51337600F56B69473E15EAFB8A7586B4\history\mailbox\1356998420.tajik'
0	08:17:00.232	Migration: copied from 'C:\Program Files (x86)\Admiral Markets MT4\history\mailbox\1356998421.thai' to 'C:\Users\SRIE\AppData\Roaming\MetaQuotes\Terminal\51337600F56B69473E15EAFB8A7586B4\history\mailbox\1356998421.thai'
0	08:17:00.233	Migration: copied from 'C:\Program Files (x86)\Admiral Markets MT4\history\mailbox\1356998422.turkish' to 'C:\Users\SRIE\AppData\Roaming\MetaQuotes\Terminal\51337600F56B69473E15EAFB8A7586B4\history\mailbox\1356998422.turkish'
0	08:17:00.234	Migration: copied from 'C:\Program Files (x86)\Admiral Markets MT4\history\mailbox\1356998423.uzbek' to 'C:\Users\SRIE\AppData\Roaming\MetaQuotes\Terminal\51337600F56B69473E15EAFB8A7586B4\history\mailbox\1356998423.uzbek'
0	08:17:00.234	Migration: copied from 'C:\Program Files (x86)\Admiral Markets MT4\history\mailbox\1356998424.vietnamese' to 'C:\Users\SRIE\AppData\Roaming\MetaQuotes\Terminal\51337600F56B69473E15EAFB8A7586B4\history\mailbox\1356998424.vietnamese'
0	08:17:00.235	Migration: copied from 'C:\Program Files (x86)\Admiral Markets MT4\history\mailbox\1356998425.arabic' to 'C:\Users\SRIE\AppData\Roaming\MetaQuotes\Terminal\51337600F56B69473E15EAFB8A7586B4\history\mailbox\1356998425.arabic'
0	08:17:00.236	Migration: copied from 'C:\Program Files (x86)\Admiral Markets MT4\history\mailbox\1356998426.bulgarian' to 'C:\Users\SRIE\AppData\Roaming\MetaQuotes\Terminal\51337600F56B69473E15EAFB8A7586B4\history\mailbox\1356998426.bulgarian'
0	08:17:00.237	Migration: copied from 'C:\Program Files (x86)\Admiral Markets MT4\history\mailbox\1356998427.chinese (simplified)' to 'C:\Users\SRIE\AppData\Roaming\MetaQuotes\Terminal\51337600F56B69473E15EAFB8A7586B4\history\mailbox\1356998427.chinese (simplified)'
0	08:17:00.238	Migration: copied from 'C:\Program Files (x86)\Admiral Markets MT4\history\mailbox\1356998428.chinese (traditional)' to 'C:\Users\SRIE\AppData\Roaming\MetaQuotes\Terminal\51337600F56B69473E15EAFB8A7586B4\history\mailbox\1356998428.chinese (traditional)'
0	08:17:00.239	Migration: copied from 'C:\Program Files (x86)\Admiral Markets MT4\history\mailbox\1356998429.czech' to 'C:\Users\SRIE\AppData\Roaming\MetaQuotes\Terminal\51337600F56B69473E15EAFB8A7586B4\history\mailbox\1356998429.czech'
0	08:17:00.240	Migration: copied from 'C:\Program Files (x86)\Admiral Markets MT4\history\mailbox\1356998430.english' to 'C:\Users\SRIE\AppData\Roaming\MetaQuotes\Terminal\51337600F56B69473E15EAFB8A7586B4\history\mailbox\1356998430.english'
0	08:17:00.240	Migration: copied from 'C:\Program Files (x86)\Admiral Markets MT4\history\mailbox\1356998431.french' to 'C:\Users\SRIE\AppData\Roaming\MetaQuotes\Terminal\51337600F56B69473E15EAFB8A7586B4\history\mailbox\1356998431.french'
0	08:17:00.241	Migration: copied from 'C:\Program Files (x86)\Admiral Markets MT4\history\mailbox\1356998432.german' to 'C:\Users\SRIE\AppData\Roaming\MetaQuotes\Terminal\51337600F56B69473E15EAFB8A7586B4\history\mailbox\1356998432.german'
0	08:17:00.241	Migration: copied from 'C:\Program Files (x86)\Admiral Markets MT4\history\mailbox\1356998433.greek' to 'C:\Users\SRIE\AppData\Roaming\MetaQuotes\Terminal\51337600F56B69473E15EAFB8A7586B4\history\mailbox\1356998433.greek'
0	08:17:00.242	Migration: copied from 'C:\Program Files (x86)\Admiral Markets MT4\history\mailbox\1356998434.hebrew' to 'C:\Users\SRIE\AppData\Roaming\MetaQuotes\Terminal\51337600F56B69473E15EAFB8A7586B4\history\mailbox\1356998434.hebrew'
0	08:17:00.243	Migration: copied from 'C:\Program Files (x86)\Admiral Markets MT4\history\mailbox\1356998435.hungarian' to 'C:\Users\SRIE\AppData\Roaming\MetaQuotes\Terminal\51337600F56B69473E15EAFB8A7586B4\history\mailbox\1356998435.hungarian'
0	08:17:00.243	Migration: copied from 'C:\Program Files (x86)\Admiral Markets MT4\history\mailbox\1356998436.indonesian' to 'C:\Users\SRIE\AppData\Roaming\MetaQuotes\Terminal\51337600F56B69473E15EAFB8A7586B4\history\mailbox\1356998436.indonesian'
0	08:17:00.244	Migration: copied from 'C:\Program Files (x86)\Admiral Markets MT4\history\mailbox\1356998437.italian' to 'C:\Users\SRIE\AppData\Roaming\MetaQuotes\Terminal\51337600F56B69473E15EAFB8A7586B4\history\mailbox\1356998437.italian'
0	08:17:00.245	Migration: copied from 'C:\Program Files (x86)\Admiral Markets MT4\history\mailbox\1356998438.japanese' to 'C:\Users\SRIE\AppData\Roaming\MetaQuotes\Terminal\51337600F56B69473E15EAFB8A7586B4\history\mailbox\1356998438.japanese'
0	08:17:00.246	Migration: copied from 'C:\Program Files (x86)\Admiral Markets MT4\history\mailbox\1356998439.malay' to 'C:\Users\SRIE\AppData\Roaming\MetaQuotes\Terminal\51337600F56B69473E15EAFB8A7586B4\history\mailbox\1356998439.malay'
0	08:17:00.246	Migration: copied from 'C:\Program Files (x86)\Admiral Markets MT4\history\mailbox\1356998440.polish' to 'C:\Users\SRIE\AppData\Roaming\MetaQuotes\Terminal\51337600F56B69473E15EAFB8A7586B4\history\mailbox\1356998440.polish'
0	08:17:00.247	Migration: copied from 'C:\Program Files (x86)\Admiral Markets MT4\history\mailbox\1356998441.portuguese' to 'C:\Users\SRIE\AppData\Roaming\MetaQuotes\Terminal\51337600F56B69473E15EAFB8A7586B4\history\mailbox\1356998441.portuguese'
0	08:17:00.249	Migration: copied from 'C:\Program Files (x86)\Admiral Markets MT4\history\mailbox\1356998442.russian' to 'C:\Users\SRIE\AppData\Roaming\MetaQuotes\Terminal\51337600F56B69473E15EAFB8A7586B4\history\mailbox\1356998442.russian'
0	08:17:00.250	Migration: copied from 'C:\Program Files (x86)\Admiral Markets MT4\history\mailbox\1356998443.slovenian' to 'C:\Users\SRIE\AppData\Roaming\MetaQuotes\Terminal\51337600F56B69473E15EAFB8A7586B4\history\mailbox\1356998443.slovenian'
0	08:17:00.251	Migration: copied from 'C:\Program Files (x86)\Admiral Markets MT4\history\mailbox\1356998444.spanish' to 'C:\Users\SRIE\AppData\Roaming\MetaQuotes\Terminal\51337600F56B69473E15EAFB8A7586B4\history\mailbox\1356998444.spanish'
0	08:17:00.252	Migration: copied from 'C:\Program Files (x86)\Admiral Markets MT4\history\mailbox\1356998445.tajik' to 'C:\Users\SRIE\AppData\Roaming\MetaQuotes\Terminal\51337600F56B69473E15EAFB8A7586B4\history\mailbox\1356998445.tajik'
0	08:17:00.253	Migration: copied from 'C:\Program Files (x86)\Admiral Markets MT4\history\mailbox\1356998446.thai' to 'C:\Users\SRIE\AppData\Roaming\MetaQuotes\Terminal\51337600F56B69473E15EAFB8A7586B4\history\mailbox\1356998446.thai'
0	08:17:00.253	Migration: copied from 'C:\Program Files (x86)\Admiral Markets MT4\history\mailbox\1356998447.turkish' to 'C:\Users\SRIE\AppData\Roaming\MetaQuotes\Terminal\51337600F56B69473E15EAFB8A7586B4\history\mailbox\1356998447.turkish'
0	08:17:00.254	Migration: copied from 'C:\Program Files (x86)\Admiral Markets MT4\history\mailbox\1356998448.uzbek' to 'C:\Users\SRIE\AppData\Roaming\MetaQuotes\Terminal\51337600F56B69473E15EAFB8A7586B4\history\mailbox\1356998448.uzbek'
0	08:17:00.256	Migration: copied from 'C:\Program Files (x86)\Admiral Markets MT4\history\mailbox\1356998449.vietnamese' to 'C:\Users\SRIE\AppData\Roaming\MetaQuotes\Terminal\51337600F56B69473E15EAFB8A7586B4\history\mailbox\1356998449.vietnamese'
0	08:17:00.257	Migration: copied from 'C:\Program Files (x86)\Admiral Markets MT4\history\mailbox\1356998450.arabic' to 'C:\Users\SRIE\AppData\Roaming\MetaQuotes\Terminal\51337600F56B69473E15EAFB8A7586B4\history\mailbox\1356998450.arabic'
0	08:17:00.258	Migration: copied from 'C:\Program Files (x86)\Admiral Markets MT4\history\mailbox\1356998451.bulgarian' to 'C:\Users\SRIE\AppData\Roaming\MetaQuotes\Terminal\51337600F56B69473E15EAFB8A7586B4\history\mailbox\1356998451.bulgarian'
0	08:17:00.258	Migration: copied from 'C:\Program Files (x86)\Admiral Markets MT4\history\mailbox\1356998452.chinese (simplified)' to 'C:\Users\SRIE\AppData\Roaming\MetaQuotes\Terminal\51337600F56B69473E15EAFB8A7586B4\history\mailbox\1356998452.chinese (simplified)'
0	08:17:00.259	Migration: copied from 'C:\Program Files (x86)\Admiral Markets MT4\history\mailbox\1356998453.chinese (traditional)' to 'C:\Users\SRIE\AppData\Roaming\MetaQuotes\Terminal\51337600F56B69473E15EAFB8A7586B4\history\mailbox\1356998453.chinese (traditional)'
0	08:17:00.260	Migration: copied from 'C:\Program Files (x86)\Admiral Markets MT4\history\mailbox\1356998454.czech' to 'C:\Users\SRIE\AppData\Roaming\MetaQuotes\Terminal\51337600F56B69473E15EAFB8A7586B4\history\mailbox\1356998454.czech'
0	08:17:00.260	Migration: copied from 'C:\Program Files (x86)\Admiral Markets MT4\history\mailbox\1356998455.english' to 'C:\Users\SRIE\AppData\Roaming\MetaQuotes\Terminal\51337600F56B69473E15EAFB8A7586B4\history\mailbox\1356998455.english'
0	08:17:00.261	Migration: copied from 'C:\Program Files (x86)\Admiral Markets MT4\history\mailbox\1356998456.french' to 'C:\Users\SRIE\AppData\Roaming\MetaQuotes\Terminal\51337600F56B69473E15EAFB8A7586B4\history\mailbox\1356998456.french'
0	08:17:00.261	Migration: copied from 'C:\Program Files (x86)\Admiral Markets MT4\history\mailbox\1356998457.german' to 'C:\Users\SRIE\AppData\Roaming\MetaQuotes\Terminal\51337600F56B69473E15EAFB8A7586B4\history\mailbox\1356998457.german'
0	08:17:00.262	Migration: copied from 'C:\Program Files (x86)\Admiral Markets MT4\history\mailbox\1356998458.greek' to 'C:\Users\SRIE\AppData\Roaming\MetaQuotes\Terminal\51337600F56B69473E15EAFB8A7586B4\history\mailbox\1356998458.greek'
0	08:17:00.263	Migration: copied from 'C:\Program Files (x86)\Admiral Markets MT4\history\mailbox\1356998459.hebrew' to 'C:\Users\SRIE\AppData\Roaming\MetaQuotes\Terminal\51337600F56B69473E15EAFB8A7586B4\history\mailbox\1356998459.hebrew'
0	08:17:00.264	Migration: copied from 'C:\Program Files (x86)\Admiral Markets MT4\history\mailbox\1356998460.hungarian' to 'C:\Users\SRIE\AppData\Roaming\MetaQuotes\Terminal\51337600F56B69473E15EAFB8A7586B4\history\mailbox\1356998460.hungarian'
0	08:17:00.265	Migration: copied from 'C:\Program Files (x86)\Admiral Markets MT4\history\mailbox\1356998461.indonesian' to 'C:\Users\SRIE\AppData\Roaming\MetaQuotes\Terminal\51337600F56B69473E15EAFB8A7586B4\history\mailbox\1356998461.indonesian'
0	08:17:00.266	Migration: copied from 'C:\Program Files (x86)\Admiral Markets MT4\history\mailbox\1356998462.italian' to 'C:\Users\SRIE\AppData\Roaming\MetaQuotes\Terminal\51337600F56B69473E15EAFB8A7586B4\history\mailbox\1356998462.italian'
0	08:17:00.267	Migration: copied from 'C:\Program Files (x86)\Admiral Markets MT4\history\mailbox\1356998463.japanese' to 'C:\Users\SRIE\AppData\Roaming\MetaQuotes\Terminal\51337600F56B69473E15EAFB8A7586B4\history\mailbox\1356998463.japanese'
0	08:17:00.268	Migration: copied from 'C:\Program Files (x86)\Admiral Markets MT4\history\mailbox\1356998464.malay' to 'C:\Users\SRIE\AppData\Roaming\MetaQuotes\Terminal\51337600F56B69473E15EAFB8A7586B4\history\mailbox\1356998464.malay'
0	08:17:00.269	Migration: copied from 'C:\Program Files (x86)\Admiral Markets MT4\history\mailbox\1356998465.polish' to 'C:\Users\SRIE\AppData\Roaming\MetaQuotes\Terminal\51337600F56B69473E15EAFB8A7586B4\history\mailbox\1356998465.polish'
0	08:17:00.270	Migration: copied from 'C:\Program Files (x86)\Admiral Markets MT4\history\mailbox\1356998466.portuguese' to 'C:\Users\SRIE\AppData\Roaming\MetaQuotes\Terminal\51337600F56B69473E15EAFB8A7586B4\history\mailbox\1356998466.portuguese'
0	08:17:00.271	Migration: copied from 'C:\Program Files (x86)\Admiral Markets MT4\history\mailbox\1356998467.russian' to 'C:\Users\SRIE\AppData\Roaming\MetaQuotes\Terminal\51337600F56B69473E15EAFB8A7586B4\history\mailbox\1356998467.russian'
0	08:17:00.273	Migration: copied from 'C:\Program Files (x86)\Admiral Markets MT4\history\mailbox\1356998468.slovenian' to 'C:\Users\SRIE\AppData\Roaming\MetaQuotes\Terminal\51337600F56B69473E15EAFB8A7586B4\history\mailbox\1356998468.slovenian'
0	08:17:00.274	Migration: copied from 'C:\Program Files (x86)\Admiral Markets MT4\history\mailbox\1356998469.spanish' to 'C:\Users\SRIE\AppData\Roaming\MetaQuotes\Terminal\51337600F56B69473E15EAFB8A7586B4\history\mailbox\1356998469.spanish'
0	08:17:00.275	Migration: copied from 'C:\Program Files (x86)\Admiral Markets MT4\history\mailbox\1356998470.tajik' to 'C:\Users\SRIE\AppData\Roaming\MetaQuotes\Terminal\51337600F56B69473E15EAFB8A7586B4\history\mailbox\1356998470.tajik'
0	08:17:00.276	Migration: copied from 'C:\Program Files (x86)\Admiral Markets MT4\history\mailbox\1356998471.thai' to 'C:\Users\SRIE\AppData\Roaming\MetaQuotes\Terminal\51337600F56B69473E15EAFB8A7586B4\history\mailbox\1356998471.thai'
0	08:17:00.276	Migration: copied from 'C:\Program Files (x86)\Admiral Markets MT4\history\mailbox\1356998472.turkish' to 'C:\Users\SRIE\AppData\Roaming\MetaQuotes\Terminal\51337600F56B69473E15EAFB8A7586B4\history\mailbox\1356998472.turkish'
0	08:17:00.277	Migration: copied from 'C:\Program Files (x86)\Admiral Markets MT4\history\mailbox\1356998473.uzbek' to 'C:\Users\SRIE\AppData\Roaming\MetaQuotes\Terminal\51337600F56B69473E15EAFB8A7586B4\history\mailbox\1356998473.uzbek'
0	08:17:00.278	Migration: copied from 'C:\Program Files (x86)\Admiral Markets MT4\history\mailbox\1356998474.vietnamese' to 'C:\Users\SRIE\AppData\Roaming\MetaQuotes\Terminal\51337600F56B69473E15EAFB8A7586B4\history\mailbox\1356998474.vietnamese'
0	08:17:00.279	Migration: copied from 'C:\Program Files (x86)\Admiral Markets MT4\history\mailbox\1356998475.arabic' to 'C:\Users\SRIE\AppData\Roaming\MetaQuotes\Terminal\51337600F56B69473E15EAFB8A7586B4\history\mailbox\1356998475.arabic'
0	08:17:00.279	Migration: copied from 'C:\Program Files (x86)\Admiral Markets MT4\history\mailbox\1356998476.bulgarian' to 'C:\Users\SRIE\AppData\Roaming\MetaQuotes\Terminal\51337600F56B69473E15EAFB8A7586B4\history\mailbox\1356998476.bulgarian'
0	08:17:00.280	Migration: copied from 'C:\Program Files (x86)\Admiral Markets MT4\history\mailbox\1356998477.chinese (simplified)' to 'C:\Users\SRIE\AppData\Roaming\MetaQuotes\Terminal\51337600F56B69473E15EAFB8A7586B4\history\mailbox\1356998477.chinese (simplified)'
0	08:17:00.281	Migration: copied from 'C:\Program Files (x86)\Admiral Markets MT4\history\mailbox\1356998478.chinese (traditional)' to 'C:\Users\SRIE\AppData\Roaming\MetaQuotes\Terminal\51337600F56B69473E15EAFB8A7586B4\history\mailbox\1356998478.chinese (traditional)'
0	08:17:00.282	Migration: copied from 'C:\Program Files (x86)\Admiral Markets MT4\history\mailbox\1356998479.czech' to 'C:\Users\SRIE\AppData\Roaming\MetaQuotes\Terminal\51337600F56B69473E15EAFB8A7586B4\history\mailbox\1356998479.czech'
0	08:17:00.282	Migration: copied from 'C:\Program Files (x86)\Admiral Markets MT4\history\mailbox\1356998480.english' to 'C:\Users\SRIE\AppData\Roaming\MetaQuotes\Terminal\51337600F56B69473E15EAFB8A7586B4\history\mailbox\1356998480.english'
0	08:17:00.283	Migration: copied from 'C:\Program Files (x86)\Admiral Markets MT4\history\mailbox\1356998481.french' to 'C:\Users\SRIE\AppData\Roaming\MetaQuotes\Terminal\51337600F56B69473E15EAFB8A7586B4\history\mailbox\1356998481.french'
0	08:17:00.284	Migration: copied from 'C:\Program Files (x86)\Admiral Markets MT4\history\mailbox\1356998482.german' to 'C:\Users\SRIE\AppData\Roaming\MetaQuotes\Terminal\51337600F56B69473E15EAFB8A7586B4\history\mailbox\1356998482.german'
0	08:17:00.284	Migration: copied from 'C:\Program Files (x86)\Admiral Markets MT4\history\mailbox\1356998483.greek' to 'C:\Users\SRIE\AppData\Roaming\MetaQuotes\Terminal\51337600F56B69473E15EAFB8A7586B4\history\mailbox\1356998483.greek'
0	08:17:00.285	Migration: copied from 'C:\Program Files (x86)\Admiral Markets MT4\history\mailbox\1356998484.hebrew' to 'C:\Users\SRIE\AppData\Roaming\MetaQuotes\Terminal\51337600F56B69473E15EAFB8A7586B4\history\mailbox\1356998484.hebrew'
0	08:17:00.286	Migration: copied from 'C:\Program Files (x86)\Admiral Markets MT4\history\mailbox\1356998485.hungarian' to 'C:\Users\SRIE\AppData\Roaming\MetaQuotes\Terminal\51337600F56B69473E15EAFB8A7586B4\history\mailbox\1356998485.hungarian'
0	08:17:00.286	Migration: copied from 'C:\Program Files (x86)\Admiral Markets MT4\history\mailbox\1356998486.indonesian' to 'C:\Users\SRIE\AppData\Roaming\MetaQuotes\Terminal\51337600F56B69473E15EAFB8A7586B4\history\mailbox\1356998486.indonesian'
0	08:17:00.287	Migration: copied from 'C:\Program Files (x86)\Admiral Markets MT4\history\mailbox\1356998487.italian' to 'C:\Users\SRIE\AppData\Roaming\MetaQuotes\Terminal\51337600F56B69473E15EAFB8A7586B4\history\mailbox\1356998487.italian'
0	08:17:00.288	Migration: copied from 'C:\Program Files (x86)\Admiral Markets MT4\history\mailbox\1356998488.japanese' to 'C:\Users\SRIE\AppData\Roaming\MetaQuotes\Terminal\51337600F56B69473E15EAFB8A7586B4\history\mailbox\1356998488.japanese'
0	08:17:00.289	Migration: copied from 'C:\Program Files (x86)\Admiral Markets MT4\history\mailbox\1356998489.malay' to 'C:\Users\SRIE\AppData\Roaming\MetaQuotes\Terminal\51337600F56B69473E15EAFB8A7586B4\history\mailbox\1356998489.malay'
0	08:17:00.290	Migration: copied from 'C:\Program Files (x86)\Admiral Markets MT4\history\mailbox\1356998490.polish' to 'C:\Users\SRIE\AppData\Roaming\MetaQuotes\Terminal\51337600F56B69473E15EAFB8A7586B4\history\mailbox\1356998490.polish'
0	08:17:00.290	Migration: copied from 'C:\Program Files (x86)\Admiral Markets MT4\history\mailbox\1356998491.portuguese' to 'C:\Users\SRIE\AppData\Roaming\MetaQuotes\Terminal\51337600F56B69473E15EAFB8A7586B4\history\mailbox\1356998491.portuguese'
0	08:17:00.291	Migration: copied from 'C:\Program Files (x86)\Admiral Markets MT4\history\mailbox\1356998492.russian' to 'C:\Users\SRIE\AppData\Roaming\MetaQuotes\Terminal\51337600F56B69473E15EAFB8A7586B4\history\mailbox\1356998492.russian'
0	08:17:00.292	Migration: copied from 'C:\Program Files (x86)\Admiral Markets MT4\history\mailbox\1356998493.slovenian' to 'C:\Users\SRIE\AppData\Roaming\MetaQuotes\Terminal\51337600F56B69473E15EAFB8A7586B4\history\mailbox\1356998493.slovenian'
0	08:17:00.293	Migration: copied from 'C:\Program Files (x86)\Admiral Markets MT4\history\mailbox\1356998494.spanish' to 'C:\Users\SRIE\AppData\Roaming\MetaQuotes\Terminal\51337600F56B69473E15EAFB8A7586B4\history\mailbox\1356998494.spanish'
0	08:17:00.293	Migration: copied from 'C:\Program Files (x86)\Admiral Markets MT4\history\mailbox\1356998495.tajik' to 'C:\Users\SRIE\AppData\Roaming\MetaQuotes\Terminal\51337600F56B69473E15EAFB8A7586B4\history\mailbox\1356998495.tajik'
0	08:17:00.294	Migration: copied from 'C:\Program Files (x86)\Admiral Markets MT4\history\mailbox\1356998496.thai' to 'C:\Users\SRIE\AppData\Roaming\MetaQuotes\Terminal\51337600F56B69473E15EAFB8A7586B4\history\mailbox\1356998496.thai'
0	08:17:00.295	Migration: copied from 'C:\Program Files (x86)\Admiral Markets MT4\history\mailbox\1356998497.turkish' to 'C:\Users\SRIE\AppData\Roaming\MetaQuotes\Terminal\51337600F56B69473E15EAFB8A7586B4\history\mailbox\1356998497.turkish'
0	08:17:00.296	Migration: copied from 'C:\Program Files (x86)\Admiral Markets MT4\history\mailbox\1356998498.uzbek' to 'C:\Users\SRIE\AppData\Roaming\MetaQuotes\Terminal\51337600F56B69473E15EAFB8A7586B4\history\mailbox\1356998498.uzbek'
0	08:17:00.296	Migration: copied from 'C:\Program Files (x86)\Admiral Markets MT4\history\mailbox\1356998499.vietnamese' to 'C:\Users\SRIE\AppData\Roaming\MetaQuotes\Terminal\51337600F56B69473E15EAFB8A7586B4\history\mailbox\1356998499.vietnamese'
0	08:17:00.297	Migration: copied from 'C:\Program Files (x86)\Admiral Markets MT4\history\mailbox\1356998500.arabic' to 'C:\Users\SRIE\AppData\Roaming\MetaQuotes\Terminal\51337600F56B69473E15EAFB8A7586B4\history\mailbox\1356998500.arabic'
0	08:17:00.298	Migration: copied from 'C:\Program Files (x86)\Admiral Markets MT4\history\mailbox\1356998501.bulgarian' to 'C:\Users\SRIE\AppData\Roaming\MetaQuotes\Terminal\51337600F56B69473E15EAFB8A7586B4\history\mailbox\1356998501.bulgarian'
0	08:17:00.298	Migration: copied from 'C:\Program Files (x86)\Admiral Markets MT4\history\mailbox\1356998502.chinese (simplified)' to 'C:\Users\SRIE\AppData\Roaming\MetaQuotes\Terminal\51337600F56B69473E15EAFB8A7586B4\history\mailbox\1356998502.chinese (simplified)'
0	08:17:00.299	Migration: copied from 'C:\Program Files (x86)\Admiral Markets MT4\history\mailbox\1356998503.chinese (traditional)' to 'C:\Users\SRIE\AppData\Roaming\MetaQuotes\Terminal\51337600F56B69473E15EAFB8A7586B4\history\mailbox\1356998503.chinese (traditional)'
0	08:17:00.300	Migration: copied from 'C:\Program Files (x86)\Admiral Markets MT4\history\mailbox\1356998504.czech' to 'C:\Users\SRIE\AppData\Roaming\MetaQuotes\Terminal\51337600F56B69473E15EAFB8A7586B4\history\mailbox\1356998504.czech'
0	08:17:00.301	Migration: copied from 'C:\Program Files (x86)\Admiral Markets MT4\history\mailbox\1356998505.english' to 'C:\Users\SRIE\AppData\Roaming\MetaQuotes\Terminal\51337600F56B69473E15EAFB8A7586B4\history\mailbox\1356998505.english'
0	08:17:00.301	Migration: copied from 'C:\Program Files (x86)\Admiral Markets MT4\history\mailbox\1356998506.french' to 'C:\Users\SRIE\AppData\Roaming\MetaQuotes\Terminal\51337600F56B69473E15EAFB8A7586B4\history\mailbox\1356998506.french'
0	08:17:00.302	Migration: copied from 'C:\Program Files (x86)\Admiral Markets MT4\history\mailbox\1356998507.german' to 'C:\Users\SRIE\AppData\Roaming\MetaQuotes\Terminal\51337600F56B69473E15EAFB8A7586B4\history\mailbox\1356998507.german'
0	08:17:00.303	Migration: copied from 'C:\Program Files (x86)\Admiral Markets MT4\history\mailbox\1356998508.greek' to 'C:\Users\SRIE\AppData\Roaming\MetaQuotes\Terminal\51337600F56B69473E15EAFB8A7586B4\history\mailbox\1356998508.greek'
0	08:17:00.303	Migration: copied from 'C:\Program Files (x86)\Admiral Markets MT4\history\mailbox\1356998509.hebrew' to 'C:\Users\SRIE\AppData\Roaming\MetaQuotes\Terminal\51337600F56B69473E15EAFB8A7586B4\history\mailbox\1356998509.hebrew'
0	08:17:00.304	Migration: copied from 'C:\Program Files (x86)\Admiral Markets MT4\history\mailbox\1356998510.hungarian' to 'C:\Users\SRIE\AppData\Roaming\MetaQuotes\Terminal\51337600F56B69473E15EAFB8A7586B4\history\mailbox\1356998510.hungarian'
0	08:17:00.305	Migration: copied from 'C:\Program Files (x86)\Admiral Markets MT4\history\mailbox\1356998511.indonesian' to 'C:\Users\SRIE\AppData\Roaming\MetaQuotes\Terminal\51337600F56B69473E15EAFB8A7586B4\history\mailbox\1356998511.indonesian'
0	08:17:00.306	Migration: copied from 'C:\Program Files (x86)\Admiral Markets MT4\history\mailbox\1356998512.italian' to 'C:\Users\SRIE\AppData\Roaming\MetaQuotes\Terminal\51337600F56B69473E15EAFB8A7586B4\history\mailbox\1356998512.italian'
0	08:17:00.306	Migration: copied from 'C:\Program Files (x86)\Admiral Markets MT4\history\mailbox\1356998513.japanese' to 'C:\Users\SRIE\AppData\Roaming\MetaQuotes\Terminal\51337600F56B69473E15EAFB8A7586B4\history\mailbox\1356998513.japanese'
0	08:17:00.307	Migration: copied from 'C:\Program Files (x86)\Admiral Markets MT4\history\mailbox\1356998514.malay' to 'C:\Users\SRIE\AppData\Roaming\MetaQuotes\Terminal\51337600F56B69473E15EAFB8A7586B4\history\mailbox\1356998514.malay'
0	08:17:00.308	Migration: copied from 'C:\Program Files (x86)\Admiral Markets MT4\history\mailbox\1356998515.polish' to 'C:\Users\SRIE\AppData\Roaming\MetaQuotes\Terminal\51337600F56B69473E15EAFB8A7586B4\history\mailbox\1356998515.polish'
0	08:17:00.309	Migration: copied from 'C:\Program Files (x86)\Admiral Markets MT4\history\mailbox\1356998516.portuguese' to 'C:\Users\SRIE\AppData\Roaming\MetaQuotes\Terminal\51337600F56B69473E15EAFB8A7586B4\history\mailbox\1356998516.portuguese'
0	08:17:00.309	Migration: copied from 'C:\Program Files (x86)\Admiral Markets MT4\history\mailbox\1356998517.russian' to 'C:\Users\SRIE\AppData\Roaming\MetaQuotes\Terminal\51337600F56B69473E15EAFB8A7586B4\history\mailbox\1356998517.russian'
0	08:17:00.310	Migration: copied from 'C:\Program Files (x86)\Admiral Markets MT4\history\mailbox\1356998518.slovenian' to 'C:\Users\SRIE\AppData\Roaming\MetaQuotes\Terminal\51337600F56B69473E15EAFB8A7586B4\history\mailbox\1356998518.slovenian'
0	08:17:00.311	Migration: copied from 'C:\Program Files (x86)\Admiral Markets MT4\history\mailbox\1356998519.spanish' to 'C:\Users\SRIE\AppData\Roaming\MetaQuotes\Terminal\51337600F56B69473E15EAFB8A7586B4\history\mailbox\1356998519.spanish'
0	08:17:00.311	Migration: copied from 'C:\Program Files (x86)\Admiral Markets MT4\history\mailbox\1356998520.tajik' to 'C:\Users\SRIE\AppData\Roaming\MetaQuotes\Terminal\51337600F56B69473E15EAFB8A7586B4\history\mailbox\1356998520.tajik'
0	08:17:00.312	Migration: copied from 'C:\Program Files (x86)\Admiral Markets MT4\history\mailbox\1356998521.thai' to 'C:\Users\SRIE\AppData\Roaming\MetaQuotes\Terminal\51337600F56B69473E15EAFB8A7586B4\history\mailbox\1356998521.thai'
0	08:17:00.313	Migration: copied from 'C:\Program Files (x86)\Admiral Markets MT4\history\mailbox\1356998522.turkish' to 'C:\Users\SRIE\AppData\Roaming\MetaQuotes\Terminal\51337600F56B69473E15EAFB8A7586B4\history\mailbox\1356998522.turkish'
0	08:17:00.313	Migration: copied from 'C:\Program Files (x86)\Admiral Markets MT4\history\mailbox\1356998523.uzbek' to 'C:\Users\SRIE\AppData\Roaming\MetaQuotes\Terminal\51337600F56B69473E15EAFB8A7586B4\history\mailbox\1356998523.uzbek'
0	08:17:00.314	Migration: copied from 'C:\Program Files (x86)\Admiral Markets MT4\history\mailbox\1356998524.vietnamese' to 'C:\Users\SRIE\AppData\Roaming\MetaQuotes\Terminal\51337600F56B69473E15EAFB8A7586B4\history\mailbox\1356998524.vietnamese'
0	08:17:00.315	Migration: copied from 'C:\Program Files (x86)\Admiral Markets MT4\history\mailbox\1356998525.arabic' to 'C:\Users\SRIE\AppData\Roaming\MetaQuotes\Terminal\51337600F56B69473E15EAFB8A7586B4\history\mailbox\1356998525.arabic'
0	08:17:00.316	Migration: copied from 'C:\Program Files (x86)\Admiral Markets MT4\history\mailbox\1356998526.bulgarian' to 'C:\Users\SRIE\AppData\Roaming\MetaQuotes\Terminal\51337600F56B69473E15EAFB8A7586B4\history\mailbox\1356998526.bulgarian'
0	08:17:00.316	Migration: copied from 'C:\Program Files (x86)\Admiral Markets MT4\history\mailbox\1356998527.chinese (simplified)' to 'C:\Users\SRIE\AppData\Roaming\MetaQuotes\Terminal\51337600F56B69473E15EAFB8A7586B4\history\mailbox\1356998527.chinese (simplified)'
0	08:17:00.317	Migration: copied from 'C:\Program Files (x86)\Admiral Markets MT4\history\mailbox\1356998528.chinese (traditional)' to 'C:\Users\SRIE\AppData\Roaming\MetaQuotes\Terminal\51337600F56B69473E15EAFB8A7586B4\history\mailbox\1356998528.chinese (traditional)'
0	08:17:00.318	Migration: copied from 'C:\Program Files (x86)\Admiral Markets MT4\history\mailbox\1356998529.czech' to 'C:\Users\SRIE\AppData\Roaming\MetaQuotes\Terminal\51337600F56B69473E15EAFB8A7586B4\history\mailbox\1356998529.czech'
0	08:17:00.319	Migration: copied from 'C:\Program Files (x86)\Admiral Markets MT4\history\mailbox\1356998530.english' to 'C:\Users\SRIE\AppData\Roaming\MetaQuotes\Terminal\51337600F56B69473E15EAFB8A7586B4\history\mailbox\1356998530.english'
0	08:17:00.320	Migration: copied from 'C:\Program Files (x86)\Admiral Markets MT4\history\mailbox\1356998531.french' to 'C:\Users\SRIE\AppData\Roaming\MetaQuotes\Terminal\51337600F56B69473E15EAFB8A7586B4\history\mailbox\1356998531.french'
0	08:17:00.321	Migration: copied from 'C:\Program Files (x86)\Admiral Markets MT4\history\mailbox\1356998532.german' to 'C:\Users\SRIE\AppData\Roaming\MetaQuotes\Terminal\51337600F56B69473E15EAFB8A7586B4\history\mailbox\1356998532.german'
0	08:17:00.322	Migration: copied from 'C:\Program Files (x86)\Admiral Markets MT4\history\mailbox\1356998533.greek' to 'C:\Users\SRIE\AppData\Roaming\MetaQuotes\Terminal\51337600F56B69473E15EAFB8A7586B4\history\mailbox\1356998533.greek'
0	08:17:00.323	Migration: copied from 'C:\Program Files (x86)\Admiral Markets MT4\history\mailbox\1356998534.hebrew' to 'C:\Users\SRIE\AppData\Roaming\MetaQuotes\Terminal\51337600F56B69473E15EAFB8A7586B4\history\mailbox\1356998534.hebrew'
0	08:17:00.324	Migration: copied from 'C:\Program Files (x86)\Admiral Markets MT4\history\mailbox\1356998534.hungarian' to 'C:\Users\SRIE\AppData\Roaming\MetaQuotes\Terminal\51337600F56B69473E15EAFB8A7586B4\history\mailbox\1356998534.hungarian'
0	08:17:00.324	Migration: copied from 'C:\Program Files (x86)\Admiral Markets MT4\history\mailbox\1356998535.hungarian' to 'C:\Users\SRIE\AppData\Roaming\MetaQuotes\Terminal\51337600F56B69473E15EAFB8A7586B4\history\mailbox\1356998535.hungarian'
0	08:17:00.325	Migration: copied from 'C:\Program Files (x86)\Admiral Markets MT4\history\mailbox\1356998535.italian' to 'C:\Users\SRIE\AppData\Roaming\MetaQuotes\Terminal\51337600F56B69473E15EAFB8A7586B4\history\mailbox\1356998535.italian'
0	08:17:00.326	Migration: copied from 'C:\Program Files (x86)\Admiral Markets MT4\history\mailbox\1356998536.indonesian' to 'C:\Users\SRIE\AppData\Roaming\MetaQuotes\Terminal\51337600F56B69473E15EAFB8A7586B4\history\mailbox\1356998536.indonesian'
0	08:17:00.326	Migration: copied from 'C:\Program Files (x86)\Admiral Markets MT4\history\mailbox\1356998536.japanese' to 'C:\Users\SRIE\AppData\Roaming\MetaQuotes\Terminal\51337600F56B69473E15EAFB8A7586B4\history\mailbox\1356998536.japanese'
0	08:17:00.327	Migration: copied from 'C:\Program Files (x86)\Admiral Markets MT4\history\mailbox\1356998537.italian' to 'C:\Users\SRIE\AppData\Roaming\MetaQuotes\Terminal\51337600F56B69473E15EAFB8A7586B4\history\mailbox\1356998537.italian'
0	08:17:00.328	Migration: copied from 'C:\Program Files (x86)\Admiral Markets MT4\history\mailbox\1356998537.malay' to 'C:\Users\SRIE\AppData\Roaming\MetaQuotes\Terminal\51337600F56B69473E15EAFB8A7586B4\history\mailbox\1356998537.malay'
0	08:17:00.329	Migration: copied from 'C:\Program Files (x86)\Admiral Markets MT4\history\mailbox\1356998538.japanese' to 'C:\Users\SRIE\AppData\Roaming\MetaQuotes\Terminal\51337600F56B69473E15EAFB8A7586B4\history\mailbox\1356998538.japanese'
0	08:17:00.330	Migration: copied from 'C:\Program Files (x86)\Admiral Markets MT4\history\mailbox\1356998538.polish' to 'C:\Users\SRIE\AppData\Roaming\MetaQuotes\Terminal\51337600F56B69473E15EAFB8A7586B4\history\mailbox\1356998538.polish'
0	08:17:00.330	Migration: copied from 'C:\Program Files (x86)\Admiral Markets MT4\history\mailbox\1356998539.malay' to 'C:\Users\SRIE\AppData\Roaming\MetaQuotes\Terminal\51337600F56B69473E15EAFB8A7586B4\history\mailbox\1356998539.malay'
0	08:17:00.331	Migration: copied from 'C:\Program Files (x86)\Admiral Markets MT4\history\mailbox\1356998539.portuguese' to 'C:\Users\SRIE\AppData\Roaming\MetaQuotes\Terminal\51337600F56B69473E15EAFB8A7586B4\history\mailbox\1356998539.portuguese'
0	08:17:00.332	Migration: copied from 'C:\Program Files (x86)\Admiral Markets MT4\history\mailbox\1356998540.polish' to 'C:\Users\SRIE\AppData\Roaming\MetaQuotes\Terminal\51337600F56B69473E15EAFB8A7586B4\history\mailbox\1356998540.polish'
0	08:17:00.333	Migration: copied from 'C:\Program Files (x86)\Admiral Markets MT4\history\mailbox\1356998540.russian' to 'C:\Users\SRIE\AppData\Roaming\MetaQuotes\Terminal\51337600F56B69473E15EAFB8A7586B4\history\mailbox\1356998540.russian'
0	08:17:00.333	Migration: copied from 'C:\Program Files (x86)\Admiral Markets MT4\history\mailbox\1356998541.portuguese' to 'C:\Users\SRIE\AppData\Roaming\MetaQuotes\Terminal\51337600F56B69473E15EAFB8A7586B4\history\mailbox\1356998541.portuguese'
0	08:17:00.334	Migration: copied from 'C:\Program Files (x86)\Admiral Markets MT4\history\mailbox\1356998541.slovenian' to 'C:\Users\SRIE\AppData\Roaming\MetaQuotes\Terminal\51337600F56B69473E15EAFB8A7586B4\history\mailbox\1356998541.slovenian'
0	08:17:00.335	Migration: copied from 'C:\Program Files (x86)\Admiral Markets MT4\history\mailbox\1356998542.russian' to 'C:\Users\SRIE\AppData\Roaming\MetaQuotes\Terminal\51337600F56B69473E15EAFB8A7586B4\history\mailbox\1356998542.russian'
0	08:17:00.336	Migration: copied from 'C:\Program Files (x86)\Admiral Markets MT4\history\mailbox\1356998542.spanish' to 'C:\Users\SRIE\AppData\Roaming\MetaQuotes\Terminal\51337600F56B69473E15EAFB8A7586B4\history\mailbox\1356998542.spanish'
0	08:17:00.336	Migration: copied from 'C:\Program Files (x86)\Admiral Markets MT4\history\mailbox\1356998543.slovenian' to 'C:\Users\SRIE\AppData\Roaming\MetaQuotes\Terminal\51337600F56B69473E15EAFB8A7586B4\history\mailbox\1356998543.slovenian'
0	08:17:00.337	Migration: copied from 'C:\Program Files (x86)\Admiral Markets MT4\history\mailbox\1356998543.tajik' to 'C:\Users\SRIE\AppData\Roaming\MetaQuotes\Terminal\51337600F56B69473E15EAFB8A7586B4\history\mailbox\1356998543.tajik'
0	08:17:00.338	Migration: copied from 'C:\Program Files (x86)\Admiral Markets MT4\history\mailbox\1356998544.spanish' to 'C:\Users\SRIE\AppData\Roaming\MetaQuotes\Terminal\51337600F56B69473E15EAFB8A7586B4\history\mailbox\1356998544.spanish'
0	08:17:00.339	Migration: copied from 'C:\Program Files (x86)\Admiral Markets MT4\history\mailbox\1356998544.thai' to 'C:\Users\SRIE\AppData\Roaming\MetaQuotes\Terminal\51337600F56B69473E15EAFB8A7586B4\history\mailbox\1356998544.thai'
0	08:17:00.340	Migration: copied from 'C:\Program Files (x86)\Admiral Markets MT4\history\mailbox\1356998545.tajik' to 'C:\Users\SRIE\AppData\Roaming\MetaQuotes\Terminal\51337600F56B69473E15EAFB8A7586B4\history\mailbox\1356998545.tajik'
0	08:17:00.340	Migration: copied from 'C:\Program Files (x86)\Admiral Markets MT4\history\mailbox\1356998545.turkish' to 'C:\Users\SRIE\AppData\Roaming\MetaQuotes\Terminal\51337600F56B69473E15EAFB8A7586B4\history\mailbox\1356998545.turkish'
0	08:17:00.341	Migration: copied from 'C:\Program Files (x86)\Admiral Markets MT4\history\mailbox\1356998546.thai' to 'C:\Users\SRIE\AppData\Roaming\MetaQuotes\Terminal\51337600F56B69473E15EAFB8A7586B4\history\mailbox\1356998546.thai'
0	08:17:00.341	Migration: copied from 'C:\Program Files (x86)\Admiral Markets MT4\history\mailbox\1356998546.uzbek' to 'C:\Users\SRIE\AppData\Roaming\MetaQuotes\Terminal\51337600F56B69473E15EAFB8A7586B4\history\mailbox\1356998546.uzbek'
0	08:17:00.342	Migration: copied from 'C:\Program Files (x86)\Admiral Markets MT4\history\mailbox\1356998547.turkish' to 'C:\Users\SRIE\AppData\Roaming\MetaQuotes\Terminal\51337600F56B69473E15EAFB8A7586B4\history\mailbox\1356998547.turkish'
0	08:17:00.342	Migration: copied from 'C:\Program Files (x86)\Admiral Markets MT4\history\mailbox\1356998547.vietnamese' to 'C:\Users\SRIE\AppData\Roaming\MetaQuotes\Terminal\51337600F56B69473E15EAFB8A7586B4\history\mailbox\1356998547.vietnamese'
0	08:17:00.343	Migration: copied from 'C:\Program Files (x86)\Admiral Markets MT4\history\mailbox\1356998548.uzbek' to 'C:\Users\SRIE\AppData\Roaming\MetaQuotes\Terminal\51337600F56B69473E15EAFB8A7586B4\history\mailbox\1356998548.uzbek'
0	08:17:00.344	Migration: copied from 'C:\Program Files (x86)\Admiral Markets MT4\history\mailbox\1356998549.vietnamese' to 'C:\Users\SRIE\AppData\Roaming\MetaQuotes\Terminal\51337600F56B69473E15EAFB8A7586B4\history\mailbox\1356998549.vietnamese'
0	08:17:00.344	Migration: mailbox folder copied from 'C:\Program Files (x86)\Admiral Markets MT4' to 'C:\Users\SRIE\AppData\Roaming\MetaQuotes\Terminal\51337600F56B69473E15EAFB8A7586B4'
0	08:17:00.346	Migration: copied from 'C:\Program Files (x86)\Admiral Markets MT4\profiles\British Pound\chart01.CHR' to 'C:\Users\SRIE\AppData\Roaming\MetaQuotes\Terminal\51337600F56B69473E15EAFB8A7586B4\profiles\British Pound\chart01.CHR'
0	08:17:00.347	Migration: copied from 'C:\Program Files (x86)\Admiral Markets MT4\profiles\British Pound\chart02.CHR' to 'C:\Users\SRIE\AppData\Roaming\MetaQuotes\Terminal\51337600F56B69473E15EAFB8A7586B4\profiles\British Pound\chart02.CHR'
0	08:17:00.347	Migration: copied from 'C:\Program Files (x86)\Admiral Markets MT4\profiles\British Pound\chart03.CHR' to 'C:\Users\SRIE\AppData\Roaming\MetaQuotes\Terminal\51337600F56B69473E15EAFB8A7586B4\profiles\British Pound\chart03.CHR'
0	08:17:00.348	Migration: copied from 'C:\Program Files (x86)\Admiral Markets MT4\profiles\British Pound\order.wnd' to 'C:\Users\SRIE\AppData\Roaming\MetaQuotes\Terminal\51337600F56B69473E15EAFB8A7586B4\profiles\British Pound\order.wnd'
0	08:17:00.350	Migration: copied from 'C:\Program Files (x86)\Admiral Markets MT4\profiles\default\chart01.CHR' to 'C:\Users\SRIE\AppData\Roaming\MetaQuotes\Terminal\51337600F56B69473E15EAFB8A7586B4\profiles\default\chart01.CHR'
0	08:17:00.350	Migration: copied from 'C:\Program Files (x86)\Admiral Markets MT4\profiles\default\chart02.CHR' to 'C:\Users\SRIE\AppData\Roaming\MetaQuotes\Terminal\51337600F56B69473E15EAFB8A7586B4\profiles\default\chart02.CHR'
0	08:17:00.351	Migration: copied from 'C:\Program Files (x86)\Admiral Markets MT4\profiles\default\chart03.CHR' to 'C:\Users\SRIE\AppData\Roaming\MetaQuotes\Terminal\51337600F56B69473E15EAFB8A7586B4\profiles\default\chart03.CHR'
0	08:17:00.351	Migration: copied from 'C:\Program Files (x86)\Admiral Markets MT4\profiles\default\chart04.CHR' to 'C:\Users\SRIE\AppData\Roaming\MetaQuotes\Terminal\51337600F56B69473E15EAFB8A7586B4\profiles\default\chart04.CHR'
0	08:17:00.352	Migration: copied from 'C:\Program Files (x86)\Admiral Markets MT4\profiles\default\order.wnd' to 'C:\Users\SRIE\AppData\Roaming\MetaQuotes\Terminal\51337600F56B69473E15EAFB8A7586B4\profiles\default\order.wnd'
0	08:17:00.353	Migration: copied from 'C:\Program Files (x86)\Admiral Markets MT4\profiles\Euro\chart01.CHR' to 'C:\Users\SRIE\AppData\Roaming\MetaQuotes\Terminal\51337600F56B69473E15EAFB8A7586B4\profiles\Euro\chart01.CHR'
0	08:17:00.353	Migration: copied from 'C:\Program Files (x86)\Admiral Markets MT4\profiles\Euro\chart02.CHR' to 'C:\Users\SRIE\AppData\Roaming\MetaQuotes\Terminal\51337600F56B69473E15EAFB8A7586B4\profiles\Euro\chart02.CHR'
0	08:17:00.354	Migration: copied from 'C:\Program Files (x86)\Admiral Markets MT4\profiles\Euro\chart03.CHR' to 'C:\Users\SRIE\AppData\Roaming\MetaQuotes\Terminal\51337600F56B69473E15EAFB8A7586B4\profiles\Euro\chart03.CHR'
0	08:17:00.354	Migration: copied from 'C:\Program Files (x86)\Admiral Markets MT4\profiles\Euro\order.wnd' to 'C:\Users\SRIE\AppData\Roaming\MetaQuotes\Terminal\51337600F56B69473E15EAFB8A7586B4\profiles\Euro\order.wnd'
0	08:17:00.355	Migration: copied from 'C:\Program Files (x86)\Admiral Markets MT4\profiles\lastprofile.ini' to 'C:\Users\SRIE\AppData\Roaming\MetaQuotes\Terminal\51337600F56B69473E15EAFB8A7586B4\profiles\lastprofile.ini'
0	08:17:00.356	Migration: copied from 'C:\Program Files (x86)\Admiral Markets MT4\profiles\Market Overview\chart01.CHR' to 'C:\Users\SRIE\AppData\Roaming\MetaQuotes\Terminal\51337600F56B69473E15EAFB8A7586B4\profiles\Market Overview\chart01.CHR'
0	08:17:00.357	Migration: copied from 'C:\Program Files (x86)\Admiral Markets MT4\profiles\Market Overview\chart02.CHR' to 'C:\Users\SRIE\AppData\Roaming\MetaQuotes\Terminal\51337600F56B69473E15EAFB8A7586B4\profiles\Market Overview\chart02.CHR'
0	08:17:00.358	Migration: copied from 'C:\Program Files (x86)\Admiral Markets MT4\profiles\Market Overview\chart03.CHR' to 'C:\Users\SRIE\AppData\Roaming\MetaQuotes\Terminal\51337600F56B69473E15EAFB8A7586B4\profiles\Market Overview\chart03.CHR'
0	08:17:00.358	Migration: copied from 'C:\Program Files (x86)\Admiral Markets MT4\profiles\Market Overview\chart04.CHR' to 'C:\Users\SRIE\AppData\Roaming\MetaQuotes\Terminal\51337600F56B69473E15EAFB8A7586B4\profiles\Market Overview\chart04.CHR'
0	08:17:00.359	Migration: copied from 'C:\Program Files (x86)\Admiral Markets MT4\profiles\Market Overview\order.wnd' to 'C:\Users\SRIE\AppData\Roaming\MetaQuotes\Terminal\51337600F56B69473E15EAFB8A7586B4\profiles\Market Overview\order.wnd'
0	08:17:00.360	Migration: copied from 'C:\Program Files (x86)\Admiral Markets MT4\profiles\Swiss Franc\chart01.CHR' to 'C:\Users\SRIE\AppData\Roaming\MetaQuotes\Terminal\51337600F56B69473E15EAFB8A7586B4\profiles\Swiss Franc\chart01.CHR'
0	08:17:00.360	Migration: copied from 'C:\Program Files (x86)\Admiral Markets MT4\profiles\Swiss Franc\chart02.CHR' to 'C:\Users\SRIE\AppData\Roaming\MetaQuotes\Terminal\51337600F56B69473E15EAFB8A7586B4\profiles\Swiss Franc\chart02.CHR'
0	08:17:00.361	Migration: copied from 'C:\Program Files (x86)\Admiral Markets MT4\profiles\Swiss Franc\chart03.CHR' to 'C:\Users\SRIE\AppData\Roaming\MetaQuotes\Terminal\51337600F56B69473E15EAFB8A7586B4\profiles\Swiss Franc\chart03.CHR'
0	08:17:00.361	Migration: copied from 'C:\Program Files (x86)\Admiral Markets MT4\profiles\Swiss Franc\order.wnd' to 'C:\Users\SRIE\AppData\Roaming\MetaQuotes\Terminal\51337600F56B69473E15EAFB8A7586B4\profiles\Swiss Franc\order.wnd'
0	08:17:00.361	Migration: profiles folder copied from 'C:\Program Files (x86)\Admiral Markets MT4' to 'C:\Users\SRIE\AppData\Roaming\MetaQuotes\Terminal\51337600F56B69473E15EAFB8A7586B4'
0	08:17:00.363	Migration: copied from 'C:\Program Files (x86)\Admiral Markets MT4\templates\ADX.tpl' to 'C:\Users\SRIE\AppData\Roaming\MetaQuotes\Terminal\51337600F56B69473E15EAFB8A7586B4\templates\ADX.tpl'
0	08:17:00.363	Migration: copied from 'C:\Program Files (x86)\Admiral Markets MT4\templates\BollingerBands.tpl' to 'C:\Users\SRIE\AppData\Roaming\MetaQuotes\Terminal\51337600F56B69473E15EAFB8A7586B4\templates\BollingerBands.tpl'
0	08:17:00.364	Migration: copied from 'C:\Program Files (x86)\Admiral Markets MT4\templates\Layers.tpl' to 'C:\Users\SRIE\AppData\Roaming\MetaQuotes\Terminal\51337600F56B69473E15EAFB8A7586B4\templates\Layers.tpl'
0	08:17:00.365	Migration: copied from 'C:\Program Files (x86)\Admiral Markets MT4\templates\Momentum.tpl' to 'C:\Users\SRIE\AppData\Roaming\MetaQuotes\Terminal\51337600F56B69473E15EAFB8A7586B4\templates\Momentum.tpl'
0	08:17:00.366	Migration: copied from 'C:\Program Files (x86)\Admiral Markets MT4\templates\OptimizationReport.htm' to 'C:\Users\SRIE\AppData\Roaming\MetaQuotes\Terminal\51337600F56B69473E15EAFB8A7586B4\templates\OptimizationReport.htm'
0	08:17:00.366	Migration: copied from 'C:\Program Files (x86)\Admiral Markets MT4\templates\Popular.tpl' to 'C:\Users\SRIE\AppData\Roaming\MetaQuotes\Terminal\51337600F56B69473E15EAFB8A7586B4\templates\Popular.tpl'
0	08:17:00.367	Migration: copied from 'C:\Program Files (x86)\Admiral Markets MT4\templates\statement.htm' to 'C:\Users\SRIE\AppData\Roaming\MetaQuotes\Terminal\51337600F56B69473E15EAFB8A7586B4\templates\statement.htm'
0	08:17:00.367	Migration: copied from 'C:\Program Files (x86)\Admiral Markets MT4\templates\StatementDetailed.htm' to 'C:\Users\SRIE\AppData\Roaming\MetaQuotes\Terminal\51337600F56B69473E15EAFB8A7586B4\templates\StatementDetailed.htm'
0	08:17:00.368	Migration: copied from 'C:\Program Files (x86)\Admiral Markets MT4\templates\strategytester.htm' to 'C:\Users\SRIE\AppData\Roaming\MetaQuotes\Terminal\51337600F56B69473E15EAFB8A7586B4\templates\strategytester.htm'
0	08:17:00.369	Migration: copied from 'C:\Program Files (x86)\Admiral Markets MT4\templates\Volume.tpl' to 'C:\Users\SRIE\AppData\Roaming\MetaQuotes\Terminal\51337600F56B69473E15EAFB8A7586B4\templates\Volume.tpl'
0	08:17:00.369	Migration: copied from 'C:\Program Files (x86)\Admiral Markets MT4\templates\Williams.tpl' to 'C:\Users\SRIE\AppData\Roaming\MetaQuotes\Terminal\51337600F56B69473E15EAFB8A7586B4\templates\Williams.tpl'
0	08:17:00.369	Migration: templates folder copied from 'C:\Program Files (x86)\Admiral Markets MT4' to 'C:\Users\SRIE\AppData\Roaming\MetaQuotes\Terminal\51337600F56B69473E15EAFB8A7586B4'
0	08:17:00.379	Migration: data to 'C:\Users\SRIE\AppData\Roaming\MetaQuotes\Terminal\51337600F56B69473E15EAFB8A7586B4' migration started
0	08:17:00.379	Migration: data migration finished, no virtual folder
0	08:17:00.380	LiveUpdate: update C:\Users\SRIE\AppData\Roaming\MetaQuotes\Terminal\51337600F56B69473E15EAFB8A7586B4\MQL4 folder started
0	08:17:00.481	LiveUpdate: update C:\Users\SRIE\AppData\Roaming\MetaQuotes\Terminal\51337600F56B69473E15EAFB8A7586B4\MQL4 folder finished
0	08:17:00.585	Admiral Markets build 1260 started (Admiral Markets Group AS)
0	08:17:00.586	Windows 10 Pro x64, IE 11, UAC, 8 x Intel Core i7-10510U  @ 1.80GHz, Memory: 415 / 8014 Mb, Disk: 110 / 237 Gb, GMT+3
0	08:17:00.586	Data Folder: C:\Users\SRIE\AppData\Roaming\MetaQuotes\Terminal\51337600F56B69473E15EAFB8A7586B4
0	08:17:01.518	Sources recompilation started
0	08:17:14.570	Sources recompilation finished (28 compiled in 13047 msec)
0	09:51:50.746	'23836281': login on AdmiralMarkets-Demo through Access Point #1 (ping: 259.39 ms)
0	09:53:00.078	'23836281': login on AdmiralMarkets-Demo through Access Point #6 (ping: 226.67 ms)
0	09:53:26.069	'23836281': login datacenter on AdmiralMarkets-Demo through Access Point #6 (ping: 226.67 ms)
0	09:53:26.779	'23836281': previous successful authorization performed from 197.149.28.96
0	09:53:53.482	'23836281': ping to current access point Access Point #6 is 237.76 ms
0	09:54:56.930	'23836281': login datacenter on AdmiralMarkets-Demo
0	09:55:06.222	'23836281': login on AdmiralMarkets-Demo through Access Point #3 (ping: 266.25 ms)
0	09:56:06.980	'23836281': login datacenter on AdmiralMarkets-Demo
0	09:56:13.557	'23836281': login on AdmiralMarkets-Demo through Access Point #1 (ping: 287.82 ms)
1	09:56:22.989	'23836281': datacenter connecting failed [6]
0	09:56:23.993	'23836281': ping to current access point Access Point #1 is 1503.60 ms
0	09:56:24.093	Admiral Markets build 1260 stopped
0	15:29:43.881	Admiral Markets build 1260 started (Admiral Markets Group AS)
0	15:29:43.882	Windows 10 Pro x64, IE 11, UAC, 8 x Intel Core i7-10510U  @ 1.80GHz, Memory: 984 / 8014 Mb, Disk: 106 / 237 Gb, GMT+3
0	15:29:43.882	Data Folder: C:\Users\SRIE\AppData\Roaming\MetaQuotes\Terminal\51337600F56B69473E15EAFB8A7586B4
0	15:29:51.110	'23836281': login on AdmiralMarkets-Demo through Access Point #1 (ping: 1503.60 ms)
0	15:30:02.617	'23836281': login datacenter on AdmiralMarkets-Demo through Access Point #1 (ping: 1503.60 ms)
0	15:30:06.788	'23836281': previous successful authorization performed from 197.149.28.96
0	15:30:16.075	'23836281': auto connecting to a better access point Access Point #6 (ping is 224.43 ms)
0	15:30:16.894	'23836281': login on AdmiralMarkets-Demo through Access Point #6 (ping: 224.43 ms)
0	15:30:18.605	'23836281': login datacenter on AdmiralMarkets-Demo through Access Point #6 (ping: 224.43 ms)
0	15:30:19.445	'23836281': previous successful authorization performed from 197.149.28.96
0	15:33:07.477	'23836281': one click trading has been enabled
1	15:33:21.605	'23836281': order buy 0.10 GBPCHF opening at market sl: 0.00000 tp: 0.00000 failed [Not enough money]
1	15:33:21.605	'23836281': order #0 buy 0.10 GBPCHF at 0.00000 failed [Not enough money]
1	15:33:22.969	'23836281': order buy 0.10 GBPCHF opening at market sl: 0.00000 tp: 0.00000 failed [Not enough money]
1	15:33:22.969	'23836281': order #0 buy 0.10 GBPCHF at 0.00000 failed [Not enough money]
1	15:33:26.478	'23836281': order buy 1.00 GBPCHF opening at market sl: 0.00000 tp: 0.00000 failed [Not enough money]
1	15:33:26.478	'23836281': order #0 buy 1.00 GBPCHF at 0.00000 failed [Not enough money]
1	15:33:35.105	'23836281': order buy 5.00 GBPCHF opening at market sl: 0.00000 tp: 0.00000 failed [Not enough money]
1	15:33:35.105	'23836281': order #0 buy 5.00 GBPCHF at 0.00000 failed [Not enough money]
1	15:33:57.598	'23836281': order buy 5.00 GBPCHF opening at market sl: 0.00000 tp: 0.00000 failed [Not enough money]
1	15:33:57.598	'23836281': order #0 buy 5.00 GBPCHF at 0.00000 failed [Not enough money]
1	15:33:58.073	'23836281': order buy 5.00 GBPCHF opening at market sl: 0.00000 tp: 0.00000 failed [Not enough money]
1	15:33:58.073	'23836281': order #0 buy 5.00 GBPCHF at 0.00000 failed [Not enough money]
0	15:34:01.305	Admiral Markets build 1260 stopped
