1	00:01:12.054	'27134140': connect failed [Connection échouée]
0	00:02:53.241	'27134140': login on AdmiralMarkets-Live through Access Point #5 (ping: n/a)
0	00:03:10.551	'27134140': login datacenter on AdmiralMarkets-Live through Access Point #5 (ping: n/a)
0	00:03:11.224	'27134140': previous successful authorization performed from 197.149.38.44
0	00:03:50.371	'27134140': ping to current access point Access Point #5 is 248.83 ms
1	00:11:31.223	'27134140': ping failed
0	00:11:32.603	'27134140': login datacenter on AdmiralMarkets-Live
0	00:11:34.008	'27134140': login on AdmiralMarkets-Live through Access Point #6 (ping: 255.15 ms)
0	00:11:41.232	'27134140': login datacenter on AdmiralMarkets-Live through Access Point #6 (ping: 255.15 ms)
0	00:11:43.814	'27134140': previous successful authorization performed from 197.149.38.44
2	06:30:56.024	Custom indicator AIMS Levels V2 [DJI30],M1: removed
2	06:30:56.024	Custom indicator AIMS Entry Alert V1 [DJI30],M1: removed
2	06:30:56.026	Custom indicator CandleTimer [DJI30],M1: removed
2	06:30:56.026	Custom indicator #Signal_Bars_v6 [DJI30],M1: removed
2	06:30:56.134	Custom indicator TrendEnvelopes_v1 [DJI30],M1: removed
2	06:30:56.156	Custom indicator guppy_multiple_moving_averages [DJI30],M1: removed
2	06:30:56.161	Custom indicator wedges [DJI30],M1: removed
2	06:30:56.189	Custom indicator AIMS AO V.2.1 [DJI30],M1: removed
2	06:30:56.194	Custom indicator IVT_MACD_ZERO_LAG [DJI30],M1: removed
2	06:30:56.201	Custom indicator RSI Divergence Levels [DJI30],M1: removed
2	06:30:56.216	Custom indicator JoeChalhoub_FXForecasterV1 [DJI30],M1: removed
2	06:30:56.257	Custom indicator CandleTimer [DJI30],M1: loaded successfully
2	06:31:10.088	Custom indicator CandleTimer [DJI30],M1: removed
2	06:31:10.101	Custom indicator EDx [DJI30],M1: loaded successfully
2	06:31:10.111	Custom indicator ESr2 [DJI30],M1: loaded successfully
2	06:31:10.200	Custom indicator ETr2 [DJI30],M1: loaded successfully
2	06:31:27.966	Custom indicator EDx [DJI30],M1: removed
2	06:31:27.967	Custom indicator ESr2 [DJI30],M1: removed
2	06:31:27.969	Custom indicator ETr2 [DJI30],M1: removed
2	06:31:27.983	Custom indicator TDI Pro Fixed for vitalfx [DJI30],M1: loaded successfully
2	06:31:37.203	Custom indicator TDI Pro Fixed for vitalfx [DJI30],M1: removed
2	06:31:37.362	Custom indicator AIMS Levels V2 [DJI30],M1: loaded successfully
2	06:31:37.434	Custom indicator AIMS Entry Alert V1 [DJI30],M1: loaded successfully
2	06:31:37.439	Custom indicator CandleTimer [DJI30],M1: loaded successfully
2	06:31:37.526	Custom indicator #Signal_Bars_v6 [DJI30],M1: loaded successfully
2	06:31:37.550	Custom indicator TrendEnvelopes_v1 [DJI30],M1: loaded successfully
2	06:31:37.558	Custom indicator guppy_multiple_moving_averages [DJI30],M1: loaded successfully
2	06:31:37.567	Custom indicator wedges [DJI30],M1: loaded successfully
2	06:31:37.631	Custom indicator AIMS AO V.2.1 [DJI30],M1: loaded successfully
2	06:31:37.642	Custom indicator IVT_MACD_ZERO_LAG [DJI30],M1: loaded successfully
2	06:31:37.664	Custom indicator RSI Divergence Levels [DJI30],M1: loaded successfully
2	06:31:37.676	Custom indicator JoeChalhoub_FXForecasterV1 [DJI30],M1: loaded successfully
2	06:55:19.605	Custom indicator AIMS Levels V2 AUDNZD,H1: removed
2	06:55:19.695	Custom indicator AIMS Entry Alert V1 AUDNZD,H1: removed
2	06:55:19.766	Custom indicator CandleTimer AUDNZD,H1: removed
2	06:55:19.892	Custom indicator #Signal_Bars_v6 AUDNZD,H1: removed
2	06:55:19.918	Custom indicator TrendEnvelopes_v1 AUDNZD,H1: removed
2	06:55:19.962	Custom indicator guppy_multiple_moving_averages AUDNZD,H1: removed
2	06:55:19.994	Custom indicator wedges AUDNZD,H1: removed
2	06:55:20.001	Custom indicator AIMS AO V.2.1 AUDNZD,H1: removed
2	06:55:20.046	Custom indicator IVT_MACD_ZERO_LAG AUDNZD,H1: removed
2	06:55:20.120	Custom indicator RSI Divergence Levels AUDNZD,H1: removed
2	06:55:20.211	Custom indicator JoeChalhoub_FXForecasterV1 AUDNZD,H1: removed
2	07:08:55.709	Custom indicator AIMS Levels V2 GBPJPY,H1: loaded successfully
2	07:08:55.774	Custom indicator AIMS Entry Alert V1 GBPJPY,H1: loaded successfully
2	07:08:55.782	Custom indicator CandleTimer GBPJPY,H1: loaded successfully
2	07:08:55.955	Custom indicator #Signal_Bars_v6 GBPJPY,H1: loaded successfully
2	07:08:55.964	Custom indicator TrendEnvelopes_v1 GBPJPY,H1: loaded successfully
2	07:08:56.021	Custom indicator guppy_multiple_moving_averages GBPJPY,H1: loaded successfully
2	07:08:56.031	Custom indicator wedges GBPJPY,H1: loaded successfully
2	07:08:56.099	Custom indicator AIMS AO V.2.1 GBPJPY,H1: loaded successfully
2	07:08:56.107	Custom indicator IVT_MACD_ZERO_LAG GBPJPY,H1: loaded successfully
2	07:08:56.117	Custom indicator RSI Divergence Levels GBPJPY,H1: loaded successfully
2	07:08:56.128	Custom indicator JoeChalhoub_FXForecasterV1 GBPJPY,H1: loaded successfully
0	07:09:23.357	'27134140': order buy market 0.10 GBPJPY sl: 0.000 tp: 0.000
0	07:09:23.992	'27134140': order was opened : #71200674 buy 0.10 GBPJPY at 136.236 sl: 0.000 tp: 0.000
0	07:09:27.312	Notifications: 'order opened #71200674 buy 0.10 GBPJPY at 136.236' sent to 'A37163A9'
0	07:10:02.439	'27134140': modify order #71200674 buy 0.10 GBPJPY at 136.236 sl: 0.000 tp: 0.000 -> sl: 135.366 tp: 140.270
0	07:10:02.721	'27134140': order #71200674 buy 0.10 GBPJPY at 136.236 was modified -> sl: 135.366 tp: 140.270
0	07:10:03.709	Notifications: 'order #71200674 buy 0.10 GBPJPY at 136.236 modified: sl: 0.000 tp: 0.000 -> sl: 135.366 tp: 140.270' sent to 'A37163A9'
2	07:10:50.976	Custom indicator AIMS Levels V2 AUDUSD,H1: loaded successfully
2	07:10:51.039	Custom indicator AIMS Entry Alert V1 AUDUSD,H1: loaded successfully
2	07:10:51.108	Custom indicator CandleTimer AUDUSD,H1: loaded successfully
2	07:10:51.205	Custom indicator #Signal_Bars_v6 AUDUSD,H1: loaded successfully
2	07:10:51.213	Custom indicator TrendEnvelopes_v1 AUDUSD,H1: loaded successfully
2	07:10:51.219	Custom indicator guppy_multiple_moving_averages AUDUSD,H1: loaded successfully
2	07:10:51.330	Custom indicator wedges AUDUSD,H1: loaded successfully
2	07:10:51.434	Custom indicator AIMS AO V.2.1 AUDUSD,H1: loaded successfully
2	07:10:51.441	Custom indicator IVT_MACD_ZERO_LAG AUDUSD,H1: loaded successfully
2	07:10:51.449	Custom indicator RSI Divergence Levels AUDUSD,H1: loaded successfully
2	07:10:51.578	Custom indicator JoeChalhoub_FXForecasterV1 AUDUSD,H1: loaded successfully
0	07:11:23.284	'27134140': order buy market 0.10 AUDUSD sl: 0.00000 tp: 0.00000
0	07:11:23.786	'27134140': order was opened : #71200691 buy 0.10 AUDUSD at 0.72760 sl: 0.00000 tp: 0.00000
0	07:11:25.054	Notifications: 'order opened #71200691 buy 0.10 AUDUSD at 0.72760' sent to 'A37163A9'
0	07:11:56.732	'27134140': modify order #71200691 buy 0.10 AUDUSD at 0.72760 sl: 0.00000 tp: 0.00000 -> sl: 0.72508 tp: 0.73615
0	07:11:57.023	'27134140': order #71200691 buy 0.10 AUDUSD at 0.72760 was modified -> sl: 0.72508 tp: 0.73615
0	07:11:58.001	Notifications: 'order #71200691 buy 0.10 AUDUSD at 0.72760 modified: sl: 0.00000 tp: 0.00000 -> sl: 0.72508 tp: 0.73615' sent to 'A37163A9'
2	07:12:35.589	Custom indicator AIMS Levels V2 AUDNZD,H1: loaded successfully
2	07:12:35.651	Custom indicator AIMS Entry Alert V1 AUDNZD,H1: loaded successfully
2	07:12:35.657	Custom indicator CandleTimer AUDNZD,H1: loaded successfully
2	07:12:35.719	Custom indicator #Signal_Bars_v6 AUDNZD,H1: loaded successfully
2	07:12:35.726	Custom indicator TrendEnvelopes_v1 AUDNZD,H1: loaded successfully
2	07:12:35.733	Custom indicator guppy_multiple_moving_averages AUDNZD,H1: loaded successfully
2	07:12:35.740	Custom indicator wedges AUDNZD,H1: loaded successfully
2	07:12:35.802	Custom indicator AIMS AO V.2.1 AUDNZD,H1: loaded successfully
2	07:12:35.809	Custom indicator IVT_MACD_ZERO_LAG AUDNZD,H1: loaded successfully
2	07:12:35.906	Custom indicator RSI Divergence Levels AUDNZD,H1: loaded successfully
2	07:12:35.919	Custom indicator JoeChalhoub_FXForecasterV1 AUDNZD,H1: loaded successfully
0	07:12:56.985	'27134140': order buy market 0.10 AUDNZD sl: 0.00000 tp: 0.00000
0	07:12:57.490	'27134140': order was opened : #71200697 buy 0.10 AUDNZD at 1.09215 sl: 0.00000 tp: 0.00000
0	07:12:58.420	Notifications: 'order opened #71200697 buy 0.10 AUDNZD at 1.09215' sent to 'A37163A9'
0	07:14:09.236	'27134140': modify order #71200697 buy 0.10 AUDNZD at 1.09215 sl: 0.00000 tp: 0.00000 -> sl: 1.09015 tp: 1.09763
0	07:14:09.578	'27134140': order #71200697 buy 0.10 AUDNZD at 1.09215 was modified -> sl: 1.09015 tp: 1.09763
0	07:14:11.212	Notifications: 'order #71200697 buy 0.10 AUDNZD at 1.09215 modified: sl: 0.00000 tp: 0.00000 -> sl: 1.09015 tp: 1.09763' sent to 'A37163A9'
2	07:14:52.779	Custom indicator AIMS Levels V2 GBPCAD,H1: loaded successfully
2	07:14:52.841	Custom indicator AIMS Entry Alert V1 GBPCAD,H1: loaded successfully
2	07:14:52.846	Custom indicator CandleTimer GBPCAD,H1: loaded successfully
2	07:14:52.909	Custom indicator #Signal_Bars_v6 GBPCAD,H1: loaded successfully
2	07:14:53.034	Custom indicator TrendEnvelopes_v1 GBPCAD,H1: loaded successfully
2	07:14:53.066	Custom indicator guppy_multiple_moving_averages GBPCAD,H1: loaded successfully
2	07:14:53.086	Custom indicator wedges GBPCAD,H1: loaded successfully
2	07:14:53.158	Custom indicator AIMS AO V.2.1 GBPCAD,H1: loaded successfully
2	07:14:53.166	Custom indicator IVT_MACD_ZERO_LAG GBPCAD,H1: loaded successfully
2	07:14:53.174	Custom indicator RSI Divergence Levels GBPCAD,H1: loaded successfully
2	07:14:53.193	Custom indicator JoeChalhoub_FXForecasterV1 GBPCAD,H1: loaded successfully
0	07:15:15.797	'27134140': order buy market 0.10 GBPCAD sl: 0.00000 tp: 0.00000
0	07:15:16.202	'27134140': order was opened : #71200727 buy 0.10 GBPCAD at 1.69028 sl: 0.00000 tp: 0.00000
0	07:15:17.373	Notifications: 'order opened #71200727 buy 0.10 GBPCAD at 1.69028' sent to 'A37163A9'
0	07:15:43.717	'27134140': modify order #71200727 buy 0.10 GBPCAD at 1.69028 sl: 0.00000 tp: 0.00000 -> sl: 1.68162 tp: 1.70710
0	07:15:44.003	'27134140': order #71200727 buy 0.10 GBPCAD at 1.69028 was modified -> sl: 1.68162 tp: 1.70710
0	07:15:44.910	Notifications: 'order #71200727 buy 0.10 GBPCAD at 1.69028 modified: sl: 0.00000 tp: 0.00000 -> sl: 1.68162 tp: 1.70710' sent to 'A37163A9'
2	07:16:28.459	Custom indicator AIMS Levels V2 GBPCHF,H1: loaded successfully
2	07:16:28.524	Custom indicator AIMS Entry Alert V1 GBPCHF,H1: loaded successfully
2	07:16:28.530	Custom indicator CandleTimer GBPCHF,H1: loaded successfully
2	07:16:28.594	Custom indicator #Signal_Bars_v6 GBPCHF,H1: loaded successfully
2	07:16:28.600	Custom indicator TrendEnvelopes_v1 GBPCHF,H1: loaded successfully
2	07:16:28.608	Custom indicator guppy_multiple_moving_averages GBPCHF,H1: loaded successfully
2	07:16:28.615	Custom indicator wedges GBPCHF,H1: loaded successfully
2	07:16:28.678	Custom indicator AIMS AO V.2.1 GBPCHF,H1: loaded successfully
2	07:16:28.687	Custom indicator IVT_MACD_ZERO_LAG GBPCHF,H1: loaded successfully
2	07:16:28.696	Custom indicator RSI Divergence Levels GBPCHF,H1: loaded successfully
2	07:16:28.797	Custom indicator JoeChalhoub_FXForecasterV1 GBPCHF,H1: loaded successfully
0	07:17:11.118	'27134140': order buy market 0.10 GBPCHF sl: 0.00000 tp: 0.00000
0	07:17:11.595	'27134140': order was opened : #71200736 buy 0.10 GBPCHF at 1.16727 sl: 0.00000 tp: 0.00000
0	07:17:14.650	Notifications: 'order opened #71200736 buy 0.10 GBPCHF at 1.16727' sent to 'A37163A9'
0	07:17:56.108	'27134140': modify order #71200736 buy 0.10 GBPCHF at 1.16727 sl: 0.00000 tp: 0.00000 -> sl: 1.16134 tp: 1.18477
0	07:17:56.565	'27134140': order #71200736 buy 0.10 GBPCHF at 1.16727 was modified -> sl: 1.16134 tp: 1.18477
0	07:17:59.496	Notifications: 'order #71200736 buy 0.10 GBPCHF at 1.16727 modified: sl: 0.00000 tp: 0.00000 -> sl: 1.16134 tp: 1.18477' sent to 'A37163A9'
0	07:18:57.006	'27134140': order buy market 0.10 GBPUSD sl: 0.00000 tp: 0.00000
0	07:18:57.469	'27134140': order was opened : #71200749 buy 0.10 GBPUSD at 1.28304 sl: 0.00000 tp: 0.00000
0	07:18:58.478	Notifications: 'order opened #71200749 buy 0.10 GBPUSD at 1.28304' sent to 'A37163A9'
0	07:19:29.276	'27134140': modify order #71200749 buy 0.10 GBPUSD at 1.28304 sl: 0.00000 tp: 0.00000 -> sl: 1.27573 tp: 1.30371
0	07:19:29.557	'27134140': order #71200749 buy 0.10 GBPUSD at 1.28304 was modified -> sl: 1.27573 tp: 1.30371
0	07:19:32.045	Notifications: 'order #71200749 buy 0.10 GBPUSD at 1.28304 modified: sl: 0.00000 tp: 0.00000 -> sl: 1.27573 tp: 1.30371' sent to 'A37163A9'
2	07:27:48.175	Custom indicator AIMS Levels V2 EURUSD,H1: removed
2	07:27:48.188	Custom indicator AIMS Entry Alert V1 EURUSD,H1: removed
2	07:27:48.294	Custom indicator CandleTimer EURUSD,H1: removed
2	07:27:48.376	Custom indicator #Signal_Bars_v6 EURUSD,H1: removed
2	07:27:48.406	Custom indicator TrendEnvelopes_v1 EURUSD,H1: removed
2	07:27:48.465	Custom indicator guppy_multiple_moving_averages EURUSD,H1: removed
2	07:27:48.493	Custom indicator wedges EURUSD,H1: removed
2	07:27:48.493	Custom indicator AIMS AO V.2.1 EURUSD,H1: removed
2	07:27:48.506	Custom indicator IVT_MACD_ZERO_LAG EURUSD,H1: removed
2	07:27:48.532	Custom indicator RSI Divergence Levels EURUSD,H1: removed
2	07:27:48.636	Custom indicator JoeChalhoub_FXForecasterV1 EURUSD,H1: removed
2	07:27:55.636	Custom indicator AIMS Levels V2 USDCAD,H1: removed
2	07:27:55.669	Custom indicator AIMS Entry Alert V1 USDCAD,H1: removed
2	07:27:55.672	Custom indicator CandleTimer USDCAD,H1: removed
2	07:27:55.710	Custom indicator #Signal_Bars_v6 USDCAD,H1: removed
2	07:27:55.742	Custom indicator TrendEnvelopes_v1 USDCAD,H1: removed
2	07:27:55.803	Custom indicator guppy_multiple_moving_averages USDCAD,H1: removed
2	07:27:55.830	Custom indicator wedges USDCAD,H1: removed
2	07:27:55.840	Custom indicator AIMS AO V.2.1 USDCAD,H1: removed
2	07:27:55.841	Custom indicator IVT_MACD_ZERO_LAG USDCAD,H1: removed
2	07:27:55.877	Custom indicator RSI Divergence Levels USDCAD,H1: removed
2	07:27:55.909	Custom indicator JoeChalhoub_FXForecasterV1 USDCAD,H1: removed
2	07:27:59.944	Custom indicator AIMS Levels V2 NZDCHF,H1: removed
2	07:27:59.971	Custom indicator AIMS Entry Alert V1 NZDCHF,H1: removed
2	07:28:00.053	Custom indicator CandleTimer NZDCHF,H1: removed
2	07:28:00.108	Custom indicator #Signal_Bars_v6 NZDCHF,H1: removed
2	07:28:00.112	Custom indicator TrendEnvelopes_v1 NZDCHF,H1: removed
2	07:28:00.116	Custom indicator guppy_multiple_moving_averages NZDCHF,H1: removed
2	07:28:00.131	Custom indicator wedges NZDCHF,H1: removed
2	07:28:00.168	Custom indicator AIMS AO V.2.1 NZDCHF,H1: removed
2	07:28:00.210	Custom indicator IVT_MACD_ZERO_LAG NZDCHF,H1: removed
2	07:28:00.227	Custom indicator RSI Divergence Levels NZDCHF,H1: removed
2	07:28:00.255	Custom indicator JoeChalhoub_FXForecasterV1 NZDCHF,H1: removed
2	07:28:10.725	Custom indicator AIMS Levels V2 USDCAD,H1: removed
2	07:28:10.726	Custom indicator AIMS Entry Alert V1 USDCAD,H1: removed
2	07:28:10.776	Custom indicator CandleTimer USDCAD,H1: removed
2	07:28:10.825	Custom indicator #Signal_Bars_v6 USDCAD,H1: removed
2	07:28:10.884	Custom indicator TrendEnvelopes_v1 USDCAD,H1: removed
2	07:28:10.898	Custom indicator guppy_multiple_moving_averages USDCAD,H1: removed
2	07:28:10.927	Custom indicator wedges USDCAD,H1: removed
2	07:28:10.928	Custom indicator AIMS AO V.2.1 USDCAD,H1: removed
2	07:28:10.956	Custom indicator IVT_MACD_ZERO_LAG USDCAD,H1: removed
2	07:28:11.000	Custom indicator RSI Divergence Levels USDCAD,H1: removed
2	07:28:11.030	Custom indicator JoeChalhoub_FXForecasterV1 USDCAD,H1: removed
0	07:43:03.054	Notifications: 'Classical RSI bearish divergence on:  [DAX30]' sent to 'A37163A9'
1	07:49:11.721	'27134140': ping failed
1	07:49:11.864	'27134140': datacenter connecting failed [6]
0	07:49:12.856	'27134140': login on AdmiralMarkets-Live through Access Point #4 (ping: 258.89 ms)
0	07:50:10.293	'27134140': login datacenter on AdmiralMarkets-Live through Access Point #4 (ping: 258.89 ms)
0	07:50:10.946	'27134140': previous successful authorization performed from 154.126.11.172
0	07:51:04.897	'27134140': auto connecting to a better access point Access Point #1 (ping is 253.66 ms)
0	07:51:06.296	'27134140': login on AdmiralMarkets-Live through Access Point #1 (ping: 253.66 ms)
0	07:51:12.919	'27134140': login datacenter on AdmiralMarkets-Live through Access Point #1 (ping: 253.66 ms)
0	07:51:15.168	'27134140': previous successful authorization performed from 197.149.38.44
0	08:41:59.515	Notifications: 'Classical RSI bearish divergence on:  [DJI30]' sent to 'A37163A9'
0	09:15:00.944	Notifications: 'Classical RSI bullish divergence on:  [DAX30]' sent to 'A37163A9'
0	09:37:04.279	'27134140': order sell market 1.00 [DJI30] sl: 0.00 tp: 0.00
0	09:37:04.975	'27134140': order was opened : #71203261 sell 1.00 [DJI30] at 27687.05 sl: 0.00 tp: 0.00
0	09:37:06.176	Notifications: 'order opened #71203261 sell 1.00 [DJI30] at 27687.05' sent to 'A37163A9'
1	09:39:42.378	'27134140': datacenter connecting failed [6]
0	09:39:43.289	'27134140': login on AdmiralMarkets-Live through Access Point #4 (ping: 248.38 ms)
0	09:39:47.994	'27134140': login datacenter on AdmiralMarkets-Live through Access Point #4 (ping: 248.38 ms)
0	09:39:49.410	'27134140': previous successful authorization performed from 197.149.38.44
0	09:40:14.243	'27134140': auto connecting to a better access point Access Point #6 (ping is 217.54 ms)
0	09:40:15.037	'27134140': login on AdmiralMarkets-Live through Access Point #6 (ping: 217.54 ms)
0	09:40:18.972	'27134140': login datacenter on AdmiralMarkets-Live through Access Point #6 (ping: 217.54 ms)
0	09:40:19.609	'27134140': previous successful authorization performed from 197.149.38.44
0	09:41:16.787	Notifications: 'order #71203261 sell 1.00 [DJI30] at 27687.05 closed at price 27667.06, profit: 19.99 USD' sent to 'A37163A9'
0	09:42:04.323	Notifications: 'order opened #71203452 sell 1.00 [DJI30] at 27648.06' sent to 'A37163A9'
0	10:19:03.026	Notifications: 'Classical RSI bearish divergence on:  GBPCAD' sent to 'A37163A9'
0	10:22:00.747	Notifications: 'Classical RSI bearish divergence on:  GBPCAD' sent to 'A37163A9'
0	10:22:07.179	'27134140': order buy market 1.00 [DJI30] sl: 0.00 tp: 0.00
0	10:22:07.731	'27134140': order was opened : #71206033 buy 1.00 [DJI30] at 27769.13 sl: 0.00 tp: 0.00
0	10:22:08.738	Notifications: 'order opened #71206033 buy 1.00 [DJI30] at 27769.13' sent to 'A37163A9'
0	10:22:45.428	'27134140': close order #71206033 buy 1.00 [DJI30] at 27769.13 sl: 0.00 tp: 0.00 at price 0.00
0	10:22:45.951	'27134140': order #71206033 buy 1.00 [DJI30] at 27769.13 sl: 0.00 tp: 0.00 closed at price 27755.63
0	10:22:48.158	Notifications: 'order #71206033 buy 1.00 [DJI30] at 27769.13 closed at price 27755.63, profit: -13.50 USD' sent to 'A37163A9'
0	10:23:45.618	'27134140': order buy market 1.00 [DJI30] sl: 0.00 tp: 0.00
0	10:23:46.165	'27134140': order was opened : #71206223 buy 1.00 [DJI30] at 27767.63 sl: 0.00 tp: 0.00
0	10:23:47.303	Notifications: 'order opened #71206223 buy 1.00 [DJI30] at 27767.63' sent to 'A37163A9'
0	10:25:30.299	'27134140': close order #71206223 buy 1.00 [DJI30] at 27767.63 sl: 0.00 tp: 0.00 at price 0.00
0	10:25:30.824	'27134140': order #71206223 buy 1.00 [DJI30] at 27767.63 sl: 0.00 tp: 0.00 closed at price 27772.63
0	10:25:31.937	Notifications: 'order #71206223 buy 1.00 [DJI30] at 27767.63 closed at price 27772.63, profit: 5.00 USD' sent to 'A37163A9'
0	10:31:14.573	'27134140': order sell market 1.00 [DJI30] sl: 0.00 tp: 0.00
0	10:31:15.131	'27134140': order was opened : #71206967 sell 1.00 [DJI30] at 27744.13 sl: 0.00 tp: 0.00
0	10:31:16.072	Notifications: 'order opened #71206967 sell 1.00 [DJI30] at 27744.13' sent to 'A37163A9'
0	10:35:25.450	'27134140': close order #71206967 sell 1.00 [DJI30] at 27744.13 sl: 0.00 tp: 0.00 at price 0.00
0	10:35:25.990	'27134140': order #71206967 sell 1.00 [DJI30] at 27744.13 sl: 0.00 tp: 0.00 closed at price 27727.14
0	10:35:28.194	Notifications: 'order #71206967 sell 1.00 [DJI30] at 27744.13 closed at price 27727.14, profit: 16.99 USD' sent to 'A37163A9'
2	10:40:35.746	Custom indicator AIMS Levels V2 EURNZD,H1: loaded successfully
2	10:40:35.813	Custom indicator AIMS Entry Alert V1 EURNZD,H1: loaded successfully
2	10:40:35.882	Custom indicator CandleTimer EURNZD,H1: loaded successfully
2	10:40:35.957	Custom indicator #Signal_Bars_v6 EURNZD,H1: loaded successfully
2	10:40:36.019	Custom indicator TrendEnvelopes_v1 EURNZD,H1: loaded successfully
2	10:40:36.031	Custom indicator guppy_multiple_moving_averages EURNZD,H1: loaded successfully
2	10:40:36.041	Custom indicator wedges EURNZD,H1: loaded successfully
2	10:40:36.101	Custom indicator AIMS AO V.2.1 EURNZD,H1: loaded successfully
2	10:40:36.109	Custom indicator IVT_MACD_ZERO_LAG EURNZD,H1: loaded successfully
2	10:40:36.124	Custom indicator RSI Divergence Levels EURNZD,H1: loaded successfully
2	10:40:36.154	Custom indicator JoeChalhoub_FXForecasterV1 EURNZD,H1: loaded successfully
0	10:41:00.310	'27134140': order sell market 0.10 EURNZD sl: 0.00000 tp: 0.00000
0	10:41:00.811	'27134140': order was opened : #71207761 sell 0.10 EURNZD at 1.77381 sl: 0.00000 tp: 0.00000
0	10:41:01.818	Notifications: 'order opened #71207761 sell 0.10 EURNZD at 1.77381' sent to 'A37163A9'
0	10:41:33.587	'27134140': modify order #71207761 sell 0.10 EURNZD at 1.77381 sl: 0.00000 tp: 0.00000 -> sl: 1.78050 tp: 1.75990
0	10:41:33.914	'27134140': order #71207761 sell 0.10 EURNZD at 1.77381 was modified -> sl: 1.78050 tp: 1.75990
0	10:41:35.588	Notifications: 'order #71207761 sell 0.10 EURNZD at 1.77381 modified: sl: 0.00000 tp: 0.00000 -> sl: 1.78050 tp: 1.75990' sent to 'A37163A9'
0	10:50:59.662	Notifications: 'Classical RSI bullish divergence on:  [DAX30]' sent to 'A37163A9'
0	11:09:04.134	'27134140': order buy market 1.00 [DJI30] sl: 0.00 tp: 0.00
0	11:09:04.688	'27134140': order was opened : #71209956 buy 1.00 [DJI30] at 27732.19 sl: 0.00 tp: 0.00
0	11:09:07.137	Notifications: 'order opened #71209956 buy 1.00 [DJI30] at 27732.19' sent to 'A37163A9'
0	11:10:25.528	'27134140': close order #71209956 buy 1.00 [DJI30] at 27732.19 sl: 0.00 tp: 0.00 at price 0.00
0	11:10:26.368	'27134140': order #71209956 buy 1.00 [DJI30] at 27732.19 sl: 0.00 tp: 0.00 closed at price 27721.20
0	11:10:27.941	Notifications: 'order #71209956 buy 1.00 [DJI30] at 27732.19 closed at price 27721.20, profit: -10.99 USD' sent to 'A37163A9'
0	11:12:14.403	'27134140': order buy market 1.00 [DJI30] sl: 0.00 tp: 0.00
0	11:12:14.937	'27134140': order was opened : #71210159 buy 1.00 [DJI30] at 27736.69 sl: 0.00 tp: 0.00
0	11:12:17.912	Notifications: 'order opened #71210159 buy 1.00 [DJI30] at 27736.69' sent to 'A37163A9'
0	11:13:01.409	'27134140': close order #71210159 buy 1.00 [DJI30] at 27736.69 sl: 0.00 tp: 0.00 at price 0.00
0	11:13:01.987	'27134140': order #71210159 buy 1.00 [DJI30] at 27736.69 sl: 0.00 tp: 0.00 closed at price 27728.70
0	11:13:03.405	Notifications: 'order #71210159 buy 1.00 [DJI30] at 27736.69 closed at price 27728.70, profit: -7.99 USD' sent to 'A37163A9'
0	11:13:43.225	'27134140': close order #71200691 buy 0.10 AUDUSD at 0.72760 sl: 0.72508 tp: 0.73615 at price 0.00000
0	11:13:43.628	'27134140': order #71200691 buy 0.10 AUDUSD at 0.72760 sl: 0.72508 tp: 0.73615 closed at price 0.72912
0	11:13:44.776	Notifications: 'order #71200691 buy 0.10 AUDUSD at 0.72760 closed at price 0.72912, profit: 15.20 USD' sent to 'A37163A9'
0	11:52:51.599	'27134140': modify order #71200736 buy 0.10 GBPCHF at 1.16727 sl: 1.16134 tp: 1.18477 -> sl: 1.16060 tp: 1.18477
0	11:52:52.230	'27134140': order #71200736 buy 0.10 GBPCHF at 1.16727 was modified -> sl: 1.16060 tp: 1.18477
0	11:52:54.202	Notifications: 'order #71200736 buy 0.10 GBPCHF at 1.16727 modified: sl: 1.16134 tp: 1.18477 -> sl: 1.16060 tp: 1.18477' sent to 'A37163A9'
0	11:57:35.618	'27134140': modify order #71200736 buy 0.10 GBPCHF at 1.16727 sl: 1.16060 tp: 1.18477 -> sl: 1.15878 tp: 1.18477
0	11:57:35.934	'27134140': order #71200736 buy 0.10 GBPCHF at 1.16727 was modified -> sl: 1.15878 tp: 1.18477
0	11:57:37.707	Notifications: 'order #71200736 buy 0.10 GBPCHF at 1.16727 modified: sl: 1.16060 tp: 1.18477 -> sl: 1.15878 tp: 1.18477' sent to 'A37163A9'
0	12:02:52.072	'27134140': order #71200727 buy 0.10 GBPCAD at 1.69028 closed due stop-loss at price 1.68155
0	12:02:52.922	Notifications: 'order #71200727 buy 0.10 GBPCAD at 1.69028 closed due stop-loss at price 1.68155, profit: -66.25 USD' sent to 'A37163A9'
0	12:11:58.820	Notifications: 'Classical RSI bullish divergence on:  GBPCAD' sent to 'A37163A9'
0	12:21:21.755	'27134140': modify order #71200749 buy 0.10 GBPUSD at 1.28304 sl: 1.27573 tp: 1.30371 -> sl: 1.27125 tp: 1.30371
0	12:21:22.040	'27134140': order #71200749 buy 0.10 GBPUSD at 1.28304 was modified -> sl: 1.27125 tp: 1.30371
0	12:21:23.633	Notifications: 'order #71200749 buy 0.10 GBPUSD at 1.28304 modified: sl: 1.27573 tp: 1.30371 -> sl: 1.27125 tp: 1.30371' sent to 'A37163A9'
0	12:21:54.604	'27134140': modify order #71200697 buy 0.10 AUDNZD at 1.09215 sl: 1.09015 tp: 1.09763 -> sl: 1.08930 tp: 1.09763
0	12:21:55.201	'27134140': order #71200697 buy 0.10 AUDNZD at 1.09215 was modified -> sl: 1.08930 tp: 1.09763
0	12:21:56.951	Notifications: 'order #71200697 buy 0.10 AUDNZD at 1.09215 modified: sl: 1.09015 tp: 1.09763 -> sl: 1.08930 tp: 1.09763' sent to 'A37163A9'
0	12:22:08.260	'27134140': modify order #71200736 buy 0.10 GBPCHF at 1.16727 sl: 1.15878 tp: 1.18477 -> sl: 1.15820 tp: 1.18477
0	12:22:08.554	'27134140': order #71200736 buy 0.10 GBPCHF at 1.16727 was modified -> sl: 1.15820 tp: 1.18477
0	12:22:09.464	Notifications: 'order #71200736 buy 0.10 GBPCHF at 1.16727 modified: sl: 1.15878 tp: 1.18477 -> sl: 1.15820 tp: 1.18477' sent to 'A37163A9'
0	12:22:58.311	Notifications: 'Classical RSI bullish divergence on:  GBPCAD' sent to 'A37163A9'
0	12:36:42.448	'27134140': order buy market 1.00 [DJI30] sl: 0.00 tp: 0.00
0	12:36:42.964	'27134140': order was opened : #71215292 buy 1.00 [DJI30] at 27763.17 sl: 0.00 tp: 0.00
0	12:36:44.017	Notifications: 'order opened #71215292 buy 1.00 [DJI30] at 27763.17' sent to 'A37163A9'
0	12:40:58.642	'27134140': close order #71215292 buy 1.00 [DJI30] at 27763.17 sl: 0.00 tp: 0.00 at price 0.00
0	12:40:59.474	'27134140': order #71215292 buy 1.00 [DJI30] at 27763.17 sl: 0.00 tp: 0.00 closed at price 27745.17
0	12:41:00.960	Notifications: 'order #71215292 buy 1.00 [DJI30] at 27763.17 closed at price 27745.17, profit: -18.00 USD' sent to 'A37163A9'
0	13:00:02.459	Notifications: 'Classical RSI bullish divergence on:  GBPCHF' sent to 'A37163A9'
0	13:00:06.445	Notifications: 'Classical RSI bullish divergence on:  GBPJPY' sent to 'A37163A9'
1	13:02:07.338	'27134140': datacenter connecting failed [6]
0	13:02:08.440	'27134140': login on AdmiralMarkets-Live through Access Point #5 (ping: 211.92 ms)
0	13:02:12.793	'27134140': login datacenter on AdmiralMarkets-Live through Access Point #5 (ping: 211.92 ms)
0	13:02:14.551	'27134140': previous successful authorization performed from 154.126.11.24
0	13:03:11.120	'27134140': auto connecting to a better access point Access Point #4 (ping is 209.45 ms)
0	13:03:15.102	'27134140': login on AdmiralMarkets-Live through Access Point #4 (ping: 209.45 ms)
0	13:03:34.255	'27134140': login datacenter on AdmiralMarkets-Live through Access Point #4 (ping: 209.45 ms)
0	13:03:36.042	'27134140': previous successful authorization performed from 154.126.11.43
0	13:04:54.762	'27134140': login datacenter on AdmiralMarkets-Live
0	13:05:01.151	'27134140': login on AdmiralMarkets-Live through Access Point #5 (ping: 254.94 ms)
0	13:05:08.389	'27134140': login datacenter on AdmiralMarkets-Live through Access Point #5 (ping: 254.94 ms)
0	13:05:09.094	'27134140': previous successful authorization performed from 197.149.38.44
0	13:14:22.025	'27134140': order sell market 1.00 [DJI30] sl: 0.00 tp: 0.00
0	13:14:23.262	'27134140': order was opened : #71217119 sell 1.00 [DJI30] at 27704.69 sl: 0.00 tp: 0.00
0	13:14:26.002	Notifications: 'order opened #71217119 sell 1.00 [DJI30] at 27704.69' sent to 'A37163A9'
1	13:34:21.214	'27134140': datacenter connecting failed [6]
0	13:34:23.029	'27134140': login on AdmiralMarkets-Live through Access Point #1 (ping: 262.17 ms)
0	13:34:32.915	'27134140': login datacenter on AdmiralMarkets-Live through Access Point #1 (ping: 262.17 ms)
0	13:34:33.794	'27134140': previous successful authorization performed from 154.126.11.43
1	13:38:42.214	'27134140': datacenter connecting failed [6]
0	13:38:45.079	'27134140': login on AdmiralMarkets-Live through Access Point #3 (ping: 300.21 ms)
0	13:38:53.314	'27134140': login datacenter on AdmiralMarkets-Live through Access Point #3 (ping: 300.21 ms)
0	13:38:55.049	'27134140': previous successful authorization performed from 197.149.38.44
0	13:41:58.585	Notifications: 'Classical RSI bearish divergence on:  GBPJPY' sent to 'A37163A9'
0	13:41:59.488	Notifications: 'Classical RSI bearish divergence on:  GBPCAD' sent to 'A37163A9'
0	13:42:00.443	Notifications: 'Classical RSI bearish divergence on:  [DAX30]' sent to 'A37163A9'
0	13:45:02.184	Notifications: 'Classical RSI bearish divergence on:  [DAX30]' sent to 'A37163A9'
0	13:46:06.083	Notifications: 'Classical RSI bearish divergence on:  GBPCAD' sent to 'A37163A9'
0	13:46:58.487	Notifications: 'Classical RSI bearish divergence on:  [DAX30]' sent to 'A37163A9'
0	14:13:35.050	'27134140': close order #71200749 buy 0.10 GBPUSD at 1.28304 sl: 1.27125 tp: 1.30371 at price 0.00000
0	14:13:35.535	'27134140': order #71200749 buy 0.10 GBPUSD at 1.28304 sl: 1.27125 tp: 1.30371 closed at price 1.28562
0	14:13:37.399	Notifications: 'order #71200749 buy 0.10 GBPUSD at 1.28304 closed at price 1.28562, profit: 25.80 USD' sent to 'A37163A9'
0	14:13:42.978	'27134140': close order #71200674 buy 0.10 GBPJPY at 136.236 sl: 135.366 tp: 140.270 at price 0.000
0	14:13:43.534	'27134140': order #71200674 buy 0.10 GBPJPY at 136.236 sl: 135.366 tp: 140.270 closed at price 136.451
0	14:13:44.628	Notifications: 'order #71200674 buy 0.10 GBPJPY at 136.236 closed at price 136.451, profit: 20.25 USD' sent to 'A37163A9'
0	14:26:40.346	'27134140': close order #71217119 sell 1.00 [DJI30] at 27704.69 sl: 0.00 tp: 0.00 at price 0.00
0	14:26:40.910	'27134140': order #71217119 sell 1.00 [DJI30] at 27704.69 sl: 0.00 tp: 0.00 closed at price 27694.74
0	14:26:42.780	Notifications: 'order #71217119 sell 1.00 [DJI30] at 27704.69 closed at price 27694.74, profit: 9.95 USD' sent to 'A37163A9'
1	14:31:37.435	'27134140': datacenter connecting failed [6]
1	14:31:37.540	'27134140': connect failed [Connection échouée]
0	14:32:00.598	'27134140': login on AdmiralMarkets-Live through Access Point #8 (ping: n/a)
0	14:32:09.497	'27134140': login datacenter on AdmiralMarkets-Live through Access Point #8 (ping: n/a)
0	14:32:10.718	'27134140': previous successful authorization performed from 154.126.11.43
0	14:32:42.075	'27134140': close order #71207761 sell 0.10 EURNZD at 1.77381 sl: 1.78050 tp: 1.75990 at price 0.00000
0	14:32:42.901	'27134140': order #71207761 sell 0.10 EURNZD at 1.77381 sl: 1.78050 tp: 1.75990 closed at price 1.77315
0	14:32:43.907	Notifications: 'order #71207761 sell 0.10 EURNZD at 1.77381 closed at price 1.77315, profit: 4.41 USD' sent to 'A37163A9'
0	14:32:45.821	'27134140': auto connecting to a better access point Access Point #4 (ping is 205.70 ms)
0	14:32:46.541	'27134140': login on AdmiralMarkets-Live through Access Point #4 (ping: 205.70 ms)
0	14:32:52.739	'27134140': login datacenter on AdmiralMarkets-Live through Access Point #4 (ping: 205.70 ms)
0	14:32:55.402	'27134140': previous successful authorization performed from 197.149.38.44
0	14:34:58.231	Notifications: 'Classical RSI bullish divergence on:  [DJI30]' sent to 'A37163A9'
0	14:35:59.650	'27134140': close order #71203452 sell 1.00 [DJI30] at 27648.06 sl: 0.00 tp: 0.00 at price 0.00
0	14:36:00.198	'27134140': order #71203452 sell 1.00 [DJI30] at 27648.06 sl: 0.00 tp: 0.00 closed at price 27694.24
0	14:36:01.742	Notifications: 'order #71203452 sell 1.00 [DJI30] at 27648.06 closed at price 27694.24, profit: -46.18 USD' sent to 'A37163A9'
0	14:49:16.398	'27134140': order buy market 1.00 [DAX30] sl: 0.00 tp: 0.00
0	14:49:16.974	'27134140': order was opened : #71224255 buy 1.00 [DAX30] at 13220.88 sl: 0.00 tp: 0.00
0	14:49:18.492	Notifications: 'order opened #71224255 buy 1.00 [DAX30] at 13220.88' sent to 'A37163A9'
1	15:25:17.878	'27134140': datacenter connecting failed [6]
1	15:25:18.451	'27134140': connect failed [Connection échouée]
1	20:36:07.698	MQL5.community: authorization failed
0	20:36:19.036	'27134140': login on AdmiralMarkets-Live through Access Point #4 (ping: 205.70 ms)
0	20:36:31.514	'27134140': login datacenter on AdmiralMarkets-Live through Access Point #4 (ping: 205.70 ms)
0	20:36:38.246	'27134140': previous successful authorization performed from 154.126.11.254
0	20:37:55.415	'27134140': ping to current access point Access Point #4 is 264.62 ms
0	20:43:13.827	'27134140': login datacenter on AdmiralMarkets-Live
0	20:43:16.165	'27134140': login on AdmiralMarkets-Live through Access Point #5 (ping: 434.70 ms)
0	20:43:26.424	'27134140': login datacenter on AdmiralMarkets-Live through Access Point #5 (ping: 434.70 ms)
0	20:43:27.055	'27134140': previous successful authorization performed from 154.126.12.22
0	20:52:33.994	Notifications: 'order #71249082 buy 1.00 [DJI30] at 27540.94 closed at price 27548.63, profit: 7.69 USD' sent to 'A37163A9'
1	21:25:49.739	'27134140': ping failed
1	21:25:49.741	'27134140': datacenter connecting failed [6]
0	21:25:52.559	'27134140': login on AdmiralMarkets-Live through Access Point #8 (ping: 603.87 ms)
0	21:26:13.671	'27134140': login datacenter on AdmiralMarkets-Live through Access Point #8 (ping: 603.87 ms)
0	21:26:19.993	'27134140': previous successful authorization performed from 154.126.12.22
1	21:34:41.550	'27134140': ping failed
1	21:34:41.551	'27134140': datacenter connecting failed [6]
0	21:34:43.176	'27134140': login on AdmiralMarkets-Live through Access Point #3 (ping: 608.69 ms)
1	21:35:00.323	'27134140': datacenter connecting failed [6]
0	21:35:03.749	'27134140': previous successful authorization performed from 154.126.12.22
0	21:38:10.230	'27134140': login on AdmiralMarkets-Live through Access Point #2 (ping: 758.42 ms)
0	21:38:38.934	'27134140': login datacenter on AdmiralMarkets-Live through Access Point #2 (ping: 758.42 ms)
0	21:38:44.488	'27134140': previous successful authorization performed from 197.149.38.44
0	21:40:03.382	'27134140': auto connecting to a better access point Access Point #6 (ping is 267.94 ms)
0	21:40:06.770	'27134140': login on AdmiralMarkets-Live through Access Point #6 (ping: 267.94 ms)
0	21:40:13.471	'27134140': login datacenter on AdmiralMarkets-Live through Access Point #6 (ping: 267.94 ms)
0	21:40:14.233	'27134140': previous successful authorization performed from 197.149.38.44
1	21:59:32.592	'27134140': datacenter connecting failed [6]
0	21:59:34.073	'27134140': login on AdmiralMarkets-Live through Access Point #1 (ping: 283.17 ms)
0	21:59:42.868	'27134140': login datacenter on AdmiralMarkets-Live through Access Point #1 (ping: 283.17 ms)
0	21:59:43.952	'27134140': previous successful authorization performed from 154.126.11.254
0	22:04:56.155	'27134140': login datacenter on AdmiralMarkets-Live
0	22:05:01.749	'27134140': login on AdmiralMarkets-Live through Access Point #4 (ping: 316.15 ms)
0	22:05:37.298	'27134140': login datacenter on AdmiralMarkets-Live through Access Point #4 (ping: 316.15 ms)
0	22:05:50.589	'27134140': previous successful authorization performed from 197.149.38.44
0	22:20:10.063	Notifications: 'Classical RSI bearish divergence on:  GBPCAD' sent to 'A37163A9'
0	22:21:43.991	'27134140': login datacenter on AdmiralMarkets-Live
0	22:21:53.341	'27134140': login on AdmiralMarkets-Live through Access Point #8 (ping: 762.15 ms)
0	22:22:04.644	'27134140': login datacenter on AdmiralMarkets-Live through Access Point #8 (ping: 762.15 ms)
0	22:22:05.964	'27134140': previous successful authorization performed from 197.149.38.44
1	22:23:09.889	'27134140': datacenter connecting failed [6]
0	22:23:11.524	'27134140': login on AdmiralMarkets-Live through Access Point #5 (ping: 750.60 ms)
0	22:23:18.738	'27134140': login datacenter on AdmiralMarkets-Live through Access Point #5 (ping: 750.60 ms)
0	22:23:23.200	'27134140': previous successful authorization performed from 197.149.38.44
0	22:24:54.722	'27134140': login datacenter on AdmiralMarkets-Live
0	22:24:58.149	'27134140': login on AdmiralMarkets-Live through Access Point #2 (ping: 1188.43 ms)
0	22:25:21.712	'27134140': login datacenter on AdmiralMarkets-Live through Access Point #2 (ping: 1188.43 ms)
0	22:25:23.701	'27134140': previous successful authorization performed from 197.149.38.44
1	22:38:11.886	'27134140': datacenter connecting failed [6]
0	22:38:17.494	'27134140': login on AdmiralMarkets-Live through Access Point #3 (ping: 811.13 ms)
1	22:39:22.159	'27134140': datacenter connecting failed [6]
1	22:39:27.748	'27134140': connect failed [Connection échouée]
0	22:39:42.530	'27134140': login on AdmiralMarkets-Live through Access Point #8 (ping: n/a)
0	22:40:14.446	'27134140': login datacenter on AdmiralMarkets-Live through Access Point #8 (ping: n/a)
0	22:40:35.283	'27134140': previous successful authorization performed from 197.149.38.44
0	22:41:06.874	'27134140': auto connecting to a better access point Access Point #6 (ping is 299.40 ms)
0	22:41:12.418	'27134140': login on AdmiralMarkets-Live through Access Point #6 (ping: 299.40 ms)
0	22:41:55.388	'27134140': login datacenter on AdmiralMarkets-Live through Access Point #6 (ping: 299.40 ms)
0	22:41:56.415	'27134140': previous successful authorization performed from 154.126.11.217
1	22:46:12.056	'27134140': datacenter connecting failed [6]
0	22:46:37.922	'27134140': login on AdmiralMarkets-Live through Access Point #4 (ping: 1145.52 ms)
0	22:46:58.856	'27134140': login datacenter on AdmiralMarkets-Live through Access Point #4 (ping: 1145.52 ms)
0	22:47:04.276	'27134140': previous successful authorization performed from 154.126.11.217
1	22:48:20.053	'27134140': datacenter connecting failed [6]
0	22:48:23.664	'27134140': login on AdmiralMarkets-Live through Access Point #8 (ping: n/a)
0	22:49:32.792	'27134140': login datacenter on AdmiralMarkets-Live
0	22:49:49.853	'27134140': login on AdmiralMarkets-Live through Access Point #5 (ping: 2493.21 ms)
0	22:50:14.839	'27134140': login datacenter on AdmiralMarkets-Live through Access Point #5 (ping: 2493.21 ms)
0	22:50:15.507	'27134140': previous successful authorization performed from 197.149.38.44
0	22:51:01.870	'27134140': ping to current access point Access Point #5 is 279.30 ms
1	22:52:39.055	'27134140': datacenter connecting failed [6]
0	22:52:45.049	'27134140': login on AdmiralMarkets-Live through Access Point #3 (ping: 278.57 ms)
0	22:53:47.682	'27134140': login datacenter on AdmiralMarkets-Live
0	22:53:54.317	'27134140': login on AdmiralMarkets-Live through Access Point #4 (ping: 301.56 ms)
0	22:54:56.275	'27134140': login datacenter on AdmiralMarkets-Live
0	22:55:04.179	'27134140': login on AdmiralMarkets-Live through Access Point #1 (ping: 316.74 ms)
0	22:56:06.806	'27134140': login datacenter on AdmiralMarkets-Live
0	22:56:15.471	'27134140': login on AdmiralMarkets-Live through Access Point #8 (ping: 1105.39 ms)
0	22:56:18.718	'27134140': ping to current access point Access Point #8 is 614.06 ms
0	22:57:28.977	'27134140': login datacenter on AdmiralMarkets-Live
0	22:57:44.679	'27134140': login on AdmiralMarkets-Live through Access Point #6 (ping: 257.51 ms)
0	22:58:16.282	'27134140': login datacenter on AdmiralMarkets-Live through Access Point #6 (ping: 257.51 ms)
0	22:58:21.359	'27134140': previous successful authorization performed from 197.149.38.44
0	22:58:43.628	'27134140': ping to current access point Access Point #6 is 264.26 ms
0	23:02:55.580	'27134140': login datacenter on AdmiralMarkets-Live
0	23:03:05.757	'27134140': login on AdmiralMarkets-Live through Access Point #3 (ping: 269.24 ms)
0	23:03:33.229	'27134140': login datacenter on AdmiralMarkets-Live through Access Point #3 (ping: 269.24 ms)
0	23:03:34.577	'27134140': previous successful authorization performed from 197.149.38.44
0	23:05:33.064	'27134140': login datacenter on AdmiralMarkets-Live
0	23:05:46.231	'27134140': login on AdmiralMarkets-Live through Access Point #1 (ping: 291.53 ms)
0	23:06:47.258	'27134140': login datacenter on AdmiralMarkets-Live
0	23:06:55.368	'27134140': login on AdmiralMarkets-Live through Access Point #5 (ping: 418.39 ms)
0	23:07:12.083	'27134140': login datacenter on AdmiralMarkets-Live through Access Point #5 (ping: 418.39 ms)
0	23:07:12.746	'27134140': previous successful authorization performed from 197.149.38.44
0	23:08:31.307	'27134140': ping to current access point Access Point #5 is 239.66 ms
1	23:10:52.260	'27134140': datacenter connecting failed [6]
0	23:10:53.199	'27134140': login on AdmiralMarkets-Live through Access Point #4 (ping: 241.93 ms)
0	23:11:03.584	'27134140': login datacenter on AdmiralMarkets-Live through Access Point #4 (ping: 241.93 ms)
0	23:11:07.615	'27134140': previous successful authorization performed from 197.149.38.44
1	23:16:25.784	'27134140': datacenter connecting failed [6]
0	23:16:29.990	'27134140': login on AdmiralMarkets-Live through Access Point #3 (ping: 281.35 ms)
0	23:16:41.756	'27134140': login datacenter on AdmiralMarkets-Live through Access Point #3 (ping: 281.35 ms)
0	23:16:49.015	'27134140': previous successful authorization performed from 197.149.38.44
1	23:18:17.397	'27134140': datacenter connecting failed [6]
0	23:18:19.846	'27134140': login on AdmiralMarkets-Live through Access Point #1 (ping: 286.97 ms)
0	23:19:06.121	'27134140': login datacenter on AdmiralMarkets-Live through Access Point #1 (ping: 286.97 ms)
0	23:19:06.874	'27134140': previous successful authorization performed from 197.149.38.44
1	23:28:28.589	'27134140': datacenter connecting failed [6]
0	23:28:31.359	'27134140': login on AdmiralMarkets-Live through Access Point #2 (ping: 245.92 ms)
0	23:28:50.785	'27134140': login datacenter on AdmiralMarkets-Live through Access Point #2 (ping: 245.92 ms)
0	23:28:54.326	'27134140': previous successful authorization performed from 197.149.38.44
1	23:31:17.591	'27134140': datacenter connecting failed [6]
0	23:31:20.621	'27134140': login on AdmiralMarkets-Live through Access Point #6 (ping: 1560.06 ms)
0	23:32:34.263	'27134140': login datacenter on AdmiralMarkets-Live
1	23:32:40.059	'27134140': connect failed [Connection échouée]
0	23:32:47.154	'27134140': login on AdmiralMarkets-Live through Access Point #8 (ping: n/a)
0	23:33:36.555	'27134140': login datacenter on AdmiralMarkets-Live through Access Point #8 (ping: n/a)
0	23:33:42.482	'27134140': previous successful authorization performed from 197.149.38.44
0	23:34:00.518	'27134140': ping to current access point Access Point #8 is 641.95 ms
1	23:35:05.595	'27134140': datacenter connecting failed [6]
0	23:35:10.323	'27134140': login on AdmiralMarkets-Live through Access Point #4 (ping: 260.68 ms)
0	23:36:18.099	'27134140': login datacenter on AdmiralMarkets-Live
0	23:36:30.277	'27134140': login on AdmiralMarkets-Live through Access Point #2 (ping: 317.47 ms)
1	23:37:27.336	'27134140': datacenter connecting failed [6]
0	23:37:31.037	'27134140': previous successful authorization performed from 197.149.38.44
0	23:40:04.066	'27134140': login on AdmiralMarkets-Live through Access Point #1 (ping: 1640.73 ms)
0	23:40:11.904	'27134140': login datacenter on AdmiralMarkets-Live through Access Point #1 (ping: 1640.73 ms)
0	23:40:17.025	'27134140': previous successful authorization performed from 197.149.38.44
0	23:44:36.532	'27134140': login on AdmiralMarkets-Live through Access Point #3 (ping: 1680.92 ms)
0	23:45:43.477	'27134140': login datacenter on AdmiralMarkets-Live
1	23:45:50.804	'27134140': connect failed [Connection échouée]
0	23:45:57.461	'27134140': login on AdmiralMarkets-Live through Access Point #8 (ping: n/a)
0	23:46:15.109	'27134140': login datacenter on AdmiralMarkets-Live through Access Point #8 (ping: n/a)
0	23:46:25.294	'27134140': previous successful authorization performed from 197.149.38.44
0	23:46:57.258	'27134140': ping to current access point Access Point #8 is n/a
0	23:48:00.177	'27134140': login datacenter on AdmiralMarkets-Live
0	23:48:04.789	'27134140': login on AdmiralMarkets-Live through Access Point #5 (ping: 261.59 ms)
0	23:48:17.564	'27134140': login datacenter on AdmiralMarkets-Live through Access Point #5 (ping: 261.59 ms)
0	23:48:18.769	'27134140': previous successful authorization performed from 197.149.38.44
0	23:53:46.656	'27134140': login on AdmiralMarkets-Live through Access Point #6 (ping: 272.00 ms)
0	23:54:48.719	'27134140': login datacenter on AdmiralMarkets-Live
0	23:54:56.426	'27134140': login on AdmiralMarkets-Live through Access Point #4 (ping: 253.34 ms)
0	23:55:58.236	'27134140': login datacenter on AdmiralMarkets-Live
0	23:56:20.478	'27134140': login on AdmiralMarkets-Live through Access Point #3 (ping: 278.58 ms)
0	23:57:21.113	'27134140': login datacenter on AdmiralMarkets-Live
0	23:57:27.872	'27134140': login on AdmiralMarkets-Live through Access Point #1 (ping: 320.70 ms)
0	23:57:49.591	'27134140': login datacenter on AdmiralMarkets-Live through Access Point #1 (ping: 320.70 ms)
0	23:57:50.985	'27134140': previous successful authorization performed from 197.149.38.44
