0	20:23:44.025	Admiral Markets build 1260 started (Admiral Markets Group AS)
0	20:23:44.026	Windows 10 Pro x64, IE 11, UAC, 8 x Intel Core i7-10510U  @ 1.80GHz, Memory: 526 / 8014 Mb, Disk: 89 / 237 Gb, GMT+3
0	20:23:44.026	Data Folder: C:\Users\SRIE\AppData\Roaming\MetaQuotes\Terminal\51337600F56B69473E15EAFB8A7586B4
2	20:23:47.624	Custom indicator #P4L CandleTime GBPCAD,M5: loaded successfully
2	20:23:47.636	Custom indicator TURBO PLUS+ GBPCAD,M5: loaded successfully
2	20:23:47.648	Custom indicator ALERT SIGNAL GBPCAD,M5: loaded successfully
2	20:23:47.659	Custom indicator Trend Trading\TrendTradingCloud GBPCAD,M5: loaded successfully
2	20:23:47.671	Custom indicator RSI Divergence Levels GBPCAD,M5: loaded successfully
2	20:23:47.687	Custom indicator MACD_Volumes-2 GBPCAD,M5: loaded successfully
2	20:23:47.705	Custom indicator Trend Trading\CloudSignalLines GBPCAD,M5: loaded successfully
2	20:23:47.982	Custom indicator MBFX Timing GBPCAD,M5: loaded successfully
2	20:23:48.295	Custom indicator #P4L CandleTime GBPAUD,H1: loaded successfully
2	20:23:48.320	Custom indicator TURBO PLUS+ GBPAUD,H1: loaded successfully
2	20:23:48.343	Custom indicator ALERT SIGNAL GBPAUD,H1: loaded successfully
2	20:23:48.364	Custom indicator Trend Trading\TrendTradingCloud GBPAUD,H1: loaded successfully
2	20:23:48.380	Custom indicator RSI Divergence Levels GBPAUD,H1: loaded successfully
2	20:23:48.392	Custom indicator MACD_Volumes-2 GBPAUD,H1: loaded successfully
2	20:23:48.400	Custom indicator Trend Trading\CloudSignalLines GBPAUD,H1: loaded successfully
2	20:23:48.423	Expert Admiral - Trade Terminal GBPAUD,H1: loaded successfully
2	20:23:48.660	Custom indicator MBFX Timing GBPAUD,H1: loaded successfully
2	20:23:48.820	Custom indicator #P4L CandleTime [DJI30],M15: loaded successfully
2	20:23:48.833	Custom indicator TURBO PLUS+ [DJI30],M15: loaded successfully
2	20:23:48.853	Custom indicator ALERT SIGNAL [DJI30],M15: loaded successfully
2	20:23:48.877	Custom indicator Trend Trading\TrendTradingCloud [DJI30],M15: loaded successfully
2	20:23:48.900	Custom indicator RSI Divergence Levels [DJI30],M15: loaded successfully
2	20:23:48.924	Custom indicator MACD_Volumes-2 [DJI30],M15: loaded successfully
2	20:23:48.944	Custom indicator Trend Trading\CloudSignalLines [DJI30],M15: loaded successfully
2	20:23:49.013	Expert Admiral - Mini Terminal [DJI30],M15: loaded successfully
2	20:23:49.505	Custom indicator MBFX Timing [DJI30],M15: loaded successfully
2	20:23:49.864	Custom indicator #P4L CandleTime [DAX30],M30: loaded successfully
2	20:23:49.887	Custom indicator TURBO PLUS+ [DAX30],M30: loaded successfully
2	20:23:49.910	Custom indicator ALERT SIGNAL [DAX30],M30: loaded successfully
2	20:23:49.934	Custom indicator Trend Trading\TrendTradingCloud [DAX30],M30: loaded successfully
2	20:23:49.959	Custom indicator RSI Divergence Levels [DAX30],M30: loaded successfully
2	20:23:49.983	Custom indicator MACD_Volumes-2 [DAX30],M30: loaded successfully
2	20:23:50.004	Custom indicator Trend Trading\CloudSignalLines [DAX30],M30: loaded successfully
2	20:23:50.042	Expert Admiral - Mini Terminal [DAX30],M30: loaded successfully
2	20:23:50.580	Custom indicator MBFX Timing [DAX30],M30: loaded successfully
2	20:23:50.903	Custom indicator #P4L CandleTime [NQ100],M30: loaded successfully
2	20:23:50.928	Custom indicator TURBO PLUS+ [NQ100],M30: loaded successfully
2	20:23:50.950	Custom indicator ALERT SIGNAL [NQ100],M30: loaded successfully
2	20:23:50.976	Custom indicator Trend Trading\TrendTradingCloud [NQ100],M30: loaded successfully
2	20:23:50.999	Custom indicator RSI Divergence Levels [NQ100],M30: loaded successfully
2	20:23:51.025	Custom indicator MACD_Volumes-2 [NQ100],M30: loaded successfully
2	20:23:51.047	Custom indicator Trend Trading\CloudSignalLines [NQ100],M30: loaded successfully
2	20:23:51.551	Custom indicator MBFX Timing [NQ100],M30: loaded successfully
2	20:23:51.825	Custom indicator #P4L CandleTime EURAUD,H1: loaded successfully
2	20:23:51.845	Custom indicator TURBO PLUS+ EURAUD,H1: loaded successfully
2	20:23:51.869	Custom indicator ALERT SIGNAL EURAUD,H1: loaded successfully
2	20:23:51.892	Custom indicator Trend Trading\TrendTradingCloud EURAUD,H1: loaded successfully
2	20:23:51.923	Custom indicator RSI Divergence Levels EURAUD,H1: loaded successfully
2	20:23:51.949	Custom indicator MACD_Volumes-2 EURAUD,H1: loaded successfully
2	20:23:51.967	Custom indicator Trend Trading\CloudSignalLines EURAUD,H1: loaded successfully
2	20:23:52.509	Custom indicator MBFX Timing EURAUD,H1: loaded successfully
2	20:23:52.855	Custom indicator #P4L CandleTime AUDJPY,H1: loaded successfully
2	20:23:52.877	Custom indicator TURBO PLUS+ AUDJPY,H1: loaded successfully
2	20:23:52.903	Custom indicator ALERT SIGNAL AUDJPY,H1: loaded successfully
2	20:23:52.925	Custom indicator Trend Trading\TrendTradingCloud AUDJPY,H1: loaded successfully
2	20:23:52.952	Custom indicator RSI Divergence Levels AUDJPY,H1: loaded successfully
2	20:23:52.976	Custom indicator MACD_Volumes-2 AUDJPY,H1: loaded successfully
2	20:23:52.994	Custom indicator Trend Trading\CloudSignalLines AUDJPY,H1: loaded successfully
2	20:23:53.037	Expert Admiral - Mini Terminal AUDJPY,H1: loaded successfully
2	20:23:53.524	Custom indicator MBFX Timing AUDJPY,H1: loaded successfully
2	20:23:53.831	Custom indicator #P4L CandleTime WTI,H1: loaded successfully
2	20:23:53.852	Custom indicator TURBO PLUS+ WTI,H1: loaded successfully
2	20:23:53.878	Custom indicator ALERT SIGNAL WTI,H1: loaded successfully
2	20:23:53.899	Custom indicator Trend Trading\TrendTradingCloud WTI,H1: loaded successfully
2	20:23:53.922	Custom indicator RSI Divergence Levels WTI,H1: loaded successfully
2	20:23:53.941	Custom indicator MACD_Volumes-2 WTI,H1: loaded successfully
2	20:23:53.961	Custom indicator Trend Trading\CloudSignalLines WTI,H1: loaded successfully
2	20:23:54.478	Custom indicator MBFX Timing WTI,H1: loaded successfully
2	20:23:54.756	Custom indicator #P4L CandleTime GBPUSD,M15: loaded successfully
2	20:23:54.778	Custom indicator TURBO PLUS+ GBPUSD,M15: loaded successfully
2	20:23:54.798	Custom indicator ALERT SIGNAL GBPUSD,M15: loaded successfully
2	20:23:54.824	Custom indicator Trend Trading\TrendTradingCloud GBPUSD,M15: loaded successfully
2	20:23:54.852	Custom indicator RSI Divergence Levels GBPUSD,M15: loaded successfully
2	20:23:54.872	Custom indicator MACD_Volumes-2 GBPUSD,M15: loaded successfully
2	20:23:54.893	Custom indicator Trend Trading\CloudSignalLines GBPUSD,M15: loaded successfully
2	20:23:54.934	Expert Admiral - Mini Terminal GBPUSD,M15: loaded successfully
2	20:23:55.463	Custom indicator MBFX Timing GBPUSD,M15: loaded successfully
2	20:23:55.813	Custom indicator #P4L CandleTime AUDCAD,H1: loaded successfully
2	20:23:55.834	Custom indicator TURBO PLUS+ AUDCAD,H1: loaded successfully
2	20:23:55.855	Custom indicator ALERT SIGNAL AUDCAD,H1: loaded successfully
2	20:23:55.879	Custom indicator Trend Trading\TrendTradingCloud AUDCAD,H1: loaded successfully
2	20:23:55.907	Custom indicator RSI Divergence Levels AUDCAD,H1: loaded successfully
2	20:23:55.929	Custom indicator MACD_Volumes-2 AUDCAD,H1: loaded successfully
2	20:23:55.951	Custom indicator Trend Trading\CloudSignalLines AUDCAD,H1: loaded successfully
2	20:23:56.497	Custom indicator MBFX Timing AUDCAD,H1: loaded successfully
2	20:23:56.784	Custom indicator #P4L CandleTime CADCHF,M30: loaded successfully
2	20:23:56.804	Custom indicator TURBO PLUS+ CADCHF,M30: loaded successfully
2	20:23:56.830	Custom indicator ALERT SIGNAL CADCHF,M30: loaded successfully
2	20:23:56.854	Custom indicator Trend Trading\TrendTradingCloud CADCHF,M30: loaded successfully
2	20:23:56.879	Custom indicator RSI Divergence Levels CADCHF,M30: loaded successfully
2	20:23:56.903	Custom indicator MACD_Volumes-2 CADCHF,M30: loaded successfully
2	20:23:56.921	Custom indicator Trend Trading\CloudSignalLines CADCHF,M30: loaded successfully
2	20:23:57.447	Custom indicator MBFX Timing CADCHF,M30: loaded successfully
2	20:23:57.763	Custom indicator #P4L CandleTime EURAUD,H1: loaded successfully
2	20:23:57.786	Custom indicator TURBO PLUS+ EURAUD,H1: loaded successfully
2	20:23:57.807	Custom indicator ALERT SIGNAL EURAUD,H1: loaded successfully
2	20:23:57.832	Custom indicator Trend Trading\TrendTradingCloud EURAUD,H1: loaded successfully
2	20:23:57.858	Custom indicator RSI Divergence Levels EURAUD,H1: loaded successfully
2	20:23:57.882	Custom indicator MACD_Volumes-2 EURAUD,H1: loaded successfully
2	20:23:57.902	Custom indicator Trend Trading\CloudSignalLines EURAUD,H1: loaded successfully
2	20:23:58.381	Custom indicator MBFX Timing EURAUD,H1: loaded successfully
2	20:23:58.678	Custom indicator #P4L CandleTime EURCAD,H1: loaded successfully
2	20:23:58.698	Custom indicator TURBO PLUS+ EURCAD,H1: loaded successfully
2	20:23:58.724	Custom indicator ALERT SIGNAL EURCAD,H1: loaded successfully
2	20:23:58.750	Custom indicator Trend Trading\TrendTradingCloud EURCAD,H1: loaded successfully
2	20:23:58.773	Custom indicator RSI Divergence Levels EURCAD,H1: loaded successfully
2	20:23:58.798	Custom indicator MACD_Volumes-2 EURCAD,H1: loaded successfully
2	20:23:58.818	Custom indicator Trend Trading\CloudSignalLines EURCAD,H1: loaded successfully
2	20:23:59.355	Custom indicator MBFX Timing EURCAD,H1: loaded successfully
2	20:23:59.632	Custom indicator #P4L CandleTime CHFJPY,H1: loaded successfully
2	20:23:59.652	Custom indicator TURBO PLUS+ CHFJPY,H1: loaded successfully
2	20:23:59.677	Custom indicator ALERT SIGNAL CHFJPY,H1: loaded successfully
2	20:23:59.703	Custom indicator Trend Trading\TrendTradingCloud CHFJPY,H1: loaded successfully
2	20:23:59.728	Custom indicator RSI Divergence Levels CHFJPY,H1: loaded successfully
2	20:23:59.752	Custom indicator MACD_Volumes-2 CHFJPY,H1: loaded successfully
2	20:23:59.772	Custom indicator Trend Trading\CloudSignalLines CHFJPY,H1: loaded successfully
2	20:24:00.299	Custom indicator MBFX Timing CHFJPY,H1: loaded successfully
2	20:24:00.602	Custom indicator #P4L CandleTime WTI,H1: loaded successfully
2	20:24:00.623	Custom indicator TURBO PLUS+ WTI,H1: loaded successfully
2	20:24:00.644	Custom indicator ALERT SIGNAL WTI,H1: loaded successfully
2	20:24:00.671	Custom indicator Trend Trading\TrendTradingCloud WTI,H1: loaded successfully
2	20:24:00.696	Custom indicator RSI Divergence Levels WTI,H1: loaded successfully
2	20:24:00.722	Custom indicator MACD_Volumes-2 WTI,H1: loaded successfully
2	20:24:00.739	Custom indicator Trend Trading\CloudSignalLines WTI,H1: loaded successfully
2	20:24:01.219	Custom indicator MBFX Timing WTI,H1: loaded successfully
2	20:24:01.498	Custom indicator #P4L CandleTime EURGBP,H1: loaded successfully
2	20:24:01.516	Custom indicator TURBO PLUS+ EURGBP,H1: loaded successfully
2	20:24:01.543	Custom indicator ALERT SIGNAL EURGBP,H1: loaded successfully
2	20:24:01.565	Custom indicator Trend Trading\TrendTradingCloud EURGBP,H1: loaded successfully
2	20:24:01.591	Custom indicator RSI Divergence Levels EURGBP,H1: loaded successfully
2	20:24:01.616	Custom indicator MACD_Volumes-2 EURGBP,H1: loaded successfully
2	20:24:01.634	Custom indicator Trend Trading\CloudSignalLines EURGBP,H1: loaded successfully
2	20:24:02.159	Custom indicator MBFX Timing EURGBP,H1: loaded successfully
0	20:24:04.957	'27123197': login on AdmiralMarkets-Live through Access Point #4 (ping: 204.74 ms)
0	20:24:09.089	'27123197': login datacenter on AdmiralMarkets-Live through Access Point #4 (ping: 204.74 ms)
0	20:24:10.184	'27123197': previous successful authorization performed from 154.126.112.132
0	20:24:29.953	'27123197': auto connecting to a better access point Access Point #4 (ping is 209.15 ms)
0	20:24:31.138	'27123197': login on AdmiralMarkets-Live through Access Point #4 (ping: 209.15 ms)
0	20:24:44.713	'27123197': login datacenter on AdmiralMarkets-Live through Access Point #4 (ping: 209.15 ms)
0	20:24:45.627	'27123197': previous successful authorization performed from 197.149.38.88
1	20:27:28.488	'27123197': connect failed [Connection échouée]
0	20:51:21.232	'27123197': login on AdmiralMarkets-Live through Access Point #8 (ping: n/a)
0	20:52:23.386	'27123197': login datacenter on AdmiralMarkets-Live
0	20:52:33.815	'27123197': login on AdmiralMarkets-Live through Access Point #4 (ping: n/a)
0	20:52:47.948	'27123197': login datacenter on AdmiralMarkets-Live through Access Point #4 (ping: n/a)
0	20:52:50.811	'27123197': previous successful authorization performed from 197.149.38.88
0	20:53:15.285	'27123197': ping to current access point Access Point #4 is 266.85 ms
