0	10:53:40.701	Admiral Markets build 1260 started (Admiral Markets Group AS)
0	10:53:40.702	Windows 10 Pro x64, IE 11, UAC, 8 x Intel Core i7-10510U  @ 1.80GHz, Memory: 1463 / 8014 Mb, Disk: 83 / 237 Gb, GMT+3
0	10:53:40.702	Data Folder: C:\Users\SRIE\AppData\Roaming\MetaQuotes\Terminal\51337600F56B69473E15EAFB8A7586B4
2	10:53:42.716	Custom indicator #P4L CandleTime [DJI30],H1: loaded successfully
2	10:53:42.724	Custom indicator TURBO PLUS+ [DJI30],H1: loaded successfully
2	10:53:42.732	Custom indicator ALERT SIGNAL [DJI30],H1: loaded successfully
2	10:53:42.740	Custom indicator Trend Trading\TrendTradingCloud [DJI30],H1: loaded successfully
2	10:53:42.749	Custom indicator RSI Divergence Levels [DJI30],H1: loaded successfully
2	10:53:42.757	Custom indicator MACD_Volumes-2 [DJI30],H1: loaded successfully
2	10:53:42.764	Custom indicator Trend Trading\CloudSignalLines [DJI30],H1: loaded successfully
2	10:53:42.932	Custom indicator MBFX Timing [DJI30],H1: loaded successfully
2	10:53:43.027	Custom indicator #P4L CandleTime [DAX30],M15: loaded successfully
2	10:53:43.034	Custom indicator TURBO PLUS+ [DAX30],M15: loaded successfully
2	10:53:43.043	Custom indicator ALERT SIGNAL [DAX30],M15: loaded successfully
2	10:53:43.052	Custom indicator Trend Trading\TrendTradingCloud [DAX30],M15: loaded successfully
2	10:53:43.060	Custom indicator RSI Divergence Levels [DAX30],M15: loaded successfully
2	10:53:43.069	Custom indicator MACD_Volumes-2 [DAX30],M15: loaded successfully
2	10:53:43.076	Custom indicator Trend Trading\CloudSignalLines [DAX30],M15: loaded successfully
2	10:53:43.091	Expert Admiral - Mini Terminal [DAX30],M15: loaded successfully
2	10:53:43.257	Custom indicator MBFX Timing [DAX30],M15: loaded successfully
2	10:53:43.355	Custom indicator #P4L CandleTime [NQ100],M15: loaded successfully
2	10:53:43.361	Custom indicator TURBO PLUS+ [NQ100],M15: loaded successfully
2	10:53:43.369	Custom indicator ALERT SIGNAL [NQ100],M15: loaded successfully
2	10:53:43.379	Custom indicator Trend Trading\TrendTradingCloud [NQ100],M15: loaded successfully
2	10:53:43.387	Custom indicator RSI Divergence Levels [NQ100],M15: loaded successfully
2	10:53:43.395	Custom indicator MACD_Volumes-2 [NQ100],M15: loaded successfully
2	10:53:43.402	Custom indicator Trend Trading\CloudSignalLines [NQ100],M15: loaded successfully
2	10:53:43.570	Custom indicator MBFX Timing [NQ100],M15: loaded successfully
2	10:53:43.669	Custom indicator #P4L CandleTime AUDJPY,M15: loaded successfully
2	10:53:43.676	Custom indicator TURBO PLUS+ AUDJPY,M15: loaded successfully
2	10:53:43.684	Custom indicator ALERT SIGNAL AUDJPY,M15: loaded successfully
2	10:53:43.692	Custom indicator Trend Trading\TrendTradingCloud AUDJPY,M15: loaded successfully
2	10:53:43.701	Custom indicator RSI Divergence Levels AUDJPY,M15: loaded successfully
2	10:53:43.709	Custom indicator MACD_Volumes-2 AUDJPY,M15: loaded successfully
2	10:53:43.716	Custom indicator Trend Trading\CloudSignalLines AUDJPY,M15: loaded successfully
2	10:53:43.727	Expert Admiral - Connect AUDJPY,M15: loaded successfully
2	10:53:43.894	Custom indicator MBFX Timing AUDJPY,M15: loaded successfully
2	10:53:44.000	Custom indicator #P4L CandleTime WTI,H1: loaded successfully
2	10:53:44.007	Custom indicator TURBO PLUS+ WTI,H1: loaded successfully
2	10:53:44.015	Custom indicator ALERT SIGNAL WTI,H1: loaded successfully
2	10:53:44.023	Custom indicator Trend Trading\TrendTradingCloud WTI,H1: loaded successfully
2	10:53:44.031	Custom indicator RSI Divergence Levels WTI,H1: loaded successfully
2	10:53:44.039	Custom indicator MACD_Volumes-2 WTI,H1: loaded successfully
2	10:53:44.047	Custom indicator Trend Trading\CloudSignalLines WTI,H1: loaded successfully
2	10:53:44.215	Custom indicator MBFX Timing WTI,H1: loaded successfully
2	10:53:44.310	Custom indicator #P4L CandleTime GBPJPY,H1: loaded successfully
2	10:53:44.317	Custom indicator TURBO PLUS+ GBPJPY,H1: loaded successfully
2	10:53:44.325	Custom indicator ALERT SIGNAL GBPJPY,H1: loaded successfully
2	10:53:44.333	Custom indicator Trend Trading\TrendTradingCloud GBPJPY,H1: loaded successfully
2	10:53:44.341	Custom indicator RSI Divergence Levels GBPJPY,H1: loaded successfully
2	10:53:44.349	Custom indicator MACD_Volumes-2 GBPJPY,H1: loaded successfully
2	10:53:44.356	Custom indicator Trend Trading\CloudSignalLines GBPJPY,H1: loaded successfully
2	10:53:44.364	Custom indicator IVT_MACD_ZERO_LAG GBPJPY,H1: loaded successfully
2	10:53:44.541	Custom indicator MBFX Timing GBPJPY,H1: loaded successfully
2	10:53:44.600	Custom indicator RSBot_V7 GOLD,M30: loaded successfully
2	10:53:44.721	Custom indicator #P4L CandleTime USDJPY,H1: loaded successfully
2	10:53:44.728	Custom indicator TURBO PLUS+ USDJPY,H1: loaded successfully
2	10:53:44.737	Custom indicator ALERT SIGNAL USDJPY,H1: loaded successfully
2	10:53:44.745	Custom indicator Trend Trading\TrendTradingCloud USDJPY,H1: loaded successfully
2	10:53:44.766	Custom indicator RSBot_V7 USDJPY,H1: loaded successfully
2	10:53:44.775	Custom indicator RSI Divergence Levels USDJPY,H1: loaded successfully
2	10:53:44.784	Custom indicator MACD_Volumes-2 USDJPY,H1: loaded successfully
2	10:53:44.790	Custom indicator Trend Trading\CloudSignalLines USDJPY,H1: loaded successfully
2	10:53:44.982	Custom indicator MBFX Timing USDJPY,H1: loaded successfully
2	10:53:45.049	Custom indicator RSBot_V7 BTCUSD,M15: loaded successfully
2	10:53:45.145	Custom indicator RSBot_V7 EURUSD,M15: loaded successfully
2	10:53:45.240	Custom indicator RSBot_V7 USDCAD,M15: loaded successfully
2	10:53:45.331	Custom indicator RSBot_V7 [DAX30],H1: loaded successfully
2	10:53:45.394	Custom indicator IVT_MACD_ZERO_LAG GBPAUD,H1: loaded successfully
2	10:53:45.452	Custom indicator RSBot_V7 EURJPY,M15: loaded successfully
2	10:53:45.545	Custom indicator RSBot_V7 USDCAD,Daily: loaded successfully
2	10:53:45.621	Custom indicator RSBot_V7 CHFJPY,Daily: loaded successfully
2	10:53:45.696	Custom indicator RSBot_V7 GBPAUD,Daily: loaded successfully
0	10:53:47.252	'23853581': login on AdmiralMarkets-Demo through Access Point #1 (ping: 414.69 ms)
0	10:53:49.350	'23853581': login datacenter on AdmiralMarkets-Demo through Access Point #1 (ping: 414.69 ms)
0	10:53:50.089	'23853581': previous successful authorization performed from 154.126.113.48
0	10:54:07.363	'23853581': ping to current access point Access Point #1 is 252.20 ms
2	10:54:27.625	Custom indicator #P4L CandleTime GBPAUD,H1: loaded successfully
2	10:54:27.632	Custom indicator TURBO PLUS+ GBPAUD,H1: loaded successfully
2	10:54:27.640	Custom indicator ALERT SIGNAL GBPAUD,H1: loaded successfully
2	10:54:27.649	Custom indicator Trend Trading\TrendTradingCloud GBPAUD,H1: loaded successfully
2	10:54:27.657	Custom indicator RSI Divergence Levels GBPAUD,H1: loaded successfully
2	10:54:27.665	Custom indicator MACD_Volumes-2 GBPAUD,H1: loaded successfully
2	10:54:27.672	Custom indicator Trend Trading\CloudSignalLines GBPAUD,H1: loaded successfully
2	10:54:27.838	Custom indicator MBFX Timing GBPAUD,H1: loaded successfully
0	10:55:31.827	'23853581': close order #178571155 buy 0.01 CHFJPY at 111.041 sl: 0.000 tp: 111.481 at price 0.000
0	10:55:33.223	'23853581': order #178571155 buy 0.01 CHFJPY at 111.041 sl: 0.000 tp: 111.481 closed at price 110.260
0	10:57:21.911	'23853581': pending order sell limit 0.01 GBPAUD at 1.90100 sl: 1.91300 tp: 1.87300
0	10:57:22.205	'23853581': order was opened : #179722341 sell limit 0.01 GBPAUD at 1.90100 sl: 1.91300 tp: 1.87300
0	10:57:48.705	'23853581': delete pending order #179722341 sell limit 0.01 GBPAUD at 1.90100 sl: 1.91300 tp: 1.87300
0	10:57:49.019	'23853581': pending order #179722341 was deleted
0	10:58:43.953	'23853581': pending order sell limit 0.10 GBPAUD at 1.90100 sl: 1.91300 tp: 1.87300
0	10:58:46.085	'23853581': order was opened : #179722514 sell limit 0.10 GBPAUD at 1.90100 sl: 1.91300 tp: 1.87300
2	11:04:57.005	Custom indicator MBFX Timing GBPAUD,H1: removed
2	11:04:57.009	Custom indicator #P4L CandleTime GBPAUD,H1: removed
2	11:04:57.010	Custom indicator TURBO PLUS+ GBPAUD,H1: removed
2	11:04:57.012	Custom indicator ALERT SIGNAL GBPAUD,H1: removed
2	11:04:57.014	Custom indicator TrendTradingCloud GBPAUD,H1: removed
2	11:04:57.016	Custom indicator RSI Divergence Levels GBPAUD,H1: removed
2	11:04:57.017	Custom indicator MACD_Volumes-2 GBPAUD,H1: removed
2	11:04:57.019	Custom indicator CloudSignalLines GBPAUD,H1: removed
2	11:05:22.372	Custom indicator LondonSniperArrows GBPAUD,H1: loaded successfully
2	11:05:46.517	Custom indicator LondonSniperArrows GBPAUD,M15: removed
2	11:05:46.647	Custom indicator Trend_Imperator_V2e GBPAUD,M15: loaded successfully
2	11:05:53.850	Custom indicator Trend_Imperator_V2e GBPAUD,M15: removed
2	11:05:53.868	Custom indicator RELÓGIO MT4 GBPAUD,M15: loaded successfully
2	11:05:53.885	Custom indicator INDICADOR GOLD FOX INVESTIMENTOS GBPAUD,M15: loaded successfully
2	11:05:54.022	Custom indicator INDICADOR SUPORTE E RESISTÊNCIA GBPAUD,M15: loaded successfully
2	11:05:54.045	Custom indicator RELÓGIO MT4 GBPAUD,M15: removed
2	11:06:22.650	Custom indicator INDICADOR GOLD FOX INVESTIMENTOS GBPAUD,M15: removed
2	11:06:22.650	Custom indicator INDICADOR SUPORTE E RESISTÊNCIA GBPAUD,M15: removed
2	11:06:22.724	Custom indicator HolyCandleTime GBPAUD,M15: loaded successfully
2	11:06:22.797	Custom indicator USAIN-BOLT GBPAUD,M15: loaded successfully
0	11:17:37.294	'23853581': order sell market 0.10 GBPAUD sl: 1.89750 tp: 0.00000
0	11:17:37.796	'23853581': order was opened : #179725857 sell 0.10 GBPAUD at 1.89331 sl: 1.89750 tp: 0.00000
0	11:21:54.142	'23853581': modify order #179725857 sell 0.10 GBPAUD at 1.89331 sl: 1.89750 tp: 0.00000 -> sl: 1.89750 tp: 1.89095
0	11:21:54.822	'23853581': order #179725857 sell 0.10 GBPAUD at 1.89331 was modified -> sl: 1.89750 tp: 1.89095
2	11:23:04.636	Custom indicator MBFX Timing WTI,H1: removed
2	11:23:04.770	Custom indicator MBFX Timing WTI,M15: loaded successfully
1	11:25:27.146	'23853581': datacenter connecting failed [6]
0	11:25:29.763	'23853581': login on AdmiralMarkets-Demo through Access Point #6 (ping: 308.44 ms)
0	11:25:35.192	'23853581': login datacenter on AdmiralMarkets-Demo through Access Point #6 (ping: 308.44 ms)
0	11:25:37.455	'23853581': previous successful authorization performed from 154.126.113.48
1	11:32:16.743	'23853581': datacenter connecting failed [6]
0	11:32:32.622	'23853581': login on AdmiralMarkets-Demo through Access Point #3 (ping: 480.18 ms)
0	11:32:36.586	'23853581': login datacenter on AdmiralMarkets-Demo through Access Point #3 (ping: 480.18 ms)
0	11:32:37.922	'23853581': previous successful authorization performed from 154.126.113.48
1	11:38:58.673	'23853581': ping failed
1	11:38:58.675	'23853581': datacenter connecting failed [6]
0	11:38:59.683	'23853581': login on AdmiralMarkets-Demo through Access Point #2 (ping: 210.57 ms)
0	11:39:03.836	'23853581': login datacenter on AdmiralMarkets-Demo through Access Point #2 (ping: 210.57 ms)
0	11:39:05.288	'23853581': previous successful authorization performed from 154.126.113.48
1	11:48:32.611	'23853581': ping failed
1	11:48:32.613	'23853581': datacenter connecting failed [6]
1	11:48:32.708	'23853581': connect failed [Connection échouée]
0	11:48:38.975	'23853581': login on AdmiralMarkets-Demo through Access Point #2 (ping: n/a)
0	11:48:50.498	'23853581': login datacenter on AdmiralMarkets-Demo through Access Point #2 (ping: n/a)
0	11:48:51.575	'23853581': previous successful authorization performed from 154.126.113.189
0	11:49:06.686	'23853581': ping to current access point Access Point #2 is 201.44 ms
1	11:55:30.739	'23853581': datacenter connecting failed [6]
0	11:55:37.517	'23853581': login on AdmiralMarkets-Demo through Access Point #6 (ping: 225.51 ms)
0	11:55:42.176	'23853581': login datacenter on AdmiralMarkets-Demo through Access Point #6 (ping: 225.51 ms)
0	11:55:43.514	'23853581': previous successful authorization performed from 154.126.113.189
0	12:02:33.165	'23853581': login datacenter on AdmiralMarkets-Demo
0	12:02:37.448	'23853581': login on AdmiralMarkets-Demo through Access Point #3 (ping: 240.33 ms)
0	12:02:51.641	'23853581': login datacenter on AdmiralMarkets-Demo through Access Point #3 (ping: 240.33 ms)
0	12:02:52.675	'23853581': previous successful authorization performed from 154.126.113.189
1	12:05:37.762	'23853581': datacenter connecting failed [6]
0	12:05:43.015	'23853581': login on AdmiralMarkets-Demo through Access Point #1 (ping: 268.74 ms)
0	12:05:48.904	'23853581': login datacenter on AdmiralMarkets-Demo through Access Point #1 (ping: 268.74 ms)
0	12:05:54.890	'23853581': previous successful authorization performed from 154.126.113.189
1	12:13:59.740	'23853581': datacenter connecting failed [6]
1	12:13:59.822	'23853581': connect failed [Connection échouée]
0	12:14:06.384	'23853581': login on AdmiralMarkets-Demo through Access Point #2 (ping: n/a)
0	12:14:38.096	'23853581': login datacenter on AdmiralMarkets-Demo through Access Point #2 (ping: n/a)
0	12:14:42.752	'23853581': previous successful authorization performed from 154.126.113.189
0	12:15:14.744	'23853581': ping to current access point Access Point #2 is 854.15 ms
0	12:31:24.166	'23853581': login datacenter on AdmiralMarkets-Demo
0	12:31:48.873	'23853581': login on AdmiralMarkets-Demo through Access Point #6 (ping: 247.20 ms)
0	12:32:23.528	'23853581': login datacenter on AdmiralMarkets-Demo through Access Point #6 (ping: 247.20 ms)
0	12:32:27.596	'23853581': previous successful authorization performed from 154.126.113.189
0	12:38:34.777	'23853581': login on AdmiralMarkets-Demo through Access Point #3 (ping: 253.12 ms)
0	12:38:38.746	'23853581': login datacenter on AdmiralMarkets-Demo through Access Point #3 (ping: 253.12 ms)
0	12:38:39.923	'23853581': previous successful authorization performed from 154.126.113.189
0	12:46:06.915	'23853581': order #179725857 sell 0.10 GBPAUD at 1.89331 closed due stop-loss at price 1.89755
1	13:11:08.819	'23853581': datacenter connecting failed [6]
0	13:11:12.661	'23853581': login on AdmiralMarkets-Demo through Access Point #1 (ping: 570.95 ms)
0	13:11:17.634	'23853581': login datacenter on AdmiralMarkets-Demo through Access Point #1 (ping: 570.95 ms)
0	13:11:24.529	'23853581': previous successful authorization performed from 154.126.113.189
1	13:16:37.817	'23853581': datacenter connecting failed [6]
1	13:16:37.908	'23853581': connect failed [Connection échouée]
0	13:16:45.512	'23853581': login on AdmiralMarkets-Demo through Access Point #2 (ping: n/a)
0	13:18:04.440	'23853581': login datacenter on AdmiralMarkets-Demo
0	13:18:29.816	'23853581': auto connecting to a better access point Access Point #2 (ping is n/a)
1	13:18:29.944	'23853581': connect failed [Connection échouée]
0	13:20:05.254	'23853581': login on AdmiralMarkets-Demo through Access Point #1 (ping: n/a)
0	13:21:12.643	'23853581': login on AdmiralMarkets-Demo through Access Point #3 (ping: n/a)
0	13:22:27.035	'23853581': login datacenter on AdmiralMarkets-Demo
0	13:23:01.236	'23853581': login on AdmiralMarkets-Demo through Access Point #6 (ping: n/a)
0	13:23:29.814	'23853581': ping to current access point Access Point #6 is n/a
0	13:24:08.424	'23853581': login datacenter on AdmiralMarkets-Demo
0	13:24:39.878	'23853581': login on AdmiralMarkets-Demo through Access Point #1 (ping: 3403.99 ms)
0	13:24:56.816	'23853581': ping to current access point Access Point #1 is n/a
1	13:26:46.822	'23853581': connect failed [Connection échouée]
0	13:27:17.526	'23853581': login on AdmiralMarkets-Demo through Access Point #2 (ping: n/a)
0	13:28:37.966	'23853581': login datacenter on AdmiralMarkets-Demo
0	13:29:08.813	'23853581': auto connecting to a better access point Access Point #2 (ping is 1085.01 ms)
0	13:29:18.868	'23853581': login on AdmiralMarkets-Demo through Access Point #3 (ping: n/a)
0	13:30:12.286	'23853581': login datacenter on AdmiralMarkets-Demo through Access Point #3 (ping: n/a)
0	13:30:16.140	'23853581': previous successful authorization performed from 154.126.113.189
0	13:31:00.822	'23853581': ping to current access point Access Point #3 is n/a
1	13:31:22.218	MQL5.community: authorization failed
1	13:34:38.816	'23853581': datacenter connecting failed [6]
0	13:35:09.893	'23853581': login on AdmiralMarkets-Demo through Access Point #1 (ping: 1533.54 ms)
0	13:36:23.050	'23853581': login datacenter on AdmiralMarkets-Demo
1	13:36:34.633	'23853581': connect failed [Connection échouée]
0	13:37:07.393	'23853581': login on AdmiralMarkets-Demo through Access Point #1 (ping: n/a)
0	13:38:01.329	'23853581': login datacenter on AdmiralMarkets-Demo through Access Point #1 (ping: n/a)
0	13:38:47.815	'23853581': ping to current access point Access Point #2 is 2369.25 ms
0	13:38:53.588	'23853581': login on AdmiralMarkets-Demo through Access Point #2 (ping: 2369.25 ms)
0	13:40:14.109	'23853581': login on AdmiralMarkets-Demo through Access Point #2 (ping: 2369.25 ms)
0	13:41:26.559	'23853581': login datacenter on AdmiralMarkets-Demo
0	13:41:48.456	'23853581': login on AdmiralMarkets-Demo through Access Point #3 (ping: 4332.87 ms)
0	13:42:11.525	'23853581': login datacenter on AdmiralMarkets-Demo through Access Point #3 (ping: 4332.87 ms)
0	13:42:21.497	'23853581': previous successful authorization performed from 154.126.113.189
0	13:42:45.814	'23853581': ping to current access point Access Point #3 is 2069.02 ms
1	13:43:02.218	MQL5.community: authorization failed
1	13:46:17.820	'23853581': datacenter connecting failed [6]
1	13:46:38.911	'23853581': connect failed [Connection échouée]
0	13:47:27.000	'23853581': login on AdmiralMarkets-Demo through Access Point #1 (ping: n/a)
0	13:47:28.866	'23853581': login datacenter on AdmiralMarkets-Demo through Access Point #1 (ping: n/a)
0	13:47:29.525	'23853581': previous successful authorization performed from 154.126.113.189
0	13:48:01.220	'23853581': ping to current access point Access Point #1 is 380.54 ms
2	14:09:36.962	Custom indicator HolyCandleTime GBPAUD,M30: removed
2	14:09:36.965	Custom indicator USAIN-BOLT GBPAUD,M30: removed
2	14:09:36.981	Custom indicator smart binary system GBPAUD,M30: loaded successfully
2	14:10:56.884	Custom indicator smart binary system GBPAUD,H1: removed
2	14:10:56.895	Custom indicator smart binary system GBPAUD,H1: loaded successfully
2	14:11:11.807	Custom indicator smart binary system GBPAUD,H1: removed
2	14:11:11.822	Custom indicator CandleTimer GBPAUD,H1: loaded successfully
2	14:11:11.835	Custom indicator RSI Divergence Levels GBPAUD,H1: loaded successfully
2	14:11:11.849	Expert [BH] MT4 to Binary Connector v4.0 GBPAUD,H1: loaded successfully
2	14:11:29.133	Expert [BH] MT4 to Binary Connector v4.0 GBPAUD,H1: removed
2	14:11:29.135	Custom indicator CandleTimer GBPAUD,H1: removed
2	14:11:29.136	Custom indicator RSI Divergence Levels GBPAUD,H1: removed
2	14:11:38.074	Custom indicator Razer V3\CandleCountdown GBPAUD,H1: loaded successfully
2	14:11:38.085	Custom indicator Razer V3\RAZER V3 GBPAUD,H1: loaded successfully
2	14:11:38.162	Custom indicator Razer V3\Trend GBPAUD,H1: loaded successfully
2	14:11:49.264	Custom indicator CandleCountdown GBPAUD,H1: removed
2	14:11:49.265	Custom indicator RAZER V3 GBPAUD,H1: removed
2	14:11:49.265	Custom indicator Trend GBPAUD,H1: removed
2	14:11:49.282	Custom indicator Profit Tip Pip Prp\PTPRO_LicenseX GBPAUD,H1: loaded successfully
2	14:11:49.302	Custom indicator Profit Tip Pip Prp\AProxAlert GBPAUD,H1: loaded successfully
2	14:12:00.056	Custom indicator PTPRO_LicenseX GBPAUD,H1: removed
2	14:12:00.060	Custom indicator AProxAlert GBPAUD,H1: removed
2	14:12:10.440	Custom indicator BinaryOptionSlayer_fix GBPAUD,H1: loaded successfully
2	14:12:20.537	Custom indicator BinaryOptionSlayer_fix GBPAUD,H1: removed
2	14:12:20.560	Custom indicator MPX Grail V3\AutoChannel_MPX  v3 GBPAUD,H1: loaded successfully
2	14:12:20.568	Custom indicator MPX Grail V3\P4LCandleTime GBPAUD,H1: loaded successfully
2	14:12:20.577	Custom indicator MPX Grail V3\timerN GBPAUD,H1: loaded successfully
2	14:12:20.650	Custom indicator MPX Grail V3\Trend GBPAUD,H1: loaded successfully
2	14:12:20.660	Custom indicator MPX Grail V3\MPX GRAIL V3  GBPAUD,H1: loaded successfully
2	14:12:20.670	Custom indicator MPX Grail V3\MPX  v3 GBPAUD,H1: loaded successfully
2	14:12:20.681	Custom indicator MPX Grail V3\MPX  GBPAUD,H1: loaded successfully
2	14:12:20.691	Custom indicator MPX Grail V3\CHT_Value_chart_v2.5.3 GBPAUD,H1: loaded successfully
1	14:36:55.879	'23853581': datacenter connecting failed [6]
0	14:37:07.326	'23853581': login on AdmiralMarkets-Demo through Access Point #6 (ping: 372.07 ms)
0	14:37:56.734	'23853581': login datacenter on AdmiralMarkets-Demo through Access Point #6 (ping: 372.07 ms)
0	14:38:07.072	'23853581': previous successful authorization performed from 154.126.113.189
2	14:38:22.940	Custom indicator AutoChannel_MPX  v3 GBPAUD,H1: removed
2	14:38:22.940	Custom indicator P4LCandleTime GBPAUD,H1: removed
2	14:38:22.945	Custom indicator timerN GBPAUD,H1: removed
2	14:38:22.945	Custom indicator Trend GBPAUD,H1: removed
2	14:38:22.947	Custom indicator MPX GRAIL V3  GBPAUD,H1: removed
2	14:38:22.947	Custom indicator MPX  v3 GBPAUD,H1: removed
2	14:38:22.952	Custom indicator MPX  GBPAUD,H1: removed
2	14:38:22.957	Custom indicator CHT_Value_chart_v2.5.3 GBPAUD,H1: removed
1	14:43:19.907	'23853581': datacenter connecting failed [6]
3	14:43:31.067	Main pumping: timeout on stop
1	14:43:31.067	'23853581': connect failed [Connection échouée]
2	14:43:31.075	Custom indicator MBFX Timing [DJI30],H1: removed
2	14:43:31.086	Custom indicator MBFX Timing [DAX30],M15: removed
2	14:43:31.090	Custom indicator MBFX Timing [NQ100],M15: removed
2	14:43:31.097	Custom indicator MBFX Timing AUDJPY,M15: removed
2	14:43:31.101	Custom indicator MBFX Timing WTI,M15: removed
2	14:43:31.105	Custom indicator MBFX Timing GBPJPY,H1: removed
2	14:43:31.116	Custom indicator MBFX Timing USDJPY,H1: removed
2	14:43:31.817	Custom indicator #P4L CandleTime [DJI30],H1: removed
2	14:43:31.817	Custom indicator TURBO PLUS+ [DJI30],H1: removed
2	14:43:31.817	Custom indicator ALERT SIGNAL [DJI30],H1: removed
2	14:43:31.822	Custom indicator TrendTradingCloud [DJI30],H1: removed
2	14:43:31.822	Custom indicator RSI Divergence Levels [DJI30],H1: removed
2	14:43:31.822	Custom indicator MACD_Volumes-2 [DJI30],H1: removed
2	14:43:31.827	Custom indicator CloudSignalLines [DJI30],H1: removed
2	14:43:31.832	Expert Admiral - Mini Terminal [DAX30],M15: removed
2	14:43:31.933	Custom indicator #P4L CandleTime [DAX30],M15: removed
2	14:43:31.933	Custom indicator TURBO PLUS+ [DAX30],M15: removed
2	14:43:31.938	Custom indicator ALERT SIGNAL [DAX30],M15: removed
2	14:43:31.938	Custom indicator TrendTradingCloud [DAX30],M15: removed
2	14:43:31.938	Custom indicator RSI Divergence Levels [DAX30],M15: removed
2	14:43:31.943	Custom indicator MACD_Volumes-2 [DAX30],M15: removed
2	14:43:31.943	Custom indicator CloudSignalLines [DAX30],M15: removed
2	14:43:31.950	Custom indicator #P4L CandleTime [NQ100],M15: removed
2	14:43:31.952	Custom indicator TURBO PLUS+ [NQ100],M15: removed
2	14:43:31.954	Custom indicator ALERT SIGNAL [NQ100],M15: removed
2	14:43:31.956	Custom indicator TrendTradingCloud [NQ100],M15: removed
2	14:43:31.958	Custom indicator RSI Divergence Levels [NQ100],M15: removed
2	14:43:31.960	Custom indicator MACD_Volumes-2 [NQ100],M15: removed
2	14:43:31.962	Custom indicator CloudSignalLines [NQ100],M15: removed
2	14:43:31.984	Expert Admiral - Connect AUDJPY,M15: removed
2	14:43:33.871	Custom indicator #P4L CandleTime AUDJPY,M15: removed
2	14:43:33.871	Custom indicator TURBO PLUS+ AUDJPY,M15: removed
2	14:43:33.876	Custom indicator ALERT SIGNAL AUDJPY,M15: removed
2	14:43:33.876	Custom indicator TrendTradingCloud AUDJPY,M15: removed
2	14:43:33.876	Custom indicator RSI Divergence Levels AUDJPY,M15: removed
2	14:43:33.881	Custom indicator MACD_Volumes-2 AUDJPY,M15: removed
2	14:43:33.881	Custom indicator CloudSignalLines AUDJPY,M15: removed
2	14:43:33.881	Custom indicator #P4L CandleTime WTI,M15: removed
2	14:43:33.881	Custom indicator TURBO PLUS+ WTI,M15: removed
2	14:43:33.888	Custom indicator ALERT SIGNAL WTI,M15: removed
2	14:43:33.888	Custom indicator TrendTradingCloud WTI,M15: removed
2	14:43:33.888	Custom indicator RSI Divergence Levels WTI,M15: removed
2	14:43:33.893	Custom indicator MACD_Volumes-2 WTI,M15: removed
2	14:43:33.893	Custom indicator CloudSignalLines WTI,M15: removed
2	14:43:33.897	Custom indicator #P4L CandleTime GBPJPY,H1: removed
2	14:43:33.897	Custom indicator TURBO PLUS+ GBPJPY,H1: removed
2	14:43:33.901	Custom indicator ALERT SIGNAL GBPJPY,H1: removed
2	14:43:33.901	Custom indicator TrendTradingCloud GBPJPY,H1: removed
2	14:43:33.901	Custom indicator RSI Divergence Levels GBPJPY,H1: removed
2	14:43:33.906	Custom indicator MACD_Volumes-2 GBPJPY,H1: removed
2	14:43:33.906	Custom indicator CloudSignalLines GBPJPY,H1: removed
2	14:43:33.911	Custom indicator IVT_MACD_ZERO_LAG GBPJPY,H1: removed
2	14:43:33.911	Custom indicator RSBot_V7 GOLD,M30: removed
2	14:43:33.918	Custom indicator #P4L CandleTime USDJPY,H1: removed
2	14:43:33.918	Custom indicator TURBO PLUS+ USDJPY,H1: removed
2	14:43:33.918	Custom indicator ALERT SIGNAL USDJPY,H1: removed
2	14:43:33.923	Custom indicator TrendTradingCloud USDJPY,H1: removed
2	14:43:33.923	Custom indicator RSBot_V7 USDJPY,H1: removed
2	14:43:33.923	Custom indicator RSI Divergence Levels USDJPY,H1: removed
2	14:43:33.928	Custom indicator MACD_Volumes-2 USDJPY,H1: removed
2	14:43:33.928	Custom indicator CloudSignalLines USDJPY,H1: removed
2	14:43:33.933	Custom indicator RSBot_V7 BTCUSD,M15: removed
2	14:43:33.938	Custom indicator RSBot_V7 EURUSD,M15: removed
2	14:43:33.943	Custom indicator RSBot_V7 USDCAD,M15: removed
2	14:43:33.943	Custom indicator RSBot_V7 [DAX30],H1: removed
2	14:43:33.948	Custom indicator IVT_MACD_ZERO_LAG GBPAUD,H1: removed
2	14:43:33.959	Custom indicator RSBot_V7 EURJPY,M15: removed
2	14:43:33.963	Custom indicator RSBot_V7 USDCAD,Daily: removed
2	14:43:33.967	Custom indicator RSBot_V7 CHFJPY,Daily: removed
2	14:43:33.971	Custom indicator RSBot_V7 GBPAUD,Daily: removed
0	14:43:34.236	Admiral Markets build 1260 stopped
1	14:43:34.241	MenuXP: memory leak in menu 170638
1	14:43:34.241	MenuXP: memory leak in menu 240BF8
0	20:22:12.492	Admiral Markets build 1260 started (Admiral Markets Group AS)
0	20:22:12.492	Windows 10 Pro x64, IE 11, UAC, 8 x Intel Core i7-10510U  @ 1.80GHz, Memory: 1144 / 8014 Mb, Disk: 80 / 237 Gb, GMT+3
0	20:22:12.492	Data Folder: C:\Users\SRIE\AppData\Roaming\MetaQuotes\Terminal\51337600F56B69473E15EAFB8A7586B4
2	20:22:14.528	Custom indicator #P4L CandleTime [DJI30],H1: loaded successfully
2	20:22:14.536	Custom indicator TURBO PLUS+ [DJI30],H1: loaded successfully
2	20:22:14.543	Custom indicator ALERT SIGNAL [DJI30],H1: loaded successfully
2	20:22:14.551	Custom indicator Trend Trading\TrendTradingCloud [DJI30],H1: loaded successfully
2	20:22:14.560	Custom indicator RSI Divergence Levels [DJI30],H1: loaded successfully
2	20:22:14.567	Custom indicator MACD_Volumes-2 [DJI30],H1: loaded successfully
2	20:22:14.574	Custom indicator Trend Trading\CloudSignalLines [DJI30],H1: loaded successfully
2	20:22:14.742	Custom indicator MBFX Timing [DJI30],H1: loaded successfully
2	20:22:14.827	Custom indicator #P4L CandleTime [DAX30],M15: loaded successfully
2	20:22:14.834	Custom indicator TURBO PLUS+ [DAX30],M15: loaded successfully
2	20:22:14.840	Custom indicator ALERT SIGNAL [DAX30],M15: loaded successfully
2	20:22:14.847	Custom indicator Trend Trading\TrendTradingCloud [DAX30],M15: loaded successfully
2	20:22:14.855	Custom indicator RSI Divergence Levels [DAX30],M15: loaded successfully
2	20:22:14.863	Custom indicator MACD_Volumes-2 [DAX30],M15: loaded successfully
2	20:22:14.869	Custom indicator Trend Trading\CloudSignalLines [DAX30],M15: loaded successfully
2	20:22:14.884	Expert Admiral - Mini Terminal [DAX30],M15: loaded successfully
2	20:22:15.151	Custom indicator MBFX Timing [DAX30],M15: loaded successfully
2	20:22:15.243	Custom indicator #P4L CandleTime [NQ100],M15: loaded successfully
2	20:22:15.251	Custom indicator TURBO PLUS+ [NQ100],M15: loaded successfully
2	20:22:15.258	Custom indicator ALERT SIGNAL [NQ100],M15: loaded successfully
2	20:22:15.266	Custom indicator Trend Trading\TrendTradingCloud [NQ100],M15: loaded successfully
2	20:22:15.273	Custom indicator RSI Divergence Levels [NQ100],M15: loaded successfully
2	20:22:15.282	Custom indicator MACD_Volumes-2 [NQ100],M15: loaded successfully
2	20:22:15.288	Custom indicator Trend Trading\CloudSignalLines [NQ100],M15: loaded successfully
2	20:22:15.452	Custom indicator MBFX Timing [NQ100],M15: loaded successfully
2	20:22:15.557	Custom indicator #P4L CandleTime AUDJPY,M15: loaded successfully
2	20:22:15.565	Custom indicator TURBO PLUS+ AUDJPY,M15: loaded successfully
2	20:22:15.576	Custom indicator ALERT SIGNAL AUDJPY,M15: loaded successfully
2	20:22:15.588	Custom indicator Trend Trading\TrendTradingCloud AUDJPY,M15: loaded successfully
2	20:22:15.597	Custom indicator RSI Divergence Levels AUDJPY,M15: loaded successfully
2	20:22:15.608	Custom indicator MACD_Volumes-2 AUDJPY,M15: loaded successfully
2	20:22:15.616	Custom indicator Trend Trading\CloudSignalLines AUDJPY,M15: loaded successfully
2	20:22:15.629	Expert Admiral - Connect AUDJPY,M15: loaded successfully
2	20:22:15.819	Custom indicator MBFX Timing AUDJPY,M15: loaded successfully
2	20:22:15.924	Custom indicator #P4L CandleTime WTI,M15: loaded successfully
2	20:22:15.932	Custom indicator TURBO PLUS+ WTI,M15: loaded successfully
2	20:22:15.940	Custom indicator ALERT SIGNAL WTI,M15: loaded successfully
2	20:22:15.949	Custom indicator Trend Trading\TrendTradingCloud WTI,M15: loaded successfully
2	20:22:15.959	Custom indicator RSI Divergence Levels WTI,M15: loaded successfully
2	20:22:15.971	Custom indicator MACD_Volumes-2 WTI,M15: loaded successfully
2	20:22:15.979	Custom indicator Trend Trading\CloudSignalLines WTI,M15: loaded successfully
2	20:22:16.156	Custom indicator MBFX Timing WTI,M15: loaded successfully
2	20:22:16.256	Custom indicator #P4L CandleTime GBPJPY,H1: loaded successfully
2	20:22:16.263	Custom indicator TURBO PLUS+ GBPJPY,H1: loaded successfully
2	20:22:16.271	Custom indicator ALERT SIGNAL GBPJPY,H1: loaded successfully
2	20:22:16.278	Custom indicator Trend Trading\TrendTradingCloud GBPJPY,H1: loaded successfully
2	20:22:16.286	Custom indicator RSI Divergence Levels GBPJPY,H1: loaded successfully
2	20:22:16.294	Custom indicator MACD_Volumes-2 GBPJPY,H1: loaded successfully
2	20:22:16.301	Custom indicator Trend Trading\CloudSignalLines GBPJPY,H1: loaded successfully
2	20:22:16.308	Custom indicator IVT_MACD_ZERO_LAG GBPJPY,H1: loaded successfully
2	20:22:16.480	Custom indicator MBFX Timing GBPJPY,H1: loaded successfully
2	20:22:16.538	Custom indicator RSBot_V7 GOLD,M30: loaded successfully
2	20:22:16.657	Custom indicator #P4L CandleTime USDJPY,H1: loaded successfully
2	20:22:16.664	Custom indicator TURBO PLUS+ USDJPY,H1: loaded successfully
2	20:22:16.671	Custom indicator ALERT SIGNAL USDJPY,H1: loaded successfully
2	20:22:16.679	Custom indicator Trend Trading\TrendTradingCloud USDJPY,H1: loaded successfully
2	20:22:16.701	Custom indicator RSBot_V7 USDJPY,H1: loaded successfully
2	20:22:16.709	Custom indicator RSI Divergence Levels USDJPY,H1: loaded successfully
2	20:22:16.717	Custom indicator MACD_Volumes-2 USDJPY,H1: loaded successfully
2	20:22:16.724	Custom indicator Trend Trading\CloudSignalLines USDJPY,H1: loaded successfully
2	20:22:16.919	Custom indicator MBFX Timing USDJPY,H1: loaded successfully
2	20:22:16.988	Custom indicator RSBot_V7 BTCUSD,M15: loaded successfully
2	20:22:17.096	Custom indicator RSBot_V7 EURUSD,M15: loaded successfully
2	20:22:17.197	Custom indicator RSBot_V7 USDCAD,M15: loaded successfully
2	20:22:17.289	Custom indicator RSBot_V7 [DAX30],H1: loaded successfully
2	20:22:17.350	Custom indicator IVT_MACD_ZERO_LAG GBPAUD,H1: loaded successfully
2	20:22:17.418	Custom indicator RSBot_V7 EURJPY,M15: loaded successfully
2	20:22:17.520	Custom indicator RSBot_V7 USDCAD,Daily: loaded successfully
2	20:22:17.591	Custom indicator RSBot_V7 CHFJPY,Daily: loaded successfully
2	20:22:17.660	Custom indicator RSBot_V7 GBPAUD,Daily: loaded successfully
0	20:22:19.480	'23853581': login on AdmiralMarkets-Demo through Access Point #6 (ping: 372.07 ms)
0	20:22:23.540	'23853581': login datacenter on AdmiralMarkets-Demo through Access Point #6 (ping: 372.07 ms)
0	20:22:25.340	'23853581': previous successful authorization performed from 154.126.113.189
0	20:22:40.679	'23853581': ping to current access point Access Point #6 is 223.86 ms
2	20:39:34.598	Custom indicator MBFX Timing [DJI30],H1: removed
2	20:39:34.603	Custom indicator MBFX Timing [DAX30],M15: removed
2	20:39:34.606	Custom indicator MBFX Timing [NQ100],M15: removed
2	20:39:34.610	Custom indicator MBFX Timing AUDJPY,M15: removed
2	20:39:34.613	Custom indicator MBFX Timing WTI,M15: removed
2	20:39:34.617	Custom indicator MBFX Timing GBPJPY,H1: removed
2	20:39:34.627	Custom indicator MBFX Timing USDJPY,H1: removed
2	20:39:35.540	Custom indicator #P4L CandleTime [DJI30],H1: removed
2	20:39:35.542	Custom indicator TURBO PLUS+ [DJI30],H1: removed
2	20:39:35.544	Custom indicator ALERT SIGNAL [DJI30],H1: removed
2	20:39:35.546	Custom indicator TrendTradingCloud [DJI30],H1: removed
2	20:39:35.548	Custom indicator RSI Divergence Levels [DJI30],H1: removed
2	20:39:35.549	Custom indicator MACD_Volumes-2 [DJI30],H1: removed
2	20:39:35.551	Custom indicator CloudSignalLines [DJI30],H1: removed
2	20:39:35.556	Expert Admiral - Mini Terminal [DAX30],M15: removed
2	20:39:35.596	Custom indicator #P4L CandleTime [DAX30],M15: removed
2	20:39:35.598	Custom indicator TURBO PLUS+ [DAX30],M15: removed
2	20:39:35.600	Custom indicator ALERT SIGNAL [DAX30],M15: removed
2	20:39:35.601	Custom indicator TrendTradingCloud [DAX30],M15: removed
2	20:39:35.603	Custom indicator RSI Divergence Levels [DAX30],M15: removed
2	20:39:35.605	Custom indicator MACD_Volumes-2 [DAX30],M15: removed
2	20:39:35.607	Custom indicator CloudSignalLines [DAX30],M15: removed
2	20:39:35.609	Custom indicator #P4L CandleTime [NQ100],M15: removed
2	20:39:35.611	Custom indicator TURBO PLUS+ [NQ100],M15: removed
2	20:39:35.613	Custom indicator ALERT SIGNAL [NQ100],M15: removed
2	20:39:35.615	Custom indicator TrendTradingCloud [NQ100],M15: removed
2	20:39:35.617	Custom indicator RSI Divergence Levels [NQ100],M15: removed
2	20:39:35.618	Custom indicator MACD_Volumes-2 [NQ100],M15: removed
2	20:39:35.620	Custom indicator CloudSignalLines [NQ100],M15: removed
2	20:39:35.624	Expert Admiral - Connect AUDJPY,M15: removed
2	20:39:36.917	Custom indicator #P4L CandleTime AUDJPY,M15: removed
2	20:39:36.918	Custom indicator TURBO PLUS+ AUDJPY,M15: removed
2	20:39:36.920	Custom indicator ALERT SIGNAL AUDJPY,M15: removed
2	20:39:36.921	Custom indicator TrendTradingCloud AUDJPY,M15: removed
2	20:39:36.922	Custom indicator RSI Divergence Levels AUDJPY,M15: removed
2	20:39:36.924	Custom indicator MACD_Volumes-2 AUDJPY,M15: removed
2	20:39:36.925	Custom indicator CloudSignalLines AUDJPY,M15: removed
2	20:39:36.927	Custom indicator #P4L CandleTime WTI,M15: removed
2	20:39:36.928	Custom indicator TURBO PLUS+ WTI,M15: removed
2	20:39:36.930	Custom indicator ALERT SIGNAL WTI,M15: removed
2	20:39:36.931	Custom indicator TrendTradingCloud WTI,M15: removed
2	20:39:36.932	Custom indicator RSI Divergence Levels WTI,M15: removed
2	20:39:36.934	Custom indicator MACD_Volumes-2 WTI,M15: removed
2	20:39:36.935	Custom indicator CloudSignalLines WTI,M15: removed
2	20:39:36.938	Custom indicator #P4L CandleTime GBPJPY,H1: removed
2	20:39:36.939	Custom indicator TURBO PLUS+ GBPJPY,H1: removed
2	20:39:36.941	Custom indicator ALERT SIGNAL GBPJPY,H1: removed
2	20:39:36.942	Custom indicator TrendTradingCloud GBPJPY,H1: removed
2	20:39:36.943	Custom indicator RSI Divergence Levels GBPJPY,H1: removed
2	20:39:36.945	Custom indicator MACD_Volumes-2 GBPJPY,H1: removed
2	20:39:36.946	Custom indicator CloudSignalLines GBPJPY,H1: removed
2	20:39:36.948	Custom indicator IVT_MACD_ZERO_LAG GBPJPY,H1: removed
2	20:39:36.952	Custom indicator RSBot_V7 GOLD,M30: removed
2	20:39:36.953	Custom indicator #P4L CandleTime USDJPY,H1: removed
2	20:39:36.955	Custom indicator TURBO PLUS+ USDJPY,H1: removed
2	20:39:36.956	Custom indicator ALERT SIGNAL USDJPY,H1: removed
2	20:39:36.958	Custom indicator TrendTradingCloud USDJPY,H1: removed
2	20:39:36.959	Custom indicator RSBot_V7 USDJPY,H1: removed
2	20:39:36.960	Custom indicator RSI Divergence Levels USDJPY,H1: removed
2	20:39:36.962	Custom indicator MACD_Volumes-2 USDJPY,H1: removed
2	20:39:36.963	Custom indicator CloudSignalLines USDJPY,H1: removed
2	20:39:36.966	Custom indicator RSBot_V7 BTCUSD,M15: removed
2	20:39:36.971	Custom indicator RSBot_V7 EURUSD,M15: removed
2	20:39:36.973	Custom indicator RSBot_V7 USDCAD,M15: removed
2	20:39:36.977	Custom indicator RSBot_V7 [DAX30],H1: removed
2	20:39:36.980	Custom indicator IVT_MACD_ZERO_LAG GBPAUD,H1: removed
2	20:39:36.985	Custom indicator RSBot_V7 EURJPY,M15: removed
2	20:39:36.988	Custom indicator RSBot_V7 USDCAD,Daily: removed
2	20:39:36.990	Custom indicator RSBot_V7 CHFJPY,Daily: removed
2	20:39:36.993	Custom indicator RSBot_V7 GBPAUD,Daily: removed
0	20:39:37.194	Admiral Markets build 1260 stopped
