0	01:40:42.774	Notifications: 'Classical RSI bearish divergence on:  GBPJPY' sent to 'A37163A9'
0	01:41:49.741	Notifications: 'Classical RSI bearish divergence on:  USOIL' sent to 'A37163A9'
0	01:44:42.904	Notifications: 'Classical RSI bearish divergence on:  USOIL' sent to 'A37163A9'
0	01:56:50.448	Notifications: 'Classical RSI bullish divergence on:  USDCAD' sent to 'A37163A9'
0	01:57:05.091	Notifications: 'Classical RSI bearish divergence on:  DE30' sent to 'A37163A9'
0	01:57:28.780	Notifications: 'Classical RSI bearish divergence on:  FR40' sent to 'A37163A9'
0	01:58:42.529	Notifications: 'Classical RSI bearish divergence on:  GBPJPY' sent to 'A37163A9'
0	01:59:41.793	Notifications: 'Classical RSI bullish divergence on:  USDCAD' sent to 'A37163A9'
0	01:59:43.424	Notifications: 'Classical RSI bearish divergence on:  DE30' sent to 'A37163A9'
0	02:17:46.213	Notifications: 'Classical RSI bearish divergence on:  DE30' sent to 'A37163A9'
0	02:17:47.145	Notifications: 'Classical RSI bearish divergence on:  FR40' sent to 'A37163A9'
0	02:28:41.872	Notifications: 'Classical RSI bullish divergence on:  USDCAD' sent to 'A37163A9'
0	02:32:50.058	Notifications: 'Classical RSI bullish divergence on:  USDCAD' sent to 'A37163A9'
0	02:36:07.663	Notifications: 'Classical RSI bullish divergence on:  USDCAD' sent to 'A37163A9'
0	02:39:11.980	Notifications: 'Classical RSI bullish divergence on:  USDCAD' sent to 'A37163A9'
0	02:41:44.023	Notifications: 'Classical RSI bullish divergence on:  USDCAD' sent to 'A37163A9'
0	02:42:45.363	Notifications: 'Classical RSI bearish divergence on:  FR40' sent to 'A37163A9'
0	02:52:28.157	'14109544': order #189426118 sell 0.10 GBPUSD at 1.23580 closed due stop-loss at price 1.25018
0	02:52:51.154	Notifications: 'order #189426118 sell 0.10 GBPUSD at 1.23580 closed due stop-loss at price 1.25018, profit: -143.80 USD' sent to 'A37163A9'
0	02:59:42.546	Notifications: 'Classical RSI bearish divergence on:  EURCAD' sent to 'A37163A9'
0	03:08:47.717	Notifications: 'Classical RSI bullish divergence on:  DE30' sent to 'A37163A9'
0	03:11:46.423	Notifications: 'Classical RSI bullish divergence on:  DE30' sent to 'A37163A9'
0	03:34:42.786	Notifications: 'Classical RSI bullish divergence on:  FR40' sent to 'A37163A9'
0	03:34:50.011	Notifications: 'Classical RSI bullish divergence on:  DE30' sent to 'A37163A9'
0	03:40:42.002	Notifications: 'Classical RSI bullish divergence on:  XAUUSD' sent to 'A37163A9'
0	03:59:41.653	Notifications: 'Classical RSI bearish divergence on:  AUDUSD' sent to 'A37163A9'
0	04:22:42.397	Notifications: 'Classical RSI bearish divergence on:  USDCAD' sent to 'A37163A9'
0	04:22:43.322	Notifications: 'Classical RSI bullish divergence on:  USOIL' sent to 'A37163A9'
0	04:22:44.331	Notifications: 'Classical RSI bullish divergence on:  FR40' sent to 'A37163A9'
0	04:25:41.517	Notifications: 'Classical RSI bullish divergence on:  FR40' sent to 'A37163A9'
0	04:25:42.521	Notifications: 'Classical RSI bullish divergence on:  DE30' sent to 'A37163A9'
0	04:25:44.386	Notifications: 'Classical RSI bullish divergence on:  USOIL' sent to 'A37163A9'
0	04:30:41.485	Notifications: 'Classical RSI bullish divergence on:  GBPJPY' sent to 'A37163A9'
0	04:30:42.491	Notifications: 'Classical RSI bullish divergence on:  DE30' sent to 'A37163A9'
0	04:30:43.485	Notifications: 'Classical RSI bullish divergence on:  FR40' sent to 'A37163A9'
0	04:40:41.910	Notifications: 'Classical RSI bearish divergence on:  USDCAD' sent to 'A37163A9'
0	05:00:57.168	Notifications: 'Classical RSI bullish divergence on:  EURCAD' sent to 'A37163A9'
0	05:03:33.109	'14109544': login datacenter on Exness-Real4
0	05:03:42.086	'14109544': login on Exness-Real4 through DC09 (ping: 600.61 ms)
1	05:03:44.778	MQL5.community: authorization failed
0	05:03:48.759	'14109544': login datacenter on Exness-Real4 through DC09 (ping: 600.61 ms)
0	05:03:50.784	'14109544': previous successful authorization performed from 154.126.113.82
0	05:04:31.421	'14109544': auto connecting to a better access point DC00 (ping is 257.71 ms)
0	05:04:35.177	'14109544': login on Exness-Real4 through DC00 (ping: 257.71 ms)
0	05:04:38.558	'14109544': login datacenter on Exness-Real4 through DC00 (ping: 257.71 ms)
0	05:04:41.488	'14109544': previous successful authorization performed from 154.126.113.82
0	05:04:46.028	Notifications: 'Classical RSI bullish divergence on:  EURCAD' sent to 'A37163A9'
1	05:05:37.344	'14109544': datacenter connecting failed [6]
0	05:05:41.276	'14109544': login on Exness-Real4 through DC06 (ping: 307.83 ms)
0	05:05:46.592	'14109544': login datacenter on Exness-Real4 through DC06 (ping: 307.83 ms)
0	05:05:47.832	'14109544': previous successful authorization performed from 220.242.139.62
2	05:08:37.938	Expert ForexSignals-NakedTrading-v1.3 GBPCAD,H1: removed
0	05:11:50.047	'14109544': close order #189578408 sell 0.10 XAUUSD at 1759.842 sl: 1765.000 tp: 1680.000 at price 1754.308
0	05:11:51.079	'14109544': order #189578408 sell 0.10 XAUUSD at 1759.842 sl: 1765.000 tp: 1680.000 closed at price 1754.308
0	05:11:52.051	Notifications: 'order #189578408 sell 0.10 XAUUSD at 1759.842 closed at price 1754.308, profit: 55.34 USD' sent to 'A37163A9'
0	05:14:45.168	Notifications: 'Classical RSI bullish divergence on:  USDCAD' sent to 'A37163A9'
0	05:15:41.626	Notifications: 'Classical RSI bearish divergence on:  GBPJPY' sent to 'A37163A9'
0	05:20:41.511	Notifications: 'Classical RSI bearish divergence on:  FR40' sent to 'A37163A9'
0	05:20:42.387	Notifications: 'Classical RSI bearish divergence on:  DE30' sent to 'A37163A9'
0	05:32:41.848	Notifications: 'Classical RSI bearish divergence on:  DE30' sent to 'A37163A9'
0	05:32:42.783	Notifications: 'Classical RSI bearish divergence on:  FR40' sent to 'A37163A9'
2	05:35:55.928	Custom indicator AIMS Levels V2 AUDCAD,H1: loaded successfully
2	05:35:56.037	Custom indicator AIMS Entry Alert V1 AUDCAD,H1: loaded successfully
2	05:35:56.132	Custom indicator CandleTimer AUDCAD,H1: loaded successfully
2	05:35:56.212	Custom indicator #Signal_Bars_v6 AUDCAD,H1: loaded successfully
2	05:35:56.272	Custom indicator TrendEnvelopes_v1 AUDCAD,H1: loaded successfully
2	05:35:56.351	Custom indicator AIMS AO V.2.1 AUDCAD,H1: loaded successfully
2	05:35:56.375	Custom indicator IVT_MACD_ZERO_LAG AUDCAD,H1: loaded successfully
2	05:35:56.387	Custom indicator RSI Divergence Levels AUDCAD,H1: loaded successfully
2	05:35:56.456	Custom indicator JoeChalhoub_FXForecasterV1 AUDCAD,H1: loaded successfully
0	05:36:13.649	'14109544': instant order buy 0.10 AUDCAD at 0.93639 sl: 0.00000 tp: 0.00000
0	05:36:14.066	'14109544': requote 0.93616 / 0.93631 for open buy 0.10 AUDCAD at 0.93639 sl: 0.00000 tp: 0.00000
0	05:36:16.086	'14109544': instant order buy 0.10 AUDCAD at 0.93631 sl: 0.00000 tp: 0.00000
0	05:36:16.688	'14109544': order was opened : #189620635 buy 0.10 AUDCAD at 0.93631 sl: 0.00000 tp: 0.00000
0	05:36:18.580	Notifications: 'order opened #189620635 buy 0.10 AUDCAD at 0.93631' sent to 'A37163A9'
0	05:36:42.116	Notifications: 'Classical RSI bullish divergence on:  USDCAD' sent to 'A37163A9'
0	05:36:44.925	Notifications: 'Classical RSI bearish divergence on:  FR40' sent to 'A37163A9'
0	05:36:45.938	Notifications: 'Classical RSI bearish divergence on:  DE30' sent to 'A37163A9'
0	05:36:49.213	'14109544': modify order #189620635 buy 0.10 AUDCAD at 0.93631 sl: 0.00000 tp: 0.00000 -> sl: 0.93300 tp: 0.94000
0	05:36:49.639	'14109544': order #189620635 buy 0.10 AUDCAD at 0.93631 was modified -> sl: 0.93300 tp: 0.94000
0	05:36:53.661	Notifications: 'order #189620635 buy 0.10 AUDCAD at 0.93631 modified: sl: 0.00000 tp: 0.00000 -> sl: 0.93300 tp: 0.94000' sent to 'A37163A9'
2	05:41:09.298	Custom indicator AIMS Levels V2 GBPAUD,H1: loaded successfully
2	05:41:09.372	Custom indicator AIMS Entry Alert V1 GBPAUD,H1: loaded successfully
2	05:41:09.380	Custom indicator CandleTimer GBPAUD,H1: loaded successfully
2	05:41:09.476	Custom indicator #Signal_Bars_v6 GBPAUD,H1: loaded successfully
2	05:41:09.484	Custom indicator TrendEnvelopes_v1 GBPAUD,H1: loaded successfully
2	05:41:09.557	Custom indicator AIMS AO V.2.1 GBPAUD,H1: loaded successfully
2	05:41:09.566	Custom indicator IVT_MACD_ZERO_LAG GBPAUD,H1: loaded successfully
2	05:41:09.577	Custom indicator RSI Divergence Levels GBPAUD,H1: loaded successfully
2	05:41:09.587	Custom indicator JoeChalhoub_FXForecasterV1 GBPAUD,H1: loaded successfully
0	05:42:07.007	'14109544': instant order sell 0.10 GBPAUD at 1.80377 sl: 0.00000 tp: 0.00000
0	05:42:07.501	'14109544': requote 1.80390 / 1.80407 for open sell 0.10 GBPAUD at 1.80377 sl: 0.00000 tp: 0.00000
0	05:42:08.265	'14109544': instant order sell 0.10 GBPAUD at 1.80390 sl: 0.00000 tp: 0.00000
0	05:42:08.949	'14109544': order was opened : #189621227 sell 0.10 GBPAUD at 1.80390 sl: 0.00000 tp: 0.00000
0	05:42:09.873	Notifications: 'order opened #189621227 sell 0.10 GBPAUD at 1.80390' sent to 'A37163A9'
0	05:42:48.173	'14109544': modify order #189621227 sell 0.10 GBPAUD at 1.80390 sl: 0.00000 tp: 0.00000 -> sl: 1.81600 tp: 1.78250
0	05:42:48.592	'14109544': order #189621227 sell 0.10 GBPAUD at 1.80390 was modified -> sl: 1.81600 tp: 1.78250
0	05:42:49.547	Notifications: 'order #189621227 sell 0.10 GBPAUD at 1.80390 modified: sl: 0.00000 tp: 0.00000 -> sl: 1.81600 tp: 1.78250' sent to 'A37163A9'
0	06:00:31.559	'14109544': instant order sell 0.10 XAUUSD at 1750.286 sl: 0.000 tp: 0.000
0	06:00:32.201	'14109544': order was opened : #189623083 sell 0.10 XAUUSD at 1750.286 sl: 0.000 tp: 0.000
0	06:00:33.154	Notifications: 'order opened #189623083 sell 0.10 XAUUSD at 1750.286' sent to 'A37163A9'
0	06:02:03.562	'14109544': modify order #189623083 sell 0.10 XAUUSD at 1750.286 sl: 0.000 tp: 0.000 -> sl: 1751.770 tp: 1687.000
0	06:02:04.184	'14109544': order #189623083 sell 0.10 XAUUSD at 1750.286 was modified -> sl: 1751.770 tp: 1687.000
0	06:02:29.695	'14109544': modify order #189623083 sell 0.10 XAUUSD at 1750.286 sl: 1751.770 tp: 1687.000 -> sl: 1760.000 tp: 1687.000
0	06:02:30.301	'14109544': order #189623083 sell 0.10 XAUUSD at 1750.286 was modified -> sl: 1760.000 tp: 1687.000
0	06:02:41.193	Notifications: 'order #189623083 sell 0.10 XAUUSD at 1750.286 modified: sl: 0.000 tp: 0.000 -> sl: 1751.770 tp: 1687.000' sent to 'A37163A9'
0	06:02:42.061	Notifications: 'order #189623083 sell 0.10 XAUUSD at 1750.286 modified: sl: 1751.770 tp: 1687.000 -> sl: 1760.000 tp: 1687.000' sent to 'A37163A9'
0	06:02:49.893	'14109544': modify order #189623083 sell 0.10 XAUUSD at 1750.286 sl: 1760.000 tp: 1687.000 -> sl: 1752.305 tp: 1687.000
0	06:02:54.849	'14109544': order #189623083 sell 0.10 XAUUSD at 1750.286 was modified -> sl: 1752.305 tp: 1687.000
0	06:02:56.720	Notifications: 'order #189623083 sell 0.10 XAUUSD at 1750.286 modified: sl: 1760.000 tp: 1687.000 -> sl: 1752.305 tp: 1687.000' sent to 'A37163A9'
0	06:04:18.418	'14109544': modify order #189623083 sell 0.10 XAUUSD at 1750.286 sl: 1752.305 tp: 1687.000 -> sl: 1754.798 tp: 1687.000
0	06:04:19.105	'14109544': order #189623083 sell 0.10 XAUUSD at 1750.286 was modified -> sl: 1754.798 tp: 1687.000
0	06:04:19.985	Notifications: 'order #189623083 sell 0.10 XAUUSD at 1750.286 modified: sl: 1752.305 tp: 1687.000 -> sl: 1754.798 tp: 1687.000' sent to 'A37163A9'
0	06:29:42.268	Notifications: 'Classical RSI bearish divergence on:  GBPJPY' sent to 'A37163A9'
0	06:45:44.028	Notifications: 'Classical RSI bullish divergence on:  USOIL' sent to 'A37163A9'
0	06:59:41.028	Notifications: 'Classical RSI bearish divergence on:  EURUSD' sent to 'A37163A9'
0	06:59:42.014	Notifications: 'Classical RSI bearish divergence on:  AUDCAD' sent to 'A37163A9'
0	07:59:49.103	Notifications: 'Classical RSI bearish divergence on:  GBPJPY' sent to 'A37163A9'
0	08:00:46.558	Notifications: 'Classical RSI bullish divergence on:  GBPJPY' sent to 'A37163A9'
2	08:15:26.617	Custom indicator AIMS Levels V2 EURCHF,M1: removed
2	08:15:26.618	Custom indicator AIMS Entry Alert V1 EURCHF,M1: removed
2	08:15:26.662	Custom indicator CandleTimer EURCHF,M1: removed
2	08:15:26.662	Custom indicator #Signal_Bars_v6 EURCHF,M1: removed
2	08:15:26.662	Custom indicator AIMS AO V.2.1 EURCHF,M1: removed
2	08:15:26.681	Custom indicator IVT_MACD_ZERO_LAG EURCHF,M1: removed
2	08:15:26.683	Custom indicator RSI Divergence Levels EURCHF,M1: removed
2	08:15:26.816	Custom indicator AIMS Levels V2 EURCHF,M1: loaded successfully
2	08:15:26.923	Custom indicator AIMS Entry Alert V1 EURCHF,M1: loaded successfully
2	08:15:26.939	Custom indicator CandleTimer EURCHF,M1: loaded successfully
2	08:15:27.057	Custom indicator #Signal_Bars_v6 EURCHF,M1: loaded successfully
2	08:15:27.085	Custom indicator TrendEnvelopes_v1 EURCHF,M1: loaded successfully
2	08:15:27.183	Custom indicator AIMS AO V.2.1 EURCHF,M1: loaded successfully
2	08:15:27.199	Custom indicator IVT_MACD_ZERO_LAG EURCHF,M1: loaded successfully
2	08:15:27.234	Custom indicator RSI Divergence Levels EURCHF,M1: loaded successfully
2	08:15:27.285	Custom indicator JoeChalhoub_FXForecasterV1 EURCHF,M1: loaded successfully
2	08:15:42.164	Custom indicator AIMS Levels V2 EURCHF,M5: removed
2	08:15:42.164	Custom indicator AIMS Entry Alert V1 EURCHF,M5: removed
2	08:15:42.167	Custom indicator CandleTimer EURCHF,M5: removed
2	08:15:42.167	Custom indicator #Signal_Bars_v6 EURCHF,M5: removed
2	08:15:42.169	Custom indicator TrendEnvelopes_v1 EURCHF,M5: removed
2	08:15:42.169	Custom indicator AIMS AO V.2.1 EURCHF,M5: removed
2	08:15:42.171	Custom indicator IVT_MACD_ZERO_LAG EURCHF,M5: removed
2	08:15:42.173	Custom indicator RSI Divergence Levels EURCHF,M5: removed
2	08:15:42.175	Custom indicator JoeChalhoub_FXForecasterV1 EURCHF,M5: removed
2	08:15:42.269	Custom indicator AIMS Levels V2 EURCHF,M5: loaded successfully
2	08:15:42.370	Custom indicator AIMS Entry Alert V1 EURCHF,M5: loaded successfully
2	08:15:42.379	Custom indicator CandleTimer EURCHF,M5: loaded successfully
2	08:15:42.466	Custom indicator #Signal_Bars_v6 EURCHF,M5: loaded successfully
2	08:15:42.475	Custom indicator TrendEnvelopes_v1 EURCHF,M5: loaded successfully
2	08:15:42.566	Custom indicator AIMS AO V.2.1 EURCHF,M5: loaded successfully
2	08:15:42.577	Custom indicator IVT_MACD_ZERO_LAG EURCHF,M5: loaded successfully
2	08:15:42.588	Custom indicator RSI Divergence Levels EURCHF,M5: loaded successfully
2	08:15:42.601	Custom indicator JoeChalhoub_FXForecasterV1 EURCHF,M5: loaded successfully
2	08:17:13.810	Expert Admiral - Mini Terminal DE30,M1: removed
2	08:17:16.535	Custom indicator AIMS Levels V2 DE30,M1: removed
2	08:17:16.566	Custom indicator AIMS Entry Alert V1 DE30,M1: removed
2	08:17:16.577	Custom indicator CandleTimer DE30,M1: removed
2	08:17:16.577	Custom indicator #Signal_Bars_v6 DE30,M1: removed
2	08:17:16.580	Custom indicator TrendEnvelopes_v1 DE30,M1: removed
2	08:17:16.581	Custom indicator AIMS AO V.2.1 DE30,M1: removed
2	08:17:16.587	Custom indicator IVT_MACD_ZERO_LAG DE30,M1: removed
2	08:17:16.591	Custom indicator RSI Divergence Levels DE30,M1: removed
2	08:17:16.595	Custom indicator JoeChalhoub_FXForecasterV1 DE30,M1: removed
2	08:17:16.625	Custom indicator CandleTimer US30,M1: removed
2	08:17:16.670	Custom indicator AIMS Levels V2 FR40,M1: removed
2	08:17:16.672	Custom indicator AIMS Entry Alert V1 FR40,M1: removed
2	08:17:16.676	Custom indicator CandleTimer FR40,M1: removed
2	08:17:16.684	Custom indicator #Signal_Bars_v6 FR40,M1: removed
2	08:17:16.685	Custom indicator AIMS AO V.2.1 FR40,M1: removed
2	08:17:16.689	Custom indicator IVT_MACD_ZERO_LAG FR40,M1: removed
2	08:17:16.692	Custom indicator RSI Divergence Levels FR40,M1: removed
2	08:17:16.713	Custom indicator AIMS Levels V2 USTEC,M15: removed
2	08:17:16.714	Custom indicator AIMS Entry Alert V1 USTEC,M15: removed
2	08:17:16.720	Custom indicator CandleTimer USTEC,M15: removed
2	08:17:16.720	Custom indicator #Signal_Bars_v6 USTEC,M15: removed
2	08:17:16.723	Custom indicator TrendEnvelopes_v1 USTEC,M15: removed
2	08:17:16.736	Custom indicator AIMS AO V.2.1 USTEC,M15: removed
2	08:17:16.799	Custom indicator IVT_MACD_ZERO_LAG USTEC,M15: removed
2	08:17:16.803	Custom indicator RSI Divergence Levels USTEC,M15: removed
2	08:17:16.824	Custom indicator JoeChalhoub_FXForecasterV1 USTEC,M15: removed
2	08:17:16.854	Custom indicator AIMS Levels V2 USOIL,M1: removed
2	08:17:16.855	Custom indicator AIMS Entry Alert V1 USOIL,M1: removed
2	08:17:16.857	Custom indicator CandleTimer USOIL,M1: removed
2	08:17:16.858	Custom indicator #Signal_Bars_v6 USOIL,M1: removed
2	08:17:16.877	Custom indicator AIMS AO V.2.1 USOIL,M1: removed
2	08:17:16.886	Custom indicator IVT_MACD_ZERO_LAG USOIL,M1: removed
2	08:17:16.939	Custom indicator RSI Divergence Levels USOIL,M1: removed
2	08:17:16.955	Custom indicator AIMS Levels V2 XAUUSD,M1: removed
2	08:17:16.968	Custom indicator AIMS Entry Alert V1 XAUUSD,M1: removed
2	08:17:16.971	Custom indicator CandleTimer XAUUSD,M1: removed
2	08:17:16.972	Custom indicator #Signal_Bars_v6 XAUUSD,M1: removed
2	08:17:16.974	Custom indicator TrendEnvelopes_v1 XAUUSD,M1: removed
2	08:17:16.974	Custom indicator AIMS AO V.2.1 XAUUSD,M1: removed
2	08:17:16.991	Custom indicator IVT_MACD_ZERO_LAG XAUUSD,M1: removed
2	08:17:16.993	Custom indicator RSI Divergence Levels XAUUSD,M1: removed
2	08:17:17.015	Custom indicator JoeChalhoub_FXForecasterV1 XAUUSD,M1: removed
2	08:17:17.036	Custom indicator AIMS Levels V2 EURUSD,H1: removed
2	08:17:17.037	Custom indicator AIMS Entry Alert V1 EURUSD,H1: removed
2	08:17:17.039	Custom indicator CandleTimer EURUSD,H1: removed
2	08:17:17.039	Custom indicator #Signal_Bars_v6 EURUSD,H1: removed
2	08:17:17.041	Custom indicator TrendEnvelopes_v1 EURUSD,H1: removed
2	08:17:17.050	Custom indicator AIMS AO V.2.1 EURUSD,H1: removed
2	08:17:17.052	Custom indicator IVT_MACD_ZERO_LAG EURUSD,H1: removed
2	08:17:17.055	Custom indicator RSI Divergence Levels EURUSD,H1: removed
2	08:17:17.057	Custom indicator JoeChalhoub_FXForecasterV1 EURUSD,H1: removed
2	08:17:17.081	Custom indicator AIMS Levels V2 GBPUSD,H1: removed
2	08:17:17.095	Custom indicator AIMS Entry Alert V1 GBPUSD,H1: removed
2	08:17:17.099	Custom indicator CandleTimer GBPUSD,H1: removed
2	08:17:17.101	Custom indicator #Signal_Bars_v6 GBPUSD,H1: removed
2	08:17:17.104	Custom indicator TrendEnvelopes_v1 GBPUSD,H1: removed
2	08:17:17.104	Custom indicator AIMS AO V.2.1 GBPUSD,H1: removed
2	08:17:17.108	Custom indicator IVT_MACD_ZERO_LAG GBPUSD,H1: removed
2	08:17:17.110	Custom indicator RSI Divergence Levels GBPUSD,H1: removed
2	08:17:17.111	Custom indicator JoeChalhoub_FXForecasterV1 GBPUSD,H1: removed
2	08:17:17.136	Custom indicator AIMS Levels V2 CADJPY,H1: removed
2	08:17:17.136	Custom indicator AIMS Entry Alert V1 CADJPY,H1: removed
2	08:17:17.139	Custom indicator CandleTimer CADJPY,H1: removed
2	08:17:17.139	Custom indicator #Signal_Bars_v6 CADJPY,H1: removed
2	08:17:17.141	Custom indicator TrendEnvelopes_v1 CADJPY,H1: removed
2	08:17:17.141	Custom indicator AIMS AO V.2.1 CADJPY,H1: removed
2	08:17:17.144	Custom indicator IVT_MACD_ZERO_LAG CADJPY,H1: removed
2	08:17:17.148	Custom indicator RSI Divergence Levels CADJPY,H1: removed
2	08:17:17.153	Custom indicator JoeChalhoub_FXForecasterV1 CADJPY,H1: removed
2	08:17:17.243	Custom indicator AIMS Levels V2 EURJPY,H1: removed
2	08:17:17.244	Custom indicator AIMS Entry Alert V1 EURJPY,H1: removed
2	08:17:17.246	Custom indicator CandleTimer EURJPY,H1: removed
2	08:17:17.266	Custom indicator #Signal_Bars_v6 EURJPY,H1: removed
2	08:17:17.266	Custom indicator AIMS AO V.2.1 EURJPY,H1: removed
2	08:17:17.270	Custom indicator IVT_MACD_ZERO_LAG EURJPY,H1: removed
2	08:17:17.272	Custom indicator RSI Divergence Levels EURJPY,H1: removed
2	08:17:17.288	Custom indicator AIMS Levels V2 GBPJPY,M30: removed
2	08:17:17.288	Custom indicator AIMS Entry Alert V1 GBPJPY,M30: removed
2	08:17:17.290	Custom indicator CandleTimer GBPJPY,M30: removed
2	08:17:17.290	Custom indicator #Signal_Bars_v6 GBPJPY,M30: removed
2	08:17:17.290	Custom indicator AIMS AO V.2.1 GBPJPY,M30: removed
2	08:17:17.340	Custom indicator IVT_MACD_ZERO_LAG GBPJPY,M30: removed
2	08:17:17.343	Custom indicator RSI Divergence Levels GBPJPY,M30: removed
2	08:17:17.354	Custom indicator AIMS Levels V2 USDCAD,M1: removed
2	08:17:17.354	Custom indicator AIMS Entry Alert V1 USDCAD,M1: removed
2	08:17:17.356	Custom indicator CandleTimer USDCAD,M1: removed
2	08:17:17.357	Custom indicator #Signal_Bars_v6 USDCAD,M1: removed
2	08:17:17.357	Custom indicator AIMS AO V.2.1 USDCAD,M1: removed
2	08:17:17.359	Custom indicator IVT_MACD_ZERO_LAG USDCAD,M1: removed
2	08:17:17.360	Custom indicator RSI Divergence Levels USDCAD,M1: removed
2	08:17:17.386	Custom indicator AIMS Levels V2 EURNZD,H1: removed
2	08:17:17.386	Custom indicator AIMS Entry Alert V1 EURNZD,H1: removed
2	08:17:17.388	Custom indicator CandleTimer EURNZD,H1: removed
2	08:17:17.388	Custom indicator #Signal_Bars_v6 EURNZD,H1: removed
2	08:17:17.388	Custom indicator AIMS AO V.2.1 EURNZD,H1: removed
2	08:17:17.390	Custom indicator IVT_MACD_ZERO_LAG EURNZD,H1: removed
2	08:17:17.391	Custom indicator RSI Divergence Levels EURNZD,H1: removed
2	08:17:17.419	Custom indicator AIMS Levels V2 EURCAD,M1: removed
2	08:17:17.420	Custom indicator AIMS Entry Alert V1 EURCAD,M1: removed
2	08:17:17.422	Custom indicator CandleTimer EURCAD,M1: removed
2	08:17:17.422	Custom indicator #Signal_Bars_v6 EURCAD,M1: removed
2	08:17:17.422	Custom indicator AIMS AO V.2.1 EURCAD,M1: removed
2	08:17:17.424	Custom indicator IVT_MACD_ZERO_LAG EURCAD,M1: removed
2	08:17:17.426	Custom indicator RSI Divergence Levels EURCAD,M1: removed
2	08:17:17.444	Custom indicator AIMS Levels V2 AUDUSD,H1: removed
2	08:17:17.444	Custom indicator AIMS Entry Alert V1 AUDUSD,H1: removed
2	08:17:17.446	Custom indicator CandleTimer AUDUSD,H1: removed
2	08:17:17.447	Custom indicator #Signal_Bars_v6 AUDUSD,H1: removed
2	08:17:17.451	Custom indicator TrendEnvelopes_v1 AUDUSD,H1: removed
2	08:17:17.452	Custom indicator AIMS AO V.2.1 AUDUSD,H1: removed
2	08:17:17.472	Custom indicator IVT_MACD_ZERO_LAG AUDUSD,H1: removed
2	08:17:17.474	Custom indicator RSI Divergence Levels AUDUSD,H1: removed
2	08:17:17.503	Custom indicator AIMS Levels V2 GBPCAD,M1: removed
2	08:17:17.503	Custom indicator AIMS Entry Alert V1 GBPCAD,M1: removed
2	08:17:17.505	Custom indicator CandleTimer GBPCAD,M1: removed
2	08:17:17.512	Custom indicator #Signal_Bars_v6 GBPCAD,M1: removed
2	08:17:17.512	Custom indicator AIMS AO V.2.1 GBPCAD,M1: removed
2	08:17:17.520	Custom indicator IVT_MACD_ZERO_LAG GBPCAD,M1: removed
2	08:17:17.523	Custom indicator RSI Divergence Levels GBPCAD,M1: removed
2	08:17:17.527	Custom indicator AIMS Levels V2 USDCHF,H4: removed
2	08:17:17.527	Custom indicator AIMS Entry Alert V1 USDCHF,H4: removed
2	08:17:17.532	Custom indicator CandleTimer USDCHF,H4: removed
2	08:17:17.545	Custom indicator #Signal_Bars_v6 USDCHF,H4: removed
2	08:17:17.546	Custom indicator AIMS AO V.2.1 USDCHF,H4: removed
2	08:17:17.565	Custom indicator IVT_MACD_ZERO_LAG USDCHF,H4: removed
2	08:17:17.586	Custom indicator RSI Divergence Levels USDCHF,H4: removed
2	08:17:17.590	Custom indicator AIMS Levels V2 EURJPY,H4: removed
2	08:17:17.590	Custom indicator AIMS Entry Alert V1 EURJPY,H4: removed
2	08:17:17.592	Custom indicator CandleTimer EURJPY,H4: removed
2	08:17:17.593	Custom indicator #Signal_Bars_v6 EURJPY,H4: removed
2	08:17:17.593	Custom indicator AIMS AO V.2.1 EURJPY,H4: removed
2	08:17:17.595	Custom indicator IVT_MACD_ZERO_LAG EURJPY,H4: removed
2	08:17:17.600	Custom indicator RSI Divergence Levels EURJPY,H4: removed
2	08:17:17.622	Custom indicator AIMS Levels V2 EURCHF,M5: removed
2	08:17:17.622	Custom indicator AIMS Entry Alert V1 EURCHF,M5: removed
2	08:17:17.624	Custom indicator CandleTimer EURCHF,M5: removed
2	08:17:17.624	Custom indicator #Signal_Bars_v6 EURCHF,M5: removed
2	08:17:17.626	Custom indicator TrendEnvelopes_v1 EURCHF,M5: removed
2	08:17:17.626	Custom indicator AIMS AO V.2.1 EURCHF,M5: removed
2	08:17:17.628	Custom indicator IVT_MACD_ZERO_LAG EURCHF,M5: removed
2	08:17:17.632	Custom indicator RSI Divergence Levels EURCHF,M5: removed
2	08:17:17.636	Custom indicator JoeChalhoub_FXForecasterV1 EURCHF,M5: removed
2	08:17:17.640	Custom indicator AIMS Levels V2 USDJPY,H1: removed
2	08:17:17.659	Custom indicator AIMS Entry Alert V1 USDJPY,H1: removed
2	08:17:17.661	Custom indicator CandleTimer USDJPY,H1: removed
2	08:17:17.663	Custom indicator #Signal_Bars_v6 USDJPY,H1: removed
2	08:17:17.663	Custom indicator AIMS AO V.2.1 USDJPY,H1: removed
2	08:17:17.677	Custom indicator IVT_MACD_ZERO_LAG USDJPY,H1: removed
2	08:17:17.681	Custom indicator RSI Divergence Levels USDJPY,H1: removed
2	08:17:17.686	Custom indicator AIMS Levels V2 GBPCAD,H1: removed
2	08:17:17.687	Custom indicator AIMS Entry Alert V1 GBPCAD,H1: removed
2	08:17:17.689	Custom indicator CandleTimer GBPCAD,H1: removed
2	08:17:17.689	Custom indicator #Signal_Bars_v6 GBPCAD,H1: removed
2	08:17:17.689	Custom indicator AIMS AO V.2.1 GBPCAD,H1: removed
2	08:17:17.691	Custom indicator IVT_MACD_ZERO_LAG GBPCAD,H1: removed
2	08:17:17.692	Custom indicator RSI Divergence Levels GBPCAD,H1: removed
2	08:17:17.699	Custom indicator AIMS Levels V2 GBPJPY,M1: removed
2	08:17:17.700	Custom indicator AIMS Entry Alert V1 GBPJPY,M1: removed
2	08:17:17.703	Custom indicator CandleTimer GBPJPY,M1: removed
2	08:17:17.703	Custom indicator #Signal_Bars_v6 GBPJPY,M1: removed
2	08:17:17.703	Custom indicator AIMS AO V.2.1 GBPJPY,M1: removed
2	08:17:17.717	Custom indicator IVT_MACD_ZERO_LAG GBPJPY,M1: removed
2	08:17:17.720	Custom indicator RSI Divergence Levels GBPJPY,M1: removed
2	08:17:17.735	Custom indicator AIMS Levels V2 EURGBP,H1: removed
2	08:17:17.746	Custom indicator AIMS Entry Alert V1 EURGBP,H1: removed
2	08:17:17.750	Custom indicator CandleTimer EURGBP,H1: removed
2	08:17:17.750	Custom indicator #Signal_Bars_v6 EURGBP,H1: removed
2	08:17:17.750	Custom indicator AIMS AO V.2.1 EURGBP,H1: removed
2	08:17:17.753	Custom indicator IVT_MACD_ZERO_LAG EURGBP,H1: removed
2	08:17:17.756	Custom indicator RSI Divergence Levels EURGBP,H1: removed
2	08:17:17.770	Custom indicator AIMS Levels V2 CHFJPY,H1: removed
2	08:17:17.795	Custom indicator AIMS Entry Alert V1 CHFJPY,H1: removed
2	08:17:17.799	Custom indicator CandleTimer CHFJPY,H1: removed
2	08:17:17.800	Custom indicator #Signal_Bars_v6 CHFJPY,H1: removed
2	08:17:17.800	Custom indicator AIMS AO V.2.1 CHFJPY,H1: removed
2	08:17:17.803	Custom indicator IVT_MACD_ZERO_LAG CHFJPY,H1: removed
2	08:17:17.806	Custom indicator RSI Divergence Levels CHFJPY,H1: removed
2	08:17:17.843	Custom indicator ZUP_v102 BTCUSD,M1: removed
2	08:17:17.861	Custom indicator AIMS Levels V2 GBPCHF,H1: removed
2	08:17:17.861	Custom indicator AIMS Entry Alert V1 GBPCHF,H1: removed
2	08:17:17.865	Custom indicator CandleTimer GBPCHF,H1: removed
2	08:17:17.875	Custom indicator #Signal_Bars_v6 GBPCHF,H1: removed
2	08:17:17.876	Custom indicator TrendEnvelopes_v1 GBPCHF,H1: removed
2	08:17:17.877	Custom indicator AIMS AO V.2.1 GBPCHF,H1: removed
2	08:17:17.902	Custom indicator IVT_MACD_ZERO_LAG GBPCHF,H1: removed
2	08:17:17.904	Custom indicator RSI Divergence Levels GBPCHF,H1: removed
2	08:17:17.906	Custom indicator JoeChalhoub_FXForecasterV1 GBPCHF,H1: removed
2	08:17:17.938	Custom indicator AIMS Levels V2 AUDCAD,H1: removed
2	08:17:17.938	Custom indicator AIMS Entry Alert V1 AUDCAD,H1: removed
2	08:17:17.940	Custom indicator CandleTimer AUDCAD,H1: removed
2	08:17:17.941	Custom indicator #Signal_Bars_v6 AUDCAD,H1: removed
2	08:17:17.943	Custom indicator TrendEnvelopes_v1 AUDCAD,H1: removed
2	08:17:17.943	Custom indicator AIMS AO V.2.1 AUDCAD,H1: removed
2	08:17:17.945	Custom indicator IVT_MACD_ZERO_LAG AUDCAD,H1: removed
2	08:17:17.950	Custom indicator RSI Divergence Levels AUDCAD,H1: removed
2	08:17:17.953	Custom indicator JoeChalhoub_FXForecasterV1 AUDCAD,H1: removed
2	08:17:17.958	Custom indicator AIMS Levels V2 GBPAUD,M15: removed
2	08:17:17.958	Custom indicator AIMS Entry Alert V1 GBPAUD,M15: removed
2	08:17:17.960	Custom indicator CandleTimer GBPAUD,M15: removed
2	08:17:17.960	Custom indicator #Signal_Bars_v6 GBPAUD,M15: removed
2	08:17:17.975	Custom indicator TrendEnvelopes_v1 GBPAUD,M15: removed
2	08:17:17.976	Custom indicator AIMS AO V.2.1 GBPAUD,M15: removed
2	08:17:17.980	Custom indicator IVT_MACD_ZERO_LAG GBPAUD,M15: removed
2	08:17:17.986	Custom indicator RSI Divergence Levels GBPAUD,M15: removed
2	08:17:17.989	Custom indicator JoeChalhoub_FXForecasterV1 GBPAUD,M15: removed
0	08:17:21.296	Admiral Markets build 1260 stopped
0	08:19:41.434	Admiral Markets build 1260 started (Admiral Markets Group AS)
0	08:19:41.434	Windows 10 Pro x64, IE 11, UAC, 8 x Intel Core i7-10510U  @ 1.80GHz, Memory: 1115 / 8014 Mb, Disk: 42 / 237 Gb, GMT+3
0	08:19:41.434	Data Folder: C:\Users\SRIE\AppData\Roaming\MetaQuotes\Terminal\51337600F56B69473E15EAFB8A7586B4
2	08:19:44.191	Custom indicator AIMS Levels V2 DE30,M1: loaded successfully
2	08:19:44.259	Custom indicator AIMS Entry Alert V1 DE30,M1: loaded successfully
2	08:19:44.265	Custom indicator CandleTimer DE30,M1: loaded successfully
2	08:19:44.330	Custom indicator #Signal_Bars_v6 DE30,M1: loaded successfully
2	08:19:44.337	Custom indicator TrendEnvelopes_v1 DE30,M1: loaded successfully
2	08:19:44.400	Custom indicator AIMS AO V.2.1 DE30,M1: loaded successfully
2	08:19:44.407	Custom indicator IVT_MACD_ZERO_LAG DE30,M1: loaded successfully
2	08:19:44.415	Custom indicator RSI Divergence Levels DE30,M1: loaded successfully
2	08:19:44.423	Custom indicator JoeChalhoub_FXForecasterV1 DE30,M1: loaded successfully
2	08:19:44.435	Expert Admiral - Mini Terminal DE30,M1: loaded successfully
2	08:19:44.585	Custom indicator CandleTimer US30,M1: loaded successfully
2	08:19:44.669	Custom indicator AIMS Levels V2 FR40,M1: loaded successfully
2	08:19:44.733	Custom indicator AIMS Entry Alert V1 FR40,M1: loaded successfully
2	08:19:44.739	Custom indicator CandleTimer FR40,M1: loaded successfully
2	08:19:44.804	Custom indicator #Signal_Bars_v6 FR40,M1: loaded successfully
2	08:19:44.873	Custom indicator AIMS AO V.2.1 FR40,M1: loaded successfully
2	08:19:44.881	Custom indicator IVT_MACD_ZERO_LAG FR40,M1: loaded successfully
2	08:19:44.889	Custom indicator RSI Divergence Levels FR40,M1: loaded successfully
2	08:19:45.052	Custom indicator AIMS Levels V2 USTEC,M15: loaded successfully
2	08:19:45.141	Custom indicator AIMS Entry Alert V1 USTEC,M15: loaded successfully
2	08:19:45.147	Custom indicator CandleTimer USTEC,M15: loaded successfully
2	08:19:45.212	Custom indicator #Signal_Bars_v6 USTEC,M15: loaded successfully
2	08:19:45.220	Custom indicator TrendEnvelopes_v1 USTEC,M15: loaded successfully
2	08:19:45.285	Custom indicator AIMS AO V.2.1 USTEC,M15: loaded successfully
2	08:19:45.293	Custom indicator IVT_MACD_ZERO_LAG USTEC,M15: loaded successfully
2	08:19:45.301	Custom indicator RSI Divergence Levels USTEC,M15: loaded successfully
2	08:19:45.310	Custom indicator JoeChalhoub_FXForecasterV1 USTEC,M15: loaded successfully
2	08:19:45.468	Custom indicator AIMS Levels V2 USOIL,M1: loaded successfully
2	08:19:45.533	Custom indicator AIMS Entry Alert V1 USOIL,M1: loaded successfully
2	08:19:45.539	Custom indicator CandleTimer USOIL,M1: loaded successfully
2	08:19:45.600	Custom indicator #Signal_Bars_v6 USOIL,M1: loaded successfully
2	08:19:45.659	Custom indicator AIMS AO V.2.1 USOIL,M1: loaded successfully
2	08:19:45.667	Custom indicator IVT_MACD_ZERO_LAG USOIL,M1: loaded successfully
2	08:19:45.675	Custom indicator RSI Divergence Levels USOIL,M1: loaded successfully
2	08:19:45.823	Custom indicator AIMS Levels V2 XAUUSD,M1: loaded successfully
2	08:19:45.888	Custom indicator AIMS Entry Alert V1 XAUUSD,M1: loaded successfully
2	08:19:45.895	Custom indicator CandleTimer XAUUSD,M1: loaded successfully
2	08:19:45.959	Custom indicator #Signal_Bars_v6 XAUUSD,M1: loaded successfully
2	08:19:45.967	Custom indicator TrendEnvelopes_v1 XAUUSD,M1: loaded successfully
2	08:19:46.035	Custom indicator AIMS AO V.2.1 XAUUSD,M1: loaded successfully
2	08:19:46.044	Custom indicator IVT_MACD_ZERO_LAG XAUUSD,M1: loaded successfully
2	08:19:46.051	Custom indicator RSI Divergence Levels XAUUSD,M1: loaded successfully
2	08:19:46.062	Custom indicator JoeChalhoub_FXForecasterV1 XAUUSD,M1: loaded successfully
2	08:19:46.281	Custom indicator AIMS Levels V2 EURUSD,H1: loaded successfully
2	08:19:46.351	Custom indicator AIMS Entry Alert V1 EURUSD,H1: loaded successfully
2	08:19:46.357	Custom indicator CandleTimer EURUSD,H1: loaded successfully
2	08:19:46.423	Custom indicator #Signal_Bars_v6 EURUSD,H1: loaded successfully
2	08:19:46.431	Custom indicator TrendEnvelopes_v1 EURUSD,H1: loaded successfully
2	08:19:46.500	Custom indicator AIMS AO V.2.1 EURUSD,H1: loaded successfully
2	08:19:46.508	Custom indicator IVT_MACD_ZERO_LAG EURUSD,H1: loaded successfully
2	08:19:46.516	Custom indicator RSI Divergence Levels EURUSD,H1: loaded successfully
2	08:19:46.525	Custom indicator JoeChalhoub_FXForecasterV1 EURUSD,H1: loaded successfully
2	08:19:46.683	Custom indicator AIMS Levels V2 GBPUSD,H1: loaded successfully
2	08:19:46.746	Custom indicator AIMS Entry Alert V1 GBPUSD,H1: loaded successfully
2	08:19:46.752	Custom indicator CandleTimer GBPUSD,H1: loaded successfully
2	08:19:46.818	Custom indicator #Signal_Bars_v6 GBPUSD,H1: loaded successfully
2	08:19:46.827	Custom indicator TrendEnvelopes_v1 GBPUSD,H1: loaded successfully
2	08:19:46.892	Custom indicator AIMS AO V.2.1 GBPUSD,H1: loaded successfully
2	08:19:46.900	Custom indicator IVT_MACD_ZERO_LAG GBPUSD,H1: loaded successfully
2	08:19:46.908	Custom indicator RSI Divergence Levels GBPUSD,H1: loaded successfully
2	08:19:46.917	Custom indicator JoeChalhoub_FXForecasterV1 GBPUSD,H1: loaded successfully
2	08:19:47.096	Custom indicator AIMS Levels V2 CADJPY,H1: loaded successfully
2	08:19:47.163	Custom indicator AIMS Entry Alert V1 CADJPY,H1: loaded successfully
2	08:19:47.170	Custom indicator CandleTimer CADJPY,H1: loaded successfully
2	08:19:47.237	Custom indicator #Signal_Bars_v6 CADJPY,H1: loaded successfully
2	08:19:47.245	Custom indicator TrendEnvelopes_v1 CADJPY,H1: loaded successfully
2	08:19:47.309	Custom indicator AIMS AO V.2.1 CADJPY,H1: loaded successfully
2	08:19:47.317	Custom indicator IVT_MACD_ZERO_LAG CADJPY,H1: loaded successfully
2	08:19:47.326	Custom indicator RSI Divergence Levels CADJPY,H1: loaded successfully
2	08:19:47.335	Custom indicator JoeChalhoub_FXForecasterV1 CADJPY,H1: loaded successfully
2	08:19:47.491	Custom indicator AIMS Levels V2 EURJPY,H1: loaded successfully
2	08:19:47.559	Custom indicator AIMS Entry Alert V1 EURJPY,H1: loaded successfully
2	08:19:47.565	Custom indicator CandleTimer EURJPY,H1: loaded successfully
2	08:19:47.632	Custom indicator #Signal_Bars_v6 EURJPY,H1: loaded successfully
2	08:19:47.699	Custom indicator AIMS AO V.2.1 EURJPY,H1: loaded successfully
2	08:19:47.707	Custom indicator IVT_MACD_ZERO_LAG EURJPY,H1: loaded successfully
2	08:19:47.715	Custom indicator RSI Divergence Levels EURJPY,H1: loaded successfully
2	08:19:47.837	Custom indicator AIMS Levels V2 GBPJPY,M30: loaded successfully
2	08:19:47.901	Custom indicator AIMS Entry Alert V1 GBPJPY,M30: loaded successfully
2	08:19:47.907	Custom indicator CandleTimer GBPJPY,M30: loaded successfully
2	08:19:47.973	Custom indicator #Signal_Bars_v6 GBPJPY,M30: loaded successfully
2	08:19:48.039	Custom indicator AIMS AO V.2.1 GBPJPY,M30: loaded successfully
2	08:19:48.048	Custom indicator IVT_MACD_ZERO_LAG GBPJPY,M30: loaded successfully
2	08:19:48.056	Custom indicator RSI Divergence Levels GBPJPY,M30: loaded successfully
2	08:19:48.180	Custom indicator AIMS Levels V2 USDCAD,M1: loaded successfully
2	08:19:48.244	Custom indicator AIMS Entry Alert V1 USDCAD,M1: loaded successfully
2	08:19:48.250	Custom indicator CandleTimer USDCAD,M1: loaded successfully
2	08:19:48.314	Custom indicator #Signal_Bars_v6 USDCAD,M1: loaded successfully
2	08:19:48.378	Custom indicator AIMS AO V.2.1 USDCAD,M1: loaded successfully
2	08:19:48.386	Custom indicator IVT_MACD_ZERO_LAG USDCAD,M1: loaded successfully
2	08:19:48.394	Custom indicator RSI Divergence Levels USDCAD,M1: loaded successfully
2	08:19:48.553	Custom indicator AIMS Levels V2 EURNZD,H1: loaded successfully
2	08:19:48.618	Custom indicator AIMS Entry Alert V1 EURNZD,H1: loaded successfully
2	08:19:48.623	Custom indicator CandleTimer EURNZD,H1: loaded successfully
2	08:19:48.689	Custom indicator #Signal_Bars_v6 EURNZD,H1: loaded successfully
2	08:19:48.754	Custom indicator AIMS AO V.2.1 EURNZD,H1: loaded successfully
2	08:19:48.762	Custom indicator IVT_MACD_ZERO_LAG EURNZD,H1: loaded successfully
2	08:19:48.770	Custom indicator RSI Divergence Levels EURNZD,H1: loaded successfully
2	08:19:48.895	Custom indicator AIMS Levels V2 EURCAD,M1: loaded successfully
2	08:19:48.959	Custom indicator AIMS Entry Alert V1 EURCAD,M1: loaded successfully
2	08:19:48.966	Custom indicator CandleTimer EURCAD,M1: loaded successfully
2	08:19:49.030	Custom indicator #Signal_Bars_v6 EURCAD,M1: loaded successfully
2	08:19:49.097	Custom indicator AIMS AO V.2.1 EURCAD,M1: loaded successfully
2	08:19:49.105	Custom indicator IVT_MACD_ZERO_LAG EURCAD,M1: loaded successfully
2	08:19:49.113	Custom indicator RSI Divergence Levels EURCAD,M1: loaded successfully
2	08:19:49.264	Custom indicator AIMS Levels V2 AUDUSD,H1: loaded successfully
2	08:19:49.329	Custom indicator AIMS Entry Alert V1 AUDUSD,H1: loaded successfully
2	08:19:49.335	Custom indicator CandleTimer AUDUSD,H1: loaded successfully
2	08:19:49.397	Custom indicator #Signal_Bars_v6 AUDUSD,H1: loaded successfully
2	08:19:49.405	Custom indicator TrendEnvelopes_v1 AUDUSD,H1: loaded successfully
2	08:19:49.474	Custom indicator AIMS AO V.2.1 AUDUSD,H1: loaded successfully
2	08:19:49.482	Custom indicator IVT_MACD_ZERO_LAG AUDUSD,H1: loaded successfully
2	08:19:49.490	Custom indicator RSI Divergence Levels AUDUSD,H1: loaded successfully
2	08:19:49.624	Custom indicator AIMS Levels V2 GBPCAD,M1: loaded successfully
0	08:19:49.670	Notifications: 'Classical RSI bearish divergence on:  GBPJPY' sent to 'A37163A9'
2	08:19:49.690	Custom indicator AIMS Entry Alert V1 GBPCAD,M1: loaded successfully
2	08:19:49.696	Custom indicator CandleTimer GBPCAD,M1: loaded successfully
2	08:19:49.761	Custom indicator #Signal_Bars_v6 GBPCAD,M1: loaded successfully
2	08:19:49.827	Custom indicator AIMS AO V.2.1 GBPCAD,M1: loaded successfully
2	08:19:49.835	Custom indicator IVT_MACD_ZERO_LAG GBPCAD,M1: loaded successfully
2	08:19:49.844	Custom indicator RSI Divergence Levels GBPCAD,M1: loaded successfully
2	08:19:49.983	Custom indicator AIMS Levels V2 USDCHF,H4: loaded successfully
2	08:19:50.050	Custom indicator AIMS Entry Alert V1 USDCHF,H4: loaded successfully
2	08:19:50.057	Custom indicator CandleTimer USDCHF,H4: loaded successfully
2	08:19:50.129	Custom indicator #Signal_Bars_v6 USDCHF,H4: loaded successfully
2	08:19:50.196	Custom indicator AIMS AO V.2.1 USDCHF,H4: loaded successfully
2	08:19:50.205	Custom indicator IVT_MACD_ZERO_LAG USDCHF,H4: loaded successfully
2	08:19:50.214	Custom indicator RSI Divergence Levels USDCHF,H4: loaded successfully
2	08:19:50.361	Custom indicator AIMS Levels V2 EURJPY,H4: loaded successfully
2	08:19:50.427	Custom indicator AIMS Entry Alert V1 EURJPY,H4: loaded successfully
2	08:19:50.434	Custom indicator CandleTimer EURJPY,H4: loaded successfully
2	08:19:50.499	Custom indicator #Signal_Bars_v6 EURJPY,H4: loaded successfully
2	08:19:50.569	Custom indicator AIMS AO V.2.1 EURJPY,H4: loaded successfully
2	08:19:50.577	Custom indicator IVT_MACD_ZERO_LAG EURJPY,H4: loaded successfully
2	08:19:50.586	Custom indicator RSI Divergence Levels EURJPY,H4: loaded successfully
2	08:19:50.706	Custom indicator AIMS Levels V2 EURCHF,M5: loaded successfully
2	08:19:50.771	Custom indicator AIMS Entry Alert V1 EURCHF,M5: loaded successfully
2	08:19:50.778	Custom indicator CandleTimer EURCHF,M5: loaded successfully
2	08:19:50.843	Custom indicator #Signal_Bars_v6 EURCHF,M5: loaded successfully
2	08:19:50.851	Custom indicator TrendEnvelopes_v1 EURCHF,M5: loaded successfully
2	08:19:50.916	Custom indicator AIMS AO V.2.1 EURCHF,M5: loaded successfully
2	08:19:50.925	Custom indicator IVT_MACD_ZERO_LAG EURCHF,M5: loaded successfully
2	08:19:50.933	Custom indicator RSI Divergence Levels EURCHF,M5: loaded successfully
2	08:19:50.941	Custom indicator JoeChalhoub_FXForecasterV1 EURCHF,M5: loaded successfully
2	08:19:51.102	Custom indicator AIMS Levels V2 USDJPY,H1: loaded successfully
2	08:19:51.170	Custom indicator AIMS Entry Alert V1 USDJPY,H1: loaded successfully
2	08:19:51.176	Custom indicator CandleTimer USDJPY,H1: loaded successfully
2	08:19:51.240	Custom indicator #Signal_Bars_v6 USDJPY,H1: loaded successfully
2	08:19:51.306	Custom indicator AIMS AO V.2.1 USDJPY,H1: loaded successfully
2	08:19:51.314	Custom indicator IVT_MACD_ZERO_LAG USDJPY,H1: loaded successfully
2	08:19:51.322	Custom indicator RSI Divergence Levels USDJPY,H1: loaded successfully
2	08:19:51.447	Custom indicator AIMS Levels V2 GBPCAD,H1: loaded successfully
2	08:19:51.514	Custom indicator AIMS Entry Alert V1 GBPCAD,H1: loaded successfully
2	08:19:51.521	Custom indicator CandleTimer GBPCAD,H1: loaded successfully
2	08:19:51.587	Custom indicator #Signal_Bars_v6 GBPCAD,H1: loaded successfully
2	08:19:51.648	Custom indicator AIMS AO V.2.1 GBPCAD,H1: loaded successfully
2	08:19:51.656	Custom indicator IVT_MACD_ZERO_LAG GBPCAD,H1: loaded successfully
2	08:19:51.664	Custom indicator RSI Divergence Levels GBPCAD,H1: loaded successfully
2	08:19:51.782	Custom indicator AIMS Levels V2 GBPJPY,M1: loaded successfully
2	08:19:51.847	Custom indicator AIMS Entry Alert V1 GBPJPY,M1: loaded successfully
2	08:19:51.853	Custom indicator CandleTimer GBPJPY,M1: loaded successfully
2	08:19:51.919	Custom indicator #Signal_Bars_v6 GBPJPY,M1: loaded successfully
2	08:19:51.983	Custom indicator AIMS AO V.2.1 GBPJPY,M1: loaded successfully
2	08:19:51.992	Custom indicator IVT_MACD_ZERO_LAG GBPJPY,M1: loaded successfully
2	08:19:52.000	Custom indicator RSI Divergence Levels GBPJPY,M1: loaded successfully
2	08:19:52.156	Custom indicator AIMS Levels V2 EURGBP,H1: loaded successfully
2	08:19:52.223	Custom indicator AIMS Entry Alert V1 EURGBP,H1: loaded successfully
2	08:19:52.230	Custom indicator CandleTimer EURGBP,H1: loaded successfully
2	08:19:52.294	Custom indicator #Signal_Bars_v6 EURGBP,H1: loaded successfully
2	08:19:52.358	Custom indicator AIMS AO V.2.1 EURGBP,H1: loaded successfully
2	08:19:52.366	Custom indicator IVT_MACD_ZERO_LAG EURGBP,H1: loaded successfully
2	08:19:52.375	Custom indicator RSI Divergence Levels EURGBP,H1: loaded successfully
2	08:19:52.497	Custom indicator AIMS Levels V2 CHFJPY,H1: loaded successfully
2	08:19:52.564	Custom indicator AIMS Entry Alert V1 CHFJPY,H1: loaded successfully
2	08:19:52.571	Custom indicator CandleTimer CHFJPY,H1: loaded successfully
2	08:19:52.634	Custom indicator #Signal_Bars_v6 CHFJPY,H1: loaded successfully
2	08:19:52.699	Custom indicator AIMS AO V.2.1 CHFJPY,H1: loaded successfully
2	08:19:52.707	Custom indicator IVT_MACD_ZERO_LAG CHFJPY,H1: loaded successfully
2	08:19:52.714	Custom indicator RSI Divergence Levels CHFJPY,H1: loaded successfully
2	08:19:52.844	Custom indicator ZUP_v102 BTCUSD,M1: loaded successfully
2	08:19:52.947	Custom indicator AIMS Levels V2 GBPCHF,H1: loaded successfully
2	08:19:53.015	Custom indicator AIMS Entry Alert V1 GBPCHF,H1: loaded successfully
2	08:19:53.021	Custom indicator CandleTimer GBPCHF,H1: loaded successfully
2	08:19:53.088	Custom indicator #Signal_Bars_v6 GBPCHF,H1: loaded successfully
2	08:19:53.096	Custom indicator TrendEnvelopes_v1 GBPCHF,H1: loaded successfully
2	08:19:53.164	Custom indicator AIMS AO V.2.1 GBPCHF,H1: loaded successfully
2	08:19:53.172	Custom indicator IVT_MACD_ZERO_LAG GBPCHF,H1: loaded successfully
2	08:19:53.181	Custom indicator RSI Divergence Levels GBPCHF,H1: loaded successfully
2	08:19:53.189	Custom indicator JoeChalhoub_FXForecasterV1 GBPCHF,H1: loaded successfully
2	08:19:53.346	Custom indicator AIMS Levels V2 AUDCAD,H1: loaded successfully
2	08:19:53.411	Custom indicator AIMS Entry Alert V1 AUDCAD,H1: loaded successfully
2	08:19:53.418	Custom indicator CandleTimer AUDCAD,H1: loaded successfully
2	08:19:53.485	Custom indicator #Signal_Bars_v6 AUDCAD,H1: loaded successfully
2	08:19:53.492	Custom indicator TrendEnvelopes_v1 AUDCAD,H1: loaded successfully
2	08:19:53.559	Custom indicator AIMS AO V.2.1 AUDCAD,H1: loaded successfully
2	08:19:53.567	Custom indicator IVT_MACD_ZERO_LAG AUDCAD,H1: loaded successfully
2	08:19:53.575	Custom indicator RSI Divergence Levels AUDCAD,H1: loaded successfully
2	08:19:53.584	Custom indicator JoeChalhoub_FXForecasterV1 AUDCAD,H1: loaded successfully
2	08:19:53.741	Custom indicator AIMS Levels V2 GBPAUD,M15: loaded successfully
2	08:19:53.807	Custom indicator AIMS Entry Alert V1 GBPAUD,M15: loaded successfully
2	08:19:53.814	Custom indicator CandleTimer GBPAUD,M15: loaded successfully
2	08:19:53.881	Custom indicator #Signal_Bars_v6 GBPAUD,M15: loaded successfully
2	08:19:53.889	Custom indicator TrendEnvelopes_v1 GBPAUD,M15: loaded successfully
2	08:19:53.953	Custom indicator AIMS AO V.2.1 GBPAUD,M15: loaded successfully
2	08:19:53.961	Custom indicator IVT_MACD_ZERO_LAG GBPAUD,M15: loaded successfully
2	08:19:53.970	Custom indicator RSI Divergence Levels GBPAUD,M15: loaded successfully
2	08:19:53.979	Custom indicator JoeChalhoub_FXForecasterV1 GBPAUD,M15: loaded successfully
0	08:19:56.389	'14109544': login on Exness-Real4 through DC06 (ping: 307.83 ms)
0	08:20:05.939	'14109544': login datacenter on Exness-Real4 through DC06 (ping: 307.83 ms)
0	08:20:06.682	'14109544': previous successful authorization performed from 154.126.113.82
0	08:20:34.947	'14109544': auto connecting to a better access point DC00 (ping is 223.78 ms)
0	08:20:35.640	'14109544': login on Exness-Real4 through DC00 (ping: 223.78 ms)
0	08:20:39.570	'14109544': login datacenter on Exness-Real4 through DC00 (ping: 223.78 ms)
0	08:20:41.601	'14109544': previous successful authorization performed from 154.126.113.82
0	08:20:43.137	'14109544': order #189623083 sell 0.10 XAUUSD at 1750.286 closed due stop-loss at price 1754.798
0	08:20:45.017	Notifications: 'order #189623083 sell 0.10 XAUUSD at 1750.286 closed due stop-loss at price 1754.798, profit: -45.12 USD' sent to 'A37163A9'
1	08:36:22.400	Notifications: failed send request [0] send request failed [12002]
1	08:36:22.400	Notifications: 'Classical RSI bearish divergence on:  XAUUSD' not sent to 'A37163A9'
0	08:52:45.722	Notifications: 'Classical RSI bearish divergence on:  XAUUSD' sent to 'A37163A9'
0	08:52:46.689	Notifications: 'Classical RSI bearish divergence on:  EURCAD' sent to 'A37163A9'
0	08:54:42.489	Notifications: 'Classical RSI bullish divergence on:  USOIL' sent to 'A37163A9'
0	08:54:43.609	Notifications: 'Classical RSI bearish divergence on:  USDCAD' sent to 'A37163A9'
2	08:58:32.284	Custom indicator CandleTimer US30,M1: removed
2	08:58:32.358	Custom indicator AIMS Levels V2 US30,M1: loaded successfully
2	08:58:32.428	Custom indicator AIMS Entry Alert V1 US30,M1: loaded successfully
2	08:58:32.435	Custom indicator CandleTimer US30,M1: loaded successfully
2	08:58:32.505	Custom indicator #Signal_Bars_v6 US30,M1: loaded successfully
2	08:58:32.516	Custom indicator TrendEnvelopes_v1 US30,M1: loaded successfully
2	08:58:32.584	Custom indicator AIMS AO V.2.1 US30,M1: loaded successfully
2	08:58:32.594	Custom indicator IVT_MACD_ZERO_LAG US30,M1: loaded successfully
2	08:58:32.603	Custom indicator RSI Divergence Levels US30,M1: loaded successfully
2	08:58:32.614	Custom indicator JoeChalhoub_FXForecasterV1 US30,M1: loaded successfully
