0	10:36:12.186	Admiral Markets build 1280 started (Admiral Markets Group AS)
0	10:36:12.186	Windows 10 Pro x64, IE 11, UAC, 8 x Intel Core i7-10510U  @ 1.80GHz, Memory: 2642 / 8014 Mb, Disk: 21 / 237 Gb, GMT+3
0	10:36:12.186	Data Folder: C:\Users\SRIE\AppData\Roaming\MetaQuotes\Terminal\51337600F56B69473E15EAFB8A7586B4
2	10:36:25.512	Custom indicator AIMS Levels V2 EURUSD,H4: loaded successfully
2	10:36:25.750	Custom indicator AIMS Entry Alert V1 EURUSD,H4: loaded successfully
2	10:36:25.767	Custom indicator CandleTimer EURUSD,H4: loaded successfully
2	10:36:25.976	Custom indicator #Signal_Bars_v6 EURUSD,H4: loaded successfully
2	10:36:25.995	Custom indicator TrendEnvelopes_v1 EURUSD,H4: loaded successfully
2	10:36:26.024	Custom indicator guppy_multiple_moving_averages EURUSD,H4: loaded successfully
2	10:36:26.044	Custom indicator wedges EURUSD,H4: loaded successfully
2	10:36:26.063	Custom indicator Admiral Pivot EURUSD,H4: loaded successfully
2	10:36:26.080	Custom indicator AutoTrendChannel EURUSD,H4: loaded successfully
2	10:36:26.098	Custom indicator FRZ Channel Auto Plotter EURUSD,H4: loaded successfully
2	10:36:26.119	Custom indicator FRZ News Indicator MT4 EURUSD,H4: loaded successfully
2	10:36:26.135	Custom indicator Forex Uranus direction EURUSD,H4: loaded successfully
2	10:36:26.154	Custom indicator Quadrilateral EURUSD,H4: loaded successfully
2	10:36:26.383	Custom indicator AIMS AO V.2.1 EURUSD,H4: loaded successfully
2	10:36:26.403	Custom indicator IVT_MACD_ZERO_LAG EURUSD,H4: loaded successfully
2	10:36:26.420	Custom indicator RSI Divergence Levels EURUSD,H4: loaded successfully
2	10:36:26.441	Custom indicator JoeChalhoub_FXForecasterV1 EURUSD,H4: loaded successfully
2	10:36:26.458	Custom indicator TDI-With_Alerts EURUSD,H4: loaded successfully
2	10:36:26.476	Custom indicator FRZ Forex Market Session Indicator EURUSD,H4: loaded successfully
0	10:36:31.470	'23998851': login on AdmiralMarkets-Demo through Access Point #4 (ping: 251.40 ms)
0	10:36:34.766	'23998851': login datacenter on AdmiralMarkets-Demo through Access Point #4 (ping: 251.40 ms)
0	10:36:37.679	'23998851': previous successful authorization performed from 197.149.21.156
0	10:36:53.615	'23998851': auto connecting to a better access point Access Point #6 (ping is 260.84 ms)
0	10:36:54.728	'23998851': login on AdmiralMarkets-Demo through Access Point #6 (ping: 260.84 ms)
0	10:36:56.891	'23998851': login datacenter on AdmiralMarkets-Demo through Access Point #6 (ping: 260.84 ms)
0	10:36:57.613	'23998851': previous successful authorization performed from 154.126.12.230
1	15:43:15.552	'23998851': datacenter connecting failed [6]
1	15:43:16.192	'23998851': connect failed [Connection échouée]
1	19:10:09.268	MQL5.community: authorization failed
