2	00:00:15.551	Custom indicator #P4L CandleTime BTCUSD,H1: loaded successfully
2	00:00:15.561	Custom indicator TURBO PLUS+ BTCUSD,H1: loaded successfully
2	00:00:15.570	Custom indicator ALERT SIGNAL BTCUSD,H1: loaded successfully
2	00:00:15.579	Custom indicator Trend Trading\TrendTradingCloud BTCUSD,H1: loaded successfully
2	00:00:15.592	Custom indicator RSI Divergence Levels BTCUSD,H1: loaded successfully
2	00:00:15.602	Custom indicator MACD_Volumes-2 BTCUSD,H1: loaded successfully
2	00:00:15.610	Custom indicator Trend Trading\CloudSignalLines BTCUSD,H1: loaded successfully
2	00:00:15.768	Custom indicator MBFX Timing BTCUSD,H1: loaded successfully
0	00:01:00.407	HistoryCenter: synchronize 'BTCUSD60'
0	00:01:02.352	HistoryCenter: 2341 bars imported in 'BTCUSD60'
0	00:01:07.894	HistoryCenter: synchronize 'BTCUSD60'
0	00:01:08.607	HistoryCenter: 2 bars imported in 'BTCUSD60'
0	00:02:05.872	'27123197': order sell market 0.01 EURUSD sl: 0.00000 tp: 0.00000
1	00:02:06.194	'27123197': order sell 0.01 EURUSD opening at market sl: 0.00000 tp: 0.00000 failed [Market is closed]
0	00:02:11.239	'27123197': order #65419493 sell 0.10 GBPNZD at 2.04674 closed due stop-loss at price 2.05801
2	00:02:56.334	Custom indicator MBFX Timing BTCUSD,H1: removed
2	00:02:56.338	Custom indicator #P4L CandleTime BTCUSD,H1: removed
2	00:02:56.340	Custom indicator TURBO PLUS+ BTCUSD,H1: removed
2	00:02:56.341	Custom indicator ALERT SIGNAL BTCUSD,H1: removed
2	00:02:56.341	Custom indicator TrendTradingCloud BTCUSD,H1: removed
2	00:02:56.343	Custom indicator RSI Divergence Levels BTCUSD,H1: removed
2	00:02:56.344	Custom indicator MACD_Volumes-2 BTCUSD,H1: removed
2	00:02:56.345	Custom indicator CloudSignalLines BTCUSD,H1: removed
2	00:03:00.078	Custom indicator MBFX Timing EURUSD,H1: removed
2	00:03:00.186	Custom indicator MBFX Timing EURUSD,M1: loaded successfully
2	00:17:32.378	Custom indicator MBFX Timing GBPNZD,M1: removed
2	00:17:32.476	Custom indicator MBFX Timing GBPNZD,M15: loaded successfully
0	00:48:27.008	'27123197': order #65419685 sell 0.10 EURAUD at 1.67645 closed due stop-loss at price 1.68402
2	01:05:34.201	Custom indicator MBFX Timing EURUSD,M1: removed
2	01:05:34.313	Custom indicator MBFX Timing EURUSD,M5: loaded successfully
2	01:05:35.731	Custom indicator MBFX Timing EURUSD,M5: removed
2	01:05:35.849	Custom indicator MBFX Timing EURUSD,M1: loaded successfully
2	01:06:22.288	Custom indicator MBFX Timing GOLD,H4: removed
2	01:06:22.387	Custom indicator MBFX Timing GOLD,Daily: loaded successfully
2	01:20:33.604	Custom indicator MBFX Timing GOLD,Daily: removed
2	01:20:33.703	Custom indicator MBFX Timing GOLD,M1: loaded successfully
2	01:20:40.691	Custom indicator MBFX Timing GOLD,M1: removed
2	01:20:40.789	Custom indicator MBFX Timing GOLD,M5: loaded successfully
2	01:20:42.996	Custom indicator MBFX Timing GOLD,M5: removed
2	01:20:43.097	Custom indicator MBFX Timing GOLD,M15: loaded successfully
2	01:20:45.653	Custom indicator MBFX Timing GOLD,M15: removed
2	01:20:45.753	Custom indicator MBFX Timing GOLD,M30: loaded successfully
2	01:20:48.877	Custom indicator MBFX Timing GOLD,M30: removed
2	01:20:48.974	Custom indicator MBFX Timing GOLD,H1: loaded successfully
2	01:20:53.657	Custom indicator MBFX Timing GOLD,H1: removed
2	01:20:53.753	Custom indicator MBFX Timing GOLD,H4: loaded successfully
2	01:20:56.331	Custom indicator MBFX Timing GOLD,H4: removed
2	01:20:56.429	Custom indicator MBFX Timing GOLD,Daily: loaded successfully
2	01:20:58.174	Custom indicator MBFX Timing GOLD,Daily: removed
2	01:20:58.273	Custom indicator MBFX Timing GOLD,H4: loaded successfully
2	01:21:04.081	Custom indicator MBFX Timing GOLD,H4: removed
2	01:21:04.177	Custom indicator MBFX Timing GOLD,Daily: loaded successfully
2	01:29:27.788	Custom indicator MBFX Timing EURAUD,M1: removed
2	01:29:27.892	Custom indicator MBFX Timing EURAUD,M15: loaded successfully
1	07:07:28.501	'27123197': ping failed
1	07:07:28.561	'27123197': ping failed
1	07:07:29.330	'27123197': datacenter connecting failed [6]
0	07:07:52.490	'27123197': login on AdmiralMarkets-Live through Access Point #3 (ping: 267.33 ms)
0	07:07:59.669	'27123197': login datacenter on AdmiralMarkets-Live through Access Point #3 (ping: 267.33 ms)
0	07:08:00.383	'27123197': previous successful authorization performed from 154.126.12.193
0	07:08:15.419	'27123197': auto connecting to a better access point Access Point #4 (ping is 230.83 ms)
0	07:08:17.681	'27123197': login on AdmiralMarkets-Live through Access Point #4 (ping: 230.83 ms)
0	07:08:21.051	'27123197': login datacenter on AdmiralMarkets-Live through Access Point #4 (ping: 230.83 ms)
0	07:08:21.699	'27123197': previous successful authorization performed from 154.126.11.116
2	07:12:24.676	Custom indicator #P4L CandleTime EURJPY,H1: loaded successfully
2	07:12:24.685	Custom indicator TURBO PLUS+ EURJPY,H1: loaded successfully
2	07:12:24.696	Custom indicator ALERT SIGNAL EURJPY,H1: loaded successfully
2	07:12:24.706	Custom indicator Trend Trading\TrendTradingCloud EURJPY,H1: loaded successfully
2	07:12:24.716	Custom indicator RSI Divergence Levels EURJPY,H1: loaded successfully
2	07:12:24.726	Custom indicator MACD_Volumes-2 EURJPY,H1: loaded successfully
2	07:12:24.733	Custom indicator Trend Trading\CloudSignalLines EURJPY,H1: loaded successfully
2	07:12:24.907	Custom indicator MBFX Timing EURJPY,H1: loaded successfully
2	07:13:29.323	Custom indicator MBFX Timing EURJPY,H1: removed
2	07:13:29.418	Custom indicator MBFX Timing EURJPY,M30: loaded successfully
2	07:13:39.051	Custom indicator MBFX Timing EURJPY,M30: removed
2	07:13:39.148	Custom indicator MBFX Timing EURJPY,M15: loaded successfully
2	07:13:54.015	Custom indicator MBFX Timing EURJPY,M15: removed
2	07:13:54.115	Custom indicator MBFX Timing EURJPY,M5: loaded successfully
2	08:09:57.199	Custom indicator MBFX Timing EURJPY,M5: removed
2	08:09:57.306	Custom indicator MBFX Timing EURJPY,M15: loaded successfully
2	08:10:01.263	Custom indicator MBFX Timing EURJPY,M15: removed
2	08:10:01.369	Custom indicator MBFX Timing EURJPY,M30: loaded successfully
2	08:10:05.481	Custom indicator MBFX Timing EURJPY,M30: removed
2	08:10:05.584	Custom indicator MBFX Timing EURJPY,H1: loaded successfully
2	08:10:08.539	Custom indicator MBFX Timing EURJPY,H1: removed
2	08:10:08.644	Custom indicator MBFX Timing EURJPY,M15: loaded successfully
2	08:10:51.928	Custom indicator MBFX Timing EURJPY,M15: removed
2	08:10:52.032	Custom indicator MBFX Timing EURJPY,M30: loaded successfully
2	08:13:21.925	Custom indicator #P4L CandleTime AUDUSD,H1: loaded successfully
2	08:13:21.935	Custom indicator TURBO PLUS+ AUDUSD,H1: loaded successfully
2	08:13:21.943	Custom indicator ALERT SIGNAL AUDUSD,H1: loaded successfully
2	08:13:21.954	Custom indicator Trend Trading\TrendTradingCloud AUDUSD,H1: loaded successfully
2	08:13:21.966	Custom indicator RSI Divergence Levels AUDUSD,H1: loaded successfully
2	08:13:21.977	Custom indicator MACD_Volumes-2 AUDUSD,H1: loaded successfully
2	08:13:21.986	Custom indicator Trend Trading\CloudSignalLines AUDUSD,H1: loaded successfully
2	08:13:22.152	Custom indicator MBFX Timing AUDUSD,H1: loaded successfully
2	08:13:25.454	Custom indicator MBFX Timing AUDUSD,H1: removed
2	08:13:25.554	Custom indicator MBFX Timing AUDUSD,H4: loaded successfully
2	08:16:16.395	Custom indicator #P4L CandleTime NZDUSD,H1: loaded successfully
2	08:16:16.402	Custom indicator TURBO PLUS+ NZDUSD,H1: loaded successfully
2	08:16:16.410	Custom indicator ALERT SIGNAL NZDUSD,H1: loaded successfully
2	08:16:16.418	Custom indicator Trend Trading\TrendTradingCloud NZDUSD,H1: loaded successfully
2	08:16:16.432	Custom indicator RSI Divergence Levels NZDUSD,H1: loaded successfully
2	08:16:16.441	Custom indicator MACD_Volumes-2 NZDUSD,H1: loaded successfully
2	08:16:16.449	Custom indicator Trend Trading\CloudSignalLines NZDUSD,H1: loaded successfully
2	08:16:16.615	Custom indicator MBFX Timing NZDUSD,H1: loaded successfully
2	08:16:50.787	Custom indicator #P4L CandleTime USDSEK,H1: loaded successfully
2	08:16:50.795	Custom indicator TURBO PLUS+ USDSEK,H1: loaded successfully
2	08:16:50.803	Custom indicator ALERT SIGNAL USDSEK,H1: loaded successfully
2	08:16:50.811	Custom indicator Trend Trading\TrendTradingCloud USDSEK,H1: loaded successfully
2	08:16:50.820	Custom indicator RSI Divergence Levels USDSEK,H1: loaded successfully
2	08:16:50.828	Custom indicator MACD_Volumes-2 USDSEK,H1: loaded successfully
2	08:16:50.835	Custom indicator Trend Trading\CloudSignalLines USDSEK,H1: loaded successfully
2	08:16:50.995	Custom indicator MBFX Timing USDSEK,H1: loaded successfully
2	08:17:16.127	Custom indicator MBFX Timing USDSEK,H1: removed
2	08:17:16.944	Custom indicator MBFX Timing USDSEK,M30: loaded successfully
2	08:51:21.493	Custom indicator MBFX Timing GOLD,Daily: removed
2	08:51:21.623	Custom indicator MBFX Timing GOLD,H1: loaded successfully
2	08:51:51.856	Custom indicator MBFX Timing GOLD,H1: removed
2	08:51:51.959	Custom indicator MBFX Timing GOLD,M30: loaded successfully
2	09:21:13.561	Custom indicator MBFX Timing EURUSD,M1: removed
2	09:21:13.694	Custom indicator MBFX Timing EURUSD,Daily: loaded successfully
2	09:22:01.054	Custom indicator MBFX Timing EURUSD,Daily: removed
2	09:22:01.155	Custom indicator MBFX Timing EURUSD,M15: loaded successfully
1	09:26:08.198	'27123197': ping failed
1	09:27:11.576	'27123197': connect failed [Connection échouée]
0	10:29:45.058	'27123197': login on AdmiralMarkets-Live through Access Point #4 (ping: n/a)
0	10:29:48.466	'27123197': login datacenter on AdmiralMarkets-Live through Access Point #4 (ping: n/a)
0	10:29:49.621	'27123197': previous successful authorization performed from 154.126.11.247
0	10:30:18.322	'27123197': auto connecting to a better access point Access Point #4 (ping is 225.15 ms)
0	10:30:19.299	'27123197': login on AdmiralMarkets-Live through Access Point #4 (ping: 225.15 ms)
0	10:30:23.105	'27123197': login datacenter on AdmiralMarkets-Live through Access Point #4 (ping: 225.15 ms)
0	10:30:24.031	'27123197': previous successful authorization performed from 154.126.11.164
1	10:30:32.837	MQL5.community: authorization failed
2	10:32:03.423	Custom indicator MBFX Timing GBPNZD,M15: removed
2	10:32:03.536	Custom indicator MBFX Timing GBPNZD,M30: loaded successfully
1	10:37:23.579	'27123197': connect failed [Connection échouée]
2	10:41:10.538	Custom indicator MBFX Timing [DJI30],M30: removed
2	10:41:10.652	Custom indicator MBFX Timing [DJI30],H1: loaded successfully
1	16:32:21.868	MQL5.community: authorization failed
1	16:37:21.600	MQL5.community: authorization failed
1	16:42:21.765	MQL5.community: authorization failed
1	16:47:21.586	MQL5.community: authorization failed
1	16:52:21.733	MQL5.community: authorization failed
1	16:57:21.578	MQL5.community: authorization failed
1	17:22:10.238	MQL5.community: authorization failed
0	17:22:44.769	'27123197': login on AdmiralMarkets-Live through Access Point #8 (ping: n/a)
0	17:22:53.202	'27123197': login datacenter on AdmiralMarkets-Live through Access Point #8 (ping: n/a)
0	17:22:54.435	'27123197': previous successful authorization performed from 154.126.12.150
0	17:23:10.298	'27123197': auto connecting to a better access point Access Point #4 (ping is 211.24 ms)
0	17:23:11.137	'27123197': login on AdmiralMarkets-Live through Access Point #4 (ping: 211.24 ms)
0	17:23:13.297	'27123197': login datacenter on AdmiralMarkets-Live through Access Point #4 (ping: 211.24 ms)
0	17:23:13.902	'27123197': previous successful authorization performed from 154.126.12.184
1	17:41:44.501	'27123197': ping failed
1	17:41:44.501	'27123197': datacenter connecting failed [6]
1	17:41:44.600	'27123197': ping failed
1	17:41:46.032	'27123197': connect failed [Connection échouée]
0	17:42:14.803	'27123197': login on AdmiralMarkets-Live through Access Point #8 (ping: n/a)
0	17:42:19.731	'27123197': login datacenter on AdmiralMarkets-Live through Access Point #8 (ping: n/a)
0	17:42:20.968	'27123197': previous successful authorization performed from 154.126.12.241
0	17:42:32.703	'27123197': ping to current access point Access Point #8 is 646.30 ms
1	19:12:10.351	'27123197': ping failed
1	19:12:10.351	'27123197': ping failed
1	19:12:10.636	'27123197': connect failed [Connection échouée]
0	19:12:27.602	'27123197': login on AdmiralMarkets-Live through Access Point #8 (ping: 646.30 ms)
0	19:12:32.537	'27123197': login datacenter on AdmiralMarkets-Live through Access Point #8 (ping: 646.30 ms)
0	19:12:33.726	'27123197': previous successful authorization performed from 154.126.11.56
0	19:12:45.955	'27123197': auto connecting to a better access point Access Point #4 (ping is 207.30 ms)
0	19:12:46.753	'27123197': login on AdmiralMarkets-Live through Access Point #4 (ping: 207.30 ms)
0	19:12:48.842	'27123197': login datacenter on AdmiralMarkets-Live through Access Point #4 (ping: 207.30 ms)
0	19:12:49.382	'27123197': previous successful authorization performed from 154.126.12.54
1	19:18:44.652	'27123197': connect failed [Connection échouée]
