0	19:08:46.813	Admiral Markets build 1260 started (Admiral Markets Group AS)
0	19:08:46.813	Windows 10 Pro x64, IE 11, UAC, 8 x Intel Core i7-10510U  @ 1.80GHz, Memory: 1444 / 8014 Mb, Disk: 88 / 237 Gb, GMT+3
0	19:08:46.813	Data Folder: C:\Users\SRIE\AppData\Roaming\MetaQuotes\Terminal\51337600F56B69473E15EAFB8A7586B4
2	19:08:48.717	Custom indicator #P4L CandleTime [DJI30],H1: loaded successfully
2	19:08:48.725	Custom indicator TURBO PLUS+ [DJI30],H1: loaded successfully
2	19:08:48.733	Custom indicator ALERT SIGNAL [DJI30],H1: loaded successfully
2	19:08:48.742	Custom indicator Trend Trading\TrendTradingCloud [DJI30],H1: loaded successfully
2	19:08:48.750	Custom indicator RSI Divergence Levels [DJI30],H1: loaded successfully
2	19:08:48.758	Custom indicator MACD_Volumes-2 [DJI30],H1: loaded successfully
2	19:08:48.764	Custom indicator Trend Trading\CloudSignalLines [DJI30],H1: loaded successfully
2	19:08:48.924	Custom indicator MBFX Timing [DJI30],H1: loaded successfully
2	19:08:49.015	Custom indicator #P4L CandleTime [DAX30],M15: loaded successfully
2	19:08:49.022	Custom indicator TURBO PLUS+ [DAX30],M15: loaded successfully
2	19:08:49.029	Custom indicator ALERT SIGNAL [DAX30],M15: loaded successfully
2	19:08:49.037	Custom indicator Trend Trading\TrendTradingCloud [DAX30],M15: loaded successfully
2	19:08:49.045	Custom indicator RSI Divergence Levels [DAX30],M15: loaded successfully
2	19:08:49.053	Custom indicator MACD_Volumes-2 [DAX30],M15: loaded successfully
2	19:08:49.060	Custom indicator Trend Trading\CloudSignalLines [DAX30],M15: loaded successfully
2	19:08:49.073	Expert Admiral - Mini Terminal [DAX30],M15: loaded successfully
2	19:08:49.226	Custom indicator MBFX Timing [DAX30],M15: loaded successfully
2	19:08:49.328	Custom indicator #P4L CandleTime [NQ100],M15: loaded successfully
2	19:08:49.334	Custom indicator TURBO PLUS+ [NQ100],M15: loaded successfully
2	19:08:49.343	Custom indicator ALERT SIGNAL [NQ100],M15: loaded successfully
2	19:08:49.351	Custom indicator Trend Trading\TrendTradingCloud [NQ100],M15: loaded successfully
2	19:08:49.359	Custom indicator RSI Divergence Levels [NQ100],M15: loaded successfully
2	19:08:49.367	Custom indicator MACD_Volumes-2 [NQ100],M15: loaded successfully
2	19:08:49.373	Custom indicator Trend Trading\CloudSignalLines [NQ100],M15: loaded successfully
2	19:08:49.523	Custom indicator MBFX Timing [NQ100],M15: loaded successfully
2	19:08:49.623	Custom indicator #P4L CandleTime AUDJPY,M15: loaded successfully
2	19:08:49.630	Custom indicator TURBO PLUS+ AUDJPY,M15: loaded successfully
2	19:08:49.638	Custom indicator ALERT SIGNAL AUDJPY,M15: loaded successfully
2	19:08:49.646	Custom indicator Trend Trading\TrendTradingCloud AUDJPY,M15: loaded successfully
2	19:08:49.654	Custom indicator RSI Divergence Levels AUDJPY,M15: loaded successfully
2	19:08:49.662	Custom indicator MACD_Volumes-2 AUDJPY,M15: loaded successfully
2	19:08:49.669	Custom indicator Trend Trading\CloudSignalLines AUDJPY,M15: loaded successfully
2	19:08:49.679	Expert Admiral - Connect AUDJPY,M15: loaded successfully
2	19:08:49.835	Custom indicator MBFX Timing AUDJPY,M15: loaded successfully
2	19:08:49.939	Custom indicator #P4L CandleTime WTI,H1: loaded successfully
2	19:08:49.946	Custom indicator TURBO PLUS+ WTI,H1: loaded successfully
2	19:08:49.954	Custom indicator ALERT SIGNAL WTI,H1: loaded successfully
2	19:08:49.962	Custom indicator Trend Trading\TrendTradingCloud WTI,H1: loaded successfully
2	19:08:49.972	Custom indicator RSI Divergence Levels WTI,H1: loaded successfully
2	19:08:49.979	Custom indicator MACD_Volumes-2 WTI,H1: loaded successfully
2	19:08:49.985	Custom indicator Trend Trading\CloudSignalLines WTI,H1: loaded successfully
2	19:08:50.143	Custom indicator MBFX Timing WTI,H1: loaded successfully
2	19:08:50.241	Custom indicator #P4L CandleTime GBPJPY,H1: loaded successfully
2	19:08:50.248	Custom indicator TURBO PLUS+ GBPJPY,H1: loaded successfully
2	19:08:50.256	Custom indicator ALERT SIGNAL GBPJPY,H1: loaded successfully
2	19:08:50.265	Custom indicator Trend Trading\TrendTradingCloud GBPJPY,H1: loaded successfully
2	19:08:50.273	Custom indicator RSI Divergence Levels GBPJPY,H1: loaded successfully
2	19:08:50.280	Custom indicator MACD_Volumes-2 GBPJPY,H1: loaded successfully
2	19:08:50.288	Custom indicator Trend Trading\CloudSignalLines GBPJPY,H1: loaded successfully
2	19:08:50.297	Custom indicator IVT_MACD_ZERO_LAG GBPJPY,H1: loaded successfully
2	19:08:50.457	Custom indicator MBFX Timing GBPJPY,H1: loaded successfully
2	19:08:50.517	Custom indicator RSBot_V7 GOLD,M30: loaded successfully
2	19:08:50.641	Custom indicator #P4L CandleTime USDJPY,H1: loaded successfully
2	19:08:50.648	Custom indicator TURBO PLUS+ USDJPY,H1: loaded successfully
2	19:08:50.656	Custom indicator ALERT SIGNAL USDJPY,H1: loaded successfully
2	19:08:50.663	Custom indicator Trend Trading\TrendTradingCloud USDJPY,H1: loaded successfully
2	19:08:50.684	Custom indicator RSBot_V7 USDJPY,H1: loaded successfully
2	19:08:50.694	Custom indicator RSI Divergence Levels USDJPY,H1: loaded successfully
2	19:08:50.702	Custom indicator MACD_Volumes-2 USDJPY,H1: loaded successfully
2	19:08:50.708	Custom indicator Trend Trading\CloudSignalLines USDJPY,H1: loaded successfully
2	19:08:50.888	Custom indicator MBFX Timing USDJPY,H1: loaded successfully
2	19:08:50.981	Custom indicator RSBot_V7 BTCUSD,M5: loaded successfully
2	19:08:51.100	Custom indicator RSBot_V7 EURUSD,M15: loaded successfully
2	19:08:51.192	Custom indicator RSBot_V7 USDCAD,M15: loaded successfully
2	19:08:51.286	Custom indicator RSBot_V7 [DAX30],H1: loaded successfully
2	19:08:51.356	Custom indicator IVT_MACD_ZERO_LAG GBPAUD,H1: loaded successfully
0	19:08:55.862	'27123197': login on AdmiralMarkets-Live through Access Point #2 (ping: 240.26 ms)
0	19:08:58.027	'27123197': login datacenter on AdmiralMarkets-Live through Access Point #2 (ping: 240.26 ms)
0	19:08:58.538	'27123197': previous successful authorization performed from 154.126.11.121
0	19:09:16.888	'27123197': order sell market 0.10 [DAX30] sl: 0.00 tp: 0.00
1	19:09:17.173	'27123197': order sell 0.10 [DAX30] opening at market sl: 0.00 tp: 0.00 failed [Not enough money]
0	19:09:22.763	'27123197': auto connecting to a better access point Access Point #4 (ping is 205.24 ms)
0	19:09:23.572	'27123197': login on AdmiralMarkets-Live through Access Point #4 (ping: 205.24 ms)
0	19:09:27.935	'27123197': login datacenter on AdmiralMarkets-Live through Access Point #4 (ping: 205.24 ms)
0	19:09:28.571	'27123197': previous successful authorization performed from 197.149.30.121
2	19:09:42.409	Custom indicator #P4L CandleTime EURJPY,H1: loaded successfully
2	19:09:42.417	Custom indicator TURBO PLUS+ EURJPY,H1: loaded successfully
2	19:09:42.425	Custom indicator ALERT SIGNAL EURJPY,H1: loaded successfully
2	19:09:42.433	Custom indicator Trend Trading\TrendTradingCloud EURJPY,H1: loaded successfully
2	19:09:42.442	Custom indicator RSI Divergence Levels EURJPY,H1: loaded successfully
2	19:09:42.450	Custom indicator MACD_Volumes-2 EURJPY,H1: loaded successfully
2	19:09:42.457	Custom indicator Trend Trading\CloudSignalLines EURJPY,H1: loaded successfully
2	19:09:42.614	Custom indicator MBFX Timing EURJPY,H1: loaded successfully
2	19:18:23.871	Custom indicator #P4L CandleTime USDCAD,H1: loaded successfully
2	19:18:23.882	Custom indicator TURBO PLUS+ USDCAD,H1: loaded successfully
2	19:18:23.894	Custom indicator ALERT SIGNAL USDCAD,H1: loaded successfully
2	19:18:23.907	Custom indicator Trend Trading\TrendTradingCloud USDCAD,H1: loaded successfully
2	19:18:23.920	Custom indicator RSI Divergence Levels USDCAD,H1: loaded successfully
2	19:18:23.936	Custom indicator MACD_Volumes-2 USDCAD,H1: loaded successfully
2	19:18:23.946	Custom indicator Trend Trading\CloudSignalLines USDCAD,H1: loaded successfully
2	19:18:24.176	Custom indicator MBFX Timing USDCAD,H1: loaded successfully
1	19:25:03.924	'27123197': datacenter connecting failed [6]
0	19:25:04.811	'27123197': login on AdmiralMarkets-Live through Access Point #3 (ping: 221.92 ms)
0	19:25:12.679	'27123197': login datacenter on AdmiralMarkets-Live through Access Point #3 (ping: 221.92 ms)
0	19:25:15.781	'27123197': previous successful authorization performed from 197.149.30.121
0	19:25:30.590	'23853581': login on AdmiralMarkets-Demo through Access Point #6 (ping: 249.38 ms)
0	19:25:32.288	'23853581': login datacenter on AdmiralMarkets-Demo through Access Point #6 (ping: 249.38 ms)
0	19:25:32.873	'23853581': previous successful authorization performed from 154.126.11.3
2	19:25:37.817	Custom indicator MBFX Timing USDCAD,H1: removed
2	19:25:37.930	Custom indicator MBFX Timing USDCAD,M15: loaded successfully
0	19:25:48.581	'23853581': ping to current access point Access Point #6 is 216.91 ms
2	19:25:51.357	Custom indicator MBFX Timing USDCAD,M15: removed
2	19:25:51.362	Custom indicator #P4L CandleTime USDCAD,M15: removed
2	19:25:51.363	Custom indicator TURBO PLUS+ USDCAD,M15: removed
2	19:25:51.364	Custom indicator ALERT SIGNAL USDCAD,M15: removed
2	19:25:51.365	Custom indicator TrendTradingCloud USDCAD,M15: removed
2	19:25:51.367	Custom indicator RSI Divergence Levels USDCAD,M15: removed
2	19:25:51.368	Custom indicator MACD_Volumes-2 USDCAD,M15: removed
2	19:25:51.369	Custom indicator CloudSignalLines USDCAD,M15: removed
2	19:25:51.413	Custom indicator RSBot_V7 USDCAD,M15: loaded successfully
0	19:26:35.549	'23853581': order sell market 0.10 USDCAD sl: 0.00000 tp: 0.00000
1	19:27:44.604	'23853581': connect failed [Connection échouée]
0	19:34:22.471	'23853581': login on AdmiralMarkets-Demo through Access Point #3 (ping: n/a)
0	19:34:24.564	'23853581': login datacenter on AdmiralMarkets-Demo through Access Point #3 (ping: n/a)
0	19:34:25.117	'23853581': previous successful authorization performed from 197.149.30.121
0	19:34:32.533	'23853581': ping to current access point Access Point #3 is 228.60 ms
2	19:35:02.374	Custom indicator RSBot_V7 USDCAD,M15: removed
2	19:35:02.406	Custom indicator RSBot_V7 USDCAD,M15: loaded successfully
0	19:35:09.300	'23853581': order sell market 0.10 USDCAD sl: 0.00000 tp: 0.00000
0	19:35:09.666	'23853581': order was opened : #178902396 sell 0.10 USDCAD at 1.40293 sl: 0.00000 tp: 0.00000
0	19:35:18.481	'23853581': modify order #178902396 sell 0.10 USDCAD at 1.40293 sl: 0.00000 tp: 0.00000 -> sl: 0.00000 tp: 1.40072
0	19:35:18.780	'23853581': order #178902396 sell 0.10 USDCAD at 1.40293 was modified -> sl: 0.00000 tp: 1.40072
0	19:35:32.974	'23853581': modify order #178902396 sell 0.10 USDCAD at 1.40293 sl: 0.00000 tp: 1.40072 -> sl: 1.40643 tp: 1.40072
0	19:35:33.262	'23853581': order #178902396 sell 0.10 USDCAD at 1.40293 was modified -> sl: 1.40643 tp: 1.40072
2	19:39:36.068	Custom indicator RSBot_V7 USDCAD,M15: removed
2	19:39:36.146	Custom indicator #P4L CandleTime USDCAD,M15: loaded successfully
2	19:39:36.154	Custom indicator TURBO PLUS+ USDCAD,M15: loaded successfully
2	19:39:36.163	Custom indicator ALERT SIGNAL USDCAD,M15: loaded successfully
2	19:39:36.173	Custom indicator Trend Trading\TrendTradingCloud USDCAD,M15: loaded successfully
2	19:39:36.184	Custom indicator RSI Divergence Levels USDCAD,M15: loaded successfully
2	19:39:36.193	Custom indicator MACD_Volumes-2 USDCAD,M15: loaded successfully
2	19:39:36.201	Custom indicator Trend Trading\CloudSignalLines USDCAD,M15: loaded successfully
2	19:39:36.380	Custom indicator MBFX Timing USDCAD,M15: loaded successfully
2	19:39:41.216	Custom indicator MBFX Timing USDCAD,M15: removed
2	19:39:41.320	Custom indicator MBFX Timing USDCAD,H1: loaded successfully
1	20:06:03.340	'23853581': datacenter connecting failed [6]
1	20:07:04.604	'23853581': connect failed [Connection échouée]
0	20:13:39.322	'23853581': login on AdmiralMarkets-Demo through Access Point #2 (ping: n/a)
0	20:13:41.977	'23853581': login datacenter on AdmiralMarkets-Demo through Access Point #2 (ping: n/a)
0	20:13:42.594	'23853581': previous successful authorization performed from 197.149.39.80
0	20:13:50.372	'23853581': ping to current access point Access Point #2 is 203.62 ms
1	20:39:43.581	'23853581': ping failed
0	20:39:50.441	'23853581': login on AdmiralMarkets-Demo through Access Point #6 (ping: 217.13 ms)
0	20:39:52.586	'23853581': login datacenter on AdmiralMarkets-Demo through Access Point #6 (ping: 217.13 ms)
0	20:39:53.150	'23853581': previous successful authorization performed from 154.126.98.33
1	20:48:13.655	'23853581': connect failed [Connection échouée]
0	20:54:55.361	'23853581': login on AdmiralMarkets-Demo through Access Point #6 (ping: n/a)
0	20:54:56.953	'23853581': login datacenter on AdmiralMarkets-Demo through Access Point #6 (ping: n/a)
0	20:54:57.934	'23853581': previous successful authorization performed from 154.126.98.33
0	20:55:08.295	'23853581': ping to current access point Access Point #6 is 220.43 ms
1	23:55:22.566	'23853581': datacenter connecting failed [6]
0	23:55:23.571	'23853581': login on AdmiralMarkets-Demo through Access Point #6 (ping: 220.43 ms)
0	23:55:25.192	'23853581': login datacenter on AdmiralMarkets-Demo through Access Point #6 (ping: 220.43 ms)
0	23:55:25.816	'23853581': previous successful authorization performed from 154.126.98.2
0	23:55:33.590	'23853581': ping to current access point Access Point #6 is 212.29 ms
1	23:58:55.831	'23853581': connect failed [Connection échouée]
0	23:59:55.578	'23853581': login on AdmiralMarkets-Demo through Access Point #1 (ping: n/a)
