1	00:01:27.054	'27123197': connect failed [Connection échouée]
0	00:02:23.051	'27123197': login on AdmiralMarkets-Live through Access Point #5 (ping: n/a)
0	00:03:27.433	'27123197': login on AdmiralMarkets-Live through Access Point #5 (ping: n/a)
0	00:03:44.982	'27123197': login datacenter on AdmiralMarkets-Live through Access Point #5 (ping: n/a)
0	00:03:45.528	'27123197': previous successful authorization performed from 197.149.36.160
0	00:04:02.754	'27123197': auto connecting to a better access point Access Point #6 (ping is 217.97 ms)
0	00:04:03.438	'27123197': login on AdmiralMarkets-Live through Access Point #6 (ping: 217.97 ms)
0	00:04:08.951	'27123197': login datacenter on AdmiralMarkets-Live through Access Point #6 (ping: 217.97 ms)
0	00:04:10.106	'27123197': previous successful authorization performed from 197.149.36.160
0	06:01:05.607	HistoryCenter: synchronize 'EURUSD60'
0	06:01:06.474	HistoryCenter: 2 bars imported in 'EURUSD60'
2	06:03:29.840	Custom indicator $-ForecastCityIntradayIndicator #BNP,H1: loaded successfully
2	06:03:29.914	Custom indicator Entry #BNP,H1: loaded successfully
2	06:03:29.979	Custom indicator Trend #BNP,H1: loaded successfully
2	06:03:29.991	Custom indicator IVT_MACD_ZERO_LAG #BNP,H1: loaded successfully
2	06:07:47.752	Custom indicator $-ForecastCityIntradayIndicator AUDUSD,H1: removed
2	06:07:47.753	Custom indicator Entry AUDUSD,H1: removed
2	06:07:47.754	Custom indicator Trend AUDUSD,H1: removed
2	06:07:47.758	Custom indicator IVT_MACD_ZERO_LAG AUDUSD,H1: removed
2	06:07:47.773	Custom indicator $-ForecastCityIntradayIndicator AUDUSD,H1: loaded successfully
2	06:07:47.842	Custom indicator Entry AUDUSD,H1: loaded successfully
2	06:07:47.910	Custom indicator Trend AUDUSD,H1: loaded successfully
2	06:07:47.919	Custom indicator IVT_MACD_ZERO_LAG AUDUSD,H1: loaded successfully
2	06:24:20.013	Custom indicator $-ForecastCityIntradayIndicator EURJPY,H1: removed
2	06:24:20.015	Custom indicator Entry EURJPY,H1: removed
2	06:24:20.016	Custom indicator Trend EURJPY,H1: removed
2	06:24:20.020	Custom indicator IVT_MACD_ZERO_LAG EURJPY,H1: removed
2	06:24:20.037	Custom indicator $-ForecastCityIntradayIndicator EURJPY,H1: loaded successfully
2	06:24:20.108	Custom indicator Entry EURJPY,H1: loaded successfully
2	06:24:20.174	Custom indicator Trend EURJPY,H1: loaded successfully
2	06:24:20.182	Custom indicator IVT_MACD_ZERO_LAG EURJPY,H1: loaded successfully
2	06:26:48.600	Custom indicator $-ForecastCityIntradayIndicator EURJPY,H1: removed
2	06:26:48.600	Custom indicator Entry EURJPY,H1: removed
2	06:26:48.600	Custom indicator Trend EURJPY,H1: removed
2	06:26:48.602	Custom indicator IVT_MACD_ZERO_LAG EURJPY,H1: removed
2	06:26:48.616	Custom indicator $-ForecastCityIntradayIndicator EURJPY,H1: loaded successfully
2	06:26:48.683	Custom indicator Entry EURJPY,H1: loaded successfully
2	06:26:48.748	Custom indicator Trend EURJPY,H1: loaded successfully
2	06:26:48.759	Custom indicator Admiral Pivot EURJPY,H1: loaded successfully
2	06:26:48.768	Custom indicator IVT_MACD_ZERO_LAG EURJPY,H1: loaded successfully
2	06:27:15.761	Custom indicator $-ForecastCityIntradayIndicator EURJPY,H1: removed
2	06:27:15.761	Custom indicator Entry EURJPY,H1: removed
2	06:27:15.761	Custom indicator Trend EURJPY,H1: removed
2	06:27:15.763	Custom indicator Admiral Pivot EURJPY,H1: removed
2	06:27:15.765	Custom indicator IVT_MACD_ZERO_LAG EURJPY,H1: removed
2	06:27:15.775	Custom indicator HeikenAshi_DM EURJPY,H1: loaded successfully
2	06:27:15.784	Custom indicator DM_DSR EURJPY,H1: loaded successfully
2	06:27:15.796	Custom indicator LJ_SIG EURJPY,H1: loaded successfully
2	06:27:15.806	Custom indicator #MarketPrice _v1_4 EURJPY,H1: loaded successfully
2	06:27:15.816	Custom indicator ABT 5M 15M\CandleCountdown EURJPY,H1: loaded successfully
2	06:27:15.825	Custom indicator LJ_SYNERGY_ID EURJPY,H1: loaded successfully
2	06:27:15.835	Custom indicator Traders Dynamic Index VISUAL ALERTS EURJPY,H1: loaded successfully
2	06:27:15.845	Custom indicator DM_Volatility EURJPY,H1: loaded successfully
2	06:27:15.854	Custom indicator DM_RangeFactor EURJPY,H1: loaded successfully
2	06:27:15.863	Custom indicator DM_Continuation EURJPY,H1: loaded successfully
2	06:27:15.873	Custom indicator Status Monitor V1.2 EURJPY,H1: loaded successfully
2	06:28:15.522	Custom indicator HeikenAshi_DM EURJPY,H1: removed
2	06:28:15.523	Custom indicator DM_DSR EURJPY,H1: removed
2	06:28:15.524	Custom indicator LJ_SIG EURJPY,H1: removed
2	06:28:15.526	Custom indicator #MarketPrice _v1_4 EURJPY,H1: removed
2	06:28:15.527	Custom indicator CandleCountdown EURJPY,H1: removed
2	06:28:15.529	Custom indicator LJ_SYNERGY_ID EURJPY,H1: removed
2	06:28:15.531	Custom indicator Traders Dynamic Index VISUAL ALERTS EURJPY,H1: removed
2	06:28:15.532	Custom indicator DM_Volatility EURJPY,H1: removed
2	06:28:15.533	Custom indicator DM_RangeFactor EURJPY,H1: removed
2	06:28:15.535	Custom indicator DM_Continuation EURJPY,H1: removed
2	06:28:15.536	Custom indicator Status Monitor V1.2 EURJPY,H1: removed
2	06:28:15.546	Custom indicator ZigZag EURJPY,H1: loaded successfully
2	06:30:12.570	Custom indicator ZigZag EURJPY,H1: removed
2	06:30:12.581	Custom indicator $-ForecastCityIntradayIndicator EURJPY,H1: loaded successfully
2	06:30:12.649	Custom indicator Entry EURJPY,H1: loaded successfully
2	06:30:12.715	Custom indicator Trend EURJPY,H1: loaded successfully
2	06:30:12.723	Custom indicator IVT_MACD_ZERO_LAG EURJPY,H1: loaded successfully
0	06:30:25.108	'27123197': order buy market 0.10 EURJPY sl: 0.000 tp: 0.000
0	06:30:25.532	'27123197': order was opened : #66496597 buy 0.10 EURJPY at 117.819 sl: 0.000 tp: 0.000
0	06:30:33.232	'27123197': modify order #66496597 buy 0.10 EURJPY at 117.819 sl: 0.000 tp: 0.000 -> sl: 0.000 tp: 118.193
0	06:30:33.515	'27123197': order #66496597 buy 0.10 EURJPY at 117.819 was modified -> sl: 0.000 tp: 118.193
0	06:30:43.326	'27123197': modify order #66496597 buy 0.10 EURJPY at 117.819 sl: 0.000 tp: 118.193 -> sl: 117.300 tp: 118.193
0	06:30:43.889	'27123197': order #66496597 buy 0.10 EURJPY at 117.819 was modified -> sl: 117.300 tp: 118.193
2	06:33:18.079	Custom indicator $-ForecastCityIntradayIndicator GBPJPY,H1: removed
2	06:33:18.080	Custom indicator Entry GBPJPY,H1: removed
2	06:33:18.081	Custom indicator Trend GBPJPY,H1: removed
2	06:33:18.085	Custom indicator IVT_MACD_ZERO_LAG GBPJPY,H1: removed
2	06:33:18.099	Custom indicator $-ForecastCityIntradayIndicator GBPJPY,H1: loaded successfully
2	06:33:18.164	Custom indicator Entry GBPJPY,H1: loaded successfully
2	06:33:18.230	Custom indicator Trend GBPJPY,H1: loaded successfully
2	06:33:18.240	Custom indicator IVT_MACD_ZERO_LAG GBPJPY,H1: loaded successfully
2	06:33:56.348	Custom indicator ZigZag NZDUSD,H1: removed
2	06:33:56.349	Custom indicator IVT_MACD_ZERO_LAG NZDUSD,H1: removed
2	06:33:56.364	Custom indicator $-ForecastCityIntradayIndicator NZDUSD,H1: loaded successfully
2	06:33:56.431	Custom indicator Entry NZDUSD,H1: loaded successfully
2	06:33:56.499	Custom indicator Trend NZDUSD,H1: loaded successfully
2	06:33:56.507	Custom indicator IVT_MACD_ZERO_LAG NZDUSD,H1: loaded successfully
2	06:34:30.167	Custom indicator $-ForecastCityIntradayIndicator USDCAD,H1: removed
2	06:34:30.167	Custom indicator Entry USDCAD,H1: removed
2	06:34:30.167	Custom indicator Trend USDCAD,H1: removed
2	06:34:30.169	Custom indicator IVT_MACD_ZERO_LAG USDCAD,H1: removed
2	06:34:30.184	Custom indicator $-ForecastCityIntradayIndicator USDCAD,H1: loaded successfully
2	06:34:30.251	Custom indicator Entry USDCAD,H1: loaded successfully
2	06:34:30.318	Custom indicator Trend USDCAD,H1: loaded successfully
2	06:34:30.327	Custom indicator IVT_MACD_ZERO_LAG USDCAD,H1: loaded successfully
2	06:34:59.521	Custom indicator $-ForecastCityIntradayIndicator USDJPY,H1: removed
2	06:34:59.521	Custom indicator Entry USDJPY,H1: removed
2	06:34:59.521	Custom indicator Trend USDJPY,H1: removed
2	06:34:59.524	Custom indicator IVT_MACD_ZERO_LAG USDJPY,H1: removed
2	06:34:59.539	Custom indicator $-ForecastCityIntradayIndicator USDJPY,H1: loaded successfully
2	06:34:59.605	Custom indicator Entry USDJPY,H1: loaded successfully
2	06:34:59.670	Custom indicator Trend USDJPY,H1: loaded successfully
2	06:34:59.679	Custom indicator IVT_MACD_ZERO_LAG USDJPY,H1: loaded successfully
2	06:35:22.951	Custom indicator $-ForecastCityIntradayIndicator USDCHF,H1: removed
2	06:35:22.952	Custom indicator Entry USDCHF,H1: removed
2	06:35:22.952	Custom indicator Trend USDCHF,H1: removed
2	06:35:22.954	Custom indicator IVT_MACD_ZERO_LAG USDCHF,H1: removed
2	06:35:22.969	Custom indicator $-ForecastCityIntradayIndicator USDCHF,H1: loaded successfully
2	06:35:23.042	Custom indicator Entry USDCHF,H1: loaded successfully
2	06:35:23.107	Custom indicator Trend USDCHF,H1: loaded successfully
2	06:35:23.116	Custom indicator IVT_MACD_ZERO_LAG USDCHF,H1: loaded successfully
2	06:35:45.418	Custom indicator $-ForecastCityIntradayIndicator AUDJPY,H1: removed
2	06:35:45.418	Custom indicator Entry AUDJPY,H1: removed
2	06:35:45.418	Custom indicator Trend AUDJPY,H1: removed
2	06:35:45.420	Custom indicator IVT_MACD_ZERO_LAG AUDJPY,H1: removed
2	06:35:45.434	Custom indicator $-ForecastCityIntradayIndicator AUDJPY,H1: loaded successfully
2	06:35:45.502	Custom indicator Entry AUDJPY,H1: loaded successfully
2	06:35:45.566	Custom indicator Trend AUDJPY,H1: loaded successfully
2	06:35:45.575	Custom indicator IVT_MACD_ZERO_LAG AUDJPY,H1: loaded successfully
2	06:36:41.100	Custom indicator $-ForecastCityIntradayIndicator USDJPY,H1: removed
2	06:36:41.100	Custom indicator Entry USDJPY,H1: removed
2	06:36:41.100	Custom indicator Trend USDJPY,H1: removed
2	06:36:41.103	Custom indicator IVT_MACD_ZERO_LAG USDJPY,H1: removed
2	06:36:41.115	Custom indicator $-ForecastCityIntradayIndicator USDJPY,H1: loaded successfully
2	06:36:41.184	Custom indicator Entry USDJPY,H1: loaded successfully
2	06:36:41.251	Custom indicator Trend USDJPY,H1: loaded successfully
2	06:36:41.259	Custom indicator IVT_MACD_ZERO_LAG USDJPY,H1: loaded successfully
0	06:58:48.100	'27123197': login datacenter on AdmiralMarkets-Live
0	06:58:52.778	'27123197': login on AdmiralMarkets-Live through Access Point #3 (ping: 230.55 ms)
0	06:59:54.144	'27123197': login datacenter on AdmiralMarkets-Live
0	07:00:12.627	'27123197': login on AdmiralMarkets-Live through Access Point #5 (ping: 208.83 ms)
0	07:01:14.091	'27123197': login datacenter on AdmiralMarkets-Live
0	07:01:21.555	'27123197': login on AdmiralMarkets-Live through Access Point #4 (ping: 213.16 ms)
0	07:01:26.216	'27123197': auto connecting to a better access point Access Point #6 (ping is 217.07 ms)
0	07:01:32.400	'27123197': login on AdmiralMarkets-Live through Access Point #6 (ping: 217.07 ms)
0	07:02:33.062	'27123197': login datacenter on AdmiralMarkets-Live
0	07:02:40.673	'27123197': login on AdmiralMarkets-Live through Access Point #5 (ping: 219.67 ms)
0	07:03:43.105	'27123197': login datacenter on AdmiralMarkets-Live
0	07:03:47.619	'27123197': auto connecting to a better access point Access Point #3 (ping is 227.26 ms)
0	07:03:53.948	'27123197': login on AdmiralMarkets-Live through Access Point #3 (ping: 227.26 ms)
0	07:04:10.569	'27123197': login datacenter on AdmiralMarkets-Live through Access Point #3 (ping: 227.26 ms)
0	07:04:11.568	'27123197': previous successful authorization performed from 197.149.36.160
2	07:05:39.775	Custom indicator #P4L CandleTime EURJPY,H1: loaded successfully
2	07:51:50.850	Custom indicator $-ForecastCityIntradayIndicator USDCAD,H1: loaded successfully
2	07:51:50.923	Custom indicator Entry USDCAD,H1: loaded successfully
2	07:51:50.989	Custom indicator Trend USDCAD,H1: loaded successfully
2	07:51:51.002	Custom indicator IVT_MACD_ZERO_LAG USDCAD,H1: loaded successfully
0	10:05:13.177	'27123197': login datacenter on AdmiralMarkets-Live
1	10:06:07.944	'27123197': connect failed [Connection échouée]
1	13:04:18.055	MQL5.community: authorization failed
1	13:06:59.508	MQL5.community: authorization failed
1	13:11:59.377	MQL5.community: authorization failed
1	13:16:59.394	MQL5.community: authorization failed
1	13:21:59.332	MQL5.community: authorization failed
1	13:26:59.388	MQL5.community: authorization failed
1	13:31:59.361	MQL5.community: authorization failed
1	13:36:59.374	MQL5.community: authorization failed
1	13:41:59.382	MQL5.community: authorization failed
1	13:46:59.434	MQL5.community: authorization failed
1	13:51:59.357	MQL5.community: authorization failed
1	13:56:59.361	MQL5.community: authorization failed
1	14:01:59.368	MQL5.community: authorization failed
1	14:06:59.420	MQL5.community: authorization failed
1	14:11:59.423	MQL5.community: authorization failed
1	14:16:59.446	MQL5.community: authorization failed
1	14:21:59.404	MQL5.community: authorization failed
1	14:26:59.452	MQL5.community: authorization failed
1	14:31:59.386	MQL5.community: authorization failed
1	14:36:59.393	MQL5.community: authorization failed
1	14:41:59.359	MQL5.community: authorization failed
1	16:46:44.767	MQL5.community: authorization failed
0	16:47:18.038	'27123197': login on AdmiralMarkets-Live through Access Point #4 (ping: n/a)
0	16:47:21.335	'27123197': login datacenter on AdmiralMarkets-Live through Access Point #4 (ping: n/a)
0	16:47:22.065	'27123197': previous successful authorization performed from 197.149.36.160
0	16:47:49.381	'27123197': auto connecting to a better access point Access Point #5 (ping is 221.96 ms)
0	16:47:51.323	'27123197': login on AdmiralMarkets-Live through Access Point #5 (ping: 221.96 ms)
0	16:47:58.654	'27123197': login datacenter on AdmiralMarkets-Live through Access Point #5 (ping: 221.96 ms)
0	16:48:02.260	'27123197': previous successful authorization performed from 197.149.36.160
2	17:06:08.692	Custom indicator $-ForecastCityIntradayIndicator GBPAUD,H1: loaded successfully
2	17:06:08.766	Custom indicator Entry GBPAUD,H1: loaded successfully
2	17:06:08.833	Custom indicator Trend GBPAUD,H1: loaded successfully
2	17:06:08.843	Custom indicator IVT_MACD_ZERO_LAG GBPAUD,H1: loaded successfully
0	17:08:10.544	'27123197': order buy market 0.10 GBPAUD sl: 0.00000 tp: 0.00000
0	17:08:11.164	'27123197': order was opened : #66537816 buy 0.10 GBPAUD at 1.86110 sl: 0.00000 tp: 0.00000
0	17:09:32.025	'27123197': modify order #66537816 buy 0.10 GBPAUD at 1.86110 sl: 0.00000 tp: 0.00000 -> sl: 1.84130 tp: 1.87100
0	17:09:32.339	'27123197': order #66537816 buy 0.10 GBPAUD at 1.86110 was modified -> sl: 1.84130 tp: 1.87100
2	17:11:36.406	Custom indicator $-ForecastCityIntradayIndicator EURNZD,H1: loaded successfully
2	17:11:36.481	Custom indicator Entry EURNZD,H1: loaded successfully
2	17:11:36.554	Custom indicator Trend EURNZD,H1: loaded successfully
2	17:11:36.564	Custom indicator IVT_MACD_ZERO_LAG EURNZD,H1: loaded successfully
2	17:18:39.384	Custom indicator $-ForecastCityIntradayIndicator EURUSD,H1: removed
2	17:18:39.384	Custom indicator Entry EURUSD,H1: removed
2	17:18:39.385	Custom indicator Trend EURUSD,H1: removed
2	17:18:39.387	Custom indicator IVT_MACD_ZERO_LAG EURUSD,H1: removed
2	17:18:39.395	Custom indicator $-ForecastCityIntradayIndicator GBPUSD,H1: removed
2	17:18:39.396	Custom indicator Entry GBPUSD,H1: removed
2	17:18:39.396	Custom indicator Trend GBPUSD,H1: removed
2	17:18:39.399	Custom indicator IVT_MACD_ZERO_LAG GBPUSD,H1: removed
2	17:18:39.405	Custom indicator $-ForecastCityIntradayIndicator AUDUSD,H1: removed
2	17:18:39.406	Custom indicator Entry AUDUSD,H1: removed
2	17:18:39.406	Custom indicator Trend AUDUSD,H1: removed
2	17:18:39.408	Custom indicator IVT_MACD_ZERO_LAG AUDUSD,H1: removed
2	17:18:39.413	Custom indicator $-ForecastCityIntradayIndicator EURJPY,H1: removed
2	17:18:39.414	Custom indicator Entry EURJPY,H1: removed
2	17:18:39.415	Custom indicator Trend EURJPY,H1: removed
2	17:18:39.416	Custom indicator #P4L CandleTime EURJPY,H1: removed
2	17:18:39.418	Custom indicator IVT_MACD_ZERO_LAG EURJPY,H1: removed
2	17:18:39.424	Custom indicator $-ForecastCityIntradayIndicator GBPJPY,H1: removed
2	17:18:39.424	Custom indicator Entry GBPJPY,H1: removed
2	17:18:39.424	Custom indicator Trend GBPJPY,H1: removed
2	17:18:39.426	Custom indicator IVT_MACD_ZERO_LAG GBPJPY,H1: removed
2	17:18:39.432	Custom indicator $-ForecastCityIntradayIndicator NZDUSD,H1: removed
2	17:18:39.433	Custom indicator Entry NZDUSD,H1: removed
2	17:18:39.434	Custom indicator Trend NZDUSD,H1: removed
2	17:18:39.436	Custom indicator IVT_MACD_ZERO_LAG NZDUSD,H1: removed
2	17:18:39.440	Custom indicator $-ForecastCityIntradayIndicator USDCAD,H1: removed
2	17:18:39.441	Custom indicator Entry USDCAD,H1: removed
2	17:18:39.441	Custom indicator Trend USDCAD,H1: removed
2	17:18:39.443	Custom indicator IVT_MACD_ZERO_LAG USDCAD,H1: removed
2	17:18:39.446	Custom indicator $-ForecastCityIntradayIndicator USDJPY,H1: removed
2	17:18:39.446	Custom indicator Entry USDJPY,H1: removed
2	17:18:39.447	Custom indicator Trend USDJPY,H1: removed
2	17:18:39.449	Custom indicator IVT_MACD_ZERO_LAG USDJPY,H1: removed
2	17:18:39.455	Custom indicator $-ForecastCityIntradayIndicator USDCHF,H1: removed
2	17:18:39.455	Custom indicator Entry USDCHF,H1: removed
2	17:18:39.455	Custom indicator Trend USDCHF,H1: removed
2	17:18:39.457	Custom indicator IVT_MACD_ZERO_LAG USDCHF,H1: removed
2	17:18:39.461	Custom indicator $-ForecastCityIntradayIndicator AUDJPY,H1: removed
2	17:18:39.461	Custom indicator Entry AUDJPY,H1: removed
2	17:18:39.462	Custom indicator Trend AUDJPY,H1: removed
2	17:18:39.464	Custom indicator IVT_MACD_ZERO_LAG AUDJPY,H1: removed
2	17:18:39.473	Custom indicator $-ForecastCityIntradayIndicator GBPJPY,H1: removed
2	17:18:39.473	Custom indicator Entry GBPJPY,H1: removed
2	17:18:39.474	Custom indicator Trend GBPJPY,H1: removed
2	17:18:39.477	Custom indicator IVT_MACD_ZERO_LAG GBPJPY,H1: removed
2	17:18:39.486	Custom indicator $-ForecastCityIntradayIndicator GOLD,H1: removed
2	17:18:39.487	Custom indicator Entry GOLD,H1: removed
2	17:18:39.488	Custom indicator Trend GOLD,H1: removed
2	17:18:39.488	Custom indicator HolyCandleTime GOLD,H1: removed
2	17:18:39.491	Custom indicator IVT_MACD_ZERO_LAG GOLD,H1: removed
2	17:18:39.500	Custom indicator $-ForecastCityIntradayIndicator USDJPY,H1: removed
2	17:18:39.500	Custom indicator Entry USDJPY,H1: removed
2	17:18:39.501	Custom indicator Trend USDJPY,H1: removed
2	17:18:39.502	Custom indicator IVT_MACD_ZERO_LAG USDJPY,H1: removed
2	17:18:39.507	Custom indicator ZigZag [DAX30],H1: removed
2	17:18:39.514	Custom indicator $-ForecastCityIntradayIndicator #BNP,H1: removed
2	17:18:39.515	Custom indicator Entry #BNP,H1: removed
2	17:18:39.516	Custom indicator Trend #BNP,H1: removed
2	17:18:39.518	Custom indicator IVT_MACD_ZERO_LAG #BNP,H1: removed
2	17:18:39.522	Custom indicator $-ForecastCityIntradayIndicator USDCAD,H1: removed
2	17:18:39.523	Custom indicator Entry USDCAD,H1: removed
2	17:18:39.523	Custom indicator Trend USDCAD,H1: removed
2	17:18:39.525	Custom indicator IVT_MACD_ZERO_LAG USDCAD,H1: removed
2	17:18:39.539	Custom indicator $-ForecastCityIntradayIndicator GBPAUD,H1: removed
2	17:18:39.539	Custom indicator Entry GBPAUD,H1: removed
2	17:18:39.539	Custom indicator Trend GBPAUD,H1: removed
2	17:18:39.540	Custom indicator IVT_MACD_ZERO_LAG GBPAUD,H1: removed
2	17:18:39.549	Custom indicator $-ForecastCityIntradayIndicator EURNZD,H1: removed
2	17:18:39.549	Custom indicator Entry EURNZD,H1: removed
2	17:18:39.550	Custom indicator Trend EURNZD,H1: removed
2	17:18:39.551	Custom indicator IVT_MACD_ZERO_LAG EURNZD,H1: removed
0	17:18:41.273	Admiral Markets build 1260 stopped
0	17:22:23.185	Admiral Markets build 1260 started (Admiral Markets Group AS)
0	17:22:23.185	Windows 10 Pro x64, IE 11, UAC, 8 x Intel Core i7-10510U  @ 1.80GHz, Memory: 1139 / 8014 Mb, Disk: 29 / 237 Gb, GMT+3
0	17:22:23.185	Data Folder: C:\Users\SRIE\AppData\Roaming\MetaQuotes\Terminal\51337600F56B69473E15EAFB8A7586B4
2	17:22:25.103	Custom indicator $-ForecastCityIntradayIndicator EURUSD,H1: loaded successfully
2	17:22:25.166	Custom indicator Entry EURUSD,H1: loaded successfully
2	17:22:25.231	Custom indicator Trend EURUSD,H1: loaded successfully
2	17:22:25.239	Custom indicator IVT_MACD_ZERO_LAG EURUSD,H1: loaded successfully
2	17:22:25.489	Custom indicator $-ForecastCityIntradayIndicator GBPUSD,H1: loaded successfully
2	17:22:25.553	Custom indicator Entry GBPUSD,H1: loaded successfully
2	17:22:25.617	Custom indicator Trend GBPUSD,H1: loaded successfully
2	17:22:25.625	Custom indicator IVT_MACD_ZERO_LAG GBPUSD,H1: loaded successfully
2	17:22:25.873	Custom indicator $-ForecastCityIntradayIndicator AUDUSD,H1: loaded successfully
2	17:22:25.940	Custom indicator Entry AUDUSD,H1: loaded successfully
2	17:22:26.004	Custom indicator Trend AUDUSD,H1: loaded successfully
2	17:22:26.012	Custom indicator IVT_MACD_ZERO_LAG AUDUSD,H1: loaded successfully
2	17:22:26.296	Custom indicator $-ForecastCityIntradayIndicator EURJPY,H1: loaded successfully
2	17:22:26.362	Custom indicator Entry EURJPY,H1: loaded successfully
2	17:22:26.428	Custom indicator Trend EURJPY,H1: loaded successfully
2	17:22:26.495	Custom indicator #P4L CandleTime EURJPY,H1: loaded successfully
2	17:22:26.503	Custom indicator IVT_MACD_ZERO_LAG EURJPY,H1: loaded successfully
2	17:22:26.772	Custom indicator $-ForecastCityIntradayIndicator GBPJPY,H1: loaded successfully
2	17:22:26.839	Custom indicator Entry GBPJPY,H1: loaded successfully
2	17:22:26.902	Custom indicator Trend GBPJPY,H1: loaded successfully
2	17:22:26.911	Custom indicator IVT_MACD_ZERO_LAG GBPJPY,H1: loaded successfully
2	17:22:27.109	Custom indicator $-ForecastCityIntradayIndicator NZDUSD,H1: loaded successfully
2	17:22:27.176	Custom indicator Entry NZDUSD,H1: loaded successfully
2	17:22:27.246	Custom indicator Trend NZDUSD,H1: loaded successfully
2	17:22:27.255	Custom indicator IVT_MACD_ZERO_LAG NZDUSD,H1: loaded successfully
2	17:22:27.518	Custom indicator $-ForecastCityIntradayIndicator USDCAD,H1: loaded successfully
2	17:22:27.582	Custom indicator Entry USDCAD,H1: loaded successfully
2	17:22:27.648	Custom indicator Trend USDCAD,H1: loaded successfully
2	17:22:27.657	Custom indicator IVT_MACD_ZERO_LAG USDCAD,H1: loaded successfully
2	17:22:27.909	Custom indicator $-ForecastCityIntradayIndicator USDJPY,H1: loaded successfully
2	17:22:27.976	Custom indicator Entry USDJPY,H1: loaded successfully
2	17:22:28.039	Custom indicator Trend USDJPY,H1: loaded successfully
2	17:22:28.048	Custom indicator IVT_MACD_ZERO_LAG USDJPY,H1: loaded successfully
2	17:22:28.355	Custom indicator $-ForecastCityIntradayIndicator USDCHF,H1: loaded successfully
2	17:22:28.420	Custom indicator Entry USDCHF,H1: loaded successfully
2	17:22:28.486	Custom indicator Trend USDCHF,H1: loaded successfully
2	17:22:28.495	Custom indicator IVT_MACD_ZERO_LAG USDCHF,H1: loaded successfully
2	17:22:28.742	Custom indicator $-ForecastCityIntradayIndicator AUDJPY,H1: loaded successfully
2	17:22:28.807	Custom indicator Entry AUDJPY,H1: loaded successfully
2	17:22:28.869	Custom indicator Trend AUDJPY,H1: loaded successfully
2	17:22:28.877	Custom indicator IVT_MACD_ZERO_LAG AUDJPY,H1: loaded successfully
2	17:22:29.157	Custom indicator $-ForecastCityIntradayIndicator GBPJPY,H1: loaded successfully
2	17:22:29.222	Custom indicator Entry GBPJPY,H1: loaded successfully
2	17:22:29.288	Custom indicator Trend GBPJPY,H1: loaded successfully
2	17:22:29.296	Custom indicator IVT_MACD_ZERO_LAG GBPJPY,H1: loaded successfully
2	17:22:29.481	Custom indicator $-ForecastCityIntradayIndicator GOLD,H1: loaded successfully
2	17:22:29.546	Custom indicator Entry GOLD,H1: loaded successfully
2	17:22:29.611	Custom indicator Trend GOLD,H1: loaded successfully
2	17:22:29.674	Custom indicator HolyCandleTime GOLD,H1: loaded successfully
2	17:22:29.683	Custom indicator IVT_MACD_ZERO_LAG GOLD,H1: loaded successfully
2	17:22:29.938	Custom indicator $-ForecastCityIntradayIndicator USDJPY,H1: loaded successfully
2	17:22:30.005	Custom indicator Entry USDJPY,H1: loaded successfully
2	17:22:30.075	Custom indicator Trend USDJPY,H1: loaded successfully
2	17:22:30.083	Custom indicator IVT_MACD_ZERO_LAG USDJPY,H1: loaded successfully
2	17:22:30.346	Custom indicator ZigZag [DAX30],H1: loaded successfully
2	17:22:30.381	Custom indicator $-ForecastCityIntradayIndicator #BNP,H1: loaded successfully
2	17:22:30.447	Custom indicator Entry #BNP,H1: loaded successfully
2	17:22:30.512	Custom indicator Trend #BNP,H1: loaded successfully
2	17:22:30.521	Custom indicator IVT_MACD_ZERO_LAG #BNP,H1: loaded successfully
2	17:22:30.727	Custom indicator $-ForecastCityIntradayIndicator USDCAD,H1: loaded successfully
2	17:22:30.794	Custom indicator Entry USDCAD,H1: loaded successfully
2	17:22:30.861	Custom indicator Trend USDCAD,H1: loaded successfully
2	17:22:30.870	Custom indicator IVT_MACD_ZERO_LAG USDCAD,H1: loaded successfully
2	17:22:31.135	Custom indicator $-ForecastCityIntradayIndicator GBPAUD,H1: loaded successfully
2	17:22:31.199	Custom indicator Entry GBPAUD,H1: loaded successfully
2	17:22:31.265	Custom indicator Trend GBPAUD,H1: loaded successfully
2	17:22:31.274	Custom indicator IVT_MACD_ZERO_LAG GBPAUD,H1: loaded successfully
2	17:22:31.554	Custom indicator $-ForecastCityIntradayIndicator EURNZD,H1: loaded successfully
2	17:22:31.622	Custom indicator Entry EURNZD,H1: loaded successfully
2	17:22:31.689	Custom indicator Trend EURNZD,H1: loaded successfully
2	17:22:31.698	Custom indicator IVT_MACD_ZERO_LAG EURNZD,H1: loaded successfully
0	17:22:34.020	'27123197': login on AdmiralMarkets-Live through Access Point #5 (ping: 221.96 ms)
0	17:22:50.100	'27123197': login datacenter on AdmiralMarkets-Live through Access Point #5 (ping: 221.96 ms)
0	17:22:52.225	'27123197': previous successful authorization performed from 197.149.36.160
2	17:29:36.569	Custom indicator $-ForecastCityIntradayIndicator AUDJPY,H1: removed
2	17:29:36.569	Custom indicator Entry AUDJPY,H1: removed
2	17:29:36.569	Custom indicator Trend AUDJPY,H1: removed
2	17:29:36.570	Custom indicator IVT_MACD_ZERO_LAG AUDJPY,H1: removed
2	17:29:36.592	Custom indicator $-ForecastCityIntradayIndicator USDCHF,H1: removed
2	17:29:36.592	Custom indicator Entry USDCHF,H1: removed
2	17:29:36.592	Custom indicator Trend USDCHF,H1: removed
2	17:29:36.593	Custom indicator IVT_MACD_ZERO_LAG USDCHF,H1: removed
2	17:29:36.612	Custom indicator $-ForecastCityIntradayIndicator USDJPY,H1: removed
2	17:29:36.612	Custom indicator Entry USDJPY,H1: removed
2	17:29:36.612	Custom indicator Trend USDJPY,H1: removed
2	17:29:36.614	Custom indicator IVT_MACD_ZERO_LAG USDJPY,H1: removed
2	17:29:36.631	Custom indicator $-ForecastCityIntradayIndicator USDCAD,H1: removed
2	17:29:36.632	Custom indicator Entry USDCAD,H1: removed
2	17:29:36.632	Custom indicator Trend USDCAD,H1: removed
2	17:29:36.633	Custom indicator IVT_MACD_ZERO_LAG USDCAD,H1: removed
2	17:29:36.653	Custom indicator $-ForecastCityIntradayIndicator NZDUSD,H1: removed
2	17:29:36.654	Custom indicator Entry NZDUSD,H1: removed
2	17:29:36.654	Custom indicator Trend NZDUSD,H1: removed
2	17:29:36.655	Custom indicator IVT_MACD_ZERO_LAG NZDUSD,H1: removed
2	17:29:36.675	Custom indicator $-ForecastCityIntradayIndicator GBPJPY,H1: removed
2	17:29:36.675	Custom indicator Entry GBPJPY,H1: removed
2	17:29:36.675	Custom indicator Trend GBPJPY,H1: removed
2	17:29:36.677	Custom indicator IVT_MACD_ZERO_LAG GBPJPY,H1: removed
2	17:29:36.693	Custom indicator $-ForecastCityIntradayIndicator EURJPY,H1: removed
2	17:29:36.693	Custom indicator Entry EURJPY,H1: removed
2	17:29:36.693	Custom indicator Trend EURJPY,H1: removed
2	17:29:36.693	Custom indicator #P4L CandleTime EURJPY,H1: removed
2	17:29:36.694	Custom indicator IVT_MACD_ZERO_LAG EURJPY,H1: removed
2	17:29:36.711	Custom indicator $-ForecastCityIntradayIndicator AUDUSD,H1: removed
2	17:29:36.711	Custom indicator Entry AUDUSD,H1: removed
2	17:29:36.711	Custom indicator Trend AUDUSD,H1: removed
2	17:29:36.712	Custom indicator IVT_MACD_ZERO_LAG AUDUSD,H1: removed
2	17:29:36.727	Custom indicator $-ForecastCityIntradayIndicator GBPUSD,H1: removed
2	17:29:36.728	Custom indicator Entry GBPUSD,H1: removed
2	17:29:36.728	Custom indicator Trend GBPUSD,H1: removed
2	17:29:36.729	Custom indicator IVT_MACD_ZERO_LAG GBPUSD,H1: removed
2	17:29:36.745	Custom indicator $-ForecastCityIntradayIndicator EURUSD,H1: removed
2	17:29:36.745	Custom indicator Entry EURUSD,H1: removed
2	17:29:36.745	Custom indicator Trend EURUSD,H1: removed
2	17:29:36.746	Custom indicator IVT_MACD_ZERO_LAG EURUSD,H1: removed
2	17:29:36.762	Custom indicator $-ForecastCityIntradayIndicator GBPAUD,H1: removed
2	17:29:36.762	Custom indicator Entry GBPAUD,H1: removed
2	17:29:36.762	Custom indicator Trend GBPAUD,H1: removed
2	17:29:36.763	Custom indicator IVT_MACD_ZERO_LAG GBPAUD,H1: removed
2	17:29:36.779	Custom indicator $-ForecastCityIntradayIndicator EURNZD,H1: removed
2	17:29:36.779	Custom indicator Entry EURNZD,H1: removed
2	17:29:36.779	Custom indicator Trend EURNZD,H1: removed
2	17:29:36.780	Custom indicator IVT_MACD_ZERO_LAG EURNZD,H1: removed
2	17:29:36.795	Custom indicator $-ForecastCityIntradayIndicator USDCAD,H1: removed
2	17:29:36.795	Custom indicator Entry USDCAD,H1: removed
2	17:29:36.795	Custom indicator Trend USDCAD,H1: removed
2	17:29:36.796	Custom indicator IVT_MACD_ZERO_LAG USDCAD,H1: removed
2	17:29:36.812	Custom indicator $-ForecastCityIntradayIndicator GBPJPY,H1: removed
2	17:29:36.812	Custom indicator Entry GBPJPY,H1: removed
2	17:29:36.812	Custom indicator Trend GBPJPY,H1: removed
2	17:29:36.813	Custom indicator IVT_MACD_ZERO_LAG GBPJPY,H1: removed
2	17:29:36.828	Custom indicator $-ForecastCityIntradayIndicator USDJPY,H1: removed
2	17:29:36.829	Custom indicator Entry USDJPY,H1: removed
2	17:29:36.829	Custom indicator Trend USDJPY,H1: removed
2	17:29:36.830	Custom indicator IVT_MACD_ZERO_LAG USDJPY,H1: removed
2	17:29:36.845	Custom indicator $-ForecastCityIntradayIndicator GOLD,H1: removed
2	17:29:36.845	Custom indicator Entry GOLD,H1: removed
2	17:29:36.845	Custom indicator Trend GOLD,H1: removed
2	17:29:36.845	Custom indicator HolyCandleTime GOLD,H1: removed
2	17:29:36.847	Custom indicator IVT_MACD_ZERO_LAG GOLD,H1: removed
2	17:29:36.862	Custom indicator $-ForecastCityIntradayIndicator #BNP,H1: removed
2	17:29:36.862	Custom indicator Entry #BNP,H1: removed
2	17:29:36.862	Custom indicator Trend #BNP,H1: removed
2	17:29:36.864	Custom indicator IVT_MACD_ZERO_LAG #BNP,H1: removed
2	17:29:36.874	Custom indicator ZigZag [DAX30],H1: removed
2	17:29:36.900	Custom indicator Da Vinci AUDJPY,M1: loaded successfully
2	17:29:36.929	Custom indicator Da Vinci AUDNZD,M1: loaded successfully
2	17:29:36.963	Custom indicator Da Vinci AUDUSD,M1: loaded successfully
2	17:29:37.013	Custom indicator Da Vinci AUDCHF,M1: loaded successfully
2	17:29:37.068	Custom indicator Da Vinci CADJPY,M1: loaded successfully
2	17:29:37.115	Custom indicator Da Vinci CADCHF,M1: loaded successfully
2	17:29:37.146	Custom indicator Da Vinci CHFJPY,M1: loaded successfully
2	17:29:37.184	Custom indicator Da Vinci EURUSD,M1: loaded successfully
2	17:29:37.240	Custom indicator Da Vinci EURAUD,M1: loaded successfully
2	17:29:37.285	Custom indicator Da Vinci EURGBP,M1: loaded successfully
2	17:29:37.321	Custom indicator Da Vinci EURCAD,M1: loaded successfully
2	17:29:37.353	Custom indicator Da Vinci EURJPY,M1: loaded successfully
2	17:29:37.387	Custom indicator Da Vinci EURNZD,M1: loaded successfully
2	17:29:37.421	Custom indicator Da Vinci EURCHF,M1: loaded successfully
2	17:29:37.453	Custom indicator Da Vinci GBPUSD,M1: loaded successfully
2	17:29:37.504	Custom indicator Da Vinci GBPAUD,M1: loaded successfully
2	17:29:37.543	Custom indicator Da Vinci GBPCAD,M1: loaded successfully
2	17:29:37.579	Custom indicator Da Vinci GBPJPY,M1: loaded successfully
2	17:29:37.614	Custom indicator Da Vinci GBPNZD,M1: loaded successfully
2	17:29:37.666	Custom indicator Da Vinci GBPCHF,M1: loaded successfully
2	17:29:37.701	Custom indicator Da Vinci NZDCAD,M1: loaded successfully
2	17:29:37.741	Custom indicator Da Vinci NZDJPY,M1: loaded successfully
2	17:29:37.775	Custom indicator Da Vinci NZDUSD,M1: loaded successfully
2	17:29:37.822	Custom indicator Da Vinci NZDCHF,M1: loaded successfully
2	17:29:37.859	Custom indicator Da Vinci USDJPY,M1: loaded successfully
2	17:29:37.908	Custom indicator Da Vinci USDCAD,M1: loaded successfully
2	17:29:37.961	Custom indicator Da Vinci USDCHF,M1: loaded successfully
2	17:29:38.016	Custom indicator Da Vinci AUDCAD,M1: loaded successfully
2	17:29:42.531	Custom indicator Da Vinci AUDCHF,M1: removed
2	17:29:42.546	Custom indicator Da Vinci EURAUD,M1: removed
2	17:29:42.561	Custom indicator Da Vinci GBPUSD,M1: removed
2	17:29:42.576	Custom indicator Da Vinci NZDCAD,M1: removed
2	17:29:42.593	Custom indicator Da Vinci USDCHF,M1: removed
2	17:29:42.611	Custom indicator Da Vinci USDCAD,M1: removed
2	17:29:42.626	Custom indicator Da Vinci GBPCHF,M1: removed
2	17:29:42.640	Custom indicator Da Vinci EURCHF,M1: removed
2	17:29:42.654	Custom indicator Da Vinci AUDUSD,M1: removed
2	17:29:42.666	Custom indicator Da Vinci EURUSD,M1: removed
2	17:29:42.681	Custom indicator Da Vinci EURNZD,M1: removed
2	17:29:42.694	Custom indicator Da Vinci USDJPY,M1: removed
2	17:29:42.707	Custom indicator Da Vinci GBPNZD,M1: removed
2	17:29:42.721	Custom indicator Da Vinci NZDCHF,M1: removed
2	17:29:42.733	Custom indicator Da Vinci EURJPY,M1: removed
2	17:29:42.747	Custom indicator Da Vinci CHFJPY,M1: removed
2	17:29:42.760	Custom indicator Da Vinci AUDNZD,M1: removed
2	17:29:42.774	Custom indicator Da Vinci AUDJPY,M1: removed
2	17:29:42.785	Custom indicator Da Vinci CADCHF,M1: removed
2	17:29:42.796	Custom indicator Da Vinci EURCAD,M1: removed
2	17:29:42.808	Custom indicator Da Vinci GBPJPY,M1: removed
2	17:29:42.820	Custom indicator Da Vinci GBPCAD,M1: removed
2	17:29:42.829	Custom indicator Da Vinci NZDUSD,M1: removed
2	17:29:42.842	Custom indicator Da Vinci NZDJPY,M1: removed
2	17:29:42.854	Custom indicator Da Vinci GBPAUD,M1: removed
2	17:29:42.863	Custom indicator Da Vinci EURGBP,M1: removed
2	17:29:42.876	Custom indicator Da Vinci CADJPY,M1: removed
2	17:29:42.885	Custom indicator Da Vinci AUDCAD,M1: removed
2	17:29:42.925	Custom indicator $-ForecastCityIntradayIndicator EURUSD,H1: loaded successfully
2	17:29:42.990	Custom indicator $-ForecastCityIntradayIndicator GBPUSD,H1: loaded successfully
2	17:29:43.060	Custom indicator $-ForecastCityIntradayIndicator AUDUSD,H1: loaded successfully
2	17:29:43.137	Custom indicator $-ForecastCityIntradayIndicator EURJPY,H1: loaded successfully
2	17:29:43.209	Custom indicator $-ForecastCityIntradayIndicator GBPJPY,H1: loaded successfully
2	17:29:43.283	Custom indicator $-ForecastCityIntradayIndicator NZDUSD,H1: loaded successfully
2	17:29:43.358	Custom indicator $-ForecastCityIntradayIndicator USDCAD,H1: loaded successfully
2	17:29:43.433	Custom indicator $-ForecastCityIntradayIndicator USDJPY,H1: loaded successfully
2	17:29:43.512	Custom indicator $-ForecastCityIntradayIndicator USDCHF,H1: loaded successfully
2	17:30:18.392	Custom indicator $-ForecastCityIntradayIndicator EURUSD,H1: removed
2	17:30:19.818	Custom indicator $-ForecastCityIntradayIndicator GBPUSD,H1: removed
2	17:30:22.678	Custom indicator $-ForecastCityIntradayIndicator AUDUSD,H1: removed
2	17:30:24.336	Custom indicator $-ForecastCityIntradayIndicator EURJPY,H1: removed
2	17:30:25.597	Custom indicator $-ForecastCityIntradayIndicator GBPJPY,H1: removed
2	17:30:26.802	Custom indicator $-ForecastCityIntradayIndicator NZDUSD,H1: removed
2	17:30:28.725	Custom indicator $-ForecastCityIntradayIndicator USDCHF,H1: removed
2	17:30:30.525	Custom indicator $-ForecastCityIntradayIndicator USDJPY,H1: removed
2	17:30:32.392	Custom indicator $-ForecastCityIntradayIndicator USDCAD,H1: removed
0	17:33:02.547	'27123197': login datacenter on AdmiralMarkets-Live
0	17:33:07.674	'27123197': login on AdmiralMarkets-Live through Access Point #6 (ping: 236.60 ms)
0	17:33:16.731	'27123197': login datacenter on AdmiralMarkets-Live through Access Point #6 (ping: 236.60 ms)
0	17:33:19.536	'27123197': previous successful authorization performed from 197.149.36.160
2	17:33:26.634	Custom indicator RSI AUDCHF,H1: loaded successfully
1	17:45:03.039	'27123197': datacenter connecting failed [6]
0	17:45:04.970	'27123197': login on AdmiralMarkets-Live through Access Point #4 (ping: 232.38 ms)
0	17:45:25.610	'27123197': login datacenter on AdmiralMarkets-Live through Access Point #4 (ping: 232.38 ms)
0	17:45:28.739	'27123197': previous successful authorization performed from 197.149.36.160
1	17:45:39.945	MQL5.community: authorization failed
0	17:50:23.831	'27123197': order sell market 0.10 AUDUSD sl: 0.00000 tp: 0.00000
0	17:50:24.360	'27123197': order was opened : #66542303 sell 0.10 AUDUSD at 0.65783 sl: 0.00000 tp: 0.00000
0	17:50:37.510	'27123197': modify order #66542303 sell 0.10 AUDUSD at 0.65783 sl: 0.00000 tp: 0.00000 -> sl: 0.00000 tp: 0.64280
0	17:50:38.223	'27123197': order #66542303 sell 0.10 AUDUSD at 0.65783 was modified -> sl: 0.00000 tp: 0.64280
0	17:50:45.247	'27123197': modify order #66542303 sell 0.10 AUDUSD at 0.65783 sl: 0.00000 tp: 0.64280 -> sl: 0.68476 tp: 0.64280
0	17:50:45.849	'27123197': order #66542303 sell 0.10 AUDUSD at 0.65783 was modified -> sl: 0.68476 tp: 0.64280
0	17:52:59.771	'27123197': modify order #66542303 sell 0.10 AUDUSD at 0.65783 sl: 0.68476 tp: 0.64280 -> sl: 0.68476 tp: 0.65749
0	17:53:00.412	'27123197': order #66542303 sell 0.10 AUDUSD at 0.65783 was modified -> sl: 0.68476 tp: 0.65749
2	17:53:16.803	Custom indicator $-ForecastCityIntradayIndicator AUDUSD,H1: loaded successfully
2	17:53:16.874	Custom indicator Entry AUDUSD,H1: loaded successfully
2	17:53:16.939	Custom indicator Trend AUDUSD,H1: loaded successfully
2	17:53:16.948	Custom indicator IVT_MACD_ZERO_LAG AUDUSD,H1: loaded successfully
1	17:55:14.658	AUDUSD,M1: indicator(s) working too slowly, total calculation time 4015 ms
0	17:55:52.763	'27123197': close order #66542303 sell 0.10 AUDUSD at 0.65783 sl: 0.68476 tp: 0.65749 at price 0.00000
0	17:55:53.203	'27123197': order #66542303 sell 0.10 AUDUSD at 0.65783 sl: 0.68476 tp: 0.65749 closed at price 0.65771
2	18:14:58.382	Custom indicator $-ForecastCityIntradayIndicator AUDUSD,M1: removed
2	18:14:58.382	Custom indicator Entry AUDUSD,M1: removed
2	18:14:58.382	Custom indicator Trend AUDUSD,M1: removed
2	18:14:58.385	Custom indicator IVT_MACD_ZERO_LAG AUDUSD,M1: removed
2	18:14:58.436	Custom indicator RSI AUDCHF,Daily: removed
2	18:14:58.478	Custom indicator $-ForecastCityIntradayIndicator EURUSD,H1: loaded successfully
2	18:14:58.559	Custom indicator Entry EURUSD,H1: loaded successfully
2	18:14:58.637	Custom indicator Trend EURUSD,H1: loaded successfully
2	18:14:58.646	Custom indicator IVT_MACD_ZERO_LAG EURUSD,H1: loaded successfully
2	18:14:58.913	Custom indicator $-ForecastCityIntradayIndicator GBPUSD,H1: loaded successfully
2	18:14:58.990	Custom indicator Entry GBPUSD,H1: loaded successfully
2	18:14:59.067	Custom indicator Trend GBPUSD,H1: loaded successfully
2	18:14:59.076	Custom indicator IVT_MACD_ZERO_LAG GBPUSD,H1: loaded successfully
2	18:14:59.344	Custom indicator $-ForecastCityIntradayIndicator AUDUSD,H1: loaded successfully
2	18:14:59.421	Custom indicator Entry AUDUSD,H1: loaded successfully
2	18:14:59.496	Custom indicator Trend AUDUSD,H1: loaded successfully
2	18:14:59.505	Custom indicator IVT_MACD_ZERO_LAG AUDUSD,H1: loaded successfully
2	18:14:59.774	Custom indicator $-ForecastCityIntradayIndicator EURJPY,H1: loaded successfully
2	18:14:59.849	Custom indicator Entry EURJPY,H1: loaded successfully
2	18:14:59.921	Custom indicator Trend EURJPY,H1: loaded successfully
2	18:14:59.994	Custom indicator #P4L CandleTime EURJPY,H1: loaded successfully
2	18:15:00.004	Custom indicator IVT_MACD_ZERO_LAG EURJPY,H1: loaded successfully
2	18:15:00.295	Custom indicator $-ForecastCityIntradayIndicator GBPJPY,H1: loaded successfully
2	18:15:00.369	Custom indicator Entry GBPJPY,H1: loaded successfully
2	18:15:00.442	Custom indicator Trend GBPJPY,H1: loaded successfully
2	18:15:00.451	Custom indicator IVT_MACD_ZERO_LAG GBPJPY,H1: loaded successfully
2	18:15:00.644	Custom indicator $-ForecastCityIntradayIndicator NZDUSD,H1: loaded successfully
2	18:15:00.717	Custom indicator Entry NZDUSD,H1: loaded successfully
2	18:15:00.789	Custom indicator Trend NZDUSD,H1: loaded successfully
2	18:15:00.797	Custom indicator IVT_MACD_ZERO_LAG NZDUSD,H1: loaded successfully
2	18:15:01.063	Custom indicator $-ForecastCityIntradayIndicator USDCAD,H1: loaded successfully
2	18:15:01.137	Custom indicator Entry USDCAD,H1: loaded successfully
2	18:15:01.210	Custom indicator Trend USDCAD,H1: loaded successfully
2	18:15:01.219	Custom indicator IVT_MACD_ZERO_LAG USDCAD,H1: loaded successfully
2	18:15:01.490	Custom indicator $-ForecastCityIntradayIndicator USDJPY,H1: loaded successfully
2	18:15:01.564	Custom indicator Entry USDJPY,H1: loaded successfully
2	18:15:01.638	Custom indicator Trend USDJPY,H1: loaded successfully
2	18:15:01.647	Custom indicator IVT_MACD_ZERO_LAG USDJPY,H1: loaded successfully
2	18:15:01.931	Custom indicator $-ForecastCityIntradayIndicator USDCHF,H1: loaded successfully
2	18:15:02.004	Custom indicator Entry USDCHF,H1: loaded successfully
2	18:15:02.079	Custom indicator Trend USDCHF,H1: loaded successfully
2	18:15:02.088	Custom indicator IVT_MACD_ZERO_LAG USDCHF,H1: loaded successfully
2	18:15:02.347	Custom indicator $-ForecastCityIntradayIndicator AUDJPY,H1: loaded successfully
2	18:15:02.420	Custom indicator Entry AUDJPY,H1: loaded successfully
2	18:15:02.493	Custom indicator Trend AUDJPY,H1: loaded successfully
2	18:15:02.503	Custom indicator IVT_MACD_ZERO_LAG AUDJPY,H1: loaded successfully
2	18:15:02.793	Custom indicator $-ForecastCityIntradayIndicator GBPJPY,H1: loaded successfully
2	18:15:02.866	Custom indicator Entry GBPJPY,H1: loaded successfully
2	18:15:02.937	Custom indicator Trend GBPJPY,H1: loaded successfully
2	18:15:02.946	Custom indicator IVT_MACD_ZERO_LAG GBPJPY,H1: loaded successfully
2	18:15:03.148	Custom indicator $-ForecastCityIntradayIndicator GOLD,H1: loaded successfully
2	18:15:03.221	Custom indicator Entry GOLD,H1: loaded successfully
2	18:15:03.293	Custom indicator Trend GOLD,H1: loaded successfully
2	18:15:03.365	Custom indicator HolyCandleTime GOLD,H1: loaded successfully
2	18:15:03.374	Custom indicator IVT_MACD_ZERO_LAG GOLD,H1: loaded successfully
2	18:15:03.643	Custom indicator $-ForecastCityIntradayIndicator USDJPY,H1: loaded successfully
2	18:15:03.718	Custom indicator Entry USDJPY,H1: loaded successfully
2	18:15:03.811	Custom indicator Trend USDJPY,H1: loaded successfully
2	18:15:03.820	Custom indicator IVT_MACD_ZERO_LAG USDJPY,H1: loaded successfully
2	18:15:04.123	Custom indicator ZigZag [DAX30],H1: loaded successfully
2	18:15:04.176	Custom indicator $-ForecastCityIntradayIndicator #BNP,H1: loaded successfully
2	18:15:04.256	Custom indicator Entry #BNP,H1: loaded successfully
2	18:15:04.331	Custom indicator Trend #BNP,H1: loaded successfully
2	18:15:04.340	Custom indicator IVT_MACD_ZERO_LAG #BNP,H1: loaded successfully
2	18:15:04.565	Custom indicator $-ForecastCityIntradayIndicator USDCAD,H1: loaded successfully
2	18:15:04.642	Custom indicator Entry USDCAD,H1: loaded successfully
2	18:15:04.717	Custom indicator Trend USDCAD,H1: loaded successfully
2	18:15:04.727	Custom indicator IVT_MACD_ZERO_LAG USDCAD,H1: loaded successfully
2	18:15:05.013	Custom indicator $-ForecastCityIntradayIndicator GBPAUD,H1: loaded successfully
2	18:15:05.092	Custom indicator Entry GBPAUD,H1: loaded successfully
2	18:15:05.171	Custom indicator Trend GBPAUD,H1: loaded successfully
2	18:15:05.181	Custom indicator IVT_MACD_ZERO_LAG GBPAUD,H1: loaded successfully
2	18:15:05.525	Custom indicator $-ForecastCityIntradayIndicator EURNZD,H1: loaded successfully
2	18:15:05.601	Custom indicator Entry EURNZD,H1: loaded successfully
2	18:15:05.677	Custom indicator Trend EURNZD,H1: loaded successfully
2	18:15:05.686	Custom indicator IVT_MACD_ZERO_LAG EURNZD,H1: loaded successfully
2	18:42:18.595	Custom indicator ZigZag BTCUSD,H1: loaded successfully
2	18:55:16.415	Expert ForexSignals-NakedTrading-v1.3 AUDCAD,Daily: loaded successfully
2	18:56:50.147	Expert ForexSignals-NakedTrading-v1.3 USDJPY,H1: loaded successfully
2	19:26:44.040	Custom indicator $-ForecastCityIntradayIndicator GBPAUD,H1: removed
2	19:26:44.041	Custom indicator Entry GBPAUD,H1: removed
2	19:26:44.041	Custom indicator Trend GBPAUD,H1: removed
2	19:26:44.044	Custom indicator IVT_MACD_ZERO_LAG GBPAUD,H1: removed
2	19:26:44.060	Custom indicator ZigZag GBPAUD,H1: loaded successfully
2	20:01:30.708	Custom indicator ZigZag BTCUSD,H1: removed
2	20:01:56.510	Custom indicator $-ForecastCityIntradayIndicator AUDCHF,H1: loaded successfully
2	20:01:56.590	Custom indicator Entry AUDCHF,H1: loaded successfully
2	20:01:56.664	Custom indicator Trend AUDCHF,H1: loaded successfully
2	20:01:56.676	Custom indicator IVT_MACD_ZERO_LAG AUDCHF,H1: loaded successfully
2	22:05:43.111	Custom indicator ZigZag GBPAUD,H1: removed
2	22:05:43.135	Custom indicator $-ForecastCityIntradayIndicator GBPAUD,H1: loaded successfully
2	22:05:43.205	Custom indicator Entry GBPAUD,H1: loaded successfully
2	22:05:43.271	Custom indicator Trend GBPAUD,H1: loaded successfully
2	22:05:43.284	Custom indicator IVT_MACD_ZERO_LAG GBPAUD,H1: loaded successfully
2	22:08:28.005	Custom indicator $-ForecastCityIntradayIndicator GBPAUD,H1: removed
2	22:08:28.005	Custom indicator Entry GBPAUD,H1: removed
2	22:08:28.005	Custom indicator Trend GBPAUD,H1: removed
2	22:08:28.010	Custom indicator IVT_MACD_ZERO_LAG GBPAUD,H1: removed
2	22:08:28.020	Custom indicator HeikenAshi_DM GBPAUD,H1: loaded successfully
2	22:08:28.030	Custom indicator DM_DSR GBPAUD,H1: loaded successfully
2	22:08:28.041	Custom indicator LJ_SIG GBPAUD,H1: loaded successfully
2	22:08:28.052	Custom indicator #MarketPrice _v1_4 GBPAUD,H1: loaded successfully
2	22:08:28.062	Custom indicator ABT 5M 15M\CandleCountdown GBPAUD,H1: loaded successfully
2	22:08:28.071	Custom indicator LJ_SYNERGY_ID GBPAUD,H1: loaded successfully
2	22:08:28.083	Custom indicator Traders Dynamic Index VISUAL ALERTS GBPAUD,H1: loaded successfully
2	22:08:28.091	Custom indicator DM_Volatility GBPAUD,H1: loaded successfully
2	22:08:28.099	Custom indicator DM_RangeFactor GBPAUD,H1: loaded successfully
2	22:08:28.110	Custom indicator DM_Continuation GBPAUD,H1: loaded successfully
2	22:08:28.118	Custom indicator Status Monitor V1.2 GBPAUD,H1: loaded successfully
1	23:25:08.899	'27123197': ping failed
0	23:25:09.329	'27123197': login datacenter on AdmiralMarkets-Live
0	23:25:10.480	'27123197': login on AdmiralMarkets-Live through Access Point #1 (ping: 262.49 ms)
0	23:25:12.620	'27123197': login datacenter on AdmiralMarkets-Live through Access Point #1 (ping: 262.49 ms)
0	23:25:13.229	'27123197': previous successful authorization performed from 197.149.36.160
0	23:25:27.843	'27123197': auto connecting to a better access point Access Point #6 (ping is 209.75 ms)
0	23:25:28.688	'27123197': login on AdmiralMarkets-Live through Access Point #6 (ping: 209.75 ms)
0	23:25:30.539	'27123197': login datacenter on AdmiralMarkets-Live through Access Point #6 (ping: 209.75 ms)
0	23:25:31.524	'27123197': previous successful authorization performed from 197.149.36.160
2	23:59:23.923	Custom indicator $-ForecastCityIntradayIndicator EURUSD,H1: removed
2	23:59:23.925	Custom indicator Entry EURUSD,H1: removed
2	23:59:23.925	Custom indicator Trend EURUSD,H1: removed
2	23:59:23.928	Custom indicator IVT_MACD_ZERO_LAG EURUSD,H1: removed
2	23:59:23.946	Custom indicator $-ForecastCityIntradayIndicator EURUSD,H1: loaded successfully
2	23:59:24.014	Custom indicator Entry EURUSD,H1: loaded successfully
2	23:59:24.094	Custom indicator Trend EURUSD,H1: loaded successfully
2	23:59:24.104	Custom indicator IVT_MACD_ZERO_LAG EURUSD,H1: loaded successfully
2	23:59:59.691	Custom indicator $-ForecastCityIntradayIndicator GBPUSD,H1: removed
2	23:59:59.691	Custom indicator Entry GBPUSD,H1: removed
2	23:59:59.692	Custom indicator Trend GBPUSD,H1: removed
2	23:59:59.693	Custom indicator IVT_MACD_ZERO_LAG GBPUSD,H1: removed
2	23:59:59.706	Custom indicator $-ForecastCityIntradayIndicator GBPUSD,H1: loaded successfully
2	23:59:59.774	Custom indicator Entry GBPUSD,H1: loaded successfully
2	23:59:59.838	Custom indicator Trend GBPUSD,H1: loaded successfully
2	23:59:59.849	Custom indicator IVT_MACD_ZERO_LAG GBPUSD,H1: loaded successfully
