0	06:22:07.840	Admiral Markets build 1280 started (Admiral Markets Group AS)
0	06:22:07.840	Windows 10 Pro x64, IE 11, UAC, 8 x Intel Core i7-10510U  @ 1.80GHz, Memory: 1377 / 8014 Mb, Disk: 8 / 237 Gb, GMT+3
0	06:22:07.840	Data Folder: C:\Users\SRIE\AppData\Roaming\MetaQuotes\Terminal\51337600F56B69473E15EAFB8A7586B4
2	06:22:13.668	Custom indicator AIMS Levels V2 [DAX30],M1: loaded successfully
2	06:22:13.730	Custom indicator AIMS Entry Alert V1 [DAX30],M1: loaded successfully
2	06:22:13.736	Custom indicator CandleTimer [DAX30],M1: loaded successfully
2	06:22:13.800	Custom indicator #Signal_Bars_v6 [DAX30],M1: loaded successfully
2	06:22:13.809	Custom indicator TrendEnvelopes_v1 [DAX30],M1: loaded successfully
2	06:22:13.821	Custom indicator guppy_multiple_moving_averages [DAX30],M1: loaded successfully
2	06:22:13.829	Custom indicator wedges [DAX30],M1: loaded successfully
2	06:22:13.836	Custom indicator Admiral Pivot [DAX30],M1: loaded successfully
2	06:22:13.843	Custom indicator AutoTrendChannel [DAX30],M1: loaded successfully
2	06:22:13.906	Custom indicator AIMS AO V.2.1 [DAX30],M1: loaded successfully
2	06:22:13.913	Custom indicator IVT_MACD_ZERO_LAG [DAX30],M1: loaded successfully
2	06:22:13.921	Custom indicator RSI Divergence Levels [DAX30],M1: loaded successfully
2	06:22:13.929	Custom indicator JoeChalhoub_FXForecasterV1 [DAX30],M1: loaded successfully
2	06:22:14.958	Custom indicator AIMS Levels V2 [DJI30],M1: loaded successfully
2	06:22:15.020	Custom indicator AIMS Entry Alert V1 [DJI30],M1: loaded successfully
2	06:22:15.026	Custom indicator CandleTimer [DJI30],M1: loaded successfully
2	06:22:15.084	Custom indicator #Signal_Bars_v6 [DJI30],M1: loaded successfully
2	06:22:15.091	Custom indicator TrendEnvelopes_v1 [DJI30],M1: loaded successfully
2	06:22:15.098	Custom indicator guppy_multiple_moving_averages [DJI30],M1: loaded successfully
2	06:22:15.105	Custom indicator wedges [DJI30],M1: loaded successfully
2	06:22:15.112	Custom indicator Admiral Pivot [DJI30],M1: loaded successfully
2	06:22:15.119	Custom indicator AutoTrendChannel [DJI30],M1: loaded successfully
2	06:22:15.182	Custom indicator AIMS AO V.2.1 [DJI30],M1: loaded successfully
2	06:22:15.189	Custom indicator IVT_MACD_ZERO_LAG [DJI30],M1: loaded successfully
2	06:22:15.196	Custom indicator RSI Divergence Levels [DJI30],M1: loaded successfully
2	06:22:15.204	Custom indicator JoeChalhoub_FXForecasterV1 [DJI30],M1: loaded successfully
2	06:22:16.138	Custom indicator AIMS Levels V2 [DAX30],H4: loaded successfully
2	06:22:16.199	Custom indicator AIMS Entry Alert V1 [DAX30],H4: loaded successfully
2	06:22:16.206	Custom indicator CandleTimer [DAX30],H4: loaded successfully
2	06:22:16.268	Custom indicator #Signal_Bars_v6 [DAX30],H4: loaded successfully
2	06:22:16.275	Custom indicator TrendEnvelopes_v1 [DAX30],H4: loaded successfully
2	06:22:16.282	Custom indicator guppy_multiple_moving_averages [DAX30],H4: loaded successfully
2	06:22:16.289	Custom indicator wedges [DAX30],H4: loaded successfully
2	06:22:16.351	Custom indicator AIMS AO V.2.1 [DAX30],H4: loaded successfully
2	06:22:16.359	Custom indicator IVT_MACD_ZERO_LAG [DAX30],H4: loaded successfully
2	06:22:16.366	Custom indicator RSI Divergence Levels [DAX30],H4: loaded successfully
2	06:22:16.374	Custom indicator JoeChalhoub_FXForecasterV1 [DAX30],H4: loaded successfully
2	06:22:16.600	Custom indicator AIMS Levels V2 [DJI30],M5: loaded successfully
2	06:22:16.666	Custom indicator AIMS Entry Alert V1 [DJI30],M5: loaded successfully
2	06:22:16.673	Custom indicator CandleTimer [DJI30],M5: loaded successfully
2	06:22:16.740	Custom indicator #Signal_Bars_v6 [DJI30],M5: loaded successfully
2	06:22:16.748	Custom indicator TrendEnvelopes_v1 [DJI30],M5: loaded successfully
2	06:22:16.755	Custom indicator guppy_multiple_moving_averages [DJI30],M5: loaded successfully
2	06:22:16.763	Custom indicator wedges [DJI30],M5: loaded successfully
2	06:22:16.834	Custom indicator AIMS AO V.2.1 [DJI30],M5: loaded successfully
2	06:22:16.842	Custom indicator IVT_MACD_ZERO_LAG [DJI30],M5: loaded successfully
2	06:22:16.851	Custom indicator RSI Divergence Levels [DJI30],M5: loaded successfully
2	06:22:16.860	Custom indicator JoeChalhoub_FXForecasterV1 [DJI30],M5: loaded successfully
2	06:22:17.463	Custom indicator AIMS Levels V2 USDJPY,M1: loaded successfully
2	06:22:17.538	Custom indicator AIMS Entry Alert V1 USDJPY,M1: loaded successfully
2	06:22:17.545	Custom indicator CandleTimer USDJPY,M1: loaded successfully
2	06:22:17.620	Custom indicator #Signal_Bars_v6 USDJPY,M1: loaded successfully
2	06:22:17.628	Custom indicator TrendEnvelopes_v1 USDJPY,M1: loaded successfully
2	06:22:17.636	Custom indicator guppy_multiple_moving_averages USDJPY,M1: loaded successfully
2	06:22:17.644	Custom indicator wedges USDJPY,M1: loaded successfully
2	06:22:17.716	Custom indicator AIMS AO V.2.1 USDJPY,M1: loaded successfully
2	06:22:17.724	Custom indicator IVT_MACD_ZERO_LAG USDJPY,M1: loaded successfully
2	06:22:17.733	Custom indicator RSI Divergence Levels USDJPY,M1: loaded successfully
2	06:22:17.742	Custom indicator JoeChalhoub_FXForecasterV1 USDJPY,M1: loaded successfully
2	06:22:18.767	Custom indicator Arrow Trend Surfer GBPJPY,Daily: loaded successfully
2	06:22:18.777	Custom indicator FlexNewsIndicator GBPJPY,Daily: loaded successfully
2	06:22:20.139	Custom indicator AIMS Levels V2 GOLD,M1: loaded successfully
2	06:22:20.201	Custom indicator AIMS Entry Alert V1 GOLD,M1: loaded successfully
2	06:22:20.207	Custom indicator CandleTimer GOLD,M1: loaded successfully
2	06:22:20.272	Custom indicator #Signal_Bars_v6 GOLD,M1: loaded successfully
2	06:22:20.279	Custom indicator TrendEnvelopes_v1 GOLD,M1: loaded successfully
2	06:22:20.286	Custom indicator guppy_multiple_moving_averages GOLD,M1: loaded successfully
2	06:22:20.292	Custom indicator wedges GOLD,M1: loaded successfully
2	06:22:20.299	Custom indicator Admiral Pivot GOLD,M1: loaded successfully
2	06:22:20.306	Custom indicator AutoTrendChannel GOLD,M1: loaded successfully
2	06:22:20.370	Custom indicator AIMS AO V.2.1 GOLD,M1: loaded successfully
2	06:22:20.377	Custom indicator IVT_MACD_ZERO_LAG GOLD,M1: loaded successfully
2	06:22:20.385	Custom indicator RSI Divergence Levels GOLD,M1: loaded successfully
2	06:22:20.393	Custom indicator JoeChalhoub_FXForecasterV1 GOLD,M1: loaded successfully
2	06:22:21.343	Custom indicator AIMS Levels V2 [NQ100],M1: loaded successfully
2	06:22:21.416	Custom indicator AIMS Entry Alert V1 [NQ100],M1: loaded successfully
2	06:22:21.423	Custom indicator CandleTimer [NQ100],M1: loaded successfully
2	06:22:21.494	Custom indicator #Signal_Bars_v6 [NQ100],M1: loaded successfully
2	06:22:21.502	Custom indicator TrendEnvelopes_v1 [NQ100],M1: loaded successfully
2	06:22:21.509	Custom indicator guppy_multiple_moving_averages [NQ100],M1: loaded successfully
2	06:22:21.519	Custom indicator wedges [NQ100],M1: loaded successfully
2	06:22:21.528	Custom indicator Admiral Pivot [NQ100],M1: loaded successfully
2	06:22:21.536	Custom indicator AutoTrendChannel [NQ100],M1: loaded successfully
2	06:22:21.610	Custom indicator AIMS AO V.2.1 [NQ100],M1: loaded successfully
2	06:22:21.619	Custom indicator IVT_MACD_ZERO_LAG [NQ100],M1: loaded successfully
2	06:22:21.627	Custom indicator RSI Divergence Levels [NQ100],M1: loaded successfully
2	06:22:21.636	Custom indicator JoeChalhoub_FXForecasterV1 [NQ100],M1: loaded successfully
0	06:22:24.945	'27133394': login on AdmiralMarkets-Live through Access Point #6 (ping: 219.40 ms)
0	06:22:26.847	Notifications: 'Classical RSI bullish divergence on:  GOLD' sent to 'A37163A9'
0	06:22:36.696	'27133394': login datacenter on AdmiralMarkets-Live through Access Point #6 (ping: 219.40 ms)
0	06:22:37.298	'27133394': previous successful authorization performed from 154.126.10.132
0	06:23:07.902	'27133394': auto connecting to a better access point Access Point #5 (ping is 243.19 ms)
0	06:23:08.736	'27133394': login on AdmiralMarkets-Live through Access Point #5 (ping: 243.19 ms)
0	06:23:18.286	'27133394': login datacenter on AdmiralMarkets-Live through Access Point #5 (ping: 243.19 ms)
0	06:23:19.686	'27133394': previous successful authorization performed from 197.149.22.25
2	06:26:07.607	Custom indicator AIMS Levels V2 GOLD,H1: loaded successfully
2	06:26:07.669	Custom indicator AIMS Entry Alert V1 GOLD,H1: loaded successfully
2	06:26:07.675	Custom indicator CandleTimer GOLD,H1: loaded successfully
2	06:26:07.735	Custom indicator #Signal_Bars_v6 GOLD,H1: loaded successfully
2	06:26:07.742	Custom indicator TrendEnvelopes_v1 GOLD,H1: loaded successfully
2	06:26:07.749	Custom indicator guppy_multiple_moving_averages GOLD,H1: loaded successfully
2	06:26:07.756	Custom indicator wedges GOLD,H1: loaded successfully
2	06:26:07.764	Custom indicator Admiral Pivot GOLD,H1: loaded successfully
2	06:26:07.771	Custom indicator AutoTrendChannel GOLD,H1: loaded successfully
2	06:26:07.837	Custom indicator AIMS AO V.2.1 GOLD,H1: loaded successfully
2	06:26:07.844	Custom indicator IVT_MACD_ZERO_LAG GOLD,H1: loaded successfully
2	06:26:07.852	Custom indicator RSI Divergence Levels GOLD,H1: loaded successfully
2	06:26:07.861	Custom indicator JoeChalhoub_FXForecasterV1 GOLD,H1: loaded successfully
0	06:28:08.461	Notifications: 'Classical RSI bullish divergence on:  GOLD' sent to 'A37163A9'
1	06:34:06.866	'23929927': connect failed [Compte invalide]
2	06:34:49.393	Custom indicator AIMS Levels V2 USDCHF,H1: loaded successfully
2	06:34:49.454	Custom indicator AIMS Entry Alert V1 USDCHF,H1: loaded successfully
2	06:34:49.461	Custom indicator CandleTimer USDCHF,H1: loaded successfully
2	06:34:49.522	Custom indicator #Signal_Bars_v6 USDCHF,H1: loaded successfully
2	06:34:49.529	Custom indicator TrendEnvelopes_v1 USDCHF,H1: loaded successfully
2	06:34:49.536	Custom indicator guppy_multiple_moving_averages USDCHF,H1: loaded successfully
2	06:34:49.543	Custom indicator wedges USDCHF,H1: loaded successfully
2	06:34:49.550	Custom indicator Admiral Pivot USDCHF,H1: loaded successfully
2	06:34:49.557	Custom indicator AutoTrendChannel USDCHF,H1: loaded successfully
2	06:34:49.621	Custom indicator AIMS AO V.2.1 USDCHF,H1: loaded successfully
2	06:34:49.628	Custom indicator IVT_MACD_ZERO_LAG USDCHF,H1: loaded successfully
2	06:34:49.636	Custom indicator RSI Divergence Levels USDCHF,H1: loaded successfully
2	06:34:49.645	Custom indicator JoeChalhoub_FXForecasterV1 USDCHF,H1: loaded successfully
0	06:35:18.214	'27133394': login on AdmiralMarkets-Live through Access Point #5 (ping: 243.19 ms)
0	06:35:25.594	'27133394': login datacenter on AdmiralMarkets-Live through Access Point #5 (ping: 243.19 ms)
0	06:35:30.952	'27133394': previous successful authorization performed from 154.126.9.71
0	06:35:36.678	Notifications: 'Classical RSI bullish divergence on:  [NQ100]' sent to 'A37163A9'
0	06:35:36.682	'27133394': order sell market 0.10 [DAX30] sl: 0.00 tp: 0.00
0	06:35:37.229	'27133394': order was opened : #72259348 sell 0.10 [DAX30] at 12772.54 sl: 0.00 tp: 0.00
0	06:35:40.276	Notifications: 'order opened #72259348 sell 0.10 [DAX30] at 12772.54' sent to 'A37163A9'
2	06:39:11.781	Custom indicator AIMS Levels V2 GBPUSD,H1: loaded successfully
2	06:39:11.850	Custom indicator AIMS Entry Alert V1 GBPUSD,H1: loaded successfully
2	06:39:11.856	Custom indicator CandleTimer GBPUSD,H1: loaded successfully
2	06:39:11.919	Custom indicator #Signal_Bars_v6 GBPUSD,H1: loaded successfully
2	06:39:11.926	Custom indicator TrendEnvelopes_v1 GBPUSD,H1: loaded successfully
2	06:39:11.933	Custom indicator guppy_multiple_moving_averages GBPUSD,H1: loaded successfully
2	06:39:11.940	Custom indicator wedges GBPUSD,H1: loaded successfully
2	06:39:11.947	Custom indicator Admiral Pivot GBPUSD,H1: loaded successfully
2	06:39:11.954	Custom indicator AutoTrendChannel GBPUSD,H1: loaded successfully
2	06:39:12.014	Custom indicator AIMS AO V.2.1 GBPUSD,H1: loaded successfully
2	06:39:12.022	Custom indicator IVT_MACD_ZERO_LAG GBPUSD,H1: loaded successfully
2	06:39:12.030	Custom indicator RSI Divergence Levels GBPUSD,H1: loaded successfully
2	06:39:12.038	Custom indicator JoeChalhoub_FXForecasterV1 GBPUSD,H1: loaded successfully
2	06:47:11.915	Custom indicator AIMS Levels V2 EURUSD,H1: loaded successfully
2	06:47:11.981	Custom indicator AIMS Entry Alert V1 EURUSD,H1: loaded successfully
2	06:47:11.986	Custom indicator CandleTimer EURUSD,H1: loaded successfully
2	06:47:12.048	Custom indicator #Signal_Bars_v6 EURUSD,H1: loaded successfully
2	06:47:12.055	Custom indicator TrendEnvelopes_v1 EURUSD,H1: loaded successfully
2	06:47:12.062	Custom indicator guppy_multiple_moving_averages EURUSD,H1: loaded successfully
2	06:47:12.070	Custom indicator wedges EURUSD,H1: loaded successfully
2	06:47:12.077	Custom indicator Admiral Pivot EURUSD,H1: loaded successfully
2	06:47:12.083	Custom indicator AutoTrendChannel EURUSD,H1: loaded successfully
2	06:47:12.144	Custom indicator AIMS AO V.2.1 EURUSD,H1: loaded successfully
2	06:47:12.151	Custom indicator IVT_MACD_ZERO_LAG EURUSD,H1: loaded successfully
2	06:47:12.158	Custom indicator RSI Divergence Levels EURUSD,H1: loaded successfully
2	06:47:12.166	Custom indicator JoeChalhoub_FXForecasterV1 EURUSD,H1: loaded successfully
2	06:54:48.969	Expert Admiral - Mini Terminal EURUSD,H4: loaded successfully
0	06:56:00.859	Notifications: 'Classical RSI bullish divergence on:  [NQ100]' sent to 'A37163A9'
2	06:57:54.252	Custom indicator AIMS Levels V2 GBPUSD,H1: loaded successfully
2	06:57:54.317	Custom indicator AIMS Entry Alert V1 GBPUSD,H1: loaded successfully
2	06:57:54.324	Custom indicator CandleTimer GBPUSD,H1: loaded successfully
2	06:57:54.389	Custom indicator #Signal_Bars_v6 GBPUSD,H1: loaded successfully
2	06:57:54.434	Custom indicator TrendEnvelopes_v1 GBPUSD,H1: loaded successfully
2	06:57:54.441	Custom indicator guppy_multiple_moving_averages GBPUSD,H1: loaded successfully
2	06:57:54.449	Custom indicator wedges GBPUSD,H1: loaded successfully
2	06:57:54.458	Custom indicator Admiral Pivot GBPUSD,H1: loaded successfully
2	06:57:54.466	Custom indicator AutoTrendChannel GBPUSD,H1: loaded successfully
2	06:57:54.530	Custom indicator AIMS AO V.2.1 GBPUSD,H1: loaded successfully
2	06:57:54.538	Custom indicator IVT_MACD_ZERO_LAG GBPUSD,H1: loaded successfully
2	06:57:54.546	Custom indicator RSI Divergence Levels GBPUSD,H1: loaded successfully
2	06:57:54.556	Custom indicator JoeChalhoub_FXForecasterV1 GBPUSD,H1: loaded successfully
2	07:10:40.301	Custom indicator AIMS Levels V2 NZDCAD,H1: loaded successfully
2	07:10:40.365	Custom indicator AIMS Entry Alert V1 NZDCAD,H1: loaded successfully
2	07:10:40.371	Custom indicator CandleTimer NZDCAD,H1: loaded successfully
2	07:10:40.433	Custom indicator #Signal_Bars_v6 NZDCAD,H1: loaded successfully
2	07:10:40.441	Custom indicator TrendEnvelopes_v1 NZDCAD,H1: loaded successfully
2	07:10:40.448	Custom indicator guppy_multiple_moving_averages NZDCAD,H1: loaded successfully
2	07:10:40.455	Custom indicator wedges NZDCAD,H1: loaded successfully
2	07:10:40.462	Custom indicator Admiral Pivot NZDCAD,H1: loaded successfully
2	07:10:40.469	Custom indicator AutoTrendChannel NZDCAD,H1: loaded successfully
2	07:10:40.534	Custom indicator AIMS AO V.2.1 NZDCAD,H1: loaded successfully
2	07:10:40.541	Custom indicator IVT_MACD_ZERO_LAG NZDCAD,H1: loaded successfully
2	07:10:40.549	Custom indicator RSI Divergence Levels NZDCAD,H1: loaded successfully
2	07:10:40.557	Custom indicator JoeChalhoub_FXForecasterV1 NZDCAD,H1: loaded successfully
0	07:46:59.252	Notifications: 'Classical RSI bearish divergence on:  [NQ100]' sent to 'A37163A9'
0	08:37:08.315	Notifications: 'Classical RSI bearish divergence on:  [DAX30]' sent to 'A37163A9'
0	09:00:03.010	Notifications: 'margin call reached ml 99.78%, equity: 2.99 USD, margin: 3.00 USD, profit: -3.15 USD' sent to 'A37163A9'
0	09:10:59.152	Notifications: 'Classical RSI bullish divergence on:  [DJI30]' sent to 'A37163A9'
0	09:14:01.913	Notifications: 'Classical RSI bullish divergence on:  [DJI30]' sent to 'A37163A9'
0	10:02:12.538	Notifications: 'order #72259348 sell 0.10 [DAX30] at 12772.54 closed at price 12818.26, so: 25.0%/0.8/3.0, profit: -5.36 USD' sent to 'A37163A9'
2	10:17:47.852	Custom indicator AIMS Levels V2 EURJPY,H1: loaded successfully
2	10:17:48.011	Custom indicator AIMS Entry Alert V1 EURJPY,H1: loaded successfully
2	10:17:48.052	Custom indicator CandleTimer EURJPY,H1: loaded successfully
2	10:17:48.234	Custom indicator #Signal_Bars_v6 EURJPY,H1: loaded successfully
2	10:17:48.335	Custom indicator TrendEnvelopes_v1 EURJPY,H1: loaded successfully
2	10:17:48.372	Custom indicator guppy_multiple_moving_averages EURJPY,H1: loaded successfully
2	10:17:48.423	Custom indicator wedges EURJPY,H1: loaded successfully
2	10:17:48.542	Custom indicator Admiral Pivot EURJPY,H1: loaded successfully
2	10:17:48.610	Custom indicator AutoTrendChannel EURJPY,H1: loaded successfully
2	10:17:48.699	Custom indicator AIMS AO V.2.1 EURJPY,H1: loaded successfully
2	10:17:48.731	Custom indicator IVT_MACD_ZERO_LAG EURJPY,H1: loaded successfully
2	10:17:48.779	Custom indicator RSI Divergence Levels EURJPY,H1: loaded successfully
2	10:17:48.818	Custom indicator JoeChalhoub_FXForecasterV1 EURJPY,H1: loaded successfully
1	10:31:28.816	'27133394': datacenter connecting failed [6]
0	10:31:30.442	'27133394': login on AdmiralMarkets-Live through Access Point #3 (ping: 269.37 ms)
0	10:32:31.219	'27133394': login datacenter on AdmiralMarkets-Live
0	10:32:38.912	'27133394': login on AdmiralMarkets-Live through Access Point #6 (ping: 273.44 ms)
0	10:33:03.786	'27133394': ping to current access point Access Point #6 is 222.88 ms
0	10:33:25.371	'27133394': login datacenter on AdmiralMarkets-Live through Access Point #6 (ping: 222.88 ms)
0	10:33:27.335	'27133394': previous successful authorization performed from 197.149.22.25
0	10:34:33.257	'27133394': login datacenter on AdmiralMarkets-Live
0	10:34:34.680	'27133394': login on AdmiralMarkets-Live through Access Point #5 (ping: 219.85 ms)
0	10:35:35.246	'27133394': login datacenter on AdmiralMarkets-Live
0	10:35:44.909	'27133394': login on AdmiralMarkets-Live through Access Point #4 (ping: 210.70 ms)
0	10:36:07.232	'27133394': ping to current access point Access Point #4 is 203.03 ms
0	10:36:46.209	'27133394': login datacenter on AdmiralMarkets-Live
0	10:36:48.984	Notifications: 'Classical RSI bullish divergence on:  [DJI30]' sent to 'A37163A9'
0	10:36:55.830	'27133394': login on AdmiralMarkets-Live through Access Point #5 (ping: 207.19 ms)
0	10:37:11.456	'27133394': login datacenter on AdmiralMarkets-Live through Access Point #5 (ping: 207.19 ms)
0	10:37:12.898	'27133394': previous successful authorization performed from 197.149.22.25
0	10:47:01.355	Notifications: '#72270925 deposit 0.15 USD, Bonus: AM.Cashback' sent to 'A37163A9'
1	10:48:16.779	'27133394': datacenter connecting failed [6]
0	10:48:17.776	'27133394': login on AdmiralMarkets-Live through Access Point #6 (ping: 218.01 ms)
0	10:49:19.410	'27133394': login datacenter on AdmiralMarkets-Live
0	10:49:28.909	'27133394': login on AdmiralMarkets-Live through Access Point #3 (ping: 252.90 ms)
0	10:50:08.175	'27133394': login datacenter on AdmiralMarkets-Live through Access Point #3 (ping: 252.90 ms)
0	10:50:08.777	'27133394': previous successful authorization performed from 197.149.22.25
0	11:12:59.248	Notifications: 'Classical RSI bearish divergence on:  EURJPY' sent to 'A37163A9'
1	11:56:13.565	'27133394': ping failed
1	11:56:13.793	'27133394': connect failed [Connection échouée]
0	11:56:24.607	'27133394': login on AdmiralMarkets-Live through Access Point #8 (ping: n/a)
0	11:56:29.492	'27133394': login datacenter on AdmiralMarkets-Live through Access Point #8 (ping: n/a)
0	11:56:31.000	'27133394': previous successful authorization performed from 154.126.9.252
0	15:13:05.544	'27133394': auto connecting to a better access point Access Point #5 (ping is 207.77 ms)
1	15:13:05.560	'27133394': ping failed
1	15:13:07.229	'27133394': connect failed [Connection échouée]
0	15:16:35.478	'27133394': login on AdmiralMarkets-Live through Access Point #5 (ping: 207.77 ms)
0	15:16:39.815	'27133394': login datacenter on AdmiralMarkets-Live through Access Point #5 (ping: 207.77 ms)
0	15:16:40.914	'27133394': previous successful authorization performed from 197.149.22.25
2	15:17:01.408	Custom indicator AIMS Levels V2 [DAX30],M15: removed
2	15:17:01.409	Custom indicator AIMS Entry Alert V1 [DAX30],M15: removed
2	15:17:01.426	Custom indicator CandleTimer [DAX30],M15: removed
2	15:17:01.427	Custom indicator #Signal_Bars_v6 [DAX30],M15: removed
2	15:17:01.430	Custom indicator TrendEnvelopes_v1 [DAX30],M15: removed
2	15:17:01.434	Custom indicator guppy_multiple_moving_averages [DAX30],M15: removed
2	15:17:01.439	Custom indicator wedges [DAX30],M15: removed
2	15:17:01.443	Custom indicator Admiral Pivot [DAX30],M15: removed
2	15:17:01.446	Custom indicator AutoTrendChannel [DAX30],M15: removed
2	15:17:01.446	Custom indicator AIMS AO V.2.1 [DAX30],M15: removed
2	15:17:01.449	Custom indicator IVT_MACD_ZERO_LAG [DAX30],M15: removed
2	15:17:01.454	Custom indicator RSI Divergence Levels [DAX30],M15: removed
2	15:17:01.458	Custom indicator JoeChalhoub_FXForecasterV1 [DAX30],M15: removed
2	15:17:01.503	Custom indicator AIMS Levels V2 [DJI30],M1: removed
2	15:17:01.504	Custom indicator AIMS Entry Alert V1 [DJI30],M1: removed
2	15:17:01.568	Custom indicator CandleTimer [DJI30],M1: removed
2	15:17:01.568	Custom indicator #Signal_Bars_v6 [DJI30],M1: removed
2	15:17:01.571	Custom indicator TrendEnvelopes_v1 [DJI30],M1: removed
2	15:17:01.574	Custom indicator guppy_multiple_moving_averages [DJI30],M1: removed
2	15:17:01.577	Custom indicator wedges [DJI30],M1: removed
2	15:17:01.581	Custom indicator Admiral Pivot [DJI30],M1: removed
2	15:17:01.585	Custom indicator AutoTrendChannel [DJI30],M1: removed
2	15:17:01.585	Custom indicator AIMS AO V.2.1 [DJI30],M1: removed
2	15:17:01.589	Custom indicator IVT_MACD_ZERO_LAG [DJI30],M1: removed
2	15:17:01.593	Custom indicator RSI Divergence Levels [DJI30],M1: removed
2	15:17:01.599	Custom indicator JoeChalhoub_FXForecasterV1 [DJI30],M1: removed
2	15:17:01.620	Custom indicator AIMS Levels V2 [DAX30],H4: removed
2	15:17:01.620	Custom indicator AIMS Entry Alert V1 [DAX30],H4: removed
2	15:17:01.623	Custom indicator CandleTimer [DAX30],H4: removed
2	15:17:01.623	Custom indicator #Signal_Bars_v6 [DAX30],H4: removed
2	15:17:01.625	Custom indicator TrendEnvelopes_v1 [DAX30],H4: removed
2	15:17:01.627	Custom indicator guppy_multiple_moving_averages [DAX30],H4: removed
2	15:17:01.641	Custom indicator wedges [DAX30],H4: removed
2	15:17:01.641	Custom indicator AIMS AO V.2.1 [DAX30],H4: removed
2	15:17:01.644	Custom indicator IVT_MACD_ZERO_LAG [DAX30],H4: removed
2	15:17:01.647	Custom indicator RSI Divergence Levels [DAX30],H4: removed
2	15:17:01.652	Custom indicator JoeChalhoub_FXForecasterV1 [DAX30],H4: removed
2	15:17:01.656	Custom indicator AIMS Levels V2 [DJI30],M5: removed
2	15:17:01.657	Custom indicator AIMS Entry Alert V1 [DJI30],M5: removed
2	15:17:01.659	Custom indicator CandleTimer [DJI30],M5: removed
2	15:17:01.660	Custom indicator #Signal_Bars_v6 [DJI30],M5: removed
2	15:17:01.662	Custom indicator TrendEnvelopes_v1 [DJI30],M5: removed
2	15:17:01.664	Custom indicator guppy_multiple_moving_averages [DJI30],M5: removed
2	15:17:01.696	Custom indicator wedges [DJI30],M5: removed
2	15:17:01.697	Custom indicator AIMS AO V.2.1 [DJI30],M5: removed
2	15:17:01.700	Custom indicator IVT_MACD_ZERO_LAG [DJI30],M5: removed
2	15:17:01.704	Custom indicator RSI Divergence Levels [DJI30],M5: removed
2	15:17:01.708	Custom indicator JoeChalhoub_FXForecasterV1 [DJI30],M5: removed
2	15:17:01.714	Custom indicator AIMS Levels V2 USDJPY,H1: removed
2	15:17:01.715	Custom indicator AIMS Entry Alert V1 USDJPY,H1: removed
2	15:17:01.717	Custom indicator CandleTimer USDJPY,H1: removed
2	15:17:01.717	Custom indicator #Signal_Bars_v6 USDJPY,H1: removed
2	15:17:01.720	Custom indicator TrendEnvelopes_v1 USDJPY,H1: removed
2	15:17:01.722	Custom indicator guppy_multiple_moving_averages USDJPY,H1: removed
2	15:17:01.730	Custom indicator wedges USDJPY,H1: removed
2	15:17:01.731	Custom indicator AIMS AO V.2.1 USDJPY,H1: removed
2	15:17:01.734	Custom indicator IVT_MACD_ZERO_LAG USDJPY,H1: removed
2	15:17:01.736	Custom indicator RSI Divergence Levels USDJPY,H1: removed
2	15:17:01.740	Custom indicator JoeChalhoub_FXForecasterV1 USDJPY,H1: removed
2	15:17:01.758	Custom indicator Arrow Trend Surfer GBPJPY,Daily: removed
2	15:17:01.775	Custom indicator FlexNewsIndicator GBPJPY,Daily: removed
2	15:17:01.816	Custom indicator AIMS Levels V2 GOLD,H1: removed
2	15:17:01.816	Custom indicator AIMS Entry Alert V1 GOLD,H1: removed
2	15:17:01.819	Custom indicator CandleTimer GOLD,H1: removed
2	15:17:01.836	Custom indicator #Signal_Bars_v6 GOLD,H1: removed
2	15:17:01.838	Custom indicator TrendEnvelopes_v1 GOLD,H1: removed
2	15:17:01.841	Custom indicator guppy_multiple_moving_averages GOLD,H1: removed
2	15:17:01.864	Custom indicator wedges GOLD,H1: removed
2	15:17:01.872	Custom indicator Admiral Pivot GOLD,H1: removed
2	15:17:01.877	Custom indicator AutoTrendChannel GOLD,H1: removed
2	15:17:01.877	Custom indicator AIMS AO V.2.1 GOLD,H1: removed
2	15:17:01.908	Custom indicator IVT_MACD_ZERO_LAG GOLD,H1: removed
2	15:17:01.914	Custom indicator RSI Divergence Levels GOLD,H1: removed
2	15:17:01.927	Custom indicator JoeChalhoub_FXForecasterV1 GOLD,H1: removed
2	15:17:01.947	Custom indicator AIMS Levels V2 [NQ100],M1: removed
2	15:17:01.948	Custom indicator AIMS Entry Alert V1 [NQ100],M1: removed
2	15:17:01.952	Custom indicator CandleTimer [NQ100],M1: removed
2	15:17:01.952	Custom indicator #Signal_Bars_v6 [NQ100],M1: removed
2	15:17:01.954	Custom indicator TrendEnvelopes_v1 [NQ100],M1: removed
2	15:17:01.957	Custom indicator guppy_multiple_moving_averages [NQ100],M1: removed
2	15:17:01.966	Custom indicator wedges [NQ100],M1: removed
2	15:17:01.969	Custom indicator Admiral Pivot [NQ100],M1: removed
2	15:17:01.972	Custom indicator AutoTrendChannel [NQ100],M1: removed
2	15:17:01.972	Custom indicator AIMS AO V.2.1 [NQ100],M1: removed
2	15:17:01.975	Custom indicator IVT_MACD_ZERO_LAG [NQ100],M1: removed
2	15:17:01.978	Custom indicator RSI Divergence Levels [NQ100],M1: removed
2	15:17:01.982	Custom indicator JoeChalhoub_FXForecasterV1 [NQ100],M1: removed
2	15:17:01.989	Custom indicator AIMS Levels V2 GOLD,H1: removed
2	15:17:02.001	Custom indicator AIMS Entry Alert V1 GOLD,H1: removed
2	15:17:02.018	Custom indicator CandleTimer GOLD,H1: removed
2	15:17:02.018	Custom indicator #Signal_Bars_v6 GOLD,H1: removed
2	15:17:02.022	Custom indicator TrendEnvelopes_v1 GOLD,H1: removed
2	15:17:02.043	Custom indicator guppy_multiple_moving_averages GOLD,H1: removed
2	15:17:02.067	Custom indicator wedges GOLD,H1: removed
2	15:17:02.071	Custom indicator Admiral Pivot GOLD,H1: removed
2	15:17:02.075	Custom indicator AutoTrendChannel GOLD,H1: removed
2	15:17:02.075	Custom indicator AIMS AO V.2.1 GOLD,H1: removed
2	15:17:02.079	Custom indicator IVT_MACD_ZERO_LAG GOLD,H1: removed
2	15:17:02.083	Custom indicator RSI Divergence Levels GOLD,H1: removed
2	15:17:02.100	Custom indicator JoeChalhoub_FXForecasterV1 GOLD,H1: removed
2	15:17:02.107	Custom indicator AIMS Levels V2 USDCHF,H1: removed
2	15:17:02.107	Custom indicator AIMS Entry Alert V1 USDCHF,H1: removed
2	15:17:02.110	Custom indicator CandleTimer USDCHF,H1: removed
2	15:17:02.110	Custom indicator #Signal_Bars_v6 USDCHF,H1: removed
2	15:17:02.112	Custom indicator TrendEnvelopes_v1 USDCHF,H1: removed
2	15:17:02.115	Custom indicator guppy_multiple_moving_averages USDCHF,H1: removed
2	15:17:02.149	Custom indicator wedges USDCHF,H1: removed
2	15:17:02.153	Custom indicator Admiral Pivot USDCHF,H1: removed
2	15:17:02.156	Custom indicator AutoTrendChannel USDCHF,H1: removed
2	15:17:02.156	Custom indicator AIMS AO V.2.1 USDCHF,H1: removed
2	15:17:02.159	Custom indicator IVT_MACD_ZERO_LAG USDCHF,H1: removed
2	15:17:02.161	Custom indicator RSI Divergence Levels USDCHF,H1: removed
2	15:17:02.170	Custom indicator JoeChalhoub_FXForecasterV1 USDCHF,H1: removed
2	15:17:02.199	Custom indicator AIMS Levels V2 GBPUSD,H4: removed
2	15:17:02.200	Custom indicator AIMS Entry Alert V1 GBPUSD,H4: removed
2	15:17:02.202	Custom indicator CandleTimer GBPUSD,H4: removed
2	15:17:02.203	Custom indicator #Signal_Bars_v6 GBPUSD,H4: removed
2	15:17:02.207	Custom indicator TrendEnvelopes_v1 GBPUSD,H4: removed
2	15:17:02.209	Custom indicator guppy_multiple_moving_averages GBPUSD,H4: removed
2	15:17:02.223	Custom indicator wedges GBPUSD,H4: removed
2	15:17:02.228	Custom indicator Admiral Pivot GBPUSD,H4: removed
2	15:17:02.246	Custom indicator AutoTrendChannel GBPUSD,H4: removed
2	15:17:02.247	Custom indicator AIMS AO V.2.1 GBPUSD,H4: removed
2	15:17:02.284	Custom indicator IVT_MACD_ZERO_LAG GBPUSD,H4: removed
2	15:17:02.292	Custom indicator RSI Divergence Levels GBPUSD,H4: removed
2	15:17:02.300	Custom indicator JoeChalhoub_FXForecasterV1 GBPUSD,H4: removed
2	15:17:02.352	Expert Admiral - Mini Terminal EURUSD,H4: removed
2	15:17:09.166	Custom indicator AIMS Levels V2 EURUSD,H4: removed
2	15:17:09.197	Custom indicator AIMS Entry Alert V1 EURUSD,H4: removed
2	15:17:09.206	Custom indicator CandleTimer EURUSD,H4: removed
2	15:17:09.207	Custom indicator #Signal_Bars_v6 EURUSD,H4: removed
2	15:17:09.215	Custom indicator TrendEnvelopes_v1 EURUSD,H4: removed
2	15:17:09.223	Custom indicator guppy_multiple_moving_averages EURUSD,H4: removed
2	15:17:09.231	Custom indicator wedges EURUSD,H4: removed
2	15:17:09.262	Custom indicator Admiral Pivot EURUSD,H4: removed
2	15:17:09.270	Custom indicator AutoTrendChannel EURUSD,H4: removed
2	15:17:09.270	Custom indicator AIMS AO V.2.1 EURUSD,H4: removed
2	15:17:09.277	Custom indicator IVT_MACD_ZERO_LAG EURUSD,H4: removed
2	15:17:09.283	Custom indicator RSI Divergence Levels EURUSD,H4: removed
2	15:17:09.294	Custom indicator JoeChalhoub_FXForecasterV1 EURUSD,H4: removed
2	15:17:09.409	Custom indicator AIMS Levels V2 GBPUSD,H1: removed
2	15:17:09.409	Custom indicator AIMS Entry Alert V1 GBPUSD,H1: removed
2	15:17:09.411	Custom indicator CandleTimer GBPUSD,H1: removed
2	15:17:09.412	Custom indicator #Signal_Bars_v6 GBPUSD,H1: removed
2	15:17:09.414	Custom indicator TrendEnvelopes_v1 GBPUSD,H1: removed
2	15:17:09.416	Custom indicator guppy_multiple_moving_averages GBPUSD,H1: removed
2	15:17:09.419	Custom indicator wedges GBPUSD,H1: removed
2	15:17:09.424	Custom indicator Admiral Pivot GBPUSD,H1: removed
2	15:17:09.428	Custom indicator AutoTrendChannel GBPUSD,H1: removed
2	15:17:09.428	Custom indicator AIMS AO V.2.1 GBPUSD,H1: removed
2	15:17:09.432	Custom indicator IVT_MACD_ZERO_LAG GBPUSD,H1: removed
2	15:17:09.436	Custom indicator RSI Divergence Levels GBPUSD,H1: removed
2	15:17:09.440	Custom indicator JoeChalhoub_FXForecasterV1 GBPUSD,H1: removed
2	15:17:09.451	Custom indicator AIMS Levels V2 NZDCAD,Daily: removed
2	15:17:09.452	Custom indicator AIMS Entry Alert V1 NZDCAD,Daily: removed
2	15:17:09.454	Custom indicator CandleTimer NZDCAD,Daily: removed
2	15:17:09.454	Custom indicator #Signal_Bars_v6 NZDCAD,Daily: removed
2	15:17:09.456	Custom indicator TrendEnvelopes_v1 NZDCAD,Daily: removed
2	15:17:09.459	Custom indicator guppy_multiple_moving_averages NZDCAD,Daily: removed
2	15:17:09.462	Custom indicator wedges NZDCAD,Daily: removed
2	15:17:09.464	Custom indicator Admiral Pivot NZDCAD,Daily: removed
2	15:17:09.468	Custom indicator AutoTrendChannel NZDCAD,Daily: removed
2	15:17:09.489	Custom indicator AIMS AO V.2.1 NZDCAD,Daily: removed
2	15:17:09.511	Custom indicator IVT_MACD_ZERO_LAG NZDCAD,Daily: removed
2	15:17:09.516	Custom indicator RSI Divergence Levels NZDCAD,Daily: removed
2	15:17:09.522	Custom indicator JoeChalhoub_FXForecasterV1 NZDCAD,Daily: removed
2	15:17:09.546	Custom indicator AIMS Levels V2 EURJPY,M1: removed
2	15:17:09.546	Custom indicator AIMS Entry Alert V1 EURJPY,M1: removed
2	15:17:09.549	Custom indicator CandleTimer EURJPY,M1: removed
2	15:17:09.550	Custom indicator #Signal_Bars_v6 EURJPY,M1: removed
2	15:17:09.552	Custom indicator TrendEnvelopes_v1 EURJPY,M1: removed
2	15:17:09.555	Custom indicator guppy_multiple_moving_averages EURJPY,M1: removed
2	15:17:09.559	Custom indicator wedges EURJPY,M1: removed
2	15:17:09.562	Custom indicator Admiral Pivot EURJPY,M1: removed
2	15:17:09.566	Custom indicator AutoTrendChannel EURJPY,M1: removed
2	15:17:09.566	Custom indicator AIMS AO V.2.1 EURJPY,M1: removed
2	15:17:09.568	Custom indicator IVT_MACD_ZERO_LAG EURJPY,M1: removed
2	15:17:09.571	Custom indicator RSI Divergence Levels EURJPY,M1: removed
2	15:17:09.574	Custom indicator JoeChalhoub_FXForecasterV1 EURJPY,M1: removed
0	15:17:12.661	Admiral Markets build 1280 stopped
0	15:18:07.683	Admiral Markets build 1280 started (Admiral Markets Group AS)
0	15:18:07.684	Windows 10 Pro x64, IE 11, UAC, 8 x Intel Core i7-10510U  @ 1.80GHz, Memory: 1386 / 8014 Mb, Disk: 8 / 237 Gb, GMT+3
0	15:18:07.684	Data Folder: C:\Users\SRIE\AppData\Roaming\MetaQuotes\Terminal\51337600F56B69473E15EAFB8A7586B4
2	15:18:20.345	Custom indicator AIMS Levels V2 [DAX30],M15: loaded successfully
2	15:18:20.548	Custom indicator AIMS Entry Alert V1 [DAX30],M15: loaded successfully
2	15:18:20.559	Custom indicator CandleTimer [DAX30],M15: loaded successfully
2	15:18:20.937	Custom indicator #Signal_Bars_v6 [DAX30],M15: loaded successfully
2	15:18:20.982	Custom indicator TrendEnvelopes_v1 [DAX30],M15: loaded successfully
2	15:18:21.019	Custom indicator guppy_multiple_moving_averages [DAX30],M15: loaded successfully
2	15:18:21.058	Custom indicator wedges [DAX30],M15: loaded successfully
2	15:18:21.097	Custom indicator Admiral Pivot [DAX30],M15: loaded successfully
2	15:18:21.144	Custom indicator AutoTrendChannel [DAX30],M15: loaded successfully
2	15:18:21.482	Custom indicator AIMS AO V.2.1 [DAX30],M15: loaded successfully
2	15:18:21.540	Custom indicator IVT_MACD_ZERO_LAG [DAX30],M15: loaded successfully
2	15:18:21.593	Custom indicator RSI Divergence Levels [DAX30],M15: loaded successfully
2	15:18:21.645	Custom indicator JoeChalhoub_FXForecasterV1 [DAX30],M15: loaded successfully
2	15:18:23.050	Custom indicator AIMS Levels V2 [DJI30],M1: loaded successfully
2	15:18:23.280	Custom indicator AIMS Entry Alert V1 [DJI30],M1: loaded successfully
2	15:18:23.306	Custom indicator CandleTimer [DJI30],M1: loaded successfully
2	15:18:23.497	Custom indicator #Signal_Bars_v6 [DJI30],M1: loaded successfully
2	15:18:23.516	Custom indicator TrendEnvelopes_v1 [DJI30],M1: loaded successfully
2	15:18:23.533	Custom indicator guppy_multiple_moving_averages [DJI30],M1: loaded successfully
2	15:18:23.557	Custom indicator wedges [DJI30],M1: loaded successfully
2	15:18:23.580	Custom indicator Admiral Pivot [DJI30],M1: loaded successfully
2	15:18:23.605	Custom indicator AutoTrendChannel [DJI30],M1: loaded successfully
2	15:18:23.897	Custom indicator AIMS AO V.2.1 [DJI30],M1: loaded successfully
2	15:18:23.935	Custom indicator IVT_MACD_ZERO_LAG [DJI30],M1: loaded successfully
2	15:18:23.989	Custom indicator RSI Divergence Levels [DJI30],M1: loaded successfully
2	15:18:24.017	Custom indicator JoeChalhoub_FXForecasterV1 [DJI30],M1: loaded successfully
2	15:18:26.690	Custom indicator AIMS Levels V2 [DAX30],H4: loaded successfully
2	15:18:26.829	Custom indicator AIMS Entry Alert V1 [DAX30],H4: loaded successfully
2	15:18:26.844	Custom indicator CandleTimer [DAX30],H4: loaded successfully
2	15:18:26.999	Custom indicator #Signal_Bars_v6 [DAX30],H4: loaded successfully
2	15:18:27.012	Custom indicator TrendEnvelopes_v1 [DAX30],H4: loaded successfully
2	15:18:27.026	Custom indicator guppy_multiple_moving_averages [DAX30],H4: loaded successfully
2	15:18:27.039	Custom indicator wedges [DAX30],H4: loaded successfully
2	15:18:27.260	Custom indicator AIMS AO V.2.1 [DAX30],H4: loaded successfully
2	15:18:27.281	Custom indicator IVT_MACD_ZERO_LAG [DAX30],H4: loaded successfully
2	15:18:27.303	Custom indicator RSI Divergence Levels [DAX30],H4: loaded successfully
2	15:18:27.330	Custom indicator JoeChalhoub_FXForecasterV1 [DAX30],H4: loaded successfully
2	15:18:28.045	Custom indicator AIMS Levels V2 [DJI30],M5: loaded successfully
2	15:18:28.230	Custom indicator AIMS Entry Alert V1 [DJI30],M5: loaded successfully
2	15:18:28.243	Custom indicator CandleTimer [DJI30],M5: loaded successfully
2	15:18:28.400	Custom indicator #Signal_Bars_v6 [DJI30],M5: loaded successfully
2	15:18:28.419	Custom indicator TrendEnvelopes_v1 [DJI30],M5: loaded successfully
2	15:18:28.445	Custom indicator guppy_multiple_moving_averages [DJI30],M5: loaded successfully
2	15:18:28.461	Custom indicator wedges [DJI30],M5: loaded successfully
2	15:18:28.698	Custom indicator AIMS AO V.2.1 [DJI30],M5: loaded successfully
2	15:18:28.718	Custom indicator IVT_MACD_ZERO_LAG [DJI30],M5: loaded successfully
2	15:18:28.738	Custom indicator RSI Divergence Levels [DJI30],M5: loaded successfully
2	15:18:28.757	Custom indicator JoeChalhoub_FXForecasterV1 [DJI30],M5: loaded successfully
2	15:18:30.326	Custom indicator AIMS Levels V2 USDJPY,H1: loaded successfully
2	15:18:30.509	Custom indicator AIMS Entry Alert V1 USDJPY,H1: loaded successfully
2	15:18:30.527	Custom indicator CandleTimer USDJPY,H1: loaded successfully
2	15:18:30.863	Custom indicator #Signal_Bars_v6 USDJPY,H1: loaded successfully
2	15:18:30.883	Custom indicator TrendEnvelopes_v1 USDJPY,H1: loaded successfully
2	15:18:30.903	Custom indicator guppy_multiple_moving_averages USDJPY,H1: loaded successfully
2	15:18:30.922	Custom indicator wedges USDJPY,H1: loaded successfully
2	15:18:31.065	Custom indicator AIMS AO V.2.1 USDJPY,H1: loaded successfully
2	15:18:31.081	Custom indicator IVT_MACD_ZERO_LAG USDJPY,H1: loaded successfully
2	15:18:31.101	Custom indicator RSI Divergence Levels USDJPY,H1: loaded successfully
2	15:18:31.135	Custom indicator JoeChalhoub_FXForecasterV1 USDJPY,H1: loaded successfully
2	15:18:31.969	Custom indicator Arrow Trend Surfer GBPJPY,Daily: loaded successfully
2	15:18:31.984	Custom indicator FlexNewsIndicator GBPJPY,Daily: loaded successfully
2	15:18:34.377	Custom indicator AIMS Levels V2 GOLD,H1: loaded successfully
2	15:18:34.593	Custom indicator AIMS Entry Alert V1 GOLD,H1: loaded successfully
2	15:18:34.611	Custom indicator CandleTimer GOLD,H1: loaded successfully
2	15:18:34.823	Custom indicator #Signal_Bars_v6 GOLD,H1: loaded successfully
2	15:18:34.837	Custom indicator TrendEnvelopes_v1 GOLD,H1: loaded successfully
2	15:18:34.857	Custom indicator guppy_multiple_moving_averages GOLD,H1: loaded successfully
2	15:18:34.887	Custom indicator wedges GOLD,H1: loaded successfully
2	15:18:34.914	Custom indicator Admiral Pivot GOLD,H1: loaded successfully
2	15:18:34.926	Custom indicator AutoTrendChannel GOLD,H1: loaded successfully
2	15:18:35.116	Custom indicator AIMS AO V.2.1 GOLD,H1: loaded successfully
2	15:18:35.245	Custom indicator IVT_MACD_ZERO_LAG GOLD,H1: loaded successfully
2	15:18:35.298	Custom indicator RSI Divergence Levels GOLD,H1: loaded successfully
2	15:18:35.320	Custom indicator JoeChalhoub_FXForecasterV1 GOLD,H1: loaded successfully
2	15:18:36.108	Custom indicator AIMS Levels V2 [NQ100],M1: loaded successfully
2	15:18:36.292	Custom indicator AIMS Entry Alert V1 [NQ100],M1: loaded successfully
2	15:18:36.312	Custom indicator CandleTimer [NQ100],M1: loaded successfully
2	15:18:36.495	Custom indicator #Signal_Bars_v6 [NQ100],M1: loaded successfully
2	15:18:36.523	Custom indicator TrendEnvelopes_v1 [NQ100],M1: loaded successfully
2	15:18:36.548	Custom indicator guppy_multiple_moving_averages [NQ100],M1: loaded successfully
2	15:18:36.574	Custom indicator wedges [NQ100],M1: loaded successfully
2	15:18:36.604	Custom indicator Admiral Pivot [NQ100],M1: loaded successfully
2	15:18:36.633	Custom indicator AutoTrendChannel [NQ100],M1: loaded successfully
2	15:18:36.867	Custom indicator AIMS AO V.2.1 [NQ100],M1: loaded successfully
2	15:18:36.886	Custom indicator IVT_MACD_ZERO_LAG [NQ100],M1: loaded successfully
2	15:18:36.910	Custom indicator RSI Divergence Levels [NQ100],M1: loaded successfully
2	15:18:36.937	Custom indicator JoeChalhoub_FXForecasterV1 [NQ100],M1: loaded successfully
2	15:18:38.875	Custom indicator AIMS Levels V2 GOLD,H1: loaded successfully
2	15:18:39.067	Custom indicator AIMS Entry Alert V1 GOLD,H1: loaded successfully
2	15:18:39.083	Custom indicator CandleTimer GOLD,H1: loaded successfully
2	15:18:39.288	Custom indicator #Signal_Bars_v6 GOLD,H1: loaded successfully
2	15:18:39.314	Custom indicator TrendEnvelopes_v1 GOLD,H1: loaded successfully
2	15:18:39.334	Custom indicator guppy_multiple_moving_averages GOLD,H1: loaded successfully
2	15:18:39.357	Custom indicator wedges GOLD,H1: loaded successfully
2	15:18:39.381	Custom indicator Admiral Pivot GOLD,H1: loaded successfully
2	15:18:39.401	Custom indicator AutoTrendChannel GOLD,H1: loaded successfully
2	15:18:39.601	Custom indicator AIMS AO V.2.1 GOLD,H1: loaded successfully
2	15:18:39.612	Custom indicator IVT_MACD_ZERO_LAG GOLD,H1: loaded successfully
2	15:18:39.637	Custom indicator RSI Divergence Levels GOLD,H1: loaded successfully
2	15:18:39.675	Custom indicator JoeChalhoub_FXForecasterV1 GOLD,H1: loaded successfully
2	15:18:40.572	Custom indicator AIMS Levels V2 USDCHF,H1: loaded successfully
2	15:18:40.787	Custom indicator AIMS Entry Alert V1 USDCHF,H1: loaded successfully
2	15:18:40.799	Custom indicator CandleTimer USDCHF,H1: loaded successfully
2	15:18:40.988	Custom indicator #Signal_Bars_v6 USDCHF,H1: loaded successfully
2	15:18:41.008	Custom indicator TrendEnvelopes_v1 USDCHF,H1: loaded successfully
2	15:18:41.026	Custom indicator guppy_multiple_moving_averages USDCHF,H1: loaded successfully
2	15:18:41.050	Custom indicator wedges USDCHF,H1: loaded successfully
2	15:18:41.075	Custom indicator Admiral Pivot USDCHF,H1: loaded successfully
2	15:18:41.094	Custom indicator AutoTrendChannel USDCHF,H1: loaded successfully
2	15:18:41.270	Custom indicator AIMS AO V.2.1 USDCHF,H1: loaded successfully
2	15:18:41.290	Custom indicator IVT_MACD_ZERO_LAG USDCHF,H1: loaded successfully
2	15:18:41.316	Custom indicator RSI Divergence Levels USDCHF,H1: loaded successfully
2	15:18:41.344	Custom indicator JoeChalhoub_FXForecasterV1 USDCHF,H1: loaded successfully
2	15:18:42.261	Custom indicator AIMS Levels V2 GBPUSD,H4: loaded successfully
2	15:18:42.491	Custom indicator AIMS Entry Alert V1 GBPUSD,H4: loaded successfully
2	15:18:42.513	Custom indicator CandleTimer GBPUSD,H4: loaded successfully
2	15:18:42.736	Custom indicator #Signal_Bars_v6 GBPUSD,H4: loaded successfully
2	15:18:42.757	Custom indicator TrendEnvelopes_v1 GBPUSD,H4: loaded successfully
2	15:18:42.781	Custom indicator guppy_multiple_moving_averages GBPUSD,H4: loaded successfully
2	15:18:42.809	Custom indicator wedges GBPUSD,H4: loaded successfully
2	15:18:42.830	Custom indicator Admiral Pivot GBPUSD,H4: loaded successfully
2	15:18:42.853	Custom indicator AutoTrendChannel GBPUSD,H4: loaded successfully
2	15:18:43.036	Custom indicator AIMS AO V.2.1 GBPUSD,H4: loaded successfully
2	15:18:43.048	Custom indicator IVT_MACD_ZERO_LAG GBPUSD,H4: loaded successfully
2	15:18:43.057	Custom indicator RSI Divergence Levels GBPUSD,H4: loaded successfully
2	15:18:43.083	Custom indicator JoeChalhoub_FXForecasterV1 GBPUSD,H4: loaded successfully
2	15:18:44.251	Custom indicator AIMS Levels V2 EURUSD,H4: loaded successfully
2	15:18:44.468	Custom indicator AIMS Entry Alert V1 EURUSD,H4: loaded successfully
2	15:18:44.487	Custom indicator CandleTimer EURUSD,H4: loaded successfully
2	15:18:44.696	Custom indicator #Signal_Bars_v6 EURUSD,H4: loaded successfully
2	15:18:44.723	Custom indicator TrendEnvelopes_v1 EURUSD,H4: loaded successfully
2	15:18:44.743	Custom indicator guppy_multiple_moving_averages EURUSD,H4: loaded successfully
2	15:18:44.765	Custom indicator wedges EURUSD,H4: loaded successfully
2	15:18:44.791	Custom indicator Admiral Pivot EURUSD,H4: loaded successfully
2	15:18:44.809	Custom indicator AutoTrendChannel EURUSD,H4: loaded successfully
2	15:18:45.027	Custom indicator AIMS AO V.2.1 EURUSD,H4: loaded successfully
2	15:18:45.050	Custom indicator IVT_MACD_ZERO_LAG EURUSD,H4: loaded successfully
2	15:18:45.076	Custom indicator RSI Divergence Levels EURUSD,H4: loaded successfully
2	15:18:45.102	Custom indicator JoeChalhoub_FXForecasterV1 EURUSD,H4: loaded successfully
2	15:18:45.152	Expert Admiral - Mini Terminal EURUSD,H4: loaded successfully
2	15:18:46.384	Custom indicator AIMS Levels V2 GBPUSD,H1: loaded successfully
2	15:18:46.586	Custom indicator AIMS Entry Alert V1 GBPUSD,H1: loaded successfully
2	15:18:46.603	Custom indicator CandleTimer GBPUSD,H1: loaded successfully
2	15:18:46.827	Custom indicator #Signal_Bars_v6 GBPUSD,H1: loaded successfully
2	15:18:46.850	Custom indicator TrendEnvelopes_v1 GBPUSD,H1: loaded successfully
2	15:18:46.870	Custom indicator guppy_multiple_moving_averages GBPUSD,H1: loaded successfully
2	15:18:46.896	Custom indicator wedges GBPUSD,H1: loaded successfully
2	15:18:46.922	Custom indicator Admiral Pivot GBPUSD,H1: loaded successfully
2	15:18:46.945	Custom indicator AutoTrendChannel GBPUSD,H1: loaded successfully
2	15:18:47.082	Custom indicator AIMS AO V.2.1 GBPUSD,H1: loaded successfully
2	15:18:47.094	Custom indicator IVT_MACD_ZERO_LAG GBPUSD,H1: loaded successfully
2	15:18:47.111	Custom indicator RSI Divergence Levels GBPUSD,H1: loaded successfully
2	15:18:47.141	Custom indicator JoeChalhoub_FXForecasterV1 GBPUSD,H1: loaded successfully
2	15:18:47.959	Custom indicator AIMS Levels V2 NZDCAD,Daily: loaded successfully
2	15:18:48.145	Custom indicator AIMS Entry Alert V1 NZDCAD,Daily: loaded successfully
2	15:18:48.163	Custom indicator CandleTimer NZDCAD,Daily: loaded successfully
2	15:18:48.372	Custom indicator #Signal_Bars_v6 NZDCAD,Daily: loaded successfully
2	15:18:48.394	Custom indicator TrendEnvelopes_v1 NZDCAD,Daily: loaded successfully
2	15:18:48.414	Custom indicator guppy_multiple_moving_averages NZDCAD,Daily: loaded successfully
2	15:18:48.441	Custom indicator wedges NZDCAD,Daily: loaded successfully
2	15:18:48.468	Custom indicator Admiral Pivot NZDCAD,Daily: loaded successfully
2	15:18:48.495	Custom indicator AutoTrendChannel NZDCAD,Daily: loaded successfully
2	15:18:48.715	Custom indicator AIMS AO V.2.1 NZDCAD,Daily: loaded successfully
2	15:18:48.733	Custom indicator IVT_MACD_ZERO_LAG NZDCAD,Daily: loaded successfully
2	15:18:48.765	Custom indicator RSI Divergence Levels NZDCAD,Daily: loaded successfully
2	15:18:48.792	Custom indicator JoeChalhoub_FXForecasterV1 NZDCAD,Daily: loaded successfully
2	15:18:49.685	Custom indicator AIMS Levels V2 EURJPY,M1: loaded successfully
2	15:18:49.904	Custom indicator AIMS Entry Alert V1 EURJPY,M1: loaded successfully
2	15:18:49.927	Custom indicator CandleTimer EURJPY,M1: loaded successfully
2	15:18:50.111	Custom indicator #Signal_Bars_v6 EURJPY,M1: loaded successfully
2	15:18:50.139	Custom indicator TrendEnvelopes_v1 EURJPY,M1: loaded successfully
2	15:18:50.162	Custom indicator guppy_multiple_moving_averages EURJPY,M1: loaded successfully
2	15:18:50.186	Custom indicator wedges EURJPY,M1: loaded successfully
2	15:18:50.210	Custom indicator Admiral Pivot EURJPY,M1: loaded successfully
2	15:18:50.229	Custom indicator AutoTrendChannel EURJPY,M1: loaded successfully
2	15:18:50.459	Custom indicator AIMS AO V.2.1 EURJPY,M1: loaded successfully
2	15:18:50.485	Custom indicator IVT_MACD_ZERO_LAG EURJPY,M1: loaded successfully
2	15:18:50.513	Custom indicator RSI Divergence Levels EURJPY,M1: loaded successfully
2	15:18:50.540	Custom indicator JoeChalhoub_FXForecasterV1 EURJPY,M1: loaded successfully
0	15:18:55.185	'27133394': login on AdmiralMarkets-Live through Access Point #5 (ping: 207.77 ms)
0	15:18:58.071	'27133394': login datacenter on AdmiralMarkets-Live through Access Point #5 (ping: 207.77 ms)
0	15:18:58.888	'27133394': previous successful authorization performed from 154.126.11.233
1	15:39:57.585	'27133394': datacenter connecting failed [6]
0	15:40:00.125	'27133394': login on AdmiralMarkets-Live through Access Point #5 (ping: 207.77 ms)
0	15:40:02.807	'27133394': login datacenter on AdmiralMarkets-Live through Access Point #5 (ping: 207.77 ms)
0	15:40:03.533	'27133394': previous successful authorization performed from 154.126.11.233
2	16:26:50.633	Custom indicator AIMS Levels V2 EURJPY,H1: removed
2	16:26:50.673	Custom indicator AIMS Entry Alert V1 EURJPY,H1: removed
2	16:26:50.684	Custom indicator CandleTimer EURJPY,H1: removed
2	16:26:50.688	Custom indicator #Signal_Bars_v6 EURJPY,H1: removed
2	16:26:50.703	Custom indicator TrendEnvelopes_v1 EURJPY,H1: removed
2	16:26:50.746	Custom indicator guppy_multiple_moving_averages EURJPY,H1: removed
2	16:26:50.758	Custom indicator wedges EURJPY,H1: removed
2	16:26:50.771	Custom indicator Admiral Pivot EURJPY,H1: removed
2	16:26:50.778	Custom indicator AutoTrendChannel EURJPY,H1: removed
2	16:26:50.787	Custom indicator AIMS AO V.2.1 EURJPY,H1: removed
2	16:26:50.796	Custom indicator IVT_MACD_ZERO_LAG EURJPY,H1: removed
2	16:26:50.828	Custom indicator RSI Divergence Levels EURJPY,H1: removed
2	16:26:50.841	Custom indicator JoeChalhoub_FXForecasterV1 EURJPY,H1: removed
2	16:26:51.269	Custom indicator #P4L CandleTime EURJPY,H1: loaded successfully
2	16:26:51.315	Custom indicator #VISUAL ORDERS EURJPY,H1: loaded successfully
2	16:26:51.323	Custom indicator GG-TrendBar EURJPY,H1: loaded successfully
2	16:26:51.366	Custom indicator HighLight_Pins EURJPY,H1: loaded successfully
2	16:26:51.389	Custom indicator 7-21-55-h2 EURJPY,H1: loaded successfully
2	16:26:51.578	Custom indicator zigzagtriad-mtf+alerts EURJPY,H1: loaded successfully
2	16:26:51.613	Custom indicator SHI-SIGNAL EURJPY,H1: loaded successfully
2	16:26:51.663	Custom indicator T3_08_2Color EURJPY,H1: loaded successfully
2	16:26:51.718	Custom indicator #LURCH_SRv5 EURJPY,H1: loaded successfully
2	16:26:51.756	Custom indicator Semafor+123Triangles EURJPY,H1: loaded successfully
2	16:26:52.025	Custom indicator TrendLineChannel WC_NLR EURJPY,H1: loaded successfully
2	16:26:52.167	Custom indicator #4X 2011 XARD GOLDBANDS 2B EURJPY,H1: loaded successfully
2	16:26:52.293	Custom indicator #4X 2011 XARD GOLDBANDS 2B EURJPY,H1: loaded successfully
2	16:26:52.470	Custom indicator Trend Signal EURJPY,H1: loaded successfully
2	16:26:52.554	Custom indicator CCI_NUF_v4 mod~ EURJPY,H1: loaded successfully
2	16:26:52.592	Custom indicator SFET_V_PODVALE EURJPY,H1: loaded successfully
2	16:26:52.877	Custom indicator ProfitableStrategy_1 EURJPY,H1: loaded successfully
2	16:27:45.096	Custom indicator #P4L CandleTime EURJPY,H4: removed
2	16:27:45.098	Custom indicator #VISUAL ORDERS EURJPY,H4: removed
2	16:27:45.098	Custom indicator GG-TrendBar EURJPY,H4: removed
2	16:27:45.104	Custom indicator HighLight_Pins EURJPY,H4: removed
2	16:27:45.104	Custom indicator 7-21-55-h2 EURJPY,H4: removed
2	16:27:45.108	Custom indicator zigzagtriad-mtf+alerts EURJPY,H4: removed
2	16:27:45.113	Custom indicator SHI-SIGNAL EURJPY,H4: removed
2	16:27:45.116	Custom indicator T3_08_2Color EURJPY,H4: removed
2	16:27:45.118	Custom indicator #LURCH_SRv5 EURJPY,H4: removed
2	16:27:45.120	Custom indicator Semafor+123Triangles EURJPY,H4: removed
2	16:27:45.121	Custom indicator TrendLineChannel WC_NLR EURJPY,H4: removed
2	16:27:45.121	Custom indicator #4X 2011 XARD GOLDBANDS 2B EURJPY,H4: removed
2	16:27:45.121	Custom indicator #4X 2011 XARD GOLDBANDS 2B EURJPY,H4: removed
2	16:27:45.121	Custom indicator Trend Signal EURJPY,H4: removed
2	16:27:45.122	Custom indicator CCI_NUF_v4 mod~ EURJPY,H4: removed
2	16:27:45.126	Custom indicator SFET_V_PODVALE EURJPY,H4: removed
2	16:27:45.127	Custom indicator ProfitableStrategy_1 EURJPY,H4: removed
2	16:27:45.322	Custom indicator AIMS Levels V2 EURJPY,H4: loaded successfully
2	16:27:45.517	Custom indicator AIMS Entry Alert V1 EURJPY,H4: loaded successfully
2	16:27:45.562	Custom indicator CandleTimer EURJPY,H4: loaded successfully
2	16:27:45.720	Custom indicator #Signal_Bars_v6 EURJPY,H4: loaded successfully
2	16:27:45.763	Custom indicator TrendEnvelopes_v1 EURJPY,H4: loaded successfully
2	16:27:45.784	Custom indicator guppy_multiple_moving_averages EURJPY,H4: loaded successfully
2	16:27:45.801	Custom indicator wedges EURJPY,H4: loaded successfully
2	16:27:45.812	Custom indicator Admiral Pivot EURJPY,H4: loaded successfully
2	16:27:45.827	Custom indicator AutoTrendChannel EURJPY,H4: loaded successfully
2	16:27:45.950	Custom indicator AIMS AO V.2.1 EURJPY,H4: loaded successfully
2	16:27:45.966	Custom indicator IVT_MACD_ZERO_LAG EURJPY,H4: loaded successfully
2	16:27:45.984	Custom indicator RSI Divergence Levels EURJPY,H4: loaded successfully
2	16:27:46.045	Custom indicator JoeChalhoub_FXForecasterV1 EURJPY,H4: loaded successfully
0	16:48:00.944	Notifications: 'Classical RSI bearish divergence on:  [NQ100]' sent to 'A37163A9'
0	16:56:00.617	Notifications: 'Classical RSI bearish divergence on:  [NQ100]' sent to 'A37163A9'
0	17:03:00.035	Notifications: 'Classical RSI bearish divergence on:  EURJPY' sent to 'A37163A9'
1	17:06:58.267	'27133394': connect failed [Connection échouée]
