2	00:00:30.898	Custom indicator #P4L CandleTime GBPUSD,H1: loaded successfully
2	00:00:30.910	Custom indicator TURBO PLUS+ GBPUSD,H1: loaded successfully
2	00:00:30.919	Custom indicator ALERT SIGNAL GBPUSD,H1: loaded successfully
2	00:00:30.929	Custom indicator Trend Trading\TrendTradingCloud GBPUSD,H1: loaded successfully
2	00:00:30.938	Custom indicator RSI Divergence Levels GBPUSD,H1: loaded successfully
2	00:00:30.948	Custom indicator MACD_Volumes-2 GBPUSD,H1: loaded successfully
2	00:00:30.955	Custom indicator Trend Trading\CloudSignalLines GBPUSD,H1: loaded successfully
2	00:00:31.118	Custom indicator MBFX Timing GBPUSD,H1: loaded successfully
2	00:01:45.476	Expert Admiral - Mini Terminal GBPUSD,H1: loaded successfully
0	00:04:54.643	'27123197': pending order sell limit 0.10 GBPUSD at 1.23517 sl: 1.23733 tp: 1.23111
0	00:04:55.359	Trades: use hosting service to speed up the execution - 2.02 ms via 'MQL5 London 11 (MQL5.community)' instead of 204.80 ms
0	00:04:55.359	'27123197': order was opened : #65106196 sell limit 0.10 GBPUSD at 1.23517 sl: 1.23733 tp: 1.23111
0	00:06:33.004	'27123197': modify pending order #65106196 sell limit 0.10 GBPUSD at 1.23517 sl: 1.23733 tp: 1.23111 -> price: 1.23585 sl: 1.23801 tp: 1.23179
0	00:06:33.280	'27123197': pending order #65106196 sell limit 0.10 GBPUSD was modified -> price: 1.23585 sl: 1.23801 tp: 1.23179
0	00:06:40.241	'27123197': modify pending order #65106196 sell limit 0.10 GBPUSD at 1.23585 sl: 1.23801 tp: 1.23179 -> price: 1.23517 sl: 1.23733 tp: 1.23111
0	00:06:40.500	'27123197': pending order #65106196 sell limit 0.10 GBPUSD was modified -> price: 1.23517 sl: 1.23733 tp: 1.23111
0	00:06:57.811	'27123197': delete pending order #65106196 sell limit 0.10 GBPUSD at 1.23517 sl: 1.23733 tp: 1.23111
0	00:06:58.134	'27123197': pending order #65106196 was deleted
0	00:07:01.494	'27123197': order sell market 0.10 GBPUSD sl: 0.00000 tp: 0.00000
0	00:07:02.297	'27123197': order was opened : #65106211 sell 0.10 GBPUSD at 1.23441 sl: 0.00000 tp: 0.00000
0	00:07:53.182	'27123197': modify order #65106211 sell 0.10 GBPUSD at 1.23441 sl: 0.00000 tp: 0.00000 -> sl: 1.23850 tp: 1.23100
0	00:07:53.451	'27123197': order #65106211 sell 0.10 GBPUSD at 1.23441 was modified -> sl: 1.23850 tp: 1.23100
2	00:12:09.233	Custom indicator MBFX Timing GBPUSD,H1: removed
2	00:12:09.359	Custom indicator MBFX Timing GBPUSD,M30: loaded successfully
2	00:12:11.365	Custom indicator MBFX Timing GBPUSD,M30: removed
2	00:12:11.467	Custom indicator MBFX Timing GBPUSD,M15: loaded successfully
2	00:12:46.179	Custom indicator MBFX Timing USDJPY,H1: removed
2	00:12:46.295	Custom indicator MBFX Timing USDJPY,H4: loaded successfully
2	00:13:08.436	Custom indicator MBFX Timing USDJPY,H4: removed
2	00:13:08.535	Custom indicator MBFX Timing USDJPY,H1: loaded successfully
0	03:18:55.148	'27123197': close order #65097364 buy 0.10 USDJPY at 107.622 sl: 107.414 tp: 108.250 at price 0.000
0	03:18:55.558	'27123197': order #65097364 buy 0.10 USDJPY at 107.622 sl: 107.414 tp: 108.250 closed at price 107.722
2	03:22:29.477	Custom indicator MBFX Timing USDPLN,H1: removed
2	03:22:29.501	Expert Admiral - Mini Terminal USDPLN,H1: removed
2	03:22:29.504	Custom indicator #P4L CandleTime USDPLN,H1: removed
2	03:22:29.505	Custom indicator TURBO PLUS+ USDPLN,H1: removed
2	03:22:29.506	Custom indicator ALERT SIGNAL USDPLN,H1: removed
2	03:22:29.508	Custom indicator TrendTradingCloud USDPLN,H1: removed
2	03:22:29.510	Custom indicator RSI Divergence Levels USDPLN,H1: removed
2	03:22:29.512	Custom indicator MACD_Volumes-2 USDPLN,H1: removed
2	03:22:29.514	Custom indicator CloudSignalLines USDPLN,H1: removed
2	03:22:32.727	Custom indicator MBFX Timing USDJPY,H1: removed
2	03:22:32.747	Expert Admiral - Mini Terminal USDJPY,H1: removed
2	03:22:32.749	Custom indicator #P4L CandleTime USDJPY,H1: removed
2	03:22:32.751	Custom indicator TURBO PLUS+ USDJPY,H1: removed
2	03:22:32.753	Custom indicator ALERT SIGNAL USDJPY,H1: removed
2	03:22:32.754	Custom indicator TrendTradingCloud USDJPY,H1: removed
2	03:22:32.756	Custom indicator RSI Divergence Levels USDJPY,H1: removed
2	03:22:32.758	Custom indicator MACD_Volumes-2 USDJPY,H1: removed
2	03:22:32.759	Custom indicator CloudSignalLines USDJPY,H1: removed
2	03:22:35.360	Custom indicator MBFX Timing AUDCAD,H1: removed
2	03:22:35.371	Custom indicator #P4L CandleTime AUDCAD,H1: removed
2	03:22:35.374	Custom indicator TURBO PLUS+ AUDCAD,H1: removed
2	03:22:35.376	Custom indicator ALERT SIGNAL AUDCAD,H1: removed
2	03:22:35.380	Custom indicator TrendTradingCloud AUDCAD,H1: removed
2	03:22:35.382	Custom indicator RSI Divergence Levels AUDCAD,H1: removed
2	03:22:35.383	Custom indicator MACD_Volumes-2 AUDCAD,H1: removed
2	03:22:35.385	Custom indicator CloudSignalLines AUDCAD,H1: removed
2	03:23:04.810	Custom indicator #P4L CandleTime AUDCAD,H1: loaded successfully
2	03:23:04.822	Custom indicator TURBO PLUS+ AUDCAD,H1: loaded successfully
2	03:23:04.832	Custom indicator ALERT SIGNAL AUDCAD,H1: loaded successfully
2	03:23:04.843	Custom indicator Trend Trading\TrendTradingCloud AUDCAD,H1: loaded successfully
2	03:23:04.854	Custom indicator RSI Divergence Levels AUDCAD,H1: loaded successfully
2	03:23:04.864	Custom indicator MACD_Volumes-2 AUDCAD,H1: loaded successfully
2	03:23:04.872	Custom indicator Trend Trading\CloudSignalLines AUDCAD,H1: loaded successfully
2	03:23:05.037	Custom indicator MBFX Timing AUDCAD,H1: loaded successfully
0	03:25:08.917	'27123197': order sell market 0.10 AUDCAD sl: 0.90100 tp: 0.88950
0	03:25:09.288	'27123197': order was opened : #65107496 sell 0.10 AUDCAD at 0.89510 sl: 0.90100 tp: 0.88950
2	03:33:33.805	Custom indicator #P4L CandleTime CADCHF,H1: loaded successfully
2	03:33:33.812	Custom indicator TURBO PLUS+ CADCHF,H1: loaded successfully
2	03:33:33.820	Custom indicator ALERT SIGNAL CADCHF,H1: loaded successfully
2	03:33:33.828	Custom indicator Trend Trading\TrendTradingCloud CADCHF,H1: loaded successfully
2	03:33:33.837	Custom indicator RSI Divergence Levels CADCHF,H1: loaded successfully
2	03:33:33.846	Custom indicator MACD_Volumes-2 CADCHF,H1: loaded successfully
2	03:33:33.853	Custom indicator Trend Trading\CloudSignalLines CADCHF,H1: loaded successfully
2	03:33:34.012	Custom indicator MBFX Timing CADCHF,H1: loaded successfully
2	03:34:36.387	Custom indicator MBFX Timing CADCHF,H1: removed
2	03:34:36.484	Custom indicator MBFX Timing CADCHF,M30: loaded successfully
0	03:35:50.651	'27123197': order buy market 0.10 CADCHF sl: 0.00000 tp: 0.00000
0	03:35:51.051	'27123197': order was opened : #65107604 buy 0.10 CADCHF at 0.69408 sl: 0.00000 tp: 0.00000
0	03:37:04.697	'27123197': modify order #65107604 buy 0.10 CADCHF at 0.69408 sl: 0.00000 tp: 0.00000 -> sl: 0.67986 tp: 0.69584
0	03:37:04.958	'27123197': order #65107604 buy 0.10 CADCHF at 0.69408 was modified -> sl: 0.67986 tp: 0.69584
2	03:37:17.022	Custom indicator MBFX Timing CADCHF,M30: removed
2	03:37:17.743	Custom indicator MBFX Timing CADCHF,H4: loaded successfully
2	03:37:46.440	Custom indicator MBFX Timing CADCHF,H4: removed
2	03:37:46.535	Custom indicator MBFX Timing CADCHF,M30: loaded successfully
2	03:42:09.782	Custom indicator #P4L CandleTime EURAUD,H1: loaded successfully
2	03:42:09.790	Custom indicator TURBO PLUS+ EURAUD,H1: loaded successfully
2	03:42:09.800	Custom indicator ALERT SIGNAL EURAUD,H1: loaded successfully
2	03:42:09.809	Custom indicator Trend Trading\TrendTradingCloud EURAUD,H1: loaded successfully
2	03:42:09.818	Custom indicator RSI Divergence Levels EURAUD,H1: loaded successfully
2	03:42:09.829	Custom indicator MACD_Volumes-2 EURAUD,H1: loaded successfully
2	03:42:09.837	Custom indicator Trend Trading\CloudSignalLines EURAUD,H1: loaded successfully
2	03:42:09.998	Custom indicator MBFX Timing EURAUD,H1: loaded successfully
0	03:44:06.842	'27123197': order sell market 0.10 EURAUD sl: 1.70193 tp: 1.68750
0	03:44:07.863	'27123197': order was opened : #65107652 sell 0.10 EURAUD at 1.69272 sl: 1.70193 tp: 1.68750
2	03:45:51.971	Custom indicator #P4L CandleTime EURCAD,H1: loaded successfully
2	03:45:51.983	Custom indicator TURBO PLUS+ EURCAD,H1: loaded successfully
2	03:45:51.996	Custom indicator ALERT SIGNAL EURCAD,H1: loaded successfully
2	03:45:52.012	Custom indicator Trend Trading\TrendTradingCloud EURCAD,H1: loaded successfully
2	03:45:52.027	Custom indicator RSI Divergence Levels EURCAD,H1: loaded successfully
2	03:45:52.045	Custom indicator MACD_Volumes-2 EURCAD,H1: loaded successfully
2	03:45:52.057	Custom indicator Trend Trading\CloudSignalLines EURCAD,H1: loaded successfully
2	03:45:52.341	Custom indicator MBFX Timing EURCAD,H1: loaded successfully
0	03:47:50.570	'27123197': order sell market 0.10 EURCAD sl: 1.52759 tp: 1.51343
0	03:47:50.987	'27123197': order was opened : #65107680 sell 0.10 EURCAD at 1.51580 sl: 1.52759 tp: 1.51343
1	05:36:31.590	'27123197': ping failed
1	05:36:33.455	'27123197': connect failed [Connection échouée]
1	05:36:33.516	MQL5.community: authorization failed
1	05:36:33.841	MQL5.community: authorization failed
0	05:36:40.236	'27123197': login on AdmiralMarkets-Live through Access Point #8 (ping: n/a)
0	05:36:44.854	'27123197': login datacenter on AdmiralMarkets-Live through Access Point #8 (ping: n/a)
0	05:36:46.326	'27123197': previous successful authorization performed from 41.188.54.86
0	05:37:03.683	'27123197': auto connecting to a better access point Access Point #4 (ping is 227.59 ms)
0	05:37:04.589	'27123197': login on AdmiralMarkets-Live through Access Point #4 (ping: 227.59 ms)
0	05:37:06.973	'27123197': login datacenter on AdmiralMarkets-Live through Access Point #4 (ping: 227.59 ms)
0	05:37:07.482	'27123197': previous successful authorization performed from 41.188.54.86
0	05:43:56.137	'27123197': login on AdmiralMarkets-Live through Access Point #4 (ping: 227.59 ms)
0	05:43:57.882	'27123197': login datacenter on AdmiralMarkets-Live through Access Point #4 (ping: 227.59 ms)
0	05:43:58.415	'27123197': previous successful authorization performed from 41.188.54.86
2	07:02:47.989	Custom indicator #P4L CandleTime CHFJPY,H1: loaded successfully
2	07:02:48.001	Custom indicator TURBO PLUS+ CHFJPY,H1: loaded successfully
2	07:02:48.011	Custom indicator ALERT SIGNAL CHFJPY,H1: loaded successfully
2	07:02:48.020	Custom indicator Trend Trading\TrendTradingCloud CHFJPY,H1: loaded successfully
2	07:02:48.032	Custom indicator RSI Divergence Levels CHFJPY,H1: loaded successfully
2	07:02:48.042	Custom indicator MACD_Volumes-2 CHFJPY,H1: loaded successfully
2	07:02:48.050	Custom indicator Trend Trading\CloudSignalLines CHFJPY,H1: loaded successfully
2	07:02:48.213	Custom indicator MBFX Timing CHFJPY,H1: loaded successfully
0	07:04:54.842	'27123197': order sell market 0.10 CHFJPY sl: 111.310 tp: 110.028
0	07:04:55.224	'27123197': order was opened : #65113517 sell 0.10 CHFJPY at 110.207 sl: 111.310 tp: 110.028
0	07:08:53.915	'27123197': order buy market 0.10 GBPUSD sl: 1.22416 tp: 1.23275
1	07:08:54.329	'27123197': order buy 0.10 GBPUSD opening at market sl: 1.22416 tp: 1.23275 failed [Invalid S/L or T/P]
0	07:09:59.130	'27123197': order buy market 0.10 GBPUSD sl: 1.22416 tp: 1.23725
0	07:09:59.525	'27123197': order was opened : #65113732 buy 0.10 GBPUSD at 1.23603 sl: 1.22416 tp: 1.23725
0	07:29:54.467	'27123197': pending order sell limit 0.50 [DJI30] at 23500.00 sl: 23660.00 tp: 23060.00
0	07:29:54.737	'27123197': order was opened : #65114556 sell limit 0.50 [DJI30] at 23500.00 sl: 23660.00 tp: 23060.00
0	07:51:32.020	'27123197': close order #65113732 buy 0.10 GBPUSD at 1.23603 sl: 1.22416 tp: 1.23725 at price 0.00000
0	07:51:33.555	'27123197': order #65113732 buy 0.10 GBPUSD at 1.23603 sl: 1.22416 tp: 1.23725 closed at price 1.23509
1	10:14:48.595	'27123197': ping failed
1	10:14:50.033	'27123197': connect failed [Connection échouée]
1	12:47:44.314	MQL5.community: authorization failed
0	12:47:58.112	'27123197': login on AdmiralMarkets-Live through Access Point #8 (ping: n/a)
0	12:48:12.569	'27123197': login datacenter on AdmiralMarkets-Live through Access Point #8 (ping: n/a)
0	12:48:14.202	'27123197': previous successful authorization performed from 154.126.11.187
0	12:48:47.735	'27123197': auto connecting to a better access point Access Point #4 (ping is 214.29 ms)
0	12:48:49.771	'27123197': login on AdmiralMarkets-Live through Access Point #4 (ping: 214.29 ms)
0	12:48:51.719	'27123197': login datacenter on AdmiralMarkets-Live through Access Point #4 (ping: 214.29 ms)
0	12:48:52.242	'27123197': previous successful authorization performed from 154.126.112.132
2	12:58:49.550	Custom indicator #P4L CandleTime WTI,H1: loaded successfully
2	12:58:49.567	Custom indicator TURBO PLUS+ WTI,H1: loaded successfully
2	12:58:49.586	Custom indicator ALERT SIGNAL WTI,H1: loaded successfully
2	12:58:49.603	Custom indicator Trend Trading\TrendTradingCloud WTI,H1: loaded successfully
2	12:58:49.619	Custom indicator RSI Divergence Levels WTI,H1: loaded successfully
2	12:58:49.635	Custom indicator MACD_Volumes-2 WTI,H1: loaded successfully
2	12:58:49.649	Custom indicator Trend Trading\CloudSignalLines WTI,H1: loaded successfully
2	12:58:49.987	Custom indicator MBFX Timing WTI,H1: loaded successfully
2	13:01:01.606	Custom indicator #P4L CandleTime EURGBP,H1: loaded successfully
2	13:01:01.619	Custom indicator TURBO PLUS+ EURGBP,H1: loaded successfully
2	13:01:01.633	Custom indicator ALERT SIGNAL EURGBP,H1: loaded successfully
2	13:01:01.648	Custom indicator Trend Trading\TrendTradingCloud EURGBP,H1: loaded successfully
2	13:01:01.665	Custom indicator RSI Divergence Levels EURGBP,H1: loaded successfully
2	13:01:01.681	Custom indicator MACD_Volumes-2 EURGBP,H1: loaded successfully
2	13:01:01.694	Custom indicator Trend Trading\CloudSignalLines EURGBP,H1: loaded successfully
2	13:01:01.957	Custom indicator MBFX Timing EURGBP,H1: loaded successfully
0	13:02:25.255	'27123197': order sell market 0.10 EURGBP sl: 0.00000 tp: 0.00000
0	13:02:25.720	'27123197': order was opened : #65135186 sell 0.10 EURGBP at 0.87312 sl: 0.00000 tp: 0.00000
0	13:03:07.046	'27123197': modify order #65135186 sell 0.10 EURGBP at 0.87312 sl: 0.00000 tp: 0.00000 -> sl: 0.88262 tp: 0.86932
0	13:03:07.973	'27123197': order #65135186 sell 0.10 EURGBP at 0.87312 was modified -> sl: 0.88262 tp: 0.86932
0	13:03:45.377	'27123197': modify order #65135186 sell 0.10 EURGBP at 0.87312 sl: 0.88262 tp: 0.86932 -> sl: 0.88262 tp: 0.87035
0	13:03:46.165	'27123197': order #65135186 sell 0.10 EURGBP at 0.87312 was modified -> sl: 0.88262 tp: 0.87035
0	13:10:53.295	'27123197': login datacenter on AdmiralMarkets-Live
0	13:11:08.925	'27123197': login on AdmiralMarkets-Live through Access Point #4 (ping: 223.50 ms)
0	13:11:34.494	'27123197': login datacenter on AdmiralMarkets-Live through Access Point #4 (ping: 223.50 ms)
0	13:11:44.246	'27123197': previous successful authorization performed from 154.126.112.132
0	13:16:22.701	'27123197': order buy market 0.10 EURCAD sl: 0.00000 tp: 0.00000
0	13:16:23.555	'27123197': order was opened : #65136063 buy 0.10 EURCAD at 1.51619 sl: 0.00000 tp: 0.00000
0	13:16:31.116	'27123197': modify order #65136063 buy 0.10 EURCAD at 1.51619 sl: 0.00000 tp: 0.00000 -> sl: 0.00000 tp: 1.52106
0	13:16:31.447	'27123197': order #65136063 buy 0.10 EURCAD at 1.51619 was modified -> sl: 0.00000 tp: 1.52106
0	13:16:37.804	'27123197': modify order #65136063 buy 0.10 EURCAD at 1.51619 sl: 0.00000 tp: 1.52106 -> sl: 1.51085 tp: 1.52106
0	13:16:38.103	'27123197': order #65136063 buy 0.10 EURCAD at 1.51619 was modified -> sl: 1.51085 tp: 1.52106
0	13:16:59.374	'27123197': modify order #65136063 buy 0.10 EURCAD at 1.51619 sl: 1.51085 tp: 1.52106 -> sl: 1.51015 tp: 1.52106
0	13:17:00.136	'27123197': order #65136063 buy 0.10 EURCAD at 1.51619 was modified -> sl: 1.51015 tp: 1.52106
1	14:18:00.556	'27123197': ping failed
1	14:18:01.938	'27123197': connect failed [Connection échouée]
0	18:00:52.359	'27123197': login on AdmiralMarkets-Live through Access Point #8 (ping: n/a)
0	18:00:59.337	'27123197': login datacenter on AdmiralMarkets-Live through Access Point #8 (ping: n/a)
0	18:01:02.760	'27123197': previous successful authorization performed from 154.126.112.132
0	18:01:36.748	'27123197': auto connecting to a better access point Access Point #4 (ping is 216.68 ms)
0	18:01:37.395	'27123197': login on AdmiralMarkets-Live through Access Point #4 (ping: 216.68 ms)
0	18:01:40.688	'27123197': login datacenter on AdmiralMarkets-Live through Access Point #4 (ping: 216.68 ms)
0	18:01:41.257	'27123197': previous successful authorization performed from 154.126.112.132
0	18:02:00.398	'27123197': modify order #65107604 buy 0.10 CADCHF at 0.69408 sl: 0.67986 tp: 0.69584 -> sl: 0.67986 tp: 0.69518
0	18:02:01.357	'27123197': order #65107604 buy 0.10 CADCHF at 0.69408 was modified -> sl: 0.67986 tp: 0.69518
1	23:38:54.548	'27123197': ping failed
1	23:38:55.978	'27123197': connect failed [Connection échouée]
0	23:39:10.682	'27123197': login on AdmiralMarkets-Live through Access Point #4 (ping: n/a)
0	23:39:13.612	'27123197': login datacenter on AdmiralMarkets-Live through Access Point #4 (ping: n/a)
0	23:39:15.136	'27123197': previous successful authorization performed from 154.126.112.132
0	23:39:40.380	'27123197': ping to current access point Access Point #4 is 205.82 ms
