0	23:29:05.121	Admiral Markets build 1260 started (Admiral Markets Group AS)
0	23:29:05.122	Windows 10 Pro x64, IE 11, UAC, 8 x Intel Core i7-10510U  @ 1.80GHz, Memory: 1769 / 8014 Mb, Disk: 35 / 237 Gb, GMT+3
0	23:29:05.122	Data Folder: C:\Users\SRIE\AppData\Roaming\MetaQuotes\Terminal\51337600F56B69473E15EAFB8A7586B4
2	23:29:09.693	Custom indicator AIMS Levels V2 DE30,M5: loaded successfully
2	23:29:09.782	Custom indicator AIMS Entry Alert V1 DE30,M5: loaded successfully
2	23:29:09.802	Custom indicator CandleTimer DE30,M5: loaded successfully
2	23:29:09.872	Custom indicator #Signal_Bars_v6 DE30,M5: loaded successfully
2	23:29:09.880	Custom indicator TrendEnvelopes_v1 DE30,M5: loaded successfully
2	23:29:09.950	Custom indicator AIMS AO V.2.1 DE30,M5: loaded successfully
2	23:29:09.960	Custom indicator IVT_MACD_ZERO_LAG DE30,M5: loaded successfully
2	23:29:09.969	Custom indicator RSI Divergence Levels DE30,M5: loaded successfully
2	23:29:09.979	Custom indicator JoeChalhoub_FXForecasterV1 DE30,M5: loaded successfully
2	23:29:10.253	Custom indicator AIMS Levels V2 US30,M1: loaded successfully
2	23:29:10.354	Custom indicator AIMS Entry Alert V1 US30,M1: loaded successfully
2	23:29:10.361	Custom indicator CandleTimer US30,M1: loaded successfully
2	23:29:10.431	Custom indicator #Signal_Bars_v6 US30,M1: loaded successfully
2	23:29:10.439	Custom indicator TrendEnvelopes_v1 US30,M1: loaded successfully
2	23:29:10.507	Custom indicator AIMS AO V.2.1 US30,M1: loaded successfully
2	23:29:10.515	Custom indicator IVT_MACD_ZERO_LAG US30,M1: loaded successfully
2	23:29:10.526	Custom indicator RSI Divergence Levels US30,M1: loaded successfully
2	23:29:10.537	Custom indicator JoeChalhoub_FXForecasterV1 US30,M1: loaded successfully
2	23:29:10.554	Expert Admiral - Mini Terminal US30,M1: loaded successfully
2	23:29:10.804	Custom indicator AIMS Levels V2 FR40,M5: loaded successfully
2	23:29:10.870	Custom indicator AIMS Entry Alert V1 FR40,M5: loaded successfully
2	23:29:10.877	Custom indicator CandleTimer FR40,M5: loaded successfully
2	23:29:10.943	Custom indicator #Signal_Bars_v6 FR40,M5: loaded successfully
2	23:29:11.008	Custom indicator AIMS AO V.2.1 FR40,M5: loaded successfully
2	23:29:11.016	Custom indicator IVT_MACD_ZERO_LAG FR40,M5: loaded successfully
2	23:29:11.024	Custom indicator RSI Divergence Levels FR40,M5: loaded successfully
2	23:29:11.169	Custom indicator AIMS Levels V2 USTEC,M5: loaded successfully
2	23:29:11.234	Custom indicator AIMS Entry Alert V1 USTEC,M5: loaded successfully
2	23:29:11.241	Custom indicator CandleTimer USTEC,M5: loaded successfully
2	23:29:11.306	Custom indicator #Signal_Bars_v6 USTEC,M5: loaded successfully
2	23:29:11.314	Custom indicator TrendEnvelopes_v1 USTEC,M5: loaded successfully
2	23:29:11.376	Custom indicator AIMS AO V.2.1 USTEC,M5: loaded successfully
2	23:29:11.384	Custom indicator IVT_MACD_ZERO_LAG USTEC,M5: loaded successfully
2	23:29:11.392	Custom indicator RSI Divergence Levels USTEC,M5: loaded successfully
2	23:29:11.401	Custom indicator JoeChalhoub_FXForecasterV1 USTEC,M5: loaded successfully
2	23:29:11.582	Custom indicator AIMS Levels V2 USOIL,M5: loaded successfully
2	23:29:11.648	Custom indicator AIMS Entry Alert V1 USOIL,M5: loaded successfully
2	23:29:11.655	Custom indicator CandleTimer USOIL,M5: loaded successfully
2	23:29:11.724	Custom indicator #Signal_Bars_v6 USOIL,M5: loaded successfully
2	23:29:11.789	Custom indicator AIMS AO V.2.1 USOIL,M5: loaded successfully
2	23:29:11.797	Custom indicator IVT_MACD_ZERO_LAG USOIL,M5: loaded successfully
2	23:29:11.805	Custom indicator RSI Divergence Levels USOIL,M5: loaded successfully
2	23:29:11.946	Custom indicator AIMS Levels V2 XAUUSD,H4: loaded successfully
2	23:29:12.011	Custom indicator AIMS Entry Alert V1 XAUUSD,H4: loaded successfully
2	23:29:12.018	Custom indicator CandleTimer XAUUSD,H4: loaded successfully
2	23:29:12.084	Custom indicator #Signal_Bars_v6 XAUUSD,H4: loaded successfully
2	23:29:12.093	Custom indicator TrendEnvelopes_v1 XAUUSD,H4: loaded successfully
2	23:29:12.157	Custom indicator AIMS AO V.2.1 XAUUSD,H4: loaded successfully
2	23:29:12.166	Custom indicator IVT_MACD_ZERO_LAG XAUUSD,H4: loaded successfully
2	23:29:12.175	Custom indicator RSI Divergence Levels XAUUSD,H4: loaded successfully
2	23:29:12.184	Custom indicator JoeChalhoub_FXForecasterV1 XAUUSD,H4: loaded successfully
2	23:29:12.355	Custom indicator AIMS Levels V2 EURUSD,H4: loaded successfully
2	23:29:12.421	Custom indicator AIMS Entry Alert V1 EURUSD,H4: loaded successfully
2	23:29:12.428	Custom indicator CandleTimer EURUSD,H4: loaded successfully
2	23:29:12.494	Custom indicator #Signal_Bars_v6 EURUSD,H4: loaded successfully
2	23:29:12.502	Custom indicator TrendEnvelopes_v1 EURUSD,H4: loaded successfully
2	23:29:12.568	Custom indicator AIMS AO V.2.1 EURUSD,H4: loaded successfully
2	23:29:12.576	Custom indicator IVT_MACD_ZERO_LAG EURUSD,H4: loaded successfully
2	23:29:12.584	Custom indicator RSI Divergence Levels EURUSD,H4: loaded successfully
2	23:29:12.593	Custom indicator JoeChalhoub_FXForecasterV1 EURUSD,H4: loaded successfully
2	23:29:12.821	Custom indicator AIMS Levels V2 GBPUSD,H1: loaded successfully
2	23:29:12.888	Custom indicator AIMS Entry Alert V1 GBPUSD,H1: loaded successfully
2	23:29:12.895	Custom indicator CandleTimer GBPUSD,H1: loaded successfully
2	23:29:12.962	Custom indicator #Signal_Bars_v6 GBPUSD,H1: loaded successfully
2	23:29:12.970	Custom indicator TrendEnvelopes_v1 GBPUSD,H1: loaded successfully
2	23:29:13.037	Custom indicator AIMS AO V.2.1 GBPUSD,H1: loaded successfully
2	23:29:13.045	Custom indicator IVT_MACD_ZERO_LAG GBPUSD,H1: loaded successfully
2	23:29:13.053	Custom indicator RSI Divergence Levels GBPUSD,H1: loaded successfully
2	23:29:13.062	Custom indicator JoeChalhoub_FXForecasterV1 GBPUSD,H1: loaded successfully
2	23:29:13.261	Custom indicator AIMS Levels V2 CADJPY,H4: loaded successfully
2	23:29:13.325	Custom indicator AIMS Entry Alert V1 CADJPY,H4: loaded successfully
2	23:29:13.331	Custom indicator CandleTimer CADJPY,H4: loaded successfully
2	23:29:13.396	Custom indicator #Signal_Bars_v6 CADJPY,H4: loaded successfully
2	23:29:13.405	Custom indicator TrendEnvelopes_v1 CADJPY,H4: loaded successfully
2	23:29:13.471	Custom indicator AIMS AO V.2.1 CADJPY,H4: loaded successfully
2	23:29:13.479	Custom indicator IVT_MACD_ZERO_LAG CADJPY,H4: loaded successfully
2	23:29:13.487	Custom indicator RSI Divergence Levels CADJPY,H4: loaded successfully
2	23:29:13.497	Custom indicator JoeChalhoub_FXForecasterV1 CADJPY,H4: loaded successfully
2	23:29:13.671	Custom indicator AIMS Levels V2 EURJPY,H1: loaded successfully
2	23:29:13.733	Custom indicator AIMS Entry Alert V1 EURJPY,H1: loaded successfully
2	23:29:13.739	Custom indicator CandleTimer EURJPY,H1: loaded successfully
2	23:29:13.801	Custom indicator #Signal_Bars_v6 EURJPY,H1: loaded successfully
2	23:29:13.870	Custom indicator AIMS AO V.2.1 EURJPY,H1: loaded successfully
2	23:29:13.878	Custom indicator IVT_MACD_ZERO_LAG EURJPY,H1: loaded successfully
2	23:29:13.886	Custom indicator RSI Divergence Levels EURJPY,H1: loaded successfully
2	23:29:14.031	Custom indicator AIMS Levels V2 GBPJPY,H4: loaded successfully
2	23:29:14.096	Custom indicator AIMS Entry Alert V1 GBPJPY,H4: loaded successfully
2	23:29:14.103	Custom indicator CandleTimer GBPJPY,H4: loaded successfully
2	23:29:14.173	Custom indicator #Signal_Bars_v6 GBPJPY,H4: loaded successfully
2	23:29:14.182	Custom indicator TrendEnvelopes_v1 GBPJPY,H4: loaded successfully
2	23:29:14.251	Custom indicator AIMS AO V.2.1 GBPJPY,H4: loaded successfully
2	23:29:14.261	Custom indicator IVT_MACD_ZERO_LAG GBPJPY,H4: loaded successfully
2	23:29:14.269	Custom indicator RSI Divergence Levels GBPJPY,H4: loaded successfully
2	23:29:14.278	Custom indicator JoeChalhoub_FXForecasterV1 GBPJPY,H4: loaded successfully
2	23:29:14.452	Custom indicator AIMS Levels V2 USDCAD,H1: loaded successfully
2	23:29:14.518	Custom indicator AIMS Entry Alert V1 USDCAD,H1: loaded successfully
2	23:29:14.525	Custom indicator CandleTimer USDCAD,H1: loaded successfully
2	23:29:14.590	Custom indicator #Signal_Bars_v6 USDCAD,H1: loaded successfully
2	23:29:14.657	Custom indicator AIMS AO V.2.1 USDCAD,H1: loaded successfully
2	23:29:14.665	Custom indicator IVT_MACD_ZERO_LAG USDCAD,H1: loaded successfully
2	23:29:14.674	Custom indicator RSI Divergence Levels USDCAD,H1: loaded successfully
2	23:29:14.818	Custom indicator AIMS Levels V2 EURNZD,H1: loaded successfully
2	23:29:14.882	Custom indicator AIMS Entry Alert V1 EURNZD,H1: loaded successfully
2	23:29:14.891	Custom indicator CandleTimer EURNZD,H1: loaded successfully
2	23:29:14.957	Custom indicator #Signal_Bars_v6 EURNZD,H1: loaded successfully
2	23:29:15.020	Custom indicator AIMS AO V.2.1 EURNZD,H1: loaded successfully
2	23:29:15.029	Custom indicator IVT_MACD_ZERO_LAG EURNZD,H1: loaded successfully
2	23:29:15.038	Custom indicator RSI Divergence Levels EURNZD,H1: loaded successfully
2	23:29:15.182	Custom indicator AIMS Levels V2 EURCAD,M5: loaded successfully
2	23:29:15.246	Custom indicator AIMS Entry Alert V1 EURCAD,M5: loaded successfully
2	23:29:15.253	Custom indicator CandleTimer EURCAD,M5: loaded successfully
2	23:29:15.320	Custom indicator #Signal_Bars_v6 EURCAD,M5: loaded successfully
2	23:29:15.386	Custom indicator AIMS AO V.2.1 EURCAD,M5: loaded successfully
2	23:29:15.396	Custom indicator IVT_MACD_ZERO_LAG EURCAD,M5: loaded successfully
2	23:29:15.407	Custom indicator RSI Divergence Levels EURCAD,M5: loaded successfully
2	23:29:15.566	Custom indicator AIMS Levels V2 AUDUSD,H1: loaded successfully
2	23:29:15.634	Custom indicator AIMS Entry Alert V1 AUDUSD,H1: loaded successfully
2	23:29:15.641	Custom indicator CandleTimer AUDUSD,H1: loaded successfully
2	23:29:15.709	Custom indicator #Signal_Bars_v6 AUDUSD,H1: loaded successfully
2	23:29:15.716	Custom indicator TrendEnvelopes_v1 AUDUSD,H1: loaded successfully
2	23:29:15.782	Custom indicator AIMS AO V.2.1 AUDUSD,H1: loaded successfully
2	23:29:15.791	Custom indicator IVT_MACD_ZERO_LAG AUDUSD,H1: loaded successfully
2	23:29:15.799	Custom indicator RSI Divergence Levels AUDUSD,H1: loaded successfully
2	23:29:15.951	Custom indicator AIMS Levels V2 GBPCAD,M5: loaded successfully
2	23:29:16.015	Custom indicator AIMS Entry Alert V1 GBPCAD,M5: loaded successfully
2	23:29:16.022	Custom indicator CandleTimer GBPCAD,M5: loaded successfully
2	23:29:16.085	Custom indicator #Signal_Bars_v6 GBPCAD,M5: loaded successfully
2	23:29:16.151	Custom indicator AIMS AO V.2.1 GBPCAD,M5: loaded successfully
2	23:29:16.159	Custom indicator IVT_MACD_ZERO_LAG GBPCAD,M5: loaded successfully
2	23:29:16.168	Custom indicator RSI Divergence Levels GBPCAD,M5: loaded successfully
2	23:29:16.315	Custom indicator AIMS Levels V2 USDCHF,H4: loaded successfully
2	23:29:16.381	Custom indicator AIMS Entry Alert V1 USDCHF,H4: loaded successfully
2	23:29:16.387	Custom indicator CandleTimer USDCHF,H4: loaded successfully
2	23:29:16.459	Custom indicator #Signal_Bars_v6 USDCHF,H4: loaded successfully
2	23:29:16.526	Custom indicator AIMS AO V.2.1 USDCHF,H4: loaded successfully
2	23:29:16.535	Custom indicator IVT_MACD_ZERO_LAG USDCHF,H4: loaded successfully
2	23:29:16.543	Custom indicator RSI Divergence Levels USDCHF,H4: loaded successfully
2	23:29:16.712	Custom indicator AIMS Levels V2 EURJPY,H4: loaded successfully
2	23:29:16.779	Custom indicator AIMS Entry Alert V1 EURJPY,H4: loaded successfully
2	23:29:16.786	Custom indicator CandleTimer EURJPY,H4: loaded successfully
2	23:29:16.850	Custom indicator #Signal_Bars_v6 EURJPY,H4: loaded successfully
2	23:29:16.918	Custom indicator AIMS AO V.2.1 EURJPY,H4: loaded successfully
2	23:29:16.926	Custom indicator IVT_MACD_ZERO_LAG EURJPY,H4: loaded successfully
2	23:29:16.938	Custom indicator RSI Divergence Levels EURJPY,H4: loaded successfully
2	23:29:17.070	Custom indicator AIMS Levels V2 EURCHF,M5: loaded successfully
2	23:29:17.133	Custom indicator AIMS Entry Alert V1 EURCHF,M5: loaded successfully
2	23:29:17.140	Custom indicator CandleTimer EURCHF,M5: loaded successfully
2	23:29:17.204	Custom indicator #Signal_Bars_v6 EURCHF,M5: loaded successfully
2	23:29:17.212	Custom indicator TrendEnvelopes_v1 EURCHF,M5: loaded successfully
2	23:29:17.278	Custom indicator AIMS AO V.2.1 EURCHF,M5: loaded successfully
2	23:29:17.287	Custom indicator IVT_MACD_ZERO_LAG EURCHF,M5: loaded successfully
2	23:29:17.295	Custom indicator RSI Divergence Levels EURCHF,M5: loaded successfully
2	23:29:17.304	Custom indicator JoeChalhoub_FXForecasterV1 EURCHF,M5: loaded successfully
2	23:29:17.484	Custom indicator AIMS Levels V2 USDJPY,H1: loaded successfully
2	23:29:17.556	Custom indicator AIMS Entry Alert V1 USDJPY,H1: loaded successfully
2	23:29:17.562	Custom indicator CandleTimer USDJPY,H1: loaded successfully
2	23:29:17.629	Custom indicator #Signal_Bars_v6 USDJPY,H1: loaded successfully
2	23:29:17.695	Custom indicator AIMS AO V.2.1 USDJPY,H1: loaded successfully
2	23:29:17.704	Custom indicator IVT_MACD_ZERO_LAG USDJPY,H1: loaded successfully
2	23:29:17.712	Custom indicator RSI Divergence Levels USDJPY,H1: loaded successfully
2	23:29:17.862	Custom indicator AIMS Levels V2 GBPCAD,H1: loaded successfully
2	23:29:17.929	Custom indicator AIMS Entry Alert V1 GBPCAD,H1: loaded successfully
2	23:29:17.936	Custom indicator CandleTimer GBPCAD,H1: loaded successfully
2	23:29:18.001	Custom indicator #Signal_Bars_v6 GBPCAD,H1: loaded successfully
2	23:29:18.068	Custom indicator AIMS AO V.2.1 GBPCAD,H1: loaded successfully
2	23:29:18.077	Custom indicator IVT_MACD_ZERO_LAG GBPCAD,H1: loaded successfully
2	23:29:18.085	Custom indicator RSI Divergence Levels GBPCAD,H1: loaded successfully
2	23:29:18.217	Custom indicator AIMS Levels V2 EURGBP,H4: loaded successfully
2	23:29:18.284	Custom indicator AIMS Entry Alert V1 EURGBP,H4: loaded successfully
2	23:29:18.290	Custom indicator CandleTimer EURGBP,H4: loaded successfully
2	23:29:18.354	Custom indicator #Signal_Bars_v6 EURGBP,H4: loaded successfully
2	23:29:18.421	Custom indicator AIMS AO V.2.1 EURGBP,H4: loaded successfully
2	23:29:18.429	Custom indicator IVT_MACD_ZERO_LAG EURGBP,H4: loaded successfully
2	23:29:18.437	Custom indicator RSI Divergence Levels EURGBP,H4: loaded successfully
2	23:29:18.589	Custom indicator AIMS Levels V2 CHFJPY,H1: loaded successfully
2	23:29:18.656	Custom indicator AIMS Entry Alert V1 CHFJPY,H1: loaded successfully
2	23:29:18.664	Custom indicator CandleTimer CHFJPY,H1: loaded successfully
2	23:29:18.731	Custom indicator #Signal_Bars_v6 CHFJPY,H1: loaded successfully
2	23:29:18.796	Custom indicator AIMS AO V.2.1 CHFJPY,H1: loaded successfully
2	23:29:18.804	Custom indicator IVT_MACD_ZERO_LAG CHFJPY,H1: loaded successfully
2	23:29:18.814	Custom indicator RSI Divergence Levels CHFJPY,H1: loaded successfully
2	23:29:18.965	Custom indicator ZUP_v102 BTCUSD,M1: loaded successfully
2	23:29:19.086	Custom indicator AIMS Levels V2 GBPCHF,H1: loaded successfully
2	23:29:19.154	Custom indicator AIMS Entry Alert V1 GBPCHF,H1: loaded successfully
2	23:29:19.160	Custom indicator CandleTimer GBPCHF,H1: loaded successfully
2	23:29:19.227	Custom indicator #Signal_Bars_v6 GBPCHF,H1: loaded successfully
2	23:29:19.236	Custom indicator TrendEnvelopes_v1 GBPCHF,H1: loaded successfully
2	23:29:19.304	Custom indicator AIMS AO V.2.1 GBPCHF,H1: loaded successfully
2	23:29:19.313	Custom indicator IVT_MACD_ZERO_LAG GBPCHF,H1: loaded successfully
2	23:29:19.321	Custom indicator RSI Divergence Levels GBPCHF,H1: loaded successfully
2	23:29:19.330	Custom indicator JoeChalhoub_FXForecasterV1 GBPCHF,H1: loaded successfully
2	23:29:19.572	Custom indicator AIMS Levels V2 AUDCAD,H1: loaded successfully
2	23:29:19.657	Custom indicator AIMS Entry Alert V1 AUDCAD,H1: loaded successfully
2	23:29:19.667	Custom indicator CandleTimer AUDCAD,H1: loaded successfully
2	23:29:19.750	Custom indicator #Signal_Bars_v6 AUDCAD,H1: loaded successfully
2	23:29:19.760	Custom indicator TrendEnvelopes_v1 AUDCAD,H1: loaded successfully
2	23:29:19.841	Custom indicator AIMS AO V.2.1 AUDCAD,H1: loaded successfully
2	23:29:19.850	Custom indicator IVT_MACD_ZERO_LAG AUDCAD,H1: loaded successfully
2	23:29:19.860	Custom indicator RSI Divergence Levels AUDCAD,H1: loaded successfully
2	23:29:19.871	Custom indicator JoeChalhoub_FXForecasterV1 AUDCAD,H1: loaded successfully
2	23:29:20.076	Custom indicator AIMS Levels V2 GBPAUD,H4: loaded successfully
2	23:29:20.158	Custom indicator AIMS Entry Alert V1 GBPAUD,H4: loaded successfully
2	23:29:20.166	Custom indicator CandleTimer GBPAUD,H4: loaded successfully
2	23:29:20.243	Custom indicator #Signal_Bars_v6 GBPAUD,H4: loaded successfully
2	23:29:20.253	Custom indicator TrendEnvelopes_v1 GBPAUD,H4: loaded successfully
2	23:29:20.331	Custom indicator AIMS AO V.2.1 GBPAUD,H4: loaded successfully
2	23:29:20.341	Custom indicator IVT_MACD_ZERO_LAG GBPAUD,H4: loaded successfully
2	23:29:20.350	Custom indicator RSI Divergence Levels GBPAUD,H4: loaded successfully
2	23:29:20.361	Custom indicator JoeChalhoub_FXForecasterV1 GBPAUD,H4: loaded successfully
2	23:29:20.564	Custom indicator AIMS Levels V2 GBPNZD,H4: loaded successfully
2	23:29:20.642	Custom indicator AIMS Entry Alert V1 GBPNZD,H4: loaded successfully
2	23:29:20.649	Custom indicator CandleTimer GBPNZD,H4: loaded successfully
2	23:29:20.725	Custom indicator #Signal_Bars_v6 GBPNZD,H4: loaded successfully
2	23:29:20.734	Custom indicator TrendEnvelopes_v1 GBPNZD,H4: loaded successfully
2	23:29:20.810	Custom indicator AIMS AO V.2.1 GBPNZD,H4: loaded successfully
2	23:29:20.819	Custom indicator IVT_MACD_ZERO_LAG GBPNZD,H4: loaded successfully
2	23:29:20.829	Custom indicator RSI Divergence Levels GBPNZD,H4: loaded successfully
2	23:29:20.839	Custom indicator JoeChalhoub_FXForecasterV1 GBPNZD,H4: loaded successfully
2	23:29:21.032	Custom indicator AIMS Levels V2 EURGBP,H4: loaded successfully
2	23:29:21.110	Custom indicator AIMS Entry Alert V1 EURGBP,H4: loaded successfully
2	23:29:21.118	Custom indicator CandleTimer EURGBP,H4: loaded successfully
2	23:29:21.193	Custom indicator #Signal_Bars_v6 EURGBP,H4: loaded successfully
2	23:29:21.201	Custom indicator TrendEnvelopes_v1 EURGBP,H4: loaded successfully
2	23:29:21.276	Custom indicator AIMS AO V.2.1 EURGBP,H4: loaded successfully
2	23:29:21.285	Custom indicator IVT_MACD_ZERO_LAG EURGBP,H4: loaded successfully
2	23:29:21.294	Custom indicator RSI Divergence Levels EURGBP,H4: loaded successfully
2	23:29:21.304	Custom indicator JoeChalhoub_FXForecasterV1 EURGBP,H4: loaded successfully
2	23:29:21.485	Custom indicator AIMS Levels V2 GBPAUD,H1: loaded successfully
2	23:29:21.558	Custom indicator AIMS Entry Alert V1 GBPAUD,H1: loaded successfully
2	23:29:21.566	Custom indicator CandleTimer GBPAUD,H1: loaded successfully
2	23:29:21.638	Custom indicator #Signal_Bars_v6 GBPAUD,H1: loaded successfully
2	23:29:21.647	Custom indicator TrendEnvelopes_v1 GBPAUD,H1: loaded successfully
2	23:29:21.720	Custom indicator AIMS AO V.2.1 GBPAUD,H1: loaded successfully
2	23:29:21.729	Custom indicator IVT_MACD_ZERO_LAG GBPAUD,H1: loaded successfully
2	23:29:21.738	Custom indicator RSI Divergence Levels GBPAUD,H1: loaded successfully
2	23:29:21.748	Custom indicator JoeChalhoub_FXForecasterV1 GBPAUD,H1: loaded successfully
2	23:29:21.921	Custom indicator AIMS Levels V2 EURAUD,H1: loaded successfully
2	23:29:21.993	Custom indicator AIMS Entry Alert V1 EURAUD,H1: loaded successfully
2	23:29:22.000	Custom indicator CandleTimer EURAUD,H1: loaded successfully
2	23:29:22.071	Custom indicator #Signal_Bars_v6 EURAUD,H1: loaded successfully
2	23:29:22.080	Custom indicator TrendEnvelopes_v1 EURAUD,H1: loaded successfully
2	23:29:22.151	Custom indicator AIMS AO V.2.1 EURAUD,H1: loaded successfully
2	23:29:22.160	Custom indicator IVT_MACD_ZERO_LAG EURAUD,H1: loaded successfully
2	23:29:22.168	Custom indicator RSI Divergence Levels EURAUD,H1: loaded successfully
2	23:29:22.178	Custom indicator JoeChalhoub_FXForecasterV1 EURAUD,H1: loaded successfully
0	23:29:27.074	'14109544': login on Exness-Real4 through DC15 (ping: 700.62 ms)
0	23:29:34.188	'14109544': login datacenter on Exness-Real4 through DC15 (ping: 700.62 ms)
0	23:29:37.054	'14109544': previous successful authorization performed from 220.242.139.10
0	23:30:00.421	'14109544': auto connecting to a better access point DC06 (ping is 369.24 ms)
0	23:30:01.411	'14109544': login on Exness-Real4 through DC06 (ping: 369.24 ms)
0	23:30:08.855	'14109544': login datacenter on Exness-Real4 through DC06 (ping: 369.24 ms)
0	23:30:11.220	'14109544': previous successful authorization performed from 197.149.38.160
0	23:32:09.102	'8221994': login on Exness-Trial2 through DC00 (ping: 204.22 ms)
0	23:32:14.806	'8221994': login datacenter on Exness-Trial2 through DC00 (ping: 204.22 ms)
0	23:32:16.009	'8221994': previous successful authorization performed from 154.126.113.80
0	23:32:39.080	'8221994': auto connecting to a better access point DC16 (ping is 340.06 ms)
0	23:32:41.446	'8221994': login on Exness-Trial2 through DC16 (ping: 340.06 ms)
0	23:32:44.071	'8221994': login datacenter on Exness-Trial2 through DC16 (ping: 340.06 ms)
0	23:32:44.851	'8221994': previous successful authorization performed from 197.149.38.160
1	23:33:25.726	'8221994': datacenter connecting failed [6]
0	23:33:27.239	'8221994': login on Exness-Trial2 through DC00 (ping: 371.34 ms)
0	23:33:30.673	'8221994': login datacenter on Exness-Trial2 through DC00 (ping: 371.34 ms)
0	23:33:31.546	'8221994': previous successful authorization performed from 197.149.38.160
2	23:41:02.763	Custom indicator AIMS Levels V2 EURUSD,H4: removed
2	23:41:02.763	Custom indicator AIMS Entry Alert V1 EURUSD,H4: removed
2	23:41:02.765	Custom indicator CandleTimer EURUSD,H4: removed
2	23:41:02.765	Custom indicator #Signal_Bars_v6 EURUSD,H4: removed
2	23:41:02.767	Custom indicator TrendEnvelopes_v1 EURUSD,H4: removed
2	23:41:02.767	Custom indicator AIMS AO V.2.1 EURUSD,H4: removed
2	23:41:02.769	Custom indicator IVT_MACD_ZERO_LAG EURUSD,H4: removed
2	23:41:02.771	Custom indicator RSI Divergence Levels EURUSD,H4: removed
2	23:41:02.774	Custom indicator JoeChalhoub_FXForecasterV1 EURUSD,H4: removed
2	23:41:30.219	Custom indicator MACD Candles v4 EURUSD,M30: loaded successfully
2	23:41:38.036	Custom indicator MACD Candles v4 EURUSD,M30: removed
2	23:41:38.053	Custom indicator $-ForecastCityIntradayIndicator EURUSD,M30: loaded successfully
2	23:41:38.132	Custom indicator Entry EURUSD,M30: loaded successfully
2	23:41:38.208	Custom indicator Trend EURUSD,M30: loaded successfully
2	23:41:48.577	Custom indicator $-ForecastCityIntradayIndicator EURUSD,M30: removed
2	23:42:08.512	Custom indicator Entry EURUSD,M30: removed
2	23:42:08.512	Custom indicator Trend EURUSD,M30: removed
2	23:42:08.525	Custom indicator Agims EURUSD,M30: loaded successfully
2	23:42:18.317	Custom indicator Agims EURUSD,M30: removed
2	23:43:01.710	Custom indicator Cortezh_fix EURUSD,M30: loaded successfully
2	23:43:28.469	Custom indicator Cortezh_fix EURUSD,M30: removed
2	23:43:28.490	Custom indicator AIMS Levels V2 GBPJPY,H4: removed
2	23:43:28.490	Custom indicator AIMS Entry Alert V1 GBPJPY,H4: removed
2	23:43:28.492	Custom indicator CandleTimer GBPJPY,H4: removed
2	23:43:28.492	Custom indicator #Signal_Bars_v6 GBPJPY,H4: removed
2	23:43:28.493	Custom indicator TrendEnvelopes_v1 GBPJPY,H4: removed
2	23:43:28.493	Custom indicator AIMS AO V.2.1 GBPJPY,H4: removed
2	23:43:28.495	Custom indicator IVT_MACD_ZERO_LAG GBPJPY,H4: removed
2	23:43:28.496	Custom indicator RSI Divergence Levels GBPJPY,H4: removed
2	23:43:28.497	Custom indicator JoeChalhoub_FXForecasterV1 GBPJPY,H4: removed
2	23:43:28.519	Custom indicator AIMS Levels V2 CADJPY,H4: removed
2	23:43:28.519	Custom indicator AIMS Entry Alert V1 CADJPY,H4: removed
2	23:43:28.522	Custom indicator CandleTimer CADJPY,H4: removed
2	23:43:28.523	Custom indicator #Signal_Bars_v6 CADJPY,H4: removed
2	23:43:28.525	Custom indicator TrendEnvelopes_v1 CADJPY,H4: removed
2	23:43:28.525	Custom indicator AIMS AO V.2.1 CADJPY,H4: removed
2	23:43:28.527	Custom indicator IVT_MACD_ZERO_LAG CADJPY,H4: removed
2	23:43:28.528	Custom indicator RSI Divergence Levels CADJPY,H4: removed
2	23:43:28.530	Custom indicator JoeChalhoub_FXForecasterV1 CADJPY,H4: removed
2	23:43:28.562	Custom indicator AIMS Levels V2 EURGBP,H4: removed
2	23:43:28.562	Custom indicator AIMS Entry Alert V1 EURGBP,H4: removed
2	23:43:28.564	Custom indicator CandleTimer EURGBP,H4: removed
2	23:43:28.564	Custom indicator #Signal_Bars_v6 EURGBP,H4: removed
2	23:43:28.565	Custom indicator TrendEnvelopes_v1 EURGBP,H4: removed
2	23:43:28.566	Custom indicator AIMS AO V.2.1 EURGBP,H4: removed
2	23:43:28.568	Custom indicator IVT_MACD_ZERO_LAG EURGBP,H4: removed
2	23:43:28.572	Custom indicator RSI Divergence Levels EURGBP,H4: removed
2	23:43:28.574	Custom indicator JoeChalhoub_FXForecasterV1 EURGBP,H4: removed
2	23:43:28.603	Custom indicator AIMS Levels V2 GBPUSD,H1: removed
2	23:43:28.603	Custom indicator AIMS Entry Alert V1 GBPUSD,H1: removed
2	23:43:28.606	Custom indicator CandleTimer GBPUSD,H1: removed
2	23:43:28.606	Custom indicator #Signal_Bars_v6 GBPUSD,H1: removed
2	23:43:28.608	Custom indicator TrendEnvelopes_v1 GBPUSD,H1: removed
2	23:43:28.609	Custom indicator AIMS AO V.2.1 GBPUSD,H1: removed
2	23:43:28.610	Custom indicator IVT_MACD_ZERO_LAG GBPUSD,H1: removed
2	23:43:28.612	Custom indicator RSI Divergence Levels GBPUSD,H1: removed
2	23:43:28.613	Custom indicator JoeChalhoub_FXForecasterV1 GBPUSD,H1: removed
2	23:43:28.639	Custom indicator AIMS Levels V2 USTEC,M5: removed
2	23:43:28.640	Custom indicator AIMS Entry Alert V1 USTEC,M5: removed
2	23:43:28.642	Custom indicator CandleTimer USTEC,M5: removed
2	23:43:28.642	Custom indicator #Signal_Bars_v6 USTEC,M5: removed
2	23:43:28.643	Custom indicator TrendEnvelopes_v1 USTEC,M5: removed
2	23:43:28.643	Custom indicator AIMS AO V.2.1 USTEC,M5: removed
2	23:43:28.645	Custom indicator IVT_MACD_ZERO_LAG USTEC,M5: removed
2	23:43:28.646	Custom indicator RSI Divergence Levels USTEC,M5: removed
2	23:43:28.648	Custom indicator JoeChalhoub_FXForecasterV1 USTEC,M5: removed
2	23:43:28.673	Custom indicator AIMS Levels V2 XAUUSD,H4: removed
2	23:43:28.674	Custom indicator AIMS Entry Alert V1 XAUUSD,H4: removed
2	23:43:28.676	Custom indicator CandleTimer XAUUSD,H4: removed
2	23:43:28.676	Custom indicator #Signal_Bars_v6 XAUUSD,H4: removed
2	23:43:28.678	Custom indicator TrendEnvelopes_v1 XAUUSD,H4: removed
2	23:43:28.678	Custom indicator AIMS AO V.2.1 XAUUSD,H4: removed
2	23:43:28.680	Custom indicator IVT_MACD_ZERO_LAG XAUUSD,H4: removed
2	23:43:28.682	Custom indicator RSI Divergence Levels XAUUSD,H4: removed
2	23:43:28.686	Custom indicator JoeChalhoub_FXForecasterV1 XAUUSD,H4: removed
2	23:43:28.710	Custom indicator AIMS Levels V2 USOIL,M5: removed
2	23:43:28.710	Custom indicator AIMS Entry Alert V1 USOIL,M5: removed
2	23:43:28.712	Custom indicator CandleTimer USOIL,M5: removed
2	23:43:28.713	Custom indicator #Signal_Bars_v6 USOIL,M5: removed
2	23:43:28.713	Custom indicator AIMS AO V.2.1 USOIL,M5: removed
2	23:43:28.715	Custom indicator IVT_MACD_ZERO_LAG USOIL,M5: removed
2	23:43:28.716	Custom indicator RSI Divergence Levels USOIL,M5: removed
2	23:43:28.741	Custom indicator AIMS Levels V2 FR40,M5: removed
2	23:43:28.741	Custom indicator AIMS Entry Alert V1 FR40,M5: removed
2	23:43:28.743	Custom indicator CandleTimer FR40,M5: removed
2	23:43:28.743	Custom indicator #Signal_Bars_v6 FR40,M5: removed
2	23:43:28.743	Custom indicator AIMS AO V.2.1 FR40,M5: removed
2	23:43:28.745	Custom indicator IVT_MACD_ZERO_LAG FR40,M5: removed
2	23:43:28.747	Custom indicator RSI Divergence Levels FR40,M5: removed
2	23:43:28.776	Expert Admiral - Mini Terminal US30,M1: removed
2	23:43:28.778	Custom indicator AIMS Levels V2 US30,M1: removed
2	23:43:28.778	Custom indicator AIMS Entry Alert V1 US30,M1: removed
2	23:43:28.780	Custom indicator CandleTimer US30,M1: removed
2	23:43:28.780	Custom indicator #Signal_Bars_v6 US30,M1: removed
2	23:43:28.782	Custom indicator TrendEnvelopes_v1 US30,M1: removed
2	23:43:28.782	Custom indicator AIMS AO V.2.1 US30,M1: removed
2	23:43:28.784	Custom indicator IVT_MACD_ZERO_LAG US30,M1: removed
2	23:43:28.788	Custom indicator RSI Divergence Levels US30,M1: removed
2	23:43:28.790	Custom indicator JoeChalhoub_FXForecasterV1 US30,M1: removed
2	23:43:28.813	Custom indicator AIMS Levels V2 DE30,M5: removed
2	23:43:28.813	Custom indicator AIMS Entry Alert V1 DE30,M5: removed
2	23:43:28.815	Custom indicator CandleTimer DE30,M5: removed
2	23:43:28.815	Custom indicator #Signal_Bars_v6 DE30,M5: removed
2	23:43:28.817	Custom indicator TrendEnvelopes_v1 DE30,M5: removed
2	23:43:28.817	Custom indicator AIMS AO V.2.1 DE30,M5: removed
2	23:43:28.821	Custom indicator IVT_MACD_ZERO_LAG DE30,M5: removed
2	23:43:28.825	Custom indicator RSI Divergence Levels DE30,M5: removed
2	23:43:28.827	Custom indicator JoeChalhoub_FXForecasterV1 DE30,M5: removed
2	23:43:28.847	Custom indicator AIMS Levels V2 EURNZD,H1: removed
2	23:43:28.847	Custom indicator AIMS Entry Alert V1 EURNZD,H1: removed
2	23:43:28.848	Custom indicator CandleTimer EURNZD,H1: removed
2	23:43:28.848	Custom indicator #Signal_Bars_v6 EURNZD,H1: removed
2	23:43:28.848	Custom indicator AIMS AO V.2.1 EURNZD,H1: removed
2	23:43:28.850	Custom indicator IVT_MACD_ZERO_LAG EURNZD,H1: removed
2	23:43:28.854	Custom indicator RSI Divergence Levels EURNZD,H1: removed
2	23:43:28.874	Custom indicator AIMS Levels V2 EURAUD,H1: removed
2	23:43:28.874	Custom indicator AIMS Entry Alert V1 EURAUD,H1: removed
2	23:43:28.875	Custom indicator CandleTimer EURAUD,H1: removed
2	23:43:28.875	Custom indicator #Signal_Bars_v6 EURAUD,H1: removed
2	23:43:28.877	Custom indicator TrendEnvelopes_v1 EURAUD,H1: removed
2	23:43:28.877	Custom indicator AIMS AO V.2.1 EURAUD,H1: removed
2	23:43:28.878	Custom indicator IVT_MACD_ZERO_LAG EURAUD,H1: removed
2	23:43:28.880	Custom indicator RSI Divergence Levels EURAUD,H1: removed
2	23:43:28.881	Custom indicator JoeChalhoub_FXForecasterV1 EURAUD,H1: removed
2	23:43:28.902	Custom indicator AIMS Levels V2 GBPCAD,H1: removed
2	23:43:28.902	Custom indicator AIMS Entry Alert V1 GBPCAD,H1: removed
2	23:43:28.904	Custom indicator CandleTimer GBPCAD,H1: removed
2	23:43:28.905	Custom indicator #Signal_Bars_v6 GBPCAD,H1: removed
2	23:43:28.905	Custom indicator AIMS AO V.2.1 GBPCAD,H1: removed
2	23:43:28.906	Custom indicator IVT_MACD_ZERO_LAG GBPCAD,H1: removed
2	23:43:28.908	Custom indicator RSI Divergence Levels GBPCAD,H1: removed
2	23:43:28.926	Custom indicator AIMS Levels V2 GBPAUD,H1: removed
2	23:43:28.927	Custom indicator AIMS Entry Alert V1 GBPAUD,H1: removed
2	23:43:28.929	Custom indicator CandleTimer GBPAUD,H1: removed
2	23:43:28.929	Custom indicator #Signal_Bars_v6 GBPAUD,H1: removed
2	23:43:28.930	Custom indicator TrendEnvelopes_v1 GBPAUD,H1: removed
2	23:43:28.930	Custom indicator AIMS AO V.2.1 GBPAUD,H1: removed
2	23:43:28.931	Custom indicator IVT_MACD_ZERO_LAG GBPAUD,H1: removed
2	23:43:28.933	Custom indicator RSI Divergence Levels GBPAUD,H1: removed
2	23:43:28.935	Custom indicator JoeChalhoub_FXForecasterV1 GBPAUD,H1: removed
2	23:43:28.955	Custom indicator AIMS Levels V2 GBPCAD,M5: removed
2	23:43:28.955	Custom indicator AIMS Entry Alert V1 GBPCAD,M5: removed
2	23:43:28.957	Custom indicator CandleTimer GBPCAD,M5: removed
2	23:43:28.957	Custom indicator #Signal_Bars_v6 GBPCAD,M5: removed
2	23:43:28.957	Custom indicator AIMS AO V.2.1 GBPCAD,M5: removed
2	23:43:28.959	Custom indicator IVT_MACD_ZERO_LAG GBPCAD,M5: removed
2	23:43:28.960	Custom indicator RSI Divergence Levels GBPCAD,M5: removed
2	23:43:28.980	Custom indicator AIMS Levels V2 EURCAD,M5: removed
2	23:43:28.981	Custom indicator AIMS Entry Alert V1 EURCAD,M5: removed
2	23:43:28.982	Custom indicator CandleTimer EURCAD,M5: removed
2	23:43:28.982	Custom indicator #Signal_Bars_v6 EURCAD,M5: removed
2	23:43:28.982	Custom indicator AIMS AO V.2.1 EURCAD,M5: removed
2	23:43:28.984	Custom indicator IVT_MACD_ZERO_LAG EURCAD,M5: removed
2	23:43:28.987	Custom indicator RSI Divergence Levels EURCAD,M5: removed
2	23:43:29.005	Custom indicator AIMS Levels V2 AUDUSD,H1: removed
2	23:43:29.005	Custom indicator AIMS Entry Alert V1 AUDUSD,H1: removed
2	23:43:29.006	Custom indicator CandleTimer AUDUSD,H1: removed
2	23:43:29.006	Custom indicator #Signal_Bars_v6 AUDUSD,H1: removed
2	23:43:29.008	Custom indicator TrendEnvelopes_v1 AUDUSD,H1: removed
2	23:43:29.008	Custom indicator AIMS AO V.2.1 AUDUSD,H1: removed
2	23:43:29.009	Custom indicator IVT_MACD_ZERO_LAG AUDUSD,H1: removed
2	23:43:29.011	Custom indicator RSI Divergence Levels AUDUSD,H1: removed
2	23:43:29.028	Custom indicator AIMS Levels V2 EURJPY,H1: removed
2	23:43:29.028	Custom indicator AIMS Entry Alert V1 EURJPY,H1: removed
2	23:43:29.030	Custom indicator CandleTimer EURJPY,H1: removed
2	23:43:29.030	Custom indicator #Signal_Bars_v6 EURJPY,H1: removed
2	23:43:29.030	Custom indicator AIMS AO V.2.1 EURJPY,H1: removed
2	23:43:29.031	Custom indicator IVT_MACD_ZERO_LAG EURJPY,H1: removed
2	23:43:29.033	Custom indicator RSI Divergence Levels EURJPY,H1: removed
2	23:43:29.051	Custom indicator AIMS Levels V2 GBPNZD,H4: removed
2	23:43:29.051	Custom indicator AIMS Entry Alert V1 GBPNZD,H4: removed
2	23:43:29.054	Custom indicator CandleTimer GBPNZD,H4: removed
2	23:43:29.054	Custom indicator #Signal_Bars_v6 GBPNZD,H4: removed
2	23:43:29.055	Custom indicator TrendEnvelopes_v1 GBPNZD,H4: removed
2	23:43:29.055	Custom indicator AIMS AO V.2.1 GBPNZD,H4: removed
2	23:43:29.057	Custom indicator IVT_MACD_ZERO_LAG GBPNZD,H4: removed
2	23:43:29.059	Custom indicator RSI Divergence Levels GBPNZD,H4: removed
2	23:43:29.060	Custom indicator JoeChalhoub_FXForecasterV1 GBPNZD,H4: removed
2	23:43:29.077	Custom indicator AIMS Levels V2 USDCAD,H1: removed
2	23:43:29.077	Custom indicator AIMS Entry Alert V1 USDCAD,H1: removed
2	23:43:29.078	Custom indicator CandleTimer USDCAD,H1: removed
2	23:43:29.079	Custom indicator #Signal_Bars_v6 USDCAD,H1: removed
2	23:43:29.079	Custom indicator AIMS AO V.2.1 USDCAD,H1: removed
2	23:43:29.080	Custom indicator IVT_MACD_ZERO_LAG USDCAD,H1: removed
2	23:43:29.081	Custom indicator RSI Divergence Levels USDCAD,H1: removed
2	23:43:29.098	Custom indicator ZUP_v102 BTCUSD,M1: removed
2	23:43:29.121	Custom indicator AIMS Levels V2 CHFJPY,H1: removed
2	23:43:29.121	Custom indicator AIMS Entry Alert V1 CHFJPY,H1: removed
2	23:43:29.122	Custom indicator CandleTimer CHFJPY,H1: removed
2	23:43:29.122	Custom indicator #Signal_Bars_v6 CHFJPY,H1: removed
2	23:43:29.123	Custom indicator AIMS AO V.2.1 CHFJPY,H1: removed
2	23:43:29.124	Custom indicator IVT_MACD_ZERO_LAG CHFJPY,H1: removed
2	23:43:29.125	Custom indicator RSI Divergence Levels CHFJPY,H1: removed
2	23:43:29.142	Custom indicator AIMS Levels V2 GBPAUD,H4: removed
2	23:43:29.143	Custom indicator AIMS Entry Alert V1 GBPAUD,H4: removed
2	23:43:29.144	Custom indicator CandleTimer GBPAUD,H4: removed
2	23:43:29.145	Custom indicator #Signal_Bars_v6 GBPAUD,H4: removed
2	23:43:29.146	Custom indicator TrendEnvelopes_v1 GBPAUD,H4: removed
2	23:43:29.146	Custom indicator AIMS AO V.2.1 GBPAUD,H4: removed
2	23:43:29.147	Custom indicator IVT_MACD_ZERO_LAG GBPAUD,H4: removed
2	23:43:29.149	Custom indicator RSI Divergence Levels GBPAUD,H4: removed
2	23:43:29.151	Custom indicator JoeChalhoub_FXForecasterV1 GBPAUD,H4: removed
2	23:43:29.169	Custom indicator AIMS Levels V2 USDJPY,H1: removed
2	23:43:29.170	Custom indicator AIMS Entry Alert V1 USDJPY,H1: removed
2	23:43:29.172	Custom indicator CandleTimer USDJPY,H1: removed
2	23:43:29.172	Custom indicator #Signal_Bars_v6 USDJPY,H1: removed
2	23:43:29.172	Custom indicator AIMS AO V.2.1 USDJPY,H1: removed
2	23:43:29.173	Custom indicator IVT_MACD_ZERO_LAG USDJPY,H1: removed
2	23:43:29.175	Custom indicator RSI Divergence Levels USDJPY,H1: removed
2	23:43:29.191	Custom indicator AIMS Levels V2 EURCHF,M5: removed
2	23:43:29.191	Custom indicator AIMS Entry Alert V1 EURCHF,M5: removed
2	23:43:29.193	Custom indicator CandleTimer EURCHF,M5: removed
2	23:43:29.193	Custom indicator #Signal_Bars_v6 EURCHF,M5: removed
2	23:43:29.194	Custom indicator TrendEnvelopes_v1 EURCHF,M5: removed
2	23:43:29.194	Custom indicator AIMS AO V.2.1 EURCHF,M5: removed
2	23:43:29.196	Custom indicator IVT_MACD_ZERO_LAG EURCHF,M5: removed
2	23:43:29.197	Custom indicator RSI Divergence Levels EURCHF,M5: removed
2	23:43:29.199	Custom indicator JoeChalhoub_FXForecasterV1 EURCHF,M5: removed
2	23:43:29.214	Custom indicator AIMS Levels V2 EURJPY,H4: removed
2	23:43:29.214	Custom indicator AIMS Entry Alert V1 EURJPY,H4: removed
2	23:43:29.216	Custom indicator CandleTimer EURJPY,H4: removed
2	23:43:29.216	Custom indicator #Signal_Bars_v6 EURJPY,H4: removed
2	23:43:29.216	Custom indicator AIMS AO V.2.1 EURJPY,H4: removed
2	23:43:29.219	Custom indicator IVT_MACD_ZERO_LAG EURJPY,H4: removed
2	23:43:29.221	Custom indicator RSI Divergence Levels EURJPY,H4: removed
2	23:43:29.237	Custom indicator AIMS Levels V2 USDCHF,H4: removed
2	23:43:29.238	Custom indicator AIMS Entry Alert V1 USDCHF,H4: removed
2	23:43:29.239	Custom indicator CandleTimer USDCHF,H4: removed
2	23:43:29.240	Custom indicator #Signal_Bars_v6 USDCHF,H4: removed
2	23:43:29.240	Custom indicator AIMS AO V.2.1 USDCHF,H4: removed
2	23:43:29.241	Custom indicator IVT_MACD_ZERO_LAG USDCHF,H4: removed
2	23:43:29.243	Custom indicator RSI Divergence Levels USDCHF,H4: removed
2	23:43:29.259	Custom indicator AIMS Levels V2 AUDCAD,H1: removed
2	23:43:29.259	Custom indicator AIMS Entry Alert V1 AUDCAD,H1: removed
2	23:43:29.261	Custom indicator CandleTimer AUDCAD,H1: removed
2	23:43:29.261	Custom indicator #Signal_Bars_v6 AUDCAD,H1: removed
2	23:43:29.262	Custom indicator TrendEnvelopes_v1 AUDCAD,H1: removed
2	23:43:29.263	Custom indicator AIMS AO V.2.1 AUDCAD,H1: removed
2	23:43:29.264	Custom indicator IVT_MACD_ZERO_LAG AUDCAD,H1: removed
2	23:43:29.265	Custom indicator RSI Divergence Levels AUDCAD,H1: removed
2	23:43:29.268	Custom indicator JoeChalhoub_FXForecasterV1 AUDCAD,H1: removed
2	23:43:29.282	Custom indicator AIMS Levels V2 GBPCHF,H1: removed
2	23:43:29.283	Custom indicator AIMS Entry Alert V1 GBPCHF,H1: removed
2	23:43:29.285	Custom indicator CandleTimer GBPCHF,H1: removed
2	23:43:29.285	Custom indicator #Signal_Bars_v6 GBPCHF,H1: removed
2	23:43:29.287	Custom indicator TrendEnvelopes_v1 GBPCHF,H1: removed
2	23:43:29.288	Custom indicator AIMS AO V.2.1 GBPCHF,H1: removed
2	23:43:29.289	Custom indicator IVT_MACD_ZERO_LAG GBPCHF,H1: removed
2	23:43:29.291	Custom indicator RSI Divergence Levels GBPCHF,H1: removed
2	23:43:29.292	Custom indicator JoeChalhoub_FXForecasterV1 GBPCHF,H1: removed
2	23:43:29.301	Custom indicator AIMS Levels V2 EURGBP,H4: removed
2	23:43:29.301	Custom indicator AIMS Entry Alert V1 EURGBP,H4: removed
2	23:43:29.304	Custom indicator CandleTimer EURGBP,H4: removed
2	23:43:29.304	Custom indicator #Signal_Bars_v6 EURGBP,H4: removed
2	23:43:29.304	Custom indicator AIMS AO V.2.1 EURGBP,H4: removed
2	23:43:29.305	Custom indicator IVT_MACD_ZERO_LAG EURGBP,H4: removed
2	23:43:29.307	Custom indicator RSI Divergence Levels EURGBP,H4: removed
2	23:43:29.429	Custom indicator CandleTimer EURUSD,M1: loaded successfully
2	23:43:29.472	Custom indicator CandleTimer AUDUSD,M1: loaded successfully
2	23:43:29.512	Custom indicator CandleTimer GBPUSD,M1: loaded successfully
2	23:43:56.053	Custom indicator Cortezh_fix EURUSD,M1: loaded successfully
2	23:44:57.393	Custom indicator Heir W_fix EURUSD,M30: loaded successfully
2	23:50:51.296	Custom indicator CandleTimer EURUSD,M30: removed
2	23:50:51.297	Custom indicator Heir W_fix EURUSD,M30: removed
2	23:50:51.299	Custom indicator Cortezh_fix EURUSD,M30: removed
2	23:50:51.317	Custom indicator CandleTimer GBPUSD,M1: removed
2	23:50:51.329	Custom indicator CandleTimer AUDUSD,M1: removed
2	23:50:51.350	Custom indicator $-ForecastCityIntradayIndicator EURUSD,H1: loaded successfully
2	23:50:51.422	Custom indicator $-ForecastCityIntradayIndicator GBPUSD,H1: loaded successfully
2	23:50:51.492	Custom indicator $-ForecastCityIntradayIndicator AUDUSD,H1: loaded successfully
2	23:50:51.563	Custom indicator $-ForecastCityIntradayIndicator EURJPY,H1: loaded successfully
2	23:50:51.642	Custom indicator $-ForecastCityIntradayIndicator GBPJPY,H1: loaded successfully
2	23:50:51.714	Custom indicator $-ForecastCityIntradayIndicator NZDUSD,H1: loaded successfully
2	23:50:51.789	Custom indicator $-ForecastCityIntradayIndicator USDCAD,H1: loaded successfully
2	23:50:51.862	Custom indicator $-ForecastCityIntradayIndicator USDJPY,H1: loaded successfully
2	23:50:51.935	Custom indicator $-ForecastCityIntradayIndicator USDCHF,H1: loaded successfully
2	23:51:01.675	Custom indicator $-ForecastCityIntradayIndicator EURUSD,H1: removed
0	23:51:01.752	'8221994': pending order sell limit 0.50 GBPJPY at 134.822 sl: 0.000 tp: 0.000
1	23:51:02.213	'8221994': order sell limit 0.50 GBPJPY opening at 134.822 sl: 0.000 tp: 0.000 failed [Market is closed]
2	23:51:04.074	Custom indicator $-ForecastCityIntradayIndicator GBPUSD,H1: removed
2	23:51:05.931	Custom indicator $-ForecastCityIntradayIndicator AUDUSD,H1: removed
2	23:51:08.069	Custom indicator $-ForecastCityIntradayIndicator EURJPY,H1: removed
2	23:51:11.274	Custom indicator $-ForecastCityIntradayIndicator GBPJPY,H1: removed
2	23:51:13.540	Custom indicator $-ForecastCityIntradayIndicator NZDUSD,H1: removed
2	23:51:15.542	Custom indicator $-ForecastCityIntradayIndicator USDCAD,H1: removed
2	23:51:17.940	Custom indicator $-ForecastCityIntradayIndicator USDJPY,H1: removed
2	23:51:25.513	Custom indicator $-ForecastCityIntradayIndicator USDCHF,H1: removed
2	23:51:26.343	Custom indicator CandleTimer GBPJPY,H1: loaded successfully
2	23:51:26.354	Custom indicator Heir W_fix GBPJPY,H1: loaded successfully
2	23:51:26.363	Custom indicator Cortezh_fix GBPJPY,H1: loaded successfully
2	23:52:57.239	Custom indicator CandleTimer NZDUSD,H1: loaded successfully
2	23:52:57.251	Custom indicator Heir W_fix NZDUSD,H1: loaded successfully
2	23:52:57.262	Custom indicator Cortezh_fix NZDUSD,H1: loaded successfully
