1	02:46:45.072	MQL5.community: authorization failed
1	02:51:42.718	MQL5.community: authorization failed
1	02:56:42.729	MQL5.community: authorization failed
1	03:01:42.739	MQL5.community: authorization failed
1	03:06:42.723	MQL5.community: authorization failed
1	03:11:42.721	MQL5.community: authorization failed
1	03:16:42.695	MQL5.community: authorization failed
1	03:21:42.714	MQL5.community: authorization failed
1	03:26:42.724	MQL5.community: authorization failed
1	03:31:42.710	MQL5.community: authorization failed
1	03:36:42.723	MQL5.community: authorization failed
1	03:41:42.716	MQL5.community: authorization failed
1	03:46:42.700	MQL5.community: authorization failed
1	03:51:42.712	MQL5.community: authorization failed
1	03:56:42.725	MQL5.community: authorization failed
1	04:01:42.722	MQL5.community: authorization failed
1	04:06:42.720	MQL5.community: authorization failed
1	04:11:42.721	MQL5.community: authorization failed
1	04:16:42.728	MQL5.community: authorization failed
1	04:21:42.722	MQL5.community: authorization failed
1	04:26:42.734	MQL5.community: authorization failed
1	04:31:42.721	MQL5.community: authorization failed
1	04:36:42.717	MQL5.community: authorization failed
1	04:41:42.731	MQL5.community: authorization failed
1	04:46:42.710	MQL5.community: authorization failed
1	04:51:42.715	MQL5.community: authorization failed
1	04:56:42.720	MQL5.community: authorization failed
1	05:01:42.734	MQL5.community: authorization failed
1	05:06:42.720	MQL5.community: authorization failed
1	05:11:42.709	MQL5.community: authorization failed
1	05:16:42.722	MQL5.community: authorization failed
1	05:21:42.720	MQL5.community: authorization failed
1	05:26:42.726	MQL5.community: authorization failed
1	05:31:42.766	MQL5.community: authorization failed
1	05:36:42.736	MQL5.community: authorization failed
1	05:41:42.722	MQL5.community: authorization failed
1	05:46:42.711	MQL5.community: authorization failed
1	05:51:42.721	MQL5.community: authorization failed
1	05:56:42.738	MQL5.community: authorization failed
1	06:01:42.726	MQL5.community: authorization failed
1	06:06:42.735	MQL5.community: authorization failed
1	06:11:42.732	MQL5.community: authorization failed
1	06:16:42.724	MQL5.community: authorization failed
1	06:21:42.738	MQL5.community: authorization failed
1	06:26:42.725	MQL5.community: authorization failed
1	06:31:42.734	MQL5.community: authorization failed
1	06:36:42.736	MQL5.community: authorization failed
1	06:45:54.566	MQL5.community: authorization failed
0	06:46:22.424	'27123197': login on AdmiralMarkets-Live through Access Point #8 (ping: n/a)
0	06:46:27.603	'27123197': login datacenter on AdmiralMarkets-Live through Access Point #8 (ping: n/a)
0	06:46:28.751	'27123197': previous successful authorization performed from 197.149.36.160
0	06:46:43.476	'27123197': auto connecting to a better access point Access Point #4 (ping is 200.95 ms)
0	06:46:44.376	'27123197': login on AdmiralMarkets-Live through Access Point #4 (ping: 200.95 ms)
0	06:46:47.172	'27123197': login datacenter on AdmiralMarkets-Live through Access Point #4 (ping: 200.95 ms)
0	06:46:47.772	'27123197': previous successful authorization performed from 197.149.36.160
2	09:36:14.957	Custom indicator $-ForecastCityIntradayIndicator BTCUSD,H1: loaded successfully
2	09:36:15.065	Custom indicator Entry BTCUSD,H1: loaded successfully
2	09:36:15.139	Custom indicator Trend BTCUSD,H1: loaded successfully
2	09:36:15.158	Custom indicator IVT_MACD_ZERO_LAG BTCUSD,H1: loaded successfully
2	09:39:22.043	Custom indicator $-ForecastCityIntradayIndicator BTCUSD,H1: removed
2	09:39:22.057	Custom indicator Entry BTCUSD,H1: removed
2	09:39:22.057	Custom indicator Trend BTCUSD,H1: removed
2	09:39:22.059	Custom indicator IVT_MACD_ZERO_LAG BTCUSD,H1: removed
0	09:39:39.170	Sources recompilation started
2	09:40:00.044	Custom indicator #00CURRENT PRICE BTCUSD,H1: loaded successfully
2	09:40:10.184	Custom indicator #00MM-TimeFrame64 BTCUSD,H1: loaded successfully
2	09:40:20.166	Custom indicator #00MM-TimeFrame_v2 BTCUSD,H1: loaded successfully
2	09:41:15.118	Custom indicator #00MM-TimeFrame_v4 BTCUSD,H1: loaded successfully
2	09:41:28.273	Custom indicator #00MM-TimeFrame64 BTCUSD,H1: removed
2	09:41:31.809	Custom indicator #00MM-TimeFrame_v2 BTCUSD,H1: removed
2	09:41:35.100	Custom indicator #00MM-TimeFrame_v4 BTCUSD,H1: removed
2	09:41:43.799	Custom indicator #00MM-TimeFrame_v4 BTCUSD,H1: loaded successfully
2	09:41:49.901	Custom indicator #00MM-TimeFrame_v4 BTCUSD,H1: removed
0	09:41:52.772	HistoryCenter: synchronize 'BTCUSD60'
2	09:42:01.437	Custom indicator #00CURRENT PRICE BTCUSD,H1: removed
0	09:42:04.593	HistoryCenter: 3054 bars imported in 'BTCUSD60'
2	09:42:18.863	Custom indicator $-ForecastCityIntradayIndicator GBPAUD,H1: removed
2	09:42:18.863	Custom indicator Entry GBPAUD,H1: removed
2	09:42:18.863	Custom indicator Trend GBPAUD,H1: removed
2	09:42:18.886	Custom indicator Admiral Pivot GBPAUD,H1: removed
2	09:42:18.888	Custom indicator IVT_MACD_ZERO_LAG GBPAUD,H1: removed
2	09:42:38.241	Custom indicator #00CURRENT PRICE GBPAUD,H1: loaded successfully
2	09:42:47.484	Custom indicator #00MM-TimeFrame_v4 GBPAUD,H1: loaded successfully
2	09:43:50.406	Custom indicator #00MM-TimeFrame_v4 GBPAUD,H1: removed
2	09:43:50.408	Custom indicator #00CURRENT PRICE GBPAUD,H1: removed
2	09:43:56.638	Custom indicator #00MM-TimeFrame64 GBPAUD,H1: loaded successfully
2	09:44:26.311	Custom indicator #00MM-TimeFrame64 GBPAUD,H1: removed
2	09:44:32.912	Custom indicator #00MM-TimeFrame_v2 GBPAUD,H1: loaded successfully
2	11:56:30.611	Custom indicator $-ForecastCityIntradayIndicator EURUSD,H1: removed
2	11:56:30.611	Custom indicator Entry EURUSD,H1: removed
2	11:56:30.612	Custom indicator Trend EURUSD,H1: removed
2	11:56:30.614	Custom indicator IVT_MACD_ZERO_LAG EURUSD,H1: removed
2	11:56:30.618	Custom indicator $-ForecastCityIntradayIndicator GBPUSD,H1: removed
2	11:56:30.618	Custom indicator Entry GBPUSD,H1: removed
2	11:56:30.618	Custom indicator Trend GBPUSD,H1: removed
2	11:56:30.619	Custom indicator Admiral Pivot GBPUSD,H1: removed
2	11:56:30.620	Custom indicator IVT_MACD_ZERO_LAG GBPUSD,H1: removed
2	11:56:30.625	Custom indicator $-ForecastCityIntradayIndicator AUDUSD,H1: removed
2	11:56:30.625	Custom indicator Entry AUDUSD,H1: removed
2	11:56:30.625	Custom indicator Trend AUDUSD,H1: removed
2	11:56:30.678	Custom indicator OmegaTrend_v7.0 AUDUSD,H1: removed
2	11:56:30.681	Custom indicator IVT_MACD_ZERO_LAG AUDUSD,H1: removed
2	11:56:30.686	Custom indicator $-ForecastCityIntradayIndicator EURJPY,H1: removed
2	11:56:30.690	Custom indicator Entry EURJPY,H1: removed
2	11:56:30.690	Custom indicator Trend EURJPY,H1: removed
2	11:56:30.702	Custom indicator IVT_MACD_ZERO_LAG EURJPY,H1: removed
2	11:56:30.705	Custom indicator $-ForecastCityIntradayIndicator [DAX30],H1: removed
2	11:56:30.705	Custom indicator Entry [DAX30],H1: removed
2	11:56:30.706	Custom indicator Trend [DAX30],H1: removed
2	11:56:30.710	Custom indicator Admiral Pivot [DAX30],H1: removed
2	11:56:30.713	Custom indicator CandleCountdown [DAX30],H1: removed
2	11:56:30.717	Custom indicator IVT_MACD_ZERO_LAG [DAX30],H1: removed
2	11:56:30.761	Custom indicator #00MM-TimeFrame_v2 GBPAUD,H1: removed
2	11:56:30.769	Custom indicator $-ForecastCityIntradayIndicator GBPJPY,H1: removed
2	11:56:30.769	Custom indicator Entry GBPJPY,H1: removed
2	11:56:30.769	Custom indicator Trend GBPJPY,H1: removed
2	11:56:30.792	Custom indicator IVT_MACD_ZERO_LAG GBPJPY,H1: removed
2	11:56:30.797	Custom indicator $-ForecastCityIntradayIndicator NZDUSD,H1: removed
2	11:56:30.799	Custom indicator Entry NZDUSD,H1: removed
2	11:56:30.799	Custom indicator Trend NZDUSD,H1: removed
2	11:56:30.800	Custom indicator IVT_MACD_ZERO_LAG NZDUSD,H1: removed
2	11:56:30.803	Custom indicator $-ForecastCityIntradayIndicator USDCAD,H1: removed
2	11:56:30.804	Custom indicator Entry USDCAD,H1: removed
2	11:56:30.804	Custom indicator Trend USDCAD,H1: removed
2	11:56:30.848	Custom indicator Admiral Pivot USDCAD,H1: removed
2	11:56:30.849	Custom indicator IVT_MACD_ZERO_LAG USDCAD,H1: removed
2	11:56:30.852	Custom indicator $-ForecastCityIntradayIndicator USDJPY,H1: removed
2	11:56:30.852	Custom indicator Entry USDJPY,H1: removed
2	11:56:30.852	Custom indicator Trend USDJPY,H1: removed
2	11:56:30.855	Custom indicator IVT_MACD_ZERO_LAG USDJPY,H1: removed
2	11:56:30.858	Custom indicator $-ForecastCityIntradayIndicator USDCHF,H1: removed
2	11:56:30.874	Custom indicator Entry USDCHF,H1: removed
2	11:56:30.874	Custom indicator Trend USDCHF,H1: removed
2	11:56:30.908	Custom indicator IVT_MACD_ZERO_LAG USDCHF,H1: removed
2	11:56:30.947	Custom indicator $-ForecastCityIntradayIndicator AUDJPY,H1: removed
2	11:56:30.947	Custom indicator Entry AUDJPY,H1: removed
2	11:56:30.947	Custom indicator Trend AUDJPY,H1: removed
2	11:56:30.949	Custom indicator IVT_MACD_ZERO_LAG AUDJPY,H1: removed
2	11:56:30.954	Expert ForexSignals-NakedTrading-v1.3 AUDCAD,Daily: removed
2	11:56:30.958	Custom indicator $-ForecastCityIntradayIndicator GBPJPY,H1: removed
2	11:56:30.958	Custom indicator Entry GBPJPY,H1: removed
2	11:56:30.959	Custom indicator Trend GBPJPY,H1: removed
2	11:56:30.960	Custom indicator IVT_MACD_ZERO_LAG GBPJPY,H1: removed
2	11:56:30.965	Custom indicator $-ForecastCityIntradayIndicator GOLD,H1: removed
2	11:56:30.966	Custom indicator Entry GOLD,H1: removed
2	11:56:30.966	Custom indicator Trend GOLD,H1: removed
2	11:56:30.966	Custom indicator HolyCandleTime GOLD,H1: removed
2	11:56:30.967	Custom indicator IVT_MACD_ZERO_LAG GOLD,H1: removed
2	11:56:30.990	Custom indicator $-ForecastCityIntradayIndicator USDJPY,H1: removed
2	11:56:31.023	Custom indicator Entry USDJPY,H1: removed
2	11:56:31.023	Custom indicator Trend USDJPY,H1: removed
2	11:56:31.025	Custom indicator IVT_MACD_ZERO_LAG USDJPY,H1: removed
2	11:56:31.030	Custom indicator ZigZag [DAX30],H1: removed
2	11:56:31.034	Custom indicator $-ForecastCityIntradayIndicator #BNP,H1: removed
2	11:56:31.034	Custom indicator Entry #BNP,H1: removed
2	11:56:31.034	Custom indicator Trend #BNP,H1: removed
2	11:56:31.059	Custom indicator IVT_MACD_ZERO_LAG #BNP,H1: removed
2	11:56:31.064	Custom indicator $-ForecastCityIntradayIndicator USDCAD,H1: removed
2	11:56:31.064	Custom indicator Entry USDCAD,H1: removed
2	11:56:31.064	Custom indicator Trend USDCAD,H1: removed
2	11:56:31.066	Custom indicator IVT_MACD_ZERO_LAG USDCAD,H1: removed
2	11:56:31.070	Custom indicator $-ForecastCityIntradayIndicator EURNZD,H1: removed
2	11:56:31.070	Custom indicator Entry EURNZD,H1: removed
2	11:56:31.070	Custom indicator Trend EURNZD,H1: removed
2	11:56:31.071	Custom indicator IVT_MACD_ZERO_LAG EURNZD,H1: removed
2	11:56:31.098	Custom indicator $-ForecastCityIntradayIndicator AUDCHF,H1: removed
2	11:56:31.098	Custom indicator Entry AUDCHF,H1: removed
2	11:56:31.098	Custom indicator Trend AUDCHF,H1: removed
2	11:56:31.108	Custom indicator IVT_MACD_ZERO_LAG AUDCHF,H1: removed
2	11:56:31.114	Custom indicator $-ForecastCityIntradayIndicator NZDJPY,H1: removed
2	11:56:31.114	Custom indicator Entry NZDJPY,H1: removed
2	11:56:31.114	Custom indicator Trend NZDJPY,H1: removed
2	11:56:31.116	Custom indicator IVT_MACD_ZERO_LAG NZDJPY,H1: removed
2	11:56:31.120	Custom indicator ZigZag WTI,Daily: removed
0	11:56:31.961	Admiral Markets build 1260 stopped
0	11:58:18.324	Admiral Markets build 1260 started (Admiral Markets Group AS)
0	11:58:18.324	Windows 10 Pro x64, IE 11, UAC, 8 x Intel Core i7-10510U  @ 1.80GHz, Memory: 1457 / 8014 Mb, Disk: 46 / 237 Gb, GMT+3
0	11:58:18.324	Data Folder: C:\Users\SRIE\AppData\Roaming\MetaQuotes\Terminal\51337600F56B69473E15EAFB8A7586B4
2	11:58:20.686	Custom indicator $-ForecastCityIntradayIndicator EURUSD,H1: loaded successfully
2	11:58:20.819	Custom indicator Entry EURUSD,H1: loaded successfully
2	11:58:20.941	Custom indicator Trend EURUSD,H1: loaded successfully
2	11:58:20.953	Custom indicator IVT_MACD_ZERO_LAG EURUSD,H1: loaded successfully
2	11:58:21.277	Custom indicator $-ForecastCityIntradayIndicator GBPUSD,H1: loaded successfully
2	11:58:21.356	Custom indicator Entry GBPUSD,H1: loaded successfully
2	11:58:21.465	Custom indicator Trend GBPUSD,H1: loaded successfully
2	11:58:21.478	Custom indicator Admiral Pivot GBPUSD,H1: loaded successfully
2	11:58:21.490	Custom indicator IVT_MACD_ZERO_LAG GBPUSD,H1: loaded successfully
2	11:58:21.799	Custom indicator $-ForecastCityIntradayIndicator AUDUSD,H1: loaded successfully
2	11:58:21.879	Custom indicator Entry AUDUSD,H1: loaded successfully
2	11:58:21.957	Custom indicator Trend AUDUSD,H1: loaded successfully
2	11:58:21.971	Custom indicator OmegaTrend_v7.0 AUDUSD,H1: loaded successfully
2	11:58:21.981	Custom indicator IVT_MACD_ZERO_LAG AUDUSD,H1: loaded successfully
2	11:58:23.630	Custom indicator $-ForecastCityIntradayIndicator EURJPY,H1: loaded successfully
2	11:58:23.692	Custom indicator Entry EURJPY,H1: loaded successfully
2	11:58:23.752	Custom indicator Trend EURJPY,H1: loaded successfully
2	11:58:23.760	Custom indicator IVT_MACD_ZERO_LAG EURJPY,H1: loaded successfully
2	11:58:24.027	Custom indicator $-ForecastCityIntradayIndicator [DAX30],H1: loaded successfully
2	11:58:24.090	Custom indicator Entry [DAX30],H1: loaded successfully
2	11:58:24.152	Custom indicator Trend [DAX30],H1: loaded successfully
2	11:58:24.160	Custom indicator Admiral Pivot [DAX30],H1: loaded successfully
2	11:58:24.169	Custom indicator ABT 5M 15M\CandleCountdown [DAX30],H1: loaded successfully
2	11:58:24.178	Custom indicator IVT_MACD_ZERO_LAG [DAX30],H1: loaded successfully
2	11:58:24.456	Custom indicator #00MM-TimeFrame_v2 GBPAUD,H1: loaded successfully
2	11:58:24.490	Custom indicator $-ForecastCityIntradayIndicator GBPJPY,H1: loaded successfully
2	11:58:24.552	Custom indicator Entry GBPJPY,H1: loaded successfully
2	11:58:24.613	Custom indicator Trend GBPJPY,H1: loaded successfully
2	11:58:24.620	Custom indicator IVT_MACD_ZERO_LAG GBPJPY,H1: loaded successfully
2	11:58:24.798	Custom indicator $-ForecastCityIntradayIndicator NZDUSD,H1: loaded successfully
2	11:58:24.863	Custom indicator Entry NZDUSD,H1: loaded successfully
2	11:58:24.927	Custom indicator Trend NZDUSD,H1: loaded successfully
2	11:58:24.935	Custom indicator IVT_MACD_ZERO_LAG NZDUSD,H1: loaded successfully
2	11:58:25.184	Custom indicator $-ForecastCityIntradayIndicator USDCAD,H1: loaded successfully
2	11:58:25.246	Custom indicator Entry USDCAD,H1: loaded successfully
2	11:58:25.307	Custom indicator Trend USDCAD,H1: loaded successfully
2	11:58:25.315	Custom indicator Admiral Pivot USDCAD,H1: loaded successfully
2	11:58:25.323	Custom indicator IVT_MACD_ZERO_LAG USDCAD,H1: loaded successfully
2	11:58:25.600	Custom indicator $-ForecastCityIntradayIndicator USDJPY,H1: loaded successfully
2	11:58:25.664	Custom indicator Entry USDJPY,H1: loaded successfully
2	11:58:25.729	Custom indicator Trend USDJPY,H1: loaded successfully
2	11:58:25.737	Custom indicator IVT_MACD_ZERO_LAG USDJPY,H1: loaded successfully
2	11:58:25.988	Custom indicator $-ForecastCityIntradayIndicator USDCHF,H1: loaded successfully
2	11:58:26.053	Custom indicator Entry USDCHF,H1: loaded successfully
2	11:58:26.117	Custom indicator Trend USDCHF,H1: loaded successfully
2	11:58:26.125	Custom indicator IVT_MACD_ZERO_LAG USDCHF,H1: loaded successfully
2	11:58:26.381	Custom indicator $-ForecastCityIntradayIndicator AUDJPY,H1: loaded successfully
2	11:58:26.444	Custom indicator Entry AUDJPY,H1: loaded successfully
2	11:58:26.509	Custom indicator Trend AUDJPY,H1: loaded successfully
2	11:58:26.517	Custom indicator IVT_MACD_ZERO_LAG AUDJPY,H1: loaded successfully
2	11:58:26.774	Expert ForexSignals-NakedTrading-v1.3 AUDCAD,Daily: loaded successfully
2	11:58:26.798	Custom indicator $-ForecastCityIntradayIndicator GBPJPY,H1: loaded successfully
2	11:58:26.863	Custom indicator Entry GBPJPY,H1: loaded successfully
2	11:58:26.924	Custom indicator Trend GBPJPY,H1: loaded successfully
2	11:58:26.932	Custom indicator IVT_MACD_ZERO_LAG GBPJPY,H1: loaded successfully
2	11:58:27.116	Custom indicator $-ForecastCityIntradayIndicator GOLD,H1: loaded successfully
2	11:58:27.176	Custom indicator Entry GOLD,H1: loaded successfully
2	11:58:27.236	Custom indicator Trend GOLD,H1: loaded successfully
2	11:58:27.295	Custom indicator HolyCandleTime GOLD,H1: loaded successfully
2	11:58:27.302	Custom indicator IVT_MACD_ZERO_LAG GOLD,H1: loaded successfully
2	11:58:27.524	Custom indicator $-ForecastCityIntradayIndicator USDJPY,H1: loaded successfully
2	11:58:27.587	Custom indicator Entry USDJPY,H1: loaded successfully
2	11:58:27.650	Custom indicator Trend USDJPY,H1: loaded successfully
2	11:58:27.658	Custom indicator IVT_MACD_ZERO_LAG USDJPY,H1: loaded successfully
2	11:58:27.913	Custom indicator ZigZag [DAX30],H1: loaded successfully
2	11:58:27.949	Custom indicator $-ForecastCityIntradayIndicator #BNP,H1: loaded successfully
2	11:58:28.012	Custom indicator Entry #BNP,H1: loaded successfully
2	11:58:28.076	Custom indicator Trend #BNP,H1: loaded successfully
2	11:58:28.083	Custom indicator IVT_MACD_ZERO_LAG #BNP,H1: loaded successfully
2	11:58:28.279	Custom indicator $-ForecastCityIntradayIndicator USDCAD,H1: loaded successfully
2	11:58:28.343	Custom indicator Entry USDCAD,H1: loaded successfully
2	11:58:28.405	Custom indicator Trend USDCAD,H1: loaded successfully
2	11:58:28.413	Custom indicator IVT_MACD_ZERO_LAG USDCAD,H1: loaded successfully
2	11:58:28.674	Custom indicator $-ForecastCityIntradayIndicator EURNZD,H1: loaded successfully
2	11:58:28.736	Custom indicator Entry EURNZD,H1: loaded successfully
2	11:58:28.798	Custom indicator Trend EURNZD,H1: loaded successfully
2	11:58:28.805	Custom indicator IVT_MACD_ZERO_LAG EURNZD,H1: loaded successfully
2	11:58:29.037	Custom indicator $-ForecastCityIntradayIndicator AUDCHF,H1: loaded successfully
2	11:58:29.101	Custom indicator Entry AUDCHF,H1: loaded successfully
2	11:58:29.169	Custom indicator Trend AUDCHF,H1: loaded successfully
2	11:58:29.176	Custom indicator IVT_MACD_ZERO_LAG AUDCHF,H1: loaded successfully
2	11:58:29.471	Custom indicator $-ForecastCityIntradayIndicator NZDJPY,H1: loaded successfully
2	11:58:29.559	Custom indicator Entry NZDJPY,H1: loaded successfully
2	11:58:29.647	Custom indicator Trend NZDJPY,H1: loaded successfully
2	11:58:29.658	Custom indicator IVT_MACD_ZERO_LAG NZDJPY,H1: loaded successfully
2	11:58:30.024	Custom indicator ZigZag WTI,Daily: loaded successfully
0	11:58:32.081	'27123197': login on AdmiralMarkets-Live through Access Point #4 (ping: 200.95 ms)
0	11:58:36.565	'27123197': login datacenter on AdmiralMarkets-Live through Access Point #4 (ping: 200.95 ms)
0	11:58:37.500	'27123197': previous successful authorization performed from 197.149.36.160
0	11:58:55.383	'27123197': auto connecting to a better access point Access Point #6 (ping is 212.71 ms)
0	11:58:56.348	'27123197': login on AdmiralMarkets-Live through Access Point #6 (ping: 212.71 ms)
0	11:58:59.207	'27123197': login datacenter on AdmiralMarkets-Live through Access Point #6 (ping: 212.71 ms)
0	11:58:59.784	'27123197': previous successful authorization performed from 197.149.36.160
2	12:01:44.530	Custom indicator #00MM-TimeFrame_v2 GBPAUD,H1: removed
2	12:04:49.551	Custom indicator StochCandles GBPAUD,H1: loaded successfully
2	12:04:49.616	Custom indicator PRICE GBPAUD,H1: loaded successfully
2	12:04:49.681	Custom indicator ADX_MA GBPAUD,H1: loaded successfully
2	12:04:49.744	Custom indicator Trend_Channel GBPAUD,H1: loaded successfully
2	12:04:49.805	Custom indicator Wave Arrows GBPAUD,H1: loaded successfully
2	12:04:49.871	Custom indicator SupportResistance Areas GBPAUD,H1: loaded successfully
2	12:04:49.935	Custom indicator SupportResistance Levels GBPAUD,H1: loaded successfully
2	12:04:49.998	Custom indicator TrendFilter2 GBPAUD,H1: loaded successfully
2	12:08:39.549	Custom indicator StochCandles BTCUSD,H1: loaded successfully
2	12:08:39.614	Custom indicator PRICE BTCUSD,H1: loaded successfully
2	12:08:39.679	Custom indicator ADX_MA BTCUSD,H1: loaded successfully
2	12:08:39.739	Custom indicator Trend_Channel BTCUSD,H1: loaded successfully
2	12:08:39.798	Custom indicator Wave Arrows BTCUSD,H1: loaded successfully
2	12:08:39.860	Custom indicator SupportResistance Areas BTCUSD,H1: loaded successfully
2	12:08:39.923	Custom indicator SupportResistance Levels BTCUSD,H1: loaded successfully
2	12:08:39.987	Custom indicator TrendFilter2 BTCUSD,H1: loaded successfully
2	12:37:35.641	Custom indicator $-ForecastCityIntradayIndicator AUDUSD,H1: removed
2	12:37:35.641	Custom indicator Entry AUDUSD,H1: removed
2	12:37:35.641	Custom indicator Trend AUDUSD,H1: removed
2	12:37:35.644	Custom indicator OmegaTrend_v7.0 AUDUSD,H1: removed
2	12:37:35.646	Custom indicator IVT_MACD_ZERO_LAG AUDUSD,H1: removed
2	12:37:35.717	Custom indicator StochCandles AUDUSD,H1: loaded successfully
2	12:37:35.779	Custom indicator PRICE AUDUSD,H1: loaded successfully
2	12:37:35.842	Custom indicator ADX_MA AUDUSD,H1: loaded successfully
2	12:37:35.905	Custom indicator Trend_Channel AUDUSD,H1: loaded successfully
2	12:37:35.970	Custom indicator Wave Arrows AUDUSD,H1: loaded successfully
2	12:37:36.033	Custom indicator SupportResistance Areas AUDUSD,H1: loaded successfully
2	12:37:36.096	Custom indicator SupportResistance Levels AUDUSD,H1: loaded successfully
2	12:37:36.163	Custom indicator TrendFilter2 AUDUSD,H1: loaded successfully
2	12:43:36.782	Custom indicator forexincomecode AUDUSD,H1: loaded successfully
2	12:44:15.009	Custom indicator StochCandles AUDUSD,H1: removed
2	12:44:15.009	Custom indicator PRICE AUDUSD,H1: removed
2	12:44:15.009	Custom indicator ADX_MA AUDUSD,H1: removed
2	12:44:15.009	Custom indicator Trend_Channel AUDUSD,H1: removed
2	12:44:15.009	Custom indicator Wave Arrows AUDUSD,H1: removed
2	12:44:15.009	Custom indicator SupportResistance Areas AUDUSD,H1: removed
2	12:44:15.009	Custom indicator SupportResistance Levels AUDUSD,H1: removed
2	12:44:15.009	Custom indicator forexincomecode AUDUSD,H1: removed
2	12:44:15.009	Custom indicator TrendFilter2 AUDUSD,H1: removed
2	12:44:20.436	Custom indicator forexincomecode AUDUSD,H1: loaded successfully
2	12:44:58.678	Custom indicator StochCandles BTCUSD,H1: removed
2	12:44:58.678	Custom indicator PRICE BTCUSD,H1: removed
2	12:44:58.678	Custom indicator ADX_MA BTCUSD,H1: removed
2	12:44:58.678	Custom indicator Trend_Channel BTCUSD,H1: removed
2	12:44:58.678	Custom indicator Wave Arrows BTCUSD,H1: removed
2	12:44:58.678	Custom indicator SupportResistance Areas BTCUSD,H1: removed
2	12:44:58.678	Custom indicator SupportResistance Levels BTCUSD,H1: removed
2	12:44:58.678	Custom indicator TrendFilter2 BTCUSD,H1: removed
2	12:45:05.570	Custom indicator forexincomecode BTCUSD,H1: loaded successfully
2	13:08:14.626	Custom indicator forexincomecode BTCUSD,H1: removed
2	13:08:14.699	Custom indicator StochCandles BTCUSD,H1: loaded successfully
2	13:08:14.775	Custom indicator PRICE BTCUSD,H1: loaded successfully
2	13:08:14.847	Custom indicator ADX_MA BTCUSD,H1: loaded successfully
2	13:08:14.922	Custom indicator Trend_Channel BTCUSD,H1: loaded successfully
2	13:08:14.991	Custom indicator Wave Arrows BTCUSD,H1: loaded successfully
2	13:08:15.061	Custom indicator SupportResistance Areas BTCUSD,H1: loaded successfully
2	13:08:15.134	Custom indicator SupportResistance Levels BTCUSD,H1: loaded successfully
2	13:08:15.203	Custom indicator TrendFilter2 BTCUSD,H1: loaded successfully
2	13:22:02.679	Custom indicator forexincomecode AUDUSD,H1: removed
2	13:22:02.751	Custom indicator StochCandles AUDUSD,H1: loaded successfully
2	13:22:02.813	Custom indicator PRICE AUDUSD,H1: loaded successfully
2	13:22:02.879	Custom indicator ADX_MA AUDUSD,H1: loaded successfully
2	13:22:02.941	Custom indicator Trend_Channel AUDUSD,H1: loaded successfully
2	13:22:03.004	Custom indicator Wave Arrows AUDUSD,H1: loaded successfully
2	13:22:03.065	Custom indicator SupportResistance Areas AUDUSD,H1: loaded successfully
2	13:22:03.127	Custom indicator SupportResistance Levels AUDUSD,H1: loaded successfully
2	13:22:03.188	Custom indicator TrendFilter2 AUDUSD,H1: loaded successfully
2	13:29:06.122	Custom indicator $-ForecastCityIntradayIndicator EURUSD,H1: removed
2	13:29:06.122	Custom indicator Entry EURUSD,H1: removed
2	13:29:06.122	Custom indicator Trend EURUSD,H1: removed
2	13:29:06.124	Custom indicator IVT_MACD_ZERO_LAG EURUSD,H1: removed
2	13:29:06.190	Custom indicator StochCandles EURUSD,H1: loaded successfully
2	13:29:06.255	Custom indicator PRICE EURUSD,H1: loaded successfully
2	13:29:06.320	Custom indicator ADX_MA EURUSD,H1: loaded successfully
2	13:29:06.382	Custom indicator Trend_Channel EURUSD,H1: loaded successfully
2	13:29:06.443	Custom indicator Wave Arrows EURUSD,H1: loaded successfully
2	13:29:06.502	Custom indicator SupportResistance Areas EURUSD,H1: loaded successfully
2	13:29:06.561	Custom indicator SupportResistance Levels EURUSD,H1: loaded successfully
2	13:29:06.620	Custom indicator TrendFilter2 EURUSD,H1: loaded successfully
0	13:36:34.672	'23875089': login on AdmiralMarkets-Demo through Access Point #1 (ping: 239.69 ms)
0	13:36:37.649	'23875089': login datacenter on AdmiralMarkets-Demo through Access Point #1 (ping: 239.69 ms)
0	13:36:38.269	'23875089': previous successful authorization performed from 154.126.9.100
0	13:36:51.959	'23875089': auto connecting to a better access point Access Point #4 (ping is 212.22 ms)
0	13:36:52.759	'23875089': login on AdmiralMarkets-Demo through Access Point #4 (ping: 212.22 ms)
0	13:36:54.273	'23875089': login datacenter on AdmiralMarkets-Demo through Access Point #4 (ping: 212.22 ms)
0	13:36:54.812	'23875089': previous successful authorization performed from 197.149.36.160
0	13:40:43.816	'23875089': close order #181051092 buy 0.20 #BNP at 30.820 sl: 0.000 tp: 0.000 at price 0.000
1	13:40:44.097	'23875089': order #181051092 buy 0.20 #BNP closing at 0.000 failed [Market is closed]
0	13:40:49.366	'23875089': close order #181051092 buy 0.20 #BNP at 30.820 sl: 0.000 tp: 0.000 at price 0.000
1	13:40:49.644	'23875089': order #181051092 buy 0.20 #BNP closing at 0.000 failed [Market is closed]
0	13:41:06.859	'23875089': order sell market 1.00 BTCUSD sl: 0.00 tp: 0.00
1	13:41:07.150	'23875089': order sell 1.00 BTCUSD opening at market sl: 0.00 tp: 0.00 failed [Not enough money]
0	13:41:15.209	'23875089': order sell market 0.50 BTCUSD sl: 0.00 tp: 0.00
1	13:41:15.490	'23875089': order sell 0.50 BTCUSD opening at market sl: 0.00 tp: 0.00 failed [Not enough money]
0	13:41:19.951	'23875089': order sell market 0.50 BTCUSD sl: 0.00 tp: 0.00
1	13:41:20.222	'23875089': order sell 0.50 BTCUSD opening at market sl: 0.00 tp: 0.00 failed [Not enough money]
0	13:41:29.286	'23875089': order sell market 0.10 BTCUSD sl: 0.00 tp: 0.00
0	13:41:29.926	'23875089': order was opened : #181547294 sell 0.10 BTCUSD at 9484.00 sl: 0.00 tp: 0.00
0	13:45:28.703	'23875089': modify order #181547294 sell 0.10 BTCUSD at 9484.00 sl: 0.00 tp: 0.00 -> sl: 0.00 tp: 9322.80
0	13:45:28.976	'23875089': order #181547294 sell 0.10 BTCUSD at 9484.00 was modified -> sl: 0.00 tp: 9322.80
0	13:45:38.299	'23875089': modify order #181547294 sell 0.10 BTCUSD at 9484.00 sl: 0.00 tp: 9322.80 -> sl: 9624.10 tp: 9322.80
0	13:45:38.568	'23875089': order #181547294 sell 0.10 BTCUSD at 9484.00 was modified -> sl: 9624.10 tp: 9322.80
2	13:53:52.897	Custom indicator $-ForecastCityIntradayIndicator [DAX30],H1: removed
2	13:53:52.897	Custom indicator Entry [DAX30],H1: removed
2	13:53:52.897	Custom indicator Trend [DAX30],H1: removed
2	13:53:52.899	Custom indicator Admiral Pivot [DAX30],H1: removed
2	13:53:52.901	Custom indicator CandleCountdown [DAX30],H1: removed
2	13:53:52.902	Custom indicator IVT_MACD_ZERO_LAG [DAX30],H1: removed
2	13:53:52.968	Custom indicator StochCandles [DAX30],H1: loaded successfully
2	13:53:53.026	Custom indicator PRICE [DAX30],H1: loaded successfully
2	13:53:53.084	Custom indicator ADX_MA [DAX30],H1: loaded successfully
2	13:53:53.143	Custom indicator Trend_Channel [DAX30],H1: loaded successfully
2	13:53:53.203	Custom indicator Wave Arrows [DAX30],H1: loaded successfully
2	13:53:53.263	Custom indicator SupportResistance Areas [DAX30],H1: loaded successfully
2	13:53:53.323	Custom indicator SupportResistance Levels [DAX30],H1: loaded successfully
2	13:53:53.382	Custom indicator TrendFilter2 [DAX30],H1: loaded successfully
0	14:02:24.003	'23875089': close order #181547294 sell 0.10 BTCUSD at 9484.00 sl: 9624.10 tp: 9322.80 at price 0.00
0	14:02:24.364	'23875089': order #181547294 sell 0.10 BTCUSD at 9484.00 sl: 9624.10 tp: 9322.80 closed at price 9545.40
0	14:02:27.257	'23875089': close order #181052406 sell 40.00 #BNP at 30.730 sl: 0.000 tp: 0.000 at price 0.000
1	14:02:27.581	'23875089': order #181052406 sell 40.00 #BNP closing at 0.000 failed [Market is closed]
2	14:06:16.534	Custom indicator forexincomecode BTCUSD,H1: loaded successfully
2	14:06:52.789	Custom indicator forexincomecode BTCUSD,H1: removed
2	14:07:03.362	Custom indicator StochCandles BTCUSD,H1: removed
2	14:07:03.362	Custom indicator PRICE BTCUSD,H1: removed
2	14:07:03.362	Custom indicator ADX_MA BTCUSD,H1: removed
2	14:07:03.363	Custom indicator Trend_Channel BTCUSD,H1: removed
2	14:07:03.363	Custom indicator Wave Arrows BTCUSD,H1: removed
2	14:07:03.363	Custom indicator SupportResistance Areas BTCUSD,H1: removed
2	14:07:03.363	Custom indicator SupportResistance Levels BTCUSD,H1: removed
2	14:07:03.363	Custom indicator TrendFilter2 BTCUSD,H1: removed
2	14:07:03.432	Custom indicator StochCandles BTCUSD,H1: loaded successfully
2	14:07:03.493	Custom indicator PRICE BTCUSD,H1: loaded successfully
2	14:07:03.552	Custom indicator ADX_MA BTCUSD,H1: loaded successfully
2	14:07:03.613	Custom indicator Trend_Channel BTCUSD,H1: loaded successfully
2	14:07:03.672	Custom indicator Wave Arrows BTCUSD,H1: loaded successfully
2	14:07:03.732	Custom indicator SupportResistance Areas BTCUSD,H1: loaded successfully
2	14:07:03.791	Custom indicator SupportResistance Levels BTCUSD,H1: loaded successfully
2	14:07:03.853	Custom indicator TrendFilter2 BTCUSD,H1: loaded successfully
2	14:07:16.558	Custom indicator forexincomecode BTCUSD,H1: loaded successfully
2	14:48:43.326	Custom indicator $-ForecastCityIntradayIndicator GBPUSD,H1: removed
2	14:48:43.326	Custom indicator Entry GBPUSD,H1: removed
2	14:48:43.326	Custom indicator Trend GBPUSD,H1: removed
2	14:48:43.328	Custom indicator Admiral Pivot GBPUSD,H1: removed
2	14:48:43.329	Custom indicator IVT_MACD_ZERO_LAG GBPUSD,H1: removed
2	14:48:43.400	Custom indicator StochCandles GBPUSD,H1: loaded successfully
2	14:48:43.464	Custom indicator PRICE GBPUSD,H1: loaded successfully
2	14:48:43.526	Custom indicator ADX_MA GBPUSD,H1: loaded successfully
2	14:48:43.589	Custom indicator Trend_Channel GBPUSD,H1: loaded successfully
2	14:48:43.653	Custom indicator Wave Arrows GBPUSD,H1: loaded successfully
2	14:48:43.717	Custom indicator SupportResistance Areas GBPUSD,H1: loaded successfully
2	14:48:43.779	Custom indicator SupportResistance Levels GBPUSD,H1: loaded successfully
2	14:48:43.843	Custom indicator TrendFilter2 GBPUSD,H1: loaded successfully
2	16:52:09.948	Custom indicator $-ForecastCityIntradayIndicator GBPJPY,H1: removed
2	16:52:09.949	Custom indicator Entry GBPJPY,H1: removed
2	16:52:09.949	Custom indicator Trend GBPJPY,H1: removed
2	16:52:09.951	Custom indicator IVT_MACD_ZERO_LAG GBPJPY,H1: removed
2	16:52:09.983	Custom indicator $-ForecastCityIntradayIndicator GBPJPY,H1: loaded successfully
2	16:52:10.065	Custom indicator Entry GBPJPY,H1: loaded successfully
2	16:52:10.129	Custom indicator Trend GBPJPY,H1: loaded successfully
2	16:52:10.138	Custom indicator IVT_MACD_ZERO_LAG GBPJPY,H1: loaded successfully
2	16:53:03.613	Custom indicator $-ForecastCityIntradayIndicator GBPJPY,H1: removed
2	16:53:03.613	Custom indicator Entry GBPJPY,H1: removed
2	16:53:03.613	Custom indicator Trend GBPJPY,H1: removed
2	16:53:03.614	Custom indicator IVT_MACD_ZERO_LAG GBPJPY,H1: removed
2	16:53:03.679	Custom indicator StochCandles GBPJPY,H1: loaded successfully
2	16:53:03.744	Custom indicator PRICE GBPJPY,H1: loaded successfully
2	16:53:03.808	Custom indicator ADX_MA GBPJPY,H1: loaded successfully
2	16:53:03.870	Custom indicator Trend_Channel GBPJPY,H1: loaded successfully
2	16:53:03.932	Custom indicator Wave Arrows GBPJPY,H1: loaded successfully
2	16:53:03.995	Custom indicator SupportResistance Areas GBPJPY,H1: loaded successfully
2	16:53:04.057	Custom indicator SupportResistance Levels GBPJPY,H1: loaded successfully
2	16:53:04.119	Custom indicator TrendFilter2 GBPJPY,H1: loaded successfully
0	17:16:01.081	'23875089': order buy market 0.10 BTCUSD sl: 0.00 tp: 0.00
0	17:16:01.467	'23875089': order was opened : #181547484 buy 0.10 BTCUSD at 9565.30 sl: 0.00 tp: 0.00
0	17:16:15.561	'23875089': modify order #181547484 buy 0.10 BTCUSD at 9565.30 sl: 0.00 tp: 0.00 -> sl: 0.00 tp: 9624.10
0	17:16:15.910	'23875089': order #181547484 buy 0.10 BTCUSD at 9565.30 was modified -> sl: 0.00 tp: 9624.10
0	17:16:21.747	'23875089': modify order #181547484 buy 0.10 BTCUSD at 9565.30 sl: 0.00 tp: 9624.10 -> sl: 9291.80 tp: 9624.10
0	17:16:22.143	'23875089': order #181547484 buy 0.10 BTCUSD at 9565.30 was modified -> sl: 9291.80 tp: 9624.10
2	17:17:09.710	Custom indicator StochCandles BTCUSD,H1: removed
2	17:17:09.711	Custom indicator PRICE BTCUSD,H1: removed
2	17:17:09.711	Custom indicator ADX_MA BTCUSD,H1: removed
2	17:17:09.711	Custom indicator Trend_Channel BTCUSD,H1: removed
2	17:17:09.711	Custom indicator Wave Arrows BTCUSD,H1: removed
2	17:17:09.711	Custom indicator SupportResistance Areas BTCUSD,H1: removed
2	17:17:09.711	Custom indicator SupportResistance Levels BTCUSD,H1: removed
2	17:17:09.711	Custom indicator forexincomecode BTCUSD,H1: removed
2	17:17:09.711	Custom indicator TrendFilter2 BTCUSD,H1: removed
2	17:18:30.271	Custom indicator BBand Stop Alert BTCUSD,H1: loaded successfully
2	17:18:30.340	Custom indicator DMark_Breakout BTCUSD,H1: loaded successfully
2	17:26:23.685	Custom indicator StochCandles GBPJPY,H1: removed
2	17:26:23.685	Custom indicator PRICE GBPJPY,H1: removed
2	17:26:23.685	Custom indicator ADX_MA GBPJPY,H1: removed
2	17:26:23.685	Custom indicator Trend_Channel GBPJPY,H1: removed
2	17:26:23.685	Custom indicator Wave Arrows GBPJPY,H1: removed
2	17:26:23.685	Custom indicator SupportResistance Areas GBPJPY,H1: removed
2	17:26:23.685	Custom indicator SupportResistance Levels GBPJPY,H1: removed
2	17:26:23.685	Custom indicator TrendFilter2 GBPJPY,H1: removed
2	17:26:23.746	Custom indicator $-ForecastCityIntradayIndicator GBPJPY,H1: loaded successfully
2	17:26:23.810	Custom indicator Entry GBPJPY,H1: loaded successfully
2	17:26:23.893	Custom indicator Trend GBPJPY,H1: loaded successfully
2	17:26:23.916	Custom indicator IVT_MACD_ZERO_LAG GBPJPY,H1: loaded successfully
2	17:26:53.141	Custom indicator $-ForecastCityIntradayIndicator GBPJPY,H1: removed
2	17:26:53.142	Custom indicator Entry GBPJPY,H1: removed
2	17:26:53.142	Custom indicator Trend GBPJPY,H1: removed
2	17:26:53.143	Custom indicator IVT_MACD_ZERO_LAG GBPJPY,H1: removed
2	17:26:53.193	Custom indicator $-ForecastCityIntradayIndicator GBPJPY,H1: loaded successfully
2	17:26:53.257	Custom indicator Entry GBPJPY,H1: loaded successfully
2	17:26:53.319	Custom indicator Trend GBPJPY,H1: loaded successfully
2	17:26:53.326	Custom indicator IVT_MACD_ZERO_LAG GBPJPY,H1: loaded successfully
2	17:27:51.251	Custom indicator $-ForecastCityIntradayIndicator GBPJPY,H1: removed
2	17:27:51.251	Custom indicator Entry GBPJPY,H1: removed
2	17:27:51.251	Custom indicator Trend GBPJPY,H1: removed
2	17:27:51.253	Custom indicator IVT_MACD_ZERO_LAG GBPJPY,H1: removed
2	17:27:51.320	Custom indicator BBand Stop Alert GBPJPY,H1: loaded successfully
2	17:27:51.382	Custom indicator DMark_Breakout GBPJPY,H1: loaded successfully
2	17:35:30.558	Custom indicator StochCandles AUDUSD,H1: removed
2	17:35:30.558	Custom indicator PRICE AUDUSD,H1: removed
2	17:35:30.558	Custom indicator ADX_MA AUDUSD,H1: removed
2	17:35:30.594	Custom indicator Trend_Channel AUDUSD,H1: removed
2	17:35:30.594	Custom indicator Wave Arrows AUDUSD,H1: removed
2	17:35:30.594	Custom indicator SupportResistance Areas AUDUSD,H1: removed
2	17:35:30.595	Custom indicator SupportResistance Levels AUDUSD,H1: removed
2	17:35:30.595	Custom indicator TrendFilter2 AUDUSD,H1: removed
2	17:35:30.659	Custom indicator BBand Stop Alert AUDUSD,H1: loaded successfully
2	17:35:30.723	Custom indicator DMark_Breakout AUDUSD,H1: loaded successfully
2	17:35:49.438	Custom indicator StochCandles GBPUSD,M15: removed
2	17:35:49.455	Custom indicator PRICE GBPUSD,M15: removed
2	17:35:49.455	Custom indicator ADX_MA GBPUSD,M15: removed
2	17:35:49.455	Custom indicator Trend_Channel GBPUSD,M15: removed
2	17:35:49.455	Custom indicator Wave Arrows GBPUSD,M15: removed
2	17:35:49.456	Custom indicator SupportResistance Areas GBPUSD,M15: removed
2	17:35:49.456	Custom indicator SupportResistance Levels GBPUSD,M15: removed
2	17:35:49.456	Custom indicator TrendFilter2 GBPUSD,M15: removed
2	17:35:49.532	Custom indicator BBand Stop Alert GBPUSD,M15: loaded successfully
2	17:35:49.593	Custom indicator DMark_Breakout GBPUSD,M15: loaded successfully
2	17:36:44.826	Custom indicator BBand Stop Alert BTCUSD,H1: removed
2	17:36:44.826	Custom indicator DMark_Breakout BTCUSD,H1: removed
2	17:36:44.896	Custom indicator BBand Stop Alert BTCUSD,H1: loaded successfully
2	17:36:44.957	Custom indicator DMark_Breakout BTCUSD,H1: loaded successfully
2	17:36:54.132	Custom indicator BBand Stop Alert BTCUSD,H1: removed
2	17:36:54.132	Custom indicator DMark_Breakout BTCUSD,H1: removed
2	17:37:00.998	Custom indicator BBand Stop Alert BTCUSD,H1: loaded successfully
2	17:37:01.058	Custom indicator DMark_Breakout BTCUSD,H1: loaded successfully
2	17:37:37.589	Custom indicator StochCandles [DAX30],H1: removed
2	17:37:37.613	Custom indicator PRICE [DAX30],H1: removed
2	17:37:37.613	Custom indicator ADX_MA [DAX30],H1: removed
2	17:37:37.613	Custom indicator Trend_Channel [DAX30],H1: removed
2	17:37:37.613	Custom indicator Wave Arrows [DAX30],H1: removed
2	17:37:37.613	Custom indicator SupportResistance Areas [DAX30],H1: removed
2	17:37:37.613	Custom indicator SupportResistance Levels [DAX30],H1: removed
2	17:37:37.613	Custom indicator TrendFilter2 [DAX30],H1: removed
2	17:37:37.680	Custom indicator BBand Stop Alert [DAX30],H1: loaded successfully
2	17:37:37.742	Custom indicator DMark_Breakout [DAX30],H1: loaded successfully
2	17:38:04.164	Custom indicator $-ForecastCityIntradayIndicator EURJPY,H1: removed
2	17:38:04.175	Custom indicator Entry EURJPY,H1: removed
2	17:38:04.175	Custom indicator Trend EURJPY,H1: removed
2	17:38:04.176	Custom indicator IVT_MACD_ZERO_LAG EURJPY,H1: removed
2	17:38:04.266	Custom indicator BBand Stop Alert EURJPY,H1: loaded successfully
2	17:38:04.366	Custom indicator DMark_Breakout EURJPY,H1: loaded successfully
2	17:38:17.006	Custom indicator StochCandles GBPAUD,H1: removed
2	17:38:17.006	Custom indicator PRICE GBPAUD,H1: removed
2	17:38:17.006	Custom indicator ADX_MA GBPAUD,H1: removed
2	17:38:17.006	Custom indicator Trend_Channel GBPAUD,H1: removed
2	17:38:17.006	Custom indicator Wave Arrows GBPAUD,H1: removed
2	17:38:17.006	Custom indicator SupportResistance Areas GBPAUD,H1: removed
2	17:38:17.006	Custom indicator SupportResistance Levels GBPAUD,H1: removed
2	17:38:17.006	Custom indicator TrendFilter2 GBPAUD,H1: removed
2	17:38:17.075	Custom indicator BBand Stop Alert GBPAUD,H1: loaded successfully
2	17:38:17.161	Custom indicator DMark_Breakout GBPAUD,H1: loaded successfully
2	17:40:09.657	Custom indicator $-ForecastCityIntradayIndicator NZDUSD,H1: removed
2	17:40:09.657	Custom indicator Entry NZDUSD,H1: removed
2	17:40:09.657	Custom indicator Trend NZDUSD,H1: removed
2	17:40:09.659	Custom indicator IVT_MACD_ZERO_LAG NZDUSD,H1: removed
2	17:40:09.727	Custom indicator BBand Stop Alert NZDUSD,H1: loaded successfully
2	17:40:09.792	Custom indicator DMark_Breakout NZDUSD,H1: loaded successfully
2	17:40:23.916	Custom indicator BBand Stop Alert NZDUSD,H1: removed
2	17:40:23.916	Custom indicator DMark_Breakout NZDUSD,H1: removed
2	17:40:23.926	Custom indicator HeikenAshi_DM NZDUSD,H1: loaded successfully
2	17:40:23.934	Custom indicator DM_DSR NZDUSD,H1: loaded successfully
2	17:40:23.943	Custom indicator LJ_SIG NZDUSD,H1: loaded successfully
2	17:40:23.953	Custom indicator #MarketPrice _v1_4 NZDUSD,H1: loaded successfully
2	17:40:23.962	Custom indicator ABT 5M 15M\CandleCountdown NZDUSD,H1: loaded successfully
2	17:40:23.971	Custom indicator LJ_SYNERGY_ID NZDUSD,H1: loaded successfully
2	17:40:23.980	Custom indicator Traders Dynamic Index VISUAL ALERTS NZDUSD,H1: loaded successfully
2	17:40:23.989	Custom indicator DM_Volatility NZDUSD,H1: loaded successfully
2	17:40:23.997	Custom indicator DM_RangeFactor NZDUSD,H1: loaded successfully
2	17:40:24.050	Custom indicator DM_Continuation NZDUSD,H1: loaded successfully
2	17:40:24.061	Custom indicator Status Monitor V1.2 NZDUSD,H1: loaded successfully
2	17:40:32.627	Custom indicator HeikenAshi_DM NZDUSD,H1: removed
2	17:40:32.629	Custom indicator DM_DSR NZDUSD,H1: removed
2	17:40:32.631	Custom indicator LJ_SIG NZDUSD,H1: removed
2	17:40:32.632	Custom indicator #MarketPrice _v1_4 NZDUSD,H1: removed
2	17:40:32.634	Custom indicator CandleCountdown NZDUSD,H1: removed
2	17:40:32.635	Custom indicator LJ_SYNERGY_ID NZDUSD,H1: removed
2	17:40:32.636	Custom indicator Traders Dynamic Index VISUAL ALERTS NZDUSD,H1: removed
2	17:40:32.638	Custom indicator DM_Volatility NZDUSD,H1: removed
2	17:40:32.638	Custom indicator DM_RangeFactor NZDUSD,H1: removed
2	17:40:32.639	Custom indicator DM_Continuation NZDUSD,H1: removed
2	17:40:32.641	Custom indicator Status Monitor V1.2 NZDUSD,H1: removed
2	17:40:32.707	Custom indicator StochCandles NZDUSD,H1: loaded successfully
2	17:40:32.769	Custom indicator PRICE NZDUSD,H1: loaded successfully
2	17:40:32.835	Custom indicator ADX_MA NZDUSD,H1: loaded successfully
2	17:40:32.896	Custom indicator Trend_Channel NZDUSD,H1: loaded successfully
2	17:40:32.958	Custom indicator Wave Arrows NZDUSD,H1: loaded successfully
2	17:40:33.018	Custom indicator SupportResistance Areas NZDUSD,H1: loaded successfully
2	17:40:33.078	Custom indicator SupportResistance Levels NZDUSD,H1: loaded successfully
2	17:40:33.140	Custom indicator TrendFilter2 NZDUSD,H1: loaded successfully
2	17:41:20.806	Custom indicator BBand Stop Alert AUDUSD,H1: removed
2	17:41:20.806	Custom indicator DMark_Breakout AUDUSD,H1: removed
2	17:41:20.878	Custom indicator StochCandles AUDUSD,H1: loaded successfully
2	17:41:20.938	Custom indicator PRICE AUDUSD,H1: loaded successfully
2	17:41:20.996	Custom indicator ADX_MA AUDUSD,H1: loaded successfully
2	17:41:21.056	Custom indicator Trend_Channel AUDUSD,H1: loaded successfully
2	17:41:21.117	Custom indicator Wave Arrows AUDUSD,H1: loaded successfully
2	17:41:21.176	Custom indicator SupportResistance Areas AUDUSD,H1: loaded successfully
2	17:41:21.235	Custom indicator SupportResistance Levels AUDUSD,H1: loaded successfully
2	17:41:21.295	Custom indicator TrendFilter2 AUDUSD,H1: loaded successfully
2	17:56:23.183	Custom indicator BBand Stop Alert BTCUSD,H1: removed
2	17:56:23.183	Custom indicator DMark_Breakout BTCUSD,H1: removed
2	17:56:23.253	Custom indicator StochCandles BTCUSD,H1: loaded successfully
2	17:56:23.313	Custom indicator PRICE BTCUSD,H1: loaded successfully
2	17:56:23.373	Custom indicator ADX_MA BTCUSD,H1: loaded successfully
2	17:56:23.435	Custom indicator Trend_Channel BTCUSD,H1: loaded successfully
2	17:56:23.496	Custom indicator Wave Arrows BTCUSD,H1: loaded successfully
2	17:56:23.558	Custom indicator SupportResistance Areas BTCUSD,H1: loaded successfully
2	17:56:23.619	Custom indicator SupportResistance Levels BTCUSD,H1: loaded successfully
2	17:56:23.680	Custom indicator TrendFilter2 BTCUSD,H1: loaded successfully
2	18:05:28.524	Custom indicator BBand Stop Alert GBPUSD,M15: removed
2	18:05:28.524	Custom indicator DMark_Breakout GBPUSD,M15: removed
2	18:05:28.601	Custom indicator Time zone Trading GBPUSD,M15: loaded successfully
2	18:05:28.671	Custom indicator Bars2 GBPUSD,M15: loaded successfully
2	18:05:28.744	Custom indicator Pivot Lines 2 GBPUSD,M15: loaded successfully
2	18:05:28.817	Custom indicator Fractals Arrows GBPUSD,M15: loaded successfully
2	18:05:28.888	Custom indicator Trend_Line_MA GBPUSD,M15: loaded successfully
2	18:05:28.960	Custom indicator Trend_Filter GBPUSD,M15: loaded successfully
2	18:05:29.033	Custom indicator bb-squeeze GBPUSD,M15: loaded successfully
0	18:05:42.317	HistoryCenter: synchronize 'GBPUSD15'
0	18:05:44.922	HistoryCenter: 2 bars imported in 'GBPUSD15'
2	18:06:32.487	Custom indicator StochCandles BTCUSD,H1: removed
2	18:06:32.487	Custom indicator PRICE BTCUSD,H1: removed
2	18:06:32.487	Custom indicator ADX_MA BTCUSD,H1: removed
2	18:06:32.487	Custom indicator Trend_Channel BTCUSD,H1: removed
2	18:06:32.487	Custom indicator Wave Arrows BTCUSD,H1: removed
2	18:06:32.487	Custom indicator SupportResistance Areas BTCUSD,H1: removed
2	18:06:32.488	Custom indicator SupportResistance Levels BTCUSD,H1: removed
2	18:06:32.488	Custom indicator TrendFilter2 BTCUSD,H1: removed
2	18:06:32.562	Custom indicator Time zone Trading BTCUSD,H1: loaded successfully
2	18:06:32.635	Custom indicator Bars2 BTCUSD,H1: loaded successfully
2	18:06:32.707	Custom indicator Pivot Lines 2 BTCUSD,H1: loaded successfully
2	18:06:32.781	Custom indicator Fractals Arrows BTCUSD,H1: loaded successfully
2	18:06:32.863	Custom indicator Trend_Line_MA BTCUSD,H1: loaded successfully
2	18:06:32.932	Custom indicator Trend_Filter BTCUSD,H1: loaded successfully
2	18:06:33.003	Custom indicator bb-squeeze BTCUSD,H1: loaded successfully
2	18:08:42.658	Custom indicator Time zone Trading BTCUSD,M5: removed
2	18:08:42.658	Custom indicator Bars2 BTCUSD,M5: removed
2	18:08:42.658	Custom indicator Pivot Lines 2 BTCUSD,M5: removed
2	18:08:42.658	Custom indicator Fractals Arrows BTCUSD,M5: removed
2	18:08:42.658	Custom indicator Trend_Line_MA BTCUSD,M5: removed
2	18:08:42.658	Custom indicator Trend_Filter BTCUSD,M5: removed
2	18:08:42.659	Custom indicator bb-squeeze BTCUSD,M5: removed
2	18:08:42.731	Custom indicator Time zone Trading BTCUSD,M5: loaded successfully
2	18:08:42.806	Custom indicator Bars2 BTCUSD,M5: loaded successfully
2	18:08:42.877	Custom indicator Pivot Lines 2 BTCUSD,M5: loaded successfully
2	18:08:42.948	Custom indicator Fractals Arrows BTCUSD,M5: loaded successfully
2	18:08:43.021	Custom indicator Trend_Line_MA BTCUSD,M5: loaded successfully
2	18:08:43.093	Custom indicator Trend_Filter BTCUSD,M5: loaded successfully
2	18:08:43.164	Custom indicator bb-squeeze BTCUSD,M5: loaded successfully
2	18:14:57.173	Custom indicator StochCandles AUDUSD,H1: removed
2	18:14:57.173	Custom indicator PRICE AUDUSD,H1: removed
2	18:14:57.173	Custom indicator ADX_MA AUDUSD,H1: removed
2	18:14:57.173	Custom indicator Trend_Channel AUDUSD,H1: removed
2	18:14:57.173	Custom indicator Wave Arrows AUDUSD,H1: removed
2	18:14:57.173	Custom indicator SupportResistance Areas AUDUSD,H1: removed
2	18:14:57.173	Custom indicator SupportResistance Levels AUDUSD,H1: removed
2	18:14:57.173	Custom indicator TrendFilter2 AUDUSD,H1: removed
2	18:14:57.241	Custom indicator Time zone Trading AUDUSD,H1: loaded successfully
2	18:14:57.306	Custom indicator Bars2 AUDUSD,H1: loaded successfully
2	18:14:57.371	Custom indicator Pivot Lines 2 AUDUSD,H1: loaded successfully
2	18:14:57.436	Custom indicator Fractals Arrows AUDUSD,H1: loaded successfully
2	18:14:57.502	Custom indicator Trend_Line_MA AUDUSD,H1: loaded successfully
2	18:14:57.567	Custom indicator Trend_Filter AUDUSD,H1: loaded successfully
2	18:14:57.638	Custom indicator bb-squeeze AUDUSD,H1: loaded successfully
2	18:26:08.061	Custom indicator BBand Stop Alert GBPAUD,H1: removed
2	18:26:08.061	Custom indicator DMark_Breakout GBPAUD,H1: removed
2	18:26:08.127	Custom indicator Time zone Trading GBPAUD,H1: loaded successfully
2	18:26:08.189	Custom indicator Bars2 GBPAUD,H1: loaded successfully
2	18:26:08.251	Custom indicator Pivot Lines 2 GBPAUD,H1: loaded successfully
2	18:26:08.313	Custom indicator Fractals Arrows GBPAUD,H1: loaded successfully
2	18:26:08.374	Custom indicator Trend_Line_MA GBPAUD,H1: loaded successfully
2	18:26:08.437	Custom indicator Trend_Filter GBPAUD,H1: loaded successfully
2	18:26:08.499	Custom indicator bb-squeeze GBPAUD,H1: loaded successfully
1	18:28:22.028	BTCUSD,M1: indicator(s) working too slowly, total calculation time 2937 ms
1	18:29:13.518	'23875089': connect failed [Connection échouée]
0	19:01:18.933	'23875089': login on AdmiralMarkets-Demo through Access Point #6 (ping: n/a)
0	19:01:20.607	'23875089': login datacenter on AdmiralMarkets-Demo through Access Point #6 (ping: n/a)
0	19:01:21.169	'23875089': previous successful authorization performed from 197.149.36.160
0	19:01:30.659	'23875089': ping to current access point Access Point #6 is 207.75 ms
0	19:12:59.602	'23875089': order sell market 0.50 BTCUSD sl: 0.00 tp: 0.00
1	19:12:59.872	'23875089': order sell 0.50 BTCUSD opening at market sl: 0.00 tp: 0.00 failed [Not enough money]
0	19:13:08.718	'23875089': order sell market 0.30 BTCUSD sl: 0.00 tp: 0.00
1	19:13:08.995	'23875089': order sell 0.30 BTCUSD opening at market sl: 0.00 tp: 0.00 failed [Not enough money]
0	19:13:23.381	'23875089': order sell market 0.20 BTCUSD sl: 0.00 tp: 0.00
1	19:13:23.667	'23875089': order sell 0.20 BTCUSD opening at market sl: 0.00 tp: 0.00 failed [Not enough money]
0	19:13:37.973	'23875089': order sell market 0.10 BTCUSD sl: 0.00 tp: 0.00
0	19:13:38.342	'23875089': order was opened : #181547563 sell 0.10 BTCUSD at 9499.90 sl: 0.00 tp: 0.00
2	19:17:40.476	Expert Admiral - Mini Terminal BTCUSD,M1: loaded successfully
0	19:18:36.651	'23875089': close order #181547563 sell 0.10 BTCUSD at 9499.90 sl: 0.00 tp: 0.00 at price 0.00
0	19:18:37.034	'23875089': order #181547563 sell 0.10 BTCUSD at 9499.90 sl: 0.00 tp: 0.00 closed at price 9565.70
0	19:27:26.928	'23875089': order sell market 0.10 BTCUSD sl: 0.00 tp: 0.00
0	19:27:27.293	'23875089': order was opened : #181547585 sell 0.10 BTCUSD at 9502.60 sl: 0.00 tp: 0.00
2	19:30:55.302	Expert Admiral - Mini Terminal BTCUSD,M1: removed
0	19:34:51.956	'23875089': close order #181547585 sell 0.10 BTCUSD at 9502.60 sl: 0.00 tp: 0.00 at price 0.00
0	19:34:52.295	'23875089': order #181547585 sell 0.10 BTCUSD at 9502.60 sl: 0.00 tp: 0.00 closed at price 9561.70
0	19:34:53.299	'23875089': close order #181547484 buy 0.10 BTCUSD at 9565.30 sl: 9291.80 tp: 9624.10 at price 0.00
0	19:34:53.640	'23875089': order #181547484 buy 0.10 BTCUSD at 9565.30 sl: 9291.80 tp: 9624.10 closed at price 9515.20
0	19:34:54.678	'23875089': close order #181052406 sell 40.00 #BNP at 30.730 sl: 0.000 tp: 0.000 at price 0.000
1	19:34:54.950	'23875089': order #181052406 sell 40.00 #BNP closing at 0.000 failed [Market is closed]
0	19:34:56.007	'23875089': close order #181051907 sell 10.00 #BNP at 30.830 sl: 0.000 tp: 0.000 at price 0.000
1	19:34:56.281	'23875089': order #181051907 sell 10.00 #BNP closing at 0.000 failed [Market is closed]
2	19:35:19.348	Custom indicator Time zone Trading BTCUSD,M1: removed
2	19:35:19.348	Custom indicator Bars2 BTCUSD,M1: removed
2	19:35:19.348	Custom indicator Pivot Lines 2 BTCUSD,M1: removed
2	19:35:19.349	Custom indicator Fractals Arrows BTCUSD,M1: removed
2	19:35:19.349	Custom indicator Trend_Line_MA BTCUSD,M1: removed
2	19:35:19.349	Custom indicator Trend_Filter BTCUSD,M1: removed
2	19:35:19.349	Custom indicator bb-squeeze BTCUSD,M1: removed
2	19:35:19.360	Custom indicator HeikenAshi_DM BTCUSD,M1: loaded successfully
2	19:35:19.369	Custom indicator DM_DSR BTCUSD,M1: loaded successfully
2	19:35:19.379	Custom indicator LJ_SIG BTCUSD,M1: loaded successfully
2	19:35:19.388	Custom indicator #MarketPrice _v1_4 BTCUSD,M1: loaded successfully
2	19:35:19.399	Custom indicator ABT 5M 15M\CandleCountdown BTCUSD,M1: loaded successfully
2	19:35:19.410	Custom indicator LJ_SYNERGY_ID BTCUSD,M1: loaded successfully
2	19:35:19.419	Custom indicator Traders Dynamic Index VISUAL ALERTS BTCUSD,M1: loaded successfully
2	19:35:19.429	Custom indicator DM_Volatility BTCUSD,M1: loaded successfully
2	19:35:19.437	Custom indicator DM_RangeFactor BTCUSD,M1: loaded successfully
2	19:35:19.447	Custom indicator DM_Continuation BTCUSD,M1: loaded successfully
2	19:35:19.455	Custom indicator Status Monitor V1.2 BTCUSD,M1: loaded successfully
2	19:35:55.236	Custom indicator Time zone Trading AUDUSD,H1: removed
2	19:35:55.236	Custom indicator Bars2 AUDUSD,H1: removed
2	19:35:55.236	Custom indicator Pivot Lines 2 AUDUSD,H1: removed
2	19:35:55.237	Custom indicator Fractals Arrows AUDUSD,H1: removed
2	19:35:55.237	Custom indicator Trend_Line_MA AUDUSD,H1: removed
2	19:35:55.237	Custom indicator Trend_Filter AUDUSD,H1: removed
2	19:35:55.237	Custom indicator bb-squeeze AUDUSD,H1: removed
2	19:35:55.246	Custom indicator HeikenAshi_DM AUDUSD,H1: loaded successfully
2	19:35:55.254	Custom indicator DM_DSR AUDUSD,H1: loaded successfully
2	19:35:55.264	Custom indicator LJ_SIG AUDUSD,H1: loaded successfully
2	19:35:55.273	Custom indicator #MarketPrice _v1_4 AUDUSD,H1: loaded successfully
2	19:35:55.282	Custom indicator ABT 5M 15M\CandleCountdown AUDUSD,H1: loaded successfully
2	19:35:55.290	Custom indicator LJ_SYNERGY_ID AUDUSD,H1: loaded successfully
2	19:35:55.299	Custom indicator Traders Dynamic Index VISUAL ALERTS AUDUSD,H1: loaded successfully
2	19:35:55.306	Custom indicator DM_Volatility AUDUSD,H1: loaded successfully
2	19:35:55.315	Custom indicator DM_RangeFactor AUDUSD,H1: loaded successfully
2	19:35:55.323	Custom indicator DM_Continuation AUDUSD,H1: loaded successfully
2	19:35:55.331	Custom indicator Status Monitor V1.2 AUDUSD,H1: loaded successfully
2	19:40:22.501	Custom indicator HeikenAshi_DM BTCUSD,M1: removed
2	19:40:22.502	Custom indicator DM_DSR BTCUSD,M1: removed
2	19:40:22.504	Custom indicator LJ_SIG BTCUSD,M1: removed
2	19:40:22.505	Custom indicator #MarketPrice _v1_4 BTCUSD,M1: removed
2	19:40:22.507	Custom indicator CandleCountdown BTCUSD,M1: removed
2	19:40:22.508	Custom indicator LJ_SYNERGY_ID BTCUSD,M1: removed
2	19:40:22.510	Custom indicator Traders Dynamic Index VISUAL ALERTS BTCUSD,M1: removed
2	19:40:22.511	Custom indicator DM_Volatility BTCUSD,M1: removed
2	19:40:22.513	Custom indicator DM_RangeFactor BTCUSD,M1: removed
2	19:40:22.515	Custom indicator DM_Continuation BTCUSD,M1: removed
2	19:40:22.516	Custom indicator Status Monitor V1.2 BTCUSD,M1: removed
2	19:40:22.677	Custom indicator Time zone Trading BTCUSD,M1: loaded successfully
2	19:40:22.744	Custom indicator Bars2 BTCUSD,M1: loaded successfully
2	19:40:22.810	Custom indicator Pivot Lines 2 BTCUSD,M1: loaded successfully
2	19:40:22.873	Custom indicator Fractals Arrows BTCUSD,M1: loaded successfully
2	19:40:22.939	Custom indicator Trend_Line_MA BTCUSD,M1: loaded successfully
2	19:40:23.004	Custom indicator Trend_Filter BTCUSD,M1: loaded successfully
2	19:40:23.074	Custom indicator bb-squeeze BTCUSD,M1: loaded successfully
0	19:40:47.397	'23875089': order sell market 0.10 BTCUSD sl: 0.00 tp: 0.00
0	19:40:47.740	'23875089': order was opened : #181547602 sell 0.10 BTCUSD at 9516.30 sl: 0.00 tp: 0.00
0	19:41:23.409	'23875089': modify order #181547602 sell 0.10 BTCUSD at 9516.30 sl: 0.00 tp: 0.00 -> sl: 0.00 tp: 9504.20
0	19:41:23.690	'23875089': order #181547602 sell 0.10 BTCUSD at 9516.30 was modified -> sl: 0.00 tp: 9504.20
2	19:46:42.098	Custom indicator Time zone Trading BTCUSD,M1: removed
2	19:46:42.098	Custom indicator Bars2 BTCUSD,M1: removed
2	19:46:42.099	Custom indicator Pivot Lines 2 BTCUSD,M1: removed
2	19:46:42.099	Custom indicator Fractals Arrows BTCUSD,M1: removed
2	19:46:42.099	Custom indicator Trend_Line_MA BTCUSD,M1: removed
2	19:46:42.099	Custom indicator Trend_Filter BTCUSD,M1: removed
2	19:46:42.099	Custom indicator bb-squeeze BTCUSD,M1: removed
2	19:46:42.167	Custom indicator b-clock modified BTCUSD,M1: loaded successfully
2	19:51:20.247	Custom indicator HeikenAshi_DM AUDUSD,H1: removed
2	19:51:20.248	Custom indicator DM_DSR AUDUSD,H1: removed
2	19:51:20.250	Custom indicator LJ_SIG AUDUSD,H1: removed
2	19:51:20.252	Custom indicator #MarketPrice _v1_4 AUDUSD,H1: removed
2	19:51:20.253	Custom indicator CandleCountdown AUDUSD,H1: removed
2	19:51:20.255	Custom indicator LJ_SYNERGY_ID AUDUSD,H1: removed
2	19:51:20.256	Custom indicator Traders Dynamic Index VISUAL ALERTS AUDUSD,H1: removed
2	19:51:20.257	Custom indicator DM_Volatility AUDUSD,H1: removed
2	19:51:20.259	Custom indicator DM_RangeFactor AUDUSD,H1: removed
2	19:51:20.260	Custom indicator DM_Continuation AUDUSD,H1: removed
2	19:51:20.261	Custom indicator Status Monitor V1.2 AUDUSD,H1: removed
2	19:51:20.325	Custom indicator b-clock modified AUDUSD,H1: loaded successfully
2	19:51:29.727	Custom indicator b-clock modified AUDUSD,H1: removed
2	19:51:29.794	Custom indicator b-clock modified AUDUSD,H1: loaded successfully
2	19:51:29.862	Custom indicator AutoTrendChannel AUDUSD,H1: loaded successfully
2	19:51:46.897	Custom indicator b-clock modified AUDUSD,H1: removed
2	19:51:46.897	Custom indicator AutoTrendChannel AUDUSD,H1: removed
2	19:51:46.964	Custom indicator b-clock modified AUDUSD,H1: loaded successfully
2	19:52:19.014	Custom indicator b-clock modified AUDUSD,H1: removed
2	19:52:19.083	Custom indicator b-clock modified AUDUSD,H1: loaded successfully
2	19:53:35.524	Custom indicator AutoTrendChannel AUDUSD,H1: loaded successfully
2	19:54:48.706	Custom indicator Donch_B AUDUSD,H1: loaded successfully
2	19:55:02.305	Custom indicator phoenix AUDUSD,H1: loaded successfully
2	19:55:23.694	Custom indicator Donch_B AUDUSD,H1: removed
2	19:56:31.358	Custom indicator b-clock modified BTCUSD,H1: removed
2	19:56:31.429	Custom indicator b-clock modified BTCUSD,H1: loaded successfully
2	19:56:31.490	Custom indicator AutoTrendChannel BTCUSD,H1: loaded successfully
2	19:56:31.552	Custom indicator phoenix BTCUSD,H1: loaded successfully
0	23:05:10.394	'23875089': order #181547602 sell 0.10 BTCUSD at 9516.30 closed due take-profit at price 9501.60
