1	00:03:30.267	'27123197': modification of order #64734454 sell 0.10 NZDJPY at 64.519 sl: 65.210 tp: 63.962 -> sl: 64.540 tp: 63.962 failed [Invalid S/L or T/P]
0	00:39:22.155	'27123197': login datacenter on AdmiralMarkets-Live
0	00:39:30.240	'27123197': login on AdmiralMarkets-Live through Access Point #1 (ping: 4541.06 ms)
1	00:40:11.925	'27123197': datacenter connecting failed [6]
0	00:40:14.353	'27123197': previous successful authorization performed from 154.126.112.45
0	00:42:13.449	'27123197': auto connecting to a better access point Access Point #8 (ping is 1704.21 ms)
0	00:42:22.133	'27123197': login on AdmiralMarkets-Live through Access Point #8 (ping: 1704.21 ms)
0	00:42:44.998	'27123197': login datacenter on AdmiralMarkets-Live through Access Point #8 (ping: 1704.21 ms)
0	00:42:49.869	'27123197': previous successful authorization performed from 154.126.112.45
0	01:18:02.580	System to be shutdown, request for close Admiral Markets
0	01:18:05.491	Admiral Markets build 1260 stopped because system shutdown
0	20:32:25.720	Admiral Markets build 1260 started (Admiral Markets Group AS)
0	20:32:25.720	Windows 10 Pro x64, IE 11, UAC, 8 x Intel Core i7-10510U  @ 1.80GHz, Memory: 997 / 8014 Mb, Disk: 93 / 237 Gb, GMT+3
0	20:32:25.720	Data Folder: C:\Users\SRIE\AppData\Roaming\MetaQuotes\Terminal\51337600F56B69473E15EAFB8A7586B4
2	20:32:27.522	Custom indicator CandleTimer GBPUSD,M30: loaded successfully
2	20:32:27.582	Custom indicator #P4L CandleTime GBPUSD,M30: loaded successfully
2	20:32:27.589	Custom indicator TURBO PLUS+ GBPUSD,M30: loaded successfully
2	20:32:27.596	Custom indicator ALERT SIGNAL GBPUSD,M30: loaded successfully
2	20:32:27.604	Custom indicator RSI Divergence Levels GBPUSD,M30: loaded successfully
2	20:32:27.612	Custom indicator MACD_Volumes-2 GBPUSD,M30: loaded successfully
2	20:32:27.632	Expert Admiral - Connect GBPUSD,M30: loaded successfully
2	20:32:27.771	Custom indicator MBFX Timing GBPUSD,M30: loaded successfully
2	20:32:27.794	Custom indicator CandleTimer NZDJPY,H1: loaded successfully
2	20:32:27.854	Custom indicator #P4L CandleTime NZDJPY,H1: loaded successfully
2	20:32:27.861	Custom indicator TURBO PLUS+ NZDJPY,H1: loaded successfully
2	20:32:27.869	Custom indicator ALERT SIGNAL NZDJPY,H1: loaded successfully
2	20:32:27.877	Custom indicator RSI Divergence Levels NZDJPY,H1: loaded successfully
2	20:32:27.884	Custom indicator MACD_Volumes-2 NZDJPY,H1: loaded successfully
2	20:32:28.027	Custom indicator MBFX Timing NZDJPY,H1: loaded successfully
2	20:32:28.059	Custom indicator CandleTimer GBPUSD,M15: loaded successfully
2	20:32:28.120	Custom indicator #P4L CandleTime GBPUSD,M15: loaded successfully
2	20:32:28.127	Custom indicator TURBO PLUS+ GBPUSD,M15: loaded successfully
2	20:32:28.135	Custom indicator ALERT SIGNAL GBPUSD,M15: loaded successfully
2	20:32:28.144	Custom indicator RSI Divergence Levels GBPUSD,M15: loaded successfully
2	20:32:28.152	Custom indicator MACD_Volumes-2 GBPUSD,M15: loaded successfully
2	20:32:28.293	Custom indicator MBFX Timing GBPUSD,M15: loaded successfully
2	20:32:28.332	Custom indicator CandleTimer WTI,H1: loaded successfully
2	20:32:28.390	Custom indicator #P4L CandleTime WTI,H1: loaded successfully
2	20:32:28.397	Custom indicator TURBO PLUS+ WTI,H1: loaded successfully
2	20:32:28.404	Custom indicator ALERT SIGNAL WTI,H1: loaded successfully
2	20:32:28.412	Custom indicator RSI Divergence Levels WTI,H1: loaded successfully
2	20:32:28.420	Custom indicator MACD_Volumes-2 WTI,H1: loaded successfully
2	20:32:28.566	Custom indicator MBFX Timing WTI,H1: loaded successfully
2	20:32:28.611	Custom indicator CandleTimer [DJI30],H1: loaded successfully
2	20:32:28.672	Custom indicator #P4L CandleTime [DJI30],H1: loaded successfully
2	20:32:28.679	Custom indicator TURBO PLUS+ [DJI30],H1: loaded successfully
2	20:32:28.687	Custom indicator ALERT SIGNAL [DJI30],H1: loaded successfully
2	20:32:28.696	Custom indicator RSI Divergence Levels [DJI30],H1: loaded successfully
2	20:32:28.705	Custom indicator MACD_Volumes-2 [DJI30],H1: loaded successfully
2	20:32:28.855	Custom indicator MBFX Timing [DJI30],H1: loaded successfully
0	20:32:32.039	'27123197': login on AdmiralMarkets-Live through Access Point #8 (ping: 1704.21 ms)
0	20:32:37.041	'27123197': login datacenter on AdmiralMarkets-Live through Access Point #8 (ping: 1704.21 ms)
0	20:32:38.226	'27123197': previous successful authorization performed from 154.126.112.45
2	20:32:49.465	Custom indicator CandleTimer BTCUSD,H1: loaded successfully
2	20:32:49.533	Custom indicator #P4L CandleTime BTCUSD,H1: loaded successfully
2	20:32:49.541	Custom indicator TURBO PLUS+ BTCUSD,H1: loaded successfully
2	20:32:49.549	Custom indicator ALERT SIGNAL BTCUSD,H1: loaded successfully
2	20:32:49.557	Custom indicator RSI Divergence Levels BTCUSD,H1: loaded successfully
2	20:32:49.566	Custom indicator MACD_Volumes-2 BTCUSD,H1: loaded successfully
2	20:32:49.705	Custom indicator MBFX Timing BTCUSD,H1: loaded successfully
0	20:33:01.319	'27123197': auto connecting to a better access point Access Point #4 (ping is 207.63 ms)
0	20:33:02.133	'27123197': login on AdmiralMarkets-Live through Access Point #4 (ping: 207.63 ms)
0	20:33:03.912	'27123197': login datacenter on AdmiralMarkets-Live through Access Point #4 (ping: 207.63 ms)
0	20:33:05.349	'27123197': previous successful authorization performed from 154.126.112.45
0	20:33:12.428	'23853581': login on AdmiralMarkets-Demo through Access Point #1 (ping: 261.23 ms)
0	20:33:15.052	'23853581': login datacenter on AdmiralMarkets-Demo through Access Point #1 (ping: 261.23 ms)
0	20:33:15.715	'23853581': previous successful authorization performed from 154.126.112.45
0	20:33:23.593	'23853581': auto connecting to a better access point Access Point #6 (ping is 224.06 ms)
1	20:33:23.670	'23853581': order sell 0.10 BTCUSD opening at market sl: 0.00 tp: 0.00 failed [No connection]
0	20:33:24.750	'23853581': login on AdmiralMarkets-Demo through Access Point #6 (ping: 224.06 ms)
0	20:33:27.001	'23853581': login datacenter on AdmiralMarkets-Demo through Access Point #6 (ping: 224.06 ms)
0	20:33:27.600	'23853581': previous successful authorization performed from 154.126.112.45
0	20:33:32.838	'23853581': close order #176740622 buy 0.10 CADJPY at 76.685 sl: 75.699 tp: 77.035 at price 0.000
1	20:33:33.295	'23853581': order #176740622 buy 0.10 CADJPY closing at 0.000 failed [Market is closed]
0	20:33:37.888	'23853581': close order #176740622 buy 0.10 CADJPY at 76.685 sl: 75.699 tp: 77.035 at price 0.000
1	20:33:38.591	'23853581': order #176740622 buy 0.10 CADJPY closing at 0.000 failed [Market is closed]
0	20:33:46.812	'23853581': order sell market 0.10 BTCUSD sl: 0.00 tp: 0.00
0	20:33:47.636	'23853581': order was opened : #176874738 sell 0.10 BTCUSD at 7199.00 sl: 0.00 tp: 0.00
0	20:33:58.487	'23853581': modify order #176874738 sell 0.10 BTCUSD at 7199.00 sl: 0.00 tp: 0.00 -> sl: 0.00 tp: 7098.20
0	20:33:58.780	'23853581': order #176874738 sell 0.10 BTCUSD at 7199.00 was modified -> sl: 0.00 tp: 7098.20
