0	08:23:54.921	Admiral Markets build 1280 started (Admiral Markets Group AS)
0	08:23:54.921	Windows 10 Pro x64, IE 11, UAC, 8 x Intel Core i7-10510U  @ 1.80GHz, Memory: 2048 / 8014 Mb, Disk: 3 / 237 Gb, GMT+3
0	08:23:54.921	Data Folder: C:\Users\SRIE\AppData\Roaming\MetaQuotes\Terminal\51337600F56B69473E15EAFB8A7586B4
2	08:23:58.194	Custom indicator AIMS Levels V2 [DAX30],H1: loaded successfully
2	08:23:58.260	Custom indicator AIMS Entry Alert V1 [DAX30],H1: loaded successfully
2	08:23:58.266	Custom indicator CandleTimer [DAX30],H1: loaded successfully
2	08:23:58.330	Custom indicator #Signal_Bars_v6 [DAX30],H1: loaded successfully
2	08:23:58.338	Custom indicator TrendEnvelopes_v1 [DAX30],H1: loaded successfully
2	08:23:58.343	Custom indicator guppy_multiple_moving_averages [DAX30],H1: loaded successfully
2	08:23:58.351	Custom indicator wedges [DAX30],H1: loaded successfully
2	08:23:58.359	Custom indicator Admiral Pivot [DAX30],H1: loaded successfully
2	08:23:58.365	Custom indicator AutoTrendChannel [DAX30],H1: loaded successfully
2	08:23:58.373	Custom indicator FRZ Channel Auto Plotter [DAX30],H1: loaded successfully
2	08:23:58.381	Custom indicator FRZ News Indicator MT4 [DAX30],H1: loaded successfully
2	08:23:58.447	Custom indicator AIMS AO V.2.1 [DAX30],H1: loaded successfully
2	08:23:58.455	Custom indicator IVT_MACD_ZERO_LAG [DAX30],H1: loaded successfully
2	08:23:58.463	Custom indicator RSI Divergence Levels [DAX30],H1: loaded successfully
2	08:23:58.472	Custom indicator JoeChalhoub_FXForecasterV1 [DAX30],H1: loaded successfully
2	08:23:58.479	Custom indicator FRZ Forex Market Session Indicator [DAX30],H1: loaded successfully
2	08:24:00.613	Custom indicator AIMS Levels V2 [DJI30],M1: loaded successfully
2	08:24:00.679	Custom indicator AIMS Entry Alert V1 [DJI30],M1: loaded successfully
2	08:24:00.686	Custom indicator CandleTimer [DJI30],M1: loaded successfully
2	08:24:00.752	Custom indicator #Signal_Bars_v6 [DJI30],M1: loaded successfully
2	08:24:00.759	Custom indicator TrendEnvelopes_v1 [DJI30],M1: loaded successfully
2	08:24:00.766	Custom indicator guppy_multiple_moving_averages [DJI30],M1: loaded successfully
2	08:24:00.773	Custom indicator wedges [DJI30],M1: loaded successfully
2	08:24:00.781	Custom indicator Admiral Pivot [DJI30],M1: loaded successfully
2	08:24:00.788	Custom indicator AutoTrendChannel [DJI30],M1: loaded successfully
2	08:24:00.795	Custom indicator FRZ Channel Auto Plotter [DJI30],M1: loaded successfully
2	08:24:00.805	Custom indicator FRZ News Indicator MT4 [DJI30],M1: loaded successfully
2	08:24:00.872	Custom indicator AIMS AO V.2.1 [DJI30],M1: loaded successfully
2	08:24:00.879	Custom indicator IVT_MACD_ZERO_LAG [DJI30],M1: loaded successfully
2	08:24:00.887	Custom indicator RSI Divergence Levels [DJI30],M1: loaded successfully
2	08:24:00.896	Custom indicator JoeChalhoub_FXForecasterV1 [DJI30],M1: loaded successfully
2	08:24:00.904	Custom indicator FRZ Forex Market Session Indicator [DJI30],M1: loaded successfully
2	08:24:01.957	Custom indicator AIMS Levels V2 [NQ100],M1: loaded successfully
2	08:24:02.023	Custom indicator AIMS Entry Alert V1 [NQ100],M1: loaded successfully
2	08:24:02.029	Custom indicator CandleTimer [NQ100],M1: loaded successfully
2	08:24:02.094	Custom indicator #Signal_Bars_v6 [NQ100],M1: loaded successfully
2	08:24:02.101	Custom indicator TrendEnvelopes_v1 [NQ100],M1: loaded successfully
2	08:24:02.108	Custom indicator guppy_multiple_moving_averages [NQ100],M1: loaded successfully
2	08:24:02.116	Custom indicator wedges [NQ100],M1: loaded successfully
2	08:24:02.128	Custom indicator Admiral Pivot [NQ100],M1: loaded successfully
2	08:24:02.135	Custom indicator AutoTrendChannel [NQ100],M1: loaded successfully
2	08:24:02.142	Custom indicator FRZ Channel Auto Plotter [NQ100],M1: loaded successfully
2	08:24:02.151	Custom indicator FRZ News Indicator MT4 [NQ100],M1: loaded successfully
2	08:24:02.216	Custom indicator AIMS AO V.2.1 [NQ100],M1: loaded successfully
2	08:24:02.223	Custom indicator IVT_MACD_ZERO_LAG [NQ100],M1: loaded successfully
2	08:24:02.231	Custom indicator RSI Divergence Levels [NQ100],M1: loaded successfully
2	08:24:02.239	Custom indicator JoeChalhoub_FXForecasterV1 [NQ100],M1: loaded successfully
2	08:24:02.247	Custom indicator FRZ Forex Market Session Indicator [NQ100],M1: loaded successfully
2	08:24:02.262	Expert Admiral - Mini Terminal [NQ100],M1: loaded successfully
2	08:24:03.166	Custom indicator AIMS Levels V2 GOLD,M1: loaded successfully
2	08:24:03.231	Custom indicator AIMS Entry Alert V1 GOLD,M1: loaded successfully
2	08:24:03.238	Custom indicator CandleTimer GOLD,M1: loaded successfully
2	08:24:03.303	Custom indicator #Signal_Bars_v6 GOLD,M1: loaded successfully
2	08:24:03.311	Custom indicator TrendEnvelopes_v1 GOLD,M1: loaded successfully
2	08:24:03.318	Custom indicator guppy_multiple_moving_averages GOLD,M1: loaded successfully
2	08:24:03.325	Custom indicator wedges GOLD,M1: loaded successfully
2	08:24:03.333	Custom indicator Admiral Pivot GOLD,M1: loaded successfully
2	08:24:03.340	Custom indicator AutoTrendChannel GOLD,M1: loaded successfully
2	08:24:03.347	Custom indicator FRZ Channel Auto Plotter GOLD,M1: loaded successfully
2	08:24:03.412	Custom indicator AIMS AO V.2.1 GOLD,M1: loaded successfully
2	08:24:03.420	Custom indicator IVT_MACD_ZERO_LAG GOLD,M1: loaded successfully
2	08:24:03.427	Custom indicator RSI Divergence Levels GOLD,M1: loaded successfully
2	08:24:03.436	Custom indicator JoeChalhoub_FXForecasterV1 GOLD,M1: loaded successfully
2	08:24:04.395	Custom indicator AIMS Levels V2 [CAC40],H1: loaded successfully
2	08:24:04.459	Custom indicator AIMS Entry Alert V1 [CAC40],H1: loaded successfully
2	08:24:04.465	Custom indicator CandleTimer [CAC40],H1: loaded successfully
2	08:24:04.529	Custom indicator #Signal_Bars_v6 [CAC40],H1: loaded successfully
2	08:24:04.537	Custom indicator TrendEnvelopes_v1 [CAC40],H1: loaded successfully
2	08:24:04.544	Custom indicator guppy_multiple_moving_averages [CAC40],H1: loaded successfully
2	08:24:04.551	Custom indicator wedges [CAC40],H1: loaded successfully
2	08:24:04.559	Custom indicator Admiral Pivot [CAC40],H1: loaded successfully
2	08:24:04.566	Custom indicator AutoTrendChannel [CAC40],H1: loaded successfully
2	08:24:04.630	Custom indicator AIMS AO V.2.1 [CAC40],H1: loaded successfully
2	08:24:04.637	Custom indicator IVT_MACD_ZERO_LAG [CAC40],H1: loaded successfully
2	08:24:04.645	Custom indicator RSI Divergence Levels [CAC40],H1: loaded successfully
2	08:24:04.654	Custom indicator JoeChalhoub_FXForecasterV1 [CAC40],H1: loaded successfully
2	08:24:04.880	Expert !!Sentinel PAT Scanner-v1.01 USDJPY,M15: loaded successfully
2	08:24:04.958	Custom indicator b-clock modified USDJPY,H1: loaded successfully
2	08:24:04.965	Custom indicator AutoTrendChannel USDJPY,H1: loaded successfully
2	08:24:05.027	Custom indicator phoenix USDJPY,H1: loaded successfully
2	08:24:05.038	Custom indicator FuturoTI USDJPY,H1: loaded successfully
2	08:24:05.236	Custom indicator AIMS Levels V2 GBPJPY,H1: loaded successfully
2	08:24:05.299	Custom indicator AIMS Entry Alert V1 GBPJPY,H1: loaded successfully
2	08:24:05.306	Custom indicator CandleTimer GBPJPY,H1: loaded successfully
2	08:24:05.370	Custom indicator #Signal_Bars_v6 GBPJPY,H1: loaded successfully
2	08:24:05.377	Custom indicator TrendEnvelopes_v1 GBPJPY,H1: loaded successfully
2	08:24:05.384	Custom indicator guppy_multiple_moving_averages GBPJPY,H1: loaded successfully
2	08:24:05.392	Custom indicator wedges GBPJPY,H1: loaded successfully
2	08:24:05.399	Custom indicator Admiral Pivot GBPJPY,H1: loaded successfully
2	08:24:05.406	Custom indicator AutoTrendChannel GBPJPY,H1: loaded successfully
2	08:24:05.472	Custom indicator AIMS AO V.2.1 GBPJPY,H1: loaded successfully
2	08:24:05.479	Custom indicator IVT_MACD_ZERO_LAG GBPJPY,H1: loaded successfully
2	08:24:05.486	Custom indicator RSI Divergence Levels GBPJPY,H1: loaded successfully
2	08:24:05.494	Custom indicator JoeChalhoub_FXForecasterV1 GBPJPY,H1: loaded successfully
2	08:24:05.793	Custom indicator AIMS Levels V2 NZDJPY,M30: loaded successfully
2	08:24:05.863	Custom indicator AIMS Entry Alert V1 NZDJPY,M30: loaded successfully
2	08:24:05.872	Custom indicator CandleTimer NZDJPY,M30: loaded successfully
2	08:24:05.943	Custom indicator #Signal_Bars_v6 NZDJPY,M30: loaded successfully
2	08:24:05.951	Custom indicator TrendEnvelopes_v1 NZDJPY,M30: loaded successfully
2	08:24:05.957	Custom indicator guppy_multiple_moving_averages NZDJPY,M30: loaded successfully
2	08:24:05.965	Custom indicator wedges NZDJPY,M30: loaded successfully
2	08:24:05.973	Custom indicator Admiral Pivot NZDJPY,M30: loaded successfully
2	08:24:05.980	Custom indicator AutoTrendChannel NZDJPY,M30: loaded successfully
2	08:24:05.988	Custom indicator FRZ Channel Auto Plotter NZDJPY,M30: loaded successfully
2	08:24:05.998	Custom indicator FRZ News Indicator MT4 NZDJPY,M30: loaded successfully
2	08:24:06.075	Custom indicator AIMS AO V.2.1 NZDJPY,M30: loaded successfully
2	08:24:06.087	Custom indicator IVT_MACD_ZERO_LAG NZDJPY,M30: loaded successfully
2	08:24:06.100	Custom indicator RSI Divergence Levels NZDJPY,M30: loaded successfully
2	08:24:06.114	Custom indicator JoeChalhoub_FXForecasterV1 NZDJPY,M30: loaded successfully
2	08:24:06.128	Custom indicator FRZ Forex Market Session Indicator NZDJPY,M30: loaded successfully
2	08:24:06.604	Custom indicator AIMS Levels V2 GBPAUD,M5: loaded successfully
2	08:24:06.669	Custom indicator AIMS Entry Alert V1 GBPAUD,M5: loaded successfully
2	08:24:06.675	Custom indicator CandleTimer GBPAUD,M5: loaded successfully
2	08:24:06.743	Custom indicator #Signal_Bars_v6 GBPAUD,M5: loaded successfully
2	08:24:06.753	Custom indicator TrendEnvelopes_v1 GBPAUD,M5: loaded successfully
2	08:24:06.760	Custom indicator guppy_multiple_moving_averages GBPAUD,M5: loaded successfully
2	08:24:06.770	Custom indicator wedges GBPAUD,M5: loaded successfully
2	08:24:06.779	Custom indicator Admiral Pivot GBPAUD,M5: loaded successfully
2	08:24:06.790	Custom indicator AutoTrendChannel GBPAUD,M5: loaded successfully
2	08:24:06.799	Custom indicator FRZ Channel Auto Plotter GBPAUD,M5: loaded successfully
2	08:24:06.809	Custom indicator FRZ News Indicator MT4 GBPAUD,M5: loaded successfully
2	08:24:06.882	Custom indicator AIMS AO V.2.1 GBPAUD,M5: loaded successfully
2	08:24:06.890	Custom indicator IVT_MACD_ZERO_LAG GBPAUD,M5: loaded successfully
2	08:24:06.898	Custom indicator RSI Divergence Levels GBPAUD,M5: loaded successfully
2	08:24:06.906	Custom indicator JoeChalhoub_FXForecasterV1 GBPAUD,M5: loaded successfully
2	08:24:06.914	Custom indicator FRZ Forex Market Session Indicator GBPAUD,M5: loaded successfully
2	08:24:07.601	Custom indicator AIMS Levels V2 EURJPY,M15: loaded successfully
2	08:24:07.667	Custom indicator AIMS Entry Alert V1 EURJPY,M15: loaded successfully
2	08:24:07.673	Custom indicator CandleTimer EURJPY,M15: loaded successfully
2	08:24:07.737	Custom indicator #Signal_Bars_v6 EURJPY,M15: loaded successfully
2	08:24:07.745	Custom indicator TrendEnvelopes_v1 EURJPY,M15: loaded successfully
2	08:24:07.752	Custom indicator guppy_multiple_moving_averages EURJPY,M15: loaded successfully
2	08:24:07.760	Custom indicator wedges EURJPY,M15: loaded successfully
2	08:24:07.767	Custom indicator Admiral Pivot EURJPY,M15: loaded successfully
2	08:24:07.773	Custom indicator AutoTrendChannel EURJPY,M15: loaded successfully
2	08:24:07.782	Custom indicator FRZ Channel Auto Plotter EURJPY,M15: loaded successfully
2	08:24:07.790	Custom indicator FRZ News Indicator MT4 EURJPY,M15: loaded successfully
2	08:24:07.872	Custom indicator AIMS AO V.2.1 EURJPY,M15: loaded successfully
2	08:24:07.879	Custom indicator IVT_MACD_ZERO_LAG EURJPY,M15: loaded successfully
2	08:24:07.887	Custom indicator RSI Divergence Levels EURJPY,M15: loaded successfully
2	08:24:07.896	Custom indicator JoeChalhoub_FXForecasterV1 EURJPY,M15: loaded successfully
2	08:24:07.903	Custom indicator FRZ Forex Market Session Indicator EURJPY,M15: loaded successfully
2	08:24:08.408	Custom indicator AIMS Levels V2 EURGBP,M5: loaded successfully
2	08:24:08.481	Custom indicator AIMS Entry Alert V1 EURGBP,M5: loaded successfully
2	08:24:08.488	Custom indicator CandleTimer EURGBP,M5: loaded successfully
2	08:24:08.561	Custom indicator #Signal_Bars_v6 EURGBP,M5: loaded successfully
2	08:24:08.569	Custom indicator TrendEnvelopes_v1 EURGBP,M5: loaded successfully
2	08:24:08.577	Custom indicator guppy_multiple_moving_averages EURGBP,M5: loaded successfully
2	08:24:08.585	Custom indicator wedges EURGBP,M5: loaded successfully
2	08:24:08.594	Custom indicator Admiral Pivot EURGBP,M5: loaded successfully
2	08:24:08.601	Custom indicator AutoTrendChannel EURGBP,M5: loaded successfully
2	08:24:08.609	Custom indicator FRZ Channel Auto Plotter EURGBP,M5: loaded successfully
2	08:24:08.619	Custom indicator FRZ News Indicator MT4 EURGBP,M5: loaded successfully
2	08:24:08.692	Custom indicator AIMS AO V.2.1 EURGBP,M5: loaded successfully
2	08:24:08.700	Custom indicator IVT_MACD_ZERO_LAG EURGBP,M5: loaded successfully
2	08:24:08.709	Custom indicator RSI Divergence Levels EURGBP,M5: loaded successfully
2	08:24:08.718	Custom indicator JoeChalhoub_FXForecasterV1 EURGBP,M5: loaded successfully
2	08:24:08.726	Custom indicator FRZ Forex Market Session Indicator EURGBP,M5: loaded successfully
2	08:24:08.740	Expert Admiral - Mini Terminal EURGBP,M5: loaded successfully
2	08:24:09.532	Custom indicator AIMS Levels V2 EURNZD,H1: loaded successfully
2	08:24:09.605	Custom indicator AIMS Entry Alert V1 EURNZD,H1: loaded successfully
2	08:24:09.612	Custom indicator CandleTimer EURNZD,H1: loaded successfully
2	08:24:09.683	Custom indicator #Signal_Bars_v6 EURNZD,H1: loaded successfully
2	08:24:09.692	Custom indicator TrendEnvelopes_v1 EURNZD,H1: loaded successfully
2	08:24:09.700	Custom indicator guppy_multiple_moving_averages EURNZD,H1: loaded successfully
2	08:24:09.708	Custom indicator wedges EURNZD,H1: loaded successfully
2	08:24:09.716	Custom indicator Admiral Pivot EURNZD,H1: loaded successfully
2	08:24:09.723	Custom indicator AutoTrendChannel EURNZD,H1: loaded successfully
2	08:24:09.731	Custom indicator FRZ Channel Auto Plotter EURNZD,H1: loaded successfully
2	08:24:09.741	Custom indicator FRZ News Indicator MT4 EURNZD,H1: loaded successfully
2	08:24:09.812	Custom indicator AIMS AO V.2.1 EURNZD,H1: loaded successfully
2	08:24:09.820	Custom indicator IVT_MACD_ZERO_LAG EURNZD,H1: loaded successfully
2	08:24:09.829	Custom indicator RSI Divergence Levels EURNZD,H1: loaded successfully
2	08:24:09.838	Custom indicator JoeChalhoub_FXForecasterV1 EURNZD,H1: loaded successfully
2	08:24:09.846	Custom indicator FRZ Forex Market Session Indicator EURNZD,H1: loaded successfully
2	08:24:10.227	Custom indicator AIMS Levels V2 NZDCHF,H1: loaded successfully
2	08:24:10.304	Custom indicator AIMS Entry Alert V1 NZDCHF,H1: loaded successfully
2	08:24:10.311	Custom indicator CandleTimer NZDCHF,H1: loaded successfully
2	08:24:10.386	Custom indicator #Signal_Bars_v6 NZDCHF,H1: loaded successfully
2	08:24:10.394	Custom indicator TrendEnvelopes_v1 NZDCHF,H1: loaded successfully
2	08:24:10.401	Custom indicator guppy_multiple_moving_averages NZDCHF,H1: loaded successfully
2	08:24:10.410	Custom indicator wedges NZDCHF,H1: loaded successfully
2	08:24:10.417	Custom indicator Admiral Pivot NZDCHF,H1: loaded successfully
2	08:24:10.425	Custom indicator AutoTrendChannel NZDCHF,H1: loaded successfully
2	08:24:10.433	Custom indicator FRZ Channel Auto Plotter NZDCHF,H1: loaded successfully
2	08:24:10.443	Custom indicator FRZ News Indicator MT4 NZDCHF,H1: loaded successfully
2	08:24:10.516	Custom indicator AIMS AO V.2.1 NZDCHF,H1: loaded successfully
2	08:24:10.524	Custom indicator IVT_MACD_ZERO_LAG NZDCHF,H1: loaded successfully
2	08:24:10.532	Custom indicator RSI Divergence Levels NZDCHF,H1: loaded successfully
2	08:24:10.542	Custom indicator JoeChalhoub_FXForecasterV1 NZDCHF,H1: loaded successfully
2	08:24:10.549	Custom indicator FRZ Forex Market Session Indicator NZDCHF,H1: loaded successfully
2	08:24:10.869	Custom indicator AIMS Levels V2 GBPJPY,H1: loaded successfully
2	08:24:10.942	Custom indicator AIMS Entry Alert V1 GBPJPY,H1: loaded successfully
2	08:24:10.948	Custom indicator CandleTimer GBPJPY,H1: loaded successfully
2	08:24:11.018	Custom indicator #Signal_Bars_v6 GBPJPY,H1: loaded successfully
2	08:24:11.027	Custom indicator TrendEnvelopes_v1 GBPJPY,H1: loaded successfully
2	08:24:11.034	Custom indicator guppy_multiple_moving_averages GBPJPY,H1: loaded successfully
2	08:24:11.042	Custom indicator wedges GBPJPY,H1: loaded successfully
2	08:24:11.050	Custom indicator Admiral Pivot GBPJPY,H1: loaded successfully
2	08:24:11.058	Custom indicator AutoTrendChannel GBPJPY,H1: loaded successfully
2	08:24:11.066	Custom indicator FRZ Channel Auto Plotter GBPJPY,H1: loaded successfully
2	08:24:11.075	Custom indicator FRZ News Indicator MT4 GBPJPY,H1: loaded successfully
2	08:24:11.146	Custom indicator AIMS AO V.2.1 GBPJPY,H1: loaded successfully
2	08:24:11.154	Custom indicator IVT_MACD_ZERO_LAG GBPJPY,H1: loaded successfully
2	08:24:11.162	Custom indicator RSI Divergence Levels GBPJPY,H1: loaded successfully
2	08:24:11.172	Custom indicator JoeChalhoub_FXForecasterV1 GBPJPY,H1: loaded successfully
2	08:24:11.179	Custom indicator FRZ Forex Market Session Indicator GBPJPY,H1: loaded successfully
2	08:24:11.516	Custom indicator AIMS Levels V2 AUDJPY,M30: loaded successfully
2	08:24:11.587	Custom indicator AIMS Entry Alert V1 AUDJPY,M30: loaded successfully
2	08:24:11.594	Custom indicator CandleTimer AUDJPY,M30: loaded successfully
2	08:24:11.663	Custom indicator #Signal_Bars_v6 AUDJPY,M30: loaded successfully
2	08:24:11.671	Custom indicator TrendEnvelopes_v1 AUDJPY,M30: loaded successfully
2	08:24:11.678	Custom indicator guppy_multiple_moving_averages AUDJPY,M30: loaded successfully
2	08:24:11.686	Custom indicator wedges AUDJPY,M30: loaded successfully
2	08:24:11.695	Custom indicator Admiral Pivot AUDJPY,M30: loaded successfully
2	08:24:11.702	Custom indicator AutoTrendChannel AUDJPY,M30: loaded successfully
2	08:24:11.710	Custom indicator FRZ Channel Auto Plotter AUDJPY,M30: loaded successfully
2	08:24:11.720	Custom indicator FRZ News Indicator MT4 AUDJPY,M30: loaded successfully
2	08:24:11.791	Custom indicator AIMS AO V.2.1 AUDJPY,M30: loaded successfully
2	08:24:11.799	Custom indicator IVT_MACD_ZERO_LAG AUDJPY,M30: loaded successfully
2	08:24:11.807	Custom indicator RSI Divergence Levels AUDJPY,M30: loaded successfully
2	08:24:11.817	Custom indicator JoeChalhoub_FXForecasterV1 AUDJPY,M30: loaded successfully
2	08:24:11.825	Custom indicator FRZ Forex Market Session Indicator AUDJPY,M30: loaded successfully
2	08:24:12.224	Custom indicator AIMS Levels V2 NZDUSD,M1: loaded successfully
2	08:24:12.296	Custom indicator AIMS Entry Alert V1 NZDUSD,M1: loaded successfully
2	08:24:12.302	Custom indicator CandleTimer NZDUSD,M1: loaded successfully
2	08:24:12.372	Custom indicator #Signal_Bars_v6 NZDUSD,M1: loaded successfully
2	08:24:12.381	Custom indicator TrendEnvelopes_v1 NZDUSD,M1: loaded successfully
2	08:24:12.388	Custom indicator guppy_multiple_moving_averages NZDUSD,M1: loaded successfully
2	08:24:12.396	Custom indicator wedges NZDUSD,M1: loaded successfully
2	08:24:12.404	Custom indicator Admiral Pivot NZDUSD,M1: loaded successfully
2	08:24:12.411	Custom indicator AutoTrendChannel NZDUSD,M1: loaded successfully
2	08:24:12.419	Custom indicator FRZ Channel Auto Plotter NZDUSD,M1: loaded successfully
2	08:24:12.428	Custom indicator FRZ News Indicator MT4 NZDUSD,M1: loaded successfully
2	08:24:12.499	Custom indicator AIMS AO V.2.1 NZDUSD,M1: loaded successfully
2	08:24:12.507	Custom indicator IVT_MACD_ZERO_LAG NZDUSD,M1: loaded successfully
2	08:24:12.515	Custom indicator RSI Divergence Levels NZDUSD,M1: loaded successfully
2	08:24:12.525	Custom indicator JoeChalhoub_FXForecasterV1 NZDUSD,M1: loaded successfully
2	08:24:12.532	Custom indicator FRZ Forex Market Session Indicator NZDUSD,M1: loaded successfully
2	08:24:13.594	Custom indicator AIMS Levels V2 BTCUSD,M1: loaded successfully
2	08:24:13.668	Custom indicator AIMS Entry Alert V1 BTCUSD,M1: loaded successfully
2	08:24:13.675	Custom indicator CandleTimer BTCUSD,M1: loaded successfully
2	08:24:13.747	Custom indicator #Signal_Bars_v6 BTCUSD,M1: loaded successfully
2	08:24:13.754	Custom indicator TrendEnvelopes_v1 BTCUSD,M1: loaded successfully
2	08:24:13.762	Custom indicator guppy_multiple_moving_averages BTCUSD,M1: loaded successfully
2	08:24:13.770	Custom indicator wedges BTCUSD,M1: loaded successfully
2	08:24:13.779	Custom indicator Admiral Pivot BTCUSD,M1: loaded successfully
2	08:24:13.787	Custom indicator AutoTrendChannel BTCUSD,M1: loaded successfully
2	08:24:13.795	Custom indicator FRZ Channel Auto Plotter BTCUSD,M1: loaded successfully
2	08:24:13.805	Custom indicator FRZ News Indicator MT4 BTCUSD,M1: loaded successfully
2	08:24:13.875	Custom indicator AIMS AO V.2.1 BTCUSD,M1: loaded successfully
2	08:24:13.883	Custom indicator IVT_MACD_ZERO_LAG BTCUSD,M1: loaded successfully
2	08:24:13.892	Custom indicator RSI Divergence Levels BTCUSD,M1: loaded successfully
2	08:24:13.900	Custom indicator JoeChalhoub_FXForecasterV1 BTCUSD,M1: loaded successfully
2	08:24:13.908	Custom indicator FRZ Forex Market Session Indicator BTCUSD,M1: loaded successfully
2	08:24:13.921	Expert Admiral - Mini Terminal BTCUSD,M1: loaded successfully
0	08:24:16.650	'27133394': login on AdmiralMarkets-Live through Access Point #6 (ping: 214.86 ms)
0	08:24:26.916	'27133394': login datacenter on AdmiralMarkets-Live through Access Point #6 (ping: 214.86 ms)
0	08:24:28.263	'27133394': previous successful authorization performed from 154.126.12.95
0	08:25:00.508	'27133394': auto connecting to a better access point Access Point #4 (ping is 237.54 ms)
0	08:25:02.119	'27133394': login on AdmiralMarkets-Live through Access Point #4 (ping: 237.54 ms)
0	08:25:08.709	'27133394': login datacenter on AdmiralMarkets-Live through Access Point #4 (ping: 237.54 ms)
0	08:25:09.263	'27133394': previous successful authorization performed from 197.149.36.75
1	09:07:11.506	'27133394': ping failed
1	09:07:11.536	'27133394': datacenter connecting failed [6]
1	09:07:11.600	'27133394': ping failed
1	09:07:13.236	'27133394': connect failed [Connection échouée]
0	12:27:04.958	'27133394': login on AdmiralMarkets-Live through Access Point #8 (ping: n/a)
0	12:27:10.998	'27133394': login datacenter on AdmiralMarkets-Live through Access Point #8 (ping: n/a)
0	12:27:12.220	'27133394': previous successful authorization performed from 154.126.9.85
1	12:27:31.460	'27133394': ping failed
1	12:27:31.461	'27133394': datacenter connecting failed [6]
1	12:27:32.058	'27133394': connect failed [Connection échouée]
0	12:27:33.116	'27133394': auto connecting to a better access point Access Point #5 (ping is 201.75 ms)
0	12:27:37.843	'27133394': login on AdmiralMarkets-Live through Access Point #5 (ping: 201.75 ms)
0	12:27:41.336	'27133394': login datacenter on AdmiralMarkets-Live through Access Point #5 (ping: 201.75 ms)
0	12:27:41.939	'27133394': previous successful authorization performed from 154.126.33.56
0	12:27:49.901	Notifications: 'Classical RSI bullish divergence on:  EURGBP' sent to 'A37163A9'
0	12:27:50.947	Notifications: 'Classical RSI bullish divergence on:  GBPAUD' sent to 'A37163A9'
1	12:42:34.424	'27133394': datacenter connecting failed [6]
1	12:42:41.118	'27133394': connect failed [Connection échouée]
0	12:43:42.083	'27133394': login on AdmiralMarkets-Live through Access Point #8 (ping: 613.66 ms)
0	12:44:16.512	'27133394': login datacenter on AdmiralMarkets-Live through Access Point #8 (ping: 613.66 ms)
0	12:44:21.259	'27133394': previous successful authorization performed from 154.126.9.241
0	12:49:09.493	'27133394': modify order #73242074 sell 1.00 [DAX30] at 12363.89 sl: 0.00 tp: 0.00 -> sl: 12400.80 tp: 0.00
0	12:49:21.446	'27133394': order #73242074 sell 1.00 [DAX30] at 12363.89 was modified -> sl: 12400.80 tp: 0.00
0	12:51:06.335	Notifications: 'Classical RSI bearish divergence on:  NZDUSD' sent to 'A37163A9'
0	12:56:47.792	'27133394': modify order #73242074 sell 1.00 [DAX30] at 12363.89 sl: 12400.80 tp: 0.00 -> sl: 12404.88 tp: 0.00
0	12:56:50.772	'27133394': order #73242074 sell 1.00 [DAX30] at 12363.89 was modified -> sl: 12404.88 tp: 0.00
0	13:01:08.341	Notifications: 'Classical RSI bearish divergence on:  GOLD' sent to 'A37163A9'
0	13:04:07.088	Notifications: 'Classical RSI bearish divergence on:  GOLD' sent to 'A37163A9'
0	13:07:30.247	'27133394': order sell market 0.50 [DJI30] sl: 0.00 tp: 0.00
0	13:07:31.817	'27133394': order was opened : #73244118 sell 0.50 [DJI30] at 28006.61 sl: 0.00 tp: 0.00
0	13:07:59.772	'27133394': modify order #73244118 sell 0.50 [DJI30] at 28006.61 sl: 0.00 tp: 0.00 -> sl: 28200.00 tp: 27750.00
0	13:08:07.476	'27133394': order #73244118 sell 0.50 [DJI30] at 28006.61 was modified -> sl: 28200.00 tp: 27750.00
0	13:22:56.925	'27133394': login datacenter on AdmiralMarkets-Live
0	13:23:05.778	'27133394': login on AdmiralMarkets-Live through Access Point #2 (ping: 206.81 ms)
1	13:24:13.362	'27133394': datacenter connecting failed [6]
1	13:24:19.059	'27133394': connect failed [Connection échouée]
0	13:24:27.576	'27133394': login on AdmiralMarkets-Live through Access Point #8 (ping: n/a)
0	13:24:33.705	'27133394': login datacenter on AdmiralMarkets-Live through Access Point #8 (ping: n/a)
0	13:24:35.035	'27133394': previous successful authorization performed from 154.126.33.56
0	13:24:35.783	Notifications: 'Classical RSI bullish divergence on:  EURGBP' sent to 'A37163A9'
0	13:24:59.553	'27133394': ping to current access point Access Point #8 is 635.69 ms
0	13:27:49.383	'27133394': login on AdmiralMarkets-Live through Access Point #5 (ping: 200.09 ms)
0	13:28:12.078	'27133394': login datacenter on AdmiralMarkets-Live through Access Point #5 (ping: 200.09 ms)
0	13:28:13.000	'27133394': previous successful authorization performed from 154.126.33.56
1	13:42:32.586	'27133394': datacenter connecting failed [6]
0	13:42:37.274	'27133394': login on AdmiralMarkets-Live through Access Point #6 (ping: 226.78 ms)
0	13:43:18.737	'27133394': login datacenter on AdmiralMarkets-Live through Access Point #6 (ping: 226.78 ms)
0	13:43:23.256	'27133394': previous successful authorization performed from 154.126.9.190
0	13:45:20.304	'27133394': modify order #73242074 sell 1.00 [DAX30] at 12363.89 sl: 12404.88 tp: 0.00 -> sl: 12362.93 tp: 0.00
0	13:45:20.693	'27133394': order #73242074 sell 1.00 [DAX30] at 12363.89 was modified -> sl: 12362.93 tp: 0.00
0	13:46:32.985	'27133394': login datacenter on AdmiralMarkets-Live
0	13:46:34.506	'27133394': login on AdmiralMarkets-Live through Access Point #4 (ping: 237.26 ms)
0	13:46:40.283	'27133394': login datacenter on AdmiralMarkets-Live through Access Point #4 (ping: 237.26 ms)
0	13:46:41.013	'27133394': previous successful authorization performed from 154.126.12.143
1	13:49:31.867	Notifications: failed send request [0] send request failed [12030]
1	13:49:31.867	Notifications: 'Classical RSI bearish divergence on:  BTCUSD' not sent to 'A37163A9'
0	13:55:44.612	'27133394': order #73242074 sell 1.00 [DAX30] at 12363.89 closed due stop-loss at price 12363.03
0	13:57:34.339	'27133394': order sell market 1.00 [DAX30] sl: 0.00 tp: 0.00
0	13:57:35.012	'27133394': order was opened : #73248652 sell 1.00 [DAX30] at 12359.84 sl: 0.00 tp: 0.00
0	13:57:44.305	'27133394': modify order #73248652 sell 1.00 [DAX30] at 12359.84 sl: 0.00 tp: 0.00 -> sl: 12366.91 tp: 0.00
0	13:57:44.670	'27133394': order #73248652 sell 1.00 [DAX30] at 12359.84 was modified -> sl: 12366.91 tp: 0.00
0	13:58:09.542	'27133394': modify order #73248652 sell 1.00 [DAX30] at 12359.84 sl: 12366.91 tp: 0.00 -> sl: 12369.07 tp: 0.00
0	13:58:09.874	'27133394': order #73248652 sell 1.00 [DAX30] at 12359.84 was modified -> sl: 12369.07 tp: 0.00
0	13:59:46.282	'27133394': modify order #73248652 sell 1.00 [DAX30] at 12359.84 sl: 12369.07 tp: 0.00 -> sl: 12371.28 tp: 0.00
0	13:59:46.624	'27133394': order #73248652 sell 1.00 [DAX30] at 12359.84 was modified -> sl: 12371.28 tp: 0.00
0	14:00:00.628	Notifications: 'Classical RSI bearish divergence on:  BTCUSD' sent to 'A37163A9'
0	14:00:01.660	Notifications: 'Classical RSI bullish divergence on:  EURGBP' sent to 'A37163A9'
0	14:01:02.157	'27133394': order #73248652 sell 1.00 [DAX30] at 12359.84 closed due stop-loss at price 12371.28
0	14:02:01.018	Notifications: 'Classical RSI bearish divergence on:  GOLD' sent to 'A37163A9'
0	14:02:20.582	'27133394': order buy market 1.00 [DAX30] sl: 0.00 tp: 0.00
0	14:02:22.005	'27133394': order was opened : #73249033 buy 1.00 [DAX30] at 12377.17 sl: 0.00 tp: 0.00
0	14:02:38.389	'27133394': modify order #73249033 buy 1.00 [DAX30] at 12377.17 sl: 0.00 tp: 0.00 -> sl: 12363.91 tp: 0.00
0	14:02:40.117	'27133394': order #73249033 buy 1.00 [DAX30] at 12377.17 was modified -> sl: 12363.91 tp: 0.00
0	14:03:12.473	'27133394': modify order #73249033 buy 1.00 [DAX30] at 12377.17 sl: 12363.91 tp: 0.00 -> sl: 12362.68 tp: 0.00
0	14:03:13.213	'27133394': order #73249033 buy 1.00 [DAX30] at 12377.17 was modified -> sl: 12362.68 tp: 0.00
0	14:07:01.903	'27133394': modify order #73249033 buy 1.00 [DAX30] at 12377.17 sl: 12362.68 tp: 0.00 -> sl: 12377.18 tp: 0.00
0	14:07:02.918	'27133394': order #73249033 buy 1.00 [DAX30] at 12377.17 was modified -> sl: 12377.18 tp: 0.00
0	14:07:44.875	'27133394': order #73249033 buy 1.00 [DAX30] at 12377.17 closed due stop-loss at price 12377.12
0	14:08:05.115	Notifications: 'Classical RSI bearish divergence on:  GOLD' sent to 'A37163A9'
0	14:11:22.593	'27133394': order buy market 1.00 [DAX30] sl: 0.00 tp: 0.00
0	14:11:23.610	'27133394': order was opened : #73249556 buy 1.00 [DAX30] at 12378.62 sl: 0.00 tp: 0.00
0	14:11:32.046	'27133394': modify order #73249556 buy 1.00 [DAX30] at 12378.62 sl: 0.00 tp: 0.00 -> sl: 12371.28 tp: 0.00
0	14:11:32.887	'27133394': order #73249556 buy 1.00 [DAX30] at 12378.62 was modified -> sl: 12371.28 tp: 0.00
0	14:12:19.655	'27133394': modify order #73249556 buy 1.00 [DAX30] at 12378.62 sl: 12371.28 tp: 0.00 -> sl: 12378.90 tp: 0.00
0	14:12:41.815	'27133394': order #73249556 buy 1.00 [DAX30] at 12378.62 was modified -> sl: 12378.90 tp: 0.00
0	14:13:15.498	'27133394': order #73249556 buy 1.00 [DAX30] at 12378.62 closed due stop-loss at price 12378.47
1	14:13:30.023	Notifications: failed send request [0] send request failed [12030]
1	14:13:30.023	Notifications: 'Classical RSI bearish divergence on:  BTCUSD' not sent to 'A37163A9'
1	14:14:50.063	Notifications: failed send request [0] send request failed [12002]
1	14:14:50.063	Notifications: 'Classical RSI bearish divergence on:  BTCUSD' not sent to 'A37163A9'
0	14:15:03.058	Notifications: 'Classical RSI bearish divergence on:  BTCUSD' sent to 'A37163A9'
0	14:15:08.612	Notifications: 'Classical RSI bearish divergence on:  [DJI30]' sent to 'A37163A9'
0	14:15:11.730	Notifications: 'Classical RSI bearish divergence on:  [DAX30]' sent to 'A37163A9'
0	14:15:57.236	Notifications: 'Classical RSI bearish divergence on:  AUDJPY' sent to 'A37163A9'
1	14:17:24.264	Notifications: failed send request [0] send request failed [12029]
1	14:17:24.264	Notifications: 'Classical RSI bearish divergence on:  [DJI30]' not sent to 'A37163A9'
0	14:17:32.731	'27133394': order sell market 1.00 [DAX30] sl: 0.00 tp: 0.00
0	14:17:34.001	'27133394': order was opened : #73249791 sell 1.00 [DAX30] at 12372.40 sl: 0.00 tp: 0.00
0	14:17:42.107	'27133394': modify order #73249791 sell 1.00 [DAX30] at 12372.40 sl: 0.00 tp: 0.00 -> sl: 12384.79 tp: 0.00
0	14:17:43.670	'27133394': order #73249791 sell 1.00 [DAX30] at 12372.40 was modified -> sl: 12384.79 tp: 0.00
0	14:18:25.801	'27133394': modify order #73249791 sell 1.00 [DAX30] at 12372.40 sl: 12384.79 tp: 0.00 -> sl: 12372.26 tp: 0.00
0	14:19:03.286	'27133394': modify order #73249791 sell 1.00 [DAX30] at 12372.40 sl: 12384.79 tp: 0.00 -> sl: 12371.77 tp: 0.00
0	14:19:10.072	'27133394': order #73249791 sell 1.00 [DAX30] at 12372.40 was modified -> sl: 12372.26 tp: 0.00
0	14:19:10.110	'27133394': order #73249791 sell 1.00 [DAX30] at 12372.40 was modified -> sl: 12371.77 tp: 0.00
1	14:23:47.776	'27133394': modification of order #73249791 sell 1.00 [DAX30] at 12372.40 sl: 12371.77 tp: 0.00 -> sl: 12371.77 tp: 12363.85 failed [Invalid S/L or T/P]
0	14:23:54.680	'27133394': modify order #73249791 sell 1.00 [DAX30] at 12372.40 sl: 12371.77 tp: 0.00 -> sl: 12363.85 tp: 0.00
0	14:23:56.381	'27133394': order #73249791 sell 1.00 [DAX30] at 12372.40 was modified -> sl: 12363.85 tp: 0.00
0	14:24:36.478	'27133394': modify order #73249791 sell 1.00 [DAX30] at 12372.40 sl: 12363.85 tp: 0.00 -> sl: 12355.78 tp: 0.00
0	14:24:40.348	'27133394': order #73249791 sell 1.00 [DAX30] at 12372.40 was modified -> sl: 12355.78 tp: 0.00
0	14:27:57.425	'27133394': modify order #73249791 sell 1.00 [DAX30] at 12372.40 sl: 12355.78 tp: 0.00 -> sl: 12350.31 tp: 0.00
0	14:27:58.149	'27133394': order #73249791 sell 1.00 [DAX30] at 12372.40 was modified -> sl: 12350.31 tp: 0.00
0	14:30:21.731	'27133394': modify order #73249791 sell 1.00 [DAX30] at 12372.40 sl: 12350.31 tp: 0.00 -> sl: 12347.41 tp: 0.00
0	14:30:22.728	'27133394': order #73249791 sell 1.00 [DAX30] at 12372.40 was modified -> sl: 12347.41 tp: 0.00
0	14:35:05.246	'27133394': order #73249791 sell 1.00 [DAX30] at 12372.40 closed due stop-loss at price 12347.60
0	14:38:57.404	'27133394': order buy market 1.00 [DAX30] sl: 0.00 tp: 0.00
0	14:38:58.014	'27133394': order was opened : #73251021 buy 1.00 [DAX30] at 12348.93 sl: 0.00 tp: 0.00
0	14:39:03.108	'27133394': modify order #73251021 buy 1.00 [DAX30] at 12348.93 sl: 0.00 tp: 0.00 -> sl: 12346.06 tp: 0.00
0	14:39:12.752	'27133394': order #73251021 buy 1.00 [DAX30] at 12348.93 was modified -> sl: 12346.06 tp: 0.00
0	14:39:17.635	'27133394': modify order #73251021 buy 1.00 [DAX30] at 12348.93 sl: 12346.06 tp: 0.00 -> sl: 12344.04 tp: 0.00
0	14:39:47.105	'27133394': order #73251021 buy 1.00 [DAX30] at 12348.93 was modified -> sl: 12344.04 tp: 0.00
1	14:40:06.659	'27133394': modification of order #73251021 buy 1.00 [DAX30] at 12348.93 sl: 12344.04 tp: 0.00 -> sl: 12349.45 tp: 0.00 failed [Invalid S/L or T/P]
1	14:40:42.332	'27133394': modification of order #73251021 buy 1.00 [DAX30] at 12348.93 sl: 12344.04 tp: 0.00 -> sl: 12349.22 tp: 0.00 failed [Invalid S/L or T/P]
0	14:40:48.986	'27133394': order #73251021 buy 1.00 [DAX30] at 12348.93 closed due stop-loss at price 12343.92
0	14:42:20.140	'27133394': order sell market 1.00 [DAX30] sl: 0.00 tp: 0.00
0	14:42:21.649	'27133394': order was opened : #73251151 sell 1.00 [DAX30] at 12337.23 sl: 0.00 tp: 0.00
0	14:42:30.598	'27133394': modify order #73251151 sell 1.00 [DAX30] at 12337.23 sl: 0.00 tp: 0.00 -> sl: 12351.07 tp: 0.00
0	14:42:31.032	'27133394': order #73251151 sell 1.00 [DAX30] at 12337.23 was modified -> sl: 12351.07 tp: 0.00
1	14:44:29.004	'27133394': modification of order #73251151 sell 1.00 [DAX30] at 12337.23 sl: 12351.07 tp: 0.00 -> sl: 12336.64 tp: 0.00 failed [Invalid S/L or T/P]
1	14:47:25.948	'27133394': modification of order #73251151 sell 1.00 [DAX30] at 12337.23 sl: 12351.07 tp: 0.00 -> sl: 12337.12 tp: 0.00 failed [Invalid S/L or T/P]
1	14:48:17.256	'27133394': connect failed [Connection échouée]
0	14:48:25.551	'27133394': login on AdmiralMarkets-Live through Access Point #4 (ping: 237.26 ms)
1	14:49:34.249	'27133394': connect failed [Connection échouée]
0	14:49:42.043	'27133394': login on AdmiralMarkets-Live through Access Point #3 (ping: 278.98 ms)
0	14:49:46.387	'27133394': auto connecting to a better access point Access Point #5 (ping is 249.31 ms)
1	14:49:52.404	'27133394': datacenter connecting failed [6]
1	14:50:03.485	'27133394': connect failed [Connection échouée]
0	14:50:20.624	'27133394': login on AdmiralMarkets-Live through Access Point #8 (ping: 833.84 ms)
1	14:51:41.762	'27133394': datacenter connecting failed [6]
0	14:51:51.490	'27133394': login on AdmiralMarkets-Live through Access Point #4 (ping: 2394.99 ms)
1	14:53:02.539	'27133394': datacenter connecting failed [6]
1	14:54:08.759	'27133394': connect failed [Connection échouée]
0	14:57:32.906	'27133394': login on AdmiralMarkets-Live through Access Point #8 (ping: n/a)
0	14:59:00.648	'27133394': login datacenter on AdmiralMarkets-Live
1	14:59:23.725	'27133394': connect failed [Erreur standard]
0	14:59:38.917	'27133394': auto connecting to a better access point Access Point #8 (ping is n/a)
0	14:59:43.076	'27133394': login on AdmiralMarkets-Live through Access Point #8 (ping: n/a)
0	15:00:48.446	'27133394': login datacenter on AdmiralMarkets-Live
1	15:00:54.110	'27133394': connect failed [Connection échouée]
0	15:01:17.537	'27133394': login on AdmiralMarkets-Live through Access Point #8 (ping: n/a)
0	15:01:25.747	'27133394': login datacenter on AdmiralMarkets-Live through Access Point #8 (ping: n/a)
0	15:01:30.529	'27133394': previous successful authorization performed from 154.126.33.56
0	15:01:48.742	'27133394': ping to current access point Access Point #8 is 652.31 ms
0	15:01:53.575	Notifications: 'Classical RSI bearish divergence on:  [DJI30]' sent to 'A37163A9'
0	15:01:56.721	Notifications: 'Classical RSI bullish divergence on:  [DAX30]' sent to 'A37163A9'
0	15:04:03.031	Notifications: 'Classical RSI bullish divergence on:  [DAX30]' sent to 'A37163A9'
0	15:04:13.461	Notifications: 'Classical RSI bullish divergence on:  [DJI30]' sent to 'A37163A9'
0	15:15:02.094	Notifications: 'Classical RSI bullish divergence on:  GOLD' sent to 'A37163A9'
0	15:19:36.001	'27133394': order #73252889 sell 1.00 [DAX30] at 12308.66 closed due stop-loss at price 12309.15
0	15:26:01.384	Notifications: 'Classical RSI bullish divergence on:  [DAX30]' sent to 'A37163A9'
0	15:27:00.649	Notifications: 'Classical RSI bullish divergence on:  [DJI30]' sent to 'A37163A9'
0	15:29:55.320	'27133394': order #73253608 sell 1.00 [DAX30] at 12292.69 closed due stop-loss at price 12306.27
0	15:52:15.343	'27133394': modify order #73254733 sell 1.00 [DAX30] at 12286.67 sl: 0.00 tp: 0.00 -> sl: 12296.03 tp: 0.00
0	15:52:16.775	'27133394': order #73254733 sell 1.00 [DAX30] at 12286.67 was modified -> sl: 12296.03 tp: 0.00
1	15:52:28.180	'27133394': modification of order #73254733 sell 1.00 [DAX30] at 12286.67 sl: 12296.03 tp: 0.00 -> sl: 12286.42 tp: 0.00 failed [Invalid S/L or T/P]
0	15:52:42.471	'27133394': modify order #73254733 sell 1.00 [DAX30] at 12286.67 sl: 12296.03 tp: 0.00 -> sl: 12286.42 tp: 0.00
0	15:52:43.226	'27133394': order #73254733 sell 1.00 [DAX30] at 12286.67 was modified -> sl: 12286.42 tp: 0.00
0	15:52:47.384	'27133394': order #73254733 sell 1.00 [DAX30] at 12286.67 closed due stop-loss at price 12286.33
0	15:54:45.061	'27133394': order sell market 1.00 [DAX30] sl: 0.00 tp: 0.00
0	15:54:47.047	'27133394': order was opened : #73255508 sell 1.00 [DAX30] at 12273.79 sl: 0.00 tp: 0.00
0	15:54:52.295	'27133394': modify order #73255508 sell 1.00 [DAX30] at 12273.79 sl: 0.00 tp: 0.00 -> sl: 12290.14 tp: 0.00
0	15:54:53.082	'27133394': order #73255508 sell 1.00 [DAX30] at 12273.79 was modified -> sl: 12290.14 tp: 0.00
0	15:57:02.298	Notifications: 'Classical RSI bullish divergence on:  [DAX30]' sent to 'A37163A9'
0	15:57:34.571	'27133394': modify order #73255508 sell 1.00 [DAX30] at 12273.79 sl: 12290.14 tp: 0.00 -> sl: 12289.15 tp: 0.00
0	15:57:35.801	'27133394': order #73255508 sell 1.00 [DAX30] at 12273.79 was modified -> sl: 12289.15 tp: 0.00
2	15:57:38.142	Expert Admiral - Mini Terminal [DAX30],M1: loaded successfully
0	15:58:57.078	'27133394': modify order #73255508 sell 1.00 [DAX30] at 12273.79 sl: 12289.15 tp: 0.00 -> sl: 12289.15 tp: 12273.79
0	15:58:59.343	'27133394': order #73255508 sell 1.00 [DAX30] at 12273.79 was modified -> sl: 12289.15 tp: 12273.79
0	16:03:02.428	'27133394': order #73255508 sell 1.00 [DAX30] at 12273.79 closed due stop-loss at price 12289.20
0	16:03:19.585	Notifications: 'Classical RSI bullish divergence on:  GOLD' sent to 'A37163A9'
0	16:03:38.994	'27133394': order buy market 1.00 [DAX30] sl: 0.00 tp: 0.00
0	16:03:40.208	'27133394': order was opened : #73256131 buy 1.00 [DAX30] at 12293.90 sl: 0.00 tp: 0.00
0	16:03:53.124	'27133394': modify order #73256131 buy 1.00 [DAX30] at 12293.90 sl: 0.00 tp: 0.00 -> sl: 12271.61 tp: 0.00
0	16:03:55.852	'27133394': order #73256131 buy 1.00 [DAX30] at 12293.90 was modified -> sl: 12271.61 tp: 0.00
0	16:06:09.084	'27133394': modify order #73256131 buy 1.00 [DAX30] at 12293.90 sl: 12271.61 tp: 0.00 -> sl: 12294.17 tp: 0.00
0	16:06:18.371	'27133394': order #73256131 buy 1.00 [DAX30] at 12293.90 was modified -> sl: 12294.17 tp: 0.00
0	16:06:40.966	'27133394': order #73256131 buy 1.00 [DAX30] at 12293.90 closed due stop-loss at price 12294.12
0	16:09:50.395	'27133394': order buy market 1.00 [DAX30] sl: 0.00 tp: 0.00
0	16:09:51.787	'27133394': order was opened : #73256425 buy 1.00 [DAX30] at 12301.64 sl: 0.00 tp: 0.00
0	16:10:05.033	'27133394': modify order #73256425 buy 1.00 [DAX30] at 12301.64 sl: 0.00 tp: 0.00 -> sl: 12286.40 tp: 0.00
0	16:10:07.898	'27133394': order #73256425 buy 1.00 [DAX30] at 12301.64 was modified -> sl: 12286.40 tp: 0.00
0	16:12:28.430	'27133394': modify order #73256425 buy 1.00 [DAX30] at 12301.64 sl: 12286.40 tp: 0.00 -> sl: 12301.79 tp: 0.00
0	16:12:29.703	'27133394': order #73256425 buy 1.00 [DAX30] at 12301.64 was modified -> sl: 12301.79 tp: 0.00
0	16:13:03.287	'27133394': order #73256425 buy 1.00 [DAX30] at 12301.64 closed due stop-loss at price 12301.50
0	16:14:03.205	'27133394': order buy market 1.00 [DAX30] sl: 0.00 tp: 0.00
0	16:14:04.526	'27133394': order was opened : #73256691 buy 1.00 [DAX30] at 12306.26 sl: 0.00 tp: 0.00
0	16:14:14.322	'27133394': modify order #73256691 buy 1.00 [DAX30] at 12306.26 sl: 0.00 tp: 0.00 -> sl: 12295.15 tp: 0.00
0	16:14:16.453	'27133394': order #73256691 buy 1.00 [DAX30] at 12306.26 was modified -> sl: 12295.15 tp: 0.00
1	16:17:39.981	'27133394': datacenter connecting failed [6]
0	16:17:41.353	'27133394': login on AdmiralMarkets-Live through Access Point #5 (ping: 202.53 ms)
0	16:17:52.181	'27133394': login datacenter on AdmiralMarkets-Live through Access Point #5 (ping: 202.53 ms)
0	16:17:55.388	'27133394': previous successful authorization performed from 154.126.12.93
0	16:19:30.678	'27133394': auto connecting to a better access point Access Point #4 (ping is 215.65 ms)
0	16:19:31.483	'27133394': login on AdmiralMarkets-Live through Access Point #4 (ping: 215.65 ms)
0	16:19:34.031	'27133394': login datacenter on AdmiralMarkets-Live through Access Point #4 (ping: 215.65 ms)
0	16:19:34.590	'27133394': previous successful authorization performed from 154.126.33.56
0	16:21:16.813	Notifications: 'Classical RSI bearish divergence on:  [NQ100]' sent to 'A37163A9'
0	16:24:51.508	'27133394': login datacenter on AdmiralMarkets-Live
0	16:24:52.890	'27133394': login on AdmiralMarkets-Live through Access Point #3 (ping: 355.84 ms)
0	16:25:08.805	'27133394': login datacenter on AdmiralMarkets-Live through Access Point #3 (ping: 355.84 ms)
0	16:25:10.870	'27133394': previous successful authorization performed from 154.126.33.56
0	16:26:13.811	'27133394': modify order #73256691 buy 1.00 [DAX30] at 12306.26 sl: 12295.15 tp: 0.00 -> sl: 12306.32 tp: 0.00
0	16:26:26.967	'27133394': order #73256691 buy 1.00 [DAX30] at 12306.26 was modified -> sl: 12306.32 tp: 0.00
0	16:28:30.580	'27133394': login datacenter on AdmiralMarkets-Live
0	16:28:46.737	'27133394': login on AdmiralMarkets-Live through Access Point #8 (ping: 464.29 ms)
0	16:29:38.303	'27133394': login datacenter on AdmiralMarkets-Live through Access Point #8 (ping: 464.29 ms)
0	16:29:40.686	'27133394': previous successful authorization performed from 154.126.33.56
0	16:33:04.190	Notifications: 'Classical RSI bearish divergence on:  [DAX30]' sent to 'A37163A9'
0	16:33:44.235	'27133394': order #73257234 buy 1.00 [DAX30] at 12316.05 closed due stop-loss at price 12313.76
0	16:34:35.447	'27133394': order sell market 1.00 [DAX30] sl: 0.00 tp: 0.00
0	16:34:37.138	'27133394': order was opened : #73257730 sell 1.00 [DAX30] at 12305.57 sl: 0.00 tp: 0.00
0	16:34:42.706	'27133394': modify order #73257730 sell 1.00 [DAX30] at 12305.57 sl: 0.00 tp: 0.00 -> sl: 12313.86 tp: 0.00
0	16:34:43.469	'27133394': order #73257730 sell 1.00 [DAX30] at 12305.57 was modified -> sl: 12313.86 tp: 0.00
1	16:36:01.948	'27133394': modification of order #73257730 sell 1.00 [DAX30] at 12305.57 sl: 12313.86 tp: 0.00 -> sl: 12305.11 tp: 0.00 failed [Invalid S/L or T/P]
0	16:36:28.290	'27133394': modify order #73257730 sell 1.00 [DAX30] at 12305.57 sl: 12313.86 tp: 0.00 -> sl: 12319.59 tp: 0.00
0	16:36:29.794	'27133394': order #73257730 sell 1.00 [DAX30] at 12305.57 was modified -> sl: 12319.59 tp: 0.00
0	16:37:00.764	Notifications: 'Classical RSI bearish divergence on:  NZDUSD' sent to 'A37163A9'
0	16:37:31.198	'27133394': modify order #73257730 sell 1.00 [DAX30] at 12305.57 sl: 12319.59 tp: 0.00 -> sl: 12330.76 tp: 0.00
0	16:37:32.778	'27133394': order #73257730 sell 1.00 [DAX30] at 12305.57 was modified -> sl: 12330.76 tp: 0.00
0	16:37:54.950	'27133394': modify order #73257730 sell 1.00 [DAX30] at 12305.57 sl: 12330.76 tp: 0.00 -> sl: 12304.51 tp: 0.00
0	16:38:04.554	'27133394': order #73257730 sell 1.00 [DAX30] at 12305.57 was modified -> sl: 12304.51 tp: 0.00
0	16:39:09.424	'27133394': order #73257730 sell 1.00 [DAX30] at 12305.57 closed due stop-loss at price 12304.73
0	16:39:23.979	'27133394': order sell market 1.00 [DAX30] sl: 0.00 tp: 0.00
0	16:39:25.004	'27133394': order was opened : #73258172 sell 1.00 [DAX30] at 12303.41 sl: 0.00 tp: 0.00
0	16:39:30.347	'27133394': modify order #73258172 sell 1.00 [DAX30] at 12303.41 sl: 0.00 tp: 0.00 -> sl: 12330.46 tp: 0.00
0	16:39:31.127	'27133394': order #73258172 sell 1.00 [DAX30] at 12303.41 was modified -> sl: 12330.46 tp: 0.00
0	16:43:49.780	'27133394': modify order #73258172 sell 1.00 [DAX30] at 12303.41 sl: 12330.46 tp: 0.00 -> sl: 12303.13 tp: 0.00
0	16:43:50.570	'27133394': order #73258172 sell 1.00 [DAX30] at 12303.41 was modified -> sl: 12303.13 tp: 0.00
0	16:44:24.119	'27133394': order #73258172 sell 1.00 [DAX30] at 12303.41 closed due stop-loss at price 12303.44
0	16:45:45.215	'27133394': order sell market 2.00 [DAX30] sl: 0.00 tp: 0.00
0	16:45:46.261	'27133394': order was opened : #73258841 sell 2.00 [DAX30] at 12298.07 sl: 0.00 tp: 0.00
0	16:45:53.495	'27133394': modify order #73258841 sell 2.00 [DAX30] at 12298.07 sl: 0.00 tp: 0.00 -> sl: 12305.41 tp: 0.00
0	16:45:54.884	'27133394': order #73258841 sell 2.00 [DAX30] at 12298.07 was modified -> sl: 12305.41 tp: 0.00
0	16:46:02.633	Notifications: 'Classical RSI bearish divergence on:  [NQ100]' sent to 'A37163A9'
0	16:46:16.516	'27133394': modify order #73258841 sell 2.00 [DAX30] at 12298.07 sl: 12305.41 tp: 0.00 -> sl: 12296.84 tp: 0.00
0	16:46:18.132	'27133394': order #73258841 sell 2.00 [DAX30] at 12298.07 was modified -> sl: 12296.84 tp: 0.00
0	16:46:32.947	'27133394': order #73258841 sell 2.00 [DAX30] at 12298.07 closed due stop-loss at price 12296.84
0	16:47:05.628	'27133394': order sell market 2.00 [DAX30] sl: 0.00 tp: 0.00
0	16:47:07.693	'27133394': order was opened : #73258935 sell 2.00 [DAX30] at 12291.03 sl: 0.00 tp: 0.00
0	16:47:14.778	'27133394': modify order #73258935 sell 2.00 [DAX30] at 12291.03 sl: 0.00 tp: 0.00 -> sl: 12301.58 tp: 0.00
0	16:47:16.584	'27133394': order #73258935 sell 2.00 [DAX30] at 12291.03 was modified -> sl: 12301.58 tp: 0.00
1	16:47:53.174	'27133394': modification of order #73258935 sell 2.00 [DAX30] at 12291.03 sl: 12301.58 tp: 0.00 -> sl: 12291.31 tp: 0.00 failed [Invalid S/L or T/P]
0	16:47:59.206	'27133394': modify order #73258935 sell 2.00 [DAX30] at 12291.03 sl: 12301.58 tp: 0.00 -> sl: 12311.86 tp: 0.00
0	16:48:00.571	'27133394': order #73258935 sell 2.00 [DAX30] at 12291.03 was modified -> sl: 12311.86 tp: 0.00
0	16:49:36.796	'27133394': modify order #73258935 sell 2.00 [DAX30] at 12291.03 sl: 12311.86 tp: 0.00 -> sl: 12298.06 tp: 0.00
0	16:49:38.973	'27133394': order #73258935 sell 2.00 [DAX30] at 12291.03 was modified -> sl: 12298.06 tp: 0.00
0	16:50:52.343	'27133394': modify order #73258935 sell 2.00 [DAX30] at 12291.03 sl: 12298.06 tp: 0.00 -> sl: 12300.89 tp: 0.00
0	16:50:53.359	'27133394': order #73258935 sell 2.00 [DAX30] at 12291.03 was modified -> sl: 12300.89 tp: 0.00
0	16:52:01.671	Notifications: 'Classical RSI bullish divergence on:  [DJI30]' sent to 'A37163A9'
0	16:52:10.306	'27133394': order #73258935 sell 2.00 [DAX30] at 12291.03 closed due stop-loss at price 12301.42
0	16:59:00.635	Notifications: 'Classical RSI bearish divergence on:  [NQ100]' sent to 'A37163A9'
0	17:00:17.034	Notifications: 'Classical RSI bullish divergence on:  [DAX30]' sent to 'A37163A9'
0	17:00:52.589	'27133394': order sell market 2.00 [DAX30] sl: 0.00 tp: 0.00
0	17:00:57.089	'27133394': order was opened : #73259974 sell 2.00 [DAX30] at 12301.17 sl: 0.00 tp: 0.00
0	17:01:05.162	'27133394': modify order #73259974 sell 2.00 [DAX30] at 12301.17 sl: 0.00 tp: 0.00 -> sl: 12311.20 tp: 0.00
0	17:01:07.955	'27133394': order #73259974 sell 2.00 [DAX30] at 12301.17 was modified -> sl: 12311.20 tp: 0.00
1	17:01:41.279	'27133394': modification of order #73259974 sell 2.00 [DAX30] at 12301.17 sl: 12311.20 tp: 0.00 -> sl: 12300.42 tp: 0.00 failed [Invalid S/L or T/P]
0	17:01:46.938	'27133394': modify order #73259974 sell 2.00 [DAX30] at 12301.17 sl: 12311.20 tp: 0.00 -> sl: 12312.47 tp: 0.00
0	17:01:48.101	'27133394': order #73259974 sell 2.00 [DAX30] at 12301.17 was modified -> sl: 12312.47 tp: 0.00
0	17:03:10.595	'27133394': modify order #73259974 sell 2.00 [DAX30] at 12301.17 sl: 12312.47 tp: 0.00 -> sl: 12316.27 tp: 0.00
0	17:03:11.565	'27133394': order #73259974 sell 2.00 [DAX30] at 12301.17 was modified -> sl: 12316.27 tp: 0.00
0	17:05:09.147	'27133394': modify order #73259974 sell 2.00 [DAX30] at 12301.17 sl: 12316.27 tp: 0.00 -> sl: 12326.69 tp: 0.00
0	17:05:10.253	'27133394': order #73259974 sell 2.00 [DAX30] at 12301.17 was modified -> sl: 12326.69 tp: 0.00
2	17:13:40.741	Expert Admiral - Mini Terminal [DAX30],M1: removed
2	17:13:40.741	Custom indicator AIMS Levels V2 [DAX30],M1: removed
2	17:13:40.742	Custom indicator AIMS Entry Alert V1 [DAX30],M1: removed
2	17:13:40.745	Custom indicator CandleTimer [DAX30],M1: removed
2	17:13:40.746	Custom indicator #Signal_Bars_v6 [DAX30],M1: removed
2	17:13:40.748	Custom indicator TrendEnvelopes_v1 [DAX30],M1: removed
2	17:13:40.750	Custom indicator guppy_multiple_moving_averages [DAX30],M1: removed
2	17:13:40.753	Custom indicator wedges [DAX30],M1: removed
2	17:13:40.755	Custom indicator Admiral Pivot [DAX30],M1: removed
2	17:13:40.757	Custom indicator AutoTrendChannel [DAX30],M1: removed
2	17:13:40.758	Custom indicator FRZ Channel Auto Plotter [DAX30],M1: removed
2	17:13:40.760	Custom indicator FRZ News Indicator MT4 [DAX30],M1: removed
2	17:13:40.760	Custom indicator AIMS AO V.2.1 [DAX30],M1: removed
2	17:13:40.762	Custom indicator IVT_MACD_ZERO_LAG [DAX30],M1: removed
2	17:13:40.763	Custom indicator RSI Divergence Levels [DAX30],M1: removed
2	17:13:40.765	Custom indicator JoeChalhoub_FXForecasterV1 [DAX30],M1: removed
2	17:13:40.769	Custom indicator FRZ Forex Market Session Indicator [DAX30],M1: removed
2	17:13:40.849	Custom indicator AIMS Levels V2 [DAX30],M1: loaded successfully
2	17:13:40.928	Custom indicator AIMS Entry Alert V1 [DAX30],M1: loaded successfully
2	17:13:40.937	Custom indicator CandleTimer [DAX30],M1: loaded successfully
2	17:13:41.013	Custom indicator #Signal_Bars_v6 [DAX30],M1: loaded successfully
2	17:13:41.022	Custom indicator TrendEnvelopes_v1 [DAX30],M1: loaded successfully
2	17:13:41.032	Custom indicator guppy_multiple_moving_averages [DAX30],M1: loaded successfully
2	17:13:41.042	Custom indicator wedges [DAX30],M1: loaded successfully
2	17:13:41.052	Custom indicator Admiral Pivot [DAX30],M1: loaded successfully
2	17:13:41.406	Custom indicator AutoTrendChannel [DAX30],M1: loaded successfully
2	17:13:41.419	Custom indicator FRZ Channel Auto Plotter [DAX30],M1: loaded successfully
2	17:13:41.433	Custom indicator FRZ News Indicator MT4 [DAX30],M1: loaded successfully
2	17:13:41.501	Custom indicator AIMS AO V.2.1 [DAX30],M1: loaded successfully
2	17:13:41.509	Custom indicator IVT_MACD_ZERO_LAG [DAX30],M1: loaded successfully
2	17:13:41.519	Custom indicator RSI Divergence Levels [DAX30],M1: loaded successfully
2	17:13:41.531	Custom indicator JoeChalhoub_FXForecasterV1 [DAX30],M1: loaded successfully
2	17:13:41.541	Custom indicator FRZ Forex Market Session Indicator [DAX30],M1: loaded successfully
0	17:14:13.540	'27133394': modify order #73259974 sell 2.00 [DAX30] at 12301.17 sl: 12326.69 tp: 0.00 -> sl: 12312.53 tp: 0.00
0	17:14:17.872	'27133394': order #73259974 sell 2.00 [DAX30] at 12301.17 was modified -> sl: 12312.53 tp: 0.00
0	17:14:49.472	'27133394': modify order #73259974 sell 2.00 [DAX30] at 12301.17 sl: 12312.53 tp: 0.00 -> sl: 12315.89 tp: 0.00
0	17:15:27.124	'27133394': order #73259974 sell 2.00 [DAX30] at 12301.17 was modified -> sl: 12315.89 tp: 0.00
0	17:21:55.341	'27133394': modify order #73259974 sell 2.00 [DAX30] at 12301.17 sl: 12315.89 tp: 0.00 -> sl: 12296.94 tp: 0.00
0	17:21:56.216	'27133394': order #73259974 sell 2.00 [DAX30] at 12301.17 was modified -> sl: 12296.94 tp: 0.00
0	17:22:03.924	'27133394': modify order #73259974 sell 2.00 [DAX30] at 12301.17 sl: 12296.94 tp: 0.00 -> sl: 12295.47 tp: 0.00
0	17:22:16.484	'27133394': order #73259974 sell 2.00 [DAX30] at 12301.17 was modified -> sl: 12295.47 tp: 0.00
0	17:27:16.729	'27133394': order sell market 1.00 [DAX30] sl: 0.00 tp: 0.00
0	17:27:22.363	'27133394': order was opened : #73263385 sell 1.00 [DAX30] at 12273.51 sl: 0.00 tp: 0.00
0	17:27:28.956	'27133394': modify order #73263385 sell 1.00 [DAX30] at 12273.51 sl: 0.00 tp: 0.00 -> sl: 12283.49 tp: 0.00
0	17:27:32.531	'27133394': order #73263385 sell 1.00 [DAX30] at 12273.51 was modified -> sl: 12283.49 tp: 0.00
0	17:28:50.240	'27133394': modify order #73263385 sell 1.00 [DAX30] at 12273.51 sl: 12283.49 tp: 0.00 -> sl: 12273.21 tp: 0.00
0	17:28:51.782	'27133394': order #73263385 sell 1.00 [DAX30] at 12273.51 was modified -> sl: 12273.21 tp: 0.00
0	17:30:27.337	'27133394': modify order #73263385 sell 1.00 [DAX30] at 12273.51 sl: 12273.21 tp: 0.00 -> sl: 12267.25 tp: 0.00
0	17:30:30.045	'27133394': order #73263385 sell 1.00 [DAX30] at 12273.51 was modified -> sl: 12267.25 tp: 0.00
0	17:31:05.135	'27133394': close order #73244118 sell 0.50 [DJI30] at 28006.61 sl: 28200.00 tp: 27750.00 at price 0.00
0	17:31:06.469	'27133394': order #73244118 sell 0.50 [DJI30] at 28006.61 sl: 28200.00 tp: 27750.00 closed at price 27859.57
0	17:31:09.139	'27133394': close order #73263385 sell 1.00 [DAX30] at 12273.51 sl: 12267.25 tp: 0.00 at price 0.00
0	17:31:10.251	'27133394': order #73263385 sell 1.00 [DAX30] at 12273.51 sl: 12267.25 tp: 0.00 closed at price 12256.63
0	17:33:14.620	'27133394': order sell market 1.00 [DAX30] sl: 0.00 tp: 0.00
0	17:33:15.785	'27133394': order was opened : #73264346 sell 1.00 [DAX30] at 12239.17 sl: 0.00 tp: 0.00
0	17:33:23.179	'27133394': modify order #73264346 sell 1.00 [DAX30] at 12239.17 sl: 0.00 tp: 0.00 -> sl: 12250.92 tp: 0.00
0	17:33:27.481	'27133394': order #73264346 sell 1.00 [DAX30] at 12239.17 was modified -> sl: 12250.92 tp: 0.00
0	17:33:36.404	'27133394': modify order #73264346 sell 1.00 [DAX30] at 12239.17 sl: 12250.92 tp: 0.00 -> sl: 12238.81 tp: 0.00
1	17:33:42.595	'27133394': modification of order #73264346 sell 1.00 [DAX30] at 12239.17 sl: 12250.92 tp: 0.00 -> sl: 12238.81 tp: 0.00 failed [Invalid S/L or T/P]
1	17:33:56.567	'27133394': modification of order #73264346 sell 1.00 [DAX30] at 12239.17 sl: 12250.92 tp: 0.00 -> sl: 12238.65 tp: 0.00 failed [Invalid S/L or T/P]
1	17:34:06.598	'27133394': modification of order #73264346 sell 1.00 [DAX30] at 12239.17 sl: 12250.92 tp: 0.00 -> sl: 12238.65 tp: 0.00 failed [Invalid S/L or T/P]
1	17:34:23.004	'27133394': modification of order #73264346 sell 1.00 [DAX30] at 12239.17 sl: 12250.92 tp: 0.00 -> sl: 12238.36 tp: 0.00 failed [Invalid S/L or T/P]
0	17:35:13.401	'27133394': modify order #73264346 sell 1.00 [DAX30] at 12239.17 sl: 12250.92 tp: 0.00 -> sl: 12248.39 tp: 0.00
0	17:35:16.370	'27133394': order #73264346 sell 1.00 [DAX30] at 12239.17 was modified -> sl: 12248.39 tp: 0.00
0	17:36:07.357	'27133394': order #73264346 sell 1.00 [DAX30] at 12239.17 closed due stop-loss at price 12248.40
1	17:42:44.163	'27133394': ping failed
1	17:43:07.199	'27133394': connect failed [Connection échouée]
0	17:43:14.910	'27133394': login on AdmiralMarkets-Live through Access Point #6 (ping: 607.70 ms)
0	17:43:28.865	'27133394': login datacenter on AdmiralMarkets-Live through Access Point #6 (ping: 607.70 ms)
0	17:43:29.606	'27133394': previous successful authorization performed from 154.126.11.211
0	17:44:43.876	'27133394': ping to current access point Access Point #6 is 369.36 ms
1	17:49:20.756	'27133394': datacenter connecting failed [6]
0	17:49:25.126	'27133394': login on AdmiralMarkets-Live through Access Point #3 (ping: 430.59 ms)
1	17:50:46.279	'27133394': datacenter connecting failed [6]
1	17:51:52.275	'27133394': connect failed [Connection échouée]
0	17:52:58.626	'27133394': login on AdmiralMarkets-Live through Access Point #4 (ping: n/a)
1	17:54:20.282	'27133394': datacenter connecting failed [6]
1	17:55:07.123	'27133394': connect failed [Connection échouée]
0	17:55:31.275	'27133394': auto connecting to a better access point Access Point #6 (ping is 544.73 ms)
0	17:56:21.450	'27133394': login on AdmiralMarkets-Live through Access Point #6 (ping: 544.73 ms)
1	17:57:28.557	'27133394': datacenter connecting failed [6]
0	17:57:36.289	'27133394': login on AdmiralMarkets-Live through Access Point #8 (ping: n/a)
0	17:58:30.957	'27133394': login datacenter on AdmiralMarkets-Live through Access Point #8 (ping: n/a)
0	17:58:36.117	'27133394': previous successful authorization performed from 154.126.33.56
0	17:58:52.275	'27133394': ping to current access point Access Point #8 is 855.29 ms
0	18:07:25.079	'27133394': order sell market 1.00 [DAX30] sl: 0.00 tp: 0.00
0	18:07:28.793	'27133394': order was opened : #73268005 sell 1.00 [DAX30] at 12217.37 sl: 0.00 tp: 0.00
0	18:07:37.189	'27133394': modify order #73268005 sell 1.00 [DAX30] at 12217.37 sl: 0.00 tp: 0.00 -> sl: 12217.76 tp: 0.00
0	18:07:50.931	'27133394': order #73268005 sell 1.00 [DAX30] at 12217.37 was modified -> sl: 12217.76 tp: 0.00
0	18:07:50.932	'27133394': order #73268005 sell 1.00 [DAX30] at 12217.37 closed due stop-loss at price 12217.91
0	18:10:36.835	Notifications: 'Classical RSI bullish divergence on:  [DAX30]' sent to 'A37163A9'
1	18:16:29.275	'27133394': datacenter connecting failed [6]
1	18:16:34.660	'27133394': connect failed [Connection échouée]
0	18:16:51.408	'27133394': login on AdmiralMarkets-Live through Access Point #7 (ping: 1767.46 ms)
0	18:17:10.289	'27133394': login datacenter on AdmiralMarkets-Live through Access Point #7 (ping: 1767.46 ms)
0	18:17:16.578	'27133394': previous successful authorization performed from 154.126.11.211
1	18:29:27.392	'27133394': connect failed [Connection échouée]
0	18:29:43.294	'27133394': login on AdmiralMarkets-Live through Access Point #3 (ping: 1530.08 ms)
0	18:30:13.526	'27133394': login datacenter on AdmiralMarkets-Live through Access Point #3 (ping: 1530.08 ms)
0	18:30:21.827	'27133394': previous successful authorization performed from 154.126.33.56
1	18:35:34.823	'27133394': connect failed [Connection échouée]
0	18:35:41.340	'27133394': login on AdmiralMarkets-Live through Access Point #8 (ping: n/a)
1	18:37:03.281	'27133394': datacenter connecting failed [6]
1	18:37:08.883	'27133394': connect failed [Connection échouée]
0	18:37:15.273	'27133394': auto connecting to a better access point Access Point #8 (ping is n/a)
0	22:44:12.497	'27133394': login on AdmiralMarkets-Live through Access Point #8 (ping: n/a)
0	22:44:17.707	'27133394': login datacenter on AdmiralMarkets-Live through Access Point #8 (ping: n/a)
0	22:44:18.885	'27133394': previous successful authorization performed from 154.126.33.56
0	22:44:37.773	'27133394': auto connecting to a better access point Access Point #4 (ping is 205.52 ms)
0	22:44:38.536	'27133394': login on AdmiralMarkets-Live through Access Point #4 (ping: 205.52 ms)
0	22:44:40.651	'27133394': login datacenter on AdmiralMarkets-Live through Access Point #4 (ping: 205.52 ms)
0	22:44:41.196	'27133394': previous successful authorization performed from 197.149.36.75
0	23:10:01.485	Notifications: 'Classical RSI bearish divergence on:  BTCUSD' sent to 'A37163A9'
0	23:11:01.892	Notifications: 'Classical RSI bearish divergence on:  [NQ100]' sent to 'A37163A9'
0	23:11:04.375	Notifications: 'Classical RSI bearish divergence on:  [DAX30]' sent to 'A37163A9'
0	23:12:59.995	Notifications: 'Classical RSI bearish divergence on:  BTCUSD' sent to 'A37163A9'
