0	10:14:03.550	Admiral Markets build 1280 started (Admiral Markets Group AS)
0	10:14:03.552	Windows 10 Pro x64, IE 11, UAC, 8 x Intel Core i7-10510U  @ 1.80GHz, Memory: 784 / 8014 Mb, Disk: 37 / 237 Gb, GMT+3
0	10:14:03.552	Data Folder: C:\Users\SRIE\AppData\Roaming\MetaQuotes\Terminal\51337600F56B69473E15EAFB8A7586B4
1	10:14:16.137	MQL Base: failed connect to server
2	10:14:17.390	Custom indicator AIMS Levels V2 [DAX30],H4: loaded successfully
2	10:14:17.507	Custom indicator AIMS Entry Alert V1 [DAX30],H4: loaded successfully
2	10:14:17.523	Custom indicator CandleTimer [DAX30],H4: loaded successfully
2	10:14:17.645	Custom indicator #Signal_Bars_v6 [DAX30],H4: loaded successfully
2	10:14:17.653	Custom indicator TrendEnvelopes_v1 [DAX30],H4: loaded successfully
2	10:14:17.669	Custom indicator guppy_multiple_moving_averages [DAX30],H4: loaded successfully
2	10:14:17.677	Custom indicator wedges [DAX30],H4: loaded successfully
2	10:14:17.699	Custom indicator Admiral Pivot [DAX30],H4: loaded successfully
2	10:14:17.719	Custom indicator AutoTrendChannel [DAX30],H4: loaded successfully
2	10:14:17.731	Custom indicator FRZ Channel Auto Plotter [DAX30],H4: loaded successfully
2	10:14:17.739	Custom indicator FRZ News Indicator MT4 [DAX30],H4: loaded successfully
2	10:14:17.760	Custom indicator Forex Uranus direction [DAX30],H4: loaded successfully
2	10:14:17.938	Custom indicator AIMS AO V.2.1 [DAX30],H4: loaded successfully
2	10:14:17.954	Custom indicator IVT_MACD_ZERO_LAG [DAX30],H4: loaded successfully
2	10:14:17.962	Custom indicator RSI Divergence Levels [DAX30],H4: loaded successfully
2	10:14:17.980	Custom indicator JoeChalhoub_FXForecasterV1 [DAX30],H4: loaded successfully
2	10:14:18.000	Custom indicator TDI-With_Alerts [DAX30],H4: loaded successfully
2	10:14:18.011	Custom indicator FRZ Forex Market Session Indicator [DAX30],H4: loaded successfully
2	10:14:18.103	Expert Admiral - Mini Terminal [DAX30],H4: loaded successfully
2	10:14:19.329	Custom indicator AIMS Levels V2 [DJI30],M1: loaded successfully
2	10:14:19.460	Custom indicator AIMS Entry Alert V1 [DJI30],M1: loaded successfully
2	10:14:19.471	Custom indicator CandleTimer [DJI30],M1: loaded successfully
2	10:14:19.595	Custom indicator #Signal_Bars_v6 [DJI30],M1: loaded successfully
2	10:14:19.621	Custom indicator TrendEnvelopes_v1 [DJI30],M1: loaded successfully
2	10:14:19.638	Custom indicator guppy_multiple_moving_averages [DJI30],M1: loaded successfully
2	10:14:19.652	Custom indicator wedges [DJI30],M1: loaded successfully
2	10:14:19.666	Custom indicator Admiral Pivot [DJI30],M1: loaded successfully
2	10:14:19.677	Custom indicator AutoTrendChannel [DJI30],M1: loaded successfully
2	10:14:19.688	Custom indicator FRZ Channel Auto Plotter [DJI30],M1: loaded successfully
2	10:14:19.706	Custom indicator FRZ News Indicator MT4 [DJI30],M1: loaded successfully
2	10:14:19.733	Custom indicator Forex Uranus direction [DJI30],M1: loaded successfully
2	10:14:19.856	Custom indicator AIMS AO V.2.1 [DJI30],M1: loaded successfully
2	10:14:19.875	Custom indicator IVT_MACD_ZERO_LAG [DJI30],M1: loaded successfully
2	10:14:19.885	Custom indicator RSI Divergence Levels [DJI30],M1: loaded successfully
2	10:14:19.908	Custom indicator JoeChalhoub_FXForecasterV1 [DJI30],M1: loaded successfully
2	10:14:19.923	Custom indicator TDI-With_Alerts [DJI30],M1: loaded successfully
2	10:14:19.950	Custom indicator FRZ Forex Market Session Indicator [DJI30],M1: loaded successfully
2	10:14:19.974	Expert Admiral - Mini Terminal [DJI30],M1: loaded successfully
2	10:14:23.763	Custom indicator AIMS Levels V2 [NQ100],M1: loaded successfully
2	10:14:23.933	Custom indicator AIMS Entry Alert V1 [NQ100],M1: loaded successfully
2	10:14:23.950	Custom indicator CandleTimer [NQ100],M1: loaded successfully
2	10:14:24.080	Custom indicator #Signal_Bars_v6 [NQ100],M1: loaded successfully
2	10:14:24.093	Custom indicator TrendEnvelopes_v1 [NQ100],M1: loaded successfully
2	10:14:24.104	Custom indicator guppy_multiple_moving_averages [NQ100],M1: loaded successfully
2	10:14:24.116	Custom indicator wedges [NQ100],M1: loaded successfully
2	10:14:24.140	Custom indicator Admiral Pivot [NQ100],M1: loaded successfully
2	10:14:24.153	Custom indicator AutoTrendChannel [NQ100],M1: loaded successfully
2	10:14:24.165	Custom indicator FRZ Channel Auto Plotter [NQ100],M1: loaded successfully
2	10:14:24.183	Custom indicator FRZ News Indicator MT4 [NQ100],M1: loaded successfully
2	10:14:24.198	Custom indicator Forex Uranus direction [NQ100],M1: loaded successfully
2	10:14:24.326	Custom indicator AIMS AO V.2.1 [NQ100],M1: loaded successfully
2	10:14:24.344	Custom indicator IVT_MACD_ZERO_LAG [NQ100],M1: loaded successfully
2	10:14:24.374	Custom indicator RSI Divergence Levels [NQ100],M1: loaded successfully
2	10:14:24.396	Custom indicator JoeChalhoub_FXForecasterV1 [NQ100],M1: loaded successfully
2	10:14:24.406	Custom indicator TDI-With_Alerts [NQ100],M1: loaded successfully
2	10:14:24.423	Custom indicator FRZ Forex Market Session Indicator [NQ100],M1: loaded successfully
2	10:14:27.978	Custom indicator AIMS Levels V2 [CAC40],H1: loaded successfully
2	10:14:28.121	Custom indicator AIMS Entry Alert V1 [CAC40],H1: loaded successfully
2	10:14:28.136	Custom indicator CandleTimer [CAC40],H1: loaded successfully
2	10:14:28.268	Custom indicator #Signal_Bars_v6 [CAC40],H1: loaded successfully
2	10:14:28.278	Custom indicator TrendEnvelopes_v1 [CAC40],H1: loaded successfully
2	10:14:28.292	Custom indicator guppy_multiple_moving_averages [CAC40],H1: loaded successfully
2	10:14:28.307	Custom indicator wedges [CAC40],H1: loaded successfully
2	10:14:28.320	Custom indicator Admiral Pivot [CAC40],H1: loaded successfully
2	10:14:28.343	Custom indicator AutoTrendChannel [CAC40],H1: loaded successfully
2	10:14:28.356	Custom indicator FRZ Channel Auto Plotter [CAC40],H1: loaded successfully
2	10:14:28.371	Custom indicator FRZ News Indicator MT4 [CAC40],H1: loaded successfully
2	10:14:28.506	Custom indicator AIMS AO V.2.1 [CAC40],H1: loaded successfully
2	10:14:28.516	Custom indicator IVT_MACD_ZERO_LAG [CAC40],H1: loaded successfully
2	10:14:28.528	Custom indicator RSI Divergence Levels [CAC40],H1: loaded successfully
2	10:14:28.559	Custom indicator JoeChalhoub_FXForecasterV1 [CAC40],H1: loaded successfully
2	10:14:28.574	Custom indicator TDI-With_Alerts [CAC40],H1: loaded successfully
2	10:14:28.585	Custom indicator FRZ Forex Market Session Indicator [CAC40],H1: loaded successfully
2	10:14:30.351	Custom indicator AIMS Levels V2 GOLD,M15: loaded successfully
2	10:14:30.493	Custom indicator AIMS Entry Alert V1 GOLD,M15: loaded successfully
2	10:14:30.505	Custom indicator CandleTimer GOLD,M15: loaded successfully
2	10:14:30.642	Custom indicator #Signal_Bars_v6 GOLD,M15: loaded successfully
2	10:14:30.655	Custom indicator TrendEnvelopes_v1 GOLD,M15: loaded successfully
2	10:14:30.666	Custom indicator guppy_multiple_moving_averages GOLD,M15: loaded successfully
2	10:14:30.678	Custom indicator wedges GOLD,M15: loaded successfully
2	10:14:30.697	Custom indicator Admiral Pivot GOLD,M15: loaded successfully
2	10:14:30.717	Custom indicator AutoTrendChannel GOLD,M15: loaded successfully
2	10:14:30.727	Custom indicator FRZ Channel Auto Plotter GOLD,M15: loaded successfully
2	10:14:30.744	Custom indicator FRZ News Indicator MT4 GOLD,M15: loaded successfully
2	10:14:30.758	Custom indicator Forex Uranus direction GOLD,M15: loaded successfully
2	10:14:30.883	Custom indicator AIMS AO V.2.1 GOLD,M15: loaded successfully
2	10:14:30.898	Custom indicator IVT_MACD_ZERO_LAG GOLD,M15: loaded successfully
2	10:14:30.929	Custom indicator RSI Divergence Levels GOLD,M15: loaded successfully
2	10:14:30.975	Custom indicator JoeChalhoub_FXForecasterV1 GOLD,M15: loaded successfully
2	10:14:30.992	Custom indicator TDI-With_Alerts GOLD,M15: loaded successfully
2	10:14:31.003	Custom indicator FRZ Forex Market Session Indicator GOLD,M15: loaded successfully
2	10:14:32.534	Custom indicator AIMS Levels V2 [SP500],M1: loaded successfully
2	10:14:32.654	Custom indicator AIMS Entry Alert V1 [SP500],M1: loaded successfully
2	10:14:32.664	Custom indicator CandleTimer [SP500],M1: loaded successfully
2	10:14:32.792	Custom indicator #Signal_Bars_v6 [SP500],M1: loaded successfully
2	10:14:32.803	Custom indicator TrendEnvelopes_v1 [SP500],M1: loaded successfully
2	10:14:32.816	Custom indicator guppy_multiple_moving_averages [SP500],M1: loaded successfully
2	10:14:32.844	Custom indicator wedges [SP500],M1: loaded successfully
2	10:14:32.866	Custom indicator Admiral Pivot [SP500],M1: loaded successfully
2	10:14:32.883	Custom indicator AutoTrendChannel [SP500],M1: loaded successfully
2	10:14:32.896	Custom indicator FRZ Channel Auto Plotter [SP500],M1: loaded successfully
2	10:14:32.912	Custom indicator FRZ News Indicator MT4 [SP500],M1: loaded successfully
2	10:14:32.926	Custom indicator Forex Uranus direction [SP500],M1: loaded successfully
2	10:14:33.072	Custom indicator AIMS AO V.2.1 [SP500],M1: loaded successfully
2	10:14:33.080	Custom indicator IVT_MACD_ZERO_LAG [SP500],M1: loaded successfully
2	10:14:33.096	Custom indicator RSI Divergence Levels [SP500],M1: loaded successfully
2	10:14:33.116	Custom indicator JoeChalhoub_FXForecasterV1 [SP500],M1: loaded successfully
2	10:14:33.132	Custom indicator TDI-With_Alerts [SP500],M1: loaded successfully
2	10:14:33.144	Custom indicator FRZ Forex Market Session Indicator [SP500],M1: loaded successfully
2	10:14:33.162	Expert Admiral - Mini Terminal [SP500],M1: loaded successfully
2	10:14:37.022	Custom indicator AIMS Levels V2 GBPAUD,H1: loaded successfully
2	10:14:37.166	Custom indicator AIMS Entry Alert V1 GBPAUD,H1: loaded successfully
2	10:14:37.176	Custom indicator CandleTimer GBPAUD,H1: loaded successfully
2	10:14:37.308	Custom indicator #Signal_Bars_v6 GBPAUD,H1: loaded successfully
2	10:14:37.320	Custom indicator TrendEnvelopes_v1 GBPAUD,H1: loaded successfully
2	10:14:37.331	Custom indicator guppy_multiple_moving_averages GBPAUD,H1: loaded successfully
2	10:14:37.345	Custom indicator wedges GBPAUD,H1: loaded successfully
2	10:14:37.358	Custom indicator Admiral Pivot GBPAUD,H1: loaded successfully
2	10:14:37.385	Custom indicator AutoTrendChannel GBPAUD,H1: loaded successfully
2	10:14:37.395	Custom indicator FRZ Channel Auto Plotter GBPAUD,H1: loaded successfully
2	10:14:37.413	Custom indicator FRZ News Indicator MT4 GBPAUD,H1: loaded successfully
2	10:14:37.429	Custom indicator Forex Uranus direction GBPAUD,H1: loaded successfully
2	10:14:37.562	Custom indicator AIMS AO V.2.1 GBPAUD,H1: loaded successfully
2	10:14:37.570	Custom indicator IVT_MACD_ZERO_LAG GBPAUD,H1: loaded successfully
2	10:14:37.595	Custom indicator RSI Divergence Levels GBPAUD,H1: loaded successfully
2	10:14:37.620	Custom indicator JoeChalhoub_FXForecasterV1 GBPAUD,H1: loaded successfully
2	10:14:37.637	Custom indicator TDI-With_Alerts GBPAUD,H1: loaded successfully
2	10:14:37.646	Custom indicator FRZ Forex Market Session Indicator GBPAUD,H1: loaded successfully
2	10:14:38.729	Custom indicator AIMS Levels V2 NZDJPY,H1: loaded successfully
2	10:14:38.861	Custom indicator AIMS Entry Alert V1 NZDJPY,H1: loaded successfully
2	10:14:38.891	Custom indicator CandleTimer NZDJPY,H1: loaded successfully
2	10:14:39.027	Custom indicator #Signal_Bars_v6 NZDJPY,H1: loaded successfully
2	10:14:39.037	Custom indicator TrendEnvelopes_v1 NZDJPY,H1: loaded successfully
2	10:14:39.052	Custom indicator guppy_multiple_moving_averages NZDJPY,H1: loaded successfully
2	10:14:39.066	Custom indicator wedges NZDJPY,H1: loaded successfully
2	10:14:39.087	Custom indicator Admiral Pivot NZDJPY,H1: loaded successfully
2	10:14:39.112	Custom indicator AutoTrendChannel NZDJPY,H1: loaded successfully
2	10:14:39.125	Custom indicator FRZ Channel Auto Plotter NZDJPY,H1: loaded successfully
2	10:14:39.137	Custom indicator FRZ News Indicator MT4 NZDJPY,H1: loaded successfully
2	10:14:39.155	Custom indicator Forex Uranus direction NZDJPY,H1: loaded successfully
2	10:14:39.280	Custom indicator AIMS AO V.2.1 NZDJPY,H1: loaded successfully
2	10:14:39.297	Custom indicator IVT_MACD_ZERO_LAG NZDJPY,H1: loaded successfully
2	10:14:39.317	Custom indicator RSI Divergence Levels NZDJPY,H1: loaded successfully
2	10:14:39.338	Custom indicator JoeChalhoub_FXForecasterV1 NZDJPY,H1: loaded successfully
2	10:14:39.348	Custom indicator TDI-With_Alerts NZDJPY,H1: loaded successfully
2	10:14:39.366	Custom indicator FRZ Forex Market Session Indicator NZDJPY,H1: loaded successfully
2	10:14:40.666	Custom indicator AIMS Levels V2 GBPUSD,H1: loaded successfully
2	10:14:40.808	Custom indicator AIMS Entry Alert V1 GBPUSD,H1: loaded successfully
2	10:14:40.824	Custom indicator CandleTimer GBPUSD,H1: loaded successfully
2	10:14:40.965	Custom indicator #Signal_Bars_v6 GBPUSD,H1: loaded successfully
2	10:14:40.982	Custom indicator TrendEnvelopes_v1 GBPUSD,H1: loaded successfully
2	10:14:40.995	Custom indicator guppy_multiple_moving_averages GBPUSD,H1: loaded successfully
2	10:14:41.009	Custom indicator wedges GBPUSD,H1: loaded successfully
2	10:14:41.023	Custom indicator Admiral Pivot GBPUSD,H1: loaded successfully
2	10:14:41.052	Custom indicator AutoTrendChannel GBPUSD,H1: loaded successfully
2	10:14:41.065	Custom indicator FRZ Channel Auto Plotter GBPUSD,H1: loaded successfully
2	10:14:41.084	Custom indicator FRZ News Indicator MT4 GBPUSD,H1: loaded successfully
2	10:14:41.095	Custom indicator Forex Uranus direction GBPUSD,H1: loaded successfully
2	10:14:41.235	Custom indicator AIMS AO V.2.1 GBPUSD,H1: loaded successfully
2	10:14:41.244	Custom indicator IVT_MACD_ZERO_LAG GBPUSD,H1: loaded successfully
2	10:14:41.282	Custom indicator RSI Divergence Levels GBPUSD,H1: loaded successfully
2	10:14:41.306	Custom indicator JoeChalhoub_FXForecasterV1 GBPUSD,H1: loaded successfully
2	10:14:41.320	Custom indicator TDI-With_Alerts GBPUSD,H1: loaded successfully
2	10:14:41.336	Custom indicator FRZ Forex Market Session Indicator GBPUSD,H1: loaded successfully
2	10:14:42.928	Custom indicator AIMS Levels V2 CHFJPY,H1: loaded successfully
2	10:14:43.076	Custom indicator AIMS Entry Alert V1 CHFJPY,H1: loaded successfully
2	10:14:43.089	Custom indicator CandleTimer CHFJPY,H1: loaded successfully
2	10:14:43.222	Custom indicator #Signal_Bars_v6 CHFJPY,H1: loaded successfully
2	10:14:43.240	Custom indicator TrendEnvelopes_v1 CHFJPY,H1: loaded successfully
2	10:14:43.252	Custom indicator guppy_multiple_moving_averages CHFJPY,H1: loaded successfully
2	10:14:43.263	Custom indicator wedges CHFJPY,H1: loaded successfully
2	10:14:43.279	Custom indicator Admiral Pivot CHFJPY,H1: loaded successfully
2	10:14:43.292	Custom indicator AutoTrendChannel CHFJPY,H1: loaded successfully
2	10:14:43.302	Custom indicator FRZ Channel Auto Plotter CHFJPY,H1: loaded successfully
2	10:14:43.321	Custom indicator FRZ News Indicator MT4 CHFJPY,H1: loaded successfully
2	10:14:43.336	Custom indicator Forex Uranus direction CHFJPY,H1: loaded successfully
2	10:14:43.458	Custom indicator AIMS AO V.2.1 CHFJPY,H1: loaded successfully
2	10:14:43.476	Custom indicator IVT_MACD_ZERO_LAG CHFJPY,H1: loaded successfully
2	10:14:43.492	Custom indicator RSI Divergence Levels CHFJPY,H1: loaded successfully
2	10:14:43.511	Custom indicator JoeChalhoub_FXForecasterV1 CHFJPY,H1: loaded successfully
2	10:14:43.532	Custom indicator TDI-With_Alerts CHFJPY,H1: loaded successfully
2	10:14:43.546	Custom indicator FRZ Forex Market Session Indicator CHFJPY,H1: loaded successfully
2	10:14:44.731	Custom indicator AIMS Levels V2 GBPNZD,H1: loaded successfully
2	10:14:44.870	Custom indicator AIMS Entry Alert V1 GBPNZD,H1: loaded successfully
2	10:14:44.892	Custom indicator CandleTimer GBPNZD,H1: loaded successfully
2	10:14:45.035	Custom indicator #Signal_Bars_v6 GBPNZD,H1: loaded successfully
2	10:14:45.051	Custom indicator TrendEnvelopes_v1 GBPNZD,H1: loaded successfully
2	10:14:45.067	Custom indicator guppy_multiple_moving_averages GBPNZD,H1: loaded successfully
2	10:14:45.080	Custom indicator wedges GBPNZD,H1: loaded successfully
2	10:14:45.104	Custom indicator Admiral Pivot GBPNZD,H1: loaded successfully
2	10:14:45.117	Custom indicator AutoTrendChannel GBPNZD,H1: loaded successfully
2	10:14:45.129	Custom indicator FRZ Channel Auto Plotter GBPNZD,H1: loaded successfully
2	10:14:45.146	Custom indicator FRZ News Indicator MT4 GBPNZD,H1: loaded successfully
2	10:14:45.161	Custom indicator Forex Uranus direction GBPNZD,H1: loaded successfully
2	10:14:45.296	Custom indicator AIMS AO V.2.1 GBPNZD,H1: loaded successfully
2	10:14:45.325	Custom indicator IVT_MACD_ZERO_LAG GBPNZD,H1: loaded successfully
2	10:14:45.340	Custom indicator RSI Divergence Levels GBPNZD,H1: loaded successfully
2	10:14:45.355	Custom indicator JoeChalhoub_FXForecasterV1 GBPNZD,H1: loaded successfully
2	10:14:45.373	Custom indicator TDI-With_Alerts GBPNZD,H1: loaded successfully
2	10:14:45.387	Custom indicator FRZ Forex Market Session Indicator GBPNZD,H1: loaded successfully
2	10:14:46.626	Custom indicator AIMS Levels V2 NZDCAD,H1: loaded successfully
2	10:14:46.757	Custom indicator AIMS Entry Alert V1 NZDCAD,H1: loaded successfully
2	10:14:46.789	Custom indicator CandleTimer NZDCAD,H1: loaded successfully
2	10:14:46.933	Custom indicator #Signal_Bars_v6 NZDCAD,H1: loaded successfully
2	10:14:46.949	Custom indicator TrendEnvelopes_v1 NZDCAD,H1: loaded successfully
2	10:14:46.963	Custom indicator guppy_multiple_moving_averages NZDCAD,H1: loaded successfully
2	10:14:46.979	Custom indicator wedges NZDCAD,H1: loaded successfully
2	10:14:46.991	Custom indicator Admiral Pivot NZDCAD,H1: loaded successfully
2	10:14:47.023	Custom indicator AutoTrendChannel NZDCAD,H1: loaded successfully
2	10:14:47.043	Custom indicator FRZ Channel Auto Plotter NZDCAD,H1: loaded successfully
2	10:14:47.071	Custom indicator FRZ News Indicator MT4 NZDCAD,H1: loaded successfully
2	10:14:47.092	Custom indicator Forex Uranus direction NZDCAD,H1: loaded successfully
2	10:14:47.235	Custom indicator AIMS AO V.2.1 NZDCAD,H1: loaded successfully
2	10:14:47.252	Custom indicator IVT_MACD_ZERO_LAG NZDCAD,H1: loaded successfully
2	10:14:47.266	Custom indicator RSI Divergence Levels NZDCAD,H1: loaded successfully
2	10:14:47.286	Custom indicator JoeChalhoub_FXForecasterV1 NZDCAD,H1: loaded successfully
2	10:14:47.301	Custom indicator TDI-With_Alerts NZDCAD,H1: loaded successfully
2	10:14:47.313	Custom indicator FRZ Forex Market Session Indicator NZDCAD,H1: loaded successfully
2	10:14:48.610	Custom indicator AIMS Levels V2 NZDUSD,H1: loaded successfully
2	10:14:48.755	Custom indicator AIMS Entry Alert V1 NZDUSD,H1: loaded successfully
2	10:14:48.768	Custom indicator CandleTimer NZDUSD,H1: loaded successfully
2	10:14:48.922	Custom indicator #Signal_Bars_v6 NZDUSD,H1: loaded successfully
2	10:14:48.933	Custom indicator TrendEnvelopes_v1 NZDUSD,H1: loaded successfully
2	10:14:48.951	Custom indicator guppy_multiple_moving_averages NZDUSD,H1: loaded successfully
2	10:14:48.962	Custom indicator wedges NZDUSD,H1: loaded successfully
2	10:14:48.982	Custom indicator Admiral Pivot NZDUSD,H1: loaded successfully
2	10:14:48.992	Custom indicator AutoTrendChannel NZDUSD,H1: loaded successfully
2	10:14:49.011	Custom indicator FRZ Channel Auto Plotter NZDUSD,H1: loaded successfully
2	10:14:49.034	Custom indicator FRZ News Indicator MT4 NZDUSD,H1: loaded successfully
2	10:14:49.051	Custom indicator Forex Uranus direction NZDUSD,H1: loaded successfully
2	10:14:49.245	Custom indicator AIMS AO V.2.1 NZDUSD,H1: loaded successfully
2	10:14:49.263	Custom indicator IVT_MACD_ZERO_LAG NZDUSD,H1: loaded successfully
2	10:14:49.275	Custom indicator RSI Divergence Levels NZDUSD,H1: loaded successfully
2	10:14:49.295	Custom indicator JoeChalhoub_FXForecasterV1 NZDUSD,H1: loaded successfully
2	10:14:49.309	Custom indicator TDI-With_Alerts NZDUSD,H1: loaded successfully
2	10:14:49.323	Custom indicator FRZ Forex Market Session Indicator NZDUSD,H1: loaded successfully
2	10:14:50.483	Custom indicator AIMS Levels V2 EURGBP,H1: loaded successfully
2	10:14:50.607	Custom indicator AIMS Entry Alert V1 EURGBP,H1: loaded successfully
2	10:14:50.616	Custom indicator CandleTimer EURGBP,H1: loaded successfully
2	10:14:50.752	Custom indicator #Signal_Bars_v6 EURGBP,H1: loaded successfully
2	10:14:50.762	Custom indicator TrendEnvelopes_v1 EURGBP,H1: loaded successfully
2	10:14:50.772	Custom indicator guppy_multiple_moving_averages EURGBP,H1: loaded successfully
2	10:14:50.792	Custom indicator wedges EURGBP,H1: loaded successfully
2	10:14:50.805	Custom indicator Admiral Pivot EURGBP,H1: loaded successfully
2	10:14:50.815	Custom indicator AutoTrendChannel EURGBP,H1: loaded successfully
2	10:14:50.832	Custom indicator FRZ Channel Auto Plotter EURGBP,H1: loaded successfully
2	10:14:50.858	Custom indicator FRZ News Indicator MT4 EURGBP,H1: loaded successfully
2	10:14:50.872	Custom indicator Forex Uranus direction EURGBP,H1: loaded successfully
2	10:14:51.012	Custom indicator AIMS AO V.2.1 EURGBP,H1: loaded successfully
2	10:14:51.024	Custom indicator IVT_MACD_ZERO_LAG EURGBP,H1: loaded successfully
2	10:14:51.035	Custom indicator RSI Divergence Levels EURGBP,H1: loaded successfully
2	10:14:51.052	Custom indicator JoeChalhoub_FXForecasterV1 EURGBP,H1: loaded successfully
2	10:14:51.082	Custom indicator TDI-With_Alerts EURGBP,H1: loaded successfully
2	10:14:51.092	Custom indicator FRZ Forex Market Session Indicator EURGBP,H1: loaded successfully
1	10:14:56.701	'27133394': connect failed [Connection échouée]
1	10:14:56.972	MQL5.community: authorization failed
2	10:15:20.787	Custom indicator AIMS Levels V2 WTI,H1: loaded successfully
2	10:15:20.920	Custom indicator AIMS Entry Alert V1 WTI,H1: loaded successfully
2	10:15:20.929	Custom indicator CandleTimer WTI,H1: loaded successfully
2	10:15:21.077	Custom indicator #Signal_Bars_v6 WTI,H1: loaded successfully
2	10:15:21.101	Custom indicator TrendEnvelopes_v1 WTI,H1: loaded successfully
2	10:15:21.109	Custom indicator guppy_multiple_moving_averages WTI,H1: loaded successfully
2	10:15:21.145	Custom indicator wedges WTI,H1: loaded successfully
2	10:15:21.162	Custom indicator Admiral Pivot WTI,H1: loaded successfully
2	10:15:21.188	Custom indicator AutoTrendChannel WTI,H1: loaded successfully
2	10:15:21.204	Custom indicator FRZ Channel Auto Plotter WTI,H1: loaded successfully
2	10:15:21.221	Custom indicator FRZ News Indicator MT4 WTI,H1: loaded successfully
2	10:15:21.247	Custom indicator Forex Uranus direction WTI,H1: loaded successfully
2	10:15:21.383	Custom indicator AIMS AO V.2.1 WTI,H1: loaded successfully
2	10:15:21.391	Custom indicator IVT_MACD_ZERO_LAG WTI,H1: loaded successfully
2	10:15:21.407	Custom indicator RSI Divergence Levels WTI,H1: loaded successfully
2	10:15:21.423	Custom indicator JoeChalhoub_FXForecasterV1 WTI,H1: loaded successfully
2	10:15:21.439	Custom indicator TDI-With_Alerts WTI,H1: loaded successfully
2	10:15:21.459	Custom indicator FRZ Forex Market Session Indicator WTI,H1: loaded successfully
1	10:19:56.869	MQL5.community: authorization failed
1	10:24:56.637	MQL5.community: authorization failed
1	10:29:56.514	MQL5.community: authorization failed
1	10:34:57.120	MQL5.community: authorization failed
