1	19:09:07.227	MQL5.community: authorization failed
1	19:09:10.433	'27143750': connect failed [Connection échouée]
0	19:09:20.129	'27143750': login on AdmiralMarkets-Live through Access Point #4 (ping: 207.03 ms)
0	19:09:28.142	'27143750': login datacenter on AdmiralMarkets-Live through Access Point #4 (ping: 207.03 ms)
0	19:09:30.198	'27143750': previous successful authorization performed from 154.126.99.26
0	19:10:49.351	'27143750': ping to current access point Access Point #4 is 286.15 ms
0	19:18:27.279	'27143750': login datacenter on AdmiralMarkets-Live
0	19:18:34.247	'27143750': login on AdmiralMarkets-Live through Access Point #8 (ping: 713.03 ms)
0	19:18:39.766	'27143750': login datacenter on AdmiralMarkets-Live through Access Point #8 (ping: 713.03 ms)
0	19:18:41.023	'27143750': previous successful authorization performed from 197.149.22.128
0	20:08:54.772	'27143750': modify order #75005115 sell 0.01 AUDNZD at 1.05078 sl: 0.00000 tp: 0.00000 -> sl: 1.05095 tp: 0.00000
0	20:08:55.621	'27143750': order #75005115 sell 0.01 AUDNZD at 1.05078 was modified -> sl: 1.05095 tp: 0.00000
0	20:09:04.855	'27143750': modify order #75005115 sell 0.01 AUDNZD at 1.05078 sl: 1.05095 tp: 0.00000 -> sl: 1.04283 tp: 0.00000
0	20:09:05.552	'27143750': order #75005115 sell 0.01 AUDNZD at 1.05078 was modified -> sl: 1.04283 tp: 0.00000
0	20:12:02.479	'27143750': order #75005115 sell 0.01 AUDNZD at 1.05078 closed due stop-loss at price 1.04283
0	20:57:45.927	'27143750': order sell market 0.10 [DJI30] sl: 0.00 tp: 0.00
0	20:57:49.708	'27143750': order was opened : #75129980 sell 0.10 [DJI30] at 29890.26 sl: 0.00 tp: 0.00
0	20:58:35.041	'27143750': modify order #75129980 sell 0.10 [DJI30] at 29890.26 sl: 0.00 tp: 0.00 -> sl: 30100.00 tp: 29700.00
0	20:59:15.258	'27143750': order #75129980 sell 0.10 [DJI30] at 29890.26 was modified -> sl: 30100.00 tp: 29700.00
2	21:00:49.534	Custom indicator ChinEtti Candles [DJI30],M1: removed
2	21:00:49.668	Custom indicator ChinEtti Trend Direction.fix [DJI30],M1: removed
2	21:00:49.706	Custom indicator ChinEtti Arrows.fix [DJI30],M1: removed
2	21:00:49.795	Custom indicator ChinEtti Market info [DJI30],M1: removed
2	21:00:49.830	Custom indicator AIMS Levels V2 GOLD,M15: removed
2	21:00:49.831	Custom indicator AIMS Entry Alert V1 GOLD,M15: removed
2	21:00:49.832	Custom indicator CandleTimer GOLD,M15: removed
2	21:00:49.926	Custom indicator #Signal_Bars_v6 GOLD,M15: removed
2	21:00:49.940	Custom indicator TrendEnvelopes_v1 GOLD,M15: removed
2	21:00:49.997	Custom indicator guppy_multiple_moving_averages GOLD,M15: removed
2	21:00:50.097	Custom indicator wedges GOLD,M15: removed
2	21:00:50.099	Custom indicator Admiral Pivot GOLD,M15: removed
2	21:00:50.100	Custom indicator AutoTrendChannel GOLD,M15: removed
2	21:00:50.102	Custom indicator FRZ Channel Auto Plotter GOLD,M15: removed
2	21:00:50.103	Custom indicator FRZ News Indicator MT4 GOLD,M15: removed
2	21:00:50.105	Custom indicator Forex Uranus direction GOLD,M15: removed
2	21:00:50.107	Custom indicator Quadrilateral GOLD,M15: removed
2	21:00:50.107	Custom indicator AIMS AO V.2.1 GOLD,M15: removed
2	21:00:50.182	Custom indicator IVT_MACD_ZERO_LAG GOLD,M15: removed
2	21:00:50.197	Custom indicator RSI Divergence Levels GOLD,M15: removed
2	21:00:50.225	Custom indicator JoeChalhoub_FXForecasterV1 GOLD,M15: removed
2	21:00:50.246	Custom indicator TDI-With_Alerts GOLD,M15: removed
2	21:00:50.247	Custom indicator FRZ Forex Market Session Indicator GOLD,M15: removed
2	21:00:50.371	Expert Admiral - Mini Terminal [DAX30],M15: removed
2	21:00:52.278	Custom indicator AIMS Levels V2 [DAX30],M15: removed
2	21:00:52.278	Custom indicator AIMS Entry Alert V1 [DAX30],M15: removed
2	21:00:52.317	Custom indicator CandleTimer [DAX30],M15: removed
2	21:00:52.317	Custom indicator #Signal_Bars_v6 [DAX30],M15: removed
2	21:00:52.319	Custom indicator TrendEnvelopes_v1 [DAX30],M15: removed
2	21:00:52.334	Custom indicator guppy_multiple_moving_averages [DAX30],M15: removed
2	21:00:52.349	Custom indicator wedges [DAX30],M15: removed
2	21:00:52.351	Custom indicator Admiral Pivot [DAX30],M15: removed
2	21:00:52.359	Custom indicator AutoTrendChannel [DAX30],M15: removed
2	21:00:52.361	Custom indicator FRZ Channel Auto Plotter [DAX30],M15: removed
2	21:00:52.380	Custom indicator FRZ News Indicator MT4 [DAX30],M15: removed
2	21:00:52.382	Custom indicator Forex Uranus direction [DAX30],M15: removed
2	21:00:52.382	Custom indicator AIMS AO V.2.1 [DAX30],M15: removed
2	21:00:52.383	Custom indicator IVT_MACD_ZERO_LAG [DAX30],M15: removed
2	21:00:52.399	Custom indicator RSI Divergence Levels [DAX30],M15: removed
2	21:00:52.426	Custom indicator JoeChalhoub_FXForecasterV1 [DAX30],M15: removed
2	21:00:52.491	Custom indicator TDI-With_Alerts [DAX30],M15: removed
2	21:00:52.548	Custom indicator FRZ Forex Market Session Indicator [DAX30],M15: removed
2	21:00:52.679	Custom indicator AIMS Levels V2 [DAX30],M15: removed
2	21:00:52.738	Custom indicator AIMS Entry Alert V1 [DAX30],M15: removed
2	21:00:52.776	Custom indicator CandleTimer [DAX30],M15: removed
2	21:00:52.799	Custom indicator #Signal_Bars_v6 [DAX30],M15: removed
2	21:00:52.810	Custom indicator TrendEnvelopes_v1 [DAX30],M15: removed
2	21:00:52.827	Custom indicator guppy_multiple_moving_averages [DAX30],M15: removed
2	21:00:52.894	Custom indicator wedges [DAX30],M15: removed
2	21:00:52.928	Custom indicator Admiral Pivot [DAX30],M15: removed
2	21:00:52.929	Custom indicator AutoTrendChannel [DAX30],M15: removed
2	21:00:52.948	Custom indicator FRZ Channel Auto Plotter [DAX30],M15: removed
2	21:00:52.972	Custom indicator FRZ News Indicator MT4 [DAX30],M15: removed
2	21:00:52.974	Custom indicator Forex Uranus direction [DAX30],M15: removed
2	21:00:53.014	Custom indicator AIMS AO V.2.1 [DAX30],M15: removed
2	21:00:53.016	Custom indicator IVT_MACD_ZERO_LAG [DAX30],M15: removed
2	21:00:53.124	Custom indicator RSI Divergence Levels [DAX30],M15: removed
2	21:00:53.171	Custom indicator JoeChalhoub_FXForecasterV1 [DAX30],M15: removed
2	21:00:53.324	Custom indicator TDI-With_Alerts [DAX30],M15: removed
2	21:00:53.359	Custom indicator FRZ Forex Market Session Indicator [DAX30],M15: removed
2	21:00:53.403	Custom indicator AIMS Levels V2 [DAX30],M15: removed
2	21:00:53.404	Custom indicator AIMS Entry Alert V1 [DAX30],M15: removed
2	21:00:53.405	Custom indicator CandleTimer [DAX30],M15: removed
2	21:00:53.429	Custom indicator #Signal_Bars_v6 [DAX30],M15: removed
2	21:00:53.431	Custom indicator TrendEnvelopes_v1 [DAX30],M15: removed
2	21:00:53.449	Custom indicator guppy_multiple_moving_averages [DAX30],M15: removed
2	21:00:53.475	Custom indicator wedges [DAX30],M15: removed
2	21:00:53.477	Custom indicator Admiral Pivot [DAX30],M15: removed
2	21:00:53.480	Custom indicator AutoTrendChannel [DAX30],M15: removed
2	21:00:53.482	Custom indicator FRZ Channel Auto Plotter [DAX30],M15: removed
2	21:00:53.507	Custom indicator FRZ News Indicator MT4 [DAX30],M15: removed
2	21:00:53.508	Custom indicator Forex Uranus direction [DAX30],M15: removed
2	21:00:53.552	Custom indicator Quadrilateral [DAX30],M15: removed
2	21:00:53.552	Custom indicator AIMS AO V.2.1 [DAX30],M15: removed
2	21:00:53.554	Custom indicator IVT_MACD_ZERO_LAG [DAX30],M15: removed
2	21:00:53.588	Custom indicator RSI Divergence Levels [DAX30],M15: removed
2	21:00:53.609	Custom indicator JoeChalhoub_FXForecasterV1 [DAX30],M15: removed
2	21:00:53.648	Custom indicator TDI-With_Alerts [DAX30],M15: removed
2	21:00:53.717	Custom indicator FRZ Forex Market Session Indicator [DAX30],M15: removed
2	21:00:53.748	Custom indicator AIMS Levels V2 [DAX30],M30: removed
2	21:00:53.784	Custom indicator AIMS Entry Alert V1 [DAX30],M30: removed
2	21:00:53.807	Custom indicator CandleTimer [DAX30],M30: removed
2	21:00:53.838	Custom indicator #Signal_Bars_v6 [DAX30],M30: removed
2	21:00:53.840	Custom indicator TrendEnvelopes_v1 [DAX30],M30: removed
2	21:00:53.862	Custom indicator guppy_multiple_moving_averages [DAX30],M30: removed
2	21:00:53.947	Custom indicator wedges [DAX30],M30: removed
2	21:00:53.949	Custom indicator Admiral Pivot [DAX30],M30: removed
2	21:00:53.950	Custom indicator AutoTrendChannel [DAX30],M30: removed
2	21:00:53.952	Custom indicator FRZ Channel Auto Plotter [DAX30],M30: removed
2	21:00:53.954	Custom indicator FRZ News Indicator MT4 [DAX30],M30: removed
2	21:00:53.956	Custom indicator Forex Uranus direction [DAX30],M30: removed
2	21:00:54.010	Custom indicator Quadrilateral [DAX30],M30: removed
2	21:00:54.010	Custom indicator AIMS AO V.2.1 [DAX30],M30: removed
2	21:00:54.017	Custom indicator IVT_MACD_ZERO_LAG [DAX30],M30: removed
2	21:00:54.034	Custom indicator RSI Divergence Levels [DAX30],M30: removed
2	21:00:54.044	Custom indicator JoeChalhoub_FXForecasterV1 [DAX30],M30: removed
2	21:00:54.070	Custom indicator TDI-With_Alerts [DAX30],M30: removed
2	21:00:54.087	Custom indicator FRZ Forex Market Session Indicator [DAX30],M30: removed
2	21:00:54.105	Custom indicator AIMS Levels V2 [DAX30],H1: removed
2	21:00:54.139	Custom indicator AIMS Entry Alert V1 [DAX30],H1: removed
2	21:00:54.140	Custom indicator CandleTimer [DAX30],H1: removed
2	21:00:54.172	Custom indicator #Signal_Bars_v6 [DAX30],H1: removed
2	21:00:54.173	Custom indicator TrendEnvelopes_v1 [DAX30],H1: removed
2	21:00:54.206	Custom indicator guppy_multiple_moving_averages [DAX30],H1: removed
2	21:00:54.272	Custom indicator wedges [DAX30],H1: removed
2	21:00:54.274	Custom indicator Admiral Pivot [DAX30],H1: removed
2	21:00:54.276	Custom indicator AutoTrendChannel [DAX30],H1: removed
2	21:00:54.278	Custom indicator FRZ Channel Auto Plotter [DAX30],H1: removed
2	21:00:54.312	Custom indicator FRZ News Indicator MT4 [DAX30],H1: removed
2	21:00:54.314	Custom indicator Forex Uranus direction [DAX30],H1: removed
2	21:00:54.316	Custom indicator Quadrilateral [DAX30],H1: removed
2	21:00:54.316	Custom indicator AIMS AO V.2.1 [DAX30],H1: removed
2	21:00:54.317	Custom indicator IVT_MACD_ZERO_LAG [DAX30],H1: removed
2	21:00:54.347	Custom indicator RSI Divergence Levels [DAX30],H1: removed
2	21:00:54.349	Custom indicator JoeChalhoub_FXForecasterV1 [DAX30],H1: removed
2	21:00:54.366	Custom indicator TDI-With_Alerts [DAX30],H1: removed
2	21:00:54.383	Custom indicator FRZ Forex Market Session Indicator [DAX30],H1: removed
2	21:00:54.458	Expert !!Sentinel PAT Scanner-v1.01 [DAX30],H4: removed
2	21:00:54.484	Custom indicator ChinEtti Candles AUDUSD,M1: removed
2	21:00:54.601	Custom indicator ChinEtti Trend Direction.fix AUDUSD,M1: removed
2	21:00:54.608	Custom indicator ChinEtti Arrows.fix AUDUSD,M1: removed
2	21:00:54.611	Custom indicator ChinEtti Market info AUDUSD,M1: removed
2	21:00:54.649	Custom indicator AIMS Levels V2 AUDNZD,H1: removed
2	21:00:54.649	Custom indicator AIMS Entry Alert V1 AUDNZD,H1: removed
2	21:00:54.667	Custom indicator CandleTimer AUDNZD,H1: removed
2	21:00:54.668	Custom indicator #Signal_Bars_v6 AUDNZD,H1: removed
2	21:00:54.669	Custom indicator TrendEnvelopes_v1 AUDNZD,H1: removed
2	21:00:54.671	Custom indicator guppy_multiple_moving_averages AUDNZD,H1: removed
2	21:00:54.722	Custom indicator wedges AUDNZD,H1: removed
2	21:00:54.780	Custom indicator Admiral Pivot AUDNZD,H1: removed
2	21:00:54.782	Custom indicator AutoTrendChannel AUDNZD,H1: removed
2	21:00:54.797	Custom indicator FRZ Channel Auto Plotter AUDNZD,H1: removed
2	21:00:54.800	Custom indicator FRZ News Indicator MT4 AUDNZD,H1: removed
2	21:00:54.802	Custom indicator Forex Uranus direction AUDNZD,H1: removed
2	21:00:54.817	Custom indicator Quadrilateral AUDNZD,H1: removed
2	21:00:54.817	Custom indicator AIMS AO V.2.1 AUDNZD,H1: removed
2	21:00:54.832	Custom indicator IVT_MACD_ZERO_LAG AUDNZD,H1: removed
2	21:00:54.888	Custom indicator RSI Divergence Levels AUDNZD,H1: removed
2	21:00:54.933	Custom indicator JoeChalhoub_FXForecasterV1 AUDNZD,H1: removed
2	21:00:54.965	Custom indicator TDI-With_Alerts AUDNZD,H1: removed
2	21:00:54.999	Custom indicator FRZ Forex Market Session Indicator AUDNZD,H1: removed
2	21:00:55.137	Custom indicator AIMS Levels V2 [DJI30],H1: removed
2	21:00:55.239	Custom indicator AIMS Entry Alert V1 [DJI30],H1: removed
2	21:00:55.241	Custom indicator CandleTimer [DJI30],H1: removed
2	21:00:55.264	Custom indicator #Signal_Bars_v6 [DJI30],H1: removed
2	21:00:55.266	Custom indicator TrendEnvelopes_v1 [DJI30],H1: removed
2	21:00:55.268	Custom indicator guppy_multiple_moving_averages [DJI30],H1: removed
2	21:00:55.270	Custom indicator wedges [DJI30],H1: removed
2	21:00:55.272	Custom indicator Admiral Pivot [DJI30],H1: removed
2	21:00:55.287	Custom indicator AutoTrendChannel [DJI30],H1: removed
2	21:00:55.289	Custom indicator FRZ Channel Auto Plotter [DJI30],H1: removed
2	21:00:55.336	Custom indicator FRZ News Indicator MT4 [DJI30],H1: removed
2	21:00:55.337	Custom indicator Forex Uranus direction [DJI30],H1: removed
2	21:00:55.339	Custom indicator Quadrilateral [DJI30],H1: removed
2	21:00:55.339	Custom indicator AIMS AO V.2.1 [DJI30],H1: removed
2	21:00:55.341	Custom indicator IVT_MACD_ZERO_LAG [DJI30],H1: removed
2	21:00:55.343	Custom indicator RSI Divergence Levels [DJI30],H1: removed
2	21:00:55.347	Custom indicator JoeChalhoub_FXForecasterV1 [DJI30],H1: removed
2	21:00:55.350	Custom indicator TDI-With_Alerts [DJI30],H1: removed
2	21:00:55.352	Custom indicator FRZ Forex Market Session Indicator [DJI30],H1: removed
0	21:00:59.332	Admiral Markets build 1280 stopped
0	21:27:16.764	Admiral Markets build 1280 started (Admiral Markets Group AS)
0	21:27:16.765	Windows 10 Pro x64, IE 11, UAC, 8 x Intel Core i7-10510U  @ 1.80GHz, Memory: 1086 / 8014 Mb, Disk: 37 / 237 Gb, GMT+3
0	21:27:16.765	Data Folder: C:\Users\SRIE\AppData\Roaming\MetaQuotes\Terminal\51337600F56B69473E15EAFB8A7586B4
2	21:27:20.601	Custom indicator ChinEtti Candles [DJI30],M1: loaded successfully
2	21:27:20.608	Custom indicator ChinEtti Trend Direction.fix [DJI30],M1: loaded successfully
2	21:27:20.616	Custom indicator ChinEtti Arrows.fix [DJI30],M1: loaded successfully
2	21:27:20.624	Custom indicator ChinEtti Market info [DJI30],M1: loaded successfully
2	21:27:20.810	Custom indicator AIMS Levels V2 [DJI30],H1: loaded successfully
2	21:27:20.876	Custom indicator AIMS Entry Alert V1 [DJI30],H1: loaded successfully
2	21:27:20.882	Custom indicator CandleTimer [DJI30],H1: loaded successfully
2	21:27:20.941	Custom indicator #Signal_Bars_v6 [DJI30],H1: loaded successfully
2	21:27:20.948	Custom indicator TrendEnvelopes_v1 [DJI30],H1: loaded successfully
2	21:27:20.954	Custom indicator guppy_multiple_moving_averages [DJI30],H1: loaded successfully
2	21:27:20.962	Custom indicator wedges [DJI30],H1: loaded successfully
2	21:27:20.969	Custom indicator Admiral Pivot [DJI30],H1: loaded successfully
2	21:27:20.976	Custom indicator AutoTrendChannel [DJI30],H1: loaded successfully
2	21:27:20.984	Custom indicator FRZ Channel Auto Plotter [DJI30],H1: loaded successfully
2	21:27:20.994	Custom indicator FRZ News Indicator MT4 [DJI30],H1: loaded successfully
2	21:27:21.001	Custom indicator Forex Uranus direction [DJI30],H1: loaded successfully
2	21:27:21.008	Custom indicator Quadrilateral [DJI30],H1: loaded successfully
2	21:27:21.067	Custom indicator AIMS AO V.2.1 [DJI30],H1: loaded successfully
2	21:27:21.074	Custom indicator IVT_MACD_ZERO_LAG [DJI30],H1: loaded successfully
2	21:27:21.081	Custom indicator RSI Divergence Levels [DJI30],H1: loaded successfully
2	21:27:21.089	Custom indicator JoeChalhoub_FXForecasterV1 [DJI30],H1: loaded successfully
2	21:27:21.097	Custom indicator TDI-With_Alerts [DJI30],H1: loaded successfully
2	21:27:21.105	Custom indicator FRZ Forex Market Session Indicator [DJI30],H1: loaded successfully
2	21:27:21.525	Custom indicator AIMS Levels V2 GOLD,M15: loaded successfully
2	21:27:21.587	Custom indicator AIMS Entry Alert V1 GOLD,M15: loaded successfully
2	21:27:21.592	Custom indicator CandleTimer GOLD,M15: loaded successfully
2	21:27:21.655	Custom indicator #Signal_Bars_v6 GOLD,M15: loaded successfully
2	21:27:21.662	Custom indicator TrendEnvelopes_v1 GOLD,M15: loaded successfully
2	21:27:21.669	Custom indicator guppy_multiple_moving_averages GOLD,M15: loaded successfully
2	21:27:21.676	Custom indicator wedges GOLD,M15: loaded successfully
2	21:27:21.687	Custom indicator Admiral Pivot GOLD,M15: loaded successfully
2	21:27:21.694	Custom indicator AutoTrendChannel GOLD,M15: loaded successfully
2	21:27:21.702	Custom indicator FRZ Channel Auto Plotter GOLD,M15: loaded successfully
2	21:27:21.710	Custom indicator FRZ News Indicator MT4 GOLD,M15: loaded successfully
2	21:27:21.717	Custom indicator Forex Uranus direction GOLD,M15: loaded successfully
2	21:27:21.725	Custom indicator Quadrilateral GOLD,M15: loaded successfully
2	21:27:21.786	Custom indicator AIMS AO V.2.1 GOLD,M15: loaded successfully
2	21:27:21.796	Custom indicator IVT_MACD_ZERO_LAG GOLD,M15: loaded successfully
2	21:27:21.804	Custom indicator RSI Divergence Levels GOLD,M15: loaded successfully
2	21:27:21.812	Custom indicator JoeChalhoub_FXForecasterV1 GOLD,M15: loaded successfully
2	21:27:21.820	Custom indicator TDI-With_Alerts GOLD,M15: loaded successfully
2	21:27:21.827	Custom indicator FRZ Forex Market Session Indicator GOLD,M15: loaded successfully
2	21:27:22.429	Custom indicator AIMS Levels V2 [DAX30],M15: loaded successfully
2	21:27:22.488	Custom indicator AIMS Entry Alert V1 [DAX30],M15: loaded successfully
2	21:27:22.493	Custom indicator CandleTimer [DAX30],M15: loaded successfully
2	21:27:22.554	Custom indicator #Signal_Bars_v6 [DAX30],M15: loaded successfully
2	21:27:22.561	Custom indicator TrendEnvelopes_v1 [DAX30],M15: loaded successfully
2	21:27:22.567	Custom indicator guppy_multiple_moving_averages [DAX30],M15: loaded successfully
2	21:27:22.574	Custom indicator wedges [DAX30],M15: loaded successfully
2	21:27:22.582	Custom indicator Admiral Pivot [DAX30],M15: loaded successfully
2	21:27:22.588	Custom indicator AutoTrendChannel [DAX30],M15: loaded successfully
2	21:27:22.595	Custom indicator FRZ Channel Auto Plotter [DAX30],M15: loaded successfully
2	21:27:22.604	Custom indicator FRZ News Indicator MT4 [DAX30],M15: loaded successfully
2	21:27:22.611	Custom indicator Forex Uranus direction [DAX30],M15: loaded successfully
2	21:27:22.674	Custom indicator AIMS AO V.2.1 [DAX30],M15: loaded successfully
2	21:27:22.681	Custom indicator IVT_MACD_ZERO_LAG [DAX30],M15: loaded successfully
2	21:27:22.688	Custom indicator RSI Divergence Levels [DAX30],M15: loaded successfully
2	21:27:22.696	Custom indicator JoeChalhoub_FXForecasterV1 [DAX30],M15: loaded successfully
2	21:27:22.704	Custom indicator TDI-With_Alerts [DAX30],M15: loaded successfully
2	21:27:22.711	Custom indicator FRZ Forex Market Session Indicator [DAX30],M15: loaded successfully
2	21:27:22.730	Expert Admiral - Mini Terminal [DAX30],M15: loaded successfully
2	21:27:23.319	Custom indicator AIMS Levels V2 [DAX30],M15: loaded successfully
2	21:27:23.379	Custom indicator AIMS Entry Alert V1 [DAX30],M15: loaded successfully
2	21:27:23.386	Custom indicator CandleTimer [DAX30],M15: loaded successfully
2	21:27:23.446	Custom indicator #Signal_Bars_v6 [DAX30],M15: loaded successfully
2	21:27:23.453	Custom indicator TrendEnvelopes_v1 [DAX30],M15: loaded successfully
2	21:27:23.460	Custom indicator guppy_multiple_moving_averages [DAX30],M15: loaded successfully
2	21:27:23.467	Custom indicator wedges [DAX30],M15: loaded successfully
2	21:27:23.474	Custom indicator Admiral Pivot [DAX30],M15: loaded successfully
2	21:27:23.480	Custom indicator AutoTrendChannel [DAX30],M15: loaded successfully
2	21:27:23.487	Custom indicator FRZ Channel Auto Plotter [DAX30],M15: loaded successfully
2	21:27:23.495	Custom indicator FRZ News Indicator MT4 [DAX30],M15: loaded successfully
2	21:27:23.502	Custom indicator Forex Uranus direction [DAX30],M15: loaded successfully
2	21:27:23.564	Custom indicator AIMS AO V.2.1 [DAX30],M15: loaded successfully
2	21:27:23.571	Custom indicator IVT_MACD_ZERO_LAG [DAX30],M15: loaded successfully
2	21:27:23.578	Custom indicator RSI Divergence Levels [DAX30],M15: loaded successfully
2	21:27:23.586	Custom indicator JoeChalhoub_FXForecasterV1 [DAX30],M15: loaded successfully
2	21:27:23.593	Custom indicator TDI-With_Alerts [DAX30],M15: loaded successfully
2	21:27:23.601	Custom indicator FRZ Forex Market Session Indicator [DAX30],M15: loaded successfully
2	21:27:24.155	Custom indicator AIMS Levels V2 [DAX30],M15: loaded successfully
2	21:27:24.215	Custom indicator AIMS Entry Alert V1 [DAX30],M15: loaded successfully
2	21:27:24.220	Custom indicator CandleTimer [DAX30],M15: loaded successfully
2	21:27:24.278	Custom indicator #Signal_Bars_v6 [DAX30],M15: loaded successfully
2	21:27:24.285	Custom indicator TrendEnvelopes_v1 [DAX30],M15: loaded successfully
2	21:27:24.291	Custom indicator guppy_multiple_moving_averages [DAX30],M15: loaded successfully
2	21:27:24.298	Custom indicator wedges [DAX30],M15: loaded successfully
2	21:27:24.305	Custom indicator Admiral Pivot [DAX30],M15: loaded successfully
2	21:27:24.312	Custom indicator AutoTrendChannel [DAX30],M15: loaded successfully
2	21:27:24.318	Custom indicator FRZ Channel Auto Plotter [DAX30],M15: loaded successfully
2	21:27:24.327	Custom indicator FRZ News Indicator MT4 [DAX30],M15: loaded successfully
2	21:27:24.335	Custom indicator Forex Uranus direction [DAX30],M15: loaded successfully
2	21:27:24.342	Custom indicator Quadrilateral [DAX30],M15: loaded successfully
2	21:27:24.403	Custom indicator AIMS AO V.2.1 [DAX30],M15: loaded successfully
2	21:27:24.410	Custom indicator IVT_MACD_ZERO_LAG [DAX30],M15: loaded successfully
2	21:27:24.417	Custom indicator RSI Divergence Levels [DAX30],M15: loaded successfully
2	21:27:24.425	Custom indicator JoeChalhoub_FXForecasterV1 [DAX30],M15: loaded successfully
2	21:27:24.432	Custom indicator TDI-With_Alerts [DAX30],M15: loaded successfully
2	21:27:24.439	Custom indicator FRZ Forex Market Session Indicator [DAX30],M15: loaded successfully
2	21:27:25.010	Custom indicator AIMS Levels V2 [DAX30],M30: loaded successfully
2	21:27:25.069	Custom indicator AIMS Entry Alert V1 [DAX30],M30: loaded successfully
2	21:27:25.075	Custom indicator CandleTimer [DAX30],M30: loaded successfully
2	21:27:25.134	Custom indicator #Signal_Bars_v6 [DAX30],M30: loaded successfully
2	21:27:25.141	Custom indicator TrendEnvelopes_v1 [DAX30],M30: loaded successfully
2	21:27:25.148	Custom indicator guppy_multiple_moving_averages [DAX30],M30: loaded successfully
2	21:27:25.154	Custom indicator wedges [DAX30],M30: loaded successfully
2	21:27:25.161	Custom indicator Admiral Pivot [DAX30],M30: loaded successfully
2	21:27:25.168	Custom indicator AutoTrendChannel [DAX30],M30: loaded successfully
2	21:27:25.174	Custom indicator FRZ Channel Auto Plotter [DAX30],M30: loaded successfully
2	21:27:25.182	Custom indicator FRZ News Indicator MT4 [DAX30],M30: loaded successfully
2	21:27:25.190	Custom indicator Forex Uranus direction [DAX30],M30: loaded successfully
2	21:27:25.197	Custom indicator Quadrilateral [DAX30],M30: loaded successfully
2	21:27:25.260	Custom indicator AIMS AO V.2.1 [DAX30],M30: loaded successfully
2	21:27:25.267	Custom indicator IVT_MACD_ZERO_LAG [DAX30],M30: loaded successfully
2	21:27:25.274	Custom indicator RSI Divergence Levels [DAX30],M30: loaded successfully
2	21:27:25.282	Custom indicator JoeChalhoub_FXForecasterV1 [DAX30],M30: loaded successfully
2	21:27:25.290	Custom indicator TDI-With_Alerts [DAX30],M30: loaded successfully
2	21:27:25.297	Custom indicator FRZ Forex Market Session Indicator [DAX30],M30: loaded successfully
2	21:27:25.795	Custom indicator AIMS Levels V2 [DAX30],H1: loaded successfully
2	21:27:25.863	Custom indicator AIMS Entry Alert V1 [DAX30],H1: loaded successfully
2	21:27:25.869	Custom indicator CandleTimer [DAX30],H1: loaded successfully
2	21:27:25.928	Custom indicator #Signal_Bars_v6 [DAX30],H1: loaded successfully
2	21:27:25.934	Custom indicator TrendEnvelopes_v1 [DAX30],H1: loaded successfully
2	21:27:25.941	Custom indicator guppy_multiple_moving_averages [DAX30],H1: loaded successfully
2	21:27:25.948	Custom indicator wedges [DAX30],H1: loaded successfully
2	21:27:25.955	Custom indicator Admiral Pivot [DAX30],H1: loaded successfully
2	21:27:25.963	Custom indicator AutoTrendChannel [DAX30],H1: loaded successfully
2	21:27:25.969	Custom indicator FRZ Channel Auto Plotter [DAX30],H1: loaded successfully
2	21:27:25.979	Custom indicator FRZ News Indicator MT4 [DAX30],H1: loaded successfully
2	21:27:25.986	Custom indicator Forex Uranus direction [DAX30],H1: loaded successfully
2	21:27:25.995	Custom indicator Quadrilateral [DAX30],H1: loaded successfully
2	21:27:26.054	Custom indicator AIMS AO V.2.1 [DAX30],H1: loaded successfully
2	21:27:26.061	Custom indicator IVT_MACD_ZERO_LAG [DAX30],H1: loaded successfully
2	21:27:26.068	Custom indicator RSI Divergence Levels [DAX30],H1: loaded successfully
2	21:27:26.076	Custom indicator JoeChalhoub_FXForecasterV1 [DAX30],H1: loaded successfully
2	21:27:26.083	Custom indicator TDI-With_Alerts [DAX30],H1: loaded successfully
2	21:27:26.090	Custom indicator FRZ Forex Market Session Indicator [DAX30],H1: loaded successfully
2	21:27:26.451	Expert !!Sentinel PAT Scanner-v1.01 [DAX30],H4: loaded successfully
2	21:27:26.472	Custom indicator ChinEtti Candles AUDUSD,M1: loaded successfully
2	21:27:26.480	Custom indicator ChinEtti Trend Direction.fix AUDUSD,M1: loaded successfully
2	21:27:26.488	Custom indicator ChinEtti Arrows.fix AUDUSD,M1: loaded successfully
2	21:27:26.496	Custom indicator ChinEtti Market info AUDUSD,M1: loaded successfully
2	21:27:26.668	Custom indicator AIMS Levels V2 AUDNZD,H1: loaded successfully
2	21:27:26.733	Custom indicator AIMS Entry Alert V1 AUDNZD,H1: loaded successfully
2	21:27:26.739	Custom indicator CandleTimer AUDNZD,H1: loaded successfully
2	21:27:26.804	Custom indicator #Signal_Bars_v6 AUDNZD,H1: loaded successfully
2	21:27:26.812	Custom indicator TrendEnvelopes_v1 AUDNZD,H1: loaded successfully
2	21:27:26.819	Custom indicator guppy_multiple_moving_averages AUDNZD,H1: loaded successfully
2	21:27:26.826	Custom indicator wedges AUDNZD,H1: loaded successfully
2	21:27:26.833	Custom indicator Admiral Pivot AUDNZD,H1: loaded successfully
2	21:27:26.839	Custom indicator AutoTrendChannel AUDNZD,H1: loaded successfully
2	21:27:26.845	Custom indicator FRZ Channel Auto Plotter AUDNZD,H1: loaded successfully
2	21:27:26.853	Custom indicator FRZ News Indicator MT4 AUDNZD,H1: loaded successfully
2	21:27:26.861	Custom indicator Forex Uranus direction AUDNZD,H1: loaded successfully
2	21:27:26.868	Custom indicator Quadrilateral AUDNZD,H1: loaded successfully
2	21:27:26.928	Custom indicator AIMS AO V.2.1 AUDNZD,H1: loaded successfully
2	21:27:26.935	Custom indicator IVT_MACD_ZERO_LAG AUDNZD,H1: loaded successfully
2	21:27:26.942	Custom indicator RSI Divergence Levels AUDNZD,H1: loaded successfully
2	21:27:26.950	Custom indicator JoeChalhoub_FXForecasterV1 AUDNZD,H1: loaded successfully
2	21:27:26.958	Custom indicator TDI-With_Alerts AUDNZD,H1: loaded successfully
2	21:27:26.966	Custom indicator FRZ Forex Market Session Indicator AUDNZD,H1: loaded successfully
0	21:27:34.873	'27143750': login on AdmiralMarkets-Live through Access Point #8 (ping: 713.03 ms)
0	21:27:56.540	'27143750': login datacenter on AdmiralMarkets-Live through Access Point #8 (ping: 713.03 ms)
0	21:28:01.201	'27143750': previous successful authorization performed from 197.149.22.128
0	21:29:55.537	'27143750': auto connecting to a better access point Access Point #9 (ping is 347.94 ms)
1	21:30:06.467	'27143750': connect failed [Connection échouée]
0	21:30:28.639	'27143750': login on AdmiralMarkets-Live through Access Point #7 (ping: 592.08 ms)
0	21:30:40.431	'27143750': login datacenter on AdmiralMarkets-Live through Access Point #7 (ping: 592.08 ms)
0	21:30:41.620	'27143750': previous successful authorization performed from 197.149.22.128
1	22:10:06.599	'27143750': connect failed [Connection échouée]
0	22:27:23.727	'27143750': login on AdmiralMarkets-Live through Access Point #6 (ping: n/a)
0	22:27:25.535	'27143750': login datacenter on AdmiralMarkets-Live through Access Point #6 (ping: n/a)
0	22:27:26.149	'27143750': previous successful authorization performed from 197.149.22.128
2	22:27:35.260	Custom indicator ChinEtti Candles [DJI30],M5: removed
2	22:27:35.273	Custom indicator ChinEtti Trend Direction.fix [DJI30],M5: removed
2	22:27:35.275	Custom indicator ChinEtti Arrows.fix [DJI30],M5: removed
2	22:27:35.277	Custom indicator ChinEtti Market info [DJI30],M5: removed
2	22:27:35.339	Custom indicator AIMS Levels V2 [DJI30],H1: removed
2	22:27:35.339	Custom indicator AIMS Entry Alert V1 [DJI30],H1: removed
2	22:27:35.341	Custom indicator CandleTimer [DJI30],H1: removed
2	22:27:35.341	Custom indicator #Signal_Bars_v6 [DJI30],H1: removed
2	22:27:35.343	Custom indicator TrendEnvelopes_v1 [DJI30],H1: removed
2	22:27:35.344	Custom indicator guppy_multiple_moving_averages [DJI30],H1: removed
2	22:27:35.345	Custom indicator wedges [DJI30],H1: removed
2	22:27:35.347	Custom indicator Admiral Pivot [DJI30],H1: removed
2	22:27:35.348	Custom indicator AutoTrendChannel [DJI30],H1: removed
2	22:27:35.349	Custom indicator FRZ Channel Auto Plotter [DJI30],H1: removed
2	22:27:35.350	Custom indicator FRZ News Indicator MT4 [DJI30],H1: removed
2	22:27:35.352	Custom indicator Forex Uranus direction [DJI30],H1: removed
2	22:27:35.353	Custom indicator Quadrilateral [DJI30],H1: removed
2	22:27:35.353	Custom indicator AIMS AO V.2.1 [DJI30],H1: removed
2	22:27:35.354	Custom indicator IVT_MACD_ZERO_LAG [DJI30],H1: removed
2	22:27:35.356	Custom indicator RSI Divergence Levels [DJI30],H1: removed
2	22:27:35.357	Custom indicator JoeChalhoub_FXForecasterV1 [DJI30],H1: removed
2	22:27:35.358	Custom indicator TDI-With_Alerts [DJI30],H1: removed
2	22:27:35.360	Custom indicator FRZ Forex Market Session Indicator [DJI30],H1: removed
2	22:27:35.362	Custom indicator AIMS Levels V2 GOLD,M15: removed
2	22:27:35.362	Custom indicator AIMS Entry Alert V1 GOLD,M15: removed
2	22:27:35.363	Custom indicator CandleTimer GOLD,M15: removed
2	22:27:35.363	Custom indicator #Signal_Bars_v6 GOLD,M15: removed
2	22:27:35.365	Custom indicator TrendEnvelopes_v1 GOLD,M15: removed
2	22:27:35.366	Custom indicator guppy_multiple_moving_averages GOLD,M15: removed
2	22:27:35.367	Custom indicator wedges GOLD,M15: removed
2	22:27:35.369	Custom indicator Admiral Pivot GOLD,M15: removed
2	22:27:35.370	Custom indicator AutoTrendChannel GOLD,M15: removed
2	22:27:35.372	Custom indicator FRZ Channel Auto Plotter GOLD,M15: removed
2	22:27:35.373	Custom indicator FRZ News Indicator MT4 GOLD,M15: removed
2	22:27:35.374	Custom indicator Forex Uranus direction GOLD,M15: removed
2	22:27:35.375	Custom indicator Quadrilateral GOLD,M15: removed
2	22:27:35.376	Custom indicator AIMS AO V.2.1 GOLD,M15: removed
2	22:27:35.377	Custom indicator IVT_MACD_ZERO_LAG GOLD,M15: removed
2	22:27:35.378	Custom indicator RSI Divergence Levels GOLD,M15: removed
2	22:27:35.380	Custom indicator JoeChalhoub_FXForecasterV1 GOLD,M15: removed
2	22:27:35.381	Custom indicator TDI-With_Alerts GOLD,M15: removed
2	22:27:35.382	Custom indicator FRZ Forex Market Session Indicator GOLD,M15: removed
2	22:27:35.386	Expert Admiral - Mini Terminal [DAX30],M15: removed
2	22:27:35.659	Custom indicator AIMS Levels V2 [DAX30],M15: removed
2	22:27:35.659	Custom indicator AIMS Entry Alert V1 [DAX30],M15: removed
2	22:27:35.660	Custom indicator CandleTimer [DAX30],M15: removed
2	22:27:35.660	Custom indicator #Signal_Bars_v6 [DAX30],M15: removed
2	22:27:35.661	Custom indicator TrendEnvelopes_v1 [DAX30],M15: removed
2	22:27:35.663	Custom indicator guppy_multiple_moving_averages [DAX30],M15: removed
2	22:27:35.664	Custom indicator wedges [DAX30],M15: removed
2	22:27:35.666	Custom indicator Admiral Pivot [DAX30],M15: removed
2	22:27:35.667	Custom indicator AutoTrendChannel [DAX30],M15: removed
2	22:27:35.668	Custom indicator FRZ Channel Auto Plotter [DAX30],M15: removed
2	22:27:35.669	Custom indicator FRZ News Indicator MT4 [DAX30],M15: removed
2	22:27:35.670	Custom indicator Forex Uranus direction [DAX30],M15: removed
2	22:27:35.671	Custom indicator AIMS AO V.2.1 [DAX30],M15: removed
2	22:27:35.672	Custom indicator IVT_MACD_ZERO_LAG [DAX30],M15: removed
2	22:27:35.673	Custom indicator RSI Divergence Levels [DAX30],M15: removed
2	22:27:35.675	Custom indicator JoeChalhoub_FXForecasterV1 [DAX30],M15: removed
2	22:27:35.676	Custom indicator TDI-With_Alerts [DAX30],M15: removed
2	22:27:35.678	Custom indicator FRZ Forex Market Session Indicator [DAX30],M15: removed
2	22:27:35.680	Custom indicator AIMS Levels V2 [DAX30],M15: removed
2	22:27:35.680	Custom indicator AIMS Entry Alert V1 [DAX30],M15: removed
2	22:27:35.682	Custom indicator CandleTimer [DAX30],M15: removed
2	22:27:35.682	Custom indicator #Signal_Bars_v6 [DAX30],M15: removed
2	22:27:35.683	Custom indicator TrendEnvelopes_v1 [DAX30],M15: removed
2	22:27:35.684	Custom indicator guppy_multiple_moving_averages [DAX30],M15: removed
2	22:27:35.686	Custom indicator wedges [DAX30],M15: removed
2	22:27:35.687	Custom indicator Admiral Pivot [DAX30],M15: removed
2	22:27:35.688	Custom indicator AutoTrendChannel [DAX30],M15: removed
2	22:27:35.690	Custom indicator FRZ Channel Auto Plotter [DAX30],M15: removed
2	22:27:35.691	Custom indicator FRZ News Indicator MT4 [DAX30],M15: removed
2	22:27:35.692	Custom indicator Forex Uranus direction [DAX30],M15: removed
2	22:27:35.692	Custom indicator AIMS AO V.2.1 [DAX30],M15: removed
2	22:27:35.694	Custom indicator IVT_MACD_ZERO_LAG [DAX30],M15: removed
2	22:27:35.695	Custom indicator RSI Divergence Levels [DAX30],M15: removed
2	22:27:35.697	Custom indicator JoeChalhoub_FXForecasterV1 [DAX30],M15: removed
2	22:27:35.698	Custom indicator TDI-With_Alerts [DAX30],M15: removed
2	22:27:35.700	Custom indicator FRZ Forex Market Session Indicator [DAX30],M15: removed
2	22:27:35.707	Custom indicator AIMS Levels V2 [DAX30],M15: removed
2	22:27:35.707	Custom indicator AIMS Entry Alert V1 [DAX30],M15: removed
2	22:27:35.709	Custom indicator CandleTimer [DAX30],M15: removed
2	22:27:35.709	Custom indicator #Signal_Bars_v6 [DAX30],M15: removed
2	22:27:35.710	Custom indicator TrendEnvelopes_v1 [DAX30],M15: removed
2	22:27:35.711	Custom indicator guppy_multiple_moving_averages [DAX30],M15: removed
2	22:27:35.713	Custom indicator wedges [DAX30],M15: removed
2	22:27:35.714	Custom indicator Admiral Pivot [DAX30],M15: removed
2	22:27:35.715	Custom indicator AutoTrendChannel [DAX30],M15: removed
2	22:27:35.717	Custom indicator FRZ Channel Auto Plotter [DAX30],M15: removed
2	22:27:35.718	Custom indicator FRZ News Indicator MT4 [DAX30],M15: removed
2	22:27:35.719	Custom indicator Forex Uranus direction [DAX30],M15: removed
2	22:27:35.720	Custom indicator Quadrilateral [DAX30],M15: removed
2	22:27:35.720	Custom indicator AIMS AO V.2.1 [DAX30],M15: removed
2	22:27:35.722	Custom indicator IVT_MACD_ZERO_LAG [DAX30],M15: removed
2	22:27:35.723	Custom indicator RSI Divergence Levels [DAX30],M15: removed
2	22:27:35.725	Custom indicator JoeChalhoub_FXForecasterV1 [DAX30],M15: removed
2	22:27:35.726	Custom indicator TDI-With_Alerts [DAX30],M15: removed
2	22:27:35.727	Custom indicator FRZ Forex Market Session Indicator [DAX30],M15: removed
2	22:27:35.731	Custom indicator AIMS Levels V2 [DAX30],M30: removed
2	22:27:35.731	Custom indicator AIMS Entry Alert V1 [DAX30],M30: removed
2	22:27:35.732	Custom indicator CandleTimer [DAX30],M30: removed
2	22:27:35.732	Custom indicator #Signal_Bars_v6 [DAX30],M30: removed
2	22:27:35.733	Custom indicator TrendEnvelopes_v1 [DAX30],M30: removed
2	22:27:35.734	Custom indicator guppy_multiple_moving_averages [DAX30],M30: removed
2	22:27:35.736	Custom indicator wedges [DAX30],M30: removed
2	22:27:35.737	Custom indicator Admiral Pivot [DAX30],M30: removed
2	22:27:35.738	Custom indicator AutoTrendChannel [DAX30],M30: removed
2	22:27:35.740	Custom indicator FRZ Channel Auto Plotter [DAX30],M30: removed
2	22:27:35.741	Custom indicator FRZ News Indicator MT4 [DAX30],M30: removed
2	22:27:35.742	Custom indicator Forex Uranus direction [DAX30],M30: removed
2	22:27:35.744	Custom indicator Quadrilateral [DAX30],M30: removed
2	22:27:35.744	Custom indicator AIMS AO V.2.1 [DAX30],M30: removed
2	22:27:35.745	Custom indicator IVT_MACD_ZERO_LAG [DAX30],M30: removed
2	22:27:35.746	Custom indicator RSI Divergence Levels [DAX30],M30: removed
2	22:27:35.747	Custom indicator JoeChalhoub_FXForecasterV1 [DAX30],M30: removed
2	22:27:35.749	Custom indicator TDI-With_Alerts [DAX30],M30: removed
2	22:27:35.750	Custom indicator FRZ Forex Market Session Indicator [DAX30],M30: removed
2	22:27:35.753	Custom indicator AIMS Levels V2 [DAX30],H1: removed
2	22:27:35.753	Custom indicator AIMS Entry Alert V1 [DAX30],H1: removed
2	22:27:35.754	Custom indicator CandleTimer [DAX30],H1: removed
2	22:27:35.755	Custom indicator #Signal_Bars_v6 [DAX30],H1: removed
2	22:27:35.756	Custom indicator TrendEnvelopes_v1 [DAX30],H1: removed
2	22:27:35.757	Custom indicator guppy_multiple_moving_averages [DAX30],H1: removed
2	22:27:35.758	Custom indicator wedges [DAX30],H1: removed
2	22:27:35.759	Custom indicator Admiral Pivot [DAX30],H1: removed
2	22:27:35.760	Custom indicator AutoTrendChannel [DAX30],H1: removed
2	22:27:35.761	Custom indicator FRZ Channel Auto Plotter [DAX30],H1: removed
2	22:27:35.762	Custom indicator FRZ News Indicator MT4 [DAX30],H1: removed
2	22:27:35.765	Custom indicator Forex Uranus direction [DAX30],H1: removed
2	22:27:35.766	Custom indicator Quadrilateral [DAX30],H1: removed
2	22:27:35.766	Custom indicator AIMS AO V.2.1 [DAX30],H1: removed
2	22:27:35.767	Custom indicator IVT_MACD_ZERO_LAG [DAX30],H1: removed
2	22:27:35.769	Custom indicator RSI Divergence Levels [DAX30],H1: removed
2	22:27:35.770	Custom indicator JoeChalhoub_FXForecasterV1 [DAX30],H1: removed
2	22:27:35.771	Custom indicator TDI-With_Alerts [DAX30],H1: removed
2	22:27:35.772	Custom indicator FRZ Forex Market Session Indicator [DAX30],H1: removed
2	22:27:35.777	Expert !!Sentinel PAT Scanner-v1.01 [DAX30],H4: removed
2	22:27:35.781	Custom indicator ChinEtti Candles AUDUSD,M1: removed
2	22:27:35.782	Custom indicator ChinEtti Trend Direction.fix AUDUSD,M1: removed
2	22:27:35.784	Custom indicator ChinEtti Arrows.fix AUDUSD,M1: removed
2	22:27:35.785	Custom indicator ChinEtti Market info AUDUSD,M1: removed
2	22:27:35.883	Custom indicator AIMS Levels V2 AUDNZD,H1: removed
2	22:27:35.883	Custom indicator AIMS Entry Alert V1 AUDNZD,H1: removed
2	22:27:35.885	Custom indicator CandleTimer AUDNZD,H1: removed
2	22:27:35.885	Custom indicator #Signal_Bars_v6 AUDNZD,H1: removed
2	22:27:35.886	Custom indicator TrendEnvelopes_v1 AUDNZD,H1: removed
2	22:27:35.887	Custom indicator guppy_multiple_moving_averages AUDNZD,H1: removed
2	22:27:35.889	Custom indicator wedges AUDNZD,H1: removed
2	22:27:35.890	Custom indicator Admiral Pivot AUDNZD,H1: removed
2	22:27:35.891	Custom indicator AutoTrendChannel AUDNZD,H1: removed
2	22:27:35.892	Custom indicator FRZ Channel Auto Plotter AUDNZD,H1: removed
2	22:27:35.894	Custom indicator FRZ News Indicator MT4 AUDNZD,H1: removed
2	22:27:35.895	Custom indicator Forex Uranus direction AUDNZD,H1: removed
2	22:27:35.896	Custom indicator Quadrilateral AUDNZD,H1: removed
2	22:27:35.896	Custom indicator AIMS AO V.2.1 AUDNZD,H1: removed
2	22:27:35.897	Custom indicator IVT_MACD_ZERO_LAG AUDNZD,H1: removed
2	22:27:35.899	Custom indicator RSI Divergence Levels AUDNZD,H1: removed
2	22:27:35.900	Custom indicator JoeChalhoub_FXForecasterV1 AUDNZD,H1: removed
2	22:27:35.901	Custom indicator TDI-With_Alerts AUDNZD,H1: removed
2	22:27:35.903	Custom indicator FRZ Forex Market Session Indicator AUDNZD,H1: removed
0	22:27:36.642	'27143750': ping to current access point Access Point #6 is n/a
0	22:27:37.036	Admiral Markets build 1280 stopped
0	23:20:34.937	Admiral Markets build 1280 started (Admiral Markets Group AS)
0	23:20:34.938	Windows 10 Pro x64, IE 11, UAC, 8 x Intel Core i7-10510U  @ 1.80GHz, Memory: 1241 / 8014 Mb, Disk: 36 / 237 Gb, GMT+3
0	23:20:34.938	Data Folder: C:\Users\SRIE\AppData\Roaming\MetaQuotes\Terminal\51337600F56B69473E15EAFB8A7586B4
2	23:20:38.925	Custom indicator ChinEtti Candles [DJI30],M5: loaded successfully
2	23:20:38.933	Custom indicator ChinEtti Trend Direction.fix [DJI30],M5: loaded successfully
2	23:20:38.941	Custom indicator ChinEtti Arrows.fix [DJI30],M5: loaded successfully
2	23:20:38.948	Custom indicator ChinEtti Market info [DJI30],M5: loaded successfully
2	23:20:39.114	Custom indicator AIMS Levels V2 [DJI30],H1: loaded successfully
2	23:20:39.178	Custom indicator AIMS Entry Alert V1 [DJI30],H1: loaded successfully
2	23:20:39.184	Custom indicator CandleTimer [DJI30],H1: loaded successfully
2	23:20:39.246	Custom indicator #Signal_Bars_v6 [DJI30],H1: loaded successfully
2	23:20:39.254	Custom indicator TrendEnvelopes_v1 [DJI30],H1: loaded successfully
2	23:20:39.260	Custom indicator guppy_multiple_moving_averages [DJI30],H1: loaded successfully
2	23:20:39.269	Custom indicator wedges [DJI30],H1: loaded successfully
2	23:20:39.276	Custom indicator Admiral Pivot [DJI30],H1: loaded successfully
2	23:20:39.284	Custom indicator AutoTrendChannel [DJI30],H1: loaded successfully
2	23:20:39.291	Custom indicator FRZ Channel Auto Plotter [DJI30],H1: loaded successfully
2	23:20:39.300	Custom indicator FRZ News Indicator MT4 [DJI30],H1: loaded successfully
2	23:20:39.308	Custom indicator Forex Uranus direction [DJI30],H1: loaded successfully
2	23:20:39.315	Custom indicator Quadrilateral [DJI30],H1: loaded successfully
2	23:20:39.380	Custom indicator AIMS AO V.2.1 [DJI30],H1: loaded successfully
2	23:20:39.388	Custom indicator IVT_MACD_ZERO_LAG [DJI30],H1: loaded successfully
2	23:20:39.395	Custom indicator RSI Divergence Levels [DJI30],H1: loaded successfully
2	23:20:39.404	Custom indicator JoeChalhoub_FXForecasterV1 [DJI30],H1: loaded successfully
2	23:20:39.413	Custom indicator TDI-With_Alerts [DJI30],H1: loaded successfully
2	23:20:39.420	Custom indicator FRZ Forex Market Session Indicator [DJI30],H1: loaded successfully
2	23:20:41.430	Custom indicator AIMS Levels V2 GOLD,M15: loaded successfully
2	23:20:41.495	Custom indicator AIMS Entry Alert V1 GOLD,M15: loaded successfully
2	23:20:41.501	Custom indicator CandleTimer GOLD,M15: loaded successfully
2	23:20:41.563	Custom indicator #Signal_Bars_v6 GOLD,M15: loaded successfully
2	23:20:41.570	Custom indicator TrendEnvelopes_v1 GOLD,M15: loaded successfully
2	23:20:41.577	Custom indicator guppy_multiple_moving_averages GOLD,M15: loaded successfully
2	23:20:41.585	Custom indicator wedges GOLD,M15: loaded successfully
2	23:20:41.592	Custom indicator Admiral Pivot GOLD,M15: loaded successfully
2	23:20:41.599	Custom indicator AutoTrendChannel GOLD,M15: loaded successfully
2	23:20:41.607	Custom indicator FRZ Channel Auto Plotter GOLD,M15: loaded successfully
2	23:20:41.616	Custom indicator FRZ News Indicator MT4 GOLD,M15: loaded successfully
2	23:20:41.625	Custom indicator Forex Uranus direction GOLD,M15: loaded successfully
2	23:20:41.633	Custom indicator Quadrilateral GOLD,M15: loaded successfully
2	23:20:41.695	Custom indicator AIMS AO V.2.1 GOLD,M15: loaded successfully
2	23:20:41.703	Custom indicator IVT_MACD_ZERO_LAG GOLD,M15: loaded successfully
2	23:20:41.710	Custom indicator RSI Divergence Levels GOLD,M15: loaded successfully
2	23:20:41.719	Custom indicator JoeChalhoub_FXForecasterV1 GOLD,M15: loaded successfully
2	23:20:41.726	Custom indicator TDI-With_Alerts GOLD,M15: loaded successfully
2	23:20:41.734	Custom indicator FRZ Forex Market Session Indicator GOLD,M15: loaded successfully
2	23:20:42.341	Custom indicator AIMS Levels V2 [DAX30],M15: loaded successfully
2	23:20:42.408	Custom indicator AIMS Entry Alert V1 [DAX30],M15: loaded successfully
2	23:20:42.414	Custom indicator CandleTimer [DAX30],M15: loaded successfully
2	23:20:42.480	Custom indicator #Signal_Bars_v6 [DAX30],M15: loaded successfully
2	23:20:42.488	Custom indicator TrendEnvelopes_v1 [DAX30],M15: loaded successfully
2	23:20:42.495	Custom indicator guppy_multiple_moving_averages [DAX30],M15: loaded successfully
2	23:20:42.503	Custom indicator wedges [DAX30],M15: loaded successfully
2	23:20:42.510	Custom indicator Admiral Pivot [DAX30],M15: loaded successfully
2	23:20:42.517	Custom indicator AutoTrendChannel [DAX30],M15: loaded successfully
2	23:20:42.524	Custom indicator FRZ Channel Auto Plotter [DAX30],M15: loaded successfully
2	23:20:42.533	Custom indicator FRZ News Indicator MT4 [DAX30],M15: loaded successfully
2	23:20:42.540	Custom indicator Forex Uranus direction [DAX30],M15: loaded successfully
2	23:20:42.604	Custom indicator AIMS AO V.2.1 [DAX30],M15: loaded successfully
2	23:20:42.611	Custom indicator IVT_MACD_ZERO_LAG [DAX30],M15: loaded successfully
2	23:20:42.619	Custom indicator RSI Divergence Levels [DAX30],M15: loaded successfully
2	23:20:42.627	Custom indicator JoeChalhoub_FXForecasterV1 [DAX30],M15: loaded successfully
2	23:20:42.637	Custom indicator TDI-With_Alerts [DAX30],M15: loaded successfully
2	23:20:42.644	Custom indicator FRZ Forex Market Session Indicator [DAX30],M15: loaded successfully
2	23:20:42.660	Expert Admiral - Mini Terminal [DAX30],M15: loaded successfully
2	23:20:43.246	Custom indicator AIMS Levels V2 [DAX30],M15: loaded successfully
2	23:20:43.311	Custom indicator AIMS Entry Alert V1 [DAX30],M15: loaded successfully
2	23:20:43.318	Custom indicator CandleTimer [DAX30],M15: loaded successfully
2	23:20:43.420	Custom indicator #Signal_Bars_v6 [DAX30],M15: loaded successfully
2	23:20:43.428	Custom indicator TrendEnvelopes_v1 [DAX30],M15: loaded successfully
2	23:20:43.436	Custom indicator guppy_multiple_moving_averages [DAX30],M15: loaded successfully
2	23:20:43.443	Custom indicator wedges [DAX30],M15: loaded successfully
2	23:20:43.451	Custom indicator Admiral Pivot [DAX30],M15: loaded successfully
2	23:20:43.458	Custom indicator AutoTrendChannel [DAX30],M15: loaded successfully
2	23:20:43.466	Custom indicator FRZ Channel Auto Plotter [DAX30],M15: loaded successfully
2	23:20:43.474	Custom indicator FRZ News Indicator MT4 [DAX30],M15: loaded successfully
2	23:20:43.482	Custom indicator Forex Uranus direction [DAX30],M15: loaded successfully
2	23:20:43.547	Custom indicator AIMS AO V.2.1 [DAX30],M15: loaded successfully
2	23:20:43.555	Custom indicator IVT_MACD_ZERO_LAG [DAX30],M15: loaded successfully
2	23:20:43.563	Custom indicator RSI Divergence Levels [DAX30],M15: loaded successfully
2	23:20:43.572	Custom indicator JoeChalhoub_FXForecasterV1 [DAX30],M15: loaded successfully
2	23:20:43.579	Custom indicator TDI-With_Alerts [DAX30],M15: loaded successfully
2	23:20:43.587	Custom indicator FRZ Forex Market Session Indicator [DAX30],M15: loaded successfully
2	23:20:44.150	Custom indicator AIMS Levels V2 [DAX30],M15: loaded successfully
2	23:20:44.211	Custom indicator AIMS Entry Alert V1 [DAX30],M15: loaded successfully
2	23:20:44.217	Custom indicator CandleTimer [DAX30],M15: loaded successfully
2	23:20:44.282	Custom indicator #Signal_Bars_v6 [DAX30],M15: loaded successfully
2	23:20:44.289	Custom indicator TrendEnvelopes_v1 [DAX30],M15: loaded successfully
2	23:20:44.295	Custom indicator guppy_multiple_moving_averages [DAX30],M15: loaded successfully
2	23:20:44.303	Custom indicator wedges [DAX30],M15: loaded successfully
2	23:20:44.310	Custom indicator Admiral Pivot [DAX30],M15: loaded successfully
2	23:20:44.318	Custom indicator AutoTrendChannel [DAX30],M15: loaded successfully
2	23:20:44.325	Custom indicator FRZ Channel Auto Plotter [DAX30],M15: loaded successfully
2	23:20:44.334	Custom indicator FRZ News Indicator MT4 [DAX30],M15: loaded successfully
2	23:20:44.343	Custom indicator Forex Uranus direction [DAX30],M15: loaded successfully
2	23:20:44.350	Custom indicator Quadrilateral [DAX30],M15: loaded successfully
2	23:20:44.417	Custom indicator AIMS AO V.2.1 [DAX30],M15: loaded successfully
2	23:20:44.424	Custom indicator IVT_MACD_ZERO_LAG [DAX30],M15: loaded successfully
2	23:20:44.432	Custom indicator RSI Divergence Levels [DAX30],M15: loaded successfully
2	23:20:44.440	Custom indicator JoeChalhoub_FXForecasterV1 [DAX30],M15: loaded successfully
2	23:20:44.449	Custom indicator TDI-With_Alerts [DAX30],M15: loaded successfully
2	23:20:44.456	Custom indicator FRZ Forex Market Session Indicator [DAX30],M15: loaded successfully
2	23:20:45.046	Custom indicator AIMS Levels V2 [DAX30],M30: loaded successfully
2	23:20:45.112	Custom indicator AIMS Entry Alert V1 [DAX30],M30: loaded successfully
2	23:20:45.118	Custom indicator CandleTimer [DAX30],M30: loaded successfully
2	23:20:45.182	Custom indicator #Signal_Bars_v6 [DAX30],M30: loaded successfully
2	23:20:45.189	Custom indicator TrendEnvelopes_v1 [DAX30],M30: loaded successfully
2	23:20:45.196	Custom indicator guppy_multiple_moving_averages [DAX30],M30: loaded successfully
2	23:20:45.204	Custom indicator wedges [DAX30],M30: loaded successfully
2	23:20:45.211	Custom indicator Admiral Pivot [DAX30],M30: loaded successfully
2	23:20:45.218	Custom indicator AutoTrendChannel [DAX30],M30: loaded successfully
2	23:20:45.225	Custom indicator FRZ Channel Auto Plotter [DAX30],M30: loaded successfully
2	23:20:45.234	Custom indicator FRZ News Indicator MT4 [DAX30],M30: loaded successfully
2	23:20:45.241	Custom indicator Forex Uranus direction [DAX30],M30: loaded successfully
2	23:20:45.249	Custom indicator Quadrilateral [DAX30],M30: loaded successfully
2	23:20:45.310	Custom indicator AIMS AO V.2.1 [DAX30],M30: loaded successfully
2	23:20:45.318	Custom indicator IVT_MACD_ZERO_LAG [DAX30],M30: loaded successfully
2	23:20:45.325	Custom indicator RSI Divergence Levels [DAX30],M30: loaded successfully
2	23:20:45.334	Custom indicator JoeChalhoub_FXForecasterV1 [DAX30],M30: loaded successfully
2	23:20:45.342	Custom indicator TDI-With_Alerts [DAX30],M30: loaded successfully
2	23:20:45.349	Custom indicator FRZ Forex Market Session Indicator [DAX30],M30: loaded successfully
2	23:20:45.830	Custom indicator AIMS Levels V2 [DAX30],H1: loaded successfully
2	23:20:45.894	Custom indicator AIMS Entry Alert V1 [DAX30],H1: loaded successfully
2	23:20:45.900	Custom indicator CandleTimer [DAX30],H1: loaded successfully
2	23:20:45.962	Custom indicator #Signal_Bars_v6 [DAX30],H1: loaded successfully
2	23:20:45.970	Custom indicator TrendEnvelopes_v1 [DAX30],H1: loaded successfully
2	23:20:45.976	Custom indicator guppy_multiple_moving_averages [DAX30],H1: loaded successfully
2	23:20:45.983	Custom indicator wedges [DAX30],H1: loaded successfully
2	23:20:45.991	Custom indicator Admiral Pivot [DAX30],H1: loaded successfully
2	23:20:45.998	Custom indicator AutoTrendChannel [DAX30],H1: loaded successfully
2	23:20:46.005	Custom indicator FRZ Channel Auto Plotter [DAX30],H1: loaded successfully
2	23:20:46.015	Custom indicator FRZ News Indicator MT4 [DAX30],H1: loaded successfully
2	23:20:46.023	Custom indicator Forex Uranus direction [DAX30],H1: loaded successfully
2	23:20:46.030	Custom indicator Quadrilateral [DAX30],H1: loaded successfully
2	23:20:46.096	Custom indicator AIMS AO V.2.1 [DAX30],H1: loaded successfully
2	23:20:46.105	Custom indicator IVT_MACD_ZERO_LAG [DAX30],H1: loaded successfully
2	23:20:46.113	Custom indicator RSI Divergence Levels [DAX30],H1: loaded successfully
2	23:20:46.121	Custom indicator JoeChalhoub_FXForecasterV1 [DAX30],H1: loaded successfully
2	23:20:46.130	Custom indicator TDI-With_Alerts [DAX30],H1: loaded successfully
2	23:20:46.137	Custom indicator FRZ Forex Market Session Indicator [DAX30],H1: loaded successfully
2	23:20:46.511	Expert !!Sentinel PAT Scanner-v1.01 [DAX30],H4: loaded successfully
2	23:20:46.533	Custom indicator ChinEtti Candles AUDUSD,M1: loaded successfully
2	23:20:46.540	Custom indicator ChinEtti Trend Direction.fix AUDUSD,M1: loaded successfully
2	23:20:46.548	Custom indicator ChinEtti Arrows.fix AUDUSD,M1: loaded successfully
2	23:20:46.556	Custom indicator ChinEtti Market info AUDUSD,M1: loaded successfully
2	23:20:46.729	Custom indicator AIMS Levels V2 AUDNZD,H1: loaded successfully
2	23:20:46.795	Custom indicator AIMS Entry Alert V1 AUDNZD,H1: loaded successfully
2	23:20:46.802	Custom indicator CandleTimer AUDNZD,H1: loaded successfully
2	23:20:46.867	Custom indicator #Signal_Bars_v6 AUDNZD,H1: loaded successfully
2	23:20:46.874	Custom indicator TrendEnvelopes_v1 AUDNZD,H1: loaded successfully
2	23:20:46.881	Custom indicator guppy_multiple_moving_averages AUDNZD,H1: loaded successfully
2	23:20:46.890	Custom indicator wedges AUDNZD,H1: loaded successfully
2	23:20:46.897	Custom indicator Admiral Pivot AUDNZD,H1: loaded successfully
2	23:20:46.904	Custom indicator AutoTrendChannel AUDNZD,H1: loaded successfully
2	23:20:46.911	Custom indicator FRZ Channel Auto Plotter AUDNZD,H1: loaded successfully
2	23:20:46.920	Custom indicator FRZ News Indicator MT4 AUDNZD,H1: loaded successfully
2	23:20:46.927	Custom indicator Forex Uranus direction AUDNZD,H1: loaded successfully
2	23:20:46.935	Custom indicator Quadrilateral AUDNZD,H1: loaded successfully
2	23:20:46.997	Custom indicator AIMS AO V.2.1 AUDNZD,H1: loaded successfully
2	23:20:47.004	Custom indicator IVT_MACD_ZERO_LAG AUDNZD,H1: loaded successfully
2	23:20:47.012	Custom indicator RSI Divergence Levels AUDNZD,H1: loaded successfully
2	23:20:47.020	Custom indicator JoeChalhoub_FXForecasterV1 AUDNZD,H1: loaded successfully
2	23:20:47.028	Custom indicator TDI-With_Alerts AUDNZD,H1: loaded successfully
2	23:20:47.035	Custom indicator FRZ Forex Market Session Indicator AUDNZD,H1: loaded successfully
0	23:20:48.978	'27143750': login on AdmiralMarkets-Live through Access Point #6 (ping: n/a)
0	23:20:52.880	'27143750': login datacenter on AdmiralMarkets-Live through Access Point #6 (ping: n/a)
0	23:20:53.481	'27143750': previous successful authorization performed from 197.149.22.128
0	23:21:34.307	'27143750': ping to current access point Access Point #6 is 370.45 ms
2	23:22:03.517	Custom indicator ChinEtti Candles AUDUSD,M1: removed
2	23:22:03.519	Custom indicator ChinEtti Trend Direction.fix AUDUSD,M1: removed
2	23:22:03.520	Custom indicator ChinEtti Arrows.fix AUDUSD,M1: removed
2	23:22:03.522	Custom indicator ChinEtti Market info AUDUSD,M1: removed
2	23:22:03.543	Expert !!Sentinel PAT Scanner-v1.01 AUDUSD,M1: loaded successfully
2	23:22:32.693	Custom indicator AIMS Levels V2 EURUSD,Daily: loaded successfully
2	23:22:32.757	Custom indicator AIMS Entry Alert V1 EURUSD,Daily: loaded successfully
2	23:22:32.765	Custom indicator CandleTimer EURUSD,Daily: loaded successfully
2	23:22:32.830	Custom indicator #Signal_Bars_v6 EURUSD,Daily: loaded successfully
2	23:22:32.838	Custom indicator TrendEnvelopes_v1 EURUSD,Daily: loaded successfully
2	23:22:32.845	Custom indicator guppy_multiple_moving_averages EURUSD,Daily: loaded successfully
2	23:22:32.854	Custom indicator wedges EURUSD,Daily: loaded successfully
2	23:22:32.863	Custom indicator Admiral Pivot EURUSD,Daily: loaded successfully
2	23:22:32.871	Custom indicator AutoTrendChannel EURUSD,Daily: loaded successfully
2	23:22:32.880	Custom indicator FRZ Channel Auto Plotter EURUSD,Daily: loaded successfully
2	23:22:32.890	Custom indicator FRZ News Indicator MT4 EURUSD,Daily: loaded successfully
2	23:22:32.899	Custom indicator Forex Uranus direction EURUSD,Daily: loaded successfully
2	23:22:32.908	Custom indicator Quadrilateral EURUSD,Daily: loaded successfully
2	23:22:32.971	Custom indicator AIMS AO V.2.1 EURUSD,Daily: loaded successfully
2	23:22:32.979	Custom indicator IVT_MACD_ZERO_LAG EURUSD,Daily: loaded successfully
2	23:22:32.987	Custom indicator RSI Divergence Levels EURUSD,Daily: loaded successfully
2	23:22:32.996	Custom indicator JoeChalhoub_FXForecasterV1 EURUSD,Daily: loaded successfully
2	23:22:33.004	Custom indicator TDI-With_Alerts EURUSD,Daily: loaded successfully
2	23:22:33.012	Custom indicator FRZ Forex Market Session Indicator EURUSD,Daily: loaded successfully
0	23:22:54.655	'27143750': order buy market 0.01 EURUSD sl: 0.00000 tp: 0.00000
1	23:22:55.219	'27143750': order buy 0.01 EURUSD opening at market sl: 0.00000 tp: 0.00000 failed [Not enough money]
0	23:22:57.061	'27143750': order buy market 0.01 EURUSD sl: 0.00000 tp: 0.00000
1	23:22:58.201	'27143750': order buy 0.01 EURUSD opening at market sl: 0.00000 tp: 0.00000 failed [Not enough money]
2	23:23:00.218	Custom indicator ChinEtti Candles [DJI30],M5: removed
2	23:23:00.221	Custom indicator ChinEtti Trend Direction.fix [DJI30],M5: removed
2	23:23:00.222	Custom indicator ChinEtti Arrows.fix [DJI30],M5: removed
2	23:23:00.224	Custom indicator ChinEtti Market info [DJI30],M5: removed
2	23:23:00.228	Custom indicator AIMS Levels V2 [DJI30],H1: removed
2	23:23:00.228	Custom indicator AIMS Entry Alert V1 [DJI30],H1: removed
2	23:23:00.231	Custom indicator CandleTimer [DJI30],H1: removed
2	23:23:00.231	Custom indicator #Signal_Bars_v6 [DJI30],H1: removed
2	23:23:00.233	Custom indicator TrendEnvelopes_v1 [DJI30],H1: removed
2	23:23:00.237	Custom indicator guppy_multiple_moving_averages [DJI30],H1: removed
2	23:23:00.239	Custom indicator wedges [DJI30],H1: removed
2	23:23:00.241	Custom indicator Admiral Pivot [DJI30],H1: removed
2	23:23:00.242	Custom indicator AutoTrendChannel [DJI30],H1: removed
2	23:23:00.243	Custom indicator FRZ Channel Auto Plotter [DJI30],H1: removed
2	23:23:00.245	Custom indicator FRZ News Indicator MT4 [DJI30],H1: removed
2	23:23:00.246	Custom indicator Forex Uranus direction [DJI30],H1: removed
2	23:23:00.248	Custom indicator Quadrilateral [DJI30],H1: removed
2	23:23:00.248	Custom indicator AIMS AO V.2.1 [DJI30],H1: removed
2	23:23:00.249	Custom indicator IVT_MACD_ZERO_LAG [DJI30],H1: removed
2	23:23:00.251	Custom indicator RSI Divergence Levels [DJI30],H1: removed
2	23:23:00.254	Custom indicator JoeChalhoub_FXForecasterV1 [DJI30],H1: removed
2	23:23:00.256	Custom indicator TDI-With_Alerts [DJI30],H1: removed
2	23:23:00.257	Custom indicator FRZ Forex Market Session Indicator [DJI30],H1: removed
2	23:23:00.259	Custom indicator AIMS Levels V2 GOLD,M15: removed
2	23:23:00.259	Custom indicator AIMS Entry Alert V1 GOLD,M15: removed
2	23:23:00.261	Custom indicator CandleTimer GOLD,M15: removed
2	23:23:00.261	Custom indicator #Signal_Bars_v6 GOLD,M15: removed
2	23:23:00.262	Custom indicator TrendEnvelopes_v1 GOLD,M15: removed
2	23:23:00.264	Custom indicator guppy_multiple_moving_averages GOLD,M15: removed
2	23:23:00.266	Custom indicator wedges GOLD,M15: removed
2	23:23:00.267	Custom indicator Admiral Pivot GOLD,M15: removed
2	23:23:00.269	Custom indicator AutoTrendChannel GOLD,M15: removed
2	23:23:00.270	Custom indicator FRZ Channel Auto Plotter GOLD,M15: removed
2	23:23:00.272	Custom indicator FRZ News Indicator MT4 GOLD,M15: removed
2	23:23:00.273	Custom indicator Forex Uranus direction GOLD,M15: removed
2	23:23:00.275	Custom indicator Quadrilateral GOLD,M15: removed
2	23:23:00.275	Custom indicator AIMS AO V.2.1 GOLD,M15: removed
2	23:23:00.277	Custom indicator IVT_MACD_ZERO_LAG GOLD,M15: removed
2	23:23:00.278	Custom indicator RSI Divergence Levels GOLD,M15: removed
2	23:23:00.280	Custom indicator JoeChalhoub_FXForecasterV1 GOLD,M15: removed
2	23:23:00.281	Custom indicator TDI-With_Alerts GOLD,M15: removed
2	23:23:00.283	Custom indicator FRZ Forex Market Session Indicator GOLD,M15: removed
2	23:23:00.286	Expert Admiral - Mini Terminal [DAX30],M15: removed
2	23:23:00.350	Custom indicator AIMS Levels V2 [DAX30],M15: removed
2	23:23:00.351	Custom indicator AIMS Entry Alert V1 [DAX30],M15: removed
2	23:23:00.352	Custom indicator CandleTimer [DAX30],M15: removed
2	23:23:00.353	Custom indicator #Signal_Bars_v6 [DAX30],M15: removed
2	23:23:00.355	Custom indicator TrendEnvelopes_v1 [DAX30],M15: removed
2	23:23:00.357	Custom indicator guppy_multiple_moving_averages [DAX30],M15: removed
2	23:23:00.358	Custom indicator wedges [DAX30],M15: removed
2	23:23:00.360	Custom indicator Admiral Pivot [DAX30],M15: removed
2	23:23:00.361	Custom indicator AutoTrendChannel [DAX30],M15: removed
2	23:23:00.363	Custom indicator FRZ Channel Auto Plotter [DAX30],M15: removed
2	23:23:00.365	Custom indicator FRZ News Indicator MT4 [DAX30],M15: removed
2	23:23:00.366	Custom indicator Forex Uranus direction [DAX30],M15: removed
2	23:23:00.366	Custom indicator AIMS AO V.2.1 [DAX30],M15: removed
2	23:23:00.370	Custom indicator IVT_MACD_ZERO_LAG [DAX30],M15: removed
2	23:23:00.372	Custom indicator RSI Divergence Levels [DAX30],M15: removed
2	23:23:00.374	Custom indicator JoeChalhoub_FXForecasterV1 [DAX30],M15: removed
2	23:23:00.376	Custom indicator TDI-With_Alerts [DAX30],M15: removed
2	23:23:00.377	Custom indicator FRZ Forex Market Session Indicator [DAX30],M15: removed
2	23:23:00.380	Custom indicator AIMS Levels V2 [DAX30],M15: removed
2	23:23:00.380	Custom indicator AIMS Entry Alert V1 [DAX30],M15: removed
2	23:23:00.382	Custom indicator CandleTimer [DAX30],M15: removed
2	23:23:00.383	Custom indicator #Signal_Bars_v6 [DAX30],M15: removed
2	23:23:00.385	Custom indicator TrendEnvelopes_v1 [DAX30],M15: removed
2	23:23:00.388	Custom indicator guppy_multiple_moving_averages [DAX30],M15: removed
2	23:23:00.390	Custom indicator wedges [DAX30],M15: removed
2	23:23:00.391	Custom indicator Admiral Pivot [DAX30],M15: removed
2	23:23:00.393	Custom indicator AutoTrendChannel [DAX30],M15: removed
2	23:23:00.395	Custom indicator FRZ Channel Auto Plotter [DAX30],M15: removed
2	23:23:00.396	Custom indicator FRZ News Indicator MT4 [DAX30],M15: removed
2	23:23:00.398	Custom indicator Forex Uranus direction [DAX30],M15: removed
2	23:23:00.398	Custom indicator AIMS AO V.2.1 [DAX30],M15: removed
2	23:23:00.400	Custom indicator IVT_MACD_ZERO_LAG [DAX30],M15: removed
2	23:23:00.403	Custom indicator RSI Divergence Levels [DAX30],M15: removed
2	23:23:00.406	Custom indicator JoeChalhoub_FXForecasterV1 [DAX30],M15: removed
2	23:23:00.408	Custom indicator TDI-With_Alerts [DAX30],M15: removed
2	23:23:00.409	Custom indicator FRZ Forex Market Session Indicator [DAX30],M15: removed
2	23:23:00.412	Custom indicator AIMS Levels V2 [DAX30],M15: removed
2	23:23:00.413	Custom indicator AIMS Entry Alert V1 [DAX30],M15: removed
2	23:23:00.414	Custom indicator CandleTimer [DAX30],M15: removed
2	23:23:00.415	Custom indicator #Signal_Bars_v6 [DAX30],M15: removed
2	23:23:00.416	Custom indicator TrendEnvelopes_v1 [DAX30],M15: removed
2	23:23:00.419	Custom indicator guppy_multiple_moving_averages [DAX30],M15: removed
2	23:23:00.422	Custom indicator wedges [DAX30],M15: removed
2	23:23:00.424	Custom indicator Admiral Pivot [DAX30],M15: removed
2	23:23:00.425	Custom indicator AutoTrendChannel [DAX30],M15: removed
2	23:23:00.427	Custom indicator FRZ Channel Auto Plotter [DAX30],M15: removed
2	23:23:00.429	Custom indicator FRZ News Indicator MT4 [DAX30],M15: removed
2	23:23:00.430	Custom indicator Forex Uranus direction [DAX30],M15: removed
2	23:23:00.432	Custom indicator Quadrilateral [DAX30],M15: removed
2	23:23:00.432	Custom indicator AIMS AO V.2.1 [DAX30],M15: removed
2	23:23:00.434	Custom indicator IVT_MACD_ZERO_LAG [DAX30],M15: removed
2	23:23:00.437	Custom indicator RSI Divergence Levels [DAX30],M15: removed
2	23:23:00.439	Custom indicator JoeChalhoub_FXForecasterV1 [DAX30],M15: removed
2	23:23:00.441	Custom indicator TDI-With_Alerts [DAX30],M15: removed
2	23:23:00.443	Custom indicator FRZ Forex Market Session Indicator [DAX30],M15: removed
2	23:23:00.445	Custom indicator AIMS Levels V2 [DAX30],M30: removed
2	23:23:00.445	Custom indicator AIMS Entry Alert V1 [DAX30],M30: removed
2	23:23:00.447	Custom indicator CandleTimer [DAX30],M30: removed
2	23:23:00.447	Custom indicator #Signal_Bars_v6 [DAX30],M30: removed
2	23:23:00.449	Custom indicator TrendEnvelopes_v1 [DAX30],M30: removed
2	23:23:00.452	Custom indicator guppy_multiple_moving_averages [DAX30],M30: removed
2	23:23:00.457	Custom indicator wedges [DAX30],M30: removed
2	23:23:00.460	Custom indicator Admiral Pivot [DAX30],M30: removed
2	23:23:00.463	Custom indicator AutoTrendChannel [DAX30],M30: removed
2	23:23:00.464	Custom indicator FRZ Channel Auto Plotter [DAX30],M30: removed
2	23:23:00.466	Custom indicator FRZ News Indicator MT4 [DAX30],M30: removed
2	23:23:00.468	Custom indicator Forex Uranus direction [DAX30],M30: removed
2	23:23:00.471	Custom indicator Quadrilateral [DAX30],M30: removed
2	23:23:00.471	Custom indicator AIMS AO V.2.1 [DAX30],M30: removed
2	23:23:00.473	Custom indicator IVT_MACD_ZERO_LAG [DAX30],M30: removed
2	23:23:00.474	Custom indicator RSI Divergence Levels [DAX30],M30: removed
2	23:23:00.476	Custom indicator JoeChalhoub_FXForecasterV1 [DAX30],M30: removed
2	23:23:00.478	Custom indicator TDI-With_Alerts [DAX30],M30: removed
2	23:23:00.480	Custom indicator FRZ Forex Market Session Indicator [DAX30],M30: removed
2	23:23:00.482	Custom indicator AIMS Levels V2 [DAX30],H1: removed
2	23:23:00.482	Custom indicator AIMS Entry Alert V1 [DAX30],H1: removed
2	23:23:00.484	Custom indicator CandleTimer [DAX30],H1: removed
2	23:23:00.484	Custom indicator #Signal_Bars_v6 [DAX30],H1: removed
2	23:23:00.487	Custom indicator TrendEnvelopes_v1 [DAX30],H1: removed
2	23:23:00.489	Custom indicator guppy_multiple_moving_averages [DAX30],H1: removed
2	23:23:00.491	Custom indicator wedges [DAX30],H1: removed
2	23:23:00.492	Custom indicator Admiral Pivot [DAX30],H1: removed
2	23:23:00.494	Custom indicator AutoTrendChannel [DAX30],H1: removed
2	23:23:00.495	Custom indicator FRZ Channel Auto Plotter [DAX30],H1: removed
2	23:23:00.497	Custom indicator FRZ News Indicator MT4 [DAX30],H1: removed
2	23:23:00.499	Custom indicator Forex Uranus direction [DAX30],H1: removed
2	23:23:00.500	Custom indicator Quadrilateral [DAX30],H1: removed
2	23:23:00.501	Custom indicator AIMS AO V.2.1 [DAX30],H1: removed
2	23:23:00.503	Custom indicator IVT_MACD_ZERO_LAG [DAX30],H1: removed
2	23:23:00.505	Custom indicator RSI Divergence Levels [DAX30],H1: removed
2	23:23:00.507	Custom indicator JoeChalhoub_FXForecasterV1 [DAX30],H1: removed
2	23:23:00.509	Custom indicator TDI-With_Alerts [DAX30],H1: removed
2	23:23:00.510	Custom indicator FRZ Forex Market Session Indicator [DAX30],H1: removed
2	23:23:00.515	Expert !!Sentinel PAT Scanner-v1.01 [DAX30],H4: removed
2	23:23:00.521	Expert !!Sentinel PAT Scanner-v1.01 AUDUSD,M1: removed
2	23:23:00.524	Custom indicator AIMS Levels V2 AUDNZD,H1: removed
2	23:23:00.524	Custom indicator AIMS Entry Alert V1 AUDNZD,H1: removed
2	23:23:00.526	Custom indicator CandleTimer AUDNZD,H1: removed
2	23:23:00.526	Custom indicator #Signal_Bars_v6 AUDNZD,H1: removed
2	23:23:00.527	Custom indicator TrendEnvelopes_v1 AUDNZD,H1: removed
2	23:23:00.529	Custom indicator guppy_multiple_moving_averages AUDNZD,H1: removed
2	23:23:00.531	Custom indicator wedges AUDNZD,H1: removed
2	23:23:00.532	Custom indicator Admiral Pivot AUDNZD,H1: removed
2	23:23:00.535	Custom indicator AutoTrendChannel AUDNZD,H1: removed
2	23:23:00.537	Custom indicator FRZ Channel Auto Plotter AUDNZD,H1: removed
2	23:23:00.538	Custom indicator FRZ News Indicator MT4 AUDNZD,H1: removed
2	23:23:00.540	Custom indicator Forex Uranus direction AUDNZD,H1: removed
2	23:23:00.541	Custom indicator Quadrilateral AUDNZD,H1: removed
2	23:23:00.542	Custom indicator AIMS AO V.2.1 AUDNZD,H1: removed
2	23:23:00.543	Custom indicator IVT_MACD_ZERO_LAG AUDNZD,H1: removed
2	23:23:00.545	Custom indicator RSI Divergence Levels AUDNZD,H1: removed
2	23:23:00.547	Custom indicator JoeChalhoub_FXForecasterV1 AUDNZD,H1: removed
2	23:23:00.549	Custom indicator TDI-With_Alerts AUDNZD,H1: removed
2	23:23:00.551	Custom indicator FRZ Forex Market Session Indicator AUDNZD,H1: removed
2	23:23:00.555	Custom indicator AIMS Levels V2 EURUSD,M1: removed
2	23:23:00.556	Custom indicator AIMS Entry Alert V1 EURUSD,M1: removed
2	23:23:00.557	Custom indicator CandleTimer EURUSD,M1: removed
2	23:23:00.558	Custom indicator #Signal_Bars_v6 EURUSD,M1: removed
2	23:23:00.559	Custom indicator TrendEnvelopes_v1 EURUSD,M1: removed
2	23:23:00.561	Custom indicator guppy_multiple_moving_averages EURUSD,M1: removed
2	23:23:00.563	Custom indicator wedges EURUSD,M1: removed
2	23:23:00.566	Custom indicator Admiral Pivot EURUSD,M1: removed
2	23:23:00.568	Custom indicator AutoTrendChannel EURUSD,M1: removed
2	23:23:00.570	Custom indicator FRZ Channel Auto Plotter EURUSD,M1: removed
2	23:23:00.571	Custom indicator FRZ News Indicator MT4 EURUSD,M1: removed
2	23:23:00.573	Custom indicator Forex Uranus direction EURUSD,M1: removed
2	23:23:00.575	Custom indicator Quadrilateral EURUSD,M1: removed
2	23:23:00.575	Custom indicator AIMS AO V.2.1 EURUSD,M1: removed
2	23:23:00.577	Custom indicator IVT_MACD_ZERO_LAG EURUSD,M1: removed
2	23:23:00.579	Custom indicator RSI Divergence Levels EURUSD,M1: removed
2	23:23:00.581	Custom indicator JoeChalhoub_FXForecasterV1 EURUSD,M1: removed
2	23:23:00.583	Custom indicator TDI-With_Alerts EURUSD,M1: removed
2	23:23:00.585	Custom indicator FRZ Forex Market Session Indicator EURUSD,M1: removed
0	23:23:01.514	Admiral Markets build 1280 stopped
