0	00:00:33.254	'27133394': auto connecting to a better access point Access Point #4 (ping is 243.23 ms)
0	00:00:34.122	'27133394': login on AdmiralMarkets-Live through Access Point #4 (ping: 243.23 ms)
0	00:00:54.143	'27133394': login datacenter on AdmiralMarkets-Live through Access Point #4 (ping: 243.23 ms)
0	00:00:55.701	'27133394': previous successful authorization performed from 197.149.21.166
1	01:01:36.425	'27133394': connect failed [Connection échouée]
0	01:02:42.422	'27133394': login on AdmiralMarkets-Live through Access Point #4 (ping: n/a)
0	01:03:23.758	'27133394': login datacenter on AdmiralMarkets-Live through Access Point #4 (ping: n/a)
0	01:03:24.366	'27133394': previous successful authorization performed from 197.149.21.166
0	01:04:04.421	'27133394': auto connecting to a better access point Access Point #6 (ping is 216.26 ms)
0	01:04:05.086	'27133394': login on AdmiralMarkets-Live through Access Point #6 (ping: 216.26 ms)
0	01:05:10.371	'27133394': login on AdmiralMarkets-Live through Access Point #6 (ping: 216.26 ms)
0	01:05:32.996	'27133394': login datacenter on AdmiralMarkets-Live through Access Point #6 (ping: 216.26 ms)
0	01:05:40.840	'27133394': previous successful authorization performed from 197.149.21.166
2	04:45:41.752	Custom indicator AIMS Levels V2 CHFJPY,H1: loaded successfully
2	04:45:41.827	Custom indicator AIMS Entry Alert V1 CHFJPY,H1: loaded successfully
2	04:45:41.836	Custom indicator CandleTimer CHFJPY,H1: loaded successfully
2	04:45:41.910	Custom indicator #Signal_Bars_v6 CHFJPY,H1: loaded successfully
2	04:45:41.919	Custom indicator TrendEnvelopes_v1 CHFJPY,H1: loaded successfully
2	04:45:41.928	Custom indicator guppy_multiple_moving_averages CHFJPY,H1: loaded successfully
2	04:45:41.937	Custom indicator wedges CHFJPY,H1: loaded successfully
2	04:45:41.946	Custom indicator Admiral Pivot CHFJPY,H1: loaded successfully
2	04:45:41.954	Custom indicator AutoTrendChannel CHFJPY,H1: loaded successfully
2	04:45:41.963	Custom indicator FRZ Channel Auto Plotter CHFJPY,H1: loaded successfully
2	04:45:41.974	Custom indicator FRZ News Indicator MT4 CHFJPY,H1: loaded successfully
2	04:45:41.983	Custom indicator Forex Uranus direction CHFJPY,H1: loaded successfully
2	04:45:42.053	Custom indicator AIMS AO V.2.1 CHFJPY,H1: loaded successfully
2	04:45:42.062	Custom indicator IVT_MACD_ZERO_LAG CHFJPY,H1: loaded successfully
2	04:45:42.071	Custom indicator RSI Divergence Levels CHFJPY,H1: loaded successfully
2	04:45:42.171	Custom indicator JoeChalhoub_FXForecasterV1 CHFJPY,H1: loaded successfully
2	04:45:42.181	Custom indicator TDI-With_Alerts CHFJPY,H1: loaded successfully
2	04:45:42.217	Custom indicator FRZ Forex Market Session Indicator CHFJPY,H1: loaded successfully
0	04:50:12.229	'27133394': order sell market 0.04 CHFJPY sl: 0.000 tp: 0.000
0	04:50:12.661	'27133394': order was opened : #74164891 sell 0.04 CHFJPY at 114.916 sl: 0.000 tp: 0.000
0	04:51:12.087	'27133394': modify order #74164891 sell 0.04 CHFJPY at 114.916 sl: 0.000 tp: 0.000 -> sl: 115.700 tp: 114.100
0	04:51:12.441	'27133394': order #74164891 sell 0.04 CHFJPY at 114.916 was modified -> sl: 115.700 tp: 114.100
0	04:52:17.813	'27133394': order sell market 0.02 GOLD sl: 0.000 tp: 0.000
0	04:52:18.489	'27133394': order was opened : #74164912 sell 0.02 GOLD at 1880.810 sl: 0.000 tp: 0.000
0	04:53:43.783	'27133394': modify order #74164912 sell 0.02 GOLD at 1880.810 sl: 0.000 tp: 0.000 -> sl: 1891.000 tp: 1864.000
0	04:53:44.051	'27133394': order #74164912 sell 0.02 GOLD at 1880.810 was modified -> sl: 1891.000 tp: 1864.000
2	04:57:51.590	Custom indicator AIMS Levels V2 GBPNZD,H1: loaded successfully
2	04:57:51.655	Custom indicator AIMS Entry Alert V1 GBPNZD,H1: loaded successfully
2	04:57:51.661	Custom indicator CandleTimer GBPNZD,H1: loaded successfully
2	04:57:51.725	Custom indicator #Signal_Bars_v6 GBPNZD,H1: loaded successfully
2	04:57:51.733	Custom indicator TrendEnvelopes_v1 GBPNZD,H1: loaded successfully
2	04:57:51.739	Custom indicator guppy_multiple_moving_averages GBPNZD,H1: loaded successfully
2	04:57:51.747	Custom indicator wedges GBPNZD,H1: loaded successfully
2	04:57:51.755	Custom indicator Admiral Pivot GBPNZD,H1: loaded successfully
2	04:57:51.762	Custom indicator AutoTrendChannel GBPNZD,H1: loaded successfully
2	04:57:51.769	Custom indicator FRZ Channel Auto Plotter GBPNZD,H1: loaded successfully
2	04:57:51.778	Custom indicator FRZ News Indicator MT4 GBPNZD,H1: loaded successfully
2	04:57:51.785	Custom indicator Forex Uranus direction GBPNZD,H1: loaded successfully
2	04:57:51.849	Custom indicator AIMS AO V.2.1 GBPNZD,H1: loaded successfully
2	04:57:51.856	Custom indicator IVT_MACD_ZERO_LAG GBPNZD,H1: loaded successfully
2	04:57:51.864	Custom indicator RSI Divergence Levels GBPNZD,H1: loaded successfully
2	04:57:51.874	Custom indicator JoeChalhoub_FXForecasterV1 GBPNZD,H1: loaded successfully
2	04:57:51.882	Custom indicator TDI-With_Alerts GBPNZD,H1: loaded successfully
2	04:57:51.889	Custom indicator FRZ Forex Market Session Indicator GBPNZD,H1: loaded successfully
2	05:00:32.212	Custom indicator AIMS Levels V2 NZDCAD,H1: loaded successfully
2	05:00:32.286	Custom indicator AIMS Entry Alert V1 NZDCAD,H1: loaded successfully
2	05:00:32.293	Custom indicator CandleTimer NZDCAD,H1: loaded successfully
2	05:00:32.365	Custom indicator #Signal_Bars_v6 NZDCAD,H1: loaded successfully
2	05:00:32.373	Custom indicator TrendEnvelopes_v1 NZDCAD,H1: loaded successfully
2	05:00:32.380	Custom indicator guppy_multiple_moving_averages NZDCAD,H1: loaded successfully
2	05:00:32.389	Custom indicator wedges NZDCAD,H1: loaded successfully
2	05:00:32.397	Custom indicator Admiral Pivot NZDCAD,H1: loaded successfully
2	05:00:32.404	Custom indicator AutoTrendChannel NZDCAD,H1: loaded successfully
2	05:00:32.412	Custom indicator FRZ Channel Auto Plotter NZDCAD,H1: loaded successfully
2	05:00:32.421	Custom indicator FRZ News Indicator MT4 NZDCAD,H1: loaded successfully
2	05:00:32.429	Custom indicator Forex Uranus direction NZDCAD,H1: loaded successfully
2	05:00:32.498	Custom indicator AIMS AO V.2.1 NZDCAD,H1: loaded successfully
2	05:00:32.506	Custom indicator IVT_MACD_ZERO_LAG NZDCAD,H1: loaded successfully
2	05:00:32.514	Custom indicator RSI Divergence Levels NZDCAD,H1: loaded successfully
2	05:00:32.524	Custom indicator JoeChalhoub_FXForecasterV1 NZDCAD,H1: loaded successfully
2	05:00:32.533	Custom indicator TDI-With_Alerts NZDCAD,H1: loaded successfully
2	05:00:32.540	Custom indicator FRZ Forex Market Session Indicator NZDCAD,H1: loaded successfully
0	05:01:42.040	'27133394': order sell market 0.04 NZDCAD sl: 0.00000 tp: 0.00000
0	05:01:42.517	'27133394': order was opened : #74165068 sell 0.04 NZDCAD at 0.89323 sl: 0.00000 tp: 0.00000
0	05:02:27.889	'27133394': modify order #74165068 sell 0.04 NZDCAD at 0.89323 sl: 0.00000 tp: 0.00000 -> sl: 0.89800 tp: 0.88200
0	05:02:28.156	'27133394': order #74165068 sell 0.04 NZDCAD at 0.89323 was modified -> sl: 0.89800 tp: 0.88200
0	05:04:56.845	'27133394': order buy market 0.03 GBPNZD sl: 0.00000 tp: 0.00000
0	05:04:57.268	'27133394': order was opened : #74165104 buy 0.03 GBPNZD at 1.93314 sl: 0.00000 tp: 0.00000
0	05:05:40.929	'27133394': modify order #74165104 buy 0.03 GBPNZD at 1.93314 sl: 0.00000 tp: 0.00000 -> sl: 1.92850 tp: 1.94700
0	05:05:41.202	'27133394': order #74165104 buy 0.03 GBPNZD at 1.93314 was modified -> sl: 1.92850 tp: 1.94700
0	05:25:40.977	'27133394': order #74165104 buy 0.03 GBPNZD at 1.93314 closed due stop-loss at price 1.92848
0	05:31:25.230	'27133394': order buy market 0.03 GBPNZD sl: 0.00000 tp: 0.00000
0	05:31:26.928	'27133394': order was opened : #74165354 buy 0.03 GBPNZD at 1.92989 sl: 0.00000 tp: 0.00000
0	05:31:40.321	'27133394': modify order #74165354 buy 0.03 GBPNZD at 1.92989 sl: 0.00000 tp: 0.00000 -> sl: 1.92748 tp: 0.00000
0	05:31:40.588	'27133394': order #74165354 buy 0.03 GBPNZD at 1.92989 was modified -> sl: 1.92748 tp: 0.00000
0	06:00:09.658	'27133394': order #74165354 buy 0.03 GBPNZD at 1.92989 closed due stop-loss at price 1.92748
0	06:11:39.543	'27133394': order #74165068 sell 0.04 NZDCAD at 0.89323 closed due stop-loss at price 0.89819
0	06:14:59.113	'27133394': order sell market 0.04 NZDCAD sl: 0.00000 tp: 0.00000
0	06:14:59.559	'27133394': order was opened : #74165805 sell 0.04 NZDCAD at 0.89727 sl: 0.00000 tp: 0.00000
0	06:15:10.494	'27133394': modify order #74165805 sell 0.04 NZDCAD at 0.89727 sl: 0.00000 tp: 0.00000 -> sl: 0.89824 tp: 0.00000
0	06:15:10.763	'27133394': order #74165805 sell 0.04 NZDCAD at 0.89727 was modified -> sl: 0.89824 tp: 0.00000
0	06:15:36.067	'27133394': order buy market 0.03 GBPNZD sl: 0.00000 tp: 0.00000
0	06:15:36.450	'27133394': order was opened : #74165811 buy 0.03 GBPNZD at 1.92638 sl: 0.00000 tp: 0.00000
0	06:15:45.148	'27133394': modify order #74165811 buy 0.03 GBPNZD at 1.92638 sl: 0.00000 tp: 0.00000 -> sl: 1.92367 tp: 0.00000
0	06:15:45.748	'27133394': order #74165811 buy 0.03 GBPNZD at 1.92638 was modified -> sl: 1.92367 tp: 0.00000
0	06:15:56.282	'27133394': modify order #74165805 sell 0.04 NZDCAD at 0.89727 sl: 0.89824 tp: 0.00000 -> sl: 0.89840 tp: 0.00000
0	06:15:56.559	'27133394': order #74165805 sell 0.04 NZDCAD at 0.89727 was modified -> sl: 0.89840 tp: 0.00000
0	06:18:04.870	'27133394': order #74165805 sell 0.04 NZDCAD at 0.89727 closed due stop-loss at price 0.89842
0	06:18:40.729	'27133394': order #74165811 buy 0.03 GBPNZD at 1.92638 closed due stop-loss at price 1.92367
0	07:13:04.109	'27133394': modify order #74144247 sell 0.05 GBPAUD at 1.81753 sl: 1.82470 tp: 1.79250 -> sl: 1.81741 tp: 1.79250
0	07:13:04.415	'27133394': order #74144247 sell 0.05 GBPAUD at 1.81753 was modified -> sl: 1.81741 tp: 1.79250
0	08:09:25.999	'27133394': modify order #74144247 sell 0.05 GBPAUD at 1.81753 sl: 1.81741 tp: 1.79250 -> sl: 1.81549 tp: 1.79250
0	08:09:26.696	'27133394': order #74144247 sell 0.05 GBPAUD at 1.81753 was modified -> sl: 1.81549 tp: 1.79250
0	08:12:05.523	'27133394': close order #74145526 buy 0.40 [DAX30] at 13198.29 sl: 13085.99 tp: 13579.00 at price 0.00
0	08:12:06.255	'27133394': order #74145526 buy 0.40 [DAX30] at 13198.29 sl: 13085.99 tp: 13579.00 closed at price 13151.40
0	08:39:55.045	'27133394': order #74144247 sell 0.05 GBPAUD at 1.81753 closed due stop-loss at price 1.81543
1	08:47:28.349	'27133394': datacenter connecting failed [6]
0	08:47:29.367	'27133394': login on AdmiralMarkets-Live through Access Point #3 (ping: 228.28 ms)
0	08:47:33.790	'27133394': login datacenter on AdmiralMarkets-Live through Access Point #3 (ping: 228.28 ms)
0	08:47:34.507	'27133394': previous successful authorization performed from 154.126.9.146
0	08:47:58.490	'27133394': auto connecting to a better access point Access Point #4 (ping is 209.68 ms)
0	08:47:59.280	'27133394': login on AdmiralMarkets-Live through Access Point #4 (ping: 209.68 ms)
0	08:48:04.001	'27133394': login datacenter on AdmiralMarkets-Live through Access Point #4 (ping: 209.68 ms)
0	08:48:04.572	'27133394': previous successful authorization performed from 197.149.21.166
0	09:40:52.534	'27133394': order buy market 0.40 [DJI30] sl: 0.00 tp: 0.00
0	09:40:53.213	'27133394': order was opened : #74167982 buy 0.40 [DJI30] at 29549.96 sl: 0.00 tp: 0.00
0	09:41:09.889	'27133394': modify order #74167982 buy 0.40 [DJI30] at 29549.96 sl: 0.00 tp: 0.00 -> sl: 29305.58 tp: 0.00
0	09:41:10.464	'27133394': order #74167982 buy 0.40 [DJI30] at 29549.96 was modified -> sl: 29305.58 tp: 0.00
0	09:41:19.843	'27133394': modify order #74167982 buy 0.40 [DJI30] at 29549.96 sl: 29305.58 tp: 0.00 -> sl: 29311.93 tp: 0.00
0	09:41:21.074	'27133394': order #74167982 buy 0.40 [DJI30] at 29549.96 was modified -> sl: 29311.93 tp: 0.00
0	09:42:03.233	'27133394': modify order #74167982 buy 0.40 [DJI30] at 29549.96 sl: 29311.93 tp: 0.00 -> sl: 29311.93 tp: 29975.00
0	09:42:03.764	'27133394': order #74167982 buy 0.40 [DJI30] at 29549.96 was modified -> sl: 29311.93 tp: 29975.00
0	09:48:29.968	'27133394': close order #74167982 buy 0.40 [DJI30] at 29549.96 sl: 29311.93 tp: 29975.00 at price 0.00
0	09:48:30.520	'27133394': order #74167982 buy 0.40 [DJI30] at 29549.96 sl: 29311.93 tp: 29975.00 closed at price 29537.96
0	10:42:33.892	'27133394': order sell market 0.50 [DAX30] sl: 0.00 tp: 0.00
0	10:42:34.465	'27133394': order was opened : #74170613 sell 0.50 [DAX30] at 13192.99 sl: 0.00 tp: 0.00
0	10:42:41.608	'27133394': modify order #74170613 sell 0.50 [DAX30] at 13192.99 sl: 0.00 tp: 0.00 -> sl: 13207.19 tp: 0.00
0	10:42:41.896	'27133394': order #74170613 sell 0.50 [DAX30] at 13192.99 was modified -> sl: 13207.19 tp: 0.00
0	10:42:58.529	'27133394': modify order #74170613 sell 0.50 [DAX30] at 13192.99 sl: 13207.19 tp: 0.00 -> sl: 13208.09 tp: 0.00
0	10:42:58.896	'27133394': order #74170613 sell 0.50 [DAX30] at 13192.99 was modified -> sl: 13208.09 tp: 0.00
0	10:43:14.537	'27133394': modify order #74170613 sell 0.50 [DAX30] at 13192.99 sl: 13208.09 tp: 0.00 -> sl: 13210.48 tp: 0.00
0	10:43:14.861	'27133394': order #74170613 sell 0.50 [DAX30] at 13192.99 was modified -> sl: 13210.48 tp: 0.00
0	10:46:54.310	'27133394': modify order #74170613 sell 0.50 [DAX30] at 13192.99 sl: 13210.48 tp: 0.00 -> sl: 13200.61 tp: 0.00
0	10:46:54.595	'27133394': order #74170613 sell 0.50 [DAX30] at 13192.99 was modified -> sl: 13200.61 tp: 0.00
0	10:49:57.514	'27133394': modify order #74170613 sell 0.50 [DAX30] at 13192.99 sl: 13200.61 tp: 0.00 -> sl: 13194.33 tp: 0.00
0	10:49:57.835	'27133394': order #74170613 sell 0.50 [DAX30] at 13192.99 was modified -> sl: 13194.33 tp: 0.00
0	10:53:10.698	'27133394': modify order #74170613 sell 0.50 [DAX30] at 13192.99 sl: 13194.33 tp: 0.00 -> sl: 13192.24 tp: 0.00
0	10:53:11.042	'27133394': order #74170613 sell 0.50 [DAX30] at 13192.99 was modified -> sl: 13192.24 tp: 0.00
0	10:53:30.910	'27133394': order #74170613 sell 0.50 [DAX30] at 13192.99 closed due stop-loss at price 13192.34
0	10:59:28.714	'27133394': order buy market 0.50 [DAX30] sl: 0.00 tp: 0.00
0	10:59:29.293	'27133394': order was opened : #74171597 buy 0.50 [DAX30] at 13192.30 sl: 0.00 tp: 0.00
0	11:00:26.282	'27133394': modify order #74171597 buy 0.50 [DAX30] at 13192.30 sl: 0.00 tp: 0.00 -> sl: 13176.08 tp: 0.00
0	11:00:26.593	'27133394': order #74171597 buy 0.50 [DAX30] at 13192.30 was modified -> sl: 13176.08 tp: 0.00
0	11:00:43.158	'27133394': modify order #74171597 buy 0.50 [DAX30] at 13192.30 sl: 13176.08 tp: 0.00 -> sl: 13193.43 tp: 0.00
0	11:00:43.586	'27133394': order #74171597 buy 0.50 [DAX30] at 13192.30 was modified -> sl: 13193.43 tp: 0.00
0	11:02:15.244	'27133394': modify order #74171597 buy 0.50 [DAX30] at 13192.30 sl: 13193.43 tp: 0.00 -> sl: 13203.30 tp: 0.00
0	11:02:15.962	'27133394': order #74171597 buy 0.50 [DAX30] at 13192.30 was modified -> sl: 13203.30 tp: 0.00
0	11:02:18.750	'27133394': order #74171597 buy 0.50 [DAX30] at 13192.30 closed due stop-loss at price 13203.25
0	11:02:37.928	'27133394': order buy market 0.50 [DAX30] sl: 0.00 tp: 0.00
0	11:02:39.307	'27133394': order was opened : #74172078 buy 0.50 [DAX30] at 13204.05 sl: 0.00 tp: 0.00
0	11:03:24.109	'27133394': modify order #74172078 buy 0.50 [DAX30] at 13204.05 sl: 0.00 tp: 0.00 -> sl: 13203.30 tp: 0.00
0	11:03:24.431	'27133394': order #74172078 buy 0.50 [DAX30] at 13204.05 was modified -> sl: 13203.30 tp: 0.00
0	11:03:27.500	'27133394': modify order #74172078 buy 0.50 [DAX30] at 13204.05 sl: 13203.30 tp: 0.00 -> sl: 13205.70 tp: 0.00
0	11:03:27.809	'27133394': order #74172078 buy 0.50 [DAX30] at 13204.05 was modified -> sl: 13205.70 tp: 0.00
0	11:03:42.894	'27133394': modify order #74172078 buy 0.50 [DAX30] at 13204.05 sl: 13205.70 tp: 0.00 -> sl: 13214.97 tp: 0.00
0	11:03:43.227	'27133394': order #74172078 buy 0.50 [DAX30] at 13204.05 was modified -> sl: 13214.97 tp: 0.00
0	11:03:48.890	'27133394': modify order #74172078 buy 0.50 [DAX30] at 13204.05 sl: 13214.97 tp: 0.00 -> sl: 13217.66 tp: 0.00
0	11:03:49.211	'27133394': order #74172078 buy 0.50 [DAX30] at 13204.05 was modified -> sl: 13217.66 tp: 0.00
0	11:03:55.546	'27133394': order #74172078 buy 0.50 [DAX30] at 13204.05 closed due stop-loss at price 13216.26
0	11:04:12.367	'27133394': order buy market 0.50 [DAX30] sl: 0.00 tp: 0.00
0	11:04:12.980	'27133394': order was opened : #74172281 buy 0.50 [DAX30] at 13214.30 sl: 0.00 tp: 0.00
0	11:04:36.835	'27133394': modify order #74172281 buy 0.50 [DAX30] at 13214.30 sl: 0.00 tp: 0.00 -> sl: 13213.47 tp: 0.00
0	11:04:37.125	'27133394': order #74172281 buy 0.50 [DAX30] at 13214.30 was modified -> sl: 13213.47 tp: 0.00
0	11:04:44.757	'27133394': order #74172281 buy 0.50 [DAX30] at 13214.30 closed due stop-loss at price 13212.50
1	12:06:51.503	'27133394': datacenter connecting failed [6]
1	12:06:52.204	'27133394': connect failed [Connection échouée]
0	12:18:47.493	'27133394': login on AdmiralMarkets-Live through Access Point #4 (ping: 209.68 ms)
0	12:18:50.169	'27133394': login datacenter on AdmiralMarkets-Live through Access Point #4 (ping: 209.68 ms)
0	12:18:50.792	'27133394': previous successful authorization performed from 154.126.33.56
0	12:19:08.753	'27133394': auto connecting to a better access point Access Point #5 (ping is 206.74 ms)
1	12:19:08.800	'27133394': connect failed [Connection échouée]
0	12:19:15.591	'27133394': login on AdmiralMarkets-Live through Access Point #5 (ping: 206.74 ms)
0	12:19:18.056	'27133394': login datacenter on AdmiralMarkets-Live through Access Point #5 (ping: 206.74 ms)
0	12:19:18.593	'27133394': previous successful authorization performed from 154.126.33.56
2	12:37:56.164	Custom indicator AIMS Levels V2 NZDUSD,H1: loaded successfully
2	12:37:56.435	Custom indicator AIMS Entry Alert V1 NZDUSD,H1: loaded successfully
2	12:37:56.614	Custom indicator CandleTimer NZDUSD,H1: loaded successfully
2	12:37:56.814	Custom indicator #Signal_Bars_v6 NZDUSD,H1: loaded successfully
2	12:37:56.883	Custom indicator TrendEnvelopes_v1 NZDUSD,H1: loaded successfully
2	12:37:56.927	Custom indicator guppy_multiple_moving_averages NZDUSD,H1: loaded successfully
2	12:37:56.966	Custom indicator wedges NZDUSD,H1: loaded successfully
2	12:37:57.039	Custom indicator Admiral Pivot NZDUSD,H1: loaded successfully
2	12:37:57.061	Custom indicator AutoTrendChannel NZDUSD,H1: loaded successfully
2	12:37:57.114	Custom indicator FRZ Channel Auto Plotter NZDUSD,H1: loaded successfully
2	12:37:57.155	Custom indicator FRZ News Indicator MT4 NZDUSD,H1: loaded successfully
2	12:37:57.175	Custom indicator Forex Uranus direction NZDUSD,H1: loaded successfully
2	12:37:57.285	Custom indicator AIMS AO V.2.1 NZDUSD,H1: loaded successfully
2	12:37:57.301	Custom indicator IVT_MACD_ZERO_LAG NZDUSD,H1: loaded successfully
2	12:37:57.317	Custom indicator RSI Divergence Levels NZDUSD,H1: loaded successfully
2	12:37:57.355	Custom indicator JoeChalhoub_FXForecasterV1 NZDUSD,H1: loaded successfully
2	12:37:57.373	Custom indicator TDI-With_Alerts NZDUSD,H1: loaded successfully
2	12:37:57.419	Custom indicator FRZ Forex Market Session Indicator NZDUSD,H1: loaded successfully
0	12:38:38.264	'27133394': order sell market 0.06 NZDUSD sl: 0.00000 tp: 0.00000
0	12:38:38.676	'27133394': order was opened : #74183634 sell 0.06 NZDUSD at 0.68929 sl: 0.00000 tp: 0.00000
0	12:39:11.705	'27133394': modify order #74183634 sell 0.06 NZDUSD at 0.68929 sl: 0.00000 tp: 0.00000 -> sl: 0.69610 tp: 0.67500
0	12:39:12.054	'27133394': order #74183634 sell 0.06 NZDUSD at 0.68929 was modified -> sl: 0.69610 tp: 0.67500
0	12:39:46.754	'27133394': modify order #74183634 sell 0.06 NZDUSD at 0.68929 sl: 0.69610 tp: 0.67500 -> sl: 0.69610 tp: 0.67508
0	12:39:47.128	'27133394': order #74183634 sell 0.06 NZDUSD at 0.68929 was modified -> sl: 0.69610 tp: 0.67508
2	12:43:17.266	Custom indicator AIMS Levels V2 EURGBP,H1: loaded successfully
2	12:43:17.347	Custom indicator AIMS Entry Alert V1 EURGBP,H1: loaded successfully
2	12:43:17.355	Custom indicator CandleTimer EURGBP,H1: loaded successfully
2	12:43:17.446	Custom indicator #Signal_Bars_v6 EURGBP,H1: loaded successfully
2	12:43:17.456	Custom indicator TrendEnvelopes_v1 EURGBP,H1: loaded successfully
2	12:43:17.465	Custom indicator guppy_multiple_moving_averages EURGBP,H1: loaded successfully
2	12:43:17.475	Custom indicator wedges EURGBP,H1: loaded successfully
2	12:43:17.485	Custom indicator Admiral Pivot EURGBP,H1: loaded successfully
2	12:43:17.495	Custom indicator AutoTrendChannel EURGBP,H1: loaded successfully
2	12:43:17.505	Custom indicator FRZ Channel Auto Plotter EURGBP,H1: loaded successfully
2	12:43:17.516	Custom indicator FRZ News Indicator MT4 EURGBP,H1: loaded successfully
2	12:43:17.527	Custom indicator Forex Uranus direction EURGBP,H1: loaded successfully
2	12:43:17.610	Custom indicator AIMS AO V.2.1 EURGBP,H1: loaded successfully
2	12:43:17.619	Custom indicator IVT_MACD_ZERO_LAG EURGBP,H1: loaded successfully
2	12:43:17.629	Custom indicator RSI Divergence Levels EURGBP,H1: loaded successfully
2	12:43:17.642	Custom indicator JoeChalhoub_FXForecasterV1 EURGBP,H1: loaded successfully
2	12:43:17.748	Custom indicator TDI-With_Alerts EURGBP,H1: loaded successfully
2	12:43:17.772	Custom indicator FRZ Forex Market Session Indicator EURGBP,H1: loaded successfully
0	12:50:17.761	'27133394': order sell market 0.06 EURGBP sl: 0.00000 tp: 0.00000
0	12:50:18.228	'27133394': order was opened : #74185528 sell 0.06 EURGBP at 0.88861 sl: 0.00000 tp: 0.00000
0	12:51:13.756	'27133394': modify order #74185528 sell 0.06 EURGBP at 0.88861 sl: 0.00000 tp: 0.00000 -> sl: 0.89400 tp: 0.87400
0	12:52:07.584	'27133394': order #74185528 sell 0.06 EURGBP at 0.88861 was modified -> sl: 0.89400 tp: 0.87400
2	13:00:57.595	Expert Admiral - Mini Terminal [DAX30],M1: removed
2	13:00:57.647	Custom indicator AIMS Levels V2 [DAX30],M1: removed
2	13:00:57.658	Custom indicator AIMS Entry Alert V1 [DAX30],M1: removed
2	13:00:57.662	Custom indicator CandleTimer [DAX30],M1: removed
2	13:00:57.662	Custom indicator #Signal_Bars_v6 [DAX30],M1: removed
2	13:00:57.724	Custom indicator TrendEnvelopes_v1 [DAX30],M1: removed
2	13:00:57.746	Custom indicator guppy_multiple_moving_averages [DAX30],M1: removed
2	13:00:57.752	Custom indicator wedges [DAX30],M1: removed
2	13:00:57.759	Custom indicator Admiral Pivot [DAX30],M1: removed
2	13:00:57.764	Custom indicator AutoTrendChannel [DAX30],M1: removed
2	13:00:57.805	Custom indicator FRZ Channel Auto Plotter [DAX30],M1: removed
2	13:00:57.811	Custom indicator FRZ News Indicator MT4 [DAX30],M1: removed
2	13:00:57.815	Custom indicator Forex Uranus direction [DAX30],M1: removed
2	13:00:57.899	Custom indicator AIMS AO V.2.1 [DAX30],M1: removed
2	13:00:57.958	Custom indicator IVT_MACD_ZERO_LAG [DAX30],M1: removed
2	13:00:57.972	Custom indicator RSI Divergence Levels [DAX30],M1: removed
2	13:00:57.987	Custom indicator JoeChalhoub_FXForecasterV1 [DAX30],M1: removed
2	13:00:57.994	Custom indicator TDI-With_Alerts [DAX30],M1: removed
2	13:00:57.999	Custom indicator FRZ Forex Market Session Indicator [DAX30],M1: removed
2	13:00:58.210	Custom indicator AIMS Levels V2 [DAX30],M1: loaded successfully
2	13:00:58.297	Custom indicator AIMS Entry Alert V1 [DAX30],M1: loaded successfully
2	13:00:58.306	Custom indicator CandleTimer [DAX30],M1: loaded successfully
2	13:00:58.388	Custom indicator #Signal_Bars_v6 [DAX30],M1: loaded successfully
2	13:00:58.497	Custom indicator TrendEnvelopes_v1 [DAX30],M1: loaded successfully
2	13:00:58.528	Custom indicator guppy_multiple_moving_averages [DAX30],M1: loaded successfully
2	13:00:58.560	Custom indicator wedges [DAX30],M1: loaded successfully
2	13:00:58.674	Custom indicator Admiral Pivot [DAX30],M1: loaded successfully
2	13:00:58.717	Custom indicator AutoTrendChannel [DAX30],M1: loaded successfully
2	13:00:58.742	Custom indicator FRZ Channel Auto Plotter [DAX30],M1: loaded successfully
2	13:00:58.762	Custom indicator FRZ News Indicator MT4 [DAX30],M1: loaded successfully
2	13:00:58.779	Custom indicator Forex Uranus direction [DAX30],M1: loaded successfully
2	13:00:58.898	Custom indicator AIMS AO V.2.1 [DAX30],M1: loaded successfully
2	13:00:58.908	Custom indicator IVT_MACD_ZERO_LAG [DAX30],M1: loaded successfully
2	13:00:58.921	Custom indicator RSI Divergence Levels [DAX30],M1: loaded successfully
2	13:00:58.937	Custom indicator JoeChalhoub_FXForecasterV1 [DAX30],M1: loaded successfully
2	13:00:59.064	Custom indicator TDI-With_Alerts [DAX30],M1: loaded successfully
2	13:00:59.099	Custom indicator FRZ Forex Market Session Indicator [DAX30],M1: loaded successfully
0	13:02:34.762	'27133394': order buy market 0.70 [DAX30] sl: 0.00 tp: 0.00
0	13:02:35.862	'27133394': order was opened : #74186282 buy 0.70 [DAX30] at 13227.44 sl: 0.00 tp: 0.00
0	13:02:44.873	'27133394': modify order #74186282 buy 0.70 [DAX30] at 13227.44 sl: 0.00 tp: 0.00 -> sl: 13210.67 tp: 0.00
0	13:02:46.807	'27133394': order #74186282 buy 0.70 [DAX30] at 13227.44 was modified -> sl: 13210.67 tp: 0.00
0	13:04:58.180	'27133394': modify order #74186282 buy 0.70 [DAX30] at 13227.44 sl: 13210.67 tp: 0.00 -> sl: 13205.01 tp: 0.00
0	13:04:58.476	'27133394': order #74186282 buy 0.70 [DAX30] at 13227.44 was modified -> sl: 13205.01 tp: 0.00
0	13:11:34.103	'27133394': order #74186282 buy 0.70 [DAX30] at 13227.44 closed due stop-loss at price 13204.54
0	13:13:19.888	'27133394': order sell market 0.50 [DAX30] sl: 0.00 tp: 0.00
0	13:13:20.492	'27133394': order was opened : #74186876 sell 0.50 [DAX30] at 13200.40 sl: 0.00 tp: 0.00
0	13:13:31.099	'27133394': modify order #74186876 sell 0.50 [DAX30] at 13200.40 sl: 0.00 tp: 0.00 -> sl: 13219.61 tp: 0.00
0	13:13:31.409	'27133394': order #74186876 sell 0.50 [DAX30] at 13200.40 was modified -> sl: 13219.61 tp: 0.00
0	13:15:47.272	'27133394': order #74186876 sell 0.50 [DAX30] at 13200.40 closed due stop-loss at price 13220.03
2	13:17:28.110	Expert Admiral - Mini Terminal [DAX30],H4: loaded successfully
2	13:18:33.677	Expert Admiral - Mini Terminal [DAX30],H4: removed
2	13:18:33.679	Custom indicator AIMS Levels V2 [DAX30],H4: removed
2	13:18:33.679	Custom indicator AIMS Entry Alert V1 [DAX30],H4: removed
2	13:18:33.680	Custom indicator CandleTimer [DAX30],H4: removed
2	13:18:33.681	Custom indicator #Signal_Bars_v6 [DAX30],H4: removed
2	13:18:33.683	Custom indicator TrendEnvelopes_v1 [DAX30],H4: removed
2	13:18:33.686	Custom indicator guppy_multiple_moving_averages [DAX30],H4: removed
2	13:18:33.690	Custom indicator wedges [DAX30],H4: removed
2	13:18:33.693	Custom indicator Admiral Pivot [DAX30],H4: removed
2	13:18:33.696	Custom indicator AutoTrendChannel [DAX30],H4: removed
2	13:18:33.699	Custom indicator FRZ Channel Auto Plotter [DAX30],H4: removed
2	13:18:33.701	Custom indicator FRZ News Indicator MT4 [DAX30],H4: removed
2	13:18:33.704	Custom indicator Forex Uranus direction [DAX30],H4: removed
2	13:18:33.704	Custom indicator AIMS AO V.2.1 [DAX30],H4: removed
2	13:18:33.709	Custom indicator IVT_MACD_ZERO_LAG [DAX30],H4: removed
2	13:18:33.712	Custom indicator RSI Divergence Levels [DAX30],H4: removed
2	13:18:33.715	Custom indicator JoeChalhoub_FXForecasterV1 [DAX30],H4: removed
2	13:18:33.720	Custom indicator TDI-With_Alerts [DAX30],H4: removed
2	13:18:33.724	Custom indicator FRZ Forex Market Session Indicator [DAX30],H4: removed
2	13:18:33.904	Custom indicator AIMS Levels V2 [DAX30],H4: loaded successfully
2	13:18:34.024	Custom indicator AIMS Entry Alert V1 [DAX30],H4: loaded successfully
2	13:18:34.041	Custom indicator CandleTimer [DAX30],H4: loaded successfully
2	13:18:34.135	Custom indicator #Signal_Bars_v6 [DAX30],H4: loaded successfully
2	13:18:34.146	Custom indicator TrendEnvelopes_v1 [DAX30],H4: loaded successfully
2	13:18:34.156	Custom indicator guppy_multiple_moving_averages [DAX30],H4: loaded successfully
2	13:18:34.168	Custom indicator wedges [DAX30],H4: loaded successfully
2	13:18:34.182	Custom indicator Admiral Pivot [DAX30],H4: loaded successfully
2	13:18:34.197	Custom indicator AutoTrendChannel [DAX30],H4: loaded successfully
2	13:18:34.213	Custom indicator FRZ Channel Auto Plotter [DAX30],H4: loaded successfully
2	13:18:34.238	Custom indicator FRZ News Indicator MT4 [DAX30],H4: loaded successfully
2	13:18:34.254	Custom indicator Forex Uranus direction [DAX30],H4: loaded successfully
2	13:18:34.384	Custom indicator AIMS AO V.2.1 [DAX30],H4: loaded successfully
2	13:18:34.404	Custom indicator IVT_MACD_ZERO_LAG [DAX30],H4: loaded successfully
2	13:18:34.417	Custom indicator RSI Divergence Levels [DAX30],H4: loaded successfully
2	13:18:34.432	Custom indicator JoeChalhoub_FXForecasterV1 [DAX30],H4: loaded successfully
2	13:18:34.446	Custom indicator TDI-With_Alerts [DAX30],H4: loaded successfully
2	13:18:34.458	Custom indicator FRZ Forex Market Session Indicator [DAX30],H4: loaded successfully
2	13:19:36.868	Expert Admiral - Mini Terminal [DAX30],H4: loaded successfully
1	13:28:21.848	'27133394': ping failed
1	13:28:21.849	'27133394': datacenter connecting failed [6]
1	13:29:26.646	'27133394': connect failed [Connection échouée]
0	13:30:59.633	'27133394': login on AdmiralMarkets-Live through Access Point #8 (ping: n/a)
0	13:31:09.261	'27133394': login datacenter on AdmiralMarkets-Live through Access Point #8 (ping: n/a)
0	13:31:10.557	'27133394': previous successful authorization performed from 154.126.33.56
0	13:31:30.306	'27133394': auto connecting to a better access point Access Point #5 (ping is 203.88 ms)
0	13:31:31.211	'27133394': login on AdmiralMarkets-Live through Access Point #5 (ping: 203.88 ms)
0	13:31:53.054	'27133394': login datacenter on AdmiralMarkets-Live through Access Point #5 (ping: 203.88 ms)
0	13:31:53.872	'27133394': previous successful authorization performed from 154.126.33.56
0	14:06:27.012	'27133394': order sell market 0.20 NZDJPY sl: 0.000 tp: 0.000
0	14:06:27.491	'27133394': order was opened : #74190243 sell 0.20 NZDJPY at 72.631 sl: 0.000 tp: 0.000
1	14:45:42.520	'27133394': ping failed
1	14:45:42.535	'27133394': datacenter connecting failed [6]
0	14:45:43.423	'27133394': login on AdmiralMarkets-Live through Access Point #6 (ping: 228.09 ms)
0	14:45:46.436	'27133394': login datacenter on AdmiralMarkets-Live through Access Point #6 (ping: 228.09 ms)
0	14:45:47.316	'27133394': previous successful authorization performed from 154.126.33.56
0	14:46:10.589	'27133394': ping to current access point Access Point #6 is 244.99 ms
0	14:47:41.782	'27133394': close order #74185528 sell 0.06 EURGBP at 0.88861 sl: 0.89400 tp: 0.87400 at price 0.00000
0	14:47:42.180	'27133394': order #74185528 sell 0.06 EURGBP at 0.88861 sl: 0.89400 tp: 0.87400 closed at price 0.88690
1	15:06:30.415	'27133394': datacenter connecting failed [6]
0	15:06:31.284	'27133394': login on AdmiralMarkets-Live through Access Point #3 (ping: 249.71 ms)
0	15:06:52.669	'27133394': login datacenter on AdmiralMarkets-Live through Access Point #3 (ping: 249.71 ms)
0	15:07:10.989	'27133394': previous successful authorization performed from 154.126.33.56
0	15:45:32.371	'27133394': order sell market 0.50 [DAX30] sl: 0.00 tp: 0.00
0	15:45:33.007	'27133394': order was opened : #74197380 sell 0.50 [DAX30] at 13224.43 sl: 0.00 tp: 0.00
0	15:48:33.154	'27133394': modify order #74197380 sell 0.50 [DAX30] at 13224.43 sl: 0.00 tp: 0.00 -> sl: 13235.07 tp: 0.00
0	15:48:33.495	'27133394': order #74197380 sell 0.50 [DAX30] at 13224.43 was modified -> sl: 13235.07 tp: 0.00
0	16:04:46.682	'27133394': order #74197380 sell 0.50 [DAX30] at 13224.43 closed due stop-loss at price 13235.08
