1	11:44:05.678	MQL5.community: authorization failed
1	11:49:11.628	MQL5.community: authorization failed
1	11:54:09.661	MQL5.community: authorization failed
1	11:59:10.679	MQL5.community: authorization failed
1	12:04:10.664	MQL5.community: authorization failed
0	12:04:51.416	'27123197': login on AdmiralMarkets-Live through Access Point #1 (ping: n/a)
0	12:04:54.004	'27123197': login datacenter on AdmiralMarkets-Live through Access Point #1 (ping: n/a)
0	12:04:54.784	'27123197': previous successful authorization performed from 154.126.9.163
0	12:05:17.184	'27123197': ping to current access point Access Point #1 is 256.76 ms
2	12:05:32.700	Custom indicator MBFX Timing GBPCAD,M30: removed
2	12:05:32.818	Custom indicator MBFX Timing GBPCAD,H1: loaded successfully
0	12:09:01.547	'27123197': order buy market 0.10 EURJPY sl: 0.000 tp: 0.000
0	12:09:02.626	'27123197': order was opened : #65308161 buy 0.10 EURJPY at 115.737 sl: 0.000 tp: 0.000
0	12:10:10.926	'27123197': modify order #65308161 buy 0.10 EURJPY at 115.737 sl: 0.000 tp: 0.000 -> sl: 115.487 tp: 116.058
0	12:10:11.265	'27123197': order #65308161 buy 0.10 EURJPY at 115.737 was modified -> sl: 115.487 tp: 116.058
2	12:14:40.955	Custom indicator MBFX Timing [DJI30],M15: removed
2	12:14:40.960	Custom indicator MBFX Timing [DAX30],M15: removed
2	12:14:41.032	Custom indicator MBFX Timing [NQ100],M15: removed
2	12:14:41.036	Custom indicator MBFX Timing AUDJPY,M15: removed
2	12:14:41.040	Custom indicator MBFX Timing WTI,H1: removed
2	12:14:41.044	Custom indicator MBFX Timing AUDCAD,M15: removed
2	12:14:41.047	Custom indicator MBFX Timing CADCHF,M15: removed
2	12:14:41.051	Custom indicator MBFX Timing EURGBP,M15: removed
2	12:14:41.055	Custom indicator MBFX Timing EURAUD,M15: removed
2	12:14:41.058	Custom indicator MBFX Timing CADJPY,M30: removed
2	12:14:41.062	Custom indicator MBFX Timing USDCHF,M15: removed
2	12:14:41.065	Custom indicator MBFX Timing AUDCHF,H1: removed
2	12:14:41.068	Custom indicator MBFX Timing GBPCAD,H1: removed
2	12:14:41.071	Custom indicator MBFX Timing EURJPY,M30: removed
2	12:14:41.074	Custom indicator MBFX Timing EURAUD,M15: removed
2	12:14:41.077	Custom indicator MBFX Timing AUDJPY,M15: removed
2	12:14:41.083	Custom indicator MBFX Timing GBPCAD,H1: removed
2	12:14:41.087	Custom indicator MBFX Timing GBPUSD,H4: removed
2	12:14:41.091	Custom indicator MBFX Timing EURNZD,H1: removed
2	12:14:41.094	Custom indicator MBFX Timing EURJPY,M15: removed
2	12:14:41.099	Custom indicator MBFX Timing AUDCHF,H1: removed
2	12:14:41.102	Custom indicator MBFX Timing NZDUSD,M15: removed
2	12:14:41.105	Custom indicator MBFX Timing USDJPY,H1: removed
2	12:14:41.198	Custom indicator #P4L CandleTime [DJI30],M15: removed
2	12:14:41.201	Custom indicator TURBO PLUS+ [DJI30],M15: removed
2	12:14:41.203	Custom indicator ALERT SIGNAL [DJI30],M15: removed
2	12:14:41.204	Custom indicator TrendTradingCloud [DJI30],M15: removed
2	12:14:41.206	Custom indicator RSI Divergence Levels [DJI30],M15: removed
2	12:14:41.207	Custom indicator MACD_Volumes-2 [DJI30],M15: removed
2	12:14:41.208	Custom indicator CloudSignalLines [DJI30],M15: removed
2	12:14:41.211	Custom indicator #P4L CandleTime [DAX30],M15: removed
2	12:14:41.212	Custom indicator TURBO PLUS+ [DAX30],M15: removed
2	12:14:41.214	Custom indicator ALERT SIGNAL [DAX30],M15: removed
2	12:14:41.216	Custom indicator TrendTradingCloud [DAX30],M15: removed
2	12:14:41.219	Custom indicator RSI Divergence Levels [DAX30],M15: removed
2	12:14:41.221	Custom indicator MACD_Volumes-2 [DAX30],M15: removed
2	12:14:41.222	Custom indicator CloudSignalLines [DAX30],M15: removed
2	12:14:41.237	Expert Acuity Market Alerts [NQ100],M15: removed
2	12:14:41.238	Custom indicator #P4L CandleTime [NQ100],M15: removed
2	12:14:41.239	Custom indicator TURBO PLUS+ [NQ100],M15: removed
2	12:14:41.240	Custom indicator ALERT SIGNAL [NQ100],M15: removed
2	12:14:41.242	Custom indicator TrendTradingCloud [NQ100],M15: removed
2	12:14:41.243	Custom indicator RSI Divergence Levels [NQ100],M15: removed
2	12:14:41.245	Custom indicator MACD_Volumes-2 [NQ100],M15: removed
2	12:14:41.246	Custom indicator CloudSignalLines [NQ100],M15: removed
2	12:14:41.265	Expert Admiral - Connect AUDJPY,M15: removed
2	12:14:43.532	Custom indicator #P4L CandleTime AUDJPY,M15: removed
2	12:14:43.534	Custom indicator TURBO PLUS+ AUDJPY,M15: removed
2	12:14:43.536	Custom indicator ALERT SIGNAL AUDJPY,M15: removed
2	12:14:43.538	Custom indicator TrendTradingCloud AUDJPY,M15: removed
2	12:14:43.540	Custom indicator RSI Divergence Levels AUDJPY,M15: removed
2	12:14:43.542	Custom indicator MACD_Volumes-2 AUDJPY,M15: removed
2	12:14:43.543	Custom indicator CloudSignalLines AUDJPY,M15: removed
2	12:14:43.549	Custom indicator #P4L CandleTime WTI,H1: removed
2	12:14:43.551	Custom indicator TURBO PLUS+ WTI,H1: removed
2	12:14:43.553	Custom indicator ALERT SIGNAL WTI,H1: removed
2	12:14:43.555	Custom indicator TrendTradingCloud WTI,H1: removed
2	12:14:43.557	Custom indicator RSI Divergence Levels WTI,H1: removed
2	12:14:43.559	Custom indicator MACD_Volumes-2 WTI,H1: removed
2	12:14:43.561	Custom indicator CloudSignalLines WTI,H1: removed
2	12:14:43.564	Custom indicator #P4L CandleTime AUDCAD,M15: removed
2	12:14:43.566	Custom indicator TURBO PLUS+ AUDCAD,M15: removed
2	12:14:43.568	Custom indicator ALERT SIGNAL AUDCAD,M15: removed
2	12:14:43.570	Custom indicator TrendTradingCloud AUDCAD,M15: removed
2	12:14:43.572	Custom indicator RSI Divergence Levels AUDCAD,M15: removed
2	12:14:43.573	Custom indicator MACD_Volumes-2 AUDCAD,M15: removed
2	12:14:43.575	Custom indicator CloudSignalLines AUDCAD,M15: removed
2	12:14:43.578	Custom indicator #P4L CandleTime CADCHF,M15: removed
2	12:14:43.580	Custom indicator TURBO PLUS+ CADCHF,M15: removed
2	12:14:43.582	Custom indicator ALERT SIGNAL CADCHF,M15: removed
2	12:14:43.584	Custom indicator TrendTradingCloud CADCHF,M15: removed
2	12:14:43.585	Custom indicator RSI Divergence Levels CADCHF,M15: removed
2	12:14:43.587	Custom indicator MACD_Volumes-2 CADCHF,M15: removed
2	12:14:43.589	Custom indicator CloudSignalLines CADCHF,M15: removed
2	12:14:43.592	Custom indicator #P4L CandleTime EURGBP,M15: removed
2	12:14:43.594	Custom indicator TURBO PLUS+ EURGBP,M15: removed
2	12:14:43.595	Custom indicator ALERT SIGNAL EURGBP,M15: removed
2	12:14:43.597	Custom indicator TrendTradingCloud EURGBP,M15: removed
2	12:14:43.599	Custom indicator RSI Divergence Levels EURGBP,M15: removed
2	12:14:43.601	Custom indicator MACD_Volumes-2 EURGBP,M15: removed
2	12:14:43.603	Custom indicator CloudSignalLines EURGBP,M15: removed
2	12:14:43.606	Custom indicator #P4L CandleTime EURAUD,M15: removed
2	12:14:43.608	Custom indicator TURBO PLUS+ EURAUD,M15: removed
2	12:14:43.610	Custom indicator ALERT SIGNAL EURAUD,M15: removed
2	12:14:43.611	Custom indicator TrendTradingCloud EURAUD,M15: removed
2	12:14:43.614	Custom indicator RSI Divergence Levels EURAUD,M15: removed
2	12:14:43.616	Custom indicator MACD_Volumes-2 EURAUD,M15: removed
2	12:14:43.618	Custom indicator CloudSignalLines EURAUD,M15: removed
2	12:14:43.621	Custom indicator #P4L CandleTime CADJPY,M30: removed
2	12:14:43.623	Custom indicator TURBO PLUS+ CADJPY,M30: removed
2	12:14:43.624	Custom indicator ALERT SIGNAL CADJPY,M30: removed
2	12:14:43.626	Custom indicator TrendTradingCloud CADJPY,M30: removed
2	12:14:43.628	Custom indicator RSI Divergence Levels CADJPY,M30: removed
2	12:14:43.630	Custom indicator MACD_Volumes-2 CADJPY,M30: removed
2	12:14:43.632	Custom indicator CloudSignalLines CADJPY,M30: removed
2	12:14:43.635	Custom indicator #P4L CandleTime USDCHF,M15: removed
2	12:14:43.637	Custom indicator TURBO PLUS+ USDCHF,M15: removed
2	12:14:43.639	Custom indicator ALERT SIGNAL USDCHF,M15: removed
2	12:14:43.641	Custom indicator TrendTradingCloud USDCHF,M15: removed
2	12:14:43.642	Custom indicator RSI Divergence Levels USDCHF,M15: removed
2	12:14:43.644	Custom indicator MACD_Volumes-2 USDCHF,M15: removed
2	12:14:43.646	Custom indicator CloudSignalLines USDCHF,M15: removed
2	12:14:43.649	Custom indicator #P4L CandleTime AUDCHF,H1: removed
2	12:14:43.650	Custom indicator TURBO PLUS+ AUDCHF,H1: removed
2	12:14:43.652	Custom indicator ALERT SIGNAL AUDCHF,H1: removed
2	12:14:43.654	Custom indicator TrendTradingCloud AUDCHF,H1: removed
2	12:14:43.655	Custom indicator RSI Divergence Levels AUDCHF,H1: removed
2	12:14:43.657	Custom indicator MACD_Volumes-2 AUDCHF,H1: removed
2	12:14:43.659	Custom indicator CloudSignalLines AUDCHF,H1: removed
2	12:14:43.662	Custom indicator #P4L CandleTime GBPCAD,H1: removed
2	12:14:43.664	Custom indicator TURBO PLUS+ GBPCAD,H1: removed
2	12:14:43.666	Custom indicator ALERT SIGNAL GBPCAD,H1: removed
2	12:14:43.668	Custom indicator TrendTradingCloud GBPCAD,H1: removed
2	12:14:43.669	Custom indicator RSI Divergence Levels GBPCAD,H1: removed
2	12:14:43.671	Custom indicator MACD_Volumes-2 GBPCAD,H1: removed
2	12:14:43.673	Custom indicator CloudSignalLines GBPCAD,H1: removed
2	12:14:43.688	Custom indicator #P4L CandleTime EURJPY,M30: removed
2	12:14:43.691	Custom indicator TURBO PLUS+ EURJPY,M30: removed
2	12:14:43.692	Custom indicator ALERT SIGNAL EURJPY,M30: removed
2	12:14:43.694	Custom indicator TrendTradingCloud EURJPY,M30: removed
2	12:14:43.696	Custom indicator RSI Divergence Levels EURJPY,M30: removed
2	12:14:43.697	Custom indicator MACD_Volumes-2 EURJPY,M30: removed
2	12:14:43.699	Custom indicator CloudSignalLines EURJPY,M30: removed
2	12:14:43.701	Custom indicator #P4L CandleTime EURAUD,M15: removed
2	12:14:43.703	Custom indicator TURBO PLUS+ EURAUD,M15: removed
2	12:14:43.705	Custom indicator ALERT SIGNAL EURAUD,M15: removed
2	12:14:43.706	Custom indicator TrendTradingCloud EURAUD,M15: removed
2	12:14:43.708	Custom indicator RSI Divergence Levels EURAUD,M15: removed
2	12:14:43.710	Custom indicator MACD_Volumes-2 EURAUD,M15: removed
2	12:14:43.711	Custom indicator CloudSignalLines EURAUD,M15: removed
2	12:14:43.715	Custom indicator #P4L CandleTime AUDJPY,M15: removed
2	12:14:43.717	Custom indicator TURBO PLUS+ AUDJPY,M15: removed
2	12:14:43.719	Custom indicator ALERT SIGNAL AUDJPY,M15: removed
2	12:14:43.720	Custom indicator TrendTradingCloud AUDJPY,M15: removed
2	12:14:43.722	Custom indicator RSI Divergence Levels AUDJPY,M15: removed
2	12:14:43.724	Custom indicator MACD_Volumes-2 AUDJPY,M15: removed
2	12:14:43.725	Custom indicator CloudSignalLines AUDJPY,M15: removed
2	12:14:43.742	Expert Admiral - Mini Terminal GBPCAD,H1: removed
2	12:14:46.962	Custom indicator #P4L CandleTime GBPCAD,H1: removed
2	12:14:46.964	Custom indicator TURBO PLUS+ GBPCAD,H1: removed
2	12:14:46.965	Custom indicator ALERT SIGNAL GBPCAD,H1: removed
2	12:14:46.967	Custom indicator TrendTradingCloud GBPCAD,H1: removed
2	12:14:46.969	Custom indicator RSI Divergence Levels GBPCAD,H1: removed
2	12:14:46.971	Custom indicator MACD_Volumes-2 GBPCAD,H1: removed
2	12:14:46.973	Custom indicator CloudSignalLines GBPCAD,H1: removed
2	12:14:46.976	Custom indicator #P4L CandleTime GBPUSD,H4: removed
2	12:14:46.978	Custom indicator TURBO PLUS+ GBPUSD,H4: removed
2	12:14:46.980	Custom indicator ALERT SIGNAL GBPUSD,H4: removed
2	12:14:46.982	Custom indicator TrendTradingCloud GBPUSD,H4: removed
2	12:14:46.984	Custom indicator RSI Divergence Levels GBPUSD,H4: removed
2	12:14:46.986	Custom indicator MACD_Volumes-2 GBPUSD,H4: removed
2	12:14:46.988	Custom indicator CloudSignalLines GBPUSD,H4: removed
2	12:14:46.998	Custom indicator #P4L CandleTime EURNZD,H1: removed
2	12:14:47.001	Custom indicator TURBO PLUS+ EURNZD,H1: removed
2	12:14:47.002	Custom indicator ALERT SIGNAL EURNZD,H1: removed
2	12:14:47.004	Custom indicator TrendTradingCloud EURNZD,H1: removed
2	12:14:47.006	Custom indicator RSI Divergence Levels EURNZD,H1: removed
2	12:14:47.008	Custom indicator MACD_Volumes-2 EURNZD,H1: removed
2	12:14:47.009	Custom indicator CloudSignalLines EURNZD,H1: removed
2	12:14:47.012	Custom indicator #P4L CandleTime EURJPY,M15: removed
2	12:14:47.013	Custom indicator TURBO PLUS+ EURJPY,M15: removed
2	12:14:47.015	Custom indicator ALERT SIGNAL EURJPY,M15: removed
2	12:14:47.016	Custom indicator TrendTradingCloud EURJPY,M15: removed
2	12:14:47.018	Custom indicator RSI Divergence Levels EURJPY,M15: removed
2	12:14:47.020	Custom indicator MACD_Volumes-2 EURJPY,M15: removed
2	12:14:47.022	Custom indicator CloudSignalLines EURJPY,M15: removed
2	12:14:47.026	Expert Admiral - Mini Terminal AUDCHF,H1: removed
2	12:14:47.064	Custom indicator #P4L CandleTime AUDCHF,H1: removed
2	12:14:47.066	Custom indicator TURBO PLUS+ AUDCHF,H1: removed
2	12:14:47.068	Custom indicator ALERT SIGNAL AUDCHF,H1: removed
2	12:14:47.070	Custom indicator TrendTradingCloud AUDCHF,H1: removed
2	12:14:47.072	Custom indicator RSI Divergence Levels AUDCHF,H1: removed
2	12:14:47.074	Custom indicator MACD_Volumes-2 AUDCHF,H1: removed
2	12:14:47.076	Custom indicator CloudSignalLines AUDCHF,H1: removed
2	12:14:47.082	Custom indicator #P4L CandleTime NZDUSD,M15: removed
2	12:14:47.084	Custom indicator TURBO PLUS+ NZDUSD,M15: removed
2	12:14:47.085	Custom indicator ALERT SIGNAL NZDUSD,M15: removed
2	12:14:47.087	Custom indicator TrendTradingCloud NZDUSD,M15: removed
2	12:14:47.089	Custom indicator RSI Divergence Levels NZDUSD,M15: removed
2	12:14:47.091	Custom indicator MACD_Volumes-2 NZDUSD,M15: removed
2	12:14:47.092	Custom indicator CloudSignalLines NZDUSD,M15: removed
2	12:14:47.098	Custom indicator #P4L CandleTime USDJPY,H1: removed
2	12:14:47.101	Custom indicator TURBO PLUS+ USDJPY,H1: removed
2	12:14:47.102	Custom indicator ALERT SIGNAL USDJPY,H1: removed
2	12:14:47.104	Custom indicator TrendTradingCloud USDJPY,H1: removed
2	12:14:47.106	Custom indicator RSI Divergence Levels USDJPY,H1: removed
2	12:14:47.108	Custom indicator MACD_Volumes-2 USDJPY,H1: removed
2	12:14:47.110	Custom indicator CloudSignalLines USDJPY,H1: removed
0	12:14:47.395	Admiral Markets build 1260 stopped
0	12:15:02.298	Admiral Markets build 1260 started (Admiral Markets Group AS)
0	12:15:02.299	Windows 10 Pro x64, IE 11, UAC, 8 x Intel Core i7-10510U  @ 1.80GHz, Memory: 2368 / 8014 Mb, Disk: 87 / 237 Gb, GMT+3
0	12:15:02.299	Data Folder: C:\Users\SRIE\AppData\Roaming\MetaQuotes\Terminal\51337600F56B69473E15EAFB8A7586B4
2	12:15:04.263	Custom indicator #P4L CandleTime [DJI30],M15: loaded successfully
2	12:15:04.269	Custom indicator TURBO PLUS+ [DJI30],M15: loaded successfully
2	12:15:04.277	Custom indicator ALERT SIGNAL [DJI30],M15: loaded successfully
2	12:15:04.286	Custom indicator Trend Trading\TrendTradingCloud [DJI30],M15: loaded successfully
2	12:15:04.294	Custom indicator RSI Divergence Levels [DJI30],M15: loaded successfully
2	12:15:04.303	Custom indicator MACD_Volumes-2 [DJI30],M15: loaded successfully
2	12:15:04.310	Custom indicator Trend Trading\CloudSignalLines [DJI30],M15: loaded successfully
2	12:15:04.475	Custom indicator MBFX Timing [DJI30],M15: loaded successfully
2	12:15:04.568	Custom indicator #P4L CandleTime [DAX30],M15: loaded successfully
2	12:15:04.576	Custom indicator TURBO PLUS+ [DAX30],M15: loaded successfully
2	12:15:04.584	Custom indicator ALERT SIGNAL [DAX30],M15: loaded successfully
2	12:15:04.592	Custom indicator Trend Trading\TrendTradingCloud [DAX30],M15: loaded successfully
2	12:15:04.601	Custom indicator RSI Divergence Levels [DAX30],M15: loaded successfully
2	12:15:04.608	Custom indicator MACD_Volumes-2 [DAX30],M15: loaded successfully
2	12:15:04.615	Custom indicator Trend Trading\CloudSignalLines [DAX30],M15: loaded successfully
2	12:15:04.777	Custom indicator MBFX Timing [DAX30],M15: loaded successfully
2	12:15:04.874	Custom indicator #P4L CandleTime [NQ100],M15: loaded successfully
2	12:15:04.880	Custom indicator TURBO PLUS+ [NQ100],M15: loaded successfully
2	12:15:04.889	Custom indicator ALERT SIGNAL [NQ100],M15: loaded successfully
2	12:15:04.897	Custom indicator Trend Trading\TrendTradingCloud [NQ100],M15: loaded successfully
2	12:15:04.905	Custom indicator RSI Divergence Levels [NQ100],M15: loaded successfully
2	12:15:04.914	Custom indicator MACD_Volumes-2 [NQ100],M15: loaded successfully
2	12:15:04.920	Custom indicator Trend Trading\CloudSignalLines [NQ100],M15: loaded successfully
2	12:15:04.941	Expert Acuity Market Alerts [NQ100],M15: loaded successfully
2	12:15:05.100	Custom indicator MBFX Timing [NQ100],M15: loaded successfully
2	12:15:05.199	Custom indicator #P4L CandleTime AUDJPY,M15: loaded successfully
2	12:15:05.206	Custom indicator TURBO PLUS+ AUDJPY,M15: loaded successfully
2	12:15:05.213	Custom indicator ALERT SIGNAL AUDJPY,M15: loaded successfully
2	12:15:05.221	Custom indicator Trend Trading\TrendTradingCloud AUDJPY,M15: loaded successfully
2	12:15:05.230	Custom indicator RSI Divergence Levels AUDJPY,M15: loaded successfully
2	12:15:05.238	Custom indicator MACD_Volumes-2 AUDJPY,M15: loaded successfully
2	12:15:05.245	Custom indicator Trend Trading\CloudSignalLines AUDJPY,M15: loaded successfully
2	12:15:05.257	Expert Admiral - Connect AUDJPY,M15: loaded successfully
2	12:15:05.419	Custom indicator MBFX Timing AUDJPY,M15: loaded successfully
2	12:15:05.520	Custom indicator #P4L CandleTime WTI,H1: loaded successfully
2	12:15:05.527	Custom indicator TURBO PLUS+ WTI,H1: loaded successfully
2	12:15:05.536	Custom indicator ALERT SIGNAL WTI,H1: loaded successfully
2	12:15:05.544	Custom indicator Trend Trading\TrendTradingCloud WTI,H1: loaded successfully
2	12:15:05.553	Custom indicator RSI Divergence Levels WTI,H1: loaded successfully
2	12:15:05.561	Custom indicator MACD_Volumes-2 WTI,H1: loaded successfully
2	12:15:05.568	Custom indicator Trend Trading\CloudSignalLines WTI,H1: loaded successfully
2	12:15:05.741	Custom indicator MBFX Timing WTI,H1: loaded successfully
2	12:15:05.845	Custom indicator #P4L CandleTime AUDCAD,M15: loaded successfully
2	12:15:05.852	Custom indicator TURBO PLUS+ AUDCAD,M15: loaded successfully
2	12:15:05.860	Custom indicator ALERT SIGNAL AUDCAD,M15: loaded successfully
2	12:15:05.869	Custom indicator Trend Trading\TrendTradingCloud AUDCAD,M15: loaded successfully
2	12:15:05.881	Custom indicator RSI Divergence Levels AUDCAD,M15: loaded successfully
2	12:15:05.890	Custom indicator MACD_Volumes-2 AUDCAD,M15: loaded successfully
2	12:15:05.897	Custom indicator Trend Trading\CloudSignalLines AUDCAD,M15: loaded successfully
2	12:15:06.066	Custom indicator MBFX Timing AUDCAD,M15: loaded successfully
2	12:15:06.170	Custom indicator #P4L CandleTime CADCHF,M15: loaded successfully
2	12:15:06.178	Custom indicator TURBO PLUS+ CADCHF,M15: loaded successfully
2	12:15:06.186	Custom indicator ALERT SIGNAL CADCHF,M15: loaded successfully
2	12:15:06.194	Custom indicator Trend Trading\TrendTradingCloud CADCHF,M15: loaded successfully
2	12:15:06.202	Custom indicator RSI Divergence Levels CADCHF,M15: loaded successfully
2	12:15:06.210	Custom indicator MACD_Volumes-2 CADCHF,M15: loaded successfully
2	12:15:06.217	Custom indicator Trend Trading\CloudSignalLines CADCHF,M15: loaded successfully
2	12:15:06.381	Custom indicator MBFX Timing CADCHF,M15: loaded successfully
2	12:15:06.493	Custom indicator #P4L CandleTime EURGBP,M15: loaded successfully
2	12:15:06.501	Custom indicator TURBO PLUS+ EURGBP,M15: loaded successfully
2	12:15:06.509	Custom indicator ALERT SIGNAL EURGBP,M15: loaded successfully
2	12:15:06.517	Custom indicator Trend Trading\TrendTradingCloud EURGBP,M15: loaded successfully
2	12:15:06.525	Custom indicator RSI Divergence Levels EURGBP,M15: loaded successfully
2	12:15:06.533	Custom indicator MACD_Volumes-2 EURGBP,M15: loaded successfully
2	12:15:06.540	Custom indicator Trend Trading\CloudSignalLines EURGBP,M15: loaded successfully
2	12:15:06.705	Custom indicator MBFX Timing EURGBP,M15: loaded successfully
2	12:15:06.805	Custom indicator #P4L CandleTime EURAUD,M15: loaded successfully
2	12:15:06.812	Custom indicator TURBO PLUS+ EURAUD,M15: loaded successfully
2	12:15:06.821	Custom indicator ALERT SIGNAL EURAUD,M15: loaded successfully
2	12:15:06.829	Custom indicator Trend Trading\TrendTradingCloud EURAUD,M15: loaded successfully
2	12:15:06.838	Custom indicator RSI Divergence Levels EURAUD,M15: loaded successfully
2	12:15:06.846	Custom indicator MACD_Volumes-2 EURAUD,M15: loaded successfully
2	12:15:06.853	Custom indicator Trend Trading\CloudSignalLines EURAUD,M15: loaded successfully
2	12:15:07.015	Custom indicator MBFX Timing EURAUD,M15: loaded successfully
2	12:15:07.120	Custom indicator #P4L CandleTime CADJPY,M30: loaded successfully
2	12:15:07.128	Custom indicator TURBO PLUS+ CADJPY,M30: loaded successfully
2	12:15:07.136	Custom indicator ALERT SIGNAL CADJPY,M30: loaded successfully
2	12:15:07.144	Custom indicator Trend Trading\TrendTradingCloud CADJPY,M30: loaded successfully
2	12:15:07.152	Custom indicator RSI Divergence Levels CADJPY,M30: loaded successfully
2	12:15:07.160	Custom indicator MACD_Volumes-2 CADJPY,M30: loaded successfully
2	12:15:07.167	Custom indicator Trend Trading\CloudSignalLines CADJPY,M30: loaded successfully
2	12:15:07.329	Custom indicator MBFX Timing CADJPY,M30: loaded successfully
2	12:15:07.432	Custom indicator #P4L CandleTime USDCHF,M15: loaded successfully
2	12:15:07.439	Custom indicator TURBO PLUS+ USDCHF,M15: loaded successfully
2	12:15:07.447	Custom indicator ALERT SIGNAL USDCHF,M15: loaded successfully
2	12:15:07.455	Custom indicator Trend Trading\TrendTradingCloud USDCHF,M15: loaded successfully
2	12:15:07.464	Custom indicator RSI Divergence Levels USDCHF,M15: loaded successfully
2	12:15:07.471	Custom indicator MACD_Volumes-2 USDCHF,M15: loaded successfully
2	12:15:07.479	Custom indicator Trend Trading\CloudSignalLines USDCHF,M15: loaded successfully
2	12:15:07.641	Custom indicator MBFX Timing USDCHF,M15: loaded successfully
2	12:15:07.749	Custom indicator #P4L CandleTime AUDCHF,H1: loaded successfully
2	12:15:07.754	Custom indicator TURBO PLUS+ AUDCHF,H1: loaded successfully
2	12:15:07.763	Custom indicator ALERT SIGNAL AUDCHF,H1: loaded successfully
2	12:15:07.771	Custom indicator Trend Trading\TrendTradingCloud AUDCHF,H1: loaded successfully
2	12:15:07.779	Custom indicator RSI Divergence Levels AUDCHF,H1: loaded successfully
2	12:15:07.787	Custom indicator MACD_Volumes-2 AUDCHF,H1: loaded successfully
2	12:15:07.795	Custom indicator Trend Trading\CloudSignalLines AUDCHF,H1: loaded successfully
2	12:15:07.957	Custom indicator MBFX Timing AUDCHF,H1: loaded successfully
2	12:15:08.055	Custom indicator #P4L CandleTime GBPCAD,H1: loaded successfully
2	12:15:08.062	Custom indicator TURBO PLUS+ GBPCAD,H1: loaded successfully
2	12:15:08.071	Custom indicator ALERT SIGNAL GBPCAD,H1: loaded successfully
2	12:15:08.079	Custom indicator Trend Trading\TrendTradingCloud GBPCAD,H1: loaded successfully
2	12:15:08.088	Custom indicator RSI Divergence Levels GBPCAD,H1: loaded successfully
2	12:15:08.096	Custom indicator MACD_Volumes-2 GBPCAD,H1: loaded successfully
2	12:15:08.102	Custom indicator Trend Trading\CloudSignalLines GBPCAD,H1: loaded successfully
2	12:15:08.271	Custom indicator MBFX Timing GBPCAD,H1: loaded successfully
2	12:15:08.371	Custom indicator #P4L CandleTime EURJPY,M30: loaded successfully
2	12:15:08.378	Custom indicator TURBO PLUS+ EURJPY,M30: loaded successfully
2	12:15:08.386	Custom indicator ALERT SIGNAL EURJPY,M30: loaded successfully
2	12:15:08.395	Custom indicator Trend Trading\TrendTradingCloud EURJPY,M30: loaded successfully
2	12:15:08.404	Custom indicator RSI Divergence Levels EURJPY,M30: loaded successfully
2	12:15:08.412	Custom indicator MACD_Volumes-2 EURJPY,M30: loaded successfully
2	12:15:08.419	Custom indicator Trend Trading\CloudSignalLines EURJPY,M30: loaded successfully
2	12:15:08.581	Custom indicator MBFX Timing EURJPY,M30: loaded successfully
2	12:15:08.685	Custom indicator #P4L CandleTime EURAUD,M15: loaded successfully
2	12:15:08.692	Custom indicator TURBO PLUS+ EURAUD,M15: loaded successfully
2	12:15:08.700	Custom indicator ALERT SIGNAL EURAUD,M15: loaded successfully
2	12:15:08.708	Custom indicator Trend Trading\TrendTradingCloud EURAUD,M15: loaded successfully
2	12:15:08.717	Custom indicator RSI Divergence Levels EURAUD,M15: loaded successfully
2	12:15:08.724	Custom indicator MACD_Volumes-2 EURAUD,M15: loaded successfully
2	12:15:08.732	Custom indicator Trend Trading\CloudSignalLines EURAUD,M15: loaded successfully
2	12:15:08.905	Custom indicator MBFX Timing EURAUD,M15: loaded successfully
2	12:15:09.011	Custom indicator #P4L CandleTime AUDJPY,M15: loaded successfully
2	12:15:09.018	Custom indicator TURBO PLUS+ AUDJPY,M15: loaded successfully
2	12:15:09.026	Custom indicator ALERT SIGNAL AUDJPY,M15: loaded successfully
2	12:15:09.035	Custom indicator Trend Trading\TrendTradingCloud AUDJPY,M15: loaded successfully
2	12:15:09.044	Custom indicator RSI Divergence Levels AUDJPY,M15: loaded successfully
2	12:15:09.053	Custom indicator MACD_Volumes-2 AUDJPY,M15: loaded successfully
2	12:15:09.060	Custom indicator Trend Trading\CloudSignalLines AUDJPY,M15: loaded successfully
2	12:15:09.223	Custom indicator MBFX Timing AUDJPY,M15: loaded successfully
2	12:15:09.330	Custom indicator #P4L CandleTime GBPCAD,H1: loaded successfully
2	12:15:09.336	Custom indicator TURBO PLUS+ GBPCAD,H1: loaded successfully
2	12:15:09.345	Custom indicator ALERT SIGNAL GBPCAD,H1: loaded successfully
2	12:15:09.353	Custom indicator Trend Trading\TrendTradingCloud GBPCAD,H1: loaded successfully
2	12:15:09.363	Custom indicator RSI Divergence Levels GBPCAD,H1: loaded successfully
2	12:15:09.370	Custom indicator MACD_Volumes-2 GBPCAD,H1: loaded successfully
2	12:15:09.378	Custom indicator Trend Trading\CloudSignalLines GBPCAD,H1: loaded successfully
2	12:15:09.392	Expert Admiral - Mini Terminal GBPCAD,H1: loaded successfully
2	12:15:09.556	Custom indicator MBFX Timing GBPCAD,H1: loaded successfully
2	12:15:09.662	Custom indicator #P4L CandleTime GBPUSD,H4: loaded successfully
2	12:15:09.669	Custom indicator TURBO PLUS+ GBPUSD,H4: loaded successfully
2	12:15:09.678	Custom indicator ALERT SIGNAL GBPUSD,H4: loaded successfully
2	12:15:09.686	Custom indicator Trend Trading\TrendTradingCloud GBPUSD,H4: loaded successfully
2	12:15:09.696	Custom indicator RSI Divergence Levels GBPUSD,H4: loaded successfully
2	12:15:09.705	Custom indicator MACD_Volumes-2 GBPUSD,H4: loaded successfully
2	12:15:09.713	Custom indicator Trend Trading\CloudSignalLines GBPUSD,H4: loaded successfully
2	12:15:09.898	Custom indicator MBFX Timing GBPUSD,H4: loaded successfully
2	12:15:10.121	Custom indicator #P4L CandleTime EURNZD,H1: loaded successfully
2	12:15:10.129	Custom indicator TURBO PLUS+ EURNZD,H1: loaded successfully
2	12:15:10.139	Custom indicator ALERT SIGNAL EURNZD,H1: loaded successfully
2	12:15:10.149	Custom indicator Trend Trading\TrendTradingCloud EURNZD,H1: loaded successfully
2	12:15:10.159	Custom indicator RSI Divergence Levels EURNZD,H1: loaded successfully
2	12:15:10.168	Custom indicator MACD_Volumes-2 EURNZD,H1: loaded successfully
2	12:15:10.176	Custom indicator Trend Trading\CloudSignalLines EURNZD,H1: loaded successfully
2	12:15:10.362	Custom indicator MBFX Timing EURNZD,H1: loaded successfully
2	12:15:10.485	Custom indicator #P4L CandleTime EURJPY,M15: loaded successfully
2	12:15:10.494	Custom indicator TURBO PLUS+ EURJPY,M15: loaded successfully
2	12:15:10.503	Custom indicator ALERT SIGNAL EURJPY,M15: loaded successfully
2	12:15:10.513	Custom indicator Trend Trading\TrendTradingCloud EURJPY,M15: loaded successfully
2	12:15:10.523	Custom indicator RSI Divergence Levels EURJPY,M15: loaded successfully
2	12:15:10.532	Custom indicator MACD_Volumes-2 EURJPY,M15: loaded successfully
2	12:15:10.539	Custom indicator Trend Trading\CloudSignalLines EURJPY,M15: loaded successfully
2	12:15:10.729	Custom indicator MBFX Timing EURJPY,M15: loaded successfully
2	12:15:10.849	Custom indicator #P4L CandleTime AUDCHF,H1: loaded successfully
2	12:15:10.857	Custom indicator TURBO PLUS+ AUDCHF,H1: loaded successfully
2	12:15:10.867	Custom indicator ALERT SIGNAL AUDCHF,H1: loaded successfully
2	12:15:10.875	Custom indicator Trend Trading\TrendTradingCloud AUDCHF,H1: loaded successfully
2	12:15:10.885	Custom indicator RSI Divergence Levels AUDCHF,H1: loaded successfully
2	12:15:10.894	Custom indicator MACD_Volumes-2 AUDCHF,H1: loaded successfully
2	12:15:10.902	Custom indicator Trend Trading\CloudSignalLines AUDCHF,H1: loaded successfully
2	12:15:10.917	Expert Admiral - Mini Terminal AUDCHF,H1: loaded successfully
2	12:15:11.101	Custom indicator MBFX Timing AUDCHF,H1: loaded successfully
2	12:15:11.222	Custom indicator #P4L CandleTime NZDUSD,M15: loaded successfully
2	12:15:11.231	Custom indicator TURBO PLUS+ NZDUSD,M15: loaded successfully
2	12:15:11.240	Custom indicator ALERT SIGNAL NZDUSD,M15: loaded successfully
2	12:15:11.249	Custom indicator Trend Trading\TrendTradingCloud NZDUSD,M15: loaded successfully
2	12:15:11.259	Custom indicator RSI Divergence Levels NZDUSD,M15: loaded successfully
2	12:15:11.268	Custom indicator MACD_Volumes-2 NZDUSD,M15: loaded successfully
2	12:15:11.275	Custom indicator Trend Trading\CloudSignalLines NZDUSD,M15: loaded successfully
2	12:15:11.459	Custom indicator MBFX Timing NZDUSD,M15: loaded successfully
2	12:15:11.581	Custom indicator #P4L CandleTime USDJPY,H1: loaded successfully
2	12:15:11.589	Custom indicator TURBO PLUS+ USDJPY,H1: loaded successfully
2	12:15:11.598	Custom indicator ALERT SIGNAL USDJPY,H1: loaded successfully
2	12:15:11.607	Custom indicator Trend Trading\TrendTradingCloud USDJPY,H1: loaded successfully
2	12:15:11.616	Custom indicator RSI Divergence Levels USDJPY,H1: loaded successfully
2	12:15:11.625	Custom indicator MACD_Volumes-2 USDJPY,H1: loaded successfully
2	12:15:11.633	Custom indicator Trend Trading\CloudSignalLines USDJPY,H1: loaded successfully
2	12:15:11.811	Custom indicator MBFX Timing USDJPY,H1: loaded successfully
0	12:15:14.254	'27123197': login on AdmiralMarkets-Live through Access Point #1 (ping: 256.76 ms)
0	12:15:17.324	'27123197': login datacenter on AdmiralMarkets-Live through Access Point #1 (ping: 256.76 ms)
0	12:15:18.022	'27123197': previous successful authorization performed from 154.126.10.131
0	12:15:54.583	'27123197': order #65199933 buy 0.10 GBPCAD at 1.74796 closed due stop-loss at price 1.73287
2	12:16:37.008	Custom indicator #P4L CandleTime GOLD,H1: loaded successfully
2	12:16:37.016	Custom indicator TURBO PLUS+ GOLD,H1: loaded successfully
2	12:16:37.025	Custom indicator ALERT SIGNAL GOLD,H1: loaded successfully
2	12:16:37.035	Custom indicator Trend Trading\TrendTradingCloud GOLD,H1: loaded successfully
2	12:16:37.045	Custom indicator RSI Divergence Levels GOLD,H1: loaded successfully
2	12:16:37.057	Custom indicator MACD_Volumes-2 GOLD,H1: loaded successfully
2	12:16:37.066	Custom indicator Trend Trading\CloudSignalLines GOLD,H1: loaded successfully
2	12:16:37.263	Custom indicator MBFX Timing GOLD,H1: loaded successfully
1	12:53:33.177	'27123197': datacenter connecting failed [6]
0	12:53:55.090	'27123197': login on AdmiralMarkets-Live through Access Point #4 (ping: 251.28 ms)
0	12:53:57.399	'27123197': login datacenter on AdmiralMarkets-Live through Access Point #4 (ping: 251.28 ms)
0	12:53:57.972	'27123197': previous successful authorization performed from 154.126.10.131
0	12:58:11.710	'27123197': order buy market 0.50 [DJI30] sl: 0.00 tp: 0.00
0	12:58:12.266	'27123197': order was opened : #65310369 buy 0.50 [DJI30] at 24338.15 sl: 0.00 tp: 0.00
0	13:00:08.419	'27123197': modify order #65310369 buy 0.50 [DJI30] at 24338.15 sl: 0.00 tp: 0.00 -> sl: 0.00 tp: 24347.55
0	13:00:08.761	'27123197': order #65310369 buy 0.50 [DJI30] at 24338.15 was modified -> sl: 0.00 tp: 24347.55
1	13:00:58.077	'27123197': modification of order #65310369 buy 0.50 [DJI30] at 24338.15 sl: 0.00 tp: 24347.55 -> sl: 0.00 tp: 24233.47 failed [Invalid S/L or T/P]
1	13:01:02.713	'27123197': modification of order #65310369 buy 0.50 [DJI30] at 24338.15 sl: 0.00 tp: 24347.55 -> sl: 0.00 tp: 24228.71 failed [Invalid S/L or T/P]
0	13:01:45.024	'27123197': modify order #65310369 buy 0.50 [DJI30] at 24338.15 sl: 0.00 tp: 24347.55 -> sl: 24216.00 tp: 24347.55
0	13:01:45.360	'27123197': order #65310369 buy 0.50 [DJI30] at 24338.15 was modified -> sl: 24216.00 tp: 24347.55
0	13:08:34.636	'27123197': close order #65310369 buy 0.50 [DJI30] at 24338.15 sl: 24216.00 tp: 24347.55 at price 0.00
0	13:08:35.261	'27123197': order #65310369 buy 0.50 [DJI30] at 24338.15 sl: 24216.00 tp: 24347.55 closed at price 24304.96
2	13:29:30.655	Custom indicator #P4L CandleTime [CAC40],H1: loaded successfully
2	13:29:30.668	Custom indicator TURBO PLUS+ [CAC40],H1: loaded successfully
2	13:29:30.679	Custom indicator ALERT SIGNAL [CAC40],H1: loaded successfully
2	13:29:30.691	Custom indicator Trend Trading\TrendTradingCloud [CAC40],H1: loaded successfully
2	13:29:30.703	Custom indicator RSI Divergence Levels [CAC40],H1: loaded successfully
2	13:29:30.715	Custom indicator MACD_Volumes-2 [CAC40],H1: loaded successfully
2	13:29:30.724	Custom indicator Trend Trading\CloudSignalLines [CAC40],H1: loaded successfully
2	13:29:30.930	Custom indicator MBFX Timing [CAC40],H1: loaded successfully
0	13:39:35.041	'27123197': order #65308161 buy 0.10 EURJPY at 115.737 closed due stop-loss at price 115.478
2	14:07:44.728	Custom indicator #P4L CandleTime NZDUSD,H1: loaded successfully
2	14:07:44.737	Custom indicator TURBO PLUS+ NZDUSD,H1: loaded successfully
2	14:07:44.747	Custom indicator ALERT SIGNAL NZDUSD,H1: loaded successfully
2	14:07:44.759	Custom indicator Trend Trading\TrendTradingCloud NZDUSD,H1: loaded successfully
2	14:07:44.770	Custom indicator RSI Divergence Levels NZDUSD,H1: loaded successfully
2	14:07:44.780	Custom indicator MACD_Volumes-2 NZDUSD,H1: loaded successfully
2	14:07:44.789	Custom indicator Trend Trading\CloudSignalLines NZDUSD,H1: loaded successfully
2	14:07:44.990	Custom indicator MBFX Timing NZDUSD,H1: loaded successfully
0	14:08:17.714	'27123197': order buy market 0.10 NZDUSD sl: 0.00000 tp: 0.00000
0	14:08:18.167	'27123197': order was opened : #65314203 buy 0.10 NZDUSD at 0.60828 sl: 0.00000 tp: 0.00000
0	14:08:56.404	'27123197': close order #65314203 buy 0.10 NZDUSD at 0.60828 sl: 0.00000 tp: 0.00000 at price 0.00000
0	14:08:56.852	'27123197': order #65314203 buy 0.10 NZDUSD at 0.60828 sl: 0.00000 tp: 0.00000 closed at price 0.60836
2	14:15:09.377	Custom indicator #P4L CandleTime [CAC40],H1: loaded successfully
2	14:15:09.386	Custom indicator TURBO PLUS+ [CAC40],H1: loaded successfully
2	14:15:09.398	Custom indicator ALERT SIGNAL [CAC40],H1: loaded successfully
2	14:15:09.409	Custom indicator Trend Trading\TrendTradingCloud [CAC40],H1: loaded successfully
2	14:15:09.420	Custom indicator RSI Divergence Levels [CAC40],H1: loaded successfully
2	14:15:09.430	Custom indicator MACD_Volumes-2 [CAC40],H1: loaded successfully
2	14:15:09.441	Custom indicator Trend Trading\CloudSignalLines [CAC40],H1: loaded successfully
2	14:15:09.646	Custom indicator MBFX Timing [CAC40],H1: loaded successfully
2	14:18:54.661	Custom indicator Rabokona Indicator\ForexSignals_Momentum_Meter_v1.1 CADJPY,M30: loaded successfully
2	14:20:20.499	Custom indicator Rabokona Indicator\ForexSignals_Momentum_Meter_v1.1 USDCHF,M15: loaded successfully
2	14:24:16.186	Custom indicator #P4L CandleTime GBPUSD,H1: loaded successfully
2	14:24:16.194	Custom indicator TURBO PLUS+ GBPUSD,H1: loaded successfully
2	14:24:16.202	Custom indicator ALERT SIGNAL GBPUSD,H1: loaded successfully
2	14:24:16.211	Custom indicator Trend Trading\TrendTradingCloud GBPUSD,H1: loaded successfully
2	14:24:16.220	Custom indicator RSI Divergence Levels GBPUSD,H1: loaded successfully
2	14:24:16.229	Custom indicator MACD_Volumes-2 GBPUSD,H1: loaded successfully
2	14:24:16.236	Custom indicator Trend Trading\CloudSignalLines GBPUSD,H1: loaded successfully
2	14:24:16.252	Custom indicator Rabokona Indicator\ForexSignals_Momentum_Meter_v1.1 GBPUSD,H1: loaded successfully
2	14:24:19.420	Custom indicator MBFX Timing GBPUSD,H1: loaded successfully
0	14:24:28.726	'27123197': login datacenter on AdmiralMarkets-Live
0	14:24:49.023	'27123197': login on AdmiralMarkets-Live through Access Point #4 (ping: 266.70 ms)
0	14:24:55.387	'27123197': login datacenter on AdmiralMarkets-Live through Access Point #4 (ping: 266.70 ms)
0	14:24:56.476	'27123197': previous successful authorization performed from 154.126.10.89
2	14:25:11.804	Custom indicator MBFX Timing GBPUSD,H1: removed
2	14:25:39.867	Custom indicator MBFX Timing GBPUSD,M1: loaded successfully
0	14:25:56.013	'27123197': ping to current access point Access Point #4 is 225.07 ms
0	14:27:30.904	'27123197': order sell market 0.10 [NQ100] sl: 0.00 tp: 0.00
0	14:27:32.577	'27123197': order was opened : #65315051 sell 0.10 [NQ100] at 8794.14 sl: 0.00 tp: 0.00
0	14:27:41.772	'27123197': modify order #65315051 sell 0.10 [NQ100] at 8794.14 sl: 0.00 tp: 0.00 -> sl: 0.00 tp: 8762.08
0	14:27:42.375	'27123197': order #65315051 sell 0.10 [NQ100] at 8794.14 was modified -> sl: 0.00 tp: 8762.08
0	14:27:56.750	'27123197': modify order #65315051 sell 0.10 [NQ100] at 8794.14 sl: 0.00 tp: 8762.08 -> sl: 8846.57 tp: 8762.08
0	14:27:57.066	'27123197': order #65315051 sell 0.10 [NQ100] at 8794.14 was modified -> sl: 8846.57 tp: 8762.08
2	14:34:44.242	Custom indicator #P4L CandleTime EURNZD,H1: loaded successfully
2	14:34:44.251	Custom indicator TURBO PLUS+ EURNZD,H1: loaded successfully
2	14:34:44.260	Custom indicator ALERT SIGNAL EURNZD,H1: loaded successfully
2	14:34:44.271	Custom indicator Trend Trading\TrendTradingCloud EURNZD,H1: loaded successfully
2	14:34:44.282	Custom indicator RSI Divergence Levels EURNZD,H1: loaded successfully
2	14:34:44.292	Custom indicator MACD_Volumes-2 EURNZD,H1: loaded successfully
2	14:34:44.300	Custom indicator Trend Trading\CloudSignalLines EURNZD,H1: loaded successfully
2	14:34:44.320	Custom indicator Rabokona Indicator\ForexSignals_Momentum_Meter_v1.1 EURNZD,H1: loaded successfully
2	14:34:46.199	Custom indicator MBFX Timing EURNZD,H1: loaded successfully
2	14:35:03.649	Custom indicator MBFX Timing EURNZD,H1: removed
2	14:35:05.868	Custom indicator MBFX Timing EURNZD,Daily: loaded successfully
2	14:35:15.475	Custom indicator MBFX Timing EURNZD,Daily: removed
2	14:35:20.355	Custom indicator MBFX Timing EURNZD,M15: loaded successfully
2	14:36:00.014	Custom indicator MBFX Timing EURNZD,M15: removed
2	14:36:02.810	Custom indicator MBFX Timing EURNZD,H1: loaded successfully
0	14:40:01.390	'27123197': order buy market 0.10 EURNZD sl: 0.00000 tp: 0.00000
0	14:40:01.948	'27123197': order was opened : #65315531 buy 0.10 EURNZD at 1.78358 sl: 0.00000 tp: 0.00000
0	14:40:43.813	'27123197': modify order #65315531 buy 0.10 EURNZD at 1.78358 sl: 0.00000 tp: 0.00000 -> sl: 1.77738 tp: 1.78680
0	14:40:44.415	'27123197': order #65315531 buy 0.10 EURNZD at 1.78358 was modified -> sl: 1.77738 tp: 1.78680
2	14:43:31.288	Custom indicator #P4L CandleTime GBPJPY,H1: loaded successfully
2	14:43:31.298	Custom indicator TURBO PLUS+ GBPJPY,H1: loaded successfully
2	14:43:31.309	Custom indicator ALERT SIGNAL GBPJPY,H1: loaded successfully
2	14:43:31.319	Custom indicator Trend Trading\TrendTradingCloud GBPJPY,H1: loaded successfully
2	14:43:31.332	Custom indicator RSI Divergence Levels GBPJPY,H1: loaded successfully
2	14:43:31.345	Custom indicator MACD_Volumes-2 GBPJPY,H1: loaded successfully
2	14:43:31.356	Custom indicator Trend Trading\CloudSignalLines GBPJPY,H1: loaded successfully
2	14:43:31.376	Custom indicator Rabokona Indicator\ForexSignals_Momentum_Meter_v1.1 GBPJPY,H1: loaded successfully
2	14:43:38.343	Custom indicator MBFX Timing GBPJPY,H1: loaded successfully
0	14:50:56.759	'27123197': order sell market 0.10 GBPJPY sl: 0.000 tp: 0.000
0	14:50:57.201	'27123197': order was opened : #65316722 sell 0.10 GBPJPY at 132.017 sl: 0.000 tp: 0.000
0	14:51:49.582	'27123197': modify order #65316722 sell 0.10 GBPJPY at 132.017 sl: 0.000 tp: 0.000 -> sl: 133.097 tp: 131.240
0	14:51:49.888	'27123197': order #65316722 sell 0.10 GBPJPY at 132.017 was modified -> sl: 133.097 tp: 131.240
0	14:55:24.711	'27123197': modify order #65316722 sell 0.10 GBPJPY at 132.017 sl: 133.097 tp: 131.240 -> sl: 133.097 tp: 131.346
0	14:55:25.013	'27123197': order #65316722 sell 0.10 GBPJPY at 132.017 was modified -> sl: 133.097 tp: 131.346
2	14:56:09.728	Custom indicator MBFX Timing GBPCAD,H1: removed
2	14:56:09.734	Custom indicator #P4L CandleTime GBPCAD,H1: removed
2	14:56:09.736	Custom indicator TURBO PLUS+ GBPCAD,H1: removed
2	14:56:09.738	Custom indicator ALERT SIGNAL GBPCAD,H1: removed
2	14:56:09.740	Custom indicator TrendTradingCloud GBPCAD,H1: removed
2	14:56:09.741	Custom indicator RSI Divergence Levels GBPCAD,H1: removed
2	14:56:09.743	Custom indicator MACD_Volumes-2 GBPCAD,H1: removed
2	14:56:09.745	Custom indicator CloudSignalLines GBPCAD,H1: removed
2	14:56:12.530	Custom indicator MBFX Timing EURJPY,M30: removed
2	14:56:12.535	Custom indicator #P4L CandleTime EURJPY,M30: removed
2	14:56:12.537	Custom indicator TURBO PLUS+ EURJPY,M30: removed
2	14:56:12.539	Custom indicator ALERT SIGNAL EURJPY,M30: removed
2	14:56:12.541	Custom indicator TrendTradingCloud EURJPY,M30: removed
2	14:56:12.544	Custom indicator RSI Divergence Levels EURJPY,M30: removed
2	14:56:12.545	Custom indicator MACD_Volumes-2 EURJPY,M30: removed
2	14:56:12.548	Custom indicator CloudSignalLines EURJPY,M30: removed
2	14:56:15.108	Custom indicator MBFX Timing AUDCHF,H1: removed
2	14:56:15.113	Custom indicator #P4L CandleTime AUDCHF,H1: removed
2	14:56:15.114	Custom indicator TURBO PLUS+ AUDCHF,H1: removed
2	14:56:15.116	Custom indicator ALERT SIGNAL AUDCHF,H1: removed
2	14:56:15.118	Custom indicator TrendTradingCloud AUDCHF,H1: removed
2	14:56:15.119	Custom indicator RSI Divergence Levels AUDCHF,H1: removed
2	14:56:15.121	Custom indicator MACD_Volumes-2 AUDCHF,H1: removed
2	14:56:15.122	Custom indicator CloudSignalLines AUDCHF,H1: removed
2	14:56:17.311	Custom indicator MBFX Timing USDCHF,M15: removed
2	14:56:17.318	Custom indicator #P4L CandleTime USDCHF,M15: removed
2	14:56:17.320	Custom indicator TURBO PLUS+ USDCHF,M15: removed
2	14:56:17.321	Custom indicator ALERT SIGNAL USDCHF,M15: removed
2	14:56:17.323	Custom indicator TrendTradingCloud USDCHF,M15: removed
2	14:56:17.325	Custom indicator RSI Divergence Levels USDCHF,M15: removed
2	14:56:17.328	Custom indicator MACD_Volumes-2 USDCHF,M15: removed
2	14:56:17.330	Custom indicator CloudSignalLines USDCHF,M15: removed
2	14:56:17.333	Custom indicator ForexSignals_Momentum_Meter_v1.1 USDCHF,M15: removed
2	14:56:19.404	Custom indicator MBFX Timing CADJPY,M30: removed
2	14:56:19.410	Custom indicator #P4L CandleTime CADJPY,M30: removed
2	14:56:19.412	Custom indicator TURBO PLUS+ CADJPY,M30: removed
2	14:56:19.413	Custom indicator ALERT SIGNAL CADJPY,M30: removed
2	14:56:19.415	Custom indicator TrendTradingCloud CADJPY,M30: removed
2	14:56:19.418	Custom indicator RSI Divergence Levels CADJPY,M30: removed
2	14:56:19.419	Custom indicator MACD_Volumes-2 CADJPY,M30: removed
2	14:56:19.421	Custom indicator CloudSignalLines CADJPY,M30: removed
2	14:56:19.424	Custom indicator ForexSignals_Momentum_Meter_v1.1 CADJPY,M30: removed
2	14:56:22.151	Custom indicator MBFX Timing EURAUD,M15: removed
2	14:56:22.157	Custom indicator #P4L CandleTime EURAUD,M15: removed
2	14:56:22.160	Custom indicator TURBO PLUS+ EURAUD,M15: removed
2	14:56:22.162	Custom indicator ALERT SIGNAL EURAUD,M15: removed
2	14:56:22.164	Custom indicator TrendTradingCloud EURAUD,M15: removed
2	14:56:22.166	Custom indicator RSI Divergence Levels EURAUD,M15: removed
2	14:56:22.168	Custom indicator MACD_Volumes-2 EURAUD,M15: removed
2	14:56:22.171	Custom indicator CloudSignalLines EURAUD,M15: removed
2	14:56:25.008	Custom indicator MBFX Timing EURGBP,M15: removed
2	14:56:25.013	Custom indicator #P4L CandleTime EURGBP,M15: removed
2	14:56:25.014	Custom indicator TURBO PLUS+ EURGBP,M15: removed
2	14:56:25.016	Custom indicator ALERT SIGNAL EURGBP,M15: removed
2	14:56:25.018	Custom indicator TrendTradingCloud EURGBP,M15: removed
2	14:56:25.020	Custom indicator RSI Divergence Levels EURGBP,M15: removed
2	14:56:25.022	Custom indicator MACD_Volumes-2 EURGBP,M15: removed
2	14:56:25.024	Custom indicator CloudSignalLines EURGBP,M15: removed
2	14:56:27.869	Custom indicator MBFX Timing CADCHF,M15: removed
2	14:56:27.873	Custom indicator #P4L CandleTime CADCHF,M15: removed
2	14:56:27.875	Custom indicator TURBO PLUS+ CADCHF,M15: removed
2	14:56:27.877	Custom indicator ALERT SIGNAL CADCHF,M15: removed
2	14:56:27.879	Custom indicator TrendTradingCloud CADCHF,M15: removed
2	14:56:27.880	Custom indicator RSI Divergence Levels CADCHF,M15: removed
2	14:56:27.882	Custom indicator MACD_Volumes-2 CADCHF,M15: removed
2	14:56:27.885	Custom indicator CloudSignalLines CADCHF,M15: removed
2	14:57:44.374	Custom indicator MBFX Timing EURAUD,M15: removed
2	14:57:44.381	Custom indicator #P4L CandleTime EURAUD,M15: removed
2	14:57:44.382	Custom indicator TURBO PLUS+ EURAUD,M15: removed
2	14:57:44.384	Custom indicator ALERT SIGNAL EURAUD,M15: removed
2	14:57:44.385	Custom indicator TrendTradingCloud EURAUD,M15: removed
2	14:57:44.387	Custom indicator RSI Divergence Levels EURAUD,M15: removed
2	14:57:44.390	Custom indicator MACD_Volumes-2 EURAUD,M15: removed
2	14:57:44.392	Custom indicator CloudSignalLines EURAUD,M15: removed
2	14:57:50.738	Custom indicator MBFX Timing AUDCAD,M15: removed
2	14:57:50.742	Custom indicator #P4L CandleTime AUDCAD,M15: removed
2	14:57:50.744	Custom indicator TURBO PLUS+ AUDCAD,M15: removed
2	14:57:50.745	Custom indicator ALERT SIGNAL AUDCAD,M15: removed
2	14:57:50.747	Custom indicator TrendTradingCloud AUDCAD,M15: removed
2	14:57:50.749	Custom indicator RSI Divergence Levels AUDCAD,M15: removed
2	14:57:50.751	Custom indicator MACD_Volumes-2 AUDCAD,M15: removed
2	14:57:50.753	Custom indicator CloudSignalLines AUDCAD,M15: removed
2	14:57:53.630	Custom indicator MBFX Timing AUDJPY,M15: removed
2	14:57:53.634	Custom indicator #P4L CandleTime AUDJPY,M15: removed
2	14:57:53.636	Custom indicator TURBO PLUS+ AUDJPY,M15: removed
2	14:57:53.637	Custom indicator ALERT SIGNAL AUDJPY,M15: removed
2	14:57:53.639	Custom indicator TrendTradingCloud AUDJPY,M15: removed
2	14:57:53.640	Custom indicator RSI Divergence Levels AUDJPY,M15: removed
2	14:57:53.642	Custom indicator MACD_Volumes-2 AUDJPY,M15: removed
2	14:57:53.644	Custom indicator CloudSignalLines AUDJPY,M15: removed
2	14:58:00.379	Custom indicator MBFX Timing GBPCAD,H1: removed
2	14:58:00.390	Expert Admiral - Mini Terminal GBPCAD,H1: removed
2	14:58:00.392	Custom indicator #P4L CandleTime GBPCAD,H1: removed
2	14:58:00.394	Custom indicator TURBO PLUS+ GBPCAD,H1: removed
2	14:58:00.396	Custom indicator ALERT SIGNAL GBPCAD,H1: removed
2	14:58:00.398	Custom indicator TrendTradingCloud GBPCAD,H1: removed
2	14:58:00.399	Custom indicator RSI Divergence Levels GBPCAD,H1: removed
2	14:58:00.401	Custom indicator MACD_Volumes-2 GBPCAD,H1: removed
2	14:58:00.403	Custom indicator CloudSignalLines GBPCAD,H1: removed
2	14:58:08.382	Custom indicator MBFX Timing GBPUSD,H4: removed
2	14:58:08.390	Custom indicator #P4L CandleTime GBPUSD,H4: removed
2	14:58:08.392	Custom indicator TURBO PLUS+ GBPUSD,H4: removed
2	14:58:08.393	Custom indicator ALERT SIGNAL GBPUSD,H4: removed
2	14:58:08.395	Custom indicator TrendTradingCloud GBPUSD,H4: removed
2	14:58:08.397	Custom indicator RSI Divergence Levels GBPUSD,H4: removed
2	14:58:08.399	Custom indicator MACD_Volumes-2 GBPUSD,H4: removed
2	14:58:08.401	Custom indicator CloudSignalLines GBPUSD,H4: removed
2	14:58:48.167	Custom indicator MBFX Timing EURJPY,M15: removed
2	14:58:48.173	Custom indicator #P4L CandleTime EURJPY,M15: removed
2	14:58:48.174	Custom indicator TURBO PLUS+ EURJPY,M15: removed
2	14:58:48.176	Custom indicator ALERT SIGNAL EURJPY,M15: removed
2	14:58:48.177	Custom indicator TrendTradingCloud EURJPY,M15: removed
2	14:58:48.179	Custom indicator RSI Divergence Levels EURJPY,M15: removed
2	14:58:48.180	Custom indicator MACD_Volumes-2 EURJPY,M15: removed
2	14:58:48.182	Custom indicator CloudSignalLines EURJPY,M15: removed
2	14:59:00.415	Custom indicator MBFX Timing AUDCHF,H1: removed
2	14:59:00.426	Expert Admiral - Mini Terminal AUDCHF,H1: removed
2	14:59:00.428	Custom indicator #P4L CandleTime AUDCHF,H1: removed
2	14:59:00.430	Custom indicator TURBO PLUS+ AUDCHF,H1: removed
2	14:59:00.432	Custom indicator ALERT SIGNAL AUDCHF,H1: removed
2	14:59:00.433	Custom indicator TrendTradingCloud AUDCHF,H1: removed
2	14:59:00.435	Custom indicator RSI Divergence Levels AUDCHF,H1: removed
2	14:59:00.436	Custom indicator MACD_Volumes-2 AUDCHF,H1: removed
2	14:59:00.438	Custom indicator CloudSignalLines AUDCHF,H1: removed
2	14:59:26.593	Custom indicator MBFX Timing NZDUSD,M15: removed
2	14:59:26.600	Custom indicator #P4L CandleTime NZDUSD,M15: removed
2	14:59:26.603	Custom indicator TURBO PLUS+ NZDUSD,M15: removed
2	14:59:26.606	Custom indicator ALERT SIGNAL NZDUSD,M15: removed
2	14:59:26.608	Custom indicator TrendTradingCloud NZDUSD,M15: removed
2	14:59:26.611	Custom indicator RSI Divergence Levels NZDUSD,M15: removed
2	14:59:26.613	Custom indicator MACD_Volumes-2 NZDUSD,M15: removed
2	14:59:26.615	Custom indicator CloudSignalLines NZDUSD,M15: removed
2	14:59:52.193	Custom indicator MBFX Timing USDJPY,H1: removed
2	14:59:52.198	Custom indicator #P4L CandleTime USDJPY,H1: removed
2	14:59:52.199	Custom indicator TURBO PLUS+ USDJPY,H1: removed
2	14:59:52.202	Custom indicator ALERT SIGNAL USDJPY,H1: removed
2	14:59:52.202	Custom indicator TrendTradingCloud USDJPY,H1: removed
2	14:59:52.204	Custom indicator RSI Divergence Levels USDJPY,H1: removed
2	14:59:52.205	Custom indicator MACD_Volumes-2 USDJPY,H1: removed
2	14:59:52.207	Custom indicator CloudSignalLines USDJPY,H1: removed
2	14:59:59.732	Custom indicator MBFX Timing GOLD,H1: removed
2	14:59:59.739	Custom indicator #P4L CandleTime GOLD,H1: removed
2	14:59:59.741	Custom indicator TURBO PLUS+ GOLD,H1: removed
2	14:59:59.742	Custom indicator ALERT SIGNAL GOLD,H1: removed
2	14:59:59.744	Custom indicator TrendTradingCloud GOLD,H1: removed
2	14:59:59.746	Custom indicator RSI Divergence Levels GOLD,H1: removed
2	14:59:59.748	Custom indicator MACD_Volumes-2 GOLD,H1: removed
2	14:59:59.749	Custom indicator CloudSignalLines GOLD,H1: removed
2	15:00:02.305	Custom indicator MBFX Timing [CAC40],H1: removed
2	15:00:02.314	Custom indicator #P4L CandleTime [CAC40],H1: removed
2	15:00:02.316	Custom indicator TURBO PLUS+ [CAC40],H1: removed
2	15:00:02.318	Custom indicator ALERT SIGNAL [CAC40],H1: removed
2	15:00:02.320	Custom indicator TrendTradingCloud [CAC40],H1: removed
2	15:00:02.323	Custom indicator RSI Divergence Levels [CAC40],H1: removed
2	15:00:02.325	Custom indicator MACD_Volumes-2 [CAC40],H1: removed
2	15:00:02.328	Custom indicator CloudSignalLines [CAC40],H1: removed
2	15:00:11.137	Custom indicator MBFX Timing NZDUSD,H1: removed
2	15:00:11.141	Custom indicator #P4L CandleTime NZDUSD,H1: removed
2	15:00:11.143	Custom indicator TURBO PLUS+ NZDUSD,H1: removed
2	15:00:11.144	Custom indicator ALERT SIGNAL NZDUSD,H1: removed
2	15:00:11.145	Custom indicator TrendTradingCloud NZDUSD,H1: removed
2	15:00:11.147	Custom indicator RSI Divergence Levels NZDUSD,H1: removed
2	15:00:11.148	Custom indicator MACD_Volumes-2 NZDUSD,H1: removed
2	15:00:11.149	Custom indicator CloudSignalLines NZDUSD,H1: removed
2	15:00:15.593	Custom indicator MBFX Timing [CAC40],H1: removed
2	15:00:15.598	Custom indicator #P4L CandleTime [CAC40],H1: removed
2	15:00:15.599	Custom indicator TURBO PLUS+ [CAC40],H1: removed
2	15:00:15.601	Custom indicator ALERT SIGNAL [CAC40],H1: removed
2	15:00:15.602	Custom indicator TrendTradingCloud [CAC40],H1: removed
2	15:00:15.604	Custom indicator RSI Divergence Levels [CAC40],H1: removed
2	15:00:15.606	Custom indicator MACD_Volumes-2 [CAC40],H1: removed
2	15:00:15.607	Custom indicator CloudSignalLines [CAC40],H1: removed
2	15:00:33.903	Custom indicator MBFX Timing GBPUSD,M1: removed
2	15:00:33.908	Custom indicator #P4L CandleTime GBPUSD,M1: removed
2	15:00:33.909	Custom indicator TURBO PLUS+ GBPUSD,M1: removed
2	15:00:33.911	Custom indicator ALERT SIGNAL GBPUSD,M1: removed
2	15:00:33.912	Custom indicator TrendTradingCloud GBPUSD,M1: removed
2	15:00:33.914	Custom indicator RSI Divergence Levels GBPUSD,M1: removed
2	15:00:33.917	Custom indicator MACD_Volumes-2 GBPUSD,M1: removed
2	15:00:33.918	Custom indicator CloudSignalLines GBPUSD,M1: removed
2	15:00:33.921	Custom indicator ForexSignals_Momentum_Meter_v1.1 GBPUSD,M1: removed
2	15:02:01.600	Custom indicator #P4L CandleTime AUDNZD,H1: loaded successfully
2	15:02:01.607	Custom indicator TURBO PLUS+ AUDNZD,H1: loaded successfully
2	15:02:01.619	Custom indicator ALERT SIGNAL AUDNZD,H1: loaded successfully
2	15:02:01.630	Custom indicator Trend Trading\TrendTradingCloud AUDNZD,H1: loaded successfully
2	15:02:01.640	Custom indicator RSI Divergence Levels AUDNZD,H1: loaded successfully
2	15:02:01.650	Custom indicator MACD_Volumes-2 AUDNZD,H1: loaded successfully
2	15:02:01.659	Custom indicator Trend Trading\CloudSignalLines AUDNZD,H1: loaded successfully
2	15:02:01.677	Custom indicator Rabokona Indicator\ForexSignals_Momentum_Meter_v1.1 AUDNZD,H1: loaded successfully
2	15:02:03.151	Custom indicator MBFX Timing AUDNZD,H1: loaded successfully
2	15:06:52.926	Custom indicator #P4L CandleTime GBPCHF,H1: loaded successfully
2	15:06:52.933	Custom indicator TURBO PLUS+ GBPCHF,H1: loaded successfully
2	15:06:52.942	Custom indicator ALERT SIGNAL GBPCHF,H1: loaded successfully
2	15:06:52.950	Custom indicator Trend Trading\TrendTradingCloud GBPCHF,H1: loaded successfully
2	15:06:52.959	Custom indicator RSI Divergence Levels GBPCHF,H1: loaded successfully
2	15:06:52.968	Custom indicator MACD_Volumes-2 GBPCHF,H1: loaded successfully
2	15:06:52.975	Custom indicator Trend Trading\CloudSignalLines GBPCHF,H1: loaded successfully
2	15:06:52.992	Custom indicator Rabokona Indicator\ForexSignals_Momentum_Meter_v1.1 GBPCHF,H1: loaded successfully
2	15:06:54.502	Custom indicator MBFX Timing GBPCHF,H1: loaded successfully
0	15:07:54.148	'27123197': order sell market 0.10 GBPCHF sl: 0.00000 tp: 0.00000
0	15:07:54.588	'27123197': order was opened : #65317324 sell 0.10 GBPCHF at 1.20837 sl: 0.00000 tp: 0.00000
0	15:11:13.970	'27123197': modify order #65317324 sell 0.10 GBPCHF at 1.20837 sl: 0.00000 tp: 0.00000 -> sl: 1.21173 tp: 1.20668
0	15:11:14.276	'27123197': order #65317324 sell 0.10 GBPCHF at 1.20837 was modified -> sl: 1.21173 tp: 1.20668
2	15:13:51.334	Custom indicator MBFX Timing AUDNZD,H1: removed
2	15:13:51.338	Custom indicator #P4L CandleTime AUDNZD,H1: removed
2	15:13:51.339	Custom indicator TURBO PLUS+ AUDNZD,H1: removed
2	15:13:51.341	Custom indicator ALERT SIGNAL AUDNZD,H1: removed
2	15:13:51.342	Custom indicator TrendTradingCloud AUDNZD,H1: removed
2	15:13:51.343	Custom indicator RSI Divergence Levels AUDNZD,H1: removed
2	15:13:51.345	Custom indicator MACD_Volumes-2 AUDNZD,H1: removed
2	15:13:51.348	Custom indicator CloudSignalLines AUDNZD,H1: removed
2	15:13:51.351	Custom indicator ForexSignals_Momentum_Meter_v1.1 AUDNZD,H1: removed
2	15:14:10.594	Custom indicator MBFX Timing EURNZD,H1: removed
2	15:14:10.600	Custom indicator #P4L CandleTime EURNZD,H1: removed
2	15:14:10.602	Custom indicator TURBO PLUS+ EURNZD,H1: removed
2	15:14:10.603	Custom indicator ALERT SIGNAL EURNZD,H1: removed
2	15:14:10.605	Custom indicator TrendTradingCloud EURNZD,H1: removed
2	15:14:10.606	Custom indicator RSI Divergence Levels EURNZD,H1: removed
2	15:14:10.608	Custom indicator MACD_Volumes-2 EURNZD,H1: removed
2	15:14:10.610	Custom indicator CloudSignalLines EURNZD,H1: removed
2	15:14:10.614	Custom indicator ForexSignals_Momentum_Meter_v1.1 EURNZD,H1: removed
2	15:14:41.159	Custom indicator #P4L CandleTime EURAUD,H1: loaded successfully
2	15:14:41.168	Custom indicator TURBO PLUS+ EURAUD,H1: loaded successfully
2	15:14:41.177	Custom indicator ALERT SIGNAL EURAUD,H1: loaded successfully
2	15:14:41.185	Custom indicator Trend Trading\TrendTradingCloud EURAUD,H1: loaded successfully
2	15:14:41.195	Custom indicator RSI Divergence Levels EURAUD,H1: loaded successfully
2	15:14:41.204	Custom indicator MACD_Volumes-2 EURAUD,H1: loaded successfully
2	15:14:41.212	Custom indicator Trend Trading\CloudSignalLines EURAUD,H1: loaded successfully
2	15:14:41.231	Custom indicator Rabokona Indicator\ForexSignals_Momentum_Meter_v1.1 EURAUD,H1: loaded successfully
2	15:14:42.718	Custom indicator MBFX Timing EURAUD,H1: loaded successfully
2	15:15:05.966	Custom indicator MBFX Timing EURAUD,H1: removed
2	15:15:07.338	Custom indicator MBFX Timing EURAUD,Daily: loaded successfully
2	15:17:31.577	Custom indicator #P4L CandleTime GBPAUD,H1: loaded successfully
2	15:17:31.586	Custom indicator TURBO PLUS+ GBPAUD,H1: loaded successfully
2	15:17:31.594	Custom indicator ALERT SIGNAL GBPAUD,H1: loaded successfully
2	15:17:31.604	Custom indicator Trend Trading\TrendTradingCloud GBPAUD,H1: loaded successfully
2	15:17:31.612	Custom indicator RSI Divergence Levels GBPAUD,H1: loaded successfully
2	15:17:31.623	Custom indicator MACD_Volumes-2 GBPAUD,H1: loaded successfully
2	15:17:31.632	Custom indicator Trend Trading\CloudSignalLines GBPAUD,H1: loaded successfully
2	15:17:31.649	Custom indicator Rabokona Indicator\ForexSignals_Momentum_Meter_v1.1 GBPAUD,H1: loaded successfully
2	15:17:33.067	Custom indicator MBFX Timing GBPAUD,H1: loaded successfully
2	15:19:29.722	Custom indicator MBFX Timing GBPAUD,H1: removed
2	15:19:29.727	Custom indicator #P4L CandleTime GBPAUD,H1: removed
2	15:19:29.729	Custom indicator TURBO PLUS+ GBPAUD,H1: removed
2	15:19:29.730	Custom indicator ALERT SIGNAL GBPAUD,H1: removed
2	15:19:29.732	Custom indicator TrendTradingCloud GBPAUD,H1: removed
2	15:19:29.733	Custom indicator RSI Divergence Levels GBPAUD,H1: removed
2	15:19:29.736	Custom indicator MACD_Volumes-2 GBPAUD,H1: removed
2	15:19:29.738	Custom indicator CloudSignalLines GBPAUD,H1: removed
2	15:19:29.742	Custom indicator ForexSignals_Momentum_Meter_v1.1 GBPAUD,H1: removed
2	15:19:38.049	Custom indicator #P4L CandleTime USDCAD,H1: loaded successfully
2	15:19:38.056	Custom indicator TURBO PLUS+ USDCAD,H1: loaded successfully
2	15:19:38.064	Custom indicator ALERT SIGNAL USDCAD,H1: loaded successfully
2	15:19:38.072	Custom indicator Trend Trading\TrendTradingCloud USDCAD,H1: loaded successfully
2	15:19:38.080	Custom indicator RSI Divergence Levels USDCAD,H1: loaded successfully
2	15:19:38.088	Custom indicator MACD_Volumes-2 USDCAD,H1: loaded successfully
2	15:19:38.095	Custom indicator Trend Trading\CloudSignalLines USDCAD,H1: loaded successfully
2	15:19:38.111	Custom indicator Rabokona Indicator\ForexSignals_Momentum_Meter_v1.1 USDCAD,H1: loaded successfully
2	15:19:39.538	Custom indicator MBFX Timing USDCAD,H1: loaded successfully
0	15:27:16.839	'27123197': order #65315051 sell 0.10 [NQ100] at 8794.14 closed due stop-loss at price 8847.12
2	15:43:31.830	Custom indicator #P4L CandleTime EURAUD,H1: loaded successfully
2	15:43:31.838	Custom indicator TURBO PLUS+ EURAUD,H1: loaded successfully
2	15:43:31.846	Custom indicator ALERT SIGNAL EURAUD,H1: loaded successfully
2	15:43:31.855	Custom indicator Trend Trading\TrendTradingCloud EURAUD,H1: loaded successfully
2	15:43:31.864	Custom indicator RSI Divergence Levels EURAUD,H1: loaded successfully
2	15:43:31.872	Custom indicator MACD_Volumes-2 EURAUD,H1: loaded successfully
2	15:43:31.879	Custom indicator Trend Trading\CloudSignalLines EURAUD,H1: loaded successfully
2	15:43:31.896	Custom indicator Rabokona Indicator\ForexSignals_Momentum_Meter_v1.1 EURAUD,H1: loaded successfully
2	15:43:33.415	Custom indicator MBFX Timing EURAUD,H1: loaded successfully
2	15:56:36.395	Custom indicator MBFX Timing GBPJPY,H1: removed
2	15:56:39.106	Custom indicator MBFX Timing GBPJPY,M15: loaded successfully
2	16:06:54.205	Custom indicator Rabokona Indicator\ForexSignals-NakedTrading-v1.2 GBPJPY,M15: loaded successfully
3	16:06:54.205	Expert 'ForexSignals-NakedTrading-v1.2' is not custom indicator and will be removed
2	16:06:54.211	Custom indicator ForexSignals-NakedTrading-v1.2 GBPJPY,M15: removed
2	16:07:03.838	Custom indicator Rabokona Indicator\ForexSignals-NakedTrading-v1.2 GBPJPY,M15: loaded successfully
3	16:07:03.838	Expert 'ForexSignals-NakedTrading-v1.2' is not custom indicator and will be removed
2	16:07:03.845	Custom indicator ForexSignals-NakedTrading-v1.2 GBPJPY,M15: removed
2	16:07:04.670	Custom indicator Rabokona Indicator\ForexSignals-NakedTrading-v1.2 GBPJPY,M15: loaded successfully
3	16:07:04.670	Expert 'ForexSignals-NakedTrading-v1.2' is not custom indicator and will be removed
2	16:07:04.676	Custom indicator ForexSignals-NakedTrading-v1.2 GBPJPY,M15: removed
2	16:07:06.507	Custom indicator Rabokona Indicator\ForexSignals-NakedTrading-v1.2 GBPJPY,M15: loaded successfully
3	16:07:06.507	Expert 'ForexSignals-NakedTrading-v1.2' is not custom indicator and will be removed
2	16:07:06.516	Custom indicator ForexSignals-NakedTrading-v1.2 GBPJPY,M15: removed
1	16:14:22.187	'27123197': connect failed [Connection choue]
2	16:31:56.587	Custom indicator MBFX Timing GBPJPY,M15: removed
2	16:32:06.744	Custom indicator MBFX Timing GBPJPY,H1: loaded successfully
3	16:32:14.104	Main pumping: timeout on stop
3	16:32:17.104	Main pumping: timeout on stop
3	16:32:20.105	Main pumping: timeout on stop
3	16:32:23.105	Main pumping: timeout on stop
2	16:32:23.112	Custom indicator MBFX Timing [DJI30],M15: removed
2	16:32:23.118	Custom indicator MBFX Timing [DAX30],M15: removed
2	16:32:23.262	Custom indicator MBFX Timing [NQ100],M15: removed
2	16:32:23.268	Custom indicator MBFX Timing AUDJPY,M15: removed
2	16:32:23.276	Custom indicator MBFX Timing WTI,H1: removed
2	16:32:23.281	Custom indicator MBFX Timing EURNZD,H1: removed
2	16:32:23.287	Custom indicator MBFX Timing GBPJPY,H1: removed
2	16:32:23.290	Custom indicator MBFX Timing GBPCHF,H1: removed
2	16:32:23.295	Custom indicator MBFX Timing EURAUD,Daily: removed
2	16:32:23.301	Custom indicator MBFX Timing USDCAD,H1: removed
2	16:32:23.305	Custom indicator MBFX Timing EURAUD,H1: removed
2	16:32:23.364	Custom indicator #P4L CandleTime [DJI30],M15: removed
2	16:32:23.367	Custom indicator TURBO PLUS+ [DJI30],M15: removed
2	16:32:23.369	Custom indicator ALERT SIGNAL [DJI30],M15: removed
2	16:32:23.370	Custom indicator TrendTradingCloud [DJI30],M15: removed
2	16:32:23.372	Custom indicator RSI Divergence Levels [DJI30],M15: removed
2	16:32:23.373	Custom indicator MACD_Volumes-2 [DJI30],M15: removed
2	16:32:23.376	Custom indicator CloudSignalLines [DJI30],M15: removed
2	16:32:23.378	Custom indicator #P4L CandleTime [DAX30],M15: removed
2	16:32:23.380	Custom indicator TURBO PLUS+ [DAX30],M15: removed
2	16:32:23.381	Custom indicator ALERT SIGNAL [DAX30],M15: removed
2	16:32:23.383	Custom indicator TrendTradingCloud [DAX30],M15: removed
2	16:32:23.384	Custom indicator RSI Divergence Levels [DAX30],M15: removed
2	16:32:23.385	Custom indicator MACD_Volumes-2 [DAX30],M15: removed
2	16:32:23.387	Custom indicator CloudSignalLines [DAX30],M15: removed
2	16:32:23.394	Expert Acuity Market Alerts [NQ100],M15: removed
2	16:32:23.396	Custom indicator #P4L CandleTime [NQ100],M15: removed
2	16:32:23.397	Custom indicator TURBO PLUS+ [NQ100],M15: removed
2	16:32:23.399	Custom indicator ALERT SIGNAL [NQ100],M15: removed
2	16:32:23.400	Custom indicator TrendTradingCloud [NQ100],M15: removed
2	16:32:23.402	Custom indicator RSI Divergence Levels [NQ100],M15: removed
2	16:32:23.403	Custom indicator MACD_Volumes-2 [NQ100],M15: removed
2	16:32:23.404	Custom indicator CloudSignalLines [NQ100],M15: removed
2	16:32:23.409	Expert Admiral - Connect AUDJPY,M15: removed
2	16:32:25.539	Custom indicator #P4L CandleTime AUDJPY,M15: removed
2	16:32:25.541	Custom indicator TURBO PLUS+ AUDJPY,M15: removed
2	16:32:25.542	Custom indicator ALERT SIGNAL AUDJPY,M15: removed
2	16:32:25.544	Custom indicator TrendTradingCloud AUDJPY,M15: removed
2	16:32:25.545	Custom indicator RSI Divergence Levels AUDJPY,M15: removed
2	16:32:25.547	Custom indicator MACD_Volumes-2 AUDJPY,M15: removed
2	16:32:25.548	Custom indicator CloudSignalLines AUDJPY,M15: removed
2	16:32:25.551	Custom indicator #P4L CandleTime WTI,H1: removed
2	16:32:25.552	Custom indicator TURBO PLUS+ WTI,H1: removed
2	16:32:25.553	Custom indicator ALERT SIGNAL WTI,H1: removed
2	16:32:25.555	Custom indicator TrendTradingCloud WTI,H1: removed
2	16:32:25.556	Custom indicator RSI Divergence Levels WTI,H1: removed
2	16:32:25.558	Custom indicator MACD_Volumes-2 WTI,H1: removed
2	16:32:25.559	Custom indicator CloudSignalLines WTI,H1: removed
2	16:32:25.561	Custom indicator #P4L CandleTime EURNZD,H1: removed
2	16:32:25.563	Custom indicator TURBO PLUS+ EURNZD,H1: removed
2	16:32:25.564	Custom indicator ALERT SIGNAL EURNZD,H1: removed
2	16:32:25.566	Custom indicator TrendTradingCloud EURNZD,H1: removed
2	16:32:25.568	Custom indicator RSI Divergence Levels EURNZD,H1: removed
2	16:32:25.569	Custom indicator MACD_Volumes-2 EURNZD,H1: removed
2	16:32:25.571	Custom indicator CloudSignalLines EURNZD,H1: removed
2	16:32:25.580	Custom indicator #P4L CandleTime GBPJPY,H1: removed
2	16:32:25.581	Custom indicator TURBO PLUS+ GBPJPY,H1: removed
2	16:32:25.583	Custom indicator ALERT SIGNAL GBPJPY,H1: removed
2	16:32:25.584	Custom indicator TrendTradingCloud GBPJPY,H1: removed
2	16:32:25.586	Custom indicator RSI Divergence Levels GBPJPY,H1: removed
2	16:32:25.587	Custom indicator MACD_Volumes-2 GBPJPY,H1: removed
2	16:32:25.588	Custom indicator CloudSignalLines GBPJPY,H1: removed
2	16:32:25.591	Custom indicator ForexSignals_Momentum_Meter_v1.1 GBPJPY,H1: removed
2	16:32:25.593	Custom indicator #P4L CandleTime GBPCHF,H1: removed
2	16:32:25.596	Custom indicator TURBO PLUS+ GBPCHF,H1: removed
2	16:32:25.597	Custom indicator ALERT SIGNAL GBPCHF,H1: removed
2	16:32:25.599	Custom indicator TrendTradingCloud GBPCHF,H1: removed
2	16:32:25.600	Custom indicator RSI Divergence Levels GBPCHF,H1: removed
2	16:32:25.601	Custom indicator MACD_Volumes-2 GBPCHF,H1: removed
2	16:32:25.603	Custom indicator CloudSignalLines GBPCHF,H1: removed
2	16:32:25.606	Custom indicator ForexSignals_Momentum_Meter_v1.1 GBPCHF,H1: removed
2	16:32:25.608	Custom indicator #P4L CandleTime EURAUD,Daily: removed
2	16:32:25.610	Custom indicator TURBO PLUS+ EURAUD,Daily: removed
2	16:32:25.611	Custom indicator ALERT SIGNAL EURAUD,Daily: removed
2	16:32:25.612	Custom indicator TrendTradingCloud EURAUD,Daily: removed
2	16:32:25.615	Custom indicator RSI Divergence Levels EURAUD,Daily: removed
2	16:32:25.616	Custom indicator MACD_Volumes-2 EURAUD,Daily: removed
2	16:32:25.617	Custom indicator CloudSignalLines EURAUD,Daily: removed
2	16:32:25.620	Custom indicator ForexSignals_Momentum_Meter_v1.1 EURAUD,Daily: removed
2	16:32:25.622	Custom indicator #P4L CandleTime USDCAD,H1: removed
2	16:32:25.624	Custom indicator TURBO PLUS+ USDCAD,H1: removed
2	16:32:25.625	Custom indicator ALERT SIGNAL USDCAD,H1: removed
2	16:32:25.627	Custom indicator TrendTradingCloud USDCAD,H1: removed
2	16:32:25.628	Custom indicator RSI Divergence Levels USDCAD,H1: removed
2	16:32:25.629	Custom indicator MACD_Volumes-2 USDCAD,H1: removed
2	16:32:25.631	Custom indicator CloudSignalLines USDCAD,H1: removed
2	16:32:25.634	Custom indicator ForexSignals_Momentum_Meter_v1.1 USDCAD,H1: removed
2	16:32:25.639	Custom indicator #P4L CandleTime EURAUD,H1: removed
2	16:32:25.641	Custom indicator TURBO PLUS+ EURAUD,H1: removed
2	16:32:25.642	Custom indicator ALERT SIGNAL EURAUD,H1: removed
2	16:32:25.644	Custom indicator TrendTradingCloud EURAUD,H1: removed
2	16:32:25.645	Custom indicator RSI Divergence Levels EURAUD,H1: removed
2	16:32:25.647	Custom indicator MACD_Volumes-2 EURAUD,H1: removed
2	16:32:25.649	Custom indicator CloudSignalLines EURAUD,H1: removed
2	16:32:25.651	Custom indicator ForexSignals_Momentum_Meter_v1.1 EURAUD,H1: removed
0	16:32:25.917	Admiral Markets build 1260 stopped
0	16:43:06.150	Admiral Markets build 1260 started (Admiral Markets Group AS)
0	16:43:06.150	Windows 10 Pro x64, IE 11, UAC, 8 x Intel Core i7-10510U  @ 1.80GHz, Memory: 2675 / 8014 Mb, Disk: 87 / 237 Gb, GMT+3
0	16:43:06.150	Data Folder: C:\Users\SRIE\AppData\Roaming\MetaQuotes\Terminal\51337600F56B69473E15EAFB8A7586B4
2	16:43:07.931	Custom indicator #P4L CandleTime [DJI30],M15: loaded successfully
2	16:43:07.939	Custom indicator TURBO PLUS+ [DJI30],M15: loaded successfully
2	16:43:07.949	Custom indicator ALERT SIGNAL [DJI30],M15: loaded successfully
2	16:43:07.957	Custom indicator Trend Trading\TrendTradingCloud [DJI30],M15: loaded successfully
2	16:43:07.966	Custom indicator RSI Divergence Levels [DJI30],M15: loaded successfully
2	16:43:07.974	Custom indicator MACD_Volumes-2 [DJI30],M15: loaded successfully
2	16:43:07.981	Custom indicator Trend Trading\CloudSignalLines [DJI30],M15: loaded successfully
2	16:43:08.142	Custom indicator MBFX Timing [DJI30],M15: loaded successfully
2	16:43:08.234	Custom indicator #P4L CandleTime [DAX30],M15: loaded successfully
2	16:43:08.241	Custom indicator TURBO PLUS+ [DAX30],M15: loaded successfully
2	16:43:08.250	Custom indicator ALERT SIGNAL [DAX30],M15: loaded successfully
2	16:43:08.257	Custom indicator Trend Trading\TrendTradingCloud [DAX30],M15: loaded successfully
2	16:43:08.265	Custom indicator RSI Divergence Levels [DAX30],M15: loaded successfully
2	16:43:08.273	Custom indicator MACD_Volumes-2 [DAX30],M15: loaded successfully
2	16:43:08.279	Custom indicator Trend Trading\CloudSignalLines [DAX30],M15: loaded successfully
2	16:43:08.442	Custom indicator MBFX Timing [DAX30],M15: loaded successfully
2	16:43:08.535	Custom indicator #P4L CandleTime [NQ100],M15: loaded successfully
2	16:43:08.542	Custom indicator TURBO PLUS+ [NQ100],M15: loaded successfully
2	16:43:08.550	Custom indicator ALERT SIGNAL [NQ100],M15: loaded successfully
2	16:43:08.557	Custom indicator Trend Trading\TrendTradingCloud [NQ100],M15: loaded successfully
2	16:43:08.566	Custom indicator RSI Divergence Levels [NQ100],M15: loaded successfully
2	16:43:08.575	Custom indicator MACD_Volumes-2 [NQ100],M15: loaded successfully
2	16:43:08.581	Custom indicator Trend Trading\CloudSignalLines [NQ100],M15: loaded successfully
2	16:43:08.601	Expert Acuity Market Alerts [NQ100],M15: loaded successfully
2	16:43:08.769	Custom indicator MBFX Timing [NQ100],M15: loaded successfully
2	16:43:08.860	Custom indicator #P4L CandleTime AUDJPY,M15: loaded successfully
2	16:43:08.867	Custom indicator TURBO PLUS+ AUDJPY,M15: loaded successfully
2	16:43:08.875	Custom indicator ALERT SIGNAL AUDJPY,M15: loaded successfully
2	16:43:08.884	Custom indicator Trend Trading\TrendTradingCloud AUDJPY,M15: loaded successfully
2	16:43:08.892	Custom indicator RSI Divergence Levels AUDJPY,M15: loaded successfully
2	16:43:08.900	Custom indicator MACD_Volumes-2 AUDJPY,M15: loaded successfully
2	16:43:08.907	Custom indicator Trend Trading\CloudSignalLines AUDJPY,M15: loaded successfully
2	16:43:08.918	Expert Admiral - Connect AUDJPY,M15: loaded successfully
2	16:43:09.087	Custom indicator MBFX Timing AUDJPY,M15: loaded successfully
2	16:43:09.187	Custom indicator #P4L CandleTime WTI,H1: loaded successfully
2	16:43:09.194	Custom indicator TURBO PLUS+ WTI,H1: loaded successfully
2	16:43:09.203	Custom indicator ALERT SIGNAL WTI,H1: loaded successfully
2	16:43:09.211	Custom indicator Trend Trading\TrendTradingCloud WTI,H1: loaded successfully
2	16:43:09.221	Custom indicator RSI Divergence Levels WTI,H1: loaded successfully
2	16:43:09.229	Custom indicator MACD_Volumes-2 WTI,H1: loaded successfully
2	16:43:09.236	Custom indicator Trend Trading\CloudSignalLines WTI,H1: loaded successfully
2	16:43:09.413	Custom indicator MBFX Timing WTI,H1: loaded successfully
2	16:43:09.514	Custom indicator #P4L CandleTime EURNZD,H1: loaded successfully
2	16:43:09.522	Custom indicator TURBO PLUS+ EURNZD,H1: loaded successfully
2	16:43:09.530	Custom indicator ALERT SIGNAL EURNZD,H1: loaded successfully
2	16:43:09.540	Custom indicator Trend Trading\TrendTradingCloud EURNZD,H1: loaded successfully
2	16:43:09.549	Custom indicator RSI Divergence Levels EURNZD,H1: loaded successfully
2	16:43:09.558	Custom indicator MACD_Volumes-2 EURNZD,H1: loaded successfully
2	16:43:09.565	Custom indicator Trend Trading\CloudSignalLines EURNZD,H1: loaded successfully
2	16:43:09.745	Custom indicator MBFX Timing EURNZD,H1: loaded successfully
2	16:43:09.848	Custom indicator #P4L CandleTime GBPJPY,H1: loaded successfully
2	16:43:09.856	Custom indicator TURBO PLUS+ GBPJPY,H1: loaded successfully
2	16:43:09.866	Custom indicator ALERT SIGNAL GBPJPY,H1: loaded successfully
2	16:43:09.875	Custom indicator Trend Trading\TrendTradingCloud GBPJPY,H1: loaded successfully
2	16:43:09.885	Custom indicator RSI Divergence Levels GBPJPY,H1: loaded successfully
2	16:43:09.894	Custom indicator MACD_Volumes-2 GBPJPY,H1: loaded successfully
2	16:43:09.901	Custom indicator Trend Trading\CloudSignalLines GBPJPY,H1: loaded successfully
2	16:43:09.920	Custom indicator Rabokona Indicator\ForexSignals_Momentum_Meter_v1.1 GBPJPY,H1: loaded successfully
2	16:43:10.146	Custom indicator MBFX Timing GBPJPY,H1: loaded successfully
2	16:43:10.254	Custom indicator #P4L CandleTime GBPCHF,H1: loaded successfully
2	16:43:10.263	Custom indicator TURBO PLUS+ GBPCHF,H1: loaded successfully
2	16:43:10.273	Custom indicator ALERT SIGNAL GBPCHF,H1: loaded successfully
2	16:43:10.283	Custom indicator Trend Trading\TrendTradingCloud GBPCHF,H1: loaded successfully
2	16:43:10.294	Custom indicator RSI Divergence Levels GBPCHF,H1: loaded successfully
2	16:43:10.303	Custom indicator MACD_Volumes-2 GBPCHF,H1: loaded successfully
2	16:43:10.311	Custom indicator Trend Trading\CloudSignalLines GBPCHF,H1: loaded successfully
2	16:43:10.330	Custom indicator Rabokona Indicator\ForexSignals_Momentum_Meter_v1.1 GBPCHF,H1: loaded successfully
2	16:43:10.561	Custom indicator MBFX Timing GBPCHF,H1: loaded successfully
2	16:43:10.672	Custom indicator #P4L CandleTime EURAUD,Daily: loaded successfully
2	16:43:10.681	Custom indicator TURBO PLUS+ EURAUD,Daily: loaded successfully
2	16:43:10.690	Custom indicator ALERT SIGNAL EURAUD,Daily: loaded successfully
2	16:43:10.700	Custom indicator Trend Trading\TrendTradingCloud EURAUD,Daily: loaded successfully
2	16:43:10.710	Custom indicator RSI Divergence Levels EURAUD,Daily: loaded successfully
2	16:43:10.719	Custom indicator MACD_Volumes-2 EURAUD,Daily: loaded successfully
2	16:43:10.727	Custom indicator Trend Trading\CloudSignalLines EURAUD,Daily: loaded successfully
2	16:43:10.745	Custom indicator Rabokona Indicator\ForexSignals_Momentum_Meter_v1.1 EURAUD,Daily: loaded successfully
2	16:43:10.966	Custom indicator MBFX Timing EURAUD,Daily: loaded successfully
2	16:43:11.066	Custom indicator #P4L CandleTime USDCAD,H1: loaded successfully
2	16:43:11.074	Custom indicator TURBO PLUS+ USDCAD,H1: loaded successfully
2	16:43:11.083	Custom indicator ALERT SIGNAL USDCAD,H1: loaded successfully
2	16:43:11.092	Custom indicator Trend Trading\TrendTradingCloud USDCAD,H1: loaded successfully
2	16:43:11.101	Custom indicator RSI Divergence Levels USDCAD,H1: loaded successfully
2	16:43:11.109	Custom indicator MACD_Volumes-2 USDCAD,H1: loaded successfully
2	16:43:11.116	Custom indicator Trend Trading\CloudSignalLines USDCAD,H1: loaded successfully
2	16:43:11.133	Custom indicator Rabokona Indicator\ForexSignals_Momentum_Meter_v1.1 USDCAD,H1: loaded successfully
2	16:43:11.338	Custom indicator MBFX Timing USDCAD,H1: loaded successfully
2	16:43:11.437	Custom indicator #P4L CandleTime EURAUD,H1: loaded successfully
2	16:43:11.444	Custom indicator TURBO PLUS+ EURAUD,H1: loaded successfully
2	16:43:11.453	Custom indicator ALERT SIGNAL EURAUD,H1: loaded successfully
2	16:43:11.461	Custom indicator Trend Trading\TrendTradingCloud EURAUD,H1: loaded successfully
2	16:43:11.471	Custom indicator RSI Divergence Levels EURAUD,H1: loaded successfully
2	16:43:11.479	Custom indicator MACD_Volumes-2 EURAUD,H1: loaded successfully
2	16:43:11.486	Custom indicator Trend Trading\CloudSignalLines EURAUD,H1: loaded successfully
2	16:43:11.502	Custom indicator Rabokona Indicator\ForexSignals_Momentum_Meter_v1.1 EURAUD,H1: loaded successfully
2	16:43:11.714	Custom indicator MBFX Timing EURAUD,H1: loaded successfully
0	16:43:13.268	'27123197': login on AdmiralMarkets-Live through Access Point #4 (ping: 225.07 ms)
0	16:43:15.713	'27123197': login datacenter on AdmiralMarkets-Live through Access Point #4 (ping: 225.07 ms)
0	16:43:16.305	'27123197': previous successful authorization performed from 154.126.10.101
0	16:43:30.446	'27123197': auto connecting to a better access point Access Point #4 (ping is 215.31 ms)
0	16:43:31.286	'27123197': login on AdmiralMarkets-Live through Access Point #4 (ping: 215.31 ms)
0	16:43:33.835	'27123197': login datacenter on AdmiralMarkets-Live through Access Point #4 (ping: 215.31 ms)
0	16:43:34.493	'27123197': previous successful authorization performed from 154.126.10.50
2	16:43:42.136	Custom indicator MBFX Timing GBPJPY,H1: removed
2	16:43:43.627	Custom indicator MBFX Timing GBPJPY,M30: loaded successfully
1	16:48:34.823	'27123197': connect failed [Connection choue]
0	17:35:48.461	'27123197': login on AdmiralMarkets-Live through Access Point #8 (ping: n/a)
0	17:36:01.257	'27123197': login datacenter on AdmiralMarkets-Live through Access Point #8 (ping: n/a)
0	17:36:02.430	'27123197': previous successful authorization performed from 154.126.10.36
0	17:36:16.573	'27123197': ping to current access point Access Point #8 is 622.11 ms
2	17:39:32.202	Custom indicator ForexSignals_Momentum_Meter_v1.1 GBPJPY,M30: removed
0	17:40:14.776	'27123197': order buy market 0.50 [DJI30] sl: 0.00 tp: 0.00
0	17:40:15.814	'27123197': order was opened : #65331765 buy 0.50 [DJI30] at 24574.94 sl: 0.00 tp: 0.00
0	17:40:27.014	'27123197': modify order #65331765 buy 0.50 [DJI30] at 24574.94 sl: 0.00 tp: 0.00 -> sl: 0.00 tp: 24600.00
0	17:40:27.697	'27123197': order #65331765 buy 0.50 [DJI30] at 24574.94 was modified -> sl: 0.00 tp: 24600.00
0	17:45:07.062	'27123197': modify order #65331765 buy 0.50 [DJI30] at 24574.94 sl: 0.00 tp: 24600.00 -> sl: 24398.00 tp: 24600.00
0	17:45:07.765	'27123197': order #65331765 buy 0.50 [DJI30] at 24574.94 was modified -> sl: 24398.00 tp: 24600.00
0	17:49:50.428	'27123197': order #65331765 buy 0.50 [DJI30] at 24574.94 closed due take-profit at price 24602.14
0	17:55:43.344	'27123197': order #65315531 buy 0.10 EURNZD at 1.78358 closed due stop-loss at price 1.77730
2	18:03:41.977	Expert Admiral - Mini Terminal [DAX30],M15: loaded successfully
2	18:09:22.261	Custom indicator MBFX Timing [DAX30],M15: removed
2	18:09:22.369	Custom indicator MBFX Timing [DAX30],M30: loaded successfully
2	18:09:28.570	Custom indicator MBFX Timing [DAX30],M30: removed
2	18:09:28.673	Custom indicator MBFX Timing [DAX30],H1: loaded successfully
2	18:09:50.398	Custom indicator MBFX Timing [DAX30],H1: removed
2	18:09:50.508	Custom indicator MBFX Timing [DAX30],M15: loaded successfully
2	18:10:46.188	Custom indicator MBFX Timing [DAX30],M15: removed
2	18:10:46.291	Custom indicator MBFX Timing [DAX30],M30: loaded successfully
2	18:10:49.828	Custom indicator MBFX Timing [DAX30],M30: removed
2	18:10:49.934	Custom indicator MBFX Timing [DAX30],H1: loaded successfully
2	18:10:53.735	Custom indicator MBFX Timing [DAX30],H1: removed
2	18:10:53.839	Custom indicator MBFX Timing [DAX30],M30: loaded successfully
1	18:32:39.839	'27123197': connect failed [Connection choue]
0	20:00:53.930	'27123197': login on AdmiralMarkets-Live through Access Point #4 (ping: n/a)
0	20:02:15.934	'27123197': login datacenter on AdmiralMarkets-Live
0	20:02:28.312	'27123197': login on AdmiralMarkets-Live through Access Point #8 (ping: n/a)
0	20:02:35.289	'27123197': auto connecting to a better access point Access Point #4 (ping is 246.63 ms)
1	20:02:35.520	'27123197': datacenter connecting failed [6]
0	20:02:44.361	'27123197': login on AdmiralMarkets-Live through Access Point #4 (ping: 246.63 ms)
0	20:03:13.289	'27123197': login datacenter on AdmiralMarkets-Live through Access Point #3 (ping: 255.51 ms)
0	20:03:19.699	'27123197': login on AdmiralMarkets-Live through Access Point #4 (ping: 246.63 ms)
0	20:03:22.785	'27123197': login datacenter on AdmiralMarkets-Live through Access Point #4 (ping: 246.63 ms)
0	20:03:23.711	'27123197': previous successful authorization performed from 154.126.10.81
2	20:10:29.325	Custom indicator MBFX Timing EURNZD,H1: removed
2	20:10:29.330	Custom indicator #P4L CandleTime EURNZD,H1: removed
2	20:10:29.331	Custom indicator TURBO PLUS+ EURNZD,H1: removed
2	20:10:29.333	Custom indicator ALERT SIGNAL EURNZD,H1: removed
2	20:10:29.334	Custom indicator TrendTradingCloud EURNZD,H1: removed
2	20:10:29.335	Custom indicator RSI Divergence Levels EURNZD,H1: removed
2	20:10:29.337	Custom indicator MACD_Volumes-2 EURNZD,H1: removed
2	20:10:29.338	Custom indicator CloudSignalLines EURNZD,H1: removed
2	20:10:33.756	Custom indicator MBFX Timing GBPCHF,H1: removed
2	20:10:33.762	Custom indicator #P4L CandleTime GBPCHF,H1: removed
2	20:10:33.763	Custom indicator TURBO PLUS+ GBPCHF,H1: removed
2	20:10:33.764	Custom indicator ALERT SIGNAL GBPCHF,H1: removed
2	20:10:33.766	Custom indicator TrendTradingCloud GBPCHF,H1: removed
2	20:10:33.767	Custom indicator RSI Divergence Levels GBPCHF,H1: removed
2	20:10:33.768	Custom indicator MACD_Volumes-2 GBPCHF,H1: removed
2	20:10:33.770	Custom indicator CloudSignalLines GBPCHF,H1: removed
2	20:10:33.772	Custom indicator ForexSignals_Momentum_Meter_v1.1 GBPCHF,H1: removed
2	20:10:42.345	Custom indicator MBFX Timing EURAUD,Daily: removed
2	20:10:42.352	Custom indicator #P4L CandleTime EURAUD,Daily: removed
2	20:10:42.354	Custom indicator TURBO PLUS+ EURAUD,Daily: removed
2	20:10:42.355	Custom indicator ALERT SIGNAL EURAUD,Daily: removed
2	20:10:42.356	Custom indicator TrendTradingCloud EURAUD,Daily: removed
2	20:10:42.358	Custom indicator RSI Divergence Levels EURAUD,Daily: removed
2	20:10:42.360	Custom indicator MACD_Volumes-2 EURAUD,Daily: removed
2	20:10:42.361	Custom indicator CloudSignalLines EURAUD,Daily: removed
2	20:10:42.364	Custom indicator ForexSignals_Momentum_Meter_v1.1 EURAUD,Daily: removed
2	20:10:44.844	Custom indicator MBFX Timing USDCAD,H1: removed
2	20:10:44.852	Custom indicator #P4L CandleTime USDCAD,H1: removed
2	20:10:44.854	Custom indicator TURBO PLUS+ USDCAD,H1: removed
2	20:10:44.855	Custom indicator ALERT SIGNAL USDCAD,H1: removed
2	20:10:44.857	Custom indicator TrendTradingCloud USDCAD,H1: removed
2	20:10:44.858	Custom indicator RSI Divergence Levels USDCAD,H1: removed
2	20:10:44.859	Custom indicator MACD_Volumes-2 USDCAD,H1: removed
2	20:10:44.861	Custom indicator CloudSignalLines USDCAD,H1: removed
2	20:10:44.864	Custom indicator ForexSignals_Momentum_Meter_v1.1 USDCAD,H1: removed
2	20:10:47.672	Custom indicator MBFX Timing EURAUD,H1: removed
2	20:10:47.677	Custom indicator #P4L CandleTime EURAUD,H1: removed
2	20:10:47.680	Custom indicator TURBO PLUS+ EURAUD,H1: removed
2	20:10:47.681	Custom indicator ALERT SIGNAL EURAUD,H1: removed
2	20:10:47.681	Custom indicator TrendTradingCloud EURAUD,H1: removed
2	20:10:47.683	Custom indicator RSI Divergence Levels EURAUD,H1: removed
2	20:10:47.684	Custom indicator MACD_Volumes-2 EURAUD,H1: removed
2	20:10:47.685	Custom indicator CloudSignalLines EURAUD,H1: removed
2	20:10:47.688	Custom indicator ForexSignals_Momentum_Meter_v1.1 EURAUD,H1: removed
2	20:11:12.409	Expert Admiral - Market Manager [DJI30],M15: loaded successfully
0	20:16:03.607	HistoryCenter: synchronize 'GBPJPY30'
0	20:16:24.614	HistoryCenter: synchronize 'GBPJPY30'
0	20:16:31.133	HistoryCenter: 2104 bars imported in 'GBPJPY30'
1	20:18:08.184	'27123197': ping failed
1	20:18:08.186	'27123197': datacenter connecting failed [6]
0	20:18:09.576	'27123197': login on AdmiralMarkets-Live through Access Point #3 (ping: 255.51 ms)
0	20:18:17.994	'27123197': login datacenter on AdmiralMarkets-Live through Access Point #3 (ping: 255.51 ms)
0	20:18:19.665	'27123197': previous successful authorization performed from 154.126.10.81
2	20:23:37.751	Expert Admiral - Sentiment Trader GBPUSD,H1: loaded successfully
2	20:24:46.800	Expert Admiral - Sentiment Trader GBPUSD,H1: removed
2	20:24:51.837	Expert Admiral - Tick Chart Trader GBPUSD,H1: loaded successfully
2	20:25:06.298	Expert Admiral - Market Manager [DJI30],M15: removed
2	20:25:45.870	Expert Admiral - Tick Chart Trader GBPUSD,H1: removed
1	20:25:57.508	'27123197': datacenter connecting failed [6]
1	20:25:57.836	'27123197': connect failed [Connection choue]
0	21:47:28.072	System to be shutdown, request for close Admiral Markets
3	21:47:31.321	Main pumping: timeout on stop
0	21:50:07.510	Admiral Markets build 1260 started (Admiral Markets Group AS)
0	21:50:07.510	Windows 10 Pro x64, IE 11, UAC, 8 x Intel Core i7-10510U  @ 1.80GHz, Memory: 3370 / 8014 Mb, Disk: 89 / 237 Gb, GMT+3
0	21:50:07.510	Data Folder: C:\Users\SRIE\AppData\Roaming\MetaQuotes\Terminal\51337600F56B69473E15EAFB8A7586B4
2	21:50:09.750	Custom indicator #P4L CandleTime [DJI30],M15: loaded successfully
2	21:50:09.766	Custom indicator TURBO PLUS+ [DJI30],M15: loaded successfully
2	21:50:09.766	Custom indicator ALERT SIGNAL [DJI30],M15: loaded successfully
2	21:50:09.781	Custom indicator Trend Trading\TrendTradingCloud [DJI30],M15: loaded successfully
2	21:50:09.797	Custom indicator RSI Divergence Levels [DJI30],M15: loaded successfully
2	21:50:09.812	Custom indicator MACD_Volumes-2 [DJI30],M15: loaded successfully
2	21:50:09.812	Custom indicator Trend Trading\CloudSignalLines [DJI30],M15: loaded successfully
2	21:50:09.828	Expert Admiral - Market Manager [DJI30],M15: loaded successfully
2	21:50:10.062	Custom indicator MBFX Timing [DJI30],M15: loaded successfully
2	21:50:10.203	Custom indicator #P4L CandleTime [DAX30],M30: loaded successfully
2	21:50:10.203	Custom indicator TURBO PLUS+ [DAX30],M30: loaded successfully
2	21:50:10.219	Custom indicator ALERT SIGNAL [DAX30],M30: loaded successfully
2	21:50:10.234	Custom indicator Trend Trading\TrendTradingCloud [DAX30],M30: loaded successfully
2	21:50:10.234	Custom indicator RSI Divergence Levels [DAX30],M30: loaded successfully
2	21:50:10.250	Custom indicator MACD_Volumes-2 [DAX30],M30: loaded successfully
2	21:50:10.265	Custom indicator Trend Trading\CloudSignalLines [DAX30],M30: loaded successfully
2	21:50:10.297	Expert Admiral - Mini Terminal [DAX30],M30: loaded successfully
2	21:50:10.562	Custom indicator MBFX Timing [DAX30],M30: loaded successfully
2	21:50:10.734	Custom indicator #P4L CandleTime [NQ100],M15: loaded successfully
2	21:50:10.750	Custom indicator TURBO PLUS+ [NQ100],M15: loaded successfully
2	21:50:10.765	Custom indicator ALERT SIGNAL [NQ100],M15: loaded successfully
2	21:50:10.781	Custom indicator Trend Trading\TrendTradingCloud [NQ100],M15: loaded successfully
2	21:50:10.797	Custom indicator RSI Divergence Levels [NQ100],M15: loaded successfully
2	21:50:10.823	Custom indicator MACD_Volumes-2 [NQ100],M15: loaded successfully
2	21:50:10.838	Custom indicator Trend Trading\CloudSignalLines [NQ100],M15: loaded successfully
2	21:50:10.884	Expert Acuity Market Alerts [NQ100],M15: loaded successfully
2	21:50:11.175	Custom indicator MBFX Timing [NQ100],M15: loaded successfully
2	21:50:11.312	Custom indicator #P4L CandleTime AUDJPY,M15: loaded successfully
2	21:50:11.312	Custom indicator TURBO PLUS+ AUDJPY,M15: loaded successfully
2	21:50:11.327	Custom indicator ALERT SIGNAL AUDJPY,M15: loaded successfully
2	21:50:11.343	Custom indicator Trend Trading\TrendTradingCloud AUDJPY,M15: loaded successfully
2	21:50:11.359	Custom indicator RSI Divergence Levels AUDJPY,M15: loaded successfully
2	21:50:11.359	Custom indicator MACD_Volumes-2 AUDJPY,M15: loaded successfully
2	21:50:11.374	Custom indicator Trend Trading\CloudSignalLines AUDJPY,M15: loaded successfully
2	21:50:11.390	Expert Admiral - Connect AUDJPY,M15: loaded successfully
2	21:50:11.671	Custom indicator MBFX Timing AUDJPY,M15: loaded successfully
2	21:50:11.796	Custom indicator #P4L CandleTime WTI,H1: loaded successfully
2	21:50:11.812	Custom indicator TURBO PLUS+ WTI,H1: loaded successfully
2	21:50:11.827	Custom indicator ALERT SIGNAL WTI,H1: loaded successfully
2	21:50:11.843	Custom indicator Trend Trading\TrendTradingCloud WTI,H1: loaded successfully
2	21:50:11.843	Custom indicator RSI Divergence Levels WTI,H1: loaded successfully
2	21:50:11.858	Custom indicator MACD_Volumes-2 WTI,H1: loaded successfully
2	21:50:11.874	Custom indicator Trend Trading\CloudSignalLines WTI,H1: loaded successfully
2	21:50:12.111	Custom indicator MBFX Timing WTI,H1: loaded successfully
2	21:50:12.268	Custom indicator #P4L CandleTime GBPJPY,M30: loaded successfully
2	21:50:12.283	Custom indicator TURBO PLUS+ GBPJPY,M30: loaded successfully
2	21:50:12.306	Custom indicator ALERT SIGNAL GBPJPY,M30: loaded successfully
2	21:50:12.317	Custom indicator Trend Trading\TrendTradingCloud GBPJPY,M30: loaded successfully
2	21:50:12.348	Custom indicator RSI Divergence Levels GBPJPY,M30: loaded successfully
2	21:50:12.364	Custom indicator MACD_Volumes-2 GBPJPY,M30: loaded successfully
2	21:50:12.379	Custom indicator Trend Trading\CloudSignalLines GBPJPY,M30: loaded successfully
2	21:50:12.567	Expert Admiral - Tick Chart Trader GBPUSD,H1: loaded successfully
0	21:50:13.316	Alert: [DAX30] bid < 11026.20000
0	21:50:14.042	'27123197': login on AdmiralMarkets-Live through Access Point #3 (ping: 255.51 ms)
0	21:50:20.864	'27123197': login datacenter on AdmiralMarkets-Live through Access Point #3 (ping: 255.51 ms)
0	21:50:21.590	'27123197': previous successful authorization performed from 154.126.10.118
0	21:50:23.160	Alert: [DAX30] bid < 11026.20000
2	21:50:24.486	Custom indicator MBFX Timing GBPJPY,M30: loaded successfully
2	21:50:40.975	Expert Admiral - Market Manager [DJI30],M15: removed
2	21:50:42.747	Expert Admiral - Tick Chart Trader GBPUSD,H1: removed
0	21:50:52.421	'27123197': auto connecting to a better access point Access Point #4 (ping is 236.92 ms)
0	21:50:53.338	'27123197': login on AdmiralMarkets-Live through Access Point #4 (ping: 236.92 ms)
0	21:50:56.204	'27123197': login datacenter on AdmiralMarkets-Live through Access Point #4 (ping: 236.92 ms)
0	21:50:57.242	'27123197': previous successful authorization performed from 154.126.9.17
2	21:54:31.419	Custom indicator MBFX Timing GBPJPY,M30: removed
2	21:54:31.516	Custom indicator MBFX Timing GBPJPY,H1: loaded successfully
2	21:54:46.757	Custom indicator MBFX Timing GBPJPY,H1: removed
2	21:54:46.860	Custom indicator MBFX Timing GBPJPY,M15: loaded successfully
2	22:04:52.343	Custom indicator #P4L CandleTime EURUSD,H1: loaded successfully
2	22:04:52.351	Custom indicator TURBO PLUS+ EURUSD,H1: loaded successfully
2	22:04:52.359	Custom indicator ALERT SIGNAL EURUSD,H1: loaded successfully
2	22:04:52.368	Custom indicator Trend Trading\TrendTradingCloud EURUSD,H1: loaded successfully
2	22:04:52.377	Custom indicator RSI Divergence Levels EURUSD,H1: loaded successfully
2	22:04:52.386	Custom indicator MACD_Volumes-2 EURUSD,H1: loaded successfully
2	22:04:52.395	Custom indicator Trend Trading\CloudSignalLines EURUSD,H1: loaded successfully
2	22:04:52.562	Custom indicator MBFX Timing EURUSD,H1: loaded successfully
2	22:10:24.853	Custom indicator #P4L CandleTime AUDCHF,H1: loaded successfully
2	22:10:24.860	Custom indicator TURBO PLUS+ AUDCHF,H1: loaded successfully
2	22:10:24.868	Custom indicator ALERT SIGNAL AUDCHF,H1: loaded successfully
2	22:10:24.877	Custom indicator Trend Trading\TrendTradingCloud AUDCHF,H1: loaded successfully
2	22:10:24.886	Custom indicator RSI Divergence Levels AUDCHF,H1: loaded successfully
2	22:10:24.895	Custom indicator MACD_Volumes-2 AUDCHF,H1: loaded successfully
2	22:10:24.901	Custom indicator Trend Trading\CloudSignalLines AUDCHF,H1: loaded successfully
2	22:10:25.062	Custom indicator MBFX Timing AUDCHF,H1: loaded successfully
2	22:11:55.180	Custom indicator MBFX Timing AUDCHF,H1: removed
2	22:11:55.183	Custom indicator #P4L CandleTime AUDCHF,H1: removed
2	22:11:55.184	Custom indicator TURBO PLUS+ AUDCHF,H1: removed
2	22:11:55.185	Custom indicator ALERT SIGNAL AUDCHF,H1: removed
2	22:11:55.187	Custom indicator TrendTradingCloud AUDCHF,H1: removed
2	22:11:55.189	Custom indicator RSI Divergence Levels AUDCHF,H1: removed
2	22:11:55.191	Custom indicator MACD_Volumes-2 AUDCHF,H1: removed
2	22:11:55.192	Custom indicator CloudSignalLines AUDCHF,H1: removed
2	22:11:55.257	Custom indicator #P4L CandleTime AUDCHF,H1: loaded successfully
2	22:11:55.263	Custom indicator TURBO PLUS+ AUDCHF,H1: loaded successfully
2	22:11:55.271	Custom indicator ALERT SIGNAL AUDCHF,H1: loaded successfully
2	22:11:55.278	Custom indicator Trend Trading\TrendTradingCloud AUDCHF,H1: loaded successfully
2	22:11:55.287	Custom indicator RSI Divergence Levels AUDCHF,H1: loaded successfully
2	22:11:55.295	Custom indicator MACD_Volumes-2 AUDCHF,H1: loaded successfully
2	22:11:55.302	Custom indicator Trend Trading\CloudSignalLines AUDCHF,H1: loaded successfully
2	22:11:55.459	Custom indicator MBFX Timing AUDCHF,H1: loaded successfully
0	22:12:30.141	'27123197': order buy market 0.10 AUDCHF sl: 0.00000 tp: 0.00000
0	22:12:30.597	'27123197': order was opened : #65349433 buy 0.10 AUDCHF at 0.63841 sl: 0.00000 tp: 0.00000
0	22:15:43.114	'27123197': modify order #65349433 buy 0.10 AUDCHF at 0.63841 sl: 0.00000 tp: 0.00000 -> sl: 0.63675 tp: 0.63874
0	22:15:43.397	'27123197': order #65349433 buy 0.10 AUDCHF at 0.63841 was modified -> sl: 0.63675 tp: 0.63874
0	22:16:19.616	'27123197': modify order #65349433 buy 0.10 AUDCHF at 0.63841 sl: 0.63675 tp: 0.63874 -> sl: 0.63460 tp: 0.63874
0	22:16:19.893	'27123197': order #65349433 buy 0.10 AUDCHF at 0.63841 was modified -> sl: 0.63460 tp: 0.63874
2	22:36:33.675	Custom indicator #P4L CandleTime EURJPY,H1: loaded successfully
2	22:36:33.682	Custom indicator TURBO PLUS+ EURJPY,H1: loaded successfully
2	22:36:33.694	Custom indicator ALERT SIGNAL EURJPY,H1: loaded successfully
2	22:36:33.702	Custom indicator Trend Trading\TrendTradingCloud EURJPY,H1: loaded successfully
2	22:36:33.713	Custom indicator RSI Divergence Levels EURJPY,H1: loaded successfully
2	22:36:33.724	Custom indicator MACD_Volumes-2 EURJPY,H1: loaded successfully
2	22:36:33.731	Custom indicator Trend Trading\CloudSignalLines EURJPY,H1: loaded successfully
2	22:36:33.930	Custom indicator MBFX Timing EURJPY,H1: loaded successfully
2	22:39:27.226	Custom indicator #P4L CandleTime EURNZD,H1: loaded successfully
2	22:39:27.235	Custom indicator TURBO PLUS+ EURNZD,H1: loaded successfully
2	22:39:27.243	Custom indicator ALERT SIGNAL EURNZD,H1: loaded successfully
2	22:39:27.253	Custom indicator Trend Trading\TrendTradingCloud EURNZD,H1: loaded successfully
2	22:39:27.262	Custom indicator RSI Divergence Levels EURNZD,H1: loaded successfully
2	22:39:27.272	Custom indicator MACD_Volumes-2 EURNZD,H1: loaded successfully
2	22:39:27.281	Custom indicator Trend Trading\CloudSignalLines EURNZD,H1: loaded successfully
2	22:39:27.457	Custom indicator MBFX Timing EURNZD,H1: loaded successfully
0	22:41:35.336	'27123197': order sell market 0.10 EURNZD sl: 0.00000 tp: 0.00000
0	22:41:36.120	'27123197': order was opened : #65350815 sell 0.10 EURNZD at 1.77347 sl: 0.00000 tp: 0.00000
0	22:41:47.299	'27123197': modify order #65350815 sell 0.10 EURNZD at 1.77347 sl: 0.00000 tp: 0.00000 -> sl: 0.00000 tp: 1.77010
0	22:41:47.611	'27123197': order #65350815 sell 0.10 EURNZD at 1.77347 was modified -> sl: 0.00000 tp: 1.77010
0	22:42:42.195	'27123197': modify order #65350815 sell 0.10 EURNZD at 1.77347 sl: 0.00000 tp: 1.77010 -> sl: 1.78102 tp: 1.77010
0	22:42:42.544	'27123197': order #65350815 sell 0.10 EURNZD at 1.77347 was modified -> sl: 1.78102 tp: 1.77010
0	22:45:42.869	'27123197': modify order #65349433 buy 0.10 AUDCHF at 0.63841 sl: 0.63460 tp: 0.63874 -> sl: 0.63496 tp: 0.63961
0	22:45:44.470	'27123197': order #65349433 buy 0.10 AUDCHF at 0.63841 was modified -> sl: 0.63496 tp: 0.63961
2	22:47:13.454	Custom indicator #P4L CandleTime EURCAD,H1: loaded successfully
2	22:47:13.467	Custom indicator TURBO PLUS+ EURCAD,H1: loaded successfully
2	22:47:13.480	Custom indicator ALERT SIGNAL EURCAD,H1: loaded successfully
2	22:47:13.493	Custom indicator Trend Trading\TrendTradingCloud EURCAD,H1: loaded successfully
2	22:47:13.508	Custom indicator RSI Divergence Levels EURCAD,H1: loaded successfully
2	22:47:13.521	Custom indicator MACD_Volumes-2 EURCAD,H1: loaded successfully
2	22:47:13.534	Custom indicator Trend Trading\CloudSignalLines EURCAD,H1: loaded successfully
2	22:47:13.818	Custom indicator MBFX Timing EURCAD,H1: loaded successfully
0	22:48:37.252	'27123197': order sell market 0.10 EURCAD sl: 0.00000 tp: 0.00000
0	22:48:37.704	'27123197': order was opened : #65351173 sell 0.10 EURCAD at 1.50980 sl: 0.00000 tp: 0.00000
0	22:49:23.919	'27123197': modify order #65351173 sell 0.10 EURCAD at 1.50980 sl: 0.00000 tp: 0.00000 -> sl: 1.51693 tp: 1.49816
0	22:49:24.263	'27123197': order #65351173 sell 0.10 EURCAD at 1.50980 was modified -> sl: 1.51693 tp: 1.49816
1	22:51:08.626	'27123197': connect failed [Connection choue]
