2	02:08:28.400	Custom indicator MBFX Timing GBPUSD,H1: removed
2	02:08:28.430	Custom indicator #P4L CandleTime GBPUSD,H1: removed
2	02:08:28.435	Custom indicator TURBO PLUS+ GBPUSD,H1: removed
2	02:08:28.439	Custom indicator ALERT SIGNAL GBPUSD,H1: removed
2	02:08:28.444	Custom indicator TrendTradingCloud GBPUSD,H1: removed
2	02:08:28.450	Custom indicator RSI Divergence Levels GBPUSD,H1: removed
2	02:08:28.453	Custom indicator MACD_Volumes-2 GBPUSD,H1: removed
2	02:08:28.457	Custom indicator CloudSignalLines GBPUSD,H1: removed
2	02:09:54.317	Custom indicator MBFX Timing SILVER,H1: removed
2	02:09:54.339	Custom indicator #P4L CandleTime SILVER,H1: removed
2	02:09:54.342	Custom indicator TURBO PLUS+ SILVER,H1: removed
2	02:09:54.345	Custom indicator ALERT SIGNAL SILVER,H1: removed
2	02:09:54.348	Custom indicator TrendTradingCloud SILVER,H1: removed
2	02:09:54.352	Custom indicator RSI Divergence Levels SILVER,H1: removed
2	02:09:54.356	Custom indicator MACD_Volumes-2 SILVER,H1: removed
2	02:09:54.359	Custom indicator CloudSignalLines SILVER,H1: removed
2	02:10:19.923	Custom indicator MBFX Timing EURUSD,H1: removed
2	02:10:20.105	Custom indicator MBFX Timing EURUSD,H4: loaded successfully
2	02:10:57.372	Custom indicator MBFX Timing EURUSD,H4: removed
2	02:10:57.493	Custom indicator MBFX Timing EURUSD,Daily: loaded successfully
2	02:11:08.473	Custom indicator MBFX Timing EURUSD,Daily: removed
2	02:11:08.616	Custom indicator MBFX Timing EURUSD,H4: loaded successfully
2	02:11:09.764	Custom indicator MBFX Timing EURUSD,H4: removed
2	02:11:09.886	Custom indicator MBFX Timing EURUSD,H1: loaded successfully
2	02:12:06.882	Custom indicator MBFX Timing EURCAD,H1: removed
2	02:12:06.899	Custom indicator #P4L CandleTime EURCAD,H1: removed
2	02:12:06.902	Custom indicator TURBO PLUS+ EURCAD,H1: removed
2	02:12:06.905	Custom indicator ALERT SIGNAL EURCAD,H1: removed
2	02:12:06.908	Custom indicator TrendTradingCloud EURCAD,H1: removed
2	02:12:06.911	Custom indicator RSI Divergence Levels EURCAD,H1: removed
2	02:12:06.914	Custom indicator MACD_Volumes-2 EURCAD,H1: removed
2	02:12:06.916	Custom indicator CloudSignalLines EURCAD,H1: removed
2	02:13:32.362	Custom indicator MBFX Timing EURJPY,H1: removed
2	02:13:32.379	Custom indicator #P4L CandleTime EURJPY,H1: removed
2	02:13:32.382	Custom indicator TURBO PLUS+ EURJPY,H1: removed
2	02:13:32.384	Custom indicator ALERT SIGNAL EURJPY,H1: removed
2	02:13:32.387	Custom indicator TrendTradingCloud EURJPY,H1: removed
2	02:13:32.391	Custom indicator RSI Divergence Levels EURJPY,H1: removed
2	02:13:32.393	Custom indicator MACD_Volumes-2 EURJPY,H1: removed
2	02:13:32.396	Custom indicator CloudSignalLines EURJPY,H1: removed
2	02:13:38.589	Custom indicator MBFX Timing NZDJPY,H1: removed
2	02:13:38.604	Custom indicator #P4L CandleTime NZDJPY,H1: removed
2	02:13:38.609	Custom indicator TURBO PLUS+ NZDJPY,H1: removed
2	02:13:38.612	Custom indicator ALERT SIGNAL NZDJPY,H1: removed
2	02:13:38.615	Custom indicator TrendTradingCloud NZDJPY,H1: removed
2	02:13:38.619	Custom indicator RSI Divergence Levels NZDJPY,H1: removed
2	02:13:38.622	Custom indicator MACD_Volumes-2 NZDJPY,H1: removed
2	02:13:38.624	Custom indicator CloudSignalLines NZDJPY,H1: removed
2	02:13:42.429	Custom indicator MBFX Timing NZDUSD,H1: removed
2	02:13:42.442	Custom indicator #P4L CandleTime NZDUSD,H1: removed
2	02:13:42.445	Custom indicator TURBO PLUS+ NZDUSD,H1: removed
2	02:13:42.447	Custom indicator ALERT SIGNAL NZDUSD,H1: removed
2	02:13:42.450	Custom indicator TrendTradingCloud NZDUSD,H1: removed
2	02:13:42.453	Custom indicator RSI Divergence Levels NZDUSD,H1: removed
2	02:13:42.456	Custom indicator MACD_Volumes-2 NZDUSD,H1: removed
2	02:13:42.459	Custom indicator CloudSignalLines NZDUSD,H1: removed
2	02:13:51.206	Custom indicator MBFX Timing EURAUD,H1: removed
2	02:13:51.220	Custom indicator #P4L CandleTime EURAUD,H1: removed
2	02:13:51.222	Custom indicator TURBO PLUS+ EURAUD,H1: removed
2	02:13:51.224	Custom indicator ALERT SIGNAL EURAUD,H1: removed
2	02:13:51.225	Custom indicator TrendTradingCloud EURAUD,H1: removed
2	02:13:51.228	Custom indicator RSI Divergence Levels EURAUD,H1: removed
2	02:13:51.230	Custom indicator MACD_Volumes-2 EURAUD,H1: removed
2	02:13:51.232	Custom indicator CloudSignalLines EURAUD,H1: removed
2	02:17:21.617	Custom indicator MBFX Timing GOLD,H1: removed
2	02:17:21.630	Custom indicator #P4L CandleTime GOLD,H1: removed
2	02:17:21.632	Custom indicator TURBO PLUS+ GOLD,H1: removed
2	02:17:21.635	Custom indicator ALERT SIGNAL GOLD,H1: removed
2	02:17:21.637	Custom indicator TrendTradingCloud GOLD,H1: removed
2	02:17:21.640	Custom indicator RSI Divergence Levels GOLD,H1: removed
2	02:17:21.642	Custom indicator MACD_Volumes-2 GOLD,H1: removed
2	02:17:21.644	Custom indicator CloudSignalLines GOLD,H1: removed
2	02:19:29.585	Custom indicator #P4L CandleTime USDJPY,H1: loaded successfully
2	02:19:29.596	Custom indicator TURBO PLUS+ USDJPY,H1: loaded successfully
2	02:19:29.609	Custom indicator ALERT SIGNAL USDJPY,H1: loaded successfully
2	02:19:29.621	Custom indicator Trend Trading\TrendTradingCloud USDJPY,H1: loaded successfully
2	02:19:29.634	Custom indicator RSI Divergence Levels USDJPY,H1: loaded successfully
2	02:19:29.646	Custom indicator MACD_Volumes-2 USDJPY,H1: loaded successfully
2	02:19:29.658	Custom indicator Trend Trading\CloudSignalLines USDJPY,H1: loaded successfully
2	02:19:29.900	Custom indicator MBFX Timing USDJPY,H1: loaded successfully
0	02:20:28.468	'27123197': order sell market 0.10 USDJPY sl: 0.000 tp: 0.000
0	02:20:28.862	'27123197': order was opened : #64875192 sell 0.10 USDJPY at 107.722 sl: 0.000 tp: 0.000
0	02:21:33.397	'27123197': modify order #64875192 sell 0.10 USDJPY at 107.722 sl: 0.000 tp: 0.000 -> sl: 108.792 tp: 107.461
0	02:21:33.673	'27123197': order #64875192 sell 0.10 USDJPY at 107.722 was modified -> sl: 108.792 tp: 107.461
2	02:21:43.186	Custom indicator MBFX Timing USDJPY,H1: removed
2	02:21:43.315	Custom indicator MBFX Timing USDJPY,H4: loaded successfully
2	02:21:51.301	Custom indicator MBFX Timing USDJPY,H4: removed
2	02:21:51.414	Custom indicator MBFX Timing USDJPY,H1: loaded successfully
2	02:33:58.798	Custom indicator MBFX Timing AUDJPY,H1: removed
2	02:33:59.373	Custom indicator MBFX Timing AUDJPY,Daily: loaded successfully
0	02:42:43.869	'27123197': order sell market 0.50 [DJI30] sl: 0.00 tp: 0.00
0	02:42:44.387	'27123197': order was opened : #64875316 sell 0.50 [DJI30] at 23701.29 sl: 0.00 tp: 0.00
0	02:43:27.207	'27123197': modify order #64875316 sell 0.50 [DJI30] at 23701.29 sl: 0.00 tp: 0.00 -> sl: 24130.00 tp: 23250.00
0	02:43:28.180	'27123197': order #64875316 sell 0.50 [DJI30] at 23701.29 was modified -> sl: 24130.00 tp: 23250.00
0	02:51:11.332	'27123197': modify order #64834962 sell 0.10 USDCAD at 1.41428 sl: 1.41833 tp: 1.39460 -> sl: 1.41480 tp: 1.39460
0	02:51:11.653	'27123197': order #64834962 sell 0.10 USDCAD at 1.41428 was modified -> sl: 1.41480 tp: 1.39460
0	03:14:47.357	'27123197': close order #64875316 sell 0.50 [DJI30] at 23701.29 sl: 24130.00 tp: 23250.00 at price 0.00
0	03:14:47.854	'27123197': order #64875316 sell 0.50 [DJI30] at 23701.29 sl: 24130.00 tp: 23250.00 closed at price 23623.13
2	03:15:50.320	Custom indicator MBFX Timing [DJI30],H1: removed
2	03:15:50.499	Custom indicator MBFX Timing [DJI30],Daily: loaded successfully
2	03:17:20.941	Custom indicator MBFX Timing [DJI30],Daily: removed
2	03:17:21.043	Custom indicator MBFX Timing [DJI30],H4: loaded successfully
0	03:20:16.135	'27123197': order sell market 0.50 [DJI30] sl: 24130.00 tp: 23250.00
0	03:20:16.717	'27123197': order was opened : #64875652 sell 0.50 [DJI30] at 23625.63 sl: 24130.00 tp: 23250.00
2	03:21:46.904	Custom indicator MBFX Timing AUDCHF,H4: removed
2	03:21:47.068	Custom indicator MBFX Timing AUDCHF,H1: loaded successfully
2	03:21:57.088	Custom indicator MBFX Timing AUDCHF,H1: removed
2	03:21:57.235	Custom indicator MBFX Timing AUDCHF,H4: loaded successfully
2	03:22:06.317	Custom indicator MBFX Timing [DJI30],H4: removed
2	03:22:06.463	Custom indicator MBFX Timing [DJI30],H1: loaded successfully
2	03:45:55.317	Custom indicator MBFX Timing [DJI30],H1: removed
2	03:45:55.481	Custom indicator MBFX Timing [DJI30],H4: loaded successfully
2	04:18:02.534	Custom indicator MBFX Timing [DJI30],H4: removed
2	04:18:02.684	Custom indicator MBFX Timing [DJI30],H1: loaded successfully
2	04:18:15.589	Custom indicator MBFX Timing [DJI30],H1: removed
2	04:18:15.713	Custom indicator MBFX Timing [DJI30],M30: loaded successfully
2	04:18:19.999	Custom indicator MBFX Timing [DJI30],M30: removed
2	04:18:20.148	Custom indicator MBFX Timing [DJI30],M15: loaded successfully
2	04:18:31.553	Custom indicator MBFX Timing [DJI30],M15: removed
2	04:18:31.667	Custom indicator MBFX Timing [DJI30],H4: loaded successfully
0	04:48:36.812	'27123197': login datacenter on AdmiralMarkets-Live
0	04:48:44.507	'27123197': login on AdmiralMarkets-Live through Access Point #1 (ping: 234.96 ms)
0	04:48:59.767	'27123197': login datacenter on AdmiralMarkets-Live through Access Point #1 (ping: 234.96 ms)
0	04:49:18.878	'27123197': previous successful authorization performed from 154.126.112.45
0	04:50:58.024	'27123197': ping to current access point Access Point #1 is 292.79 ms
1	04:54:33.024	'27123197': datacenter connecting failed [6]
0	04:54:36.610	'27123197': login on AdmiralMarkets-Live through Access Point #3 (ping: 382.23 ms)
0	04:54:58.990	'27123197': login datacenter on AdmiralMarkets-Live through Access Point #3 (ping: 382.23 ms)
0	04:55:01.634	'27123197': previous successful authorization performed from 154.126.112.45
0	04:56:29.906	'27123197': order #64834962 sell 0.10 USDCAD at 1.41428 closed due stop-loss at price 1.41480
0	05:18:11.699	'27123197': order #64834400 buy limit 0.10 EURUSD at 1.08310 activated at price 1.08307
2	07:44:07.719	Custom indicator MBFX Timing [DJI30],H4: removed
2	07:44:07.888	Custom indicator MBFX Timing [DJI30],H1: loaded successfully
0	07:44:16.727	'27123197': close order #64875652 sell 0.50 [DJI30] at 23625.63 sl: 24130.00 tp: 23250.00 at price 0.00
0	07:44:17.205	'27123197': order #64875652 sell 0.50 [DJI30] at 23625.63 sl: 24130.00 tp: 23250.00 closed at price 23444.50
0	07:44:24.599	'27123197': close order #64875192 sell 0.10 USDJPY at 107.722 sl: 108.792 tp: 107.461 at price 0.000
0	07:44:25.020	'27123197': order #64875192 sell 0.10 USDJPY at 107.722 sl: 108.792 tp: 107.461 closed at price 107.525
0	07:44:39.638	'27123197': close order #64861166 buy 0.10 GBPNZD at 2.05687 sl: 2.04000 tp: 2.09500 at price 0.00000
0	07:44:40.051	'27123197': order #64861166 buy 0.10 GBPNZD at 2.05687 sl: 2.04000 tp: 2.09500 closed at price 2.07096
0	07:45:29.901	'27123197': close order #64807053 sell 0.10 AUDJPY at 68.450 sl: 69.250 tp: 66.700 at price 0.000
0	07:45:30.593	'27123197': order #64807053 sell 0.10 AUDJPY at 68.450 sl: 69.250 tp: 66.700 closed at price 67.755
2	07:56:29.194	Custom indicator MBFX Timing WTI,H1: removed
2	07:56:29.849	Custom indicator MBFX Timing WTI,Weekly: loaded successfully
2	07:56:46.357	Custom indicator MBFX Timing WTI,Weekly: removed
2	07:56:46.732	Custom indicator MBFX Timing WTI,Monthly: loaded successfully
2	07:59:06.777	Custom indicator MBFX Timing AUDJPY,Daily: removed
2	07:59:06.802	Custom indicator #P4L CandleTime AUDJPY,Daily: removed
2	07:59:06.805	Custom indicator TURBO PLUS+ AUDJPY,Daily: removed
2	07:59:06.811	Custom indicator ALERT SIGNAL AUDJPY,Daily: removed
2	07:59:06.816	Custom indicator TrendTradingCloud AUDJPY,Daily: removed
2	07:59:06.824	Custom indicator RSI Divergence Levels AUDJPY,Daily: removed
2	07:59:06.827	Custom indicator MACD_Volumes-2 AUDJPY,Daily: removed
2	07:59:06.831	Custom indicator CloudSignalLines AUDJPY,Daily: removed
2	08:06:55.426	Custom indicator MBFX Timing USDCAD,H1: removed
2	08:06:55.453	Custom indicator #P4L CandleTime USDCAD,H1: removed
2	08:06:55.459	Custom indicator TURBO PLUS+ USDCAD,H1: removed
2	08:06:55.462	Custom indicator ALERT SIGNAL USDCAD,H1: removed
2	08:06:55.468	Custom indicator TrendTradingCloud USDCAD,H1: removed
2	08:06:55.473	Custom indicator RSI Divergence Levels USDCAD,H1: removed
2	08:06:55.475	Custom indicator MACD_Volumes-2 USDCAD,H1: removed
2	08:06:55.479	Custom indicator CloudSignalLines USDCAD,H1: removed
2	08:06:59.725	Custom indicator MBFX Timing AUDNZD,M30: removed
2	08:06:59.750	Custom indicator #P4L CandleTime AUDNZD,M30: removed
2	08:06:59.756	Custom indicator TURBO PLUS+ AUDNZD,M30: removed
2	08:06:59.759	Custom indicator ALERT SIGNAL AUDNZD,M30: removed
2	08:06:59.762	Custom indicator TrendTradingCloud AUDNZD,M30: removed
2	08:06:59.768	Custom indicator RSI Divergence Levels AUDNZD,M30: removed
2	08:06:59.779	Custom indicator MACD_Volumes-2 AUDNZD,M30: removed
2	08:06:59.781	Custom indicator CloudSignalLines AUDNZD,M30: removed
2	08:08:00.631	Custom indicator MBFX Timing AUDUSD,H1: removed
2	08:08:00.650	Custom indicator #P4L CandleTime AUDUSD,H1: removed
2	08:08:00.652	Custom indicator TURBO PLUS+ AUDUSD,H1: removed
2	08:08:00.655	Custom indicator ALERT SIGNAL AUDUSD,H1: removed
2	08:08:00.657	Custom indicator TrendTradingCloud AUDUSD,H1: removed
2	08:08:00.662	Custom indicator RSI Divergence Levels AUDUSD,H1: removed
2	08:08:00.666	Custom indicator MACD_Volumes-2 AUDUSD,H1: removed
2	08:08:00.669	Custom indicator CloudSignalLines AUDUSD,H1: removed
2	08:08:04.209	Custom indicator MBFX Timing GBPNZD,H1: removed
2	08:08:04.230	Custom indicator #P4L CandleTime GBPNZD,H1: removed
2	08:08:04.233	Custom indicator TURBO PLUS+ GBPNZD,H1: removed
2	08:08:04.236	Custom indicator ALERT SIGNAL GBPNZD,H1: removed
2	08:08:04.239	Custom indicator TrendTradingCloud GBPNZD,H1: removed
2	08:08:04.244	Custom indicator RSI Divergence Levels GBPNZD,H1: removed
2	08:08:04.247	Custom indicator MACD_Volumes-2 GBPNZD,H1: removed
2	08:08:04.251	Custom indicator CloudSignalLines GBPNZD,H1: removed
2	08:11:38.781	Custom indicator #P4L CandleTime EURGBP,H1: loaded successfully
2	08:11:38.795	Custom indicator TURBO PLUS+ EURGBP,H1: loaded successfully
2	08:11:38.809	Custom indicator ALERT SIGNAL EURGBP,H1: loaded successfully
2	08:11:38.825	Custom indicator Trend Trading\TrendTradingCloud EURGBP,H1: loaded successfully
2	08:11:38.841	Custom indicator RSI Divergence Levels EURGBP,H1: loaded successfully
2	08:11:38.856	Custom indicator MACD_Volumes-2 EURGBP,H1: loaded successfully
2	08:11:38.870	Custom indicator Trend Trading\CloudSignalLines EURGBP,H1: loaded successfully
2	08:11:39.091	Custom indicator MBFX Timing EURGBP,H1: loaded successfully
0	08:13:23.404	'27123197': order buy market 0.10 EURGBP sl: 0.86260 tp: 0.87554
0	08:13:24.005	'27123197': order was opened : #64879888 buy 0.10 EURGBP at 0.87348 sl: 0.86260 tp: 0.87554
2	08:17:25.758	Custom indicator #P4L CandleTime USDCAD,H1: loaded successfully
2	08:17:25.768	Custom indicator TURBO PLUS+ USDCAD,H1: loaded successfully
2	08:17:25.781	Custom indicator ALERT SIGNAL USDCAD,H1: loaded successfully
2	08:17:25.793	Custom indicator Trend Trading\TrendTradingCloud USDCAD,H1: loaded successfully
2	08:17:25.806	Custom indicator RSI Divergence Levels USDCAD,H1: loaded successfully
2	08:17:25.817	Custom indicator MACD_Volumes-2 USDCAD,H1: loaded successfully
2	08:17:25.828	Custom indicator Trend Trading\CloudSignalLines USDCAD,H1: loaded successfully
2	08:17:26.049	Custom indicator MBFX Timing USDCAD,H1: loaded successfully
0	08:18:10.784	'27123197': order sell market 0.10 USDCAD sl: 0.00000 tp: 0.00000
0	08:18:11.236	'27123197': order was opened : #64879973 sell 0.10 USDCAD at 1.41465 sl: 0.00000 tp: 0.00000
0	08:19:04.169	'27123197': modify order #64879973 sell 0.10 USDCAD at 1.41465 sl: 0.00000 tp: 0.00000 -> sl: 1.41540 tp: 1.39460
0	08:19:04.501	'27123197': order #64879973 sell 0.10 USDCAD at 1.41465 was modified -> sl: 1.41540 tp: 1.39460
0	08:20:54.300	'27123197': modify order #64879973 sell 0.10 USDCAD at 1.41465 sl: 1.41540 tp: 1.39460 -> sl: 1.41684 tp: 1.39460
0	08:20:54.632	'27123197': order #64879973 sell 0.10 USDCAD at 1.41465 was modified -> sl: 1.41684 tp: 1.39460
2	08:25:16.809	Custom indicator MBFX Timing WTI,Monthly: removed
2	08:25:16.970	Custom indicator MBFX Timing WTI,M1: loaded successfully
2	08:25:43.427	Custom indicator MBFX Timing WTI,M1: removed
2	08:25:43.682	Custom indicator MBFX Timing WTI,H1: loaded successfully
0	08:26:37.457	'27123197': modify order #64834400 buy 0.10 EURUSD at 1.08307 sl: 1.08100 tp: 0.00000 -> sl: 1.08100 tp: 1.08820
0	08:26:37.771	'27123197': order #64834400 buy 0.10 EURUSD at 1.08307 was modified -> sl: 1.08100 tp: 1.08820
1	08:47:38.096	'27123197': datacenter connecting failed [6]
0	08:47:55.186	'27123197': login on AdmiralMarkets-Live through Access Point #8 (ping: 1748.61 ms)
0	08:49:07.420	'27123197': login datacenter on AdmiralMarkets-Live
0	08:49:19.923	'27123197': login on AdmiralMarkets-Live through Access Point #4 (ping: 1066.89 ms)
0	08:49:28.541	'27123197': login datacenter on AdmiralMarkets-Live through Access Point #4 (ping: 1066.89 ms)
0	08:49:30.784	'27123197': previous successful authorization performed from 154.126.112.45
0	08:50:22.093	'27123197': auto connecting to a better access point Access Point #1 (ping is 269.80 ms)
0	08:50:34.625	'27123197': login on AdmiralMarkets-Live through Access Point #1 (ping: 269.80 ms)
0	08:50:37.550	'27123197': login datacenter on AdmiralMarkets-Live through Access Point #1 (ping: 269.80 ms)
0	08:50:38.187	'27123197': previous successful authorization performed from 154.126.112.45
0	09:01:41.622	'27123197': login datacenter on AdmiralMarkets-Live
0	09:01:43.126	'27123197': login on AdmiralMarkets-Live through Access Point #4 (ping: 283.46 ms)
0	09:02:34.602	'27123197': login datacenter on AdmiralMarkets-Live through Access Point #4 (ping: 283.46 ms)
0	09:02:37.319	'27123197': previous successful authorization performed from 154.126.112.45
1	09:07:00.094	'27123197': datacenter connecting failed [6]
0	09:07:15.515	'27123197': login on AdmiralMarkets-Live through Access Point #4 (ping: 291.27 ms)
0	09:07:32.259	'27123197': login datacenter on AdmiralMarkets-Live through Access Point #4 (ping: 291.27 ms)
0	09:07:38.217	'27123197': previous successful authorization performed from 154.126.112.45
1	09:09:14.088	'27123197': datacenter connecting failed [6]
0	09:09:15.003	'27123197': login on AdmiralMarkets-Live through Access Point #2 (ping: 261.54 ms)
0	09:09:18.655	'27123197': login datacenter on AdmiralMarkets-Live through Access Point #2 (ping: 261.54 ms)
0	09:09:19.267	'27123197': previous successful authorization performed from 154.126.112.45
1	09:13:07.095	'27123197': datacenter connecting failed [6]
0	09:13:33.774	'27123197': login on AdmiralMarkets-Live through Access Point #3 (ping: 762.62 ms)
1	09:14:39.131	'27123197': connect failed [Connection échouée]
0	09:14:47.247	'27123197': login on AdmiralMarkets-Live through Access Point #8 (ping: n/a)
0	09:15:35.409	'27123197': login datacenter on AdmiralMarkets-Live through Access Point #8 (ping: n/a)
0	09:15:51.497	'27123197': previous successful authorization performed from 154.126.112.45
0	09:16:20.815	'27123197': ping to current access point Access Point #8 is 702.26 ms
1	09:17:26.095	'27123197': datacenter connecting failed [6]
0	09:17:27.779	'27123197': login on AdmiralMarkets-Live through Access Point #4 (ping: 212.36 ms)
0	09:18:30.901	'27123197': login datacenter on AdmiralMarkets-Live
0	09:18:39.764	'27123197': login on AdmiralMarkets-Live through Access Point #1 (ping: 240.62 ms)
0	09:18:58.937	'27123197': login datacenter on AdmiralMarkets-Live through Access Point #1 (ping: 240.62 ms)
0	09:19:02.013	'27123197': previous successful authorization performed from 154.126.112.45
0	09:19:23.549	'27123197': ping to current access point Access Point #1 is 233.67 ms
0	09:29:02.996	'27123197': login datacenter on AdmiralMarkets-Live
0	09:29:15.057	'27123197': login on AdmiralMarkets-Live through Access Point #4 (ping: 215.86 ms)
0	09:29:46.920	'27123197': login datacenter on AdmiralMarkets-Live through Access Point #4 (ping: 215.86 ms)
0	09:29:57.183	'27123197': login on AdmiralMarkets-Live through Access Point #4 (ping: 215.86 ms)
0	09:30:17.207	'27123197': login datacenter on AdmiralMarkets-Live through Access Point #4 (ping: 215.86 ms)
0	09:30:23.913	'27123197': previous successful authorization performed from 154.126.112.45
1	09:32:33.528	'27123197': datacenter connecting failed [6]
0	09:32:34.361	'27123197': login on AdmiralMarkets-Live through Access Point #4 (ping: 223.18 ms)
0	09:32:46.177	'27123197': login datacenter on AdmiralMarkets-Live through Access Point #4 (ping: 223.18 ms)
0	09:32:46.782	'27123197': previous successful authorization performed from 154.126.112.45
0	09:34:39.983	'27123197': login datacenter on AdmiralMarkets-Live
0	09:34:43.137	'27123197': login on AdmiralMarkets-Live through Access Point #3 (ping: 274.07 ms)
0	09:35:06.062	'27123197': login datacenter on AdmiralMarkets-Live through Access Point #3 (ping: 274.07 ms)
0	09:35:06.710	'27123197': previous successful authorization performed from 154.126.112.45
1	09:37:41.531	'27123197': datacenter connecting failed [6]
0	09:37:43.408	'27123197': login on AdmiralMarkets-Live through Access Point #8 (ping: 722.05 ms)
0	09:38:03.319	'27123197': login datacenter on AdmiralMarkets-Live through Access Point #8 (ping: 722.05 ms)
0	09:38:07.502	'27123197': previous successful authorization performed from 154.126.112.45
2	09:40:31.955	Custom indicator MBFX Timing [DJI30],H1: removed
2	09:40:32.188	Custom indicator MBFX Timing [DJI30],H4: loaded successfully
2	09:40:37.377	Custom indicator MBFX Timing [DJI30],H4: removed
2	09:40:37.583	Custom indicator MBFX Timing [DJI30],Daily: loaded successfully
2	09:40:41.794	Custom indicator MBFX Timing [DJI30],Daily: removed
2	09:40:41.993	Custom indicator MBFX Timing [DJI30],H4: loaded successfully
1	09:41:20.529	'27123197': datacenter connecting failed [6]
0	09:41:21.425	'27123197': login on AdmiralMarkets-Live through Access Point #2 (ping: 578.92 ms)
0	09:42:22.673	'27123197': login datacenter on AdmiralMarkets-Live
1	09:42:29.195	'27123197': connect failed [Connection échouée]
0	09:42:35.786	'27123197': login on AdmiralMarkets-Live through Access Point #8 (ping: n/a)
0	09:42:57.438	'27123197': login datacenter on AdmiralMarkets-Live through Access Point #8 (ping: n/a)
0	09:42:59.517	'27123197': previous successful authorization performed from 154.126.112.45
0	09:43:30.608	'27123197': ping to current access point Access Point #8 is 666.44 ms
2	09:43:44.289	Custom indicator MBFX Timing [DJI30],H4: removed
2	09:43:44.446	Custom indicator MBFX Timing [DJI30],H1: loaded successfully
0	09:44:35.230	'27123197': order #64879973 sell 0.10 USDCAD at 1.41465 closed due stop-loss at price 1.41684
1	09:45:32.524	'27123197': datacenter connecting failed [6]
0	09:45:34.235	'27123197': login on AdmiralMarkets-Live through Access Point #4 (ping: 223.02 ms)
0	09:45:46.201	'27123197': login datacenter on AdmiralMarkets-Live through Access Point #4 (ping: 223.02 ms)
0	09:45:48.044	'27123197': previous successful authorization performed from 154.126.112.45
0	09:47:47.364	'27123197': login on AdmiralMarkets-Live through Access Point #4 (ping: 230.75 ms)
0	09:47:54.401	'27123197': login datacenter on AdmiralMarkets-Live through Access Point #4 (ping: 230.75 ms)
0	09:49:02.363	'27123197': login on AdmiralMarkets-Live through Access Point #1 (ping: 245.20 ms)
0	09:49:06.546	'27123197': login datacenter on AdmiralMarkets-Live through Access Point #1 (ping: 245.20 ms)
0	09:49:08.875	'27123197': previous successful authorization performed from 154.126.112.45
2	09:50:06.253	Custom indicator MBFX Timing [DAX30],H1: removed
2	09:50:06.457	Custom indicator MBFX Timing [DAX30],H4: loaded successfully
0	09:50:29.058	'27123197': login datacenter on AdmiralMarkets-Live
0	09:50:31.791	'27123197': login on AdmiralMarkets-Live through Access Point #3 (ping: 309.08 ms)
0	09:50:46.310	'27123197': login datacenter on AdmiralMarkets-Live through Access Point #3 (ping: 309.08 ms)
0	09:50:51.187	'27123197': previous successful authorization performed from 154.126.112.45
0	09:52:25.959	'27123197': login datacenter on AdmiralMarkets-Live
0	09:52:27.237	'27123197': login on AdmiralMarkets-Live through Access Point #2 (ping: 206.57 ms)
0	09:53:27.981	'27123197': login datacenter on AdmiralMarkets-Live
1	09:53:33.431	'27123197': connect failed [Connection échouée]
0	09:53:41.399	'27123197': login on AdmiralMarkets-Live through Access Point #8 (ping: n/a)
0	09:53:53.287	'27123197': login datacenter on AdmiralMarkets-Live through Access Point #8 (ping: n/a)
0	09:54:09.780	'27123197': previous successful authorization performed from 154.126.112.45
0	09:54:30.361	'27123197': ping to current access point Access Point #8 is 661.63 ms
1	09:55:12.528	'27123197': datacenter connecting failed [6]
0	09:55:15.458	'27123197': login on AdmiralMarkets-Live through Access Point #4 (ping: 215.79 ms)
0	09:55:21.570	'27123197': login datacenter on AdmiralMarkets-Live through Access Point #4 (ping: 215.79 ms)
0	09:55:22.172	'27123197': previous successful authorization performed from 154.126.112.45
1	09:56:24.530	'27123197': datacenter connecting failed [6]
0	09:56:25.385	'27123197': login on AdmiralMarkets-Live through Access Point #4 (ping: 244.00 ms)
0	09:56:38.815	'27123197': login datacenter on AdmiralMarkets-Live through Access Point #4 (ping: 244.00 ms)
0	09:57:49.770	'27123197': login on AdmiralMarkets-Live through Access Point #1 (ping: 260.96 ms)
0	09:58:54.081	'27123197': login datacenter on AdmiralMarkets-Live
0	09:59:04.078	'27123197': login on AdmiralMarkets-Live through Access Point #3 (ping: 297.17 ms)
0	09:59:17.399	'27123197': login datacenter on AdmiralMarkets-Live through Access Point #3 (ping: 297.17 ms)
0	09:59:28.424	'27123197': previous successful authorization performed from 154.126.112.45
0	10:00:29.998	'27123197': login datacenter on AdmiralMarkets-Live
0	10:00:32.142	'27123197': login on AdmiralMarkets-Live through Access Point #2 (ping: 212.18 ms)
0	10:00:37.109	'27123197': login datacenter on AdmiralMarkets-Live through Access Point #2 (ping: 212.18 ms)
0	10:00:48.120	'27123197': previous successful authorization performed from 154.126.112.45
2	10:01:05.428	Custom indicator #P4L CandleTime NZDUSD,H1: loaded successfully
2	10:01:05.443	Custom indicator TURBO PLUS+ NZDUSD,H1: loaded successfully
2	10:01:05.466	Custom indicator ALERT SIGNAL NZDUSD,H1: loaded successfully
2	10:01:05.484	Custom indicator Trend Trading\TrendTradingCloud NZDUSD,H1: loaded successfully
2	10:01:05.502	Custom indicator RSI Divergence Levels NZDUSD,H1: loaded successfully
2	10:01:05.522	Custom indicator MACD_Volumes-2 NZDUSD,H1: loaded successfully
2	10:01:05.540	Custom indicator Trend Trading\CloudSignalLines NZDUSD,H1: loaded successfully
2	10:01:05.859	Custom indicator MBFX Timing NZDUSD,H1: loaded successfully
1	10:02:25.531	'27123197': datacenter connecting failed [6]
1	10:02:25.673	'27123197': connect failed [Connection échouée]
0	10:02:32.299	'27123197': login on AdmiralMarkets-Live through Access Point #8 (ping: n/a)
0	10:02:45.723	'27123197': login datacenter on AdmiralMarkets-Live through Access Point #8 (ping: n/a)
0	10:03:07.240	'27123197': previous successful authorization performed from 154.126.112.45
0	10:03:30.740	'27123197': ping to current access point Access Point #8 is 648.74 ms
0	10:05:08.392	'27123197': login datacenter on AdmiralMarkets-Live
0	10:05:10.641	'27123197': login on AdmiralMarkets-Live through Access Point #4 (ping: 221.61 ms)
0	10:05:13.116	'27123197': login datacenter on AdmiralMarkets-Live through Access Point #4 (ping: 221.61 ms)
0	10:05:19.519	'27123197': previous successful authorization performed from 154.126.112.45
0	10:06:22.987	'27123197': pending order sell limit 0.10 AUDCHF at 0.61320 sl: 0.61800 tp: 0.60600
0	10:06:23.285	'27123197': order was opened : #64884250 sell limit 0.10 AUDCHF at 0.61320 sl: 0.61800 tp: 0.60600
1	10:08:46.527	'27123197': datacenter connecting failed [6]
0	10:08:49.400	'27123197': login on AdmiralMarkets-Live through Access Point #1 (ping: 239.24 ms)
0	10:09:05.625	'27123197': login datacenter on AdmiralMarkets-Live through Access Point #1 (ping: 239.24 ms)
0	10:09:08.370	'27123197': previous successful authorization performed from 154.126.112.45
2	10:11:21.218	Custom indicator MBFX Timing [DAX30],H4: removed
2	10:11:21.365	Custom indicator MBFX Timing [DAX30],H1: loaded successfully
0	10:11:31.307	'27123197': login datacenter on AdmiralMarkets-Live
0	10:11:51.022	'27123197': login on AdmiralMarkets-Live through Access Point #4 (ping: 233.47 ms)
0	10:12:51.945	'27123197': login datacenter on AdmiralMarkets-Live
0	10:12:58.264	'27123197': login on AdmiralMarkets-Live through Access Point #3 (ping: 294.95 ms)
0	10:13:00.262	'27123197': login datacenter on AdmiralMarkets-Live through Access Point #3 (ping: 294.95 ms)
0	10:13:01.607	'27123197': previous successful authorization performed from 154.126.112.45
0	10:14:40.196	'27123197': login on AdmiralMarkets-Live through Access Point #3 (ping: 294.95 ms)
0	10:14:45.835	'27123197': login datacenter on AdmiralMarkets-Live through Access Point #3 (ping: 294.95 ms)
0	10:15:05.824	'27123197': previous successful authorization performed from 154.126.112.45
1	10:15:49.524	'27123197': datacenter connecting failed [6]
0	10:15:54.170	'27123197': login on AdmiralMarkets-Live through Access Point #2 (ping: 244.69 ms)
0	10:16:27.055	'27123197': login datacenter on AdmiralMarkets-Live through Access Point #2 (ping: 244.69 ms)
0	10:16:57.167	'27123197': previous successful authorization performed from 154.126.112.45
1	10:18:02.525	'27123197': datacenter connecting failed [6]
1	10:18:02.623	'27123197': connect failed [Connection échouée]
0	10:18:09.218	'27123197': login on AdmiralMarkets-Live through Access Point #8 (ping: n/a)
0	10:18:28.827	'27123197': login datacenter on AdmiralMarkets-Live through Access Point #8 (ping: n/a)
0	10:18:31.590	'27123197': previous successful authorization performed from 154.126.112.45
0	10:19:08.070	'27123197': ping to current access point Access Point #8 is 776.21 ms
0	10:19:54.457	'27123197': login datacenter on AdmiralMarkets-Live
2	10:19:58.818	Custom indicator MBFX Timing [DAX30],H1: removed
0	10:20:00.014	'27123197': login on AdmiralMarkets-Live through Access Point #4 (ping: 211.02 ms)
2	10:20:05.839	Custom indicator MBFX Timing [DAX30],H1: loaded successfully
2	10:20:07.790	Custom indicator MBFX Timing [DAX30],H1: removed
2	10:20:07.921	Custom indicator MBFX Timing [DAX30],H4: loaded successfully
0	10:20:08.218	'27123197': login datacenter on AdmiralMarkets-Live through Access Point #4 (ping: 211.02 ms)
2	10:20:09.403	Custom indicator MBFX Timing [DAX30],H4: removed
2	10:20:12.030	Custom indicator MBFX Timing [DAX30],H4: loaded successfully
2	10:20:14.718	Custom indicator MBFX Timing [DAX30],H4: removed
2	10:20:14.852	Custom indicator MBFX Timing [DAX30],H1: loaded successfully
0	10:21:15.339	'27123197': login on AdmiralMarkets-Live through Access Point #3 (ping: 290.36 ms)
0	10:21:19.054	'27123197': login datacenter on AdmiralMarkets-Live through Access Point #3 (ping: 290.36 ms)
0	10:21:21.927	'27123197': previous successful authorization performed from 154.126.112.45
1	10:22:38.530	'27123197': datacenter connecting failed [6]
0	10:22:42.512	'27123197': login on AdmiralMarkets-Live through Access Point #4 (ping: 254.93 ms)
0	10:24:01.685	'27123197': login on AdmiralMarkets-Live through Access Point #1 (ping: 271.71 ms)
0	10:24:12.070	'27123197': login datacenter on AdmiralMarkets-Live through Access Point #1 (ping: 271.71 ms)
0	10:24:13.161	'27123197': previous successful authorization performed from 154.126.112.45
0	10:44:55.331	'27123197': login on AdmiralMarkets-Live through Access Point #2 (ping: 225.26 ms)
0	10:45:20.180	'27123197': login datacenter on AdmiralMarkets-Live through Access Point #2 (ping: 225.26 ms)
0	10:45:50.006	'27123197': previous successful authorization performed from 197.149.28.6
1	10:47:49.525	'27123197': datacenter connecting failed [6]
2	10:47:59.314	Custom indicator MBFX Timing [DAX30],H1: removed
1	10:48:50.529	'27123197': connect failed [Connection échouée]
0	10:49:07.028	'27123197': login on AdmiralMarkets-Live through Access Point #8 (ping: n/a)
0	10:50:00.589	'27123197': login datacenter on AdmiralMarkets-Live through Access Point #8 (ping: n/a)
0	10:50:02.628	'27123197': previous successful authorization performed from 197.149.28.6
2	10:50:05.539	Custom indicator MBFX Timing [DAX30],M1: loaded successfully
2	10:50:19.593	Custom indicator MBFX Timing [DAX30],M1: removed
2	10:50:19.789	Custom indicator MBFX Timing [DAX30],H1: loaded successfully
0	10:50:32.982	'27123197': ping to current access point Access Point #8 is 882.00 ms
1	10:51:05.525	'27123197': datacenter connecting failed [6]
0	10:51:07.128	'27123197': login on AdmiralMarkets-Live through Access Point #3 (ping: 289.50 ms)
0	10:51:18.579	'27123197': login datacenter on AdmiralMarkets-Live through Access Point #3 (ping: 289.50 ms)
0	10:51:23.863	'27123197': previous successful authorization performed from 197.149.28.6
0	10:54:44.141	'27123197': login datacenter on AdmiralMarkets-Live
0	10:54:57.575	'27123197': login on AdmiralMarkets-Live through Access Point #4 (ping: 255.66 ms)
0	10:55:03.806	'27123197': login datacenter on AdmiralMarkets-Live through Access Point #4 (ping: 255.66 ms)
0	10:55:05.372	'27123197': previous successful authorization performed from 197.149.28.6
1	10:58:13.527	'27123197': datacenter connecting failed [6]
0	10:58:15.226	'27123197': login on AdmiralMarkets-Live through Access Point #4 (ping: 260.27 ms)
0	10:58:20.241	'27123197': delete pending order #64884250 sell limit 0.10 AUDCHF at 0.61320 sl: 0.61800 tp: 0.60600
0	10:59:16.656	'27123197': login datacenter on AdmiralMarkets-Live
0	10:59:23.813	'27123197': login on AdmiralMarkets-Live through Access Point #1 (ping: 268.05 ms)
0	10:59:29.676	'27123197': login datacenter on AdmiralMarkets-Live through Access Point #1 (ping: 268.05 ms)
0	10:59:30.325	'27123197': previous successful authorization performed from 197.149.28.6
0	10:59:44.026	'27123197': ping to current access point Access Point #1 is 267.84 ms
0	11:01:40.339	'27123197': login on AdmiralMarkets-Live through Access Point #4 (ping: 211.34 ms)
0	11:01:42.397	'27123197': login datacenter on AdmiralMarkets-Live through Access Point #4 (ping: 211.34 ms)
0	11:01:43.327	'27123197': previous successful authorization performed from 197.149.28.6
2	11:03:56.799	Custom indicator MBFX Timing [DAX30],H1: removed
2	11:03:56.944	Custom indicator MBFX Timing [DAX30],M5: loaded successfully
0	11:04:50.005	'27123197': login datacenter on AdmiralMarkets-Live
0	11:04:53.811	'27123197': login on AdmiralMarkets-Live through Access Point #4 (ping: 215.28 ms)
0	11:05:55.325	'27123197': login datacenter on AdmiralMarkets-Live
0	11:06:02.058	'27123197': login on AdmiralMarkets-Live through Access Point #3 (ping: 282.26 ms)
0	11:06:16.608	'27123197': login datacenter on AdmiralMarkets-Live through Access Point #3 (ping: 282.26 ms)
0	11:06:20.888	'27123197': previous successful authorization performed from 197.149.28.6
1	11:07:45.526	'27123197': datacenter connecting failed [6]
0	11:08:02.382	'27123197': login on AdmiralMarkets-Live through Access Point #8 (ping: 652.08 ms)
0	11:08:06.635	'27123197': login datacenter on AdmiralMarkets-Live through Access Point #8 (ping: 652.08 ms)
0	11:08:07.845	'27123197': previous successful authorization performed from 197.149.28.6
2	11:12:03.138	Custom indicator MBFX Timing [DAX30],M5: removed
2	11:12:03.295	Custom indicator MBFX Timing [DAX30],H1: loaded successfully
0	11:12:20.341	'27123197': login datacenter on AdmiralMarkets-Live
0	11:12:23.632	'27123197': login on AdmiralMarkets-Live through Access Point #2 (ping: 224.52 ms)
0	11:12:25.424	'27123197': login datacenter on AdmiralMarkets-Live through Access Point #2 (ping: 224.52 ms)
0	11:12:26.776	'27123197': previous successful authorization performed from 197.149.28.6
2	11:12:52.072	Custom indicator MBFX Timing [DAX30],H1: removed
2	11:12:52.223	Custom indicator MBFX Timing [DAX30],M1: loaded successfully
1	11:20:03.628	'27123197': connect failed [Connection échouée]
0	11:20:16.937	'27123197': login on AdmiralMarkets-Live through Access Point #8 (ping: n/a)
0	11:20:25.212	'27123197': login datacenter on AdmiralMarkets-Live through Access Point #8 (ping: n/a)
0	11:20:31.612	'27123197': previous successful authorization performed from 197.149.28.6
0	11:21:01.520	'27123197': ping to current access point Access Point #8 is 671.66 ms
2	11:21:35.151	Custom indicator MBFX Timing [DAX30],M1: removed
2	11:21:35.325	Custom indicator MBFX Timing [DAX30],M5: loaded successfully
2	11:21:39.525	Custom indicator MBFX Timing [DAX30],M5: removed
2	11:21:48.092	Custom indicator MBFX Timing [DAX30],M1: loaded successfully
0	11:22:00.258	'27123197': login on AdmiralMarkets-Live through Access Point #2 (ping: 202.41 ms)
0	11:22:07.071	'27123197': login datacenter on AdmiralMarkets-Live through Access Point #2 (ping: 202.41 ms)
0	11:22:08.471	'27123197': previous successful authorization performed from 197.149.28.6
1	11:23:11.530	'27123197': datacenter connecting failed [6]
0	11:23:13.199	'27123197': login on AdmiralMarkets-Live through Access Point #4 (ping: 216.69 ms)
0	11:24:14.812	'27123197': login datacenter on AdmiralMarkets-Live
0	11:24:21.935	'27123197': login on AdmiralMarkets-Live through Access Point #4 (ping: 230.78 ms)
0	11:24:30.176	'27123197': login datacenter on AdmiralMarkets-Live through Access Point #4 (ping: 230.78 ms)
0	11:25:03.612	'27123197': ping to current access point Access Point #4 is 232.97 ms
0	11:25:36.829	'27123197': login on AdmiralMarkets-Live through Access Point #4 (ping: 243.51 ms)
0	11:26:05.216	'27123197': login datacenter on AdmiralMarkets-Live through Access Point #2 (ping: 210.08 ms)
0	11:26:12.920	'27123197': login on AdmiralMarkets-Live through Access Point #2 (ping: 210.08 ms)
0	11:26:34.032	'27123197': login datacenter on AdmiralMarkets-Live through Access Point #2 (ping: 210.08 ms)
0	11:26:58.411	'27123197': previous successful authorization performed from 197.149.28.6
0	11:32:36.988	'27123197': login datacenter on AdmiralMarkets-Live
0	11:32:38.952	'27123197': login on AdmiralMarkets-Live through Access Point #4 (ping: 243.51 ms)
0	11:32:41.721	'27123197': login datacenter on AdmiralMarkets-Live through Access Point #4 (ping: 243.51 ms)
0	11:32:44.701	'27123197': previous successful authorization performed from 197.149.28.6
0	11:33:46.988	'27123197': login datacenter on AdmiralMarkets-Live
0	11:33:48.224	'27123197': login on AdmiralMarkets-Live through Access Point #3 (ping: 280.15 ms)
0	11:33:56.163	'27123197': login datacenter on AdmiralMarkets-Live through Access Point #3 (ping: 280.15 ms)
0	11:34:15.921	'27123197': previous successful authorization performed from 197.149.28.6
2	11:34:35.804	Custom indicator #P4L CandleTime EURAUD,H1: loaded successfully
2	11:34:35.819	Custom indicator TURBO PLUS+ EURAUD,H1: loaded successfully
2	11:34:35.835	Custom indicator ALERT SIGNAL EURAUD,H1: loaded successfully
2	11:34:35.850	Custom indicator Trend Trading\TrendTradingCloud EURAUD,H1: loaded successfully
2	11:34:35.867	Custom indicator RSI Divergence Levels EURAUD,H1: loaded successfully
2	11:34:35.883	Custom indicator MACD_Volumes-2 EURAUD,H1: loaded successfully
2	11:34:35.897	Custom indicator Trend Trading\CloudSignalLines EURAUD,H1: loaded successfully
2	11:34:36.165	Custom indicator MBFX Timing EURAUD,H1: loaded successfully
1	11:35:25.526	'27123197': datacenter connecting failed [6]
0	11:35:31.918	'27123197': login on AdmiralMarkets-Live through Access Point #1 (ping: 259.84 ms)
0	11:35:51.911	'27123197': login datacenter on AdmiralMarkets-Live through Access Point #1 (ping: 259.84 ms)
0	11:35:53.121	'27123197': previous successful authorization performed from 197.149.28.6
2	11:36:19.472	Custom indicator MBFX Timing EURAUD,H1: removed
2	11:36:24.845	Custom indicator MBFX Timing EURAUD,H4: loaded successfully
2	11:36:31.403	Custom indicator MBFX Timing EURAUD,H4: removed
2	11:36:31.543	Custom indicator MBFX Timing EURAUD,H1: loaded successfully
0	11:38:36.966	'27123197': login datacenter on AdmiralMarkets-Live
0	11:39:01.906	'27123197': login on AdmiralMarkets-Live through Access Point #8 (ping: 658.85 ms)
0	11:39:20.928	'27123197': login datacenter on AdmiralMarkets-Live through Access Point #8 (ping: 658.85 ms)
0	11:39:34.019	'27123197': previous successful authorization performed from 197.149.28.6
1	11:40:50.582	'27123197': connect failed [Connection échouée]
0	11:40:57.735	'27123197': login on AdmiralMarkets-Live through Access Point #8 (ping: n/a)
0	11:41:59.644	'27123197': login datacenter on AdmiralMarkets-Live
0	11:42:09.611	'27123197': login on AdmiralMarkets-Live through Access Point #4 (ping: n/a)
0	11:42:48.261	'27123197': login datacenter on AdmiralMarkets-Live through Access Point #4 (ping: n/a)
0	11:43:01.436	'27123197': previous successful authorization performed from 197.149.28.6
0	11:43:03.739	'27123197': ping to current access point Access Point #4 is 232.17 ms
1	11:44:33.527	'27123197': datacenter connecting failed [6]
0	11:44:55.583	'27123197': login on AdmiralMarkets-Live through Access Point #3 (ping: 274.86 ms)
0	11:45:40.496	'27123197': login datacenter on AdmiralMarkets-Live through Access Point #3 (ping: 274.86 ms)
0	11:45:41.612	'27123197': previous successful authorization performed from 197.149.28.6
0	11:47:29.402	'27123197': login on AdmiralMarkets-Live through Access Point #1 (ping: 558.85 ms)
0	11:48:19.728	'27123197': login datacenter on AdmiralMarkets-Live through Access Point #1 (ping: 558.85 ms)
0	11:48:20.533	'27123197': previous successful authorization performed from 197.149.28.6
0	11:50:11.398	'27123197': login datacenter on AdmiralMarkets-Live
0	11:50:15.300	'27123197': login on AdmiralMarkets-Live through Access Point #8 (ping: 907.41 ms)
0	11:50:28.857	'27123197': login datacenter on AdmiralMarkets-Live through Access Point #8 (ping: 907.41 ms)
2	11:50:31.405	Custom indicator MBFX Timing [DAX30],M1: removed
2	11:50:31.566	Custom indicator MBFX Timing [DAX30],H1: loaded successfully
0	11:50:32.381	'27123197': previous successful authorization performed from 197.149.28.6
2	11:52:11.371	Custom indicator MBFX Timing [DAX30],H1: removed
2	11:52:11.548	Custom indicator MBFX Timing [DAX30],H4: loaded successfully
2	11:52:14.361	Custom indicator MBFX Timing [DAX30],H4: removed
2	11:52:14.534	Custom indicator MBFX Timing [DAX30],H1: loaded successfully
0	11:54:01.786	'27123197': login on AdmiralMarkets-Live through Access Point #4 (ping: n/a)
0	11:54:09.365	'27123197': login datacenter on AdmiralMarkets-Live through Access Point #4 (ping: n/a)
0	11:54:12.103	'27123197': previous successful authorization performed from 197.149.28.6
0	11:54:53.553	'27123197': ping to current access point Access Point #4 is 230.17 ms
1	11:56:25.526	'27123197': datacenter connecting failed [6]
0	11:56:26.742	'27123197': login on AdmiralMarkets-Live through Access Point #4 (ping: 219.48 ms)
0	11:56:32.179	'27123197': login datacenter on AdmiralMarkets-Live through Access Point #4 (ping: 219.48 ms)
0	11:56:33.119	'27123197': previous successful authorization performed from 197.149.28.6
2	11:59:53.738	Custom indicator MBFX Timing WTI,H1: removed
2	11:59:56.381	Custom indicator MBFX Timing WTI,M1: loaded successfully
2	12:00:01.402	Custom indicator MBFX Timing WTI,M1: removed
1	12:01:42.355	'27123197': datacenter connecting failed [6]
0	12:01:43.753	'27123197': login on AdmiralMarkets-Live through Access Point #3 (ping: 293.91 ms)
0	12:01:48.915	'27123197': login datacenter on AdmiralMarkets-Live through Access Point #3 (ping: 293.91 ms)
0	12:02:09.742	'27123197': previous successful authorization performed from 197.149.28.6
1	12:02:50.532	'27123197': datacenter connecting failed [6]
0	12:02:53.203	'27123197': login on AdmiralMarkets-Live through Access Point #1 (ping: 280.74 ms)
0	12:03:00.374	'27123197': login datacenter on AdmiralMarkets-Live through Access Point #1 (ping: 280.74 ms)
0	12:03:09.833	'27123197': previous successful authorization performed from 197.149.28.6
1	12:05:04.531	'27123197': datacenter connecting failed [6]
0	12:05:08.911	'27123197': login on AdmiralMarkets-Live through Access Point #8 (ping: 662.02 ms)
0	12:06:10.408	'27123197': login datacenter on AdmiralMarkets-Live
0	12:06:22.724	'27123197': login on AdmiralMarkets-Live through Access Point #2 (ping: 211.32 ms)
0	12:06:26.150	'27123197': login datacenter on AdmiralMarkets-Live through Access Point #2 (ping: 211.32 ms)
0	12:06:31.318	'27123197': previous successful authorization performed from 197.149.28.6
0	12:09:00.968	'27123197': login datacenter on AdmiralMarkets-Live
1	12:09:01.342	'27123197': connect failed [Connection échouée]
0	12:09:08.397	'27123197': login on AdmiralMarkets-Live through Access Point #8 (ping: n/a)
2	12:09:09.866	Custom indicator MBFX Timing WTI,H1: loaded successfully
0	12:09:18.978	'27123197': login datacenter on AdmiralMarkets-Live through Access Point #8 (ping: n/a)
0	12:09:37.739	'27123197': previous successful authorization performed from 197.149.28.6
0	12:10:08.611	'27123197': close order #64879888 buy 0.10 EURGBP at 0.87348 sl: 0.86260 tp: 0.87554 at price 0.00000
0	12:10:19.824	'27123197': ping to current access point Access Point #8 is 652.19 ms
0	12:10:43.201	'27123197': login on AdmiralMarkets-Live through Access Point #4 (ping: 218.09 ms)
0	12:10:49.360	'27123197': login datacenter on AdmiralMarkets-Live through Access Point #4 (ping: 218.09 ms)
0	12:10:52.678	'27123197': previous successful authorization performed from 197.149.28.6
2	12:14:06.125	Custom indicator MBFX Timing [DJI30],H1: removed
1	12:14:55.303	'27123197': ping failed
1	12:14:55.304	'27123197': datacenter connecting failed [6]
0	12:14:56.644	'27123197': login on AdmiralMarkets-Live through Access Point #1 (ping: 245.03 ms)
0	12:15:02.348	'27123197': login datacenter on AdmiralMarkets-Live through Access Point #1 (ping: 245.03 ms)
0	12:15:03.830	'27123197': previous successful authorization performed from 197.149.28.6
1	12:16:06.557	'27123197': datacenter connecting failed [6]
0	12:16:07.443	'27123197': login on AdmiralMarkets-Live through Access Point #4 (ping: 250.22 ms)
0	12:16:12.232	'27123197': login datacenter on AdmiralMarkets-Live through Access Point #4 (ping: 250.22 ms)
0	12:16:13.808	'27123197': previous successful authorization performed from 197.149.28.6
0	12:17:37.480	'27123197': login on AdmiralMarkets-Live through Access Point #3 (ping: 304.09 ms)
0	12:18:38.104	'27123197': login datacenter on AdmiralMarkets-Live
0	12:18:45.209	'27123197': login on AdmiralMarkets-Live through Access Point #8 (ping: 652.19 ms)
0	12:18:58.824	'27123197': login datacenter on AdmiralMarkets-Live through Access Point #8 (ping: 652.19 ms)
0	12:19:01.910	'27123197': previous successful authorization performed from 197.149.28.6
1	12:23:19.573	'27123197': datacenter connecting failed [6]
0	12:23:20.370	'27123197': login on AdmiralMarkets-Live through Access Point #2 (ping: 612.05 ms)
0	12:23:25.692	'27123197': login datacenter on AdmiralMarkets-Live through Access Point #2 (ping: 612.05 ms)
0	12:23:27.513	'27123197': previous successful authorization performed from 197.149.28.6
0	12:26:32.421	'27123197': login datacenter on AdmiralMarkets-Live
1	12:26:33.719	'27123197': connect failed [Connection échouée]
0	12:26:41.169	'27123197': login on AdmiralMarkets-Live through Access Point #8 (ping: n/a)
0	12:27:04.874	'27123197': login datacenter on AdmiralMarkets-Live through Access Point #8 (ping: n/a)
0	12:27:10.304	'27123197': previous successful authorization performed from 197.149.28.6
2	12:27:20.720	Custom indicator MBFX Timing [DJI30],H1: loaded successfully
0	12:28:02.901	'27123197': ping to current access point Access Point #8 is 687.42 ms
1	12:29:11.594	'27123197': datacenter connecting failed [6]
0	12:29:13.774	'27123197': login on AdmiralMarkets-Live through Access Point #4 (ping: 216.48 ms)
0	12:29:18.363	'27123197': login datacenter on AdmiralMarkets-Live through Access Point #4 (ping: 216.48 ms)
0	12:29:19.366	'27123197': previous successful authorization performed from 197.149.28.6
1	12:38:19.148	'27123197': ping failed
0	12:38:23.557	'27123197': login on AdmiralMarkets-Live through Access Point #3 (ping: 286.98 ms)
0	12:39:35.745	'27123197': login datacenter on AdmiralMarkets-Live
0	12:40:03.362	'27123197': login on AdmiralMarkets-Live through Access Point #4 (ping: 250.94 ms)
0	12:40:45.079	'27123197': login datacenter on AdmiralMarkets-Live through Access Point #2 (ping: 210.44 ms)
0	12:40:52.067	'27123197': login on AdmiralMarkets-Live through Access Point #2 (ping: 210.44 ms)
0	12:41:01.264	'27123197': ping to current access point Access Point #2 is 287.91 ms
0	12:41:53.245	'27123197': login datacenter on AdmiralMarkets-Live
0	12:42:06.156	'27123197': login on AdmiralMarkets-Live through Access Point #3 (ping: 263.21 ms)
0	12:43:07.160	'27123197': login datacenter on AdmiralMarkets-Live
0	12:43:14.184	'27123197': login on AdmiralMarkets-Live through Access Point #1 (ping: 442.71 ms)
0	12:43:42.274	'27123197': login datacenter on AdmiralMarkets-Live through Access Point #1 (ping: 442.71 ms)
0	12:43:43.491	'27123197': previous successful authorization performed from 197.149.28.6
1	12:44:45.000	'27123197': datacenter connecting failed [6]
0	12:44:47.031	'27123197': login on AdmiralMarkets-Live through Access Point #8 (ping: 721.45 ms)
0	12:45:41.017	'27123197': login datacenter on AdmiralMarkets-Live through Access Point #8 (ping: 721.45 ms)
0	12:45:43.276	'27123197': previous successful authorization performed from 197.149.28.6
0	12:45:44.163	'27123197': auto connecting to a better access point Access Point #4 (ping is 209.88 ms)
0	12:45:45.003	'27123197': login on AdmiralMarkets-Live through Access Point #4 (ping: 209.88 ms)
0	12:45:46.725	'27123197': login datacenter on AdmiralMarkets-Live through Access Point #4 (ping: 209.88 ms)
0	12:45:47.264	'27123197': previous successful authorization performed from 197.149.28.6
0	12:45:56.137	'27123197': order sell market 0.50 [DJI30] sl: 0.00 tp: 0.00
0	12:45:56.736	'27123197': order was opened : #64899670 sell 0.50 [DJI30] at 23233.68 sl: 0.00 tp: 0.00
0	12:46:11.153	'27123197': modify order #64899670 sell 0.50 [DJI30] at 23233.68 sl: 0.00 tp: 0.00 -> sl: 0.00 tp: 23100.00
0	12:46:11.436	'27123197': order #64899670 sell 0.50 [DJI30] at 23233.68 was modified -> sl: 0.00 tp: 23100.00
0	12:46:43.697	'27123197': modify order #64899670 sell 0.50 [DJI30] at 23233.68 sl: 0.00 tp: 23100.00 -> sl: 23464.09 tp: 23100.00
0	12:46:43.985	'27123197': order #64899670 sell 0.50 [DJI30] at 23233.68 was modified -> sl: 23464.09 tp: 23100.00
0	12:51:15.271	'27123197': login datacenter on AdmiralMarkets-Live
0	12:51:18.060	'27123197': login on AdmiralMarkets-Live through Access Point #4 (ping: 214.71 ms)
0	12:51:48.571	'27123197': login datacenter on AdmiralMarkets-Live through Access Point #4 (ping: 214.71 ms)
0	12:51:54.362	'27123197': previous successful authorization performed from 197.149.28.6
2	12:52:08.745	Custom indicator #P4L CandleTime EURRUB,H4: loaded successfully
2	12:52:08.761	Custom indicator TURBO PLUS+ EURRUB,H4: loaded successfully
2	12:52:08.773	Custom indicator ALERT SIGNAL EURRUB,H4: loaded successfully
2	12:52:08.786	Custom indicator Trend Trading\TrendTradingCloud EURRUB,H4: loaded successfully
2	12:52:08.801	Custom indicator RSI Divergence Levels EURRUB,H4: loaded successfully
2	12:52:08.816	Custom indicator MACD_Volumes-2 EURRUB,H4: loaded successfully
2	12:52:08.829	Custom indicator Trend Trading\CloudSignalLines EURRUB,H4: loaded successfully
2	12:52:59.285	Custom indicator MBFX Timing EURRUB,H1: loaded successfully
2	12:53:06.755	Custom indicator MBFX Timing EURRUB,H1: removed
2	12:53:11.591	Custom indicator MBFX Timing EURRUB,H1: loaded successfully
0	12:54:15.493	'27123197': order buy market 0.10 EURRUB sl: 0.00000 tp: 0.00000
0	12:54:16.387	'27123197': order was opened : #64900646 buy 0.10 EURRUB at 83.46036 sl: 0.00000 tp: 0.00000
0	12:54:59.068	'27123197': modify order #64900646 buy 0.10 EURRUB at 83.46036 sl: 0.00000 tp: 0.00000 -> sl: 80.11147 tp: 85.00000
0	12:54:59.403	'27123197': order #64900646 buy 0.10 EURRUB at 83.46036 was modified -> sl: 80.11147 tp: 85.00000
0	12:56:55.127	'27123197': close order #64900646 buy 0.10 EURRUB at 83.46036 sl: 80.11147 tp: 85.00000 at price 0.00000
0	12:56:56.412	'27123197': order #64900646 buy 0.10 EURRUB at 83.46036 sl: 80.11147 tp: 85.00000 closed at price 83.12552
2	12:58:04.096	Custom indicator MBFX Timing [DJI30],H1: removed
2	12:58:04.246	Custom indicator MBFX Timing [DJI30],H4: loaded successfully
2	12:58:12.339	Custom indicator MBFX Timing [DJI30],H4: removed
2	12:58:12.514	Custom indicator MBFX Timing [DJI30],H1: loaded successfully
2	12:58:14.570	Custom indicator MBFX Timing [DJI30],H1: removed
2	12:58:14.703	Custom indicator MBFX Timing [DJI30],M30: loaded successfully
2	12:58:22.116	Custom indicator MBFX Timing [DJI30],M30: removed
2	12:58:22.244	Custom indicator MBFX Timing [DJI30],H1: loaded successfully
2	12:58:25.121	Custom indicator MBFX Timing [DJI30],H1: removed
2	12:58:25.245	Custom indicator MBFX Timing [DJI30],H4: loaded successfully
2	12:58:27.855	Custom indicator MBFX Timing [DJI30],H4: removed
2	12:58:27.978	Custom indicator MBFX Timing [DJI30],H1: loaded successfully
2	12:59:26.772	Custom indicator MBFX Timing [DJI30],H1: removed
2	12:59:26.928	Custom indicator MBFX Timing [DJI30],H4: loaded successfully
2	12:59:52.444	Custom indicator MBFX Timing [DJI30],H4: removed
2	12:59:52.569	Custom indicator MBFX Timing [DJI30],H1: loaded successfully
2	12:59:53.893	Custom indicator MBFX Timing [DJI30],H1: removed
2	12:59:54.011	Custom indicator MBFX Timing [DJI30],M30: loaded successfully
2	13:00:08.994	Custom indicator MBFX Timing [DJI30],M30: removed
2	13:00:09.139	Custom indicator MBFX Timing [DJI30],M15: loaded successfully
2	13:00:25.519	Custom indicator MBFX Timing [DJI30],M15: removed
2	13:00:25.658	Custom indicator MBFX Timing [DJI30],H1: loaded successfully
2	13:00:34.019	Custom indicator MBFX Timing [DJI30],H1: removed
2	13:00:34.161	Custom indicator MBFX Timing [DJI30],Daily: loaded successfully
2	13:00:38.641	Custom indicator MBFX Timing [DJI30],Daily: removed
2	13:00:38.802	Custom indicator MBFX Timing [DJI30],H4: loaded successfully
2	13:00:40.207	Custom indicator MBFX Timing [DJI30],H4: removed
2	13:00:40.333	Custom indicator MBFX Timing [DJI30],H1: loaded successfully
0	13:02:20.215	'23853581': login on AdmiralMarkets-Demo through Access Point #6 (ping: 221.23 ms)
0	13:02:25.696	'23853581': login datacenter on AdmiralMarkets-Demo through Access Point #6 (ping: 221.23 ms)
0	13:02:26.740	'23853581': previous successful authorization performed from 154.126.112.45
0	13:02:58.583	'23853581': ping to current access point Access Point #6 is 267.70 ms
2	13:06:33.545	Custom indicator #P4L CandleTime AUDNZD,H1: loaded successfully
2	13:06:33.561	Custom indicator TURBO PLUS+ AUDNZD,H1: loaded successfully
2	13:06:33.571	Custom indicator ALERT SIGNAL AUDNZD,H1: loaded successfully
2	13:06:33.579	Custom indicator Trend Trading\TrendTradingCloud AUDNZD,H1: loaded successfully
2	13:06:33.591	Custom indicator RSI Divergence Levels AUDNZD,H1: loaded successfully
2	13:06:33.603	Custom indicator MACD_Volumes-2 AUDNZD,H1: loaded successfully
2	13:06:33.612	Custom indicator Trend Trading\CloudSignalLines AUDNZD,H1: loaded successfully
2	13:06:33.787	Custom indicator MBFX Timing AUDNZD,H1: loaded successfully
0	13:07:07.872	'27123197': login on AdmiralMarkets-Live through Access Point #4 (ping: 214.71 ms)
0	13:07:21.284	'27123197': login datacenter on AdmiralMarkets-Live through Access Point #4 (ping: 214.71 ms)
0	13:07:24.607	'27123197': previous successful authorization performed from 197.149.28.6
0	13:16:32.189	'27123197': modify order #64851534 buy 0.10 AUDUSD at 0.63549 sl: 0.62650 tp: 0.66400 -> sl: 0.62619 tp: 0.66400
0	13:16:33.437	'27123197': order #64851534 buy 0.10 AUDUSD at 0.63549 was modified -> sl: 0.62619 tp: 0.66400
0	13:36:13.996	'27123197': close order #64899670 sell 0.50 [DJI30] at 23233.68 sl: 23464.09 tp: 23100.00 at price 0.00
0	13:36:14.500	'27123197': order #64899670 sell 0.50 [DJI30] at 23233.68 sl: 23464.09 tp: 23100.00 closed at price 23232.58
1	13:46:30.649	'27123197': ping failed
0	13:46:52.876	'27123197': login on AdmiralMarkets-Live through Access Point #4 (ping: 214.71 ms)
0	13:47:15.965	'27123197': login datacenter on AdmiralMarkets-Live through Access Point #4 (ping: 214.71 ms)
0	13:47:16.619	'27123197': previous successful authorization performed from 197.149.28.6
0	13:48:00.037	'27123197': ping to current access point Access Point #4 is 211.06 ms
1	15:16:18.510	'27123197': datacenter connecting failed [6]
1	15:16:19.237	'27123197': connect failed [Connection échouée]
0	15:16:26.375	'27123197': login on AdmiralMarkets-Live through Access Point #4 (ping: 211.06 ms)
0	15:16:29.166	'27123197': login datacenter on AdmiralMarkets-Live through Access Point #4 (ping: 211.06 ms)
0	15:16:30.487	'27123197': previous successful authorization performed from 197.149.28.6
0	15:16:47.355	'27123197': auto connecting to a better access point Access Point #4 (ping is 221.27 ms)
0	15:16:48.133	'27123197': login on AdmiralMarkets-Live through Access Point #4 (ping: 221.27 ms)
0	15:16:49.717	'27123197': login datacenter on AdmiralMarkets-Live through Access Point #4 (ping: 221.27 ms)
0	15:16:50.241	'27123197': previous successful authorization performed from 197.149.28.6
0	15:24:43.374	'27123197': login datacenter on AdmiralMarkets-Live
0	15:24:44.572	'27123197': login on AdmiralMarkets-Live through Access Point #3 (ping: 269.06 ms)
0	15:24:47.245	'27123197': login datacenter on AdmiralMarkets-Live through Access Point #3 (ping: 269.06 ms)
0	15:24:47.859	'27123197': previous successful authorization performed from 197.149.28.6
0	15:52:52.350	'27123197': order #64851534 buy 0.10 AUDUSD at 0.63549 closed due stop-loss at price 0.62621
1	15:57:05.527	Signal: '27123197': failed get list of signals, connection error
0	16:19:45.547	'27123197': close order #64834400 buy 0.10 EURUSD at 1.08307 sl: 1.08100 tp: 1.08820 at price 0.00000
0	16:19:46.123	'27123197': order #64834400 buy 0.10 EURUSD at 1.08307 sl: 1.08100 tp: 1.08820 closed at price 1.08327
0	16:20:46.970	'27123197': order sell market 0.10 EURUSD sl: 0.00000 tp: 0.00000
0	16:20:47.410	'27123197': order was opened : #64918488 sell 0.10 EURUSD at 1.08329 sl: 0.00000 tp: 0.00000
0	16:21:53.486	'27123197': modify order #64918488 sell 0.10 EURUSD at 1.08329 sl: 0.00000 tp: 0.00000 -> sl: 1.08480 tp: 1.08080
0	16:21:54.210	'27123197': order #64918488 sell 0.10 EURUSD at 1.08329 was modified -> sl: 1.08480 tp: 1.08080
0	16:44:10.850	'27123197': order #64918488 sell 0.10 EURUSD at 1.08329 closed due stop-loss at price 1.08486
0	16:51:34.992	'27123197': login on AdmiralMarkets-Live through Access Point #2 (ping: 228.32 ms)
0	16:51:51.866	'27123197': login datacenter on AdmiralMarkets-Live through Access Point #2 (ping: 228.32 ms)
0	16:51:54.018	'27123197': previous successful authorization performed from 197.149.28.6
0	16:52:38.964	'27123197': auto connecting to a better access point Access Point #4 (ping is 214.74 ms)
0	16:52:39.804	'27123197': login on AdmiralMarkets-Live through Access Point #4 (ping: 214.74 ms)
0	16:53:41.085	'27123197': login datacenter on AdmiralMarkets-Live
0	16:53:48.208	'27123197': login on AdmiralMarkets-Live through Access Point #3 (ping: 255.35 ms)
0	16:53:54.009	'27123197': login datacenter on AdmiralMarkets-Live through Access Point #3 (ping: 255.35 ms)
0	16:53:55.110	'27123197': previous successful authorization performed from 197.149.28.6
0	16:54:23.691	'27123197': ping to current access point Access Point #3 is 285.27 ms
1	16:54:58.600	'27123197': datacenter connecting failed [6]
0	16:55:00.420	'27123197': login on AdmiralMarkets-Live through Access Point #4 (ping: 218.07 ms)
0	16:55:12.686	'27123197': login datacenter on AdmiralMarkets-Live through Access Point #4 (ping: 218.07 ms)
0	16:55:13.299	'27123197': previous successful authorization performed from 197.149.28.6
0	16:55:48.682	'27123197': order buy market 0.10 WTI sl: 0.00 tp: 0.00
0	16:55:49.174	'27123197': order was opened : #64923221 buy 0.10 WTI at 8.89 sl: 0.00 tp: 0.00
0	16:56:26.983	'27123197': order buy market 0.50 WTI sl: 0.00 tp: 0.00
0	16:56:27.423	'27123197': order was opened : #64923295 buy 0.50 WTI at 8.90 sl: 0.00 tp: 0.00
0	16:56:51.239	'27123197': modify order #64923221 buy 0.10 WTI at 8.89 sl: 0.00 tp: 0.00 -> sl: 6.45 tp: 0.00
0	16:56:52.021	'27123197': order #64923221 buy 0.10 WTI at 8.89 was modified -> sl: 6.45 tp: 0.00
0	16:57:08.507	'27123197': modify order #64923221 buy 0.10 WTI at 8.89 sl: 6.45 tp: 0.00 -> sl: 6.71 tp: 0.00
0	16:57:09.181	'27123197': order #64923221 buy 0.10 WTI at 8.89 was modified -> sl: 6.71 tp: 0.00
0	16:57:13.435	'27123197': modify order #64923221 buy 0.10 WTI at 8.89 sl: 6.71 tp: 0.00 -> sl: 6.45 tp: 0.00
0	16:57:13.734	'27123197': order #64923221 buy 0.10 WTI at 8.89 was modified -> sl: 6.45 tp: 0.00
0	16:57:20.058	'27123197': login datacenter on AdmiralMarkets-Live
0	16:57:22.852	'27123197': login on AdmiralMarkets-Live through Access Point #4 (ping: 238.44 ms)
0	16:57:27.509	'27123197': login datacenter on AdmiralMarkets-Live through Access Point #4 (ping: 238.44 ms)
0	16:57:30.315	'27123197': previous successful authorization performed from 197.149.28.6
1	17:00:14.982	'27123197': modification of order #64923221 buy 0.10 WTI at 8.89 sl: 6.45 tp: 0.00 -> sl: 8.87 tp: 0.00 failed [Invalid S/L or T/P]
0	17:00:47.870	'27123197': order buy market 0.50 WTI sl: 6.50 tp: 0.00
0	17:00:48.256	'27123197': order was opened : #64923954 buy 0.50 WTI at 8.77 sl: 6.50 tp: 0.00
2	17:02:53.317	Custom indicator MBFX Timing WTI,H1: removed
2	17:02:53.464	Custom indicator MBFX Timing WTI,M30: loaded successfully
2	17:02:57.388	Custom indicator MBFX Timing WTI,M30: removed
2	17:02:57.489	Custom indicator MBFX Timing WTI,M15: loaded successfully
2	17:03:02.889	Custom indicator MBFX Timing WTI,M15: removed
2	17:03:05.175	Custom indicator MBFX Timing WTI,M15: loaded successfully
2	17:04:19.097	Custom indicator MBFX Timing WTI,M15: removed
2	17:04:19.200	Custom indicator MBFX Timing WTI,H1: loaded successfully
1	17:04:26.000	'27123197': datacenter connecting failed [6]
0	17:04:28.256	'27123197': login on AdmiralMarkets-Live through Access Point #1 (ping: 243.92 ms)
0	17:05:29.043	'27123197': login datacenter on AdmiralMarkets-Live
0	17:05:37.954	'27123197': login on AdmiralMarkets-Live through Access Point #8 (ping: 643.23 ms)
0	17:06:11.455	'27123197': login on AdmiralMarkets-Live through Access Point #2 (ping: 219.08 ms)
0	17:06:52.541	'27123197': login datacenter on AdmiralMarkets-Live through Access Point #2 (ping: 219.08 ms)
0	17:06:58.751	'27123197': order sell market 0.50 [DJI30] sl: 0.00 tp: 0.00
0	17:07:08.898	'27123197': previous successful authorization performed from 197.149.28.6
0	17:07:44.328	'27123197': order sell market 0.50 [DJI30] sl: 0.00 tp: 0.00
0	17:07:45.045	'27123197': order was opened : #64924755 sell 0.50 [DJI30] at 23295.60 sl: 0.00 tp: 0.00
0	17:08:38.580	'27123197': login on AdmiralMarkets-Live through Access Point #8 (ping: 643.23 ms)
0	17:08:40.508	'27123197': login datacenter on AdmiralMarkets-Live through Access Point #2 (ping: 219.08 ms)
0	17:08:48.570	'27123197': login on AdmiralMarkets-Live through Access Point #2 (ping: 219.08 ms)
0	17:08:51.582	'27123197': login datacenter on AdmiralMarkets-Live through Access Point #2 (ping: 219.08 ms)
0	17:08:55.935	'27123197': previous successful authorization performed from 197.149.28.6
0	17:09:00.180	'27123197': close order #64924755 sell 0.50 [DJI30] at 23295.60 sl: 0.00 tp: 0.00 at price 0.00
0	17:09:00.770	'27123197': order #64924755 sell 0.50 [DJI30] at 23295.60 sl: 0.00 tp: 0.00 closed at price 23265.66
2	17:10:48.021	Custom indicator MBFX Timing WTI,H1: removed
2	17:10:48.153	Custom indicator MBFX Timing WTI,M30: loaded successfully
2	17:10:52.031	Custom indicator MBFX Timing WTI,M30: removed
2	17:10:52.154	Custom indicator MBFX Timing WTI,H1: loaded successfully
1	17:11:19.587	'27123197': datacenter connecting failed [6]
0	17:11:29.210	'27123197': login on AdmiralMarkets-Live through Access Point #8 (ping: 643.23 ms)
0	17:11:50.639	'27123197': login datacenter on AdmiralMarkets-Live through Access Point #8 (ping: 643.23 ms)
0	17:11:53.501	'27123197': previous successful authorization performed from 197.149.28.6
1	17:15:11.589	'27123197': datacenter connecting failed [6]
1	17:15:11.670	'27123197': connect failed [Connection échouée]
0	17:15:19.677	'27123197': login on AdmiralMarkets-Live through Access Point #8 (ping: n/a)
1	17:15:20.795	'27123197': order #64923295 buy 0.50 WTI closing at 0.00 failed [No connection]
0	17:15:23.389	'27123197': close order #64923954 buy 0.50 WTI at 8.77 sl: 6.50 tp: 0.00 at price 0.00
0	17:15:32.190	'27123197': login datacenter on AdmiralMarkets-Live through Access Point #8 (ping: n/a)
0	17:15:33.957	'27123197': previous successful authorization performed from 197.149.28.6
0	17:15:55.522	'27123197': close order #64923954 buy 0.50 WTI at 8.77 sl: 6.50 tp: 0.00 at price 0.00
0	17:15:56.337	'27123197': order #64923954 buy 0.50 WTI at 8.77 sl: 6.50 tp: 0.00 closed at price 8.27
0	17:15:56.911	'27123197': ping to current access point Access Point #8 is 682.67 ms
0	17:16:01.683	'27123197': close order #64923295 buy 0.50 WTI at 8.90 sl: 0.00 tp: 0.00 at price 0.00
0	17:16:02.624	'27123197': order #64923295 buy 0.50 WTI at 8.90 sl: 0.00 tp: 0.00 closed at price 8.28
0	17:16:36.479	HistoryCenter: synchronize 'WTI60'
0	17:17:02.097	HistoryCenter: 2098 bars imported in 'WTI60'
0	17:18:01.993	'27123197': modify order #64923221 buy 0.10 WTI at 8.89 sl: 6.45 tp: 0.00 -> sl: 6.45 tp: 15.29
0	17:18:02.728	'27123197': order #64923221 buy 0.10 WTI at 8.89 was modified -> sl: 6.45 tp: 15.29
0	17:18:28.448	'27123197': modify order #64923221 buy 0.10 WTI at 8.89 sl: 6.45 tp: 15.29 -> sl: 7.37 tp: 15.29
0	17:18:29.154	'27123197': order #64923221 buy 0.10 WTI at 8.89 was modified -> sl: 7.37 tp: 15.29
0	17:24:47.203	'27123197': order buy market 0.10 GBPAUD sl: 0.00000 tp: 0.00000
0	17:24:48.057	'27123197': order was opened : #64926944 buy 0.10 GBPAUD at 1.95556 sl: 0.00000 tp: 0.00000
0	17:25:23.269	'27123197': modify order #64926944 buy 0.10 GBPAUD at 1.95556 sl: 0.00000 tp: 0.00000 -> sl: 1.95060 tp: 1.97100
0	17:25:23.965	'27123197': order #64926944 buy 0.10 GBPAUD at 1.95556 was modified -> sl: 1.95060 tp: 1.97100
0	17:30:28.437	'27123197': login datacenter on AdmiralMarkets-Live
0	17:30:31.362	'27123197': login on AdmiralMarkets-Live through Access Point #4 (ping: 213.98 ms)
0	17:31:00.099	'27123197': login datacenter on AdmiralMarkets-Live through Access Point #4 (ping: 213.98 ms)
0	17:31:05.425	'27123197': previous successful authorization performed from 197.149.28.6
1	17:32:43.595	'27123197': datacenter connecting failed [6]
0	17:32:44.441	'27123197': login on AdmiralMarkets-Live through Access Point #1 (ping: 234.35 ms)
0	17:32:46.264	'27123197': login datacenter on AdmiralMarkets-Live through Access Point #1 (ping: 234.35 ms)
0	17:32:46.918	'27123197': previous successful authorization performed from 197.149.28.6
0	17:33:18.396	'27123197': modify order #64926944 buy 0.10 GBPAUD at 1.95556 sl: 1.95060 tp: 1.97100 -> sl: 1.94977 tp: 1.97100
0	17:33:18.730	'27123197': order #64926944 buy 0.10 GBPAUD at 1.95556 was modified -> sl: 1.94977 tp: 1.97100
0	17:33:27.860	'27123197': modify order #64926944 buy 0.10 GBPAUD at 1.95556 sl: 1.94977 tp: 1.97100 -> sl: 1.94850 tp: 1.97100
0	17:33:28.205	'27123197': order #64926944 buy 0.10 GBPAUD at 1.95556 was modified -> sl: 1.94850 tp: 1.97100
2	17:38:26.425	Custom indicator #P4L CandleTime AUDCAD,H1: loaded successfully
2	17:38:26.439	Custom indicator TURBO PLUS+ AUDCAD,H1: loaded successfully
2	17:38:26.452	Custom indicator ALERT SIGNAL AUDCAD,H1: loaded successfully
2	17:38:26.467	Custom indicator Trend Trading\TrendTradingCloud AUDCAD,H1: loaded successfully
2	17:38:26.481	Custom indicator RSI Divergence Levels AUDCAD,H1: loaded successfully
2	17:38:26.497	Custom indicator MACD_Volumes-2 AUDCAD,H1: loaded successfully
2	17:38:26.509	Custom indicator Trend Trading\CloudSignalLines AUDCAD,H1: loaded successfully
2	17:38:26.726	Custom indicator MBFX Timing AUDCAD,H1: loaded successfully
0	17:38:59.816	'27123197': order sell market 0.10 AUDCAD sl: 0.00000 tp: 0.00000
0	17:39:01.609	'27123197': order was opened : #64928551 sell 0.10 AUDCAD at 0.89355 sl: 0.00000 tp: 0.00000
0	17:39:41.872	'27123197': modify order #64928551 sell 0.10 AUDCAD at 0.89355 sl: 0.00000 tp: 0.00000 -> sl: 0.89900 tp: 0.88500
0	17:39:42.183	'27123197': order #64928551 sell 0.10 AUDCAD at 0.89355 was modified -> sl: 0.89900 tp: 0.88500
0	17:54:29.889	'27123197': order #64926944 buy 0.10 GBPAUD at 1.95556 closed due stop-loss at price 1.94847
0	18:04:12.163	'27123197': order buy market 0.10 GBPAUD sl: 0.00000 tp: 0.00000
0	18:04:12.658	'27123197': order was opened : #64931295 buy 0.10 GBPAUD at 1.95308 sl: 0.00000 tp: 0.00000
0	18:04:22.981	'27123197': modify order #64931295 buy 0.10 GBPAUD at 1.95308 sl: 0.00000 tp: 0.00000 -> sl: 1.94956 tp: 0.00000
0	18:04:24.016	'27123197': order #64931295 buy 0.10 GBPAUD at 1.95308 was modified -> sl: 1.94956 tp: 0.00000
0	18:06:42.038	'27123197': modify order #64931295 buy 0.10 GBPAUD at 1.95308 sl: 1.94956 tp: 0.00000 -> sl: 1.94956 tp: 1.97102
0	18:06:43.592	'27123197': order #64931295 buy 0.10 GBPAUD at 1.95308 was modified -> sl: 1.94956 tp: 1.97102
0	18:36:30.424	'27123197': order buy market 0.50 [DAX30] sl: 0.00 tp: 0.00
0	18:36:46.824	'27123197': order was opened : #64934653 buy 0.50 [DAX30] at 10252.61 sl: 0.00 tp: 0.00
0	18:37:02.181	'27123197': order buy market 0.50 [DJI30] sl: 0.00 tp: 0.00
0	18:37:02.910	'27123197': order was opened : #64934681 buy 0.50 [DJI30] at 22994.76 sl: 0.00 tp: 0.00
0	18:38:44.177	'27123197': modify order #64934681 buy 0.50 [DJI30] at 22994.76 sl: 0.00 tp: 0.00 -> sl: 22870.00 tp: 23370.00
0	18:38:44.835	'27123197': order #64934681 buy 0.50 [DJI30] at 22994.76 was modified -> sl: 22870.00 tp: 23370.00
2	18:38:48.335	Custom indicator MBFX Timing [DJI30],H1: removed
2	18:38:48.520	Custom indicator MBFX Timing [DJI30],H4: loaded successfully
0	18:40:01.352	'27123197': modify order #64934653 buy 0.50 [DAX30] at 10252.61 sl: 0.00 tp: 0.00 -> sl: 10230.00 tp: 10430.00
0	18:40:03.571	'27123197': order #64934653 buy 0.50 [DAX30] at 10252.61 was modified -> sl: 10230.00 tp: 10430.00
2	18:40:32.870	Custom indicator MBFX Timing [DJI30],H4: removed
2	18:40:32.991	Custom indicator MBFX Timing [DJI30],H1: loaded successfully
0	18:51:24.010	'27123197': close order #64923221 buy 0.10 WTI at 8.89 sl: 7.37 tp: 15.29 at price 0.00
0	18:51:24.551	'27123197': order #64923221 buy 0.10 WTI at 8.89 sl: 7.37 tp: 15.29 closed at price 8.04
0	19:21:28.655	'27123197': modify order #64934681 buy 0.50 [DJI30] at 22994.76 sl: 22870.00 tp: 23370.00 -> sl: 22970.00 tp: 23370.00
0	19:21:29.206	'27123197': order #64934681 buy 0.50 [DJI30] at 22994.76 was modified -> sl: 22970.00 tp: 23370.00
0	19:25:55.242	'27123197': close order #64934681 buy 0.50 [DJI30] at 22994.76 sl: 22970.00 tp: 23370.00 at price 0.00
0	19:25:55.820	'27123197': order #64934681 buy 0.50 [DJI30] at 22994.76 sl: 22970.00 tp: 23370.00 closed at price 23019.61
0	19:26:28.471	'27123197': close order #64934653 buy 0.50 [DAX30] at 10252.61 sl: 10230.00 tp: 10430.00 at price 0.00
0	19:26:29.055	'27123197': order #64934653 buy 0.50 [DAX30] at 10252.61 sl: 10230.00 tp: 10430.00 closed at price 10269.55
2	19:27:37.555	Custom indicator MBFX Timing AUDCHF,H4: removed
2	19:27:37.736	Custom indicator MBFX Timing AUDCHF,H1: loaded successfully
2	19:27:53.024	Custom indicator MBFX Timing AUDCHF,H1: removed
2	19:27:54.098	Custom indicator MBFX Timing AUDCHF,M30: loaded successfully
2	19:28:37.323	Custom indicator MBFX Timing AUDCHF,M30: removed
2	19:28:37.455	Custom indicator MBFX Timing AUDCHF,H4: loaded successfully
2	19:36:20.926	Custom indicator MBFX Timing AUDCHF,H4: removed
2	19:36:21.039	Custom indicator MBFX Timing AUDCHF,H1: loaded successfully
0	19:40:15.354	'27123197': order sell market 0.10 AUDCHF sl: 0.61800 tp: 0.60600
0	19:40:17.379	'27123197': order was opened : #64938667 sell 0.10 AUDCHF at 0.60802 sl: 0.61800 tp: 0.60600
0	19:40:39.044	'27123197': delete pending order #64884250 sell limit 0.10 AUDCHF at 0.61320 sl: 0.61800 tp: 0.60600
0	19:40:52.376	'27123197': pending order #64884250 was deleted
0	19:48:40.199	'27123197': close order #64938667 sell 0.10 AUDCHF at 0.60802 sl: 0.61800 tp: 0.60600 at price 0.00000
0	19:48:40.632	'27123197': order #64938667 sell 0.10 AUDCHF at 0.60802 sl: 0.61800 tp: 0.60600 closed at price 0.60927
2	19:54:49.525	Custom indicator #P4L CandleTime GBPJPY,H1: loaded successfully
2	19:54:49.545	Custom indicator TURBO PLUS+ GBPJPY,H1: loaded successfully
2	19:54:49.559	Custom indicator ALERT SIGNAL GBPJPY,H1: loaded successfully
2	19:54:49.570	Custom indicator Trend Trading\TrendTradingCloud GBPJPY,H1: loaded successfully
2	19:54:49.584	Custom indicator RSI Divergence Levels GBPJPY,H1: loaded successfully
2	19:54:49.598	Custom indicator MACD_Volumes-2 GBPJPY,H1: loaded successfully
2	19:54:49.617	Custom indicator Trend Trading\CloudSignalLines GBPJPY,H1: loaded successfully
2	19:54:49.812	Custom indicator MBFX Timing GBPJPY,H1: loaded successfully
0	19:55:58.654	'27123197': login datacenter on AdmiralMarkets-Live
0	19:56:17.008	'27123197': login on AdmiralMarkets-Live through Access Point #3 (ping: 279.46 ms)
0	19:56:58.741	'27123197': login on AdmiralMarkets-Live through Access Point #2 (ping: 212.11 ms)
0	19:57:29.231	'27123197': login datacenter on AdmiralMarkets-Live through Access Point #2 (ping: 212.11 ms)
0	19:57:29.825	'27123197': previous successful authorization performed from 197.149.28.6
0	19:58:08.233	'27123197': auto connecting to a better access point Access Point #4 (ping is 217.53 ms)
0	19:58:09.055	'27123197': login on AdmiralMarkets-Live through Access Point #4 (ping: 217.53 ms)
0	19:58:12.006	'27123197': login datacenter on AdmiralMarkets-Live through Access Point #4 (ping: 217.53 ms)
0	19:58:12.590	'27123197': previous successful authorization performed from 197.149.28.6
0	20:01:10.860	'27123197': order sell market 0.10 GBPJPY sl: 0.000 tp: 0.000
0	20:01:11.260	'27123197': order was opened : #64939933 sell 0.10 GBPJPY at 132.172 sl: 0.000 tp: 0.000
0	20:01:44.753	'27123197': modify order #64939933 sell 0.10 GBPJPY at 132.172 sl: 0.000 tp: 0.000 -> sl: 132.881 tp: 130.674
0	20:01:45.019	'27123197': order #64939933 sell 0.10 GBPJPY at 132.172 was modified -> sl: 132.881 tp: 130.674
2	20:02:00.888	Custom indicator MBFX Timing GBPJPY,H1: removed
2	20:02:12.377	Custom indicator MBFX Timing GBPJPY,H4: loaded successfully
2	20:03:12.480	Custom indicator MBFX Timing GBPJPY,H4: removed
2	20:03:12.575	Custom indicator MBFX Timing GBPJPY,H1: loaded successfully
0	20:36:45.443	'27123197': login datacenter on AdmiralMarkets-Live
0	20:36:53.958	'27123197': login on AdmiralMarkets-Live through Access Point #4 (ping: 227.19 ms)
0	20:37:55.757	'27123197': login datacenter on AdmiralMarkets-Live
0	20:38:05.731	'27123197': login on AdmiralMarkets-Live through Access Point #1 (ping: 248.22 ms)
0	20:38:08.662	'27123197': login datacenter on AdmiralMarkets-Live through Access Point #1 (ping: 248.22 ms)
0	20:38:09.707	'27123197': previous successful authorization performed from 197.149.28.6
0	20:40:10.300	'27123197': order buy market 0.50 [DJI30] sl: 0.00 tp: 0.00
0	20:40:11.274	'27123197': order was opened : #64941936 buy 0.50 [DJI30] at 23154.87 sl: 0.00 tp: 0.00
0	20:40:47.755	'27123197': modify order #64941936 buy 0.50 [DJI30] at 23154.87 sl: 0.00 tp: 0.00 -> sl: 0.00 tp: 23370.00
0	20:40:48.576	'27123197': order #64941936 buy 0.50 [DJI30] at 23154.87 was modified -> sl: 0.00 tp: 23370.00
0	20:41:27.194	'27123197': modify order #64941936 buy 0.50 [DJI30] at 23154.87 sl: 0.00 tp: 23370.00 -> sl: 22870.00 tp: 23370.00
0	20:41:29.840	'27123197': order #64941936 buy 0.50 [DJI30] at 23154.87 was modified -> sl: 22870.00 tp: 23370.00
0	20:43:26.176	'27123197': modify order #64941936 buy 0.50 [DJI30] at 23154.87 sl: 22870.00 tp: 23370.00 -> sl: 22970.00 tp: 23370.00
0	20:43:26.501	'27123197': order #64941936 buy 0.50 [DJI30] at 23154.87 was modified -> sl: 22970.00 tp: 23370.00
0	21:01:13.169	'27123197': login datacenter on AdmiralMarkets-Live
0	21:01:47.006	'27123197': login on AdmiralMarkets-Live through Access Point #8 (ping: 728.31 ms)
0	21:03:03.632	'27123197': login datacenter on AdmiralMarkets-Live
0	21:03:21.989	'27123197': login on AdmiralMarkets-Live through Access Point #2 (ping: 204.64 ms)
0	21:03:39.011	'27123197': login datacenter on AdmiralMarkets-Live through Access Point #2 (ping: 204.64 ms)
0	21:03:40.094	'27123197': previous successful authorization performed from 197.149.28.6
0	21:03:52.762	'27123197': auto connecting to a better access point Access Point #3 (ping is 281.01 ms)
0	21:03:53.599	'27123197': login on AdmiralMarkets-Live through Access Point #3 (ping: 281.01 ms)
0	21:03:59.307	'27123197': login datacenter on AdmiralMarkets-Live through Access Point #3 (ping: 281.01 ms)
0	21:04:00.858	'27123197': previous successful authorization performed from 197.149.28.6
1	21:21:26.480	'27123197': datacenter connecting failed [6]
1	21:21:26.843	'27123197': connect failed [Connection échouée]
0	21:42:33.001	'27123197': login on AdmiralMarkets-Live through Access Point #3 (ping: 281.01 ms)
0	21:42:55.338	'27123197': login datacenter on AdmiralMarkets-Live through Access Point #3 (ping: 281.01 ms)
0	21:42:56.033	'27123197': previous successful authorization performed from 197.149.28.6
2	21:54:19.488	Custom indicator MBFX Timing AUDCHF,H1: removed
2	21:54:19.643	Custom indicator MBFX Timing AUDCHF,H4: loaded successfully
2	21:54:22.698	Custom indicator MBFX Timing AUDCHF,H4: removed
2	21:54:23.661	Custom indicator MBFX Timing AUDCHF,Daily: loaded successfully
2	21:54:58.863	Custom indicator MBFX Timing AUDCHF,Daily: removed
2	21:54:59.021	Custom indicator MBFX Timing AUDCHF,H4: loaded successfully
1	22:03:35.609	'27123197': datacenter connecting failed [6]
0	22:03:38.197	'27123197': login on AdmiralMarkets-Live through Access Point #8 (ping: n/a)
0	22:03:51.535	'27123197': login datacenter on AdmiralMarkets-Live through Access Point #8 (ping: n/a)
0	22:03:54.292	'27123197': previous successful authorization performed from 197.149.28.6
0	22:05:05.346	'27123197': auto connecting to a better access point Access Point #3 (ping is 307.59 ms)
0	22:05:08.195	'27123197': login on AdmiralMarkets-Live through Access Point #3 (ping: 307.59 ms)
0	22:05:41.135	'27123197': login datacenter on AdmiralMarkets-Live through Access Point #3 (ping: 307.59 ms)
0	22:05:41.804	'27123197': previous successful authorization performed from 197.149.28.6
2	22:06:26.740	Custom indicator MBFX Timing [DJI30],H1: removed
2	22:06:26.863	Custom indicator MBFX Timing [DJI30],M15: loaded successfully
2	22:06:35.575	Custom indicator MBFX Timing [DJI30],M15: removed
2	22:06:35.691	Custom indicator MBFX Timing [DJI30],M30: loaded successfully
2	22:06:52.664	Custom indicator MBFX Timing [DJI30],M30: removed
2	22:06:52.896	Custom indicator MBFX Timing [DJI30],H1: loaded successfully
2	22:10:23.518	Custom indicator MBFX Timing [DJI30],H1: removed
2	22:10:23.613	Custom indicator MBFX Timing [DJI30],M30: loaded successfully
2	22:10:30.355	Custom indicator MBFX Timing [DJI30],M30: removed
2	22:10:30.450	Custom indicator MBFX Timing [DJI30],M15: loaded successfully
0	22:12:25.591	'27123197': close order #64941936 buy 0.50 [DJI30] at 23154.87 sl: 22970.00 tp: 23370.00 at price 0.00
0	22:12:26.189	'27123197': order #64941936 buy 0.50 [DJI30] at 23154.87 sl: 22970.00 tp: 23370.00 closed at price 23091.83
