2	00:00:31.958	Expert Admiral - Mini Terminal BTCUSD,Daily: removed
2	00:00:31.985	Custom indicator RSI AUDCHF,Daily: removed
2	00:11:16.585	Expert Admiral - Mini Terminal EURUSD,Daily: loaded successfully
1	01:03:42.502	'27134140': ping failed
0	01:03:43.281	'27134140': login datacenter on AdmiralMarkets-Live
0	01:03:45.377	'27134140': login on AdmiralMarkets-Live through Access Point #6 (ping: 213.68 ms)
0	01:03:47.241	'27134140': login datacenter on AdmiralMarkets-Live through Access Point #6 (ping: 213.68 ms)
0	01:03:47.971	'27134140': previous successful authorization performed from 197.149.29.237
0	01:04:31.273	'27134140': auto connecting to a better access point Access Point #5 (ping is 229.21 ms)
0	01:04:32.841	'27134140': login on AdmiralMarkets-Live through Access Point #5 (ping: 229.21 ms)
0	01:04:39.006	'27134140': login datacenter on AdmiralMarkets-Live through Access Point #5 (ping: 229.21 ms)
0	01:04:41.000	'27134140': previous successful authorization performed from 197.149.29.237
0	03:04:11.203	System to be shutdown, request for close Admiral Markets
3	03:04:15.683	Main pumping: timeout on stop
0	12:02:52.794	Admiral Markets build 1280 started (Admiral Markets Group AS)
0	12:02:52.794	Windows 10 Pro x64, IE 11, UAC, 8 x Intel Core i7-10510U  @ 1.80GHz, Memory: 1374 / 8014 Mb, Disk: 13 / 237 Gb, GMT+3
0	12:02:52.794	Data Folder: C:\Users\SRIE\AppData\Roaming\MetaQuotes\Terminal\51337600F56B69473E15EAFB8A7586B4
2	12:02:56.294	Custom indicator AIMS Levels V2 [DAX30],M1: loaded successfully
2	12:02:56.352	Custom indicator AIMS Entry Alert V1 [DAX30],M1: loaded successfully
2	12:02:56.360	Custom indicator CandleTimer [DAX30],M1: loaded successfully
2	12:02:56.419	Custom indicator #Signal_Bars_v6 [DAX30],M1: loaded successfully
2	12:02:56.426	Custom indicator TrendEnvelopes_v1 [DAX30],M1: loaded successfully
2	12:02:56.432	Custom indicator guppy_multiple_moving_averages [DAX30],M1: loaded successfully
2	12:02:56.439	Custom indicator wedges [DAX30],M1: loaded successfully
2	12:02:56.499	Custom indicator AIMS AO V.2.1 [DAX30],M1: loaded successfully
2	12:02:56.506	Custom indicator IVT_MACD_ZERO_LAG [DAX30],M1: loaded successfully
2	12:02:56.514	Custom indicator RSI Divergence Levels [DAX30],M1: loaded successfully
2	12:02:56.521	Custom indicator JoeChalhoub_FXForecasterV1 [DAX30],M1: loaded successfully
2	12:02:57.278	Custom indicator AIMS Levels V2 [DJI30],M1: loaded successfully
2	12:02:57.342	Custom indicator AIMS Entry Alert V1 [DJI30],M1: loaded successfully
2	12:02:57.347	Custom indicator CandleTimer [DJI30],M1: loaded successfully
2	12:02:57.413	Custom indicator #Signal_Bars_v6 [DJI30],M1: loaded successfully
2	12:02:57.421	Custom indicator TrendEnvelopes_v1 [DJI30],M1: loaded successfully
2	12:02:57.428	Custom indicator guppy_multiple_moving_averages [DJI30],M1: loaded successfully
2	12:02:57.436	Custom indicator wedges [DJI30],M1: loaded successfully
2	12:02:57.503	Custom indicator AIMS AO V.2.1 [DJI30],M1: loaded successfully
2	12:02:57.511	Custom indicator IVT_MACD_ZERO_LAG [DJI30],M1: loaded successfully
2	12:02:57.518	Custom indicator RSI Divergence Levels [DJI30],M1: loaded successfully
2	12:02:57.529	Custom indicator JoeChalhoub_FXForecasterV1 [DJI30],M1: loaded successfully
2	12:02:58.395	Custom indicator AIMS Levels V2 [NQ100],M15: loaded successfully
2	12:02:58.459	Custom indicator AIMS Entry Alert V1 [NQ100],M15: loaded successfully
2	12:02:58.465	Custom indicator CandleTimer [NQ100],M15: loaded successfully
2	12:02:58.527	Custom indicator #Signal_Bars_v6 [NQ100],M15: loaded successfully
2	12:02:58.534	Custom indicator TrendEnvelopes_v1 [NQ100],M15: loaded successfully
2	12:02:58.541	Custom indicator guppy_multiple_moving_averages [NQ100],M15: loaded successfully
2	12:02:58.547	Custom indicator wedges [NQ100],M15: loaded successfully
2	12:02:58.608	Custom indicator AIMS AO V.2.1 [NQ100],M15: loaded successfully
2	12:02:58.615	Custom indicator IVT_MACD_ZERO_LAG [NQ100],M15: loaded successfully
2	12:02:58.622	Custom indicator RSI Divergence Levels [NQ100],M15: loaded successfully
2	12:02:58.631	Custom indicator JoeChalhoub_FXForecasterV1 [NQ100],M15: loaded successfully
2	12:02:59.002	Custom indicator AIMS Levels V2 WTI,H1: loaded successfully
2	12:02:59.074	Custom indicator AIMS Entry Alert V1 WTI,H1: loaded successfully
2	12:02:59.080	Custom indicator CandleTimer WTI,H1: loaded successfully
2	12:02:59.141	Custom indicator #Signal_Bars_v6 WTI,H1: loaded successfully
2	12:02:59.148	Custom indicator TrendEnvelopes_v1 WTI,H1: loaded successfully
2	12:02:59.155	Custom indicator guppy_multiple_moving_averages WTI,H1: loaded successfully
2	12:02:59.162	Custom indicator wedges WTI,H1: loaded successfully
2	12:02:59.223	Custom indicator AIMS AO V.2.1 WTI,H1: loaded successfully
2	12:02:59.230	Custom indicator IVT_MACD_ZERO_LAG WTI,H1: loaded successfully
2	12:02:59.238	Custom indicator RSI Divergence Levels WTI,H1: loaded successfully
2	12:02:59.246	Custom indicator JoeChalhoub_FXForecasterV1 WTI,H1: loaded successfully
2	12:02:59.526	Custom indicator AIMS Levels V2 SILVER,H1: loaded successfully
2	12:02:59.599	Custom indicator AIMS Entry Alert V1 SILVER,H1: loaded successfully
2	12:02:59.609	Custom indicator CandleTimer SILVER,H1: loaded successfully
2	12:02:59.688	Custom indicator #Signal_Bars_v6 SILVER,H1: loaded successfully
2	12:02:59.696	Custom indicator TrendEnvelopes_v1 SILVER,H1: loaded successfully
2	12:02:59.704	Custom indicator guppy_multiple_moving_averages SILVER,H1: loaded successfully
2	12:02:59.711	Custom indicator wedges SILVER,H1: loaded successfully
2	12:02:59.773	Custom indicator AIMS AO V.2.1 SILVER,H1: loaded successfully
2	12:02:59.781	Custom indicator IVT_MACD_ZERO_LAG SILVER,H1: loaded successfully
2	12:02:59.789	Custom indicator RSI Divergence Levels SILVER,H1: loaded successfully
2	12:02:59.798	Custom indicator JoeChalhoub_FXForecasterV1 SILVER,H1: loaded successfully
2	12:03:00.099	Custom indicator AIMS Levels V2 [CAC40],H1: loaded successfully
2	12:03:00.164	Custom indicator AIMS Entry Alert V1 [CAC40],H1: loaded successfully
2	12:03:00.170	Custom indicator CandleTimer [CAC40],H1: loaded successfully
2	12:03:00.230	Custom indicator #Signal_Bars_v6 [CAC40],H1: loaded successfully
2	12:03:00.237	Custom indicator TrendEnvelopes_v1 [CAC40],H1: loaded successfully
2	12:03:00.244	Custom indicator guppy_multiple_moving_averages [CAC40],H1: loaded successfully
2	12:03:00.252	Custom indicator wedges [CAC40],H1: loaded successfully
2	12:03:00.317	Custom indicator AIMS AO V.2.1 [CAC40],H1: loaded successfully
2	12:03:00.324	Custom indicator IVT_MACD_ZERO_LAG [CAC40],H1: loaded successfully
2	12:03:00.331	Custom indicator RSI Divergence Levels [CAC40],H1: loaded successfully
2	12:03:00.341	Custom indicator JoeChalhoub_FXForecasterV1 [CAC40],H1: loaded successfully
2	12:03:00.573	Custom indicator AIMS Levels V2 [SP500],H1: loaded successfully
2	12:03:00.633	Custom indicator AIMS Entry Alert V1 [SP500],H1: loaded successfully
2	12:03:00.639	Custom indicator CandleTimer [SP500],H1: loaded successfully
2	12:03:00.699	Custom indicator #Signal_Bars_v6 [SP500],H1: loaded successfully
2	12:03:00.706	Custom indicator TrendEnvelopes_v1 [SP500],H1: loaded successfully
2	12:03:00.712	Custom indicator guppy_multiple_moving_averages [SP500],H1: loaded successfully
2	12:03:00.719	Custom indicator wedges [SP500],H1: loaded successfully
2	12:03:00.778	Custom indicator AIMS AO V.2.1 [SP500],H1: loaded successfully
2	12:03:00.784	Custom indicator IVT_MACD_ZERO_LAG [SP500],H1: loaded successfully
2	12:03:00.793	Custom indicator RSI Divergence Levels [SP500],H1: loaded successfully
2	12:03:00.801	Custom indicator JoeChalhoub_FXForecasterV1 [SP500],H1: loaded successfully
2	12:03:01.056	Custom indicator AIMS Levels V2 GOLD,H1: loaded successfully
2	12:03:01.132	Custom indicator AIMS Entry Alert V1 GOLD,H1: loaded successfully
2	12:03:01.140	Custom indicator CandleTimer GOLD,H1: loaded successfully
2	12:03:01.215	Custom indicator #Signal_Bars_v6 GOLD,H1: loaded successfully
2	12:03:01.225	Custom indicator TrendEnvelopes_v1 GOLD,H1: loaded successfully
2	12:03:01.232	Custom indicator guppy_multiple_moving_averages GOLD,H1: loaded successfully
2	12:03:01.243	Custom indicator wedges GOLD,H1: loaded successfully
2	12:03:01.315	Custom indicator AIMS AO V.2.1 GOLD,H1: loaded successfully
2	12:03:01.325	Custom indicator IVT_MACD_ZERO_LAG GOLD,H1: loaded successfully
2	12:03:01.333	Custom indicator RSI Divergence Levels GOLD,H1: loaded successfully
2	12:03:01.345	Custom indicator JoeChalhoub_FXForecasterV1 GOLD,H1: loaded successfully
0	12:03:03.045	'27134140': login on AdmiralMarkets-Live through Access Point #5 (ping: 229.21 ms)
0	12:03:05.154	'27134140': login datacenter on AdmiralMarkets-Live through Access Point #5 (ping: 229.21 ms)
0	12:03:05.690	'27134140': previous successful authorization performed from 197.149.29.237
0	12:03:22.750	'27134140': auto connecting to a better access point Access Point #6 (ping is 210.52 ms)
0	12:03:23.593	'27134140': login on AdmiralMarkets-Live through Access Point #6 (ping: 210.52 ms)
0	12:03:25.222	'27134140': login datacenter on AdmiralMarkets-Live through Access Point #6 (ping: 210.52 ms)
0	12:03:25.748	'27134140': previous successful authorization performed from 197.149.29.237
0	12:06:16.171	'27134140': delete pending order #71255523 buy stop 0.50 BTCUSD at 10684.40 sl: 8899.60 tp: 12287.10
0	12:06:16.450	'27134140': pending order #71255523 was deleted
0	12:06:18.671	Notifications: 'pending order #71255523 buy stop 0.50 BTCUSD at 10684.40 deleted' sent to 'A37163A9'
2	12:06:22.493	Custom indicator AIMS Levels V2 GOLD,H1: removed
2	12:06:22.493	Custom indicator AIMS Entry Alert V1 GOLD,H1: removed
2	12:06:22.495	Custom indicator CandleTimer GOLD,H1: removed
2	12:06:22.495	Custom indicator #Signal_Bars_v6 GOLD,H1: removed
2	12:06:22.496	Custom indicator TrendEnvelopes_v1 GOLD,H1: removed
2	12:06:22.497	Custom indicator guppy_multiple_moving_averages GOLD,H1: removed
2	12:06:22.499	Custom indicator wedges GOLD,H1: removed
2	12:06:22.499	Custom indicator AIMS AO V.2.1 GOLD,H1: removed
2	12:06:22.500	Custom indicator IVT_MACD_ZERO_LAG GOLD,H1: removed
2	12:06:22.502	Custom indicator RSI Divergence Levels GOLD,H1: removed
2	12:06:22.503	Custom indicator JoeChalhoub_FXForecasterV1 GOLD,H1: removed
2	12:06:22.515	Custom indicator AIMS Levels V2 [DAX30],M1: removed
2	12:06:22.515	Custom indicator AIMS Entry Alert V1 [DAX30],M1: removed
2	12:06:22.516	Custom indicator CandleTimer [DAX30],M1: removed
2	12:06:22.517	Custom indicator #Signal_Bars_v6 [DAX30],M1: removed
2	12:06:22.518	Custom indicator TrendEnvelopes_v1 [DAX30],M1: removed
2	12:06:22.520	Custom indicator guppy_multiple_moving_averages [DAX30],M1: removed
2	12:06:22.522	Custom indicator wedges [DAX30],M1: removed
2	12:06:22.522	Custom indicator AIMS AO V.2.1 [DAX30],M1: removed
2	12:06:22.524	Custom indicator IVT_MACD_ZERO_LAG [DAX30],M1: removed
2	12:06:22.525	Custom indicator RSI Divergence Levels [DAX30],M1: removed
2	12:06:22.527	Custom indicator JoeChalhoub_FXForecasterV1 [DAX30],M1: removed
2	12:06:22.540	Custom indicator AIMS Levels V2 [DJI30],M1: removed
2	12:06:22.540	Custom indicator AIMS Entry Alert V1 [DJI30],M1: removed
2	12:06:22.541	Custom indicator CandleTimer [DJI30],M1: removed
2	12:06:22.541	Custom indicator #Signal_Bars_v6 [DJI30],M1: removed
2	12:06:22.543	Custom indicator TrendEnvelopes_v1 [DJI30],M1: removed
2	12:06:22.544	Custom indicator guppy_multiple_moving_averages [DJI30],M1: removed
2	12:06:22.546	Custom indicator wedges [DJI30],M1: removed
2	12:06:22.546	Custom indicator AIMS AO V.2.1 [DJI30],M1: removed
2	12:06:22.548	Custom indicator IVT_MACD_ZERO_LAG [DJI30],M1: removed
2	12:06:22.549	Custom indicator RSI Divergence Levels [DJI30],M1: removed
2	12:06:22.551	Custom indicator JoeChalhoub_FXForecasterV1 [DJI30],M1: removed
2	12:06:22.564	Custom indicator AIMS Levels V2 [NQ100],M15: removed
2	12:06:22.564	Custom indicator AIMS Entry Alert V1 [NQ100],M15: removed
2	12:06:22.565	Custom indicator CandleTimer [NQ100],M15: removed
2	12:06:22.565	Custom indicator #Signal_Bars_v6 [NQ100],M15: removed
2	12:06:22.567	Custom indicator TrendEnvelopes_v1 [NQ100],M15: removed
2	12:06:22.568	Custom indicator guppy_multiple_moving_averages [NQ100],M15: removed
2	12:06:22.569	Custom indicator wedges [NQ100],M15: removed
2	12:06:22.570	Custom indicator AIMS AO V.2.1 [NQ100],M15: removed
2	12:06:22.571	Custom indicator IVT_MACD_ZERO_LAG [NQ100],M15: removed
2	12:06:22.572	Custom indicator RSI Divergence Levels [NQ100],M15: removed
2	12:06:22.573	Custom indicator JoeChalhoub_FXForecasterV1 [NQ100],M15: removed
2	12:06:22.585	Custom indicator AIMS Levels V2 WTI,H1: removed
2	12:06:22.585	Custom indicator AIMS Entry Alert V1 WTI,H1: removed
2	12:06:22.586	Custom indicator CandleTimer WTI,H1: removed
2	12:06:22.587	Custom indicator #Signal_Bars_v6 WTI,H1: removed
2	12:06:22.588	Custom indicator TrendEnvelopes_v1 WTI,H1: removed
2	12:06:22.589	Custom indicator guppy_multiple_moving_averages WTI,H1: removed
2	12:06:22.590	Custom indicator wedges WTI,H1: removed
2	12:06:22.590	Custom indicator AIMS AO V.2.1 WTI,H1: removed
2	12:06:22.592	Custom indicator IVT_MACD_ZERO_LAG WTI,H1: removed
2	12:06:22.593	Custom indicator RSI Divergence Levels WTI,H1: removed
2	12:06:22.594	Custom indicator JoeChalhoub_FXForecasterV1 WTI,H1: removed
2	12:06:22.607	Custom indicator AIMS Levels V2 [SP500],H1: removed
2	12:06:22.607	Custom indicator AIMS Entry Alert V1 [SP500],H1: removed
2	12:06:22.608	Custom indicator CandleTimer [SP500],H1: removed
2	12:06:22.608	Custom indicator #Signal_Bars_v6 [SP500],H1: removed
2	12:06:22.610	Custom indicator TrendEnvelopes_v1 [SP500],H1: removed
2	12:06:22.611	Custom indicator guppy_multiple_moving_averages [SP500],H1: removed
2	12:06:22.612	Custom indicator wedges [SP500],H1: removed
2	12:06:22.612	Custom indicator AIMS AO V.2.1 [SP500],H1: removed
2	12:06:22.613	Custom indicator IVT_MACD_ZERO_LAG [SP500],H1: removed
2	12:06:22.615	Custom indicator RSI Divergence Levels [SP500],H1: removed
2	12:06:22.616	Custom indicator JoeChalhoub_FXForecasterV1 [SP500],H1: removed
2	12:06:22.628	Custom indicator AIMS Levels V2 [CAC40],H1: removed
2	12:06:22.628	Custom indicator AIMS Entry Alert V1 [CAC40],H1: removed
2	12:06:22.629	Custom indicator CandleTimer [CAC40],H1: removed
2	12:06:22.629	Custom indicator #Signal_Bars_v6 [CAC40],H1: removed
2	12:06:22.631	Custom indicator TrendEnvelopes_v1 [CAC40],H1: removed
2	12:06:22.632	Custom indicator guppy_multiple_moving_averages [CAC40],H1: removed
2	12:06:22.633	Custom indicator wedges [CAC40],H1: removed
2	12:06:22.633	Custom indicator AIMS AO V.2.1 [CAC40],H1: removed
2	12:06:22.635	Custom indicator IVT_MACD_ZERO_LAG [CAC40],H1: removed
2	12:06:22.636	Custom indicator RSI Divergence Levels [CAC40],H1: removed
2	12:06:22.637	Custom indicator JoeChalhoub_FXForecasterV1 [CAC40],H1: removed
2	12:06:22.644	Custom indicator AIMS Levels V2 SILVER,H1: removed
2	12:06:22.644	Custom indicator AIMS Entry Alert V1 SILVER,H1: removed
2	12:06:22.646	Custom indicator CandleTimer SILVER,H1: removed
2	12:06:22.646	Custom indicator #Signal_Bars_v6 SILVER,H1: removed
2	12:06:22.647	Custom indicator TrendEnvelopes_v1 SILVER,H1: removed
2	12:06:22.648	Custom indicator guppy_multiple_moving_averages SILVER,H1: removed
2	12:06:22.649	Custom indicator wedges SILVER,H1: removed
2	12:06:22.650	Custom indicator AIMS AO V.2.1 SILVER,H1: removed
2	12:06:22.651	Custom indicator IVT_MACD_ZERO_LAG SILVER,H1: removed
2	12:06:22.652	Custom indicator RSI Divergence Levels SILVER,H1: removed
2	12:06:22.654	Custom indicator JoeChalhoub_FXForecasterV1 SILVER,H1: removed
2	12:06:22.713	Custom indicator RSI AUDCHF,Daily: loaded successfully
2	12:06:22.767	Expert Admiral - Mini Terminal BTCUSD,Daily: loaded successfully
2	12:45:00.888	Expert Admiral - Mini Terminal BTCUSD,Daily: removed
2	12:45:00.915	Custom indicator RSI AUDCHF,Daily: removed
2	12:45:01.004	Expert Admiral - Mini Terminal EURUSD,Daily: loaded successfully
2	12:45:25.162	Custom indicator AIMS Levels V2 EURUSD,H1: loaded successfully
2	12:45:25.222	Custom indicator AIMS Entry Alert V1 EURUSD,H1: loaded successfully
2	12:45:25.228	Custom indicator CandleTimer EURUSD,H1: loaded successfully
2	12:45:25.290	Custom indicator AIMS AO V.2.1 EURUSD,H1: loaded successfully
2	12:45:25.298	Custom indicator IVT_MACD_ZERO_LAG EURUSD,H1: loaded successfully
2	12:45:25.305	Custom indicator RSI Divergence Levels EURUSD,H1: loaded successfully
2	12:45:49.723	Custom indicator AIMS Levels V2 EURUSD,H1: removed
2	12:45:49.723	Custom indicator AIMS Entry Alert V1 EURUSD,H1: removed
2	12:45:49.725	Custom indicator CandleTimer EURUSD,H1: removed
2	12:45:49.725	Custom indicator AIMS AO V.2.1 EURUSD,H1: removed
2	12:45:49.726	Custom indicator IVT_MACD_ZERO_LAG EURUSD,H1: removed
2	12:45:49.727	Custom indicator RSI Divergence Levels EURUSD,H1: removed
2	12:45:49.737	Custom indicator CandleTimer EURUSD,H1: loaded successfully
1	13:21:29.457	'27134140': ping failed
0	13:21:51.237	'27134140': login on AdmiralMarkets-Live through Access Point #5 (ping: 207.00 ms)
0	13:21:53.103	'27134140': login datacenter on AdmiralMarkets-Live through Access Point #5 (ping: 207.00 ms)
0	13:21:53.634	'27134140': previous successful authorization performed from 197.149.29.237
0	13:22:18.584	'27134140': auto connecting to a better access point Access Point #4 (ping is 209.51 ms)
0	13:22:19.412	'27134140': login on AdmiralMarkets-Live through Access Point #4 (ping: 209.51 ms)
0	13:22:22.021	'27134140': login datacenter on AdmiralMarkets-Live through Access Point #4 (ping: 209.51 ms)
0	13:22:22.638	'27134140': previous successful authorization performed from 197.149.29.237
2	14:11:47.028	Expert Admiral - Mini Terminal EURUSD,Daily: removed
2	14:11:47.237	Custom indicator CandleTimer EURUSD,M1: removed
0	14:11:47.488	Admiral Markets build 1280 stopped
