0	02:46:27.437	Admiral Markets build 1280 started (Admiral Markets Group AS)
0	02:46:27.438	Windows 10 Pro x64, IE 11, UAC, 8 x Intel Core i7-10510U  @ 1.80GHz, Memory: 892 / 8014 Mb, Disk: 8 / 237 Gb, GMT+3
0	02:46:27.438	Data Folder: C:\Users\SRIE\AppData\Roaming\MetaQuotes\Terminal\51337600F56B69473E15EAFB8A7586B4
2	02:46:30.994	Custom indicator AIMS Levels V2 [CAC40],M15: loaded successfully
2	02:46:31.051	Custom indicator AIMS Entry Alert V1 [CAC40],M15: loaded successfully
2	02:46:31.058	Custom indicator CandleTimer [CAC40],M15: loaded successfully
2	02:46:31.128	Custom indicator #Signal_Bars_v6 [CAC40],M15: loaded successfully
2	02:46:31.135	Custom indicator TrendEnvelopes_v1 [CAC40],M15: loaded successfully
2	02:46:31.142	Custom indicator guppy_multiple_moving_averages [CAC40],M15: loaded successfully
2	02:46:31.153	Custom indicator wedges [CAC40],M15: loaded successfully
2	02:46:31.235	Custom indicator AIMS AO V.2.1 [CAC40],M15: loaded successfully
2	02:46:31.241	Custom indicator IVT_MACD_ZERO_LAG [CAC40],M15: loaded successfully
2	02:46:31.249	Custom indicator RSI Divergence Levels [CAC40],M15: loaded successfully
2	02:46:31.257	Custom indicator JoeChalhoub_FXForecasterV1 [CAC40],M15: loaded successfully
2	02:46:31.458	Custom indicator CandleTimer [DAX30],H1: loaded successfully
2	02:46:31.558	Custom indicator AIMS Levels V2 NZDJPY,Daily: loaded successfully
2	02:46:31.614	Custom indicator AIMS Entry Alert V1 NZDJPY,Daily: loaded successfully
2	02:46:31.619	Custom indicator CandleTimer NZDJPY,Daily: loaded successfully
2	02:46:31.676	Custom indicator #Signal_Bars_v6 NZDJPY,Daily: loaded successfully
2	02:46:31.683	Custom indicator TrendEnvelopes_v1 NZDJPY,Daily: loaded successfully
2	02:46:31.688	Custom indicator guppy_multiple_moving_averages NZDJPY,Daily: loaded successfully
2	02:46:31.695	Custom indicator wedges NZDJPY,Daily: loaded successfully
2	02:46:31.752	Custom indicator AIMS AO V.2.1 NZDJPY,Daily: loaded successfully
2	02:46:31.759	Custom indicator IVT_MACD_ZERO_LAG NZDJPY,Daily: loaded successfully
2	02:46:31.766	Custom indicator RSI Divergence Levels NZDJPY,Daily: loaded successfully
2	02:46:31.773	Custom indicator JoeChalhoub_FXForecasterV1 NZDJPY,Daily: loaded successfully
2	02:46:31.838	Expert Admiral - Mini Terminal NZDJPY,Daily: loaded successfully
2	02:46:32.104	Custom indicator AIMS Levels V2 EURNZD,M30: loaded successfully
2	02:46:32.162	Custom indicator AIMS Entry Alert V1 EURNZD,M30: loaded successfully
2	02:46:32.167	Custom indicator CandleTimer EURNZD,M30: loaded successfully
2	02:46:32.224	Custom indicator #Signal_Bars_v6 EURNZD,M30: loaded successfully
2	02:46:32.230	Custom indicator TrendEnvelopes_v1 EURNZD,M30: loaded successfully
2	02:46:32.237	Custom indicator guppy_multiple_moving_averages EURNZD,M30: loaded successfully
2	02:46:32.243	Custom indicator wedges EURNZD,M30: loaded successfully
2	02:46:32.300	Custom indicator AIMS AO V.2.1 EURNZD,M30: loaded successfully
2	02:46:32.306	Custom indicator IVT_MACD_ZERO_LAG EURNZD,M30: loaded successfully
2	02:46:32.313	Custom indicator RSI Divergence Levels EURNZD,M30: loaded successfully
2	02:46:32.321	Custom indicator JoeChalhoub_FXForecasterV1 EURNZD,M30: loaded successfully
2	02:46:32.610	Custom indicator AIMS Levels V2 GOLD,M15: loaded successfully
2	02:46:32.666	Custom indicator AIMS Entry Alert V1 GOLD,M15: loaded successfully
2	02:46:32.672	Custom indicator CandleTimer GOLD,M15: loaded successfully
2	02:46:32.729	Custom indicator #Signal_Bars_v6 GOLD,M15: loaded successfully
2	02:46:32.736	Custom indicator TrendEnvelopes_v1 GOLD,M15: loaded successfully
2	02:46:32.742	Custom indicator guppy_multiple_moving_averages GOLD,M15: loaded successfully
2	02:46:32.748	Custom indicator wedges GOLD,M15: loaded successfully
2	02:46:32.808	Custom indicator AIMS AO V.2.1 GOLD,M15: loaded successfully
2	02:46:32.815	Custom indicator IVT_MACD_ZERO_LAG GOLD,M15: loaded successfully
2	02:46:32.822	Custom indicator RSI Divergence Levels GOLD,M15: loaded successfully
2	02:46:32.829	Custom indicator JoeChalhoub_FXForecasterV1 GOLD,M15: loaded successfully
2	02:46:33.077	Custom indicator CandleTimer GBPUSD,Daily: loaded successfully
2	02:46:33.173	Custom indicator AIMS Levels V2 GBPAUD,Daily: loaded successfully
2	02:46:33.233	Custom indicator AIMS Entry Alert V1 GBPAUD,Daily: loaded successfully
2	02:46:33.238	Custom indicator CandleTimer GBPAUD,Daily: loaded successfully
2	02:46:33.296	Custom indicator #Signal_Bars_v6 GBPAUD,Daily: loaded successfully
2	02:46:33.303	Custom indicator TrendEnvelopes_v1 GBPAUD,Daily: loaded successfully
2	02:46:33.309	Custom indicator guppy_multiple_moving_averages GBPAUD,Daily: loaded successfully
2	02:46:33.317	Custom indicator wedges GBPAUD,Daily: loaded successfully
2	02:46:33.375	Custom indicator AIMS AO V.2.1 GBPAUD,Daily: loaded successfully
2	02:46:33.381	Custom indicator IVT_MACD_ZERO_LAG GBPAUD,Daily: loaded successfully
2	02:46:33.389	Custom indicator RSI Divergence Levels GBPAUD,Daily: loaded successfully
2	02:46:33.397	Custom indicator JoeChalhoub_FXForecasterV1 GBPAUD,Daily: loaded successfully
2	02:46:33.408	Expert Admiral - Mini Terminal GBPAUD,Daily: loaded successfully
2	02:46:33.736	Custom indicator AIMS Levels V2 CADJPY,M15: loaded successfully
2	02:46:33.804	Custom indicator AIMS Entry Alert V1 CADJPY,M15: loaded successfully
2	02:46:33.809	Custom indicator CandleTimer CADJPY,M15: loaded successfully
2	02:46:33.870	Custom indicator #Signal_Bars_v6 CADJPY,M15: loaded successfully
2	02:46:33.877	Custom indicator TrendEnvelopes_v1 CADJPY,M15: loaded successfully
2	02:46:33.883	Custom indicator guppy_multiple_moving_averages CADJPY,M15: loaded successfully
2	02:46:33.889	Custom indicator wedges CADJPY,M15: loaded successfully
2	02:46:33.950	Custom indicator AIMS AO V.2.1 CADJPY,M15: loaded successfully
2	02:46:33.957	Custom indicator IVT_MACD_ZERO_LAG CADJPY,M15: loaded successfully
2	02:46:33.964	Custom indicator RSI Divergence Levels CADJPY,M15: loaded successfully
2	02:46:33.972	Custom indicator JoeChalhoub_FXForecasterV1 CADJPY,M15: loaded successfully
2	02:46:33.985	Expert Admiral - Mini Terminal CADJPY,M15: loaded successfully
2	02:46:34.336	Custom indicator AIMS Levels V2 USDCAD,M15: loaded successfully
2	02:46:34.393	Custom indicator AIMS Entry Alert V1 USDCAD,M15: loaded successfully
2	02:46:34.399	Custom indicator CandleTimer USDCAD,M15: loaded successfully
2	02:46:34.458	Custom indicator #Signal_Bars_v6 USDCAD,M15: loaded successfully
2	02:46:34.464	Custom indicator TrendEnvelopes_v1 USDCAD,M15: loaded successfully
2	02:46:34.470	Custom indicator guppy_multiple_moving_averages USDCAD,M15: loaded successfully
2	02:46:34.477	Custom indicator wedges USDCAD,M15: loaded successfully
2	02:46:34.535	Custom indicator AIMS AO V.2.1 USDCAD,M15: loaded successfully
2	02:46:34.541	Custom indicator IVT_MACD_ZERO_LAG USDCAD,M15: loaded successfully
2	02:46:34.548	Custom indicator RSI Divergence Levels USDCAD,M15: loaded successfully
2	02:46:34.556	Custom indicator JoeChalhoub_FXForecasterV1 USDCAD,M15: loaded successfully
2	02:46:34.568	Expert Admiral - Mini Terminal USDCAD,M15: loaded successfully
2	02:46:34.920	Custom indicator AIMS Levels V2 NZDCAD,M15: loaded successfully
2	02:46:34.977	Custom indicator AIMS Entry Alert V1 NZDCAD,M15: loaded successfully
2	02:46:34.982	Custom indicator CandleTimer NZDCAD,M15: loaded successfully
2	02:46:35.038	Custom indicator #Signal_Bars_v6 NZDCAD,M15: loaded successfully
2	02:46:35.045	Custom indicator TrendEnvelopes_v1 NZDCAD,M15: loaded successfully
2	02:46:35.051	Custom indicator guppy_multiple_moving_averages NZDCAD,M15: loaded successfully
2	02:46:35.058	Custom indicator wedges NZDCAD,M15: loaded successfully
2	02:46:35.114	Custom indicator AIMS AO V.2.1 NZDCAD,M15: loaded successfully
2	02:46:35.120	Custom indicator IVT_MACD_ZERO_LAG NZDCAD,M15: loaded successfully
2	02:46:35.127	Custom indicator RSI Divergence Levels NZDCAD,M15: loaded successfully
2	02:46:35.135	Custom indicator JoeChalhoub_FXForecasterV1 NZDCAD,M15: loaded successfully
2	02:46:35.146	Expert Admiral - Mini Terminal NZDCAD,M15: loaded successfully
2	02:46:35.595	Custom indicator AIMS Levels V2 WTI,M15: loaded successfully
2	02:46:35.651	Custom indicator AIMS Entry Alert V1 WTI,M15: loaded successfully
2	02:46:35.656	Custom indicator CandleTimer WTI,M15: loaded successfully
2	02:46:35.713	Custom indicator #Signal_Bars_v6 WTI,M15: loaded successfully
2	02:46:35.719	Custom indicator TrendEnvelopes_v1 WTI,M15: loaded successfully
2	02:46:35.725	Custom indicator guppy_multiple_moving_averages WTI,M15: loaded successfully
2	02:46:35.731	Custom indicator wedges WTI,M15: loaded successfully
2	02:46:35.790	Custom indicator AIMS AO V.2.1 WTI,M15: loaded successfully
2	02:46:35.797	Custom indicator IVT_MACD_ZERO_LAG WTI,M15: loaded successfully
2	02:46:35.805	Custom indicator RSI Divergence Levels WTI,M15: loaded successfully
2	02:46:35.813	Custom indicator JoeChalhoub_FXForecasterV1 WTI,M15: loaded successfully
2	02:46:36.126	Custom indicator AIMS Levels V2 GBPNZD,M15: loaded successfully
2	02:46:36.182	Custom indicator AIMS Entry Alert V1 GBPNZD,M15: loaded successfully
2	02:46:36.188	Custom indicator CandleTimer GBPNZD,M15: loaded successfully
2	02:46:36.244	Custom indicator #Signal_Bars_v6 GBPNZD,M15: loaded successfully
2	02:46:36.251	Custom indicator TrendEnvelopes_v1 GBPNZD,M15: loaded successfully
2	02:46:36.257	Custom indicator guppy_multiple_moving_averages GBPNZD,M15: loaded successfully
2	02:46:36.263	Custom indicator wedges GBPNZD,M15: loaded successfully
2	02:46:36.320	Custom indicator AIMS AO V.2.1 GBPNZD,M15: loaded successfully
2	02:46:36.327	Custom indicator IVT_MACD_ZERO_LAG GBPNZD,M15: loaded successfully
2	02:46:36.334	Custom indicator RSI Divergence Levels GBPNZD,M15: loaded successfully
2	02:46:36.341	Custom indicator JoeChalhoub_FXForecasterV1 GBPNZD,M15: loaded successfully
2	02:46:36.679	Custom indicator AIMS Levels V2 EURNZD,H1: loaded successfully
2	02:46:36.738	Custom indicator AIMS Entry Alert V1 EURNZD,H1: loaded successfully
2	02:46:36.743	Custom indicator CandleTimer EURNZD,H1: loaded successfully
2	02:46:36.800	Custom indicator #Signal_Bars_v6 EURNZD,H1: loaded successfully
2	02:46:36.807	Custom indicator TrendEnvelopes_v1 EURNZD,H1: loaded successfully
2	02:46:36.814	Custom indicator guppy_multiple_moving_averages EURNZD,H1: loaded successfully
2	02:46:36.822	Custom indicator wedges EURNZD,H1: loaded successfully
2	02:46:36.884	Custom indicator AIMS AO V.2.1 EURNZD,H1: loaded successfully
2	02:46:36.891	Custom indicator IVT_MACD_ZERO_LAG EURNZD,H1: loaded successfully
2	02:46:36.899	Custom indicator RSI Divergence Levels EURNZD,H1: loaded successfully
2	02:46:36.907	Custom indicator JoeChalhoub_FXForecasterV1 EURNZD,H1: loaded successfully
2	02:46:37.095	Custom indicator CandleTimer [NQ100],Daily: loaded successfully
2	02:46:37.107	Expert Admiral - Mini Terminal [NQ100],Daily: loaded successfully
2	02:46:37.192	Custom indicator AIMS Levels V2 GBPJPY,H1: loaded successfully
2	02:46:37.248	Custom indicator AIMS Entry Alert V1 GBPJPY,H1: loaded successfully
2	02:46:37.254	Custom indicator CandleTimer GBPJPY,H1: loaded successfully
2	02:46:37.311	Custom indicator #Signal_Bars_v6 GBPJPY,H1: loaded successfully
2	02:46:37.316	Custom indicator TrendEnvelopes_v1 GBPJPY,H1: loaded successfully
2	02:46:37.322	Custom indicator guppy_multiple_moving_averages GBPJPY,H1: loaded successfully
2	02:46:37.329	Custom indicator wedges GBPJPY,H1: loaded successfully
2	02:46:37.387	Custom indicator AIMS AO V.2.1 GBPJPY,H1: loaded successfully
2	02:46:37.393	Custom indicator IVT_MACD_ZERO_LAG GBPJPY,H1: loaded successfully
2	02:46:37.399	Custom indicator RSI Divergence Levels GBPJPY,H1: loaded successfully
2	02:46:37.407	Custom indicator JoeChalhoub_FXForecasterV1 GBPJPY,H1: loaded successfully
2	02:46:37.677	Custom indicator AIMS Levels V2 EURAUD,H1: loaded successfully
2	02:46:37.738	Custom indicator AIMS Entry Alert V1 EURAUD,H1: loaded successfully
2	02:46:37.743	Custom indicator CandleTimer EURAUD,H1: loaded successfully
2	02:46:37.802	Custom indicator #Signal_Bars_v6 EURAUD,H1: loaded successfully
2	02:46:37.810	Custom indicator TrendEnvelopes_v1 EURAUD,H1: loaded successfully
2	02:46:37.818	Custom indicator guppy_multiple_moving_averages EURAUD,H1: loaded successfully
2	02:46:37.825	Custom indicator wedges EURAUD,H1: loaded successfully
2	02:46:37.890	Custom indicator AIMS AO V.2.1 EURAUD,H1: loaded successfully
2	02:46:37.899	Custom indicator IVT_MACD_ZERO_LAG EURAUD,H1: loaded successfully
2	02:46:37.909	Custom indicator RSI Divergence Levels EURAUD,H1: loaded successfully
2	02:46:37.919	Custom indicator JoeChalhoub_FXForecasterV1 EURAUD,H1: loaded successfully
2	02:46:38.179	Custom indicator AIMS Levels V2 USDCHF,H1: loaded successfully
2	02:46:38.236	Custom indicator AIMS Entry Alert V1 USDCHF,H1: loaded successfully
2	02:46:38.242	Custom indicator CandleTimer USDCHF,H1: loaded successfully
2	02:46:38.298	Custom indicator #Signal_Bars_v6 USDCHF,H1: loaded successfully
2	02:46:38.305	Custom indicator TrendEnvelopes_v1 USDCHF,H1: loaded successfully
2	02:46:38.311	Custom indicator guppy_multiple_moving_averages USDCHF,H1: loaded successfully
2	02:46:38.318	Custom indicator wedges USDCHF,H1: loaded successfully
2	02:46:38.374	Custom indicator AIMS AO V.2.1 USDCHF,H1: loaded successfully
2	02:46:38.380	Custom indicator IVT_MACD_ZERO_LAG USDCHF,H1: loaded successfully
2	02:46:38.387	Custom indicator RSI Divergence Levels USDCHF,H1: loaded successfully
2	02:46:38.395	Custom indicator JoeChalhoub_FXForecasterV1 USDCHF,H1: loaded successfully
2	02:46:38.679	Custom indicator AIMS Levels V2 NZDUSD,H1: loaded successfully
2	02:46:38.737	Custom indicator AIMS Entry Alert V1 NZDUSD,H1: loaded successfully
2	02:46:38.742	Custom indicator CandleTimer NZDUSD,H1: loaded successfully
2	02:46:38.806	Custom indicator #Signal_Bars_v6 NZDUSD,H1: loaded successfully
2	02:46:38.816	Custom indicator TrendEnvelopes_v1 NZDUSD,H1: loaded successfully
2	02:46:38.825	Custom indicator wedges NZDUSD,H1: loaded successfully
2	02:46:38.898	Custom indicator AIMS AO V.2.1 NZDUSD,H1: loaded successfully
2	02:46:38.905	Custom indicator IVT_MACD_ZERO_LAG NZDUSD,H1: loaded successfully
2	02:46:38.913	Custom indicator RSI Divergence Levels NZDUSD,H1: loaded successfully
2	02:46:38.921	Custom indicator JoeChalhoub_FXForecasterV1 NZDUSD,H1: loaded successfully
2	02:46:39.144	Custom indicator CandleTimer [NQ100],H1: loaded successfully
2	02:46:39.225	Custom indicator AIMS Levels V2 [DJI30],M1: loaded successfully
2	02:46:39.283	Custom indicator AIMS Entry Alert V1 [DJI30],M1: loaded successfully
2	02:46:39.288	Custom indicator CandleTimer [DJI30],M1: loaded successfully
2	02:46:39.345	Custom indicator #Signal_Bars_v6 [DJI30],M1: loaded successfully
2	02:46:39.352	Custom indicator TrendEnvelopes_v1 [DJI30],M1: loaded successfully
2	02:46:39.357	Custom indicator guppy_multiple_moving_averages [DJI30],M1: loaded successfully
2	02:46:39.364	Custom indicator wedges [DJI30],M1: loaded successfully
2	02:46:39.422	Custom indicator AIMS AO V.2.1 [DJI30],M1: loaded successfully
2	02:46:39.428	Custom indicator IVT_MACD_ZERO_LAG [DJI30],M1: loaded successfully
2	02:46:39.435	Custom indicator RSI Divergence Levels [DJI30],M1: loaded successfully
2	02:46:39.442	Custom indicator JoeChalhoub_FXForecasterV1 [DJI30],M1: loaded successfully
2	02:46:40.386	Custom indicator AIMS Levels V2 ETHUSD,H1: loaded successfully
2	02:46:40.453	Custom indicator AIMS Entry Alert V1 ETHUSD,H1: loaded successfully
2	02:46:40.459	Custom indicator CandleTimer ETHUSD,H1: loaded successfully
2	02:46:40.523	Custom indicator #Signal_Bars_v6 ETHUSD,H1: loaded successfully
2	02:46:40.530	Custom indicator TrendEnvelopes_v1 ETHUSD,H1: loaded successfully
2	02:46:40.536	Custom indicator guppy_multiple_moving_averages ETHUSD,H1: loaded successfully
2	02:46:40.543	Custom indicator wedges ETHUSD,H1: loaded successfully
2	02:46:40.600	Custom indicator AIMS AO V.2.1 ETHUSD,H1: loaded successfully
2	02:46:40.607	Custom indicator IVT_MACD_ZERO_LAG ETHUSD,H1: loaded successfully
2	02:46:40.614	Custom indicator RSI Divergence Levels ETHUSD,H1: loaded successfully
2	02:46:40.620	Custom indicator JoeChalhoub_FXForecasterV1 ETHUSD,H1: loaded successfully
2	02:46:40.632	Expert Admiral - Mini Terminal ETHUSD,H1: loaded successfully
0	02:46:44.126	'23928835': login on AdmiralMarkets-Demo through Access Point #4 (ping: 293.33 ms)
0	02:46:46.187	'23928835': login datacenter on AdmiralMarkets-Demo through Access Point #4 (ping: 293.33 ms)
0	02:46:46.732	'23928835': previous successful authorization performed from 197.149.36.119
0	02:46:56.415	'23928835': ping to current access point Access Point #4 is 212.55 ms
0	02:46:58.321	Notifications: 'Classical RSI bullish divergence on:  GBPJPY' sent to 'A37163A9'
1	02:47:19.629	'23904412': connect failed [Compte bloqué]
2	02:48:49.654	Custom indicator AIMS Levels V2 EURJPY,H1: loaded successfully
2	02:48:49.713	Custom indicator AIMS Entry Alert V1 EURJPY,H1: loaded successfully
2	02:48:49.720	Custom indicator CandleTimer EURJPY,H1: loaded successfully
2	02:48:49.782	Custom indicator #Signal_Bars_v6 EURJPY,H1: loaded successfully
2	02:48:49.790	Custom indicator TrendEnvelopes_v1 EURJPY,H1: loaded successfully
2	02:48:49.798	Custom indicator guppy_multiple_moving_averages EURJPY,H1: loaded successfully
2	02:48:49.807	Custom indicator wedges EURJPY,H1: loaded successfully
2	02:48:49.867	Custom indicator AIMS AO V.2.1 EURJPY,H1: loaded successfully
2	02:48:49.876	Custom indicator IVT_MACD_ZERO_LAG EURJPY,H1: loaded successfully
2	02:48:49.885	Custom indicator RSI Divergence Levels EURJPY,H1: loaded successfully
2	02:48:49.897	Custom indicator JoeChalhoub_FXForecasterV1 EURJPY,H1: loaded successfully
0	02:56:02.585	'23929927': login on AdmiralMarkets-Demo through Access Point #1 (ping: n/a)
0	02:56:04.418	'23929927': login datacenter on AdmiralMarkets-Demo through Access Point #1 (ping: n/a)
0	02:56:14.246	'23929927': ping to current access point Access Point #1 is 242.09 ms
0	02:58:31.869	'23929927': one click trading has been enabled
0	02:58:33.605	'23929927': order buy market 0.10 EURJPY sl: 0.000 tp: 0.000
0	02:58:34.021	'23929927': order was opened : #190685176 buy 0.10 EURJPY at 124.921 sl: 0.000 tp: 0.000
0	02:58:34.913	Notifications: 'order opened #190685176 buy 0.10 EURJPY at 124.921' sent to 'A37163A9'
0	02:59:33.664	'23929927': modify order #190685176 buy 0.10 EURJPY at 124.921 sl: 0.000 tp: 0.000 -> sl: 124.374 tp: 125.917
0	02:59:33.981	'23929927': order #190685176 buy 0.10 EURJPY at 124.921 was modified -> sl: 124.374 tp: 125.917
0	02:59:34.823	Notifications: 'order #190685176 buy 0.10 EURJPY at 124.921 modified: sl: 0.000 tp: 0.000 -> sl: 124.374 tp: 125.917' sent to 'A37163A9'
0	03:01:02.542	'23929927': order sell market 0.10 GBPJPY sl: 0.000 tp: 0.000
0	03:01:03.045	'23929927': order was opened : #190685411 sell 0.10 GBPJPY at 138.636 sl: 0.000 tp: 0.000
0	03:01:04.074	Notifications: 'order opened #190685411 sell 0.10 GBPJPY at 138.636' sent to 'A37163A9'
0	03:01:47.234	'23929927': modify order #190685411 sell 0.10 GBPJPY at 138.636 sl: 0.000 tp: 0.000 -> sl: 139.047 tp: 0.000
0	03:01:47.605	'23929927': order #190685411 sell 0.10 GBPJPY at 138.636 was modified -> sl: 139.047 tp: 0.000
0	03:01:48.434	Notifications: 'order #190685411 sell 0.10 GBPJPY at 138.636 modified: sl: 0.000 tp: 0.000 -> sl: 139.047 tp: 0.000' sent to 'A37163A9'
0	03:02:30.450	'23929927': modify order #190685411 sell 0.10 GBPJPY at 138.636 sl: 139.047 tp: 0.000 -> sl: 138.964 tp: 136.887
0	03:02:31.094	'23929927': order #190685411 sell 0.10 GBPJPY at 138.636 was modified -> sl: 138.964 tp: 136.887
0	03:02:31.993	Notifications: 'order #190685411 sell 0.10 GBPJPY at 138.636 modified: sl: 139.047 tp: 0.000 -> sl: 138.964 tp: 136.887' sent to 'A37163A9'
0	03:04:02.040	Notifications: 'Classical RSI bullish divergence on:  [DJI30]' sent to 'A37163A9'
0	03:06:59.564	Notifications: 'Classical RSI bullish divergence on:  [DJI30]' sent to 'A37163A9'
2	03:07:27.454	Custom indicator AIMS Levels V2 EURJPY,H1: removed
2	03:07:27.455	Custom indicator AIMS Entry Alert V1 EURJPY,H1: removed
2	03:07:27.456	Custom indicator CandleTimer EURJPY,H1: removed
2	03:07:27.457	Custom indicator #Signal_Bars_v6 EURJPY,H1: removed
2	03:07:27.458	Custom indicator TrendEnvelopes_v1 EURJPY,H1: removed
2	03:07:27.460	Custom indicator guppy_multiple_moving_averages EURJPY,H1: removed
2	03:07:27.462	Custom indicator wedges EURJPY,H1: removed
2	03:07:27.463	Custom indicator AIMS AO V.2.1 EURJPY,H1: removed
2	03:07:27.465	Custom indicator IVT_MACD_ZERO_LAG EURJPY,H1: removed
2	03:07:27.468	Custom indicator RSI Divergence Levels EURJPY,H1: removed
2	03:07:27.470	Custom indicator JoeChalhoub_FXForecasterV1 EURJPY,H1: removed
2	03:07:27.574	Custom indicator AIMS Levels V2 GBPJPY,H1: removed
2	03:07:27.574	Custom indicator AIMS Entry Alert V1 GBPJPY,H1: removed
2	03:07:27.575	Custom indicator CandleTimer GBPJPY,H1: removed
2	03:07:27.575	Custom indicator #Signal_Bars_v6 GBPJPY,H1: removed
2	03:07:27.576	Custom indicator TrendEnvelopes_v1 GBPJPY,H1: removed
2	03:07:27.577	Custom indicator guppy_multiple_moving_averages GBPJPY,H1: removed
2	03:07:27.578	Custom indicator wedges GBPJPY,H1: removed
2	03:07:27.578	Custom indicator AIMS AO V.2.1 GBPJPY,H1: removed
2	03:07:27.580	Custom indicator IVT_MACD_ZERO_LAG GBPJPY,H1: removed
2	03:07:27.582	Custom indicator RSI Divergence Levels GBPJPY,H1: removed
2	03:07:27.584	Custom indicator JoeChalhoub_FXForecasterV1 GBPJPY,H1: removed
2	03:07:27.605	Expert Admiral - Mini Terminal ETHUSD,H1: removed
2	03:07:27.606	Custom indicator AIMS Levels V2 ETHUSD,H1: removed
2	03:07:27.606	Custom indicator AIMS Entry Alert V1 ETHUSD,H1: removed
2	03:07:27.607	Custom indicator CandleTimer ETHUSD,H1: removed
2	03:07:27.607	Custom indicator #Signal_Bars_v6 ETHUSD,H1: removed
2	03:07:27.609	Custom indicator TrendEnvelopes_v1 ETHUSD,H1: removed
2	03:07:27.610	Custom indicator guppy_multiple_moving_averages ETHUSD,H1: removed
2	03:07:27.611	Custom indicator wedges ETHUSD,H1: removed
2	03:07:27.612	Custom indicator AIMS AO V.2.1 ETHUSD,H1: removed
2	03:07:27.613	Custom indicator IVT_MACD_ZERO_LAG ETHUSD,H1: removed
2	03:07:27.614	Custom indicator RSI Divergence Levels ETHUSD,H1: removed
2	03:07:27.616	Custom indicator JoeChalhoub_FXForecasterV1 ETHUSD,H1: removed
2	03:07:27.635	Custom indicator AIMS Levels V2 [DJI30],M1: removed
2	03:07:27.636	Custom indicator AIMS Entry Alert V1 [DJI30],M1: removed
2	03:07:27.637	Custom indicator CandleTimer [DJI30],M1: removed
2	03:07:27.637	Custom indicator #Signal_Bars_v6 [DJI30],M1: removed
2	03:07:27.639	Custom indicator TrendEnvelopes_v1 [DJI30],M1: removed
2	03:07:27.640	Custom indicator guppy_multiple_moving_averages [DJI30],M1: removed
2	03:07:27.642	Custom indicator wedges [DJI30],M1: removed
2	03:07:27.643	Custom indicator AIMS AO V.2.1 [DJI30],M1: removed
2	03:07:27.644	Custom indicator IVT_MACD_ZERO_LAG [DJI30],M1: removed
2	03:07:27.646	Custom indicator RSI Divergence Levels [DJI30],M1: removed
2	03:07:27.648	Custom indicator JoeChalhoub_FXForecasterV1 [DJI30],M1: removed
2	03:07:27.688	Custom indicator AIMS Levels V2 EURNZD,M30: removed
2	03:07:27.689	Custom indicator AIMS Entry Alert V1 EURNZD,M30: removed
2	03:07:27.690	Custom indicator CandleTimer EURNZD,M30: removed
2	03:07:27.703	Custom indicator #Signal_Bars_v6 EURNZD,M30: removed
2	03:07:27.704	Custom indicator TrendEnvelopes_v1 EURNZD,M30: removed
2	03:07:27.742	Custom indicator guppy_multiple_moving_averages EURNZD,M30: removed
2	03:07:27.744	Custom indicator wedges EURNZD,M30: removed
2	03:07:27.744	Custom indicator AIMS AO V.2.1 EURNZD,M30: removed
2	03:07:27.746	Custom indicator IVT_MACD_ZERO_LAG EURNZD,M30: removed
2	03:07:27.747	Custom indicator RSI Divergence Levels EURNZD,M30: removed
2	03:07:27.748	Custom indicator JoeChalhoub_FXForecasterV1 EURNZD,M30: removed
2	03:07:27.797	Expert Admiral - Mini Terminal NZDJPY,Daily: removed
2	03:07:27.798	Custom indicator AIMS Levels V2 NZDJPY,Daily: removed
2	03:07:27.798	Custom indicator AIMS Entry Alert V1 NZDJPY,Daily: removed
2	03:07:27.800	Custom indicator CandleTimer NZDJPY,Daily: removed
2	03:07:27.814	Custom indicator #Signal_Bars_v6 NZDJPY,Daily: removed
2	03:07:27.816	Custom indicator TrendEnvelopes_v1 NZDJPY,Daily: removed
2	03:07:27.830	Custom indicator guppy_multiple_moving_averages NZDJPY,Daily: removed
2	03:07:27.832	Custom indicator wedges NZDJPY,Daily: removed
2	03:07:27.832	Custom indicator AIMS AO V.2.1 NZDJPY,Daily: removed
2	03:07:27.834	Custom indicator IVT_MACD_ZERO_LAG NZDJPY,Daily: removed
2	03:07:27.835	Custom indicator RSI Divergence Levels NZDJPY,Daily: removed
2	03:07:27.837	Custom indicator JoeChalhoub_FXForecasterV1 NZDJPY,Daily: removed
2	03:07:27.857	Custom indicator CandleTimer [DAX30],H1: removed
2	03:07:27.939	Expert Admiral - Mini Terminal USDCAD,M15: removed
2	03:07:27.940	Custom indicator AIMS Levels V2 USDCAD,M15: removed
2	03:07:27.941	Custom indicator AIMS Entry Alert V1 USDCAD,M15: removed
2	03:07:27.942	Custom indicator CandleTimer USDCAD,M15: removed
2	03:07:27.942	Custom indicator #Signal_Bars_v6 USDCAD,M15: removed
2	03:07:27.944	Custom indicator TrendEnvelopes_v1 USDCAD,M15: removed
2	03:07:27.968	Custom indicator guppy_multiple_moving_averages USDCAD,M15: removed
2	03:07:27.970	Custom indicator wedges USDCAD,M15: removed
2	03:07:27.980	Custom indicator AIMS AO V.2.1 USDCAD,M15: removed
2	03:07:27.983	Custom indicator IVT_MACD_ZERO_LAG USDCAD,M15: removed
2	03:07:27.985	Custom indicator RSI Divergence Levels USDCAD,M15: removed
2	03:07:27.986	Custom indicator JoeChalhoub_FXForecasterV1 USDCAD,M15: removed
2	03:07:28.025	Expert Admiral - Mini Terminal [NQ100],Daily: removed
2	03:07:28.027	Custom indicator CandleTimer [NQ100],Daily: removed
2	03:07:28.043	Custom indicator AIMS Levels V2 [CAC40],M15: removed
2	03:07:28.043	Custom indicator AIMS Entry Alert V1 [CAC40],M15: removed
2	03:07:28.045	Custom indicator CandleTimer [CAC40],M15: removed
2	03:07:28.045	Custom indicator #Signal_Bars_v6 [CAC40],M15: removed
2	03:07:28.057	Custom indicator TrendEnvelopes_v1 [CAC40],M15: removed
2	03:07:28.059	Custom indicator guppy_multiple_moving_averages [CAC40],M15: removed
2	03:07:28.104	Custom indicator wedges [CAC40],M15: removed
2	03:07:28.105	Custom indicator AIMS AO V.2.1 [CAC40],M15: removed
2	03:07:28.107	Custom indicator IVT_MACD_ZERO_LAG [CAC40],M15: removed
2	03:07:28.108	Custom indicator RSI Divergence Levels [CAC40],M15: removed
2	03:07:28.109	Custom indicator JoeChalhoub_FXForecasterV1 [CAC40],M15: removed
2	03:07:28.130	Custom indicator CandleTimer GBPUSD,Daily: removed
2	03:07:28.147	Custom indicator AIMS Levels V2 WTI,M15: removed
2	03:07:28.148	Custom indicator AIMS Entry Alert V1 WTI,M15: removed
2	03:07:28.149	Custom indicator CandleTimer WTI,M15: removed
2	03:07:28.149	Custom indicator #Signal_Bars_v6 WTI,M15: removed
2	03:07:28.151	Custom indicator TrendEnvelopes_v1 WTI,M15: removed
2	03:07:28.152	Custom indicator guppy_multiple_moving_averages WTI,M15: removed
2	03:07:28.153	Custom indicator wedges WTI,M15: removed
2	03:07:28.154	Custom indicator AIMS AO V.2.1 WTI,M15: removed
2	03:07:28.155	Custom indicator IVT_MACD_ZERO_LAG WTI,M15: removed
2	03:07:28.157	Custom indicator RSI Divergence Levels WTI,M15: removed
2	03:07:28.159	Custom indicator JoeChalhoub_FXForecasterV1 WTI,M15: removed
2	03:07:28.180	Expert Admiral - Mini Terminal GBPAUD,Daily: removed
2	03:07:28.180	Custom indicator AIMS Levels V2 GBPAUD,Daily: removed
2	03:07:28.181	Custom indicator AIMS Entry Alert V1 GBPAUD,Daily: removed
2	03:07:28.182	Custom indicator CandleTimer GBPAUD,Daily: removed
2	03:07:28.182	Custom indicator #Signal_Bars_v6 GBPAUD,Daily: removed
2	03:07:28.184	Custom indicator TrendEnvelopes_v1 GBPAUD,Daily: removed
2	03:07:28.185	Custom indicator guppy_multiple_moving_averages GBPAUD,Daily: removed
2	03:07:28.187	Custom indicator wedges GBPAUD,Daily: removed
2	03:07:28.187	Custom indicator AIMS AO V.2.1 GBPAUD,Daily: removed
2	03:07:28.189	Custom indicator IVT_MACD_ZERO_LAG GBPAUD,Daily: removed
2	03:07:28.190	Custom indicator RSI Divergence Levels GBPAUD,Daily: removed
2	03:07:28.190	Custom indicator JoeChalhoub_FXForecasterV1 GBPAUD,Daily: removed
2	03:07:28.209	Custom indicator AIMS Levels V2 GOLD,M15: removed
2	03:07:28.209	Custom indicator AIMS Entry Alert V1 GOLD,M15: removed
2	03:07:28.211	Custom indicator CandleTimer GOLD,M15: removed
2	03:07:28.211	Custom indicator #Signal_Bars_v6 GOLD,M15: removed
2	03:07:28.212	Custom indicator TrendEnvelopes_v1 GOLD,M15: removed
2	03:07:28.214	Custom indicator guppy_multiple_moving_averages GOLD,M15: removed
2	03:07:28.216	Custom indicator wedges GOLD,M15: removed
2	03:07:28.216	Custom indicator AIMS AO V.2.1 GOLD,M15: removed
2	03:07:28.218	Custom indicator IVT_MACD_ZERO_LAG GOLD,M15: removed
2	03:07:28.219	Custom indicator RSI Divergence Levels GOLD,M15: removed
2	03:07:28.221	Custom indicator JoeChalhoub_FXForecasterV1 GOLD,M15: removed
2	03:07:28.240	Expert Admiral - Mini Terminal CADJPY,M15: removed
2	03:07:28.241	Custom indicator AIMS Levels V2 CADJPY,M15: removed
2	03:07:28.241	Custom indicator AIMS Entry Alert V1 CADJPY,M15: removed
2	03:07:28.242	Custom indicator CandleTimer CADJPY,M15: removed
2	03:07:28.242	Custom indicator #Signal_Bars_v6 CADJPY,M15: removed
2	03:07:28.244	Custom indicator TrendEnvelopes_v1 CADJPY,M15: removed
2	03:07:28.260	Custom indicator guppy_multiple_moving_averages CADJPY,M15: removed
2	03:07:28.262	Custom indicator wedges CADJPY,M15: removed
2	03:07:28.263	Custom indicator AIMS AO V.2.1 CADJPY,M15: removed
2	03:07:28.264	Custom indicator IVT_MACD_ZERO_LAG CADJPY,M15: removed
2	03:07:28.266	Custom indicator RSI Divergence Levels CADJPY,M15: removed
2	03:07:28.268	Custom indicator JoeChalhoub_FXForecasterV1 CADJPY,M15: removed
2	03:07:28.286	Expert Admiral - Mini Terminal NZDCAD,M15: removed
2	03:07:28.287	Custom indicator AIMS Levels V2 NZDCAD,M15: removed
2	03:07:28.299	Custom indicator AIMS Entry Alert V1 NZDCAD,M15: removed
2	03:07:28.300	Custom indicator CandleTimer NZDCAD,M15: removed
2	03:07:28.301	Custom indicator #Signal_Bars_v6 NZDCAD,M15: removed
2	03:07:28.302	Custom indicator TrendEnvelopes_v1 NZDCAD,M15: removed
2	03:07:28.333	Custom indicator guppy_multiple_moving_averages NZDCAD,M15: removed
2	03:07:28.335	Custom indicator wedges NZDCAD,M15: removed
2	03:07:28.335	Custom indicator AIMS AO V.2.1 NZDCAD,M15: removed
2	03:07:28.337	Custom indicator IVT_MACD_ZERO_LAG NZDCAD,M15: removed
2	03:07:28.338	Custom indicator RSI Divergence Levels NZDCAD,M15: removed
2	03:07:28.340	Custom indicator JoeChalhoub_FXForecasterV1 NZDCAD,M15: removed
2	03:07:28.357	Custom indicator AIMS Levels V2 EURNZD,H1: removed
2	03:07:28.357	Custom indicator AIMS Entry Alert V1 EURNZD,H1: removed
2	03:07:28.359	Custom indicator CandleTimer EURNZD,H1: removed
2	03:07:28.359	Custom indicator #Signal_Bars_v6 EURNZD,H1: removed
2	03:07:28.360	Custom indicator TrendEnvelopes_v1 EURNZD,H1: removed
2	03:07:28.361	Custom indicator guppy_multiple_moving_averages EURNZD,H1: removed
2	03:07:28.363	Custom indicator wedges EURNZD,H1: removed
2	03:07:28.363	Custom indicator AIMS AO V.2.1 EURNZD,H1: removed
2	03:07:28.365	Custom indicator IVT_MACD_ZERO_LAG EURNZD,H1: removed
2	03:07:28.367	Custom indicator RSI Divergence Levels EURNZD,H1: removed
2	03:07:28.369	Custom indicator JoeChalhoub_FXForecasterV1 EURNZD,H1: removed
2	03:07:28.386	Custom indicator AIMS Levels V2 GBPNZD,M15: removed
2	03:07:28.386	Custom indicator AIMS Entry Alert V1 GBPNZD,M15: removed
2	03:07:28.388	Custom indicator CandleTimer GBPNZD,M15: removed
2	03:07:28.388	Custom indicator #Signal_Bars_v6 GBPNZD,M15: removed
2	03:07:28.389	Custom indicator TrendEnvelopes_v1 GBPNZD,M15: removed
2	03:07:28.391	Custom indicator guppy_multiple_moving_averages GBPNZD,M15: removed
2	03:07:28.393	Custom indicator wedges GBPNZD,M15: removed
2	03:07:28.393	Custom indicator AIMS AO V.2.1 GBPNZD,M15: removed
2	03:07:28.393	Custom indicator IVT_MACD_ZERO_LAG GBPNZD,M15: removed
2	03:07:28.395	Custom indicator RSI Divergence Levels GBPNZD,M15: removed
2	03:07:28.407	Custom indicator JoeChalhoub_FXForecasterV1 GBPNZD,M15: removed
2	03:07:28.424	Custom indicator AIMS Levels V2 NZDUSD,H1: removed
2	03:07:28.424	Custom indicator AIMS Entry Alert V1 NZDUSD,H1: removed
2	03:07:28.425	Custom indicator CandleTimer NZDUSD,H1: removed
2	03:07:28.425	Custom indicator #Signal_Bars_v6 NZDUSD,H1: removed
2	03:07:28.427	Custom indicator TrendEnvelopes_v1 NZDUSD,H1: removed
2	03:07:28.428	Custom indicator wedges NZDUSD,H1: removed
2	03:07:28.429	Custom indicator AIMS AO V.2.1 NZDUSD,H1: removed
2	03:07:28.430	Custom indicator IVT_MACD_ZERO_LAG NZDUSD,H1: removed
2	03:07:28.432	Custom indicator RSI Divergence Levels NZDUSD,H1: removed
2	03:07:28.434	Custom indicator JoeChalhoub_FXForecasterV1 NZDUSD,H1: removed
2	03:07:28.449	Custom indicator AIMS Levels V2 USDCHF,H1: removed
2	03:07:28.449	Custom indicator AIMS Entry Alert V1 USDCHF,H1: removed
2	03:07:28.451	Custom indicator CandleTimer USDCHF,H1: removed
2	03:07:28.451	Custom indicator #Signal_Bars_v6 USDCHF,H1: removed
2	03:07:28.452	Custom indicator TrendEnvelopes_v1 USDCHF,H1: removed
2	03:07:28.454	Custom indicator guppy_multiple_moving_averages USDCHF,H1: removed
2	03:07:28.455	Custom indicator wedges USDCHF,H1: removed
2	03:07:28.455	Custom indicator AIMS AO V.2.1 USDCHF,H1: removed
2	03:07:28.457	Custom indicator IVT_MACD_ZERO_LAG USDCHF,H1: removed
2	03:07:28.458	Custom indicator RSI Divergence Levels USDCHF,H1: removed
2	03:07:28.460	Custom indicator JoeChalhoub_FXForecasterV1 USDCHF,H1: removed
2	03:07:28.475	Custom indicator AIMS Levels V2 EURAUD,H1: removed
2	03:07:28.475	Custom indicator AIMS Entry Alert V1 EURAUD,H1: removed
2	03:07:28.477	Custom indicator CandleTimer EURAUD,H1: removed
2	03:07:28.477	Custom indicator #Signal_Bars_v6 EURAUD,H1: removed
2	03:07:28.478	Custom indicator TrendEnvelopes_v1 EURAUD,H1: removed
2	03:07:28.480	Custom indicator guppy_multiple_moving_averages EURAUD,H1: removed
2	03:07:28.482	Custom indicator wedges EURAUD,H1: removed
2	03:07:28.482	Custom indicator AIMS AO V.2.1 EURAUD,H1: removed
2	03:07:28.484	Custom indicator IVT_MACD_ZERO_LAG EURAUD,H1: removed
2	03:07:28.485	Custom indicator RSI Divergence Levels EURAUD,H1: removed
2	03:07:28.487	Custom indicator JoeChalhoub_FXForecasterV1 EURAUD,H1: removed
2	03:07:28.499	Custom indicator CandleTimer [NQ100],H1: removed
2	03:07:28.935	Custom indicator StochCandles EURUSD,M15: loaded successfully
2	03:07:29.006	Custom indicator PRICE EURUSD,M15: loaded successfully
2	03:07:29.015	Custom indicator ADX_MA EURUSD,M15: loaded successfully
2	03:07:29.025	Custom indicator Trend_Channel EURUSD,M15: loaded successfully
2	03:07:29.034	Custom indicator SupportResistance Areas EURUSD,M15: loaded successfully
2	03:07:29.043	Custom indicator TrendFilter2 EURUSD,M15: loaded successfully
2	03:07:29.217	Custom indicator Time zone Trading GBPUSD,M15: loaded successfully
2	03:07:29.227	Custom indicator Pivot Lines 2 GBPUSD,M15: loaded successfully
2	03:07:29.236	Custom indicator Trend_Line_MA GBPUSD,M15: loaded successfully
2	03:07:29.245	Custom indicator Trend_Filter GBPUSD,M15: loaded successfully
2	03:07:29.254	Custom indicator bb-squeeze GBPUSD,M15: loaded successfully
2	03:07:29.849	Custom indicator b-clock modified AUDUSD,H1: loaded successfully
2	03:07:29.858	Custom indicator AutoTrendChannel AUDUSD,H1: loaded successfully
2	03:07:29.936	Custom indicator phoenix AUDUSD,H1: loaded successfully
2	03:07:29.983	Custom indicator BBand Stop Alert EURJPY,H1: loaded successfully
2	03:07:29.993	Custom indicator DMark_Breakout EURJPY,H1: loaded successfully
2	03:07:30.057	Custom indicator BBand Stop Alert [DAX30],H1: loaded successfully
2	03:07:30.067	Custom indicator DMark_Breakout [DAX30],H1: loaded successfully
2	03:07:30.204	Custom indicator Time zone Trading GBPAUD,M5: loaded successfully
2	03:07:30.214	Custom indicator Pivot Lines 2 GBPAUD,M5: loaded successfully
2	03:07:30.227	Custom indicator Trend_Line_MA GBPAUD,M5: loaded successfully
2	03:07:30.238	Custom indicator Trend_Filter GBPAUD,M5: loaded successfully
2	03:07:30.247	Custom indicator bb-squeeze GBPAUD,M5: loaded successfully
2	03:07:31.874	Custom indicator $-ForecastCityIntradayIndicator BTCUSD,M5: loaded successfully
2	03:07:31.948	Custom indicator Entry BTCUSD,M5: loaded successfully
2	03:07:32.023	Custom indicator Trend BTCUSD,M5: loaded successfully
2	03:07:32.036	Custom indicator Admiral Pivot BTCUSD,M5: loaded successfully
2	03:07:32.047	Custom indicator IVT_MACD_ZERO_LAG BTCUSD,M5: loaded successfully
2	03:07:32.057	Custom indicator RSI Divergence Levels BTCUSD,M5: loaded successfully
2	03:07:32.092	Expert ForexSignals-PatternFinder-1.2 BTCUSD,M5: loaded successfully
2	03:07:35.109	Custom indicator BBand Stop Alert GBPJPY,H1: loaded successfully
2	03:07:35.119	Custom indicator DMark_Breakout GBPJPY,H1: loaded successfully
2	03:07:35.177	Custom indicator StochCandles NZDUSD,H1: loaded successfully
2	03:07:35.251	Custom indicator PRICE NZDUSD,H1: loaded successfully
2	03:07:35.258	Custom indicator ADX_MA NZDUSD,H1: loaded successfully
2	03:07:35.266	Custom indicator Trend_Channel NZDUSD,H1: loaded successfully
2	03:07:35.273	Custom indicator SupportResistance Areas NZDUSD,H1: loaded successfully
2	03:07:35.281	Custom indicator TrendFilter2 NZDUSD,H1: loaded successfully
2	03:07:35.368	Custom indicator $-ForecastCityIntradayIndicator USDCAD,H1: loaded successfully
2	03:07:35.445	Custom indicator Entry USDCAD,H1: loaded successfully
2	03:07:35.514	Custom indicator Trend USDCAD,H1: loaded successfully
2	03:07:35.521	Custom indicator Admiral Pivot USDCAD,H1: loaded successfully
2	03:07:35.529	Custom indicator IVT_MACD_ZERO_LAG USDCAD,H1: loaded successfully
2	03:07:35.954	Custom indicator $-ForecastCityIntradayIndicator USDJPY,H1: loaded successfully
2	03:07:36.021	Custom indicator Entry USDJPY,H1: loaded successfully
2	03:07:36.090	Custom indicator Trend USDJPY,H1: loaded successfully
2	03:07:36.098	Custom indicator IVT_MACD_ZERO_LAG USDJPY,H1: loaded successfully
2	03:07:36.428	Custom indicator $-ForecastCityIntradayIndicator USDCHF,H1: loaded successfully
2	03:07:36.499	Custom indicator Entry USDCHF,H1: loaded successfully
2	03:07:36.569	Custom indicator Trend USDCHF,H1: loaded successfully
2	03:07:36.576	Custom indicator IVT_MACD_ZERO_LAG USDCHF,H1: loaded successfully
2	03:07:36.938	Custom indicator $-ForecastCityIntradayIndicator AUDJPY,H1: loaded successfully
2	03:07:37.008	Custom indicator Entry AUDJPY,H1: loaded successfully
2	03:07:37.075	Custom indicator Trend AUDJPY,H1: loaded successfully
2	03:07:37.083	Custom indicator IVT_MACD_ZERO_LAG AUDJPY,H1: loaded successfully
2	03:07:37.444	Expert ForexSignals-NakedTrading-v1.3 AUDCAD,Daily: loaded successfully
2	03:07:37.473	Custom indicator $-ForecastCityIntradayIndicator GBPJPY,H1: loaded successfully
2	03:07:37.543	Custom indicator Entry GBPJPY,H1: loaded successfully
2	03:07:37.611	Custom indicator Trend GBPJPY,H1: loaded successfully
2	03:07:37.618	Custom indicator IVT_MACD_ZERO_LAG GBPJPY,H1: loaded successfully
2	03:07:37.994	Custom indicator $-ForecastCityIntradayIndicator GOLD,H1: loaded successfully
2	03:07:38.064	Custom indicator Entry GOLD,H1: loaded successfully
2	03:07:38.135	Custom indicator Trend GOLD,H1: loaded successfully
2	03:07:38.207	Custom indicator HolyCandleTime GOLD,H1: loaded successfully
2	03:07:38.216	Custom indicator IVT_MACD_ZERO_LAG GOLD,H1: loaded successfully
2	03:07:38.601	Custom indicator $-ForecastCityIntradayIndicator USDJPY,H1: loaded successfully
2	03:07:38.688	Custom indicator Entry USDJPY,H1: loaded successfully
2	03:07:38.770	Custom indicator Trend USDJPY,H1: loaded successfully
2	03:07:38.780	Custom indicator IVT_MACD_ZERO_LAG USDJPY,H1: loaded successfully
2	03:07:39.271	Custom indicator ZigZag [DAX30],H1: loaded successfully
2	03:07:39.330	Custom indicator $-ForecastCityIntradayIndicator #BNP,H1: loaded successfully
2	03:07:39.420	Custom indicator Entry #BNP,H1: loaded successfully
2	03:07:39.509	Custom indicator Trend #BNP,H1: loaded successfully
2	03:07:39.521	Custom indicator IVT_MACD_ZERO_LAG #BNP,H1: loaded successfully
2	03:07:39.766	Custom indicator $-ForecastCityIntradayIndicator USDCAD,H1: loaded successfully
2	03:07:39.838	Custom indicator Entry USDCAD,H1: loaded successfully
2	03:07:39.909	Custom indicator Trend USDCAD,H1: loaded successfully
2	03:07:39.917	Custom indicator IVT_MACD_ZERO_LAG USDCAD,H1: loaded successfully
2	03:07:40.339	Custom indicator $-ForecastCityIntradayIndicator EURNZD,H1: loaded successfully
2	03:07:40.416	Custom indicator Entry EURNZD,H1: loaded successfully
2	03:07:40.487	Custom indicator Trend EURNZD,H1: loaded successfully
2	03:07:40.495	Custom indicator IVT_MACD_ZERO_LAG EURNZD,H1: loaded successfully
2	03:07:40.868	Custom indicator $-ForecastCityIntradayIndicator AUDCHF,H1: loaded successfully
2	03:07:40.936	Custom indicator Entry AUDCHF,H1: loaded successfully
2	03:07:41.004	Custom indicator Trend AUDCHF,H1: loaded successfully
2	03:07:41.011	Custom indicator IVT_MACD_ZERO_LAG AUDCHF,H1: loaded successfully
2	03:07:41.302	Custom indicator $-ForecastCityIntradayIndicator NZDJPY,H1: loaded successfully
2	03:07:41.372	Custom indicator Entry NZDJPY,H1: loaded successfully
2	03:07:41.441	Custom indicator Trend NZDJPY,H1: loaded successfully
2	03:07:41.449	Custom indicator IVT_MACD_ZERO_LAG NZDJPY,H1: loaded successfully
2	03:07:41.846	Custom indicator ZigZag WTI,Daily: loaded successfully
0	03:08:12.264	'23929927': login on AdmiralMarkets-Demo through Access Point #6 (ping: 209.34 ms)
0	03:08:14.140	'23929927': login datacenter on AdmiralMarkets-Demo through Access Point #6 (ping: 209.34 ms)
0	03:08:14.751	'23929927': previous successful authorization performed from 197.149.36.119
1	03:08:42.399	'23929927': datacenter connecting failed [6]
0	03:08:43.190	'23929927': login on AdmiralMarkets-Demo through Access Point #4 (ping: 211.58 ms)
0	03:08:44.852	'23929927': login datacenter on AdmiralMarkets-Demo through Access Point #4 (ping: 211.58 ms)
0	03:08:45.441	'23929927': previous successful authorization performed from 197.149.36.119
1	03:09:18.750	'23929927': datacenter connecting failed [6]
0	03:09:19.647	'23929927': login on AdmiralMarkets-Demo through Access Point #3 (ping: 222.20 ms)
0	03:09:21.471	'23929927': login datacenter on AdmiralMarkets-Demo through Access Point #3 (ping: 222.20 ms)
0	03:09:22.073	'23929927': previous successful authorization performed from 197.149.36.119
1	03:09:55.318	'23929927': datacenter connecting failed [6]
0	03:09:56.235	'23929927': login on AdmiralMarkets-Demo through Access Point #2 (ping: 209.46 ms)
0	03:09:58.131	'23929927': login datacenter on AdmiralMarkets-Demo through Access Point #2 (ping: 209.46 ms)
0	03:09:58.785	'23929927': previous successful authorization performed from 197.149.36.119
2	03:13:50.048	Custom indicator $-ForecastCityIntradayIndicator USDCAD,H1: removed
2	03:13:52.186	Custom indicator $-ForecastCityIntradayIndicator USDJPY,H1: removed
2	03:13:54.487	Custom indicator $-ForecastCityIntradayIndicator USDCHF,H1: removed
2	03:13:57.166	Custom indicator $-ForecastCityIntradayIndicator GBPJPY,H1: removed
2	03:13:58.940	Custom indicator $-ForecastCityIntradayIndicator USDJPY,H1: removed
2	03:14:01.898	Custom indicator $-ForecastCityIntradayIndicator USDCAD,H1: removed
2	03:14:27.826	Custom indicator ZigZag [DAX30],H1: removed
2	03:14:33.329	Custom indicator ZigZag WTI,Daily: removed
2	03:14:44.085	Custom indicator BBand Stop Alert [DAX30],H1: removed
2	03:14:44.086	Custom indicator DMark_Breakout [DAX30],H1: removed
2	03:15:04.262	Custom indicator StochCandles EURUSD,M15: removed
2	03:15:04.262	Custom indicator PRICE EURUSD,M15: removed
2	03:15:04.263	Custom indicator ADX_MA EURUSD,M15: removed
2	03:15:04.264	Custom indicator Trend_Channel EURUSD,M15: removed
2	03:15:04.265	Custom indicator SupportResistance Areas EURUSD,M15: removed
2	03:15:04.267	Custom indicator TrendFilter2 EURUSD,M15: removed
2	03:15:04.281	Custom indicator $-ForecastCityIntradayIndicator EURUSD,M15: loaded successfully
2	03:15:04.348	Custom indicator Entry EURUSD,M15: loaded successfully
2	03:15:04.419	Custom indicator Trend EURUSD,M15: loaded successfully
2	03:15:04.429	Custom indicator IVT_MACD_ZERO_LAG EURUSD,M15: loaded successfully
2	03:15:12.044	Custom indicator $-ForecastCityIntradayIndicator EURUSD,M15: removed
2	03:15:42.500	Custom indicator $-ForecastCityIntradayIndicator EURUSD,M15: loaded successfully
2	03:19:24.563	Custom indicator Time zone Trading GBPUSD,M15: removed
2	03:19:24.565	Custom indicator Pivot Lines 2 GBPUSD,M15: removed
2	03:19:24.566	Custom indicator Trend_Line_MA GBPUSD,M15: removed
2	03:19:24.567	Custom indicator Trend_Filter GBPUSD,M15: removed
2	03:19:24.568	Custom indicator bb-squeeze GBPUSD,M15: removed
2	03:19:24.638	Custom indicator AIMS Levels V2 GBPUSD,M15: loaded successfully
2	03:19:24.821	Custom indicator AIMS Entry Alert V1 GBPUSD,M15: loaded successfully
2	03:19:24.829	Custom indicator CandleTimer GBPUSD,M15: loaded successfully
2	03:19:24.886	Custom indicator #Signal_Bars_v6 GBPUSD,M15: loaded successfully
2	03:19:24.894	Custom indicator TrendEnvelopes_v1 GBPUSD,M15: loaded successfully
2	03:19:24.901	Custom indicator guppy_multiple_moving_averages GBPUSD,M15: loaded successfully
2	03:19:24.909	Custom indicator wedges GBPUSD,M15: loaded successfully
2	03:19:24.965	Custom indicator AIMS AO V.2.1 GBPUSD,M15: loaded successfully
2	03:19:24.971	Custom indicator IVT_MACD_ZERO_LAG GBPUSD,M15: loaded successfully
2	03:19:24.979	Custom indicator RSI Divergence Levels GBPUSD,M15: loaded successfully
2	03:19:24.990	Custom indicator JoeChalhoub_FXForecasterV1 GBPUSD,M15: loaded successfully
2	03:19:34.090	Custom indicator AIMS Levels V2 GBPUSD,M15: removed
2	03:19:34.090	Custom indicator AIMS Entry Alert V1 GBPUSD,M15: removed
2	03:19:34.092	Custom indicator CandleTimer GBPUSD,M15: removed
2	03:19:34.092	Custom indicator #Signal_Bars_v6 GBPUSD,M15: removed
2	03:19:34.093	Custom indicator TrendEnvelopes_v1 GBPUSD,M15: removed
2	03:19:34.095	Custom indicator guppy_multiple_moving_averages GBPUSD,M15: removed
2	03:19:34.096	Custom indicator wedges GBPUSD,M15: removed
2	03:19:34.096	Custom indicator AIMS AO V.2.1 GBPUSD,M15: removed
2	03:19:34.097	Custom indicator IVT_MACD_ZERO_LAG GBPUSD,M15: removed
2	03:19:34.098	Custom indicator RSI Divergence Levels GBPUSD,M15: removed
2	03:19:34.100	Custom indicator JoeChalhoub_FXForecasterV1 GBPUSD,M15: removed
2	03:19:34.113	Custom indicator $-ForecastCityIntradayIndicator GBPUSD,M15: loaded successfully
2	03:19:34.173	Custom indicator Entry GBPUSD,M15: loaded successfully
2	03:19:34.233	Custom indicator Trend GBPUSD,M15: loaded successfully
2	03:19:34.240	Custom indicator IVT_MACD_ZERO_LAG GBPUSD,M15: loaded successfully
2	03:20:17.327	Custom indicator b-clock modified AUDUSD,H1: removed
2	03:20:17.328	Custom indicator AutoTrendChannel AUDUSD,H1: removed
2	03:20:17.328	Custom indicator phoenix AUDUSD,H1: removed
2	03:20:17.341	Custom indicator $-ForecastCityIntradayIndicator AUDUSD,H1: loaded successfully
2	03:20:17.413	Custom indicator Entry AUDUSD,H1: loaded successfully
2	03:20:17.485	Custom indicator Trend AUDUSD,H1: loaded successfully
2	03:20:17.492	Custom indicator IVT_MACD_ZERO_LAG AUDUSD,H1: loaded successfully
2	03:20:50.117	Custom indicator BBand Stop Alert EURJPY,H1: removed
2	03:20:50.118	Custom indicator DMark_Breakout EURJPY,H1: removed
2	03:20:50.129	Custom indicator $-ForecastCityIntradayIndicator EURJPY,H1: loaded successfully
2	03:20:50.193	Custom indicator Entry EURJPY,H1: loaded successfully
2	03:20:50.251	Custom indicator Trend EURJPY,H1: loaded successfully
2	03:20:50.258	Custom indicator IVT_MACD_ZERO_LAG EURJPY,H1: loaded successfully
2	03:21:39.502	Custom indicator Time zone Trading GBPAUD,M5: removed
2	03:21:39.504	Custom indicator Pivot Lines 2 GBPAUD,M5: removed
2	03:21:39.505	Custom indicator Trend_Line_MA GBPAUD,M5: removed
2	03:21:39.506	Custom indicator Trend_Filter GBPAUD,M5: removed
2	03:21:39.507	Custom indicator bb-squeeze GBPAUD,M5: removed
2	03:21:39.520	Custom indicator $-ForecastCityIntradayIndicator GBPAUD,M5: loaded successfully
2	03:21:39.579	Custom indicator Entry GBPAUD,M5: loaded successfully
2	03:21:39.636	Custom indicator Trend GBPAUD,M5: loaded successfully
2	03:21:39.643	Custom indicator IVT_MACD_ZERO_LAG GBPAUD,M5: loaded successfully
2	03:21:51.443	Custom indicator $-ForecastCityIntradayIndicator GBPAUD,M5: removed
2	03:21:51.443	Custom indicator Entry GBPAUD,M5: removed
2	03:21:51.443	Custom indicator Trend GBPAUD,M5: removed
2	03:21:51.444	Custom indicator IVT_MACD_ZERO_LAG GBPAUD,M5: removed
2	03:21:59.741	Expert ForexSignals-PatternFinder-1.2 BTCUSD,M5: removed
2	03:21:59.742	Custom indicator $-ForecastCityIntradayIndicator BTCUSD,M5: removed
2	03:21:59.742	Custom indicator Entry BTCUSD,M5: removed
2	03:21:59.742	Custom indicator Trend BTCUSD,M5: removed
2	03:21:59.744	Custom indicator Admiral Pivot BTCUSD,M5: removed
2	03:21:59.746	Custom indicator IVT_MACD_ZERO_LAG BTCUSD,M5: removed
2	03:21:59.747	Custom indicator RSI Divergence Levels BTCUSD,M5: removed
2	03:21:59.759	Custom indicator $-ForecastCityIntradayIndicator BTCUSD,M5: loaded successfully
2	03:21:59.818	Custom indicator Entry BTCUSD,M5: loaded successfully
2	03:21:59.876	Custom indicator Trend BTCUSD,M5: loaded successfully
2	03:21:59.881	Custom indicator IVT_MACD_ZERO_LAG BTCUSD,M5: loaded successfully
2	03:22:09.985	Custom indicator $-ForecastCityIntradayIndicator BTCUSD,M5: removed
2	03:22:09.985	Custom indicator Entry BTCUSD,M5: removed
2	03:22:09.985	Custom indicator Trend BTCUSD,M5: removed
2	03:22:09.986	Custom indicator IVT_MACD_ZERO_LAG BTCUSD,M5: removed
2	03:22:19.798	Custom indicator BBand Stop Alert GBPJPY,H1: removed
2	03:22:19.799	Custom indicator DMark_Breakout GBPJPY,H1: removed
2	03:22:19.812	Custom indicator $-ForecastCityIntradayIndicator GBPJPY,H1: loaded successfully
2	03:22:19.870	Custom indicator Entry GBPJPY,H1: loaded successfully
2	03:22:19.928	Custom indicator Trend GBPJPY,H1: loaded successfully
2	03:22:19.935	Custom indicator IVT_MACD_ZERO_LAG GBPJPY,H1: loaded successfully
2	03:23:28.315	Custom indicator StochCandles NZDUSD,H1: removed
2	03:23:28.315	Custom indicator PRICE NZDUSD,H1: removed
2	03:23:28.316	Custom indicator ADX_MA NZDUSD,H1: removed
2	03:23:28.318	Custom indicator Trend_Channel NZDUSD,H1: removed
2	03:23:28.319	Custom indicator SupportResistance Areas NZDUSD,H1: removed
2	03:23:28.321	Custom indicator TrendFilter2 NZDUSD,H1: removed
2	03:23:28.334	Custom indicator $-ForecastCityIntradayIndicator NZDUSD,H1: loaded successfully
2	03:23:28.397	Custom indicator Entry NZDUSD,H1: loaded successfully
2	03:23:28.795	Custom indicator Trend NZDUSD,H1: loaded successfully
2	03:23:28.820	Custom indicator IVT_MACD_ZERO_LAG NZDUSD,H1: loaded successfully
2	03:23:55.223	Custom indicator Entry USDCAD,H1: removed
2	03:23:55.223	Custom indicator Trend USDCAD,H1: removed
2	03:23:55.224	Custom indicator Admiral Pivot USDCAD,H1: removed
2	03:23:55.226	Custom indicator IVT_MACD_ZERO_LAG USDCAD,H1: removed
2	03:23:55.236	Custom indicator $-ForecastCityIntradayIndicator USDCAD,H1: loaded successfully
2	03:23:55.299	Custom indicator Entry USDCAD,H1: loaded successfully
2	03:23:55.358	Custom indicator Trend USDCAD,H1: loaded successfully
2	03:23:55.365	Custom indicator IVT_MACD_ZERO_LAG USDCAD,H1: loaded successfully
2	03:25:36.251	Expert Admiral - Mini Terminal GBPJPY,H1: loaded successfully
2	03:28:01.430	Custom indicator Entry USDJPY,H1: removed
2	03:28:01.430	Custom indicator Trend USDJPY,H1: removed
2	03:28:01.432	Custom indicator IVT_MACD_ZERO_LAG USDJPY,H1: removed
2	03:28:01.444	Custom indicator $-ForecastCityIntradayIndicator USDJPY,H1: loaded successfully
2	03:28:01.506	Custom indicator Entry USDJPY,H1: loaded successfully
2	03:28:01.563	Custom indicator Trend USDJPY,H1: loaded successfully
2	03:28:01.570	Custom indicator IVT_MACD_ZERO_LAG USDJPY,H1: loaded successfully
2	03:28:19.019	Custom indicator Entry USDCHF,H1: removed
2	03:28:19.019	Custom indicator Trend USDCHF,H1: removed
2	03:28:19.021	Custom indicator IVT_MACD_ZERO_LAG USDCHF,H1: removed
2	03:28:19.032	Custom indicator $-ForecastCityIntradayIndicator USDCHF,H1: loaded successfully
2	03:28:19.094	Custom indicator Entry USDCHF,H1: loaded successfully
2	03:28:19.152	Custom indicator Trend USDCHF,H1: loaded successfully
2	03:28:19.159	Custom indicator IVT_MACD_ZERO_LAG USDCHF,H1: loaded successfully
2	03:28:55.117	Custom indicator $-ForecastCityIntradayIndicator AUDJPY,H1: removed
2	03:28:55.117	Custom indicator Entry AUDJPY,H1: removed
2	03:28:55.117	Custom indicator Trend AUDJPY,H1: removed
2	03:28:55.119	Custom indicator IVT_MACD_ZERO_LAG AUDJPY,H1: removed
2	03:29:05.174	Expert ForexSignals-NakedTrading-v1.3 AUDCAD,Daily: removed
2	03:29:05.186	Custom indicator $-ForecastCityIntradayIndicator AUDCAD,Daily: loaded successfully
2	03:29:05.246	Custom indicator Entry AUDCAD,Daily: loaded successfully
2	03:29:05.304	Custom indicator Trend AUDCAD,Daily: loaded successfully
2	03:29:05.311	Custom indicator IVT_MACD_ZERO_LAG AUDCAD,Daily: loaded successfully
2	03:29:13.142	Custom indicator $-ForecastCityIntradayIndicator AUDCAD,Daily: removed
2	03:29:13.142	Custom indicator Entry AUDCAD,Daily: removed
2	03:29:13.142	Custom indicator Trend AUDCAD,Daily: removed
2	03:29:13.143	Custom indicator IVT_MACD_ZERO_LAG AUDCAD,Daily: removed
2	03:29:16.919	Custom indicator Entry GBPJPY,H1: removed
2	03:29:16.919	Custom indicator Trend GBPJPY,H1: removed
2	03:29:16.921	Custom indicator IVT_MACD_ZERO_LAG GBPJPY,H1: removed
2	03:29:21.269	Custom indicator $-ForecastCityIntradayIndicator GOLD,H1: removed
2	03:29:21.269	Custom indicator Entry GOLD,H1: removed
2	03:29:21.269	Custom indicator Trend GOLD,H1: removed
2	03:29:21.269	Custom indicator HolyCandleTime GOLD,H1: removed
2	03:29:21.270	Custom indicator IVT_MACD_ZERO_LAG GOLD,H1: removed
2	03:29:25.326	Custom indicator Entry USDJPY,H1: removed
2	03:29:25.326	Custom indicator Trend USDJPY,H1: removed
2	03:29:25.328	Custom indicator IVT_MACD_ZERO_LAG USDJPY,H1: removed
2	03:29:31.603	Custom indicator $-ForecastCityIntradayIndicator #BNP,H1: removed
2	03:29:31.604	Custom indicator Entry #BNP,H1: removed
2	03:29:31.604	Custom indicator Trend #BNP,H1: removed
2	03:29:31.605	Custom indicator IVT_MACD_ZERO_LAG #BNP,H1: removed
2	03:29:34.266	Custom indicator Entry USDCAD,H1: removed
2	03:29:34.266	Custom indicator Trend USDCAD,H1: removed
2	03:29:34.268	Custom indicator IVT_MACD_ZERO_LAG USDCAD,H1: removed
2	03:29:36.785	Custom indicator $-ForecastCityIntradayIndicator EURNZD,H1: removed
2	03:29:36.785	Custom indicator Entry EURNZD,H1: removed
2	03:29:36.785	Custom indicator Trend EURNZD,H1: removed
2	03:29:36.786	Custom indicator IVT_MACD_ZERO_LAG EURNZD,H1: removed
2	03:29:39.346	Custom indicator $-ForecastCityIntradayIndicator AUDCHF,H1: removed
2	03:29:39.346	Custom indicator Entry AUDCHF,H1: removed
2	03:29:39.346	Custom indicator Trend AUDCHF,H1: removed
2	03:29:39.348	Custom indicator IVT_MACD_ZERO_LAG AUDCHF,H1: removed
2	03:29:43.984	Custom indicator $-ForecastCityIntradayIndicator NZDJPY,H1: removed
2	03:29:43.984	Custom indicator Entry NZDJPY,H1: removed
2	03:29:43.984	Custom indicator Trend NZDJPY,H1: removed
2	03:29:43.986	Custom indicator IVT_MACD_ZERO_LAG NZDJPY,H1: removed
2	03:32:33.432	Custom indicator AIMS Levels V2 AUDCAD,H1: loaded successfully
2	03:32:33.490	Custom indicator AIMS Entry Alert V1 AUDCAD,H1: loaded successfully
2	03:32:33.496	Custom indicator CandleTimer AUDCAD,H1: loaded successfully
2	03:32:33.554	Custom indicator #Signal_Bars_v6 AUDCAD,H1: loaded successfully
2	03:32:33.561	Custom indicator TrendEnvelopes_v1 AUDCAD,H1: loaded successfully
2	03:32:33.567	Custom indicator guppy_multiple_moving_averages AUDCAD,H1: loaded successfully
2	03:32:33.573	Custom indicator wedges AUDCAD,H1: loaded successfully
2	03:32:33.631	Custom indicator AIMS AO V.2.1 AUDCAD,H1: loaded successfully
2	03:32:33.638	Custom indicator IVT_MACD_ZERO_LAG AUDCAD,H1: loaded successfully
2	03:32:33.645	Custom indicator RSI Divergence Levels AUDCAD,H1: loaded successfully
2	03:32:33.653	Custom indicator JoeChalhoub_FXForecasterV1 AUDCAD,H1: loaded successfully
0	03:32:48.037	'23929927': order sell market 0.10 AUDCAD sl: 0.00000 tp: 0.00000
0	03:32:48.442	'23929927': order was opened : #190686714 sell 0.10 AUDCAD at 0.94381 sl: 0.00000 tp: 0.00000
0	03:32:49.393	Notifications: 'order opened #190686714 sell 0.10 AUDCAD at 0.94381' sent to 'A37163A9'
0	03:33:13.868	'23929927': close order #190686714 sell 0.10 AUDCAD at 0.94381 sl: 0.00000 tp: 0.00000 at price 0.00000
0	03:33:14.221	'23929927': order #190686714 sell 0.10 AUDCAD at 0.94381 sl: 0.00000 tp: 0.00000 closed at price 0.94419
0	03:33:15.060	Notifications: 'order #190686714 sell 0.10 AUDCAD at 0.94381 closed at price 0.94419, profit: -2.88 USD' sent to 'A37163A9'
0	03:33:46.062	'23929927': order sell market 0.10 AUDCAD sl: 0.00000 tp: 0.00000
0	03:33:46.548	'23929927': order was opened : #190686745 sell 0.10 AUDCAD at 0.94390 sl: 0.00000 tp: 0.00000
0	03:33:47.411	Notifications: 'order opened #190686745 sell 0.10 AUDCAD at 0.94390, weekly dto' sent to 'A37163A9'
0	03:35:01.474	'23929927': modify order #190686745 sell 0.10 AUDCAD at 0.94390 sl: 0.00000 tp: 0.00000 -> sl: 0.97550 tp: 0.92580
0	03:35:01.804	'23929927': order #190686745 sell 0.10 AUDCAD at 0.94390 was modified -> sl: 0.97550 tp: 0.92580
0	03:35:02.703	Notifications: 'order #190686745 sell 0.10 AUDCAD at 0.94390 modified: sl: 0.00000 tp: 0.00000 -> sl: 0.97550 tp: 0.92580' sent to 'A37163A9'
0	03:44:52.887	'23929927': modify order #190685411 sell 0.10 GBPJPY at 138.636 sl: 138.964 tp: 136.887 -> sl: 138.747 tp: 136.887
0	03:44:53.220	'23929927': order #190685411 sell 0.10 GBPJPY at 138.636 was modified -> sl: 138.747 tp: 136.887
0	03:44:54.095	Notifications: 'order #190685411 sell 0.10 GBPJPY at 138.636 modified: sl: 138.964 tp: 136.887 -> sl: 138.747 tp: 136.887' sent to 'A37163A9'
0	03:47:04.681	'23929927': modify order #190685411 sell 0.10 GBPJPY at 138.636 sl: 138.747 tp: 136.887 -> sl: 138.737 tp: 136.887
0	03:47:05.035	'23929927': order #190685411 sell 0.10 GBPJPY at 138.636 was modified -> sl: 138.737 tp: 136.887
0	03:47:07.014	Notifications: 'order #190685411 sell 0.10 GBPJPY at 138.636 modified: sl: 138.747 tp: 136.887 -> sl: 138.737 tp: 136.887' sent to 'A37163A9'
0	03:47:42.449	'23929927': modify order #190685411 sell 0.10 GBPJPY at 138.636 sl: 138.737 tp: 136.887 -> sl: 138.721 tp: 136.887
0	03:47:42.835	'23929927': order #190685411 sell 0.10 GBPJPY at 138.636 was modified -> sl: 138.721 tp: 136.887
0	03:47:44.252	Notifications: 'order #190685411 sell 0.10 GBPJPY at 138.636 modified: sl: 138.737 tp: 136.887 -> sl: 138.721 tp: 136.887' sent to 'A37163A9'
0	03:47:47.450	'23929927': modify order #190685411 sell 0.10 GBPJPY at 138.636 sl: 138.721 tp: 136.887 -> sl: 138.709 tp: 136.887
0	03:47:47.787	'23929927': order #190685411 sell 0.10 GBPJPY at 138.636 was modified -> sl: 138.709 tp: 136.887
0	03:47:49.414	Notifications: 'order #190685411 sell 0.10 GBPJPY at 138.636 modified: sl: 138.721 tp: 136.887 -> sl: 138.709 tp: 136.887' sent to 'A37163A9'
0	03:47:57.237	'23929927': modify order #190685411 sell 0.10 GBPJPY at 138.636 sl: 138.709 tp: 136.887 -> sl: 138.698 tp: 136.887
0	03:47:57.573	'23929927': order #190685411 sell 0.10 GBPJPY at 138.636 was modified -> sl: 138.698 tp: 136.887
0	03:47:58.534	Notifications: 'order #190685411 sell 0.10 GBPJPY at 138.636 modified: sl: 138.709 tp: 136.887 -> sl: 138.698 tp: 136.887' sent to 'A37163A9'
0	03:49:45.281	'23929927': modify order #190685411 sell 0.10 GBPJPY at 138.636 sl: 138.698 tp: 136.887 -> sl: 138.688 tp: 136.887
0	03:49:45.701	'23929927': order #190685411 sell 0.10 GBPJPY at 138.636 was modified -> sl: 138.688 tp: 136.887
0	03:49:46.730	Notifications: 'order #190685411 sell 0.10 GBPJPY at 138.636 modified: sl: 138.698 tp: 136.887 -> sl: 138.688 tp: 136.887' sent to 'A37163A9'
0	03:50:46.117	'23929927': modify order #190685411 sell 0.10 GBPJPY at 138.636 sl: 138.688 tp: 136.887 -> sl: 138.677 tp: 136.887
0	03:50:46.490	'23929927': order #190685411 sell 0.10 GBPJPY at 138.636 was modified -> sl: 138.677 tp: 136.887
0	03:50:48.844	Notifications: 'order #190685411 sell 0.10 GBPJPY at 138.636 modified: sl: 138.688 tp: 136.887 -> sl: 138.677 tp: 136.887' sent to 'A37163A9'
0	03:58:05.246	'23929927': modify order #190685411 sell 0.10 GBPJPY at 138.636 sl: 138.677 tp: 136.887 -> sl: 138.662 tp: 136.887
0	03:58:05.644	'23929927': order #190685411 sell 0.10 GBPJPY at 138.636 was modified -> sl: 138.662 tp: 136.887
0	03:58:07.384	Notifications: 'order #190685411 sell 0.10 GBPJPY at 138.636 modified: sl: 138.677 tp: 136.887 -> sl: 138.662 tp: 136.887' sent to 'A37163A9'
0	03:58:40.658	'23929927': modify order #190685411 sell 0.10 GBPJPY at 138.636 sl: 138.662 tp: 136.887 -> sl: 138.651 tp: 136.887
0	03:58:41.018	'23929927': order #190685411 sell 0.10 GBPJPY at 138.636 was modified -> sl: 138.651 tp: 136.887
0	03:58:43.133	Notifications: 'order #190685411 sell 0.10 GBPJPY at 138.636 modified: sl: 138.662 tp: 136.887 -> sl: 138.651 tp: 136.887' sent to 'A37163A9'
0	03:58:49.271	'23929927': modify order #190685411 sell 0.10 GBPJPY at 138.636 sl: 138.651 tp: 136.887 -> sl: 138.641 tp: 136.887
0	03:58:49.632	'23929927': order #190685411 sell 0.10 GBPJPY at 138.636 was modified -> sl: 138.641 tp: 136.887
0	03:58:51.754	Notifications: 'order #190685411 sell 0.10 GBPJPY at 138.636 modified: sl: 138.651 tp: 136.887 -> sl: 138.641 tp: 136.887' sent to 'A37163A9'
0	04:03:25.054	'23929927': modify order #190685411 sell 0.10 GBPJPY at 138.636 sl: 138.641 tp: 136.887 -> sl: 138.629 tp: 136.887
0	04:03:25.415	'23929927': order #190685411 sell 0.10 GBPJPY at 138.636 was modified -> sl: 138.629 tp: 136.887
0	04:03:26.781	Notifications: 'order #190685411 sell 0.10 GBPJPY at 138.636 modified: sl: 138.641 tp: 136.887 -> sl: 138.629 tp: 136.887' sent to 'A37163A9'
0	04:07:41.362	'23929927': modify order #190685411 sell 0.10 GBPJPY at 138.636 sl: 138.629 tp: 136.887 -> sl: 138.617 tp: 136.887
0	04:07:41.678	'23929927': order #190685411 sell 0.10 GBPJPY at 138.636 was modified -> sl: 138.617 tp: 136.887
0	04:07:42.632	Notifications: 'order #190685411 sell 0.10 GBPJPY at 138.636 modified: sl: 138.629 tp: 136.887 -> sl: 138.617 tp: 136.887' sent to 'A37163A9'
0	04:07:58.712	'23929927': modify order #190685411 sell 0.10 GBPJPY at 138.636 sl: 138.617 tp: 136.887 -> sl: 138.606 tp: 136.887
0	04:07:59.007	'23929927': order #190685411 sell 0.10 GBPJPY at 138.636 was modified -> sl: 138.606 tp: 136.887
0	04:08:00.606	Notifications: 'order #190685411 sell 0.10 GBPJPY at 138.636 modified: sl: 138.617 tp: 136.887 -> sl: 138.606 tp: 136.887' sent to 'A37163A9'
0	04:08:10.215	'23929927': modify order #190685411 sell 0.10 GBPJPY at 138.636 sl: 138.606 tp: 136.887 -> sl: 138.595 tp: 136.887
0	04:08:10.541	'23929927': order #190685411 sell 0.10 GBPJPY at 138.636 was modified -> sl: 138.595 tp: 136.887
0	04:08:11.464	Notifications: 'order #190685411 sell 0.10 GBPJPY at 138.636 modified: sl: 138.606 tp: 136.887 -> sl: 138.595 tp: 136.887' sent to 'A37163A9'
0	04:08:33.978	'23929927': modify order #190685411 sell 0.10 GBPJPY at 138.636 sl: 138.595 tp: 136.887 -> sl: 138.583 tp: 136.887
0	04:08:34.305	'23929927': order #190685411 sell 0.10 GBPJPY at 138.636 was modified -> sl: 138.583 tp: 136.887
0	04:08:35.215	Notifications: 'order #190685411 sell 0.10 GBPJPY at 138.636 modified: sl: 138.595 tp: 136.887 -> sl: 138.583 tp: 136.887' sent to 'A37163A9'
0	04:08:37.222	'23929927': modify order #190685411 sell 0.10 GBPJPY at 138.636 sl: 138.583 tp: 136.887 -> sl: 138.573 tp: 136.887
0	04:08:37.554	'23929927': order #190685411 sell 0.10 GBPJPY at 138.636 was modified -> sl: 138.573 tp: 136.887
0	04:08:38.396	Notifications: 'order #190685411 sell 0.10 GBPJPY at 138.636 modified: sl: 138.583 tp: 136.887 -> sl: 138.573 tp: 136.887' sent to 'A37163A9'
0	04:10:16.846	'23929927': modify order #190685411 sell 0.10 GBPJPY at 138.636 sl: 138.573 tp: 136.887 -> sl: 138.562 tp: 136.887
0	04:10:17.580	'23929927': order #190685411 sell 0.10 GBPJPY at 138.636 was modified -> sl: 138.562 tp: 136.887
0	04:10:18.512	Notifications: 'order #190685411 sell 0.10 GBPJPY at 138.636 modified: sl: 138.573 tp: 136.887 -> sl: 138.562 tp: 136.887' sent to 'A37163A9'
0	04:10:24.865	'23929927': modify order #190685411 sell 0.10 GBPJPY at 138.636 sl: 138.562 tp: 136.887 -> sl: 138.543 tp: 136.887
0	04:10:25.211	'23929927': order #190685411 sell 0.10 GBPJPY at 138.636 was modified -> sl: 138.543 tp: 136.887
