1	00:41:45.358	'32195194': connect failed [Compte invalide]
0	05:54:06.666	'27143750': login on AdmiralMarkets-Live through Access Point #6 (ping: 292.28 ms)
0	05:54:16.205	'27143750': login datacenter on AdmiralMarkets-Live through Access Point #6 (ping: 292.28 ms)
0	05:54:16.982	'27143750': previous successful authorization performed from 154.126.33.56
2	05:54:19.658	Custom indicator AIMS Levels V2 [DAX30],H1: loaded successfully
2	05:54:19.784	Custom indicator AIMS Entry Alert V1 [DAX30],H1: loaded successfully
2	05:54:19.834	Custom indicator CandleTimer [DAX30],H1: loaded successfully
2	05:54:19.916	Custom indicator #Signal_Bars_v6 [DAX30],H1: loaded successfully
2	05:54:19.957	Custom indicator TrendEnvelopes_v1 [DAX30],H1: loaded successfully
2	05:54:19.966	Custom indicator guppy_multiple_moving_averages [DAX30],H1: loaded successfully
2	05:54:19.975	Custom indicator wedges [DAX30],H1: loaded successfully
2	05:54:19.985	Custom indicator Admiral Pivot [DAX30],H1: loaded successfully
2	05:54:19.992	Custom indicator AutoTrendChannel [DAX30],H1: loaded successfully
2	05:54:20.034	Custom indicator FRZ Channel Auto Plotter [DAX30],H1: loaded successfully
2	05:54:20.045	Custom indicator FRZ News Indicator MT4 [DAX30],H1: loaded successfully
2	05:54:20.067	Custom indicator Forex Uranus direction [DAX30],H1: loaded successfully
2	05:54:20.076	Custom indicator Quadrilateral [DAX30],H1: loaded successfully
2	05:54:20.139	Custom indicator AIMS AO V.2.1 [DAX30],H1: loaded successfully
2	05:54:20.149	Custom indicator IVT_MACD_ZERO_LAG [DAX30],H1: loaded successfully
2	05:54:20.158	Custom indicator RSI Divergence Levels [DAX30],H1: loaded successfully
2	05:54:20.170	Custom indicator JoeChalhoub_FXForecasterV1 [DAX30],H1: loaded successfully
2	05:54:20.179	Custom indicator TDI-With_Alerts [DAX30],H1: loaded successfully
2	05:54:20.222	Custom indicator FRZ Forex Market Session Indicator [DAX30],H1: loaded successfully
2	05:54:32.745	Custom indicator AIMS Levels V2 [DJI30],H1: loaded successfully
2	05:54:32.841	Custom indicator AIMS Entry Alert V1 [DJI30],H1: loaded successfully
2	05:54:32.847	Custom indicator CandleTimer [DJI30],H1: loaded successfully
2	05:54:32.910	Custom indicator #Signal_Bars_v6 [DJI30],H1: loaded successfully
2	05:54:32.917	Custom indicator TrendEnvelopes_v1 [DJI30],H1: loaded successfully
2	05:54:32.923	Custom indicator guppy_multiple_moving_averages [DJI30],H1: loaded successfully
2	05:54:32.932	Custom indicator wedges [DJI30],H1: loaded successfully
2	05:54:32.940	Custom indicator Admiral Pivot [DJI30],H1: loaded successfully
2	05:54:32.946	Custom indicator AutoTrendChannel [DJI30],H1: loaded successfully
2	05:54:32.954	Custom indicator FRZ Channel Auto Plotter [DJI30],H1: loaded successfully
2	05:54:32.962	Custom indicator FRZ News Indicator MT4 [DJI30],H1: loaded successfully
2	05:54:32.970	Custom indicator Forex Uranus direction [DJI30],H1: loaded successfully
2	05:54:32.979	Custom indicator Quadrilateral [DJI30],H1: loaded successfully
2	05:54:33.041	Custom indicator AIMS AO V.2.1 [DJI30],H1: loaded successfully
2	05:54:33.049	Custom indicator IVT_MACD_ZERO_LAG [DJI30],H1: loaded successfully
2	05:54:33.056	Custom indicator RSI Divergence Levels [DJI30],H1: loaded successfully
2	05:54:33.063	Custom indicator JoeChalhoub_FXForecasterV1 [DJI30],H1: loaded successfully
2	05:54:33.071	Custom indicator TDI-With_Alerts [DJI30],H1: loaded successfully
2	05:54:33.077	Custom indicator FRZ Forex Market Session Indicator [DJI30],H1: loaded successfully
0	05:55:30.345	'27143750': ping to current access point Access Point #6 is 219.68 ms
0	05:58:30.810	System to be shutdown, request for close Admiral Markets
0	05:58:34.348	Admiral Markets build 1320 stopped because system shutdown
0	06:02:20.378	Admiral Markets build 1320 started (Admiral Markets Group AS)
0	06:02:20.378	Windows 10 Pro x64, IE 11, UAC, 8 x Intel Core i7-10510U  @ 1.80GHz, Memory: 3042 / 8014 Mb, Disk: 19 / 237 Gb, GMT+3
0	06:02:20.378	Data Folder: C:\Users\SRIE\AppData\Roaming\MetaQuotes\Terminal\51337600F56B69473E15EAFB8A7586B4
2	06:02:25.038	Custom indicator AIMS Levels V2 [DAX30],H1: loaded successfully
2	06:02:25.147	Custom indicator AIMS Entry Alert V1 [DAX30],H1: loaded successfully
2	06:02:25.147	Custom indicator CandleTimer [DAX30],H1: loaded successfully
2	06:02:25.257	Custom indicator #Signal_Bars_v6 [DAX30],H1: loaded successfully
2	06:02:25.272	Custom indicator TrendEnvelopes_v1 [DAX30],H1: loaded successfully
2	06:02:25.272	Custom indicator guppy_multiple_moving_averages [DAX30],H1: loaded successfully
2	06:02:25.288	Custom indicator wedges [DAX30],H1: loaded successfully
2	06:02:25.304	Custom indicator Admiral Pivot [DAX30],H1: loaded successfully
2	06:02:25.304	Custom indicator AutoTrendChannel [DAX30],H1: loaded successfully
2	06:02:25.319	Custom indicator FRZ Channel Auto Plotter [DAX30],H1: loaded successfully
2	06:02:25.335	Custom indicator FRZ News Indicator MT4 [DAX30],H1: loaded successfully
2	06:02:25.335	Custom indicator Forex Uranus direction [DAX30],H1: loaded successfully
2	06:02:25.350	Custom indicator Quadrilateral [DAX30],H1: loaded successfully
2	06:02:25.444	Custom indicator AIMS AO V.2.1 [DAX30],H1: loaded successfully
2	06:02:25.460	Custom indicator IVT_MACD_ZERO_LAG [DAX30],H1: loaded successfully
2	06:02:25.475	Custom indicator RSI Divergence Levels [DAX30],H1: loaded successfully
2	06:02:25.475	Custom indicator JoeChalhoub_FXForecasterV1 [DAX30],H1: loaded successfully
2	06:02:25.491	Custom indicator TDI-With_Alerts [DAX30],H1: loaded successfully
2	06:02:25.507	Custom indicator FRZ Forex Market Session Indicator [DAX30],H1: loaded successfully
2	06:02:27.474	Custom indicator AIMS Levels V2 [DJI30],H1: loaded successfully
2	06:02:27.567	Custom indicator AIMS Entry Alert V1 [DJI30],H1: loaded successfully
2	06:02:27.583	Custom indicator CandleTimer [DJI30],H1: loaded successfully
2	06:02:27.677	Custom indicator #Signal_Bars_v6 [DJI30],H1: loaded successfully
2	06:02:27.677	Custom indicator TrendEnvelopes_v1 [DJI30],H1: loaded successfully
2	06:02:27.692	Custom indicator guppy_multiple_moving_averages [DJI30],H1: loaded successfully
2	06:02:27.708	Custom indicator wedges [DJI30],H1: loaded successfully
2	06:02:27.724	Custom indicator Admiral Pivot [DJI30],H1: loaded successfully
2	06:02:27.739	Custom indicator AutoTrendChannel [DJI30],H1: loaded successfully
2	06:02:27.739	Custom indicator FRZ Channel Auto Plotter [DJI30],H1: loaded successfully
2	06:02:27.755	Custom indicator FRZ News Indicator MT4 [DJI30],H1: loaded successfully
2	06:02:27.771	Custom indicator Forex Uranus direction [DJI30],H1: loaded successfully
2	06:02:27.771	Custom indicator Quadrilateral [DJI30],H1: loaded successfully
2	06:02:27.864	Custom indicator AIMS AO V.2.1 [DJI30],H1: loaded successfully
2	06:02:27.880	Custom indicator IVT_MACD_ZERO_LAG [DJI30],H1: loaded successfully
2	06:02:27.895	Custom indicator RSI Divergence Levels [DJI30],H1: loaded successfully
2	06:02:27.910	Custom indicator JoeChalhoub_FXForecasterV1 [DJI30],H1: loaded successfully
2	06:02:27.920	Custom indicator TDI-With_Alerts [DJI30],H1: loaded successfully
2	06:02:27.930	Custom indicator FRZ Forex Market Session Indicator [DJI30],H1: loaded successfully
0	06:02:30.807	'27143750': login on AdmiralMarkets-Live through Access Point #6 (ping: 219.68 ms)
0	06:02:32.650	'27143750': login datacenter on AdmiralMarkets-Live through Access Point #6 (ping: 219.68 ms)
0	06:02:33.425	'27143750': previous successful authorization performed from 154.126.99.55
1	06:17:21.732	'27143750': datacenter connecting failed [6]
0	06:17:23.196	'27143750': login on AdmiralMarkets-Live through Access Point #4 (ping: 269.09 ms)
0	06:18:26.970	'27143750': login datacenter on AdmiralMarkets-Live
0	06:18:42.454	'27143750': login on AdmiralMarkets-Live through Access Point #5 (ping: 305.78 ms)
1	06:19:20.864	'27143750': datacenter connecting failed [6]
0	06:19:22.548	'27143750': previous successful authorization performed from 154.126.99.55
0	06:38:00.514	'27143750': login on AdmiralMarkets-Live through Access Point #1 (ping: 318.83 ms)
0	06:38:44.081	'27143750': login datacenter on AdmiralMarkets-Live through Access Point #1 (ping: 318.83 ms)
0	06:38:52.622	'27143750': previous successful authorization performed from 154.126.99.55
1	07:30:46.847	'27143750': ping failed
1	07:30:46.849	'27143750': datacenter connecting failed [6]
0	07:30:47.977	'27143750': login on AdmiralMarkets-Live through Access Point #9 (ping: 338.12 ms)
0	07:30:51.633	'27143750': login datacenter on AdmiralMarkets-Live through Access Point #9 (ping: 338.12 ms)
0	07:30:52.406	'27143750': previous successful authorization performed from 154.126.99.55
0	07:31:48.417	'27143750': auto connecting to a better access point Access Point #6 (ping is 328.04 ms)
0	07:31:53.154	'27143750': login on AdmiralMarkets-Live through Access Point #6 (ping: 328.04 ms)
0	07:31:56.665	'27143750': login datacenter on AdmiralMarkets-Live through Access Point #6 (ping: 328.04 ms)
0	07:31:57.517	'27143750': previous successful authorization performed from 154.126.99.55
1	07:54:36.519	'27143750': ping failed
0	07:54:40.467	'27143750': login datacenter on AdmiralMarkets-Live
0	07:54:42.403	'27143750': login on AdmiralMarkets-Live through Access Point #9 (ping: 307.73 ms)
0	07:54:48.532	'27143750': login datacenter on AdmiralMarkets-Live through Access Point #9 (ping: 307.73 ms)
0	07:54:49.929	'27143750': previous successful authorization performed from 154.126.99.55
0	07:56:32.493	'27143750': login datacenter on AdmiralMarkets-Live
0	07:56:33.741	'27143750': login on AdmiralMarkets-Live through Access Point #1 (ping: 339.50 ms)
0	07:56:35.579	'27143750': login datacenter on AdmiralMarkets-Live through Access Point #1 (ping: 339.50 ms)
0	07:56:36.175	'27143750': previous successful authorization performed from 154.126.99.55
1	08:17:56.801	'27143750': ping failed
1	08:17:56.803	'27143750': datacenter connecting failed [6]
0	08:17:58.946	'27143750': login on AdmiralMarkets-Live through Access Point #4 (ping: 344.17 ms)
0	08:18:13.145	'27143750': login datacenter on AdmiralMarkets-Live through Access Point #4 (ping: 344.17 ms)
0	08:18:18.466	'27143750': previous successful authorization performed from 154.126.99.55
0	09:22:31.276	'27143750': login datacenter on AdmiralMarkets-Live
0	09:22:32.417	'27143750': login on AdmiralMarkets-Live through Access Point #5 (ping: 371.88 ms)
0	09:22:38.601	'27143750': login datacenter on AdmiralMarkets-Live through Access Point #5 (ping: 371.88 ms)
0	09:22:39.353	'27143750': previous successful authorization performed from 154.126.99.55
0	09:23:25.555	'27143750': auto connecting to a better access point Access Point #6 (ping is 205.68 ms)
0	09:23:26.354	'27143750': login on AdmiralMarkets-Live through Access Point #6 (ping: 205.68 ms)
0	09:23:29.878	'27143750': login datacenter on AdmiralMarkets-Live through Access Point #6 (ping: 205.68 ms)
0	09:23:30.429	'27143750': previous successful authorization performed from 154.126.99.55
0	09:28:56.370	'27143750': login datacenter on AdmiralMarkets-Live
0	09:29:08.461	'27143750': login on AdmiralMarkets-Live through Access Point #4 (ping: 204.41 ms)
0	09:30:10.634	'27143750': login datacenter on AdmiralMarkets-Live
0	09:30:17.151	'27143750': login on AdmiralMarkets-Live through Access Point #9 (ping: 198.08 ms)
0	09:30:27.103	'27143750': login datacenter on AdmiralMarkets-Live through Access Point #9 (ping: 198.08 ms)
0	09:30:27.681	'27143750': previous successful authorization performed from 154.126.99.55
0	09:31:02.256	'27143750': ping to current access point Access Point #9 is 367.09 ms
0	09:40:18.859	'27143750': login on AdmiralMarkets-Live through Access Point #5 (ping: 201.57 ms)
0	09:40:29.558	'27143750': login datacenter on AdmiralMarkets-Live through Access Point #5 (ping: 201.57 ms)
0	09:40:30.442	'27143750': previous successful authorization performed from 154.126.99.55
0	14:41:49.031	Admiral Markets build 1320 started (Admiral Markets Group AS)
0	14:41:49.032	Windows 10 Pro x64, IE 11, UAC, 8 x Intel Core i7-10510U  @ 1.80GHz, Memory: 2299 / 8014 Mb, Disk: 19 / 237 Gb, GMT+3
0	14:41:49.032	Data Folder: C:\Users\SRIE\AppData\Roaming\MetaQuotes\Terminal\51337600F56B69473E15EAFB8A7586B4
2	14:42:01.627	Custom indicator AIMS Levels V2 [DAX30],H1: loaded successfully
2	14:42:01.952	Custom indicator AIMS Entry Alert V1 [DAX30],H1: loaded successfully
2	14:42:01.983	Custom indicator CandleTimer [DAX30],H1: loaded successfully
2	14:42:02.307	Custom indicator #Signal_Bars_v6 [DAX30],H1: loaded successfully
2	14:42:02.355	Custom indicator TrendEnvelopes_v1 [DAX30],H1: loaded successfully
2	14:42:02.382	Custom indicator guppy_multiple_moving_averages [DAX30],H1: loaded successfully
2	14:42:02.416	Custom indicator wedges [DAX30],H1: loaded successfully
2	14:42:02.433	Custom indicator Admiral Pivot [DAX30],H1: loaded successfully
2	14:42:02.461	Custom indicator AutoTrendChannel [DAX30],H1: loaded successfully
2	14:42:02.490	Custom indicator FRZ Channel Auto Plotter [DAX30],H1: loaded successfully
2	14:42:02.528	Custom indicator FRZ News Indicator MT4 [DAX30],H1: loaded successfully
2	14:42:02.557	Custom indicator Forex Uranus direction [DAX30],H1: loaded successfully
2	14:42:02.584	Custom indicator Quadrilateral [DAX30],H1: loaded successfully
2	14:42:02.772	Custom indicator AIMS AO V.2.1 [DAX30],H1: loaded successfully
2	14:42:02.794	Custom indicator IVT_MACD_ZERO_LAG [DAX30],H1: loaded successfully
2	14:42:02.816	Custom indicator RSI Divergence Levels [DAX30],H1: loaded successfully
2	14:42:02.847	Custom indicator JoeChalhoub_FXForecasterV1 [DAX30],H1: loaded successfully
2	14:42:02.872	Custom indicator TDI-With_Alerts [DAX30],H1: loaded successfully
2	14:42:02.900	Custom indicator FRZ Forex Market Session Indicator [DAX30],H1: loaded successfully
2	14:42:08.352	Custom indicator AIMS Levels V2 [DJI30],H1: loaded successfully
2	14:42:08.498	Custom indicator AIMS Entry Alert V1 [DJI30],H1: loaded successfully
2	14:42:08.510	Custom indicator CandleTimer [DJI30],H1: loaded successfully
2	14:42:08.690	Custom indicator #Signal_Bars_v6 [DJI30],H1: loaded successfully
2	14:42:08.708	Custom indicator TrendEnvelopes_v1 [DJI30],H1: loaded successfully
2	14:42:08.728	Custom indicator guppy_multiple_moving_averages [DJI30],H1: loaded successfully
2	14:42:08.741	Custom indicator wedges [DJI30],H1: loaded successfully
2	14:42:08.761	Custom indicator Admiral Pivot [DJI30],H1: loaded successfully
2	14:42:08.779	Custom indicator AutoTrendChannel [DJI30],H1: loaded successfully
2	14:42:08.793	Custom indicator FRZ Channel Auto Plotter [DJI30],H1: loaded successfully
2	14:42:08.818	Custom indicator FRZ News Indicator MT4 [DJI30],H1: loaded successfully
2	14:42:08.843	Custom indicator Forex Uranus direction [DJI30],H1: loaded successfully
2	14:42:08.862	Custom indicator Quadrilateral [DJI30],H1: loaded successfully
2	14:42:09.045	Custom indicator AIMS AO V.2.1 [DJI30],H1: loaded successfully
2	14:42:09.059	Custom indicator IVT_MACD_ZERO_LAG [DJI30],H1: loaded successfully
2	14:42:09.076	Custom indicator RSI Divergence Levels [DJI30],H1: loaded successfully
2	14:42:09.093	Custom indicator JoeChalhoub_FXForecasterV1 [DJI30],H1: loaded successfully
2	14:42:09.110	Custom indicator TDI-With_Alerts [DJI30],H1: loaded successfully
2	14:42:09.128	Custom indicator FRZ Forex Market Session Indicator [DJI30],H1: loaded successfully
0	14:42:14.632	'27143750': login on AdmiralMarkets-Live through Access Point #5 (ping: 201.57 ms)
0	14:42:17.646	'27143750': login datacenter on AdmiralMarkets-Live through Access Point #5 (ping: 201.57 ms)
0	14:42:19.842	'27143750': previous successful authorization performed from 154.126.99.55
0	14:43:46.330	'27143750': ping to current access point Access Point #5 is 230.00 ms
1	14:44:18.604	'27143750': datacenter connecting failed [6]
0	14:44:24.308	'27143750': login on AdmiralMarkets-Live through Access Point #1 (ping: 264.58 ms)
0	14:44:42.447	'27143750': login datacenter on AdmiralMarkets-Live through Access Point #1 (ping: 264.58 ms)
0	14:44:44.398	'27143750': previous successful authorization performed from 154.126.99.55
1	14:46:10.246	'27143750': datacenter connecting failed [6]
0	14:46:16.758	'27143750': login on AdmiralMarkets-Live through Access Point #6 (ping: 283.87 ms)
1	14:47:38.289	'27143750': datacenter connecting failed [6]
0	14:47:46.163	'27143750': login on AdmiralMarkets-Live through Access Point #9 (ping: 347.00 ms)
0	14:48:46.848	'27143750': login datacenter on AdmiralMarkets-Live
0	14:48:55.519	'27143750': ping to current access point Access Point #8 is 711.84 ms
0	14:48:56.239	'27143750': login on AdmiralMarkets-Live through Access Point #8 (ping: 711.84 ms)
0	14:49:04.294	'27143750': login datacenter on AdmiralMarkets-Live through Access Point #8 (ping: 711.84 ms)
0	14:49:10.868	'27143750': previous successful authorization performed from 154.126.99.55
0	14:51:02.205	'27143750': login datacenter on AdmiralMarkets-Live
0	14:51:03.634	'27143750': login on AdmiralMarkets-Live through Access Point #6 (ping: 222.71 ms)
0	14:51:05.745	'27143750': login datacenter on AdmiralMarkets-Live through Access Point #6 (ping: 222.71 ms)
0	14:51:06.573	'27143750': previous successful authorization performed from 154.126.99.55
0	14:51:30.095	'27143750': order sell market 0.50 [DAX30] sl: 0.00 tp: 0.00
0	14:51:30.844	'27143750': order was opened : #76340602 sell 0.50 [DAX30] at 13222.82 sl: 0.00 tp: 0.00
0	14:51:36.270	'27143750': modify order #76340602 sell 0.50 [DAX30] at 13222.82 sl: 0.00 tp: 0.00 -> sl: 13233.65 tp: 0.00
0	14:51:36.605	'27143750': order #76340602 sell 0.50 [DAX30] at 13222.82 was modified -> sl: 13233.65 tp: 0.00
0	14:51:40.215	'27143750': modify order #76340602 sell 0.50 [DAX30] at 13222.82 sl: 13233.65 tp: 0.00 -> sl: 13244.72 tp: 0.00
0	14:51:40.584	'27143750': order #76340602 sell 0.50 [DAX30] at 13222.82 was modified -> sl: 13244.72 tp: 0.00
0	14:51:59.158	'27143750': modify order #76340602 sell 0.50 [DAX30] at 13222.82 sl: 13244.72 tp: 0.00 -> sl: 13247.88 tp: 0.00
0	14:51:59.522	'27143750': order #76340602 sell 0.50 [DAX30] at 13222.82 was modified -> sl: 13247.88 tp: 0.00
0	14:52:35.921	'27143750': login on AdmiralMarkets-Live through Access Point #6 (ping: 222.71 ms)
0	14:52:38.009	'27143750': login datacenter on AdmiralMarkets-Live through Access Point #6 (ping: 222.71 ms)
0	14:52:38.991	'27143750': previous successful authorization performed from 154.126.12.49
2	14:53:03.642	Expert Admiral - Trade Terminal [DAX30],M1: loaded successfully
2	14:53:39.129	Custom indicator AIMS Levels V2 [DAX30],H1: loaded successfully
2	14:53:39.272	Custom indicator AIMS Entry Alert V1 [DAX30],H1: loaded successfully
2	14:53:39.282	Custom indicator CandleTimer [DAX30],H1: loaded successfully
2	14:53:39.391	Custom indicator #Signal_Bars_v6 [DAX30],H1: loaded successfully
2	14:53:39.402	Custom indicator TrendEnvelopes_v1 [DAX30],H1: loaded successfully
2	14:53:39.414	Custom indicator guppy_multiple_moving_averages [DAX30],H1: loaded successfully
2	14:53:39.433	Custom indicator wedges [DAX30],H1: loaded successfully
2	14:53:39.457	Custom indicator Admiral Pivot [DAX30],H1: loaded successfully
2	14:53:39.480	Custom indicator AutoTrendChannel [DAX30],H1: loaded successfully
2	14:53:39.502	Custom indicator FRZ Channel Auto Plotter [DAX30],H1: loaded successfully
2	14:53:39.528	Custom indicator FRZ News Indicator MT4 [DAX30],H1: loaded successfully
2	14:53:39.542	Custom indicator Forex Uranus direction [DAX30],H1: loaded successfully
2	14:53:39.556	Custom indicator Quadrilateral [DAX30],H1: loaded successfully
2	14:53:39.662	Custom indicator AIMS AO V.2.1 [DAX30],H1: loaded successfully
2	14:53:39.672	Custom indicator IVT_MACD_ZERO_LAG [DAX30],H1: loaded successfully
2	14:53:39.684	Custom indicator RSI Divergence Levels [DAX30],H1: loaded successfully
2	14:53:39.696	Custom indicator JoeChalhoub_FXForecasterV1 [DAX30],H1: loaded successfully
2	14:53:39.707	Custom indicator TDI-With_Alerts [DAX30],H1: loaded successfully
2	14:53:39.719	Custom indicator FRZ Forex Market Session Indicator [DAX30],H1: loaded successfully
0	14:55:06.141	'27143750': modify order #76340602 sell 0.50 [DAX30] at 13222.82 sl: 13247.88 tp: 0.00 -> sl: 13216.26 tp: 0.00
0	14:55:10.185	'27143750': order #76340602 sell 0.50 [DAX30] at 13222.82 was modified -> sl: 13216.26 tp: 0.00
2	14:55:18.008	Expert Admiral - Mini Terminal [DAX30],M1: loaded successfully
0	14:56:18.373	'27143750': order #76340602 sell 0.50 [DAX30] at 13222.82 closed due stop-loss at price 13224.07
1	14:56:27.408	'27143750': datacenter connecting failed [6]
0	14:56:28.632	'27143750': login on AdmiralMarkets-Live through Access Point #1 (ping: 239.83 ms)
0	14:56:30.963	'27143750': login datacenter on AdmiralMarkets-Live through Access Point #1 (ping: 239.83 ms)
0	14:56:31.839	'27143750': previous successful authorization performed from 154.126.99.55
0	15:00:06.473	'27143750': order sell market 0.50 [DAX30] sl: 0.00 tp: 0.00
0	15:00:34.350	'27143750': order was opened : #76341271 sell 0.50 [DAX30] at 13230.19 sl: 0.00 tp: 0.00
0	15:00:41.598	'27143750': modify order #76341271 sell 0.50 [DAX30] at 13230.19 sl: 0.00 tp: 0.00 -> sl: 13232.82 tp: 0.00
1	15:00:44.086	'27143750': modification of order #76341271 sell 0.50 [DAX30] at 13230.19 sl: 0.00 tp: 0.00 -> sl: 13232.82 tp: 0.00 failed [Invalid S/L or T/P]
1	15:02:48.380	'27143750': datacenter connecting failed [6]
0	15:03:05.274	'27143750': login on AdmiralMarkets-Live through Access Point #7 (ping: 703.13 ms)
0	15:03:11.224	'27143750': login datacenter on AdmiralMarkets-Live through Access Point #7 (ping: 703.13 ms)
0	15:03:12.581	'27143750': previous successful authorization performed from 154.126.12.106
1	15:43:47.943	'27143750': datacenter connecting failed [6]
0	15:43:49.194	'27143750': login on AdmiralMarkets-Live through Access Point #4 (ping: 1971.36 ms)
0	15:43:53.039	'27143750': login datacenter on AdmiralMarkets-Live through Access Point #4 (ping: 1971.36 ms)
0	15:43:54.367	'27143750': previous successful authorization performed from 154.126.11.158
1	15:48:54.946	'27143750': ping failed
0	15:48:55.912	'27143750': login on AdmiralMarkets-Live through Access Point #4 (ping: 1971.36 ms)
0	15:48:58.410	'27143750': login datacenter on AdmiralMarkets-Live through Access Point #4 (ping: 1971.36 ms)
0	15:48:59.625	'27143750': previous successful authorization performed from 154.126.99.55
0	15:49:24.830	'27143750': ping to current access point Access Point #4 is 197.87 ms
0	15:50:09.610	'27143750': order #76341271 sell 0.50 [DAX30] at 13230.19 closed due stop-loss at price 13260.17
0	16:00:16.123	'27143750': order sell market 0.50 [DAX30] sl: 0.00 tp: 0.00
0	16:00:30.268	'27143750': order was opened : #76345336 sell 0.50 [DAX30] at 13217.72 sl: 0.00 tp: 0.00
0	16:00:44.555	'27143750': modify order #76345336 sell 0.50 [DAX30] at 13217.72 sl: 0.00 tp: 0.00 -> sl: 13251.42 tp: 0.00
0	16:01:33.998	'27143750': order #76345336 sell 0.50 [DAX30] at 13217.72 was modified -> sl: 13251.42 tp: 0.00
1	16:03:24.340	'27143750': datacenter connecting failed [6]
0	16:03:34.393	'27143750': login on AdmiralMarkets-Live through Access Point #5 (ping: 199.20 ms)
0	16:04:41.154	'27143750': login datacenter on AdmiralMarkets-Live
0	16:04:49.648	'27143750': login on AdmiralMarkets-Live through Access Point #9 (ping: 204.50 ms)
0	16:05:00.308	'27143750': login datacenter on AdmiralMarkets-Live through Access Point #9 (ping: 204.50 ms)
0	16:05:02.433	'27143750': previous successful authorization performed from 154.126.11.174
0	16:06:23.275	'27143750': ping to current access point Access Point #9 is 227.47 ms
0	16:07:49.992	'27143750': modify order #76345336 sell 0.50 [DAX30] at 13217.72 sl: 13251.42 tp: 0.00 -> sl: 13217.62 tp: 0.00
0	16:07:52.492	'27143750': order #76345336 sell 0.50 [DAX30] at 13217.72 was modified -> sl: 13217.62 tp: 0.00
0	16:13:08.833	'27143750': close order #76345336 sell 0.20 [DAX30] at 13217.72 sl: 13217.62 tp: 0.00 at price 0.00
0	16:13:18.612	'27143750': order #76345336 sell 0.20 [DAX30] at 13217.72 sl: 13217.62 tp: 0.00 closed at price 13190.48
0	16:13:18.612	'27143750': remainder of order #76345336 was opened : #76346317 sell 0.30 [DAX30] at 13217.72 sl: 13217.62 tp: 0.00
0	16:13:43.684	'27143750': modify order #76346317 sell 0.30 [DAX30] at 13217.72 sl: 13217.62 tp: 0.00 -> sl: 13203.22 tp: 0.00
0	16:13:53.710	'27143750': order #76346317 sell 0.30 [DAX30] at 13217.72 was modified -> sl: 13203.22 tp: 0.00
1	16:14:35.459	'27143750': datacenter connecting failed [6]
1	16:14:46.770	'27143750': connect failed [Connection échouée]
0	16:14:53.924	'27143750': login on AdmiralMarkets-Live through Access Point #4 (ping: 236.51 ms)
0	16:14:59.656	'27143750': login datacenter on AdmiralMarkets-Live through Access Point #4 (ping: 236.51 ms)
0	16:15:03.042	'27143750': previous successful authorization performed from 154.126.99.55
0	16:16:00.347	'27143750': modify order #76346317 sell 0.30 [DAX30] at 13217.72 sl: 13203.22 tp: 0.00 -> sl: 13196.57 tp: 0.00
0	16:16:20.289	'27143750': modify order #76346317 sell 0.30 [DAX30] at 13217.72 sl: 13203.22 tp: 0.00 -> sl: 13195.46 tp: 0.00
0	16:16:43.784	'27143750': modify order #76346317 sell 0.30 [DAX30] at 13217.72 sl: 13203.22 tp: 0.00 -> sl: 13189.36 tp: 0.00
0	16:16:55.149	'27143750': order #76346317 sell 0.30 [DAX30] at 13217.72 was modified -> sl: 13196.57 tp: 0.00
0	16:16:55.150	'27143750': order #76346317 sell 0.30 [DAX30] at 13217.72 was modified -> sl: 13195.46 tp: 0.00
0	16:16:55.151	'27143750': order #76346317 sell 0.30 [DAX30] at 13217.72 was modified -> sl: 13189.36 tp: 0.00
0	16:18:15.153	'27143750': modify order #76346317 sell 0.30 [DAX30] at 13217.72 sl: 13189.36 tp: 0.00 -> sl: 13183.82 tp: 0.00
0	16:18:15.508	'27143750': order #76346317 sell 0.30 [DAX30] at 13217.72 was modified -> sl: 13183.82 tp: 0.00
0	16:18:22.627	'27143750': modify order #76346317 sell 0.30 [DAX30] at 13217.72 sl: 13183.82 tp: 0.00 -> sl: 13177.17 tp: 0.00
0	16:18:23.068	'27143750': order #76346317 sell 0.30 [DAX30] at 13217.72 was modified -> sl: 13177.17 tp: 0.00
0	16:18:25.950	'27143750': order #76346317 sell 0.30 [DAX30] at 13217.72 closed due stop-loss at price 13177.18
1	16:21:03.868	'27143750': datacenter connecting failed [6]
0	16:21:07.860	'27143750': login on AdmiralMarkets-Live through Access Point #1 (ping: 246.13 ms)
0	16:21:15.507	'27143750': login datacenter on AdmiralMarkets-Live through Access Point #1 (ping: 246.13 ms)
0	16:21:19.425	'27143750': previous successful authorization performed from 154.126.99.55
1	16:24:42.725	'27143750': datacenter connecting failed [6]
0	16:24:43.836	'27143750': login on AdmiralMarkets-Live through Access Point #5 (ping: 292.09 ms)
0	16:24:51.537	'27143750': login datacenter on AdmiralMarkets-Live through Access Point #5 (ping: 292.09 ms)
0	16:24:53.392	'27143750': previous successful authorization performed from 154.126.99.55
2	16:47:08.640	Expert Admiral - Trade Terminal [DAX30],M1: removed
2	16:47:08.644	Custom indicator AIMS Levels V2 [DAX30],M1: removed
2	16:47:08.645	Custom indicator AIMS Entry Alert V1 [DAX30],M1: removed
2	16:47:08.647	Custom indicator CandleTimer [DAX30],M1: removed
2	16:47:08.647	Custom indicator #Signal_Bars_v6 [DAX30],M1: removed
2	16:47:08.647	Custom indicator TrendEnvelopes_v1 [DAX30],M1: removed
2	16:47:08.652	Custom indicator guppy_multiple_moving_averages [DAX30],M1: removed
2	16:47:08.655	Custom indicator wedges [DAX30],M1: removed
2	16:47:08.658	Custom indicator Admiral Pivot [DAX30],M1: removed
2	16:47:08.658	Custom indicator AutoTrendChannel [DAX30],M1: removed
2	16:47:08.658	Custom indicator FRZ Channel Auto Plotter [DAX30],M1: removed
2	16:47:08.658	Custom indicator FRZ News Indicator MT4 [DAX30],M1: removed
2	16:47:08.667	Custom indicator Forex Uranus direction [DAX30],M1: removed
2	16:47:08.670	Custom indicator Quadrilateral [DAX30],M1: removed
2	16:47:08.670	Custom indicator AIMS AO V.2.1 [DAX30],M1: removed
2	16:47:08.672	Custom indicator IVT_MACD_ZERO_LAG [DAX30],M1: removed
2	16:47:08.672	Custom indicator RSI Divergence Levels [DAX30],M1: removed
2	16:47:08.680	Custom indicator JoeChalhoub_FXForecasterV1 [DAX30],M1: removed
2	16:47:08.681	Custom indicator TDI-With_Alerts [DAX30],M1: removed
2	16:47:08.687	Custom indicator FRZ Forex Market Session Indicator [DAX30],M1: removed
2	16:47:50.568	Custom indicator AIMS Levels V2 [DAX30],M5: loaded successfully
2	16:47:50.768	Custom indicator AIMS Entry Alert V1 [DAX30],M5: loaded successfully
2	16:47:50.788	Custom indicator CandleTimer [DAX30],M5: loaded successfully
2	16:47:50.916	Custom indicator #Signal_Bars_v6 [DAX30],M5: loaded successfully
2	16:47:50.924	Custom indicator TrendEnvelopes_v1 [DAX30],M5: loaded successfully
2	16:47:50.932	Custom indicator guppy_multiple_moving_averages [DAX30],M5: loaded successfully
2	16:47:50.940	Custom indicator wedges [DAX30],M5: loaded successfully
2	16:47:50.949	Custom indicator Admiral Pivot [DAX30],M5: loaded successfully
2	16:47:50.958	Custom indicator AutoTrendChannel [DAX30],M5: loaded successfully
2	16:47:50.966	Custom indicator FRZ Channel Auto Plotter [DAX30],M5: loaded successfully
2	16:47:50.982	Custom indicator FRZ News Indicator MT4 [DAX30],M5: loaded successfully
2	16:47:50.991	Custom indicator Forex Uranus direction [DAX30],M5: loaded successfully
2	16:47:50.999	Custom indicator Quadrilateral [DAX30],M5: loaded successfully
2	16:47:51.089	Custom indicator AIMS AO V.2.1 [DAX30],M5: loaded successfully
2	16:47:51.098	Custom indicator IVT_MACD_ZERO_LAG [DAX30],M5: loaded successfully
2	16:47:51.101	Custom indicator RSI Divergence Levels [DAX30],M5: loaded successfully
2	16:47:51.117	Custom indicator JoeChalhoub_FXForecasterV1 [DAX30],M5: loaded successfully
2	16:47:51.125	Custom indicator TDI-With_Alerts [DAX30],M5: loaded successfully
2	16:47:51.135	Custom indicator FRZ Forex Market Session Indicator [DAX30],M5: loaded successfully
2	16:48:24.561	Custom indicator AIMS Levels V2 [DJI30],M5: loaded successfully
2	16:48:24.657	Custom indicator AIMS Entry Alert V1 [DJI30],M5: loaded successfully
2	16:48:24.665	Custom indicator CandleTimer [DJI30],M5: loaded successfully
2	16:48:24.801	Custom indicator #Signal_Bars_v6 [DJI30],M5: loaded successfully
2	16:48:24.810	Custom indicator TrendEnvelopes_v1 [DJI30],M5: loaded successfully
2	16:48:24.824	Custom indicator guppy_multiple_moving_averages [DJI30],M5: loaded successfully
2	16:48:24.834	Custom indicator wedges [DJI30],M5: loaded successfully
2	16:48:24.841	Custom indicator Admiral Pivot [DJI30],M5: loaded successfully
2	16:48:24.850	Custom indicator AutoTrendChannel [DJI30],M5: loaded successfully
2	16:48:24.863	Custom indicator FRZ Channel Auto Plotter [DJI30],M5: loaded successfully
2	16:48:24.873	Custom indicator FRZ News Indicator MT4 [DJI30],M5: loaded successfully
2	16:48:24.883	Custom indicator Forex Uranus direction [DJI30],M5: loaded successfully
2	16:48:24.893	Custom indicator Quadrilateral [DJI30],M5: loaded successfully
2	16:48:24.981	Custom indicator AIMS AO V.2.1 [DJI30],M5: loaded successfully
2	16:48:24.991	Custom indicator IVT_MACD_ZERO_LAG [DJI30],M5: loaded successfully
2	16:48:25.006	Custom indicator RSI Divergence Levels [DJI30],M5: loaded successfully
2	16:48:25.011	Custom indicator JoeChalhoub_FXForecasterV1 [DJI30],M5: loaded successfully
2	16:48:25.020	Custom indicator TDI-With_Alerts [DJI30],M5: loaded successfully
2	16:48:25.031	Custom indicator FRZ Forex Market Session Indicator [DJI30],M5: loaded successfully
2	16:50:17.243	Custom indicator AIMS Levels V2 [DAX30],M15: loaded successfully
2	16:50:17.332	Custom indicator AIMS Entry Alert V1 [DAX30],M15: loaded successfully
2	16:50:17.341	Custom indicator CandleTimer [DAX30],M15: loaded successfully
2	16:50:17.430	Custom indicator #Signal_Bars_v6 [DAX30],M15: loaded successfully
2	16:50:17.439	Custom indicator TrendEnvelopes_v1 [DAX30],M15: loaded successfully
2	16:50:17.449	Custom indicator guppy_multiple_moving_averages [DAX30],M15: loaded successfully
2	16:50:17.456	Custom indicator wedges [DAX30],M15: loaded successfully
2	16:50:17.467	Custom indicator Admiral Pivot [DAX30],M15: loaded successfully
2	16:50:17.469	Custom indicator AutoTrendChannel [DAX30],M15: loaded successfully
2	16:50:17.486	Custom indicator FRZ Channel Auto Plotter [DAX30],M15: loaded successfully
2	16:50:17.498	Custom indicator FRZ News Indicator MT4 [DAX30],M15: loaded successfully
2	16:50:17.507	Custom indicator Forex Uranus direction [DAX30],M15: loaded successfully
2	16:50:17.516	Custom indicator Quadrilateral [DAX30],M15: loaded successfully
2	16:50:17.615	Custom indicator AIMS AO V.2.1 [DAX30],M15: loaded successfully
2	16:50:17.624	Custom indicator IVT_MACD_ZERO_LAG [DAX30],M15: loaded successfully
2	16:50:17.632	Custom indicator RSI Divergence Levels [DAX30],M15: loaded successfully
2	16:50:17.640	Custom indicator JoeChalhoub_FXForecasterV1 [DAX30],M15: loaded successfully
2	16:50:17.650	Custom indicator TDI-With_Alerts [DAX30],M15: loaded successfully
2	16:50:17.668	Custom indicator FRZ Forex Market Session Indicator [DAX30],M15: loaded successfully
2	16:50:51.712	Custom indicator AIMS Levels V2 [DJI30],M15: loaded successfully
2	16:50:51.797	Custom indicator AIMS Entry Alert V1 [DJI30],M15: loaded successfully
2	16:50:51.803	Custom indicator CandleTimer [DJI30],M15: loaded successfully
2	16:50:51.889	Custom indicator #Signal_Bars_v6 [DJI30],M15: loaded successfully
2	16:50:51.897	Custom indicator TrendEnvelopes_v1 [DJI30],M15: loaded successfully
2	16:50:51.905	Custom indicator guppy_multiple_moving_averages [DJI30],M15: loaded successfully
2	16:50:51.918	Custom indicator wedges [DJI30],M15: loaded successfully
2	16:50:51.928	Custom indicator Admiral Pivot [DJI30],M15: loaded successfully
2	16:50:51.936	Custom indicator AutoTrendChannel [DJI30],M15: loaded successfully
2	16:50:51.941	Custom indicator FRZ Channel Auto Plotter [DJI30],M15: loaded successfully
2	16:50:51.951	Custom indicator FRZ News Indicator MT4 [DJI30],M15: loaded successfully
2	16:50:51.961	Custom indicator Forex Uranus direction [DJI30],M15: loaded successfully
2	16:50:51.978	Custom indicator Quadrilateral [DJI30],M15: loaded successfully
2	16:50:52.143	Custom indicator AIMS AO V.2.1 [DJI30],M15: loaded successfully
2	16:50:52.169	Custom indicator IVT_MACD_ZERO_LAG [DJI30],M15: loaded successfully
2	16:50:52.187	Custom indicator RSI Divergence Levels [DJI30],M15: loaded successfully
2	16:50:52.203	Custom indicator JoeChalhoub_FXForecasterV1 [DJI30],M15: loaded successfully
2	16:50:52.212	Custom indicator TDI-With_Alerts [DJI30],M15: loaded successfully
2	16:50:52.220	Custom indicator FRZ Forex Market Session Indicator [DJI30],M15: loaded successfully
2	16:51:01.984	Expert Admiral - Mini Terminal [DJI30],M15: loaded successfully
2	16:51:10.856	Expert Admiral - Mini Terminal [DAX30],M15: loaded successfully
2	16:51:21.878	Expert Admiral - Mini Terminal [DJI30],M5: loaded successfully
2	16:51:30.731	Expert Admiral - Mini Terminal [DAX30],M5: loaded successfully
2	16:51:46.213	Expert Admiral - Mini Terminal [DJI30],M1: loaded successfully
0	16:55:43.485	'27143750': order buy market 0.10 [DAX30] sl: 0.00 tp: 0.00
0	16:55:44.229	'27143750': order was opened : #76350271 buy 0.10 [DAX30] at 13221.01 sl: 0.00 tp: 0.00
0	16:55:49.278	'27143750': modify order #76350271 buy 0.10 [DAX30] at 13221.01 sl: 0.00 tp: 0.00 -> sl: 13169.49 tp: 0.00
0	16:55:50.310	'27143750': order #76350271 buy 0.10 [DAX30] at 13221.01 was modified -> sl: 13169.49 tp: 0.00
0	16:56:31.268	'27143750': modify order #76350271 buy 0.10 [DAX30] at 13221.01 sl: 13169.49 tp: 0.00 -> sl: 13169.49 tp: 13369.45
0	16:56:31.941	'27143750': order #76350271 buy 0.10 [DAX30] at 13221.01 was modified -> sl: 13169.49 tp: 13369.45
0	16:57:22.712	'27143750': modify order #76350271 buy 0.10 [DAX30] at 13221.01 sl: 13169.49 tp: 13369.45 -> sl: 13169.49 tp: 13221.01
0	16:57:23.058	'27143750': order #76350271 buy 0.10 [DAX30] at 13221.01 was modified -> sl: 13169.49 tp: 13221.01
0	16:59:02.401	'27143750': modify order #76350271 buy 0.10 [DAX30] at 13221.01 sl: 13169.49 tp: 13221.01 -> sl: 13169.49 tp: 13239.49
0	16:59:02.745	'27143750': order #76350271 buy 0.10 [DAX30] at 13221.01 was modified -> sl: 13169.49 tp: 13239.49
0	16:59:37.291	'27143750': modify order #76350271 buy 0.10 [DAX30] at 13221.01 sl: 13169.49 tp: 13239.49 -> sl: 13204.88 tp: 13239.49
0	16:59:37.647	'27143750': order #76350271 buy 0.10 [DAX30] at 13221.01 was modified -> sl: 13204.88 tp: 13239.49
0	17:00:23.526	'27143750': order #76350271 buy 0.10 [DAX30] at 13221.01 closed due stop-loss at price 13204.87
2	17:24:12.853	Custom indicator AIMS Levels V2 GBPUSD,M5: loaded successfully
2	17:24:12.955	Custom indicator AIMS Entry Alert V1 GBPUSD,M5: loaded successfully
2	17:24:12.963	Custom indicator CandleTimer GBPUSD,M5: loaded successfully
2	17:24:13.060	Custom indicator #Signal_Bars_v6 GBPUSD,M5: loaded successfully
2	17:24:13.077	Custom indicator TrendEnvelopes_v1 GBPUSD,M5: loaded successfully
2	17:24:13.088	Custom indicator guppy_multiple_moving_averages GBPUSD,M5: loaded successfully
2	17:24:13.096	Custom indicator wedges GBPUSD,M5: loaded successfully
2	17:24:13.115	Custom indicator Admiral Pivot GBPUSD,M5: loaded successfully
2	17:24:13.127	Custom indicator AutoTrendChannel GBPUSD,M5: loaded successfully
2	17:24:13.151	Custom indicator FRZ Channel Auto Plotter GBPUSD,M5: loaded successfully
2	17:24:13.174	Custom indicator FRZ News Indicator MT4 GBPUSD,M5: loaded successfully
2	17:24:13.189	Custom indicator Forex Uranus direction GBPUSD,M5: loaded successfully
2	17:24:13.215	Custom indicator Quadrilateral GBPUSD,M5: loaded successfully
2	17:24:13.304	Custom indicator AIMS AO V.2.1 GBPUSD,M5: loaded successfully
2	17:24:13.312	Custom indicator IVT_MACD_ZERO_LAG GBPUSD,M5: loaded successfully
2	17:24:13.321	Custom indicator RSI Divergence Levels GBPUSD,M5: loaded successfully
2	17:24:13.338	Custom indicator JoeChalhoub_FXForecasterV1 GBPUSD,M5: loaded successfully
2	17:24:13.347	Custom indicator TDI-With_Alerts GBPUSD,M5: loaded successfully
2	17:24:13.360	Custom indicator FRZ Forex Market Session Indicator GBPUSD,M5: loaded successfully
2	17:26:56.986	Custom indicator AIMS Levels V2 AUDJPY,M15: loaded successfully
2	17:26:57.076	Custom indicator AIMS Entry Alert V1 AUDJPY,M15: loaded successfully
2	17:26:57.086	Custom indicator CandleTimer AUDJPY,M15: loaded successfully
2	17:26:57.192	Custom indicator #Signal_Bars_v6 AUDJPY,M15: loaded successfully
2	17:26:57.203	Custom indicator TrendEnvelopes_v1 AUDJPY,M15: loaded successfully
2	17:26:57.213	Custom indicator guppy_multiple_moving_averages AUDJPY,M15: loaded successfully
2	17:26:57.215	Custom indicator wedges AUDJPY,M15: loaded successfully
2	17:26:57.226	Custom indicator Admiral Pivot AUDJPY,M15: loaded successfully
2	17:26:57.239	Custom indicator AutoTrendChannel AUDJPY,M15: loaded successfully
2	17:26:57.244	Custom indicator FRZ Channel Auto Plotter AUDJPY,M15: loaded successfully
2	17:26:57.260	Custom indicator FRZ News Indicator MT4 AUDJPY,M15: loaded successfully
2	17:26:57.262	Custom indicator Forex Uranus direction AUDJPY,M15: loaded successfully
2	17:26:57.280	Custom indicator Quadrilateral AUDJPY,M15: loaded successfully
2	17:26:57.367	Custom indicator AIMS AO V.2.1 AUDJPY,M15: loaded successfully
2	17:26:57.370	Custom indicator IVT_MACD_ZERO_LAG AUDJPY,M15: loaded successfully
2	17:26:57.382	Custom indicator RSI Divergence Levels AUDJPY,M15: loaded successfully
2	17:26:57.392	Custom indicator JoeChalhoub_FXForecasterV1 AUDJPY,M15: loaded successfully
2	17:26:57.401	Custom indicator TDI-With_Alerts AUDJPY,M15: loaded successfully
2	17:26:57.409	Custom indicator FRZ Forex Market Session Indicator AUDJPY,M15: loaded successfully
0	17:45:42.162	'27143750': order sell market 0.02 GBPUSD sl: 0.00000 tp: 0.00000
0	17:45:42.645	'27143750': order was opened : #76354918 sell 0.02 GBPUSD at 1.33084 sl: 0.00000 tp: 0.00000
0	17:45:50.142	'27143750': modify order #76354918 sell 0.02 GBPUSD at 1.33084 sl: 0.00000 tp: 0.00000 -> sl: 1.33323 tp: 0.00000
0	17:45:50.443	'27143750': order #76354918 sell 0.02 GBPUSD at 1.33084 was modified -> sl: 1.33323 tp: 0.00000
0	17:45:58.469	'27143750': modify order #76354918 sell 0.02 GBPUSD at 1.33084 sl: 1.33323 tp: 0.00000 -> sl: 1.33307 tp: 0.00000
0	17:45:58.770	'27143750': order #76354918 sell 0.02 GBPUSD at 1.33084 was modified -> sl: 1.33307 tp: 0.00000
0	17:46:10.616	'27143750': modify order #76354918 sell 0.02 GBPUSD at 1.33084 sl: 1.33307 tp: 0.00000 -> sl: 1.33082 tp: 0.00000
0	17:46:10.910	'27143750': order #76354918 sell 0.02 GBPUSD at 1.33084 was modified -> sl: 1.33082 tp: 0.00000
0	17:47:04.815	'27143750': order #76354918 sell 0.02 GBPUSD at 1.33084 closed due stop-loss at price 1.33082
0	17:48:37.242	'27143750': order sell market 0.30 [DJI30] sl: 0.00 tp: 0.00
0	17:48:38.507	'27143750': order was opened : #76355178 sell 0.30 [DJI30] at 29979.09 sl: 0.00 tp: 0.00
0	17:48:45.732	'27143750': modify order #76355178 sell 0.30 [DJI30] at 29979.09 sl: 0.00 tp: 0.00 -> sl: 30029.39 tp: 0.00
0	17:48:46.106	'27143750': order #76355178 sell 0.30 [DJI30] at 29979.09 was modified -> sl: 30029.39 tp: 0.00
1	17:50:50.180	'27143750': datacenter connecting failed [6]
0	17:50:51.834	'27143750': login on AdmiralMarkets-Live through Access Point #7 (ping: 607.22 ms)
0	17:50:57.546	'27143750': login datacenter on AdmiralMarkets-Live through Access Point #7 (ping: 607.22 ms)
0	17:50:58.635	'27143750': previous successful authorization performed from 154.126.11.127
0	17:51:03.204	'27143750': order #76355178 sell 0.30 [DJI30] at 29979.09 closed due stop-loss at price 30029.82
0	17:51:21.415	'27143750': auto connecting to a better access point Access Point #4 (ping is 203.99 ms)
0	17:51:22.197	'27143750': login on AdmiralMarkets-Live through Access Point #4 (ping: 203.99 ms)
0	17:51:25.219	'27143750': login datacenter on AdmiralMarkets-Live through Access Point #4 (ping: 203.99 ms)
0	17:51:25.800	'27143750': previous successful authorization performed from 154.126.99.55
0	17:57:40.377	'27143750': order sell market 0.50 [DJI30] sl: 0.00 tp: 0.00
0	17:57:40.925	'27143750': order was opened : #76356048 sell 0.50 [DJI30] at 29989.77 sl: 0.00 tp: 0.00
0	17:57:56.164	'27143750': modify order #76356048 sell 0.50 [DJI30] at 29989.77 sl: 0.00 tp: 0.00 -> sl: 30067.34 tp: 0.00
0	17:57:56.472	'27143750': order #76356048 sell 0.50 [DJI30] at 29989.77 was modified -> sl: 30067.34 tp: 0.00
0	17:58:12.852	'27143750': modify order #76356048 sell 0.50 [DJI30] at 29989.77 sl: 30067.34 tp: 0.00 -> sl: 30072.68 tp: 0.00
0	17:58:13.209	'27143750': order #76356048 sell 0.50 [DJI30] at 29989.77 was modified -> sl: 30072.68 tp: 0.00
0	17:58:19.890	'27143750': modify order #76356048 sell 0.50 [DJI30] at 29989.77 sl: 30072.68 tp: 0.00 -> sl: 30070.01 tp: 0.00
0	17:58:20.178	'27143750': order #76356048 sell 0.50 [DJI30] at 29989.77 was modified -> sl: 30070.01 tp: 0.00
0	17:58:42.022	'27143750': modify order #76356048 sell 0.50 [DJI30] at 29989.77 sl: 30070.01 tp: 0.00 -> sl: 29987.95 tp: 0.00
0	17:58:42.367	'27143750': order #76356048 sell 0.50 [DJI30] at 29989.77 was modified -> sl: 29987.95 tp: 0.00
0	17:58:52.344	'27143750': order #76356048 sell 0.50 [DJI30] at 29989.77 closed due stop-loss at price 29990.10
0	17:59:02.066	'27143750': order sell market 0.50 [DJI30] sl: 0.00 tp: 0.00
0	17:59:02.519	'27143750': order was opened : #76356168 sell 0.50 [DJI30] at 29974.17 sl: 0.00 tp: 0.00
0	17:59:14.728	'27143750': modify order #76356168 sell 0.50 [DJI30] at 29974.17 sl: 0.00 tp: 0.00 -> sl: 30064.52 tp: 0.00
0	17:59:15.564	'27143750': order #76356168 sell 0.50 [DJI30] at 29974.17 was modified -> sl: 30064.52 tp: 0.00
0	17:59:36.453	'27143750': modify order #76356168 sell 0.50 [DJI30] at 29974.17 sl: 30064.52 tp: 0.00 -> sl: 30067.66 tp: 0.00
0	17:59:36.735	'27143750': order #76356168 sell 0.50 [DJI30] at 29974.17 was modified -> sl: 30067.66 tp: 0.00
0	18:00:21.646	'27143750': modify order #76356168 sell 0.50 [DJI30] at 29974.17 sl: 30067.66 tp: 0.00 -> sl: 29973.79 tp: 0.00
0	18:00:21.925	'27143750': order #76356168 sell 0.50 [DJI30] at 29974.17 was modified -> sl: 29973.79 tp: 0.00
0	18:00:28.927	'27143750': close order #76356168 sell 0.20 [DJI30] at 29974.17 sl: 29973.79 tp: 0.00 at price 0.00
0	18:00:29.454	'27143750': order #76356168 sell 0.20 [DJI30] at 29974.17 sl: 29973.79 tp: 0.00 closed at price 29967.21
0	18:00:29.454	'27143750': remainder of order #76356168 was opened : #76356426 sell 0.30 [DJI30] at 29974.17 sl: 29973.79 tp: 0.00
0	18:01:25.296	'27143750': order #76356426 sell 0.30 [DJI30] at 29974.17 closed due stop-loss at price 29974.02
0	18:02:12.477	'27143750': order sell market 0.50 [DJI30] sl: 0.00 tp: 0.00
0	18:02:13.062	'27143750': order was opened : #76356571 sell 0.50 [DJI30] at 29964.85 sl: 0.00 tp: 0.00
0	18:02:22.105	'27143750': modify order #76356571 sell 0.50 [DJI30] at 29964.85 sl: 0.00 tp: 0.00 -> sl: 30066.88 tp: 0.00
0	18:02:22.702	'27143750': order #76356571 sell 0.50 [DJI30] at 29964.85 was modified -> sl: 30066.88 tp: 0.00
0	18:02:28.760	'27143750': modify order #76356571 sell 0.50 [DJI30] at 29964.85 sl: 30066.88 tp: 0.00 -> sl: 29964.61 tp: 0.00
0	18:02:29.047	'27143750': order #76356571 sell 0.50 [DJI30] at 29964.85 was modified -> sl: 29964.61 tp: 0.00
0	18:02:34.371	'27143750': modify order #76356571 sell 0.50 [DJI30] at 29964.85 sl: 29964.61 tp: 0.00 -> sl: 29946.26 tp: 0.00
0	18:02:34.642	'27143750': order #76356571 sell 0.50 [DJI30] at 29964.85 was modified -> sl: 29946.26 tp: 0.00
0	18:02:35.829	'27143750': order #76356571 sell 0.50 [DJI30] at 29964.85 closed due stop-loss at price 29947.47
0	18:02:41.824	'27143750': order sell market 0.50 [DJI30] sl: 0.00 tp: 0.00
0	18:02:42.246	'27143750': order was opened : #76356619 sell 0.50 [DJI30] at 29935.40 sl: 0.00 tp: 0.00
0	18:02:49.275	'27143750': modify order #76356619 sell 0.50 [DJI30] at 29935.40 sl: 0.00 tp: 0.00 -> sl: 29980.34 tp: 0.00
0	18:02:49.542	'27143750': order #76356619 sell 0.50 [DJI30] at 29935.40 was modified -> sl: 29980.34 tp: 0.00
0	18:02:52.325	'27143750': modify order #76356619 sell 0.50 [DJI30] at 29935.40 sl: 29980.34 tp: 0.00 -> sl: 29935.77 tp: 0.00
0	18:02:52.607	'27143750': order #76356619 sell 0.50 [DJI30] at 29935.40 was modified -> sl: 29935.77 tp: 0.00
0	18:02:55.253	'27143750': modify order #76356619 sell 0.50 [DJI30] at 29935.40 sl: 29935.77 tp: 0.00 -> sl: 29926.59 tp: 0.00
0	18:02:55.549	'27143750': order #76356619 sell 0.50 [DJI30] at 29935.40 was modified -> sl: 29926.59 tp: 0.00
0	18:03:01.838	'27143750': modify order #76356619 sell 0.50 [DJI30] at 29935.40 sl: 29926.59 tp: 0.00 -> sl: 29917.41 tp: 0.00
0	18:03:02.761	'27143750': order #76356619 sell 0.50 [DJI30] at 29935.40 was modified -> sl: 29917.41 tp: 0.00
0	18:03:15.437	'27143750': modify order #76356619 sell 0.50 [DJI30] at 29935.40 sl: 29917.41 tp: 0.00 -> sl: 29905.61 tp: 0.00
0	18:03:16.013	'27143750': order #76356619 sell 0.50 [DJI30] at 29935.40 was modified -> sl: 29905.61 tp: 0.00
0	18:03:24.993	'27143750': modify order #76356619 sell 0.50 [DJI30] at 29935.40 sl: 29905.61 tp: 0.00 -> sl: 29901.68 tp: 0.00
0	18:03:25.277	'27143750': order #76356619 sell 0.50 [DJI30] at 29935.40 was modified -> sl: 29901.68 tp: 0.00
0	18:03:41.219	'27143750': modify order #76356619 sell 0.50 [DJI30] at 29935.40 sl: 29901.68 tp: 0.00 -> sl: 29896.43 tp: 0.00
0	18:03:41.498	'27143750': order #76356619 sell 0.50 [DJI30] at 29935.40 was modified -> sl: 29896.43 tp: 0.00
0	18:03:47.912	'27143750': modify order #76356619 sell 0.50 [DJI30] at 29935.40 sl: 29896.43 tp: 0.00 -> sl: 29887.26 tp: 0.00
0	18:03:48.189	'27143750': order #76356619 sell 0.50 [DJI30] at 29935.40 was modified -> sl: 29887.26 tp: 0.00
0	18:03:54.881	'27143750': modify order #76356619 sell 0.50 [DJI30] at 29935.40 sl: 29887.26 tp: 0.00 -> sl: 29884.63 tp: 0.00
0	18:03:55.171	'27143750': order #76356619 sell 0.50 [DJI30] at 29935.40 was modified -> sl: 29884.63 tp: 0.00
0	18:04:03.934	'27143750': order #76356619 sell 0.50 [DJI30] at 29935.40 closed due stop-loss at price 29884.89
0	18:04:29.608	'27143750': order sell market 0.20 [DJI30] sl: 0.00 tp: 0.00
0	18:04:30.177	'27143750': order was opened : #76356909 sell 0.20 [DJI30] at 29856.41 sl: 0.00 tp: 0.00
0	18:04:36.238	'27143750': modify order #76356909 sell 0.20 [DJI30] at 29856.41 sl: 0.00 tp: 0.00 -> sl: 29859.72 tp: 0.00
0	18:04:36.512	'27143750': order #76356909 sell 0.20 [DJI30] at 29856.41 was modified -> sl: 29859.72 tp: 0.00
0	18:04:38.580	'27143750': modify order #76356909 sell 0.20 [DJI30] at 29856.41 sl: 29859.72 tp: 0.00 -> sl: 29851.86 tp: 0.00
0	18:04:38.871	'27143750': order #76356909 sell 0.20 [DJI30] at 29856.41 was modified -> sl: 29851.86 tp: 0.00
0	18:04:46.438	'27143750': modify order #76356909 sell 0.20 [DJI30] at 29856.41 sl: 29851.86 tp: 0.00 -> sl: 29845.30 tp: 0.00
0	18:04:47.028	'27143750': order #76356909 sell 0.20 [DJI30] at 29856.41 was modified -> sl: 29845.30 tp: 0.00
0	18:04:50.595	'27143750': order #76356909 sell 0.20 [DJI30] at 29856.41 closed due stop-loss at price 29846.44
0	18:11:12.170	'27143750': order sell market 0.10 [DAX30] sl: 0.00 tp: 0.00
0	18:11:13.139	'27143750': order was opened : #76357681 sell 0.10 [DAX30] at 13159.97 sl: 0.00 tp: 0.00
0	18:11:17.717	'27143750': modify order #76357681 sell 0.10 [DAX30] at 13159.97 sl: 0.00 tp: 0.00 -> sl: 13189.36 tp: 0.00
0	18:11:18.781	'27143750': order #76357681 sell 0.10 [DAX30] at 13159.97 was modified -> sl: 13189.36 tp: 0.00
0	18:12:28.185	'27143750': modify order #76357681 sell 0.10 [DAX30] at 13159.97 sl: 13189.36 tp: 0.00 -> sl: 13167.79 tp: 0.00
0	18:12:28.458	'27143750': order #76357681 sell 0.10 [DAX30] at 13159.97 was modified -> sl: 13167.79 tp: 0.00
0	18:13:04.974	'27143750': modify order #76357681 sell 0.10 [DAX30] at 13159.97 sl: 13167.79 tp: 0.00 -> sl: 13159.95 tp: 0.00
0	18:13:05.276	'27143750': order #76357681 sell 0.10 [DAX30] at 13159.97 was modified -> sl: 13159.95 tp: 0.00
0	18:13:33.762	'27143750': modify order #76357681 sell 0.10 [DAX30] at 13159.97 sl: 13159.95 tp: 0.00 -> sl: 13157.24 tp: 0.00
0	18:13:34.052	'27143750': order #76357681 sell 0.10 [DAX30] at 13159.97 was modified -> sl: 13157.24 tp: 0.00
0	18:13:37.828	'27143750': modify order #76357681 sell 0.10 [DAX30] at 13159.97 sl: 13157.24 tp: 0.00 -> sl: 13155.35 tp: 0.00
1	18:13:38.097	'27143750': modification of order #76357681 sell 0.10 [DAX30] at 13159.97 sl: 13157.24 tp: 0.00 -> sl: 13155.35 tp: 0.00 failed [Invalid S/L or T/P]
0	18:13:50.810	'27143750': modify order #76357681 sell 0.10 [DAX30] at 13159.97 sl: 13157.24 tp: 0.00 -> sl: 13155.65 tp: 0.00
0	18:13:51.089	'27143750': order #76357681 sell 0.10 [DAX30] at 13159.97 was modified -> sl: 13155.65 tp: 0.00
0	18:13:56.814	'27143750': modify order #76357681 sell 0.10 [DAX30] at 13159.97 sl: 13155.65 tp: 0.00 -> sl: 13155.04 tp: 0.00
0	18:13:57.084	'27143750': order #76357681 sell 0.10 [DAX30] at 13159.97 was modified -> sl: 13155.04 tp: 0.00
0	18:14:05.451	'27143750': modify order #76357681 sell 0.10 [DAX30] at 13159.97 sl: 13155.04 tp: 0.00 -> sl: 13153.07 tp: 0.00
0	18:14:05.737	'27143750': order #76357681 sell 0.10 [DAX30] at 13159.97 was modified -> sl: 13153.07 tp: 0.00
0	18:14:42.601	'27143750': order #76357681 sell 0.10 [DAX30] at 13159.97 closed due stop-loss at price 13153.95
0	18:24:11.958	'27143750': order buy market 0.30 [DJI30] sl: 0.00 tp: 0.00
0	18:24:18.647	'27143750': order was opened : #76359422 buy 0.30 [DJI30] at 29813.90 sl: 0.00 tp: 0.00
0	18:24:25.859	'27143750': modify order #76359422 buy 0.30 [DJI30] at 29813.90 sl: 0.00 tp: 0.00 -> sl: 29745.66 tp: 0.00
0	18:24:32.239	'27143750': order #76359422 buy 0.30 [DJI30] at 29813.90 was modified -> sl: 29745.66 tp: 0.00
0	18:25:54.854	'27143750': close order #76359422 buy 0.10 [DJI30] at 29813.90 sl: 29745.66 tp: 0.00 at price 0.00
0	18:26:05.112	'27143750': modify order #76359422 buy 0.30 [DJI30] at 29813.90 sl: 29745.66 tp: 0.00 -> sl: 29813.83 tp: 0.00
1	18:26:10.367	'27143750': modification of order #76359422 buy 0.30 [DJI30] at 29813.90 sl: 29745.66 tp: 0.00 -> sl: 29813.83 tp: 0.00 failed [Order is locked]
0	18:26:10.645	'27143750': order #76359422 buy 0.10 [DJI30] at 29813.90 sl: 29745.66 tp: 0.00 closed at price 29823.91
0	18:26:10.645	'27143750': remainder of order #76359422 was opened : #76359599 buy 0.20 [DJI30] at 29813.90 sl: 29745.66 tp: 0.00
1	18:26:36.235	'27143750': datacenter connecting failed [6]
0	18:26:37.599	'27143750': login on AdmiralMarkets-Live through Access Point #6 (ping: 212.90 ms)
0	18:26:43.074	'27143750': login datacenter on AdmiralMarkets-Live through Access Point #6 (ping: 212.90 ms)
0	18:26:49.831	'27143750': login on AdmiralMarkets-Live through Access Point #9 (ping: 197.70 ms)
0	18:26:58.991	'27143750': login datacenter on AdmiralMarkets-Live through Access Point #9 (ping: 197.70 ms)
0	18:26:59.526	'27143750': previous successful authorization performed from 154.126.99.55
0	18:35:56.066	'27143750': order buy market 0.10 [DAX30] sl: 0.00 tp: 0.00
0	18:35:56.764	'27143750': order was opened : #76360623 buy 0.10 [DAX30] at 13213.42 sl: 0.00 tp: 0.00
0	18:36:07.314	'27143750': modify order #76360623 buy 0.10 [DAX30] at 13213.42 sl: 0.00 tp: 0.00 -> sl: 13189.57 tp: 0.00
0	18:36:07.644	'27143750': order #76360623 buy 0.10 [DAX30] at 13213.42 was modified -> sl: 13189.57 tp: 0.00
0	18:36:49.397	'27143750': modify order #76360623 buy 0.10 [DAX30] at 13213.42 sl: 13189.57 tp: 0.00 -> sl: 13193.19 tp: 0.00
0	18:36:49.980	'27143750': order #76360623 buy 0.10 [DAX30] at 13213.42 was modified -> sl: 13193.19 tp: 0.00
0	18:36:57.930	'27143750': modify order #76360623 buy 0.10 [DAX30] at 13213.42 sl: 13193.19 tp: 0.00 -> sl: 13194.17 tp: 0.00
0	18:36:58.221	'27143750': order #76360623 buy 0.10 [DAX30] at 13213.42 was modified -> sl: 13194.17 tp: 0.00
0	18:37:06.310	'27143750': order #76360623 buy 0.10 [DAX30] at 13213.42 closed due stop-loss at price 13193.23
0	18:38:31.388	'27143750': order buy market 0.10 [DAX30] sl: 0.00 tp: 0.00
0	18:38:31.975	'27143750': order was opened : #76360852 buy 0.10 [DAX30] at 13202.51 sl: 0.00 tp: 0.00
0	18:38:37.637	'27143750': modify order #76360852 buy 0.10 [DAX30] at 13202.51 sl: 0.00 tp: 0.00 -> sl: 13178.41 tp: 0.00
0	18:38:37.923	'27143750': order #76360852 buy 0.10 [DAX30] at 13202.51 was modified -> sl: 13178.41 tp: 0.00
0	18:40:03.048	'27143750': modify order #76360852 buy 0.10 [DAX30] at 13202.51 sl: 13178.41 tp: 0.00 -> sl: 13181.36 tp: 0.00
0	18:40:03.322	'27143750': order #76360852 buy 0.10 [DAX30] at 13202.51 was modified -> sl: 13181.36 tp: 0.00
0	18:40:21.950	'27143750': modify order #76360852 buy 0.10 [DAX30] at 13202.51 sl: 13181.36 tp: 0.00 -> sl: 13181.36 tp: 13371.93
0	18:40:22.228	'27143750': order #76360852 buy 0.10 [DAX30] at 13202.51 was modified -> sl: 13181.36 tp: 13371.93
0	18:43:01.469	'27143750': modify order #76360852 buy 0.10 [DAX30] at 13202.51 sl: 13181.36 tp: 13371.93 -> sl: 13203.37 tp: 13371.93
0	18:43:01.744	'27143750': order #76360852 buy 0.10 [DAX30] at 13202.51 was modified -> sl: 13203.37 tp: 13371.93
0	18:43:37.576	'27143750': modify order #76360852 buy 0.10 [DAX30] at 13202.51 sl: 13203.37 tp: 13371.93 -> sl: 13205.66 tp: 13371.93
0	18:43:37.850	'27143750': order #76360852 buy 0.10 [DAX30] at 13202.51 was modified -> sl: 13205.66 tp: 13371.93
0	18:44:05.189	'27143750': order #76360852 buy 0.10 [DAX30] at 13202.51 closed due stop-loss at price 13205.65
2	18:47:54.280	Expert Admiral - Mini Terminal [DAX30],M5: removed
2	18:47:54.281	Custom indicator AIMS Levels V2 [DAX30],M5: removed
2	18:47:54.281	Custom indicator AIMS Entry Alert V1 [DAX30],M5: removed
2	18:47:54.282	Custom indicator CandleTimer [DAX30],M5: removed
2	18:47:54.282	Custom indicator #Signal_Bars_v6 [DAX30],M5: removed
2	18:47:54.284	Custom indicator TrendEnvelopes_v1 [DAX30],M5: removed
2	18:47:54.285	Custom indicator guppy_multiple_moving_averages [DAX30],M5: removed
2	18:47:54.287	Custom indicator wedges [DAX30],M5: removed
2	18:47:54.289	Custom indicator Admiral Pivot [DAX30],M5: removed
2	18:47:54.290	Custom indicator AutoTrendChannel [DAX30],M5: removed
2	18:47:54.291	Custom indicator FRZ Channel Auto Plotter [DAX30],M5: removed
2	18:47:54.292	Custom indicator FRZ News Indicator MT4 [DAX30],M5: removed
2	18:47:54.293	Custom indicator Forex Uranus direction [DAX30],M5: removed
2	18:47:54.295	Custom indicator Quadrilateral [DAX30],M5: removed
2	18:47:54.295	Custom indicator AIMS AO V.2.1 [DAX30],M5: removed
2	18:47:54.297	Custom indicator IVT_MACD_ZERO_LAG [DAX30],M5: removed
2	18:47:54.298	Custom indicator RSI Divergence Levels [DAX30],M5: removed
2	18:47:54.300	Custom indicator JoeChalhoub_FXForecasterV1 [DAX30],M5: removed
2	18:47:54.301	Custom indicator TDI-With_Alerts [DAX30],M5: removed
2	18:47:54.303	Custom indicator FRZ Forex Market Session Indicator [DAX30],M5: removed
2	18:47:54.377	Custom indicator AIMS Levels V2 [DAX30],M5: loaded successfully
2	18:47:54.450	Custom indicator AIMS Entry Alert V1 [DAX30],M5: loaded successfully
2	18:47:54.457	Custom indicator CandleTimer [DAX30],M5: loaded successfully
2	18:47:54.529	Custom indicator #Signal_Bars_v6 [DAX30],M5: loaded successfully
2	18:47:54.537	Custom indicator TrendEnvelopes_v1 [DAX30],M5: loaded successfully
2	18:47:54.544	Custom indicator guppy_multiple_moving_averages [DAX30],M5: loaded successfully
2	18:47:54.552	Custom indicator wedges [DAX30],M5: loaded successfully
2	18:47:54.560	Custom indicator Admiral Pivot [DAX30],M5: loaded successfully
2	18:47:54.567	Custom indicator AutoTrendChannel [DAX30],M5: loaded successfully
2	18:47:54.575	Custom indicator FRZ Channel Auto Plotter [DAX30],M5: loaded successfully
2	18:47:54.583	Custom indicator FRZ News Indicator MT4 [DAX30],M5: loaded successfully
2	18:47:54.591	Custom indicator Forex Uranus direction [DAX30],M5: loaded successfully
2	18:47:54.599	Custom indicator Quadrilateral [DAX30],M5: loaded successfully
2	18:47:54.667	Custom indicator AIMS AO V.2.1 [DAX30],M5: loaded successfully
2	18:47:54.675	Custom indicator IVT_MACD_ZERO_LAG [DAX30],M5: loaded successfully
2	18:47:54.683	Custom indicator RSI Divergence Levels [DAX30],M5: loaded successfully
2	18:47:54.691	Custom indicator JoeChalhoub_FXForecasterV1 [DAX30],M5: loaded successfully
2	18:47:54.699	Custom indicator TDI-With_Alerts [DAX30],M5: loaded successfully
2	18:47:54.707	Custom indicator FRZ Forex Market Session Indicator [DAX30],M5: loaded successfully
1	18:57:11.186	'27143750': datacenter connecting failed [6]
0	18:57:30.098	'27143750': login on AdmiralMarkets-Live through Access Point #6 (ping: 212.90 ms)
0	18:58:02.233	'27143750': login datacenter on AdmiralMarkets-Live through Access Point #6 (ping: 212.90 ms)
0	18:58:03.481	'27143750': previous successful authorization performed from 154.126.11.180
1	18:59:22.441	'27143750': datacenter connecting failed [6]
0	18:59:29.959	'27143750': login on AdmiralMarkets-Live through Access Point #5 (ping: 213.37 ms)
0	18:59:32.178	'27143750': ping to current access point Access Point #5 is 199.91 ms
1	19:00:37.025	'27143750': datacenter connecting failed [6]
1	19:00:48.751	'27143750': connect failed [Connection échouée]
0	19:01:14.174	'27143750': login on AdmiralMarkets-Live through Access Point #1 (ping: 248.00 ms)
0	19:02:10.148	'27143750': ping to current access point Access Point #1 is 427.28 ms
0	19:02:15.083	'27143750': login datacenter on AdmiralMarkets-Live
0	19:02:22.762	'27143750': login on AdmiralMarkets-Live through Access Point #5 (ping: 253.30 ms)
0	19:03:26.325	'27143750': login datacenter on AdmiralMarkets-Live
1	19:03:45.789	'27143750': connect failed [Connection échouée]
0	19:04:06.618	'27143750': ping to current access point Access Point #8 is 707.12 ms
0	19:04:07.779	'27143750': login on AdmiralMarkets-Live through Access Point #8 (ping: 707.12 ms)
0	19:05:10.401	'27143750': login datacenter on AdmiralMarkets-Live
0	19:05:21.991	'27143750': login on AdmiralMarkets-Live through Access Point #5 (ping: 276.52 ms)
0	19:05:29.969	'27143750': login datacenter on AdmiralMarkets-Live through Access Point #5 (ping: 276.52 ms)
1	19:05:47.225	'27143750': connect failed [Connection échouée]
0	19:06:13.521	'27143750': login on AdmiralMarkets-Live through Access Point #1 (ping: 278.84 ms)
0	19:06:15.417	'27143750': login datacenter on AdmiralMarkets-Live through Access Point #1 (ping: 278.84 ms)
0	19:06:16.047	'27143750': previous successful authorization performed from 154.126.99.55
0	19:11:28.152	'27143750': login on AdmiralMarkets-Live through Access Point #1 (ping: 278.84 ms)
0	19:11:33.270	'27143750': login datacenter on AdmiralMarkets-Live through Access Point #1 (ping: 278.84 ms)
0	19:11:38.786	'27143750': previous successful authorization performed from 154.126.99.55
0	19:17:28.178	'27143750': order sell market 0.30 [DJI30] sl: 0.00 tp: 0.00
0	19:17:28.652	'27143750': order was opened : #76366240 sell 0.30 [DJI30] at 29954.04 sl: 0.00 tp: 0.00
0	19:17:36.747	'27143750': modify order #76366240 sell 0.30 [DJI30] at 29954.04 sl: 0.00 tp: 0.00 -> sl: 30008.28 tp: 0.00
0	19:17:37.137	'27143750': order #76366240 sell 0.30 [DJI30] at 29954.04 was modified -> sl: 30008.28 tp: 0.00
0	19:18:25.997	'27143750': modify order #76366240 sell 0.30 [DJI30] at 29954.04 sl: 30008.28 tp: 0.00 -> sl: 29978.39 tp: 0.00
0	19:18:26.424	'27143750': order #76366240 sell 0.30 [DJI30] at 29954.04 was modified -> sl: 29978.39 tp: 0.00
0	19:20:31.927	'27143750': modify order #76366240 sell 0.30 [DJI30] at 29954.04 sl: 29978.39 tp: 0.00 -> sl: 29994.16 tp: 0.00
0	19:20:32.427	'27143750': order #76366240 sell 0.30 [DJI30] at 29954.04 was modified -> sl: 29994.16 tp: 0.00
0	19:20:49.547	'27143750': modify order #76366240 sell 0.30 [DJI30] at 29954.04 sl: 29994.16 tp: 0.00 -> sl: 30006.62 tp: 0.00
0	19:20:49.869	'27143750': order #76366240 sell 0.30 [DJI30] at 29954.04 was modified -> sl: 30006.62 tp: 0.00
0	19:21:49.851	'27143750': modify order #76366240 sell 0.30 [DJI30] at 29954.04 sl: 30006.62 tp: 0.00 -> sl: 30009.11 tp: 0.00
0	19:21:50.227	'27143750': order #76366240 sell 0.30 [DJI30] at 29954.04 was modified -> sl: 30009.11 tp: 0.00
0	19:21:58.958	'27143750': modify order #76366240 sell 0.30 [DJI30] at 29954.04 sl: 30009.11 tp: 0.00 -> sl: 30010.00 tp: 0.00
0	19:21:59.261	'27143750': order #76366240 sell 0.30 [DJI30] at 29954.04 was modified -> sl: 30010.00 tp: 0.00
0	19:22:58.727	'27143750': order #76366240 sell 0.30 [DJI30] at 29954.04 closed due stop-loss at price 30010.88
0	19:27:01.585	'27143750': order sell market 0.50 [DJI30] sl: 0.00 tp: 0.00
0	19:27:02.119	'27143750': order was opened : #76367711 sell 0.50 [DJI30] at 29997.46 sl: 0.00 tp: 0.00
0	19:27:08.483	'27143750': modify order #76367711 sell 0.50 [DJI30] at 29997.46 sl: 0.00 tp: 0.00 -> sl: 30017.41 tp: 0.00
0	19:27:09.028	'27143750': order #76367711 sell 0.50 [DJI30] at 29997.46 was modified -> sl: 30017.41 tp: 0.00
0	19:28:56.566	'27143750': modify order #76367711 sell 0.50 [DJI30] at 29997.46 sl: 30017.41 tp: 0.00 -> sl: 29994.99 tp: 0.00
0	19:28:56.993	'27143750': order #76367711 sell 0.50 [DJI30] at 29997.46 was modified -> sl: 29994.99 tp: 0.00
0	19:29:27.685	'27143750': modify order #76367711 sell 0.50 [DJI30] at 29997.46 sl: 29994.99 tp: 0.00 -> sl: 29991.67 tp: 0.00
0	19:29:28.076	'27143750': order #76367711 sell 0.50 [DJI30] at 29997.46 was modified -> sl: 29991.67 tp: 0.00
0	19:29:29.368	'27143750': order #76367711 sell 0.50 [DJI30] at 29997.46 closed due stop-loss at price 29992.14
1	19:32:07.662	'27143750': connect failed [Connection échouée]
0	19:33:29.423	'27143750': login on AdmiralMarkets-Live through Access Point #1 (ping: 278.84 ms)
0	19:33:32.188	'27143750': login datacenter on AdmiralMarkets-Live through Access Point #1 (ping: 278.84 ms)
0	19:33:34.317	'27143750': previous successful authorization performed from 154.126.99.55
0	19:34:11.741	'27143750': order sell market 0.50 [DAX30] sl: 0.00 tp: 0.00
0	19:34:12.291	'27143750': order was opened : #76368897 sell 0.50 [DAX30] at 13244.22 sl: 0.00 tp: 0.00
0	19:34:25.461	'27143750': modify order #76368897 sell 0.50 [DAX30] at 13244.22 sl: 0.00 tp: 0.00 -> sl: 13275.83 tp: 0.00
0	19:34:25.782	'27143750': order #76368897 sell 0.50 [DAX30] at 13244.22 was modified -> sl: 13275.83 tp: 0.00
0	19:34:35.962	'27143750': modify order #76368897 sell 0.50 [DAX30] at 13244.22 sl: 13275.83 tp: 0.00 -> sl: 13243.25 tp: 0.00
0	19:34:36.285	'27143750': order #76368897 sell 0.50 [DAX30] at 13244.22 was modified -> sl: 13243.25 tp: 0.00
0	19:34:58.570	'27143750': order #76368897 sell 0.50 [DAX30] at 13244.22 closed due stop-loss at price 13247.48
0	19:52:09.318	'27143750': order sell market 0.50 [DJI30] sl: 0.00 tp: 0.00
0	19:52:09.814	'27143750': order was opened : #76370979 sell 0.50 [DJI30] at 30041.96 sl: 0.00 tp: 0.00
0	19:52:14.446	'27143750': modify order #76370979 sell 0.50 [DJI30] at 30041.96 sl: 0.00 tp: 0.00 -> sl: 30060.59 tp: 0.00
0	19:52:16.594	'27143750': order #76370979 sell 0.50 [DJI30] at 30041.96 was modified -> sl: 30060.59 tp: 0.00
0	19:52:58.220	'27143750': modify order #76370979 sell 0.50 [DJI30] at 30041.96 sl: 30060.59 tp: 0.00 -> sl: 30051.46 tp: 0.00
0	19:52:59.061	'27143750': order #76370979 sell 0.50 [DJI30] at 30041.96 was modified -> sl: 30051.46 tp: 0.00
1	19:54:18.923	'27143750': modification of order #76370979 sell 0.50 [DJI30] at 30041.96 sl: 30051.46 tp: 0.00 -> sl: 30039.83 tp: 0.00 failed [Invalid S/L or T/P]
0	19:54:36.975	'27143750': modify order #76370979 sell 0.50 [DJI30] at 30041.96 sl: 30051.46 tp: 0.00 -> sl: 30041.49 tp: 0.00
0	19:54:37.281	'27143750': order #76370979 sell 0.50 [DJI30] at 30041.96 was modified -> sl: 30041.49 tp: 0.00
0	19:57:20.216	'27143750': modify order #76370979 sell 0.50 [DJI30] at 30041.96 sl: 30041.49 tp: 0.00 -> sl: 30038.17 tp: 0.00
0	19:57:20.531	'27143750': order #76370979 sell 0.50 [DJI30] at 30041.96 was modified -> sl: 30038.17 tp: 0.00
1	19:58:29.198	'27143750': modification of order #76370979 sell 0.50 [DJI30] at 30041.96 sl: 30038.17 tp: 0.00 -> sl: 30038.17 tp: 30032.57 failed [Invalid S/L or T/P]
0	19:58:50.642	'27143750': modify order #76370979 sell 0.50 [DJI30] at 30041.96 sl: 30038.17 tp: 0.00 -> sl: 30030.49 tp: 0.00
0	19:58:50.955	'27143750': order #76370979 sell 0.50 [DJI30] at 30041.96 was modified -> sl: 30030.49 tp: 0.00
0	19:58:58.983	'27143750': order #76370979 sell 0.50 [DJI30] at 30041.96 closed due stop-loss at price 30030.95
0	20:05:21.178	'27143750': order sell market 0.50 [DJI30] sl: 0.00 tp: 0.00
0	20:05:21.837	'27143750': order was opened : #76372261 sell 0.50 [DJI30] at 30059.19 sl: 0.00 tp: 0.00
0	20:05:30.902	'27143750': modify order #76372261 sell 0.50 [DJI30] at 30059.19 sl: 0.00 tp: 0.00 -> sl: 30080.59 tp: 0.00
0	20:05:31.212	'27143750': order #76372261 sell 0.50 [DJI30] at 30059.19 was modified -> sl: 30080.59 tp: 0.00
0	20:05:59.695	'27143750': modify order #76372261 sell 0.50 [DJI30] at 30059.19 sl: 30080.59 tp: 0.00 -> sl: 30067.63 tp: 0.00
0	20:06:00.008	'27143750': order #76372261 sell 0.50 [DJI30] at 30059.19 was modified -> sl: 30067.63 tp: 0.00
1	20:06:24.247	'27143750': modification of order #76372261 sell 0.50 [DJI30] at 30059.19 sl: 30067.63 tp: 0.00 -> sl: 30059.00 tp: 0.00 failed [Invalid S/L or T/P]
0	20:06:32.216	'27143750': modify order #76372261 sell 0.50 [DJI30] at 30059.19 sl: 30067.63 tp: 0.00 -> sl: 30057.92 tp: 0.00
0	20:06:32.521	'27143750': order #76372261 sell 0.50 [DJI30] at 30059.19 was modified -> sl: 30057.92 tp: 0.00
0	20:06:58.745	'27143750': modify order #76372261 sell 0.50 [DJI30] at 30059.19 sl: 30057.92 tp: 0.00 -> sl: 30052.52 tp: 0.00
0	20:06:59.071	'27143750': order #76372261 sell 0.50 [DJI30] at 30059.19 was modified -> sl: 30052.52 tp: 0.00
0	20:06:59.184	'27143750': order #76372261 sell 0.50 [DJI30] at 30059.19 closed due stop-loss at price 30052.72
0	20:19:52.564	'27143750': auto connecting to a better access point Access Point #5 (ping is 275.44 ms)
1	20:19:52.631	'27143750': connect failed [Connection échouée]
0	20:20:28.847	'27143750': login on AdmiralMarkets-Live through Access Point #5 (ping: 275.44 ms)
0	20:20:31.340	'27143750': login datacenter on AdmiralMarkets-Live through Access Point #5 (ping: 275.44 ms)
0	20:20:33.237	'27143750': previous successful authorization performed from 154.126.99.55
0	20:31:48.310	'27143750': order sell market 0.02 GBPUSD sl: 0.00000 tp: 0.00000
0	20:31:48.705	'27143750': order was opened : #76374189 sell 0.02 GBPUSD at 1.33408 sl: 0.00000 tp: 0.00000
0	20:31:53.890	'27143750': modify order #76374189 sell 0.02 GBPUSD at 1.33408 sl: 0.00000 tp: 0.00000 -> sl: 1.33559 tp: 0.00000
0	20:31:54.284	'27143750': order #76374189 sell 0.02 GBPUSD at 1.33408 was modified -> sl: 1.33559 tp: 0.00000
0	20:31:57.793	'27143750': modify order #76374189 sell 0.02 GBPUSD at 1.33408 sl: 1.33559 tp: 0.00000 -> sl: 1.33631 tp: 0.00000
0	20:31:58.611	'27143750': order #76374189 sell 0.02 GBPUSD at 1.33408 was modified -> sl: 1.33631 tp: 0.00000
0	20:32:12.704	'27143750': modify order #76374189 sell 0.02 GBPUSD at 1.33408 sl: 1.33631 tp: 0.00000 -> sl: 1.33631 tp: 1.33148
0	20:32:14.229	'27143750': order #76374189 sell 0.02 GBPUSD at 1.33408 was modified -> sl: 1.33631 tp: 1.33148
0	20:32:41.253	'27143750': modify order #76374189 sell 0.02 GBPUSD at 1.33408 sl: 1.33631 tp: 1.33148 -> sl: 1.33631 tp: 0.00000
0	20:32:45.709	'27143750': order #76374189 sell 0.02 GBPUSD at 1.33408 was modified -> sl: 1.33631 tp: 0.00000
0	20:43:47.867	'27143750': modify order #76374189 sell 0.02 GBPUSD at 1.33408 sl: 1.33631 tp: 0.00000 -> sl: 1.33399 tp: 0.00000
0	20:43:48.204	'27143750': order #76374189 sell 0.02 GBPUSD at 1.33408 was modified -> sl: 1.33399 tp: 0.00000
0	20:51:21.290	'27143750': order #76374189 sell 0.02 GBPUSD at 1.33408 closed due stop-loss at price 1.33420
0	21:14:53.236	'27143750': order sell market 0.10 [DAX30] sl: 0.00 tp: 0.00
0	21:14:53.842	'27143750': order was opened : #76376463 sell 0.10 [DAX30] at 13345.79 sl: 0.00 tp: 0.00
0	21:15:09.823	'27143750': modify order #76376463 sell 0.10 [DAX30] at 13345.79 sl: 0.00 tp: 0.00 -> sl: 13355.45 tp: 0.00
0	21:15:10.111	'27143750': order #76376463 sell 0.10 [DAX30] at 13345.79 was modified -> sl: 13355.45 tp: 0.00
1	21:19:02.858	'27143750': modification of order #76376463 sell 0.10 [DAX30] at 13345.79 sl: 13355.45 tp: 0.00 -> sl: 13346.11 tp: 0.00 failed [Invalid S/L or T/P]
0	21:21:07.086	'27143750': modify order #76376463 sell 0.10 [DAX30] at 13345.79 sl: 13355.45 tp: 0.00 -> sl: 13345.16 tp: 0.00
0	21:21:07.351	'27143750': order #76376463 sell 0.10 [DAX30] at 13345.79 was modified -> sl: 13345.16 tp: 0.00
0	21:23:18.878	'27143750': modify order #76376463 sell 0.10 [DAX30] at 13345.79 sl: 13345.16 tp: 0.00 -> sl: 13341.51 tp: 0.00
0	21:23:19.153	'27143750': order #76376463 sell 0.10 [DAX30] at 13345.79 was modified -> sl: 13341.51 tp: 0.00
0	21:23:29.648	'27143750': modify order #76376463 sell 0.10 [DAX30] at 13345.79 sl: 13341.51 tp: 0.00 -> sl: 13340.18 tp: 0.00
0	21:23:30.212	'27143750': order #76376463 sell 0.10 [DAX30] at 13345.79 was modified -> sl: 13340.18 tp: 0.00
0	21:24:00.178	'27143750': order #76376463 sell 0.10 [DAX30] at 13345.79 closed due stop-loss at price 13341.08
0	21:37:52.251	'27143750': order sell market 0.30 [DAX30] sl: 0.00 tp: 0.00
0	21:37:52.905	'27143750': order was opened : #76377463 sell 0.30 [DAX30] at 13352.80 sl: 0.00 tp: 0.00
0	21:37:59.218	'27143750': modify order #76377463 sell 0.30 [DAX30] at 13352.80 sl: 0.00 tp: 0.00 -> sl: 13357.56 tp: 0.00
0	21:37:59.519	'27143750': order #76377463 sell 0.30 [DAX30] at 13352.80 was modified -> sl: 13357.56 tp: 0.00
0	21:39:17.157	'27143750': modify order #76377463 sell 0.30 [DAX30] at 13352.80 sl: 13357.56 tp: 0.00 -> sl: 13352.32 tp: 0.00
0	21:39:17.543	'27143750': order #76377463 sell 0.30 [DAX30] at 13352.80 was modified -> sl: 13352.32 tp: 0.00
0	21:39:27.795	'27143750': order #76377463 sell 0.30 [DAX30] at 13352.80 closed due stop-loss at price 13352.59
0	21:46:51.290	'27143750': order sell market 0.30 [DAX30] sl: 0.00 tp: 0.00
0	21:46:51.905	'27143750': order was opened : #76378009 sell 0.30 [DAX30] at 13365.81 sl: 0.00 tp: 0.00
0	21:46:58.964	'27143750': modify order #76378009 sell 0.30 [DAX30] at 13365.81 sl: 0.00 tp: 0.00 -> sl: 13371.14 tp: 0.00
0	21:46:59.242	'27143750': order #76378009 sell 0.30 [DAX30] at 13365.81 was modified -> sl: 13371.14 tp: 0.00
0	21:47:13.007	'27143750': modify order #76378009 sell 0.30 [DAX30] at 13365.81 sl: 13371.14 tp: 0.00 -> sl: 13365.72 tp: 0.00
0	21:47:13.279	'27143750': order #76378009 sell 0.30 [DAX30] at 13365.81 was modified -> sl: 13365.72 tp: 0.00
0	21:47:18.183	'27143750': modify order #76378009 sell 0.30 [DAX30] at 13365.81 sl: 13365.72 tp: 0.00 -> sl: 13365.05 tp: 0.00
0	21:47:18.454	'27143750': order #76378009 sell 0.30 [DAX30] at 13365.81 was modified -> sl: 13365.05 tp: 0.00
0	21:47:40.797	'27143750': modify order #76378009 sell 0.30 [DAX30] at 13365.81 sl: 13365.05 tp: 0.00 -> sl: 13359.64 tp: 0.00
0	21:47:41.078	'27143750': order #76378009 sell 0.30 [DAX30] at 13365.81 was modified -> sl: 13359.64 tp: 0.00
0	21:48:07.518	'27143750': order #76378009 sell 0.30 [DAX30] at 13365.81 closed due stop-loss at price 13360.10
0	21:51:02.214	'27143750': order sell market 0.30 [DAX30] sl: 0.00 tp: 0.00
0	21:51:04.065	'27143750': order was opened : #76378211 sell 0.30 [DAX30] at 13359.80 sl: 0.00 tp: 0.00
0	21:51:11.244	'27143750': modify order #76378211 sell 0.30 [DAX30] at 13359.80 sl: 0.00 tp: 0.00 -> sl: 13368.51 tp: 0.00
0	21:51:11.535	'27143750': order #76378211 sell 0.30 [DAX30] at 13359.80 was modified -> sl: 13368.51 tp: 0.00
0	21:51:51.904	'27143750': modify order #76378211 sell 0.30 [DAX30] at 13359.80 sl: 13368.51 tp: 0.00 -> sl: 13371.89 tp: 0.00
0	21:51:52.166	'27143750': order #76378211 sell 0.30 [DAX30] at 13359.80 was modified -> sl: 13371.89 tp: 0.00
0	21:56:42.575	'27143750': modify order #76378211 sell 0.30 [DAX30] at 13359.80 sl: 13371.89 tp: 0.00 -> sl: 13440.00 tp: 0.00
0	21:56:42.943	'27143750': order #76378211 sell 0.30 [DAX30] at 13359.80 was modified -> sl: 13440.00 tp: 0.00
0	22:00:53.590	'27143750': modify order #76378211 sell 0.30 [DAX30] at 13359.80 sl: 13440.00 tp: 0.00 -> sl: 13360.07 tp: 0.00
0	22:00:53.862	'27143750': order #76378211 sell 0.30 [DAX30] at 13359.80 was modified -> sl: 13360.07 tp: 0.00
0	22:01:27.277	'27143750': modify order #76378211 sell 0.30 [DAX30] at 13359.80 sl: 13360.07 tp: 0.00 -> sl: 13359.43 tp: 0.00
0	22:01:27.536	'27143750': order #76378211 sell 0.30 [DAX30] at 13359.80 was modified -> sl: 13359.43 tp: 0.00
0	22:01:49.386	'27143750': modify order #76378211 sell 0.30 [DAX30] at 13359.80 sl: 13359.43 tp: 0.00 -> sl: 13356.69 tp: 0.00
0	22:01:49.675	'27143750': order #76378211 sell 0.30 [DAX30] at 13359.80 was modified -> sl: 13356.69 tp: 0.00
0	22:02:06.413	'27143750': modify order #76378211 sell 0.30 [DAX30] at 13359.80 sl: 13356.69 tp: 0.00 -> sl: 13355.63 tp: 0.00
0	22:02:06.674	'27143750': order #76378211 sell 0.30 [DAX30] at 13359.80 was modified -> sl: 13355.63 tp: 0.00
0	22:03:01.039	'27143750': order #76378211 sell 0.30 [DAX30] at 13359.80 closed due stop-loss at price 13356.60
0	22:03:46.597	'27143750': order sell market 0.30 [DAX30] sl: 0.00 tp: 0.00
0	22:03:47.140	'27143750': order was opened : #76378744 sell 0.30 [DAX30] at 13352.79 sl: 0.00 tp: 0.00
0	22:03:58.648	'27143750': modify order #76378744 sell 0.30 [DAX30] at 13352.79 sl: 0.00 tp: 0.00 -> sl: 13369.57 tp: 0.00
0	22:03:58.927	'27143750': order #76378744 sell 0.30 [DAX30] at 13352.79 was modified -> sl: 13369.57 tp: 0.00
0	22:04:16.629	'27143750': modify order #76378744 sell 0.30 [DAX30] at 13352.79 sl: 13369.57 tp: 0.00 -> sl: 13371.40 tp: 0.00
0	22:04:16.909	'27143750': order #76378744 sell 0.30 [DAX30] at 13352.79 was modified -> sl: 13371.40 tp: 0.00
0	22:04:25.217	'27143750': modify order #76378744 sell 0.30 [DAX30] at 13352.79 sl: 13371.40 tp: 0.00 -> sl: 13370.57 tp: 0.00
0	22:04:25.487	'27143750': order #76378744 sell 0.30 [DAX30] at 13352.79 was modified -> sl: 13370.57 tp: 0.00
0	22:04:28.849	'27143750': modify order #76378744 sell 0.30 [DAX30] at 13352.79 sl: 13370.57 tp: 0.00 -> sl: 13370.24 tp: 0.00
0	22:04:29.110	'27143750': order #76378744 sell 0.30 [DAX30] at 13352.79 was modified -> sl: 13370.24 tp: 0.00
0	22:04:37.956	'27143750': modify order #76378744 sell 0.30 [DAX30] at 13352.79 sl: 13370.24 tp: 0.00 -> sl: 13370.07 tp: 0.00
0	22:04:38.219	'27143750': order #76378744 sell 0.30 [DAX30] at 13352.79 was modified -> sl: 13370.07 tp: 0.00
0	22:05:07.750	'27143750': order sell market 0.20 [DJI30] sl: 0.00 tp: 0.00
0	22:05:08.286	'27143750': order was opened : #76378788 sell 0.20 [DJI30] at 30222.84 sl: 0.00 tp: 0.00
0	22:05:13.861	'27143750': modify order #76378788 sell 0.20 [DJI30] at 30222.84 sl: 0.00 tp: 0.00 -> sl: 30288.74 tp: 0.00
0	22:05:14.875	'27143750': order #76378788 sell 0.20 [DJI30] at 30222.84 was modified -> sl: 30288.74 tp: 0.00
0	22:05:54.781	'27143750': modify order #76378788 sell 0.20 [DJI30] at 30222.84 sl: 30288.74 tp: 0.00 -> sl: 30221.57 tp: 0.00
0	22:05:55.048	'27143750': order #76378788 sell 0.20 [DJI30] at 30222.84 was modified -> sl: 30221.57 tp: 0.00
0	22:06:21.684	'27143750': close order #76378788 sell 0.20 [DJI30] at 30222.84 sl: 30221.57 tp: 0.00 at price 0.00
0	22:06:22.286	'27143750': order #76378788 sell 0.20 [DJI30] at 30222.84 sl: 30221.57 tp: 0.00 closed at price 30218.45
0	22:08:49.633	'27143750': order sell market 0.20 [DJI30] sl: 0.00 tp: 0.00
0	22:08:50.498	'27143750': order was opened : #76378910 sell 0.20 [DJI30] at 30209.25 sl: 0.00 tp: 0.00
0	22:08:57.399	'27143750': modify order #76378910 sell 0.20 [DJI30] at 30209.25 sl: 0.00 tp: 0.00 -> sl: 30254.83 tp: 0.00
0	22:08:57.683	'27143750': order #76378910 sell 0.20 [DJI30] at 30209.25 was modified -> sl: 30254.83 tp: 0.00
0	22:09:46.178	'27143750': modify order #76378910 sell 0.20 [DJI30] at 30209.25 sl: 30254.83 tp: 0.00 -> sl: 30232.60 tp: 0.00
0	22:09:46.448	'27143750': order #76378910 sell 0.20 [DJI30] at 30209.25 was modified -> sl: 30232.60 tp: 0.00
0	22:13:49.324	'27143750': order #76378910 sell 0.20 [DJI30] at 30209.25 closed due stop-loss at price 30233.35
0	22:18:57.918	'27143750': modify order #76378744 sell 0.30 [DAX30] at 13352.79 sl: 13370.07 tp: 0.00 -> sl: 13371.55 tp: 0.00
0	22:18:58.204	'27143750': order #76378744 sell 0.30 [DAX30] at 13352.79 was modified -> sl: 13371.55 tp: 0.00
0	22:19:11.565	'27143750': modify order #76378744 sell 0.30 [DAX30] at 13352.79 sl: 13371.55 tp: 0.00 -> sl: 13440.00 tp: 0.00
0	22:19:11.836	'27143750': order #76378744 sell 0.30 [DAX30] at 13352.79 was modified -> sl: 13440.00 tp: 0.00
0	22:21:05.649	'27143750': order sell market 0.20 [DJI30] sl: 0.00 tp: 0.00
0	22:21:06.153	'27143750': order was opened : #76380054 sell 0.20 [DJI30] at 30243.41 sl: 0.00 tp: 0.00
0	22:21:16.392	'27143750': modify order #76380054 sell 0.20 [DJI30] at 30243.41 sl: 0.00 tp: 0.00 -> sl: 30271.60 tp: 0.00
0	22:21:16.677	'27143750': order #76380054 sell 0.20 [DJI30] at 30243.41 was modified -> sl: 30271.60 tp: 0.00
0	22:24:06.674	'27143750': order #76380054 sell 0.20 [DJI30] at 30243.41 closed due stop-loss at price 30271.83
0	22:24:39.197	'27143750': order sell market 0.20 [DJI30] sl: 0.00 tp: 0.00
0	22:24:39.998	'27143750': order was opened : #76380437 sell 0.20 [DJI30] at 30257.95 sl: 0.00 tp: 0.00
0	22:24:48.806	'27143750': modify order #76380437 sell 0.20 [DJI30] at 30257.95 sl: 0.00 tp: 0.00 -> sl: 30277.77 tp: 0.00
0	22:24:49.076	'27143750': order #76380437 sell 0.20 [DJI30] at 30257.95 was modified -> sl: 30277.77 tp: 0.00
0	22:27:30.501	'27143750': order #76380437 sell 0.20 [DJI30] at 30257.95 closed due stop-loss at price 30278.72
0	22:30:00.445	'27143750': order sell market 0.20 [DJI30] sl: 0.00 tp: 0.00
0	22:30:00.971	'27143750': order was opened : #76380746 sell 0.20 [DJI30] at 30268.95 sl: 0.00 tp: 0.00
0	22:30:09.695	'27143750': modify order #76380746 sell 0.20 [DJI30] at 30268.95 sl: 0.00 tp: 0.00 -> sl: 30281.35 tp: 0.00
0	22:30:09.981	'27143750': order #76380746 sell 0.20 [DJI30] at 30268.95 was modified -> sl: 30281.35 tp: 0.00
0	22:30:39.373	'27143750': order #76380746 sell 0.20 [DJI30] at 30268.95 closed due stop-loss at price 30281.77
0	22:31:06.760	'27143750': order sell market 0.20 [DJI30] sl: 0.00 tp: 0.00
0	22:31:07.332	'27143750': order was opened : #76380805 sell 0.20 [DJI30] at 30278.16 sl: 0.00 tp: 0.00
0	22:31:13.324	'27143750': modify order #76380805 sell 0.20 [DJI30] at 30278.16 sl: 0.00 tp: 0.00 -> sl: 30289.87 tp: 0.00
0	22:31:13.615	'27143750': order #76380805 sell 0.20 [DJI30] at 30278.16 was modified -> sl: 30289.87 tp: 0.00
0	22:31:23.898	'27143750': modify order #76380805 sell 0.20 [DJI30] at 30278.16 sl: 30289.87 tp: 0.00 -> sl: 30290.94 tp: 0.00
0	22:31:24.241	'27143750': order #76380805 sell 0.20 [DJI30] at 30278.16 was modified -> sl: 30290.94 tp: 0.00
0	22:33:48.407	'27143750': order #76380805 sell 0.20 [DJI30] at 30278.16 closed due stop-loss at price 30292.37
0	22:37:07.932	'27143750': order sell market 0.40 [DJI30] sl: 0.00 tp: 0.00
0	22:37:08.403	'27143750': order was opened : #76381206 sell 0.40 [DJI30] at 30291.01 sl: 0.00 tp: 0.00
0	22:37:14.008	'27143750': modify order #76381206 sell 0.40 [DJI30] at 30291.01 sl: 0.00 tp: 0.00 -> sl: 30303.64 tp: 0.00
0	22:37:14.991	'27143750': order #76381206 sell 0.40 [DJI30] at 30291.01 was modified -> sl: 30303.64 tp: 0.00
1	22:37:30.454	'27143750': modification of order #76381206 sell 0.40 [DJI30] at 30291.01 sl: 30303.64 tp: 0.00 -> sl: 30290.55 tp: 0.00 failed [Invalid S/L or T/P]
0	22:38:03.648	'27143750': modify order #76381206 sell 0.40 [DJI30] at 30291.01 sl: 30303.64 tp: 0.00 -> sl: 30290.55 tp: 0.00
0	22:38:03.924	'27143750': order #76381206 sell 0.40 [DJI30] at 30291.01 was modified -> sl: 30290.55 tp: 0.00
1	22:38:43.879	'27143750': modification of order #76381206 sell 0.40 [DJI30] at 30291.01 sl: 30290.55 tp: 0.00 -> sl: 30290.55 tp: 30279.31 failed [Invalid S/L or T/P]
0	22:38:49.409	'27143750': modify order #76381206 sell 0.40 [DJI30] at 30291.01 sl: 30290.55 tp: 0.00 -> sl: 30282.05 tp: 0.00
0	22:38:49.688	'27143750': order #76381206 sell 0.40 [DJI30] at 30291.01 was modified -> sl: 30282.05 tp: 0.00
0	22:38:53.284	'27143750': modify order #76381206 sell 0.40 [DJI30] at 30291.01 sl: 30282.05 tp: 0.00 -> sl: 30279.70 tp: 0.00
0	22:38:53.555	'27143750': order #76381206 sell 0.40 [DJI30] at 30291.01 was modified -> sl: 30279.70 tp: 0.00
0	22:38:57.889	'27143750': modify order #76381206 sell 0.40 [DJI30] at 30291.01 sl: 30279.70 tp: 0.00 -> sl: 30275.78 tp: 0.00
0	22:38:58.167	'27143750': order #76381206 sell 0.40 [DJI30] at 30291.01 was modified -> sl: 30275.78 tp: 0.00
0	22:39:42.827	'27143750': order #76381206 sell 0.40 [DJI30] at 30291.01 closed due stop-loss at price 30276.33
0	22:39:53.777	'27143750': order sell market 0.40 [DJI30] sl: 0.00 tp: 0.00
0	22:39:54.532	'27143750': order was opened : #76381382 sell 0.40 [DJI30] at 30268.88 sl: 0.00 tp: 0.00
0	22:40:05.209	'27143750': modify order #76381382 sell 0.40 [DJI30] at 30268.88 sl: 0.00 tp: 0.00 -> sl: 30300.10 tp: 0.00
0	22:40:06.172	'27143750': order #76381382 sell 0.40 [DJI30] at 30268.88 was modified -> sl: 30300.10 tp: 0.00
0	22:41:12.230	'27143750': modify order #76381382 sell 0.40 [DJI30] at 30268.88 sl: 30300.10 tp: 0.00 -> sl: 30296.12 tp: 0.00
0	22:41:12.494	'27143750': order #76381382 sell 0.40 [DJI30] at 30268.88 was modified -> sl: 30296.12 tp: 0.00
0	22:42:10.266	'27143750': modify order #76381382 sell 0.40 [DJI30] at 30268.88 sl: 30296.12 tp: 0.00 -> sl: 30266.71 tp: 0.00
0	22:42:10.577	'27143750': order #76381382 sell 0.40 [DJI30] at 30268.88 was modified -> sl: 30266.71 tp: 0.00
0	22:42:35.338	'27143750': order #76381382 sell 0.40 [DJI30] at 30268.88 closed due stop-loss at price 30268.49
0	22:43:25.110	'27143750': order sell market 0.40 [DJI30] sl: 0.00 tp: 0.00
0	22:43:25.664	'27143750': order was opened : #76381644 sell 0.40 [DJI30] at 30265.45 sl: 0.00 tp: 0.00
0	22:43:34.805	'27143750': modify order #76381644 sell 0.40 [DJI30] at 30265.45 sl: 0.00 tp: 0.00 -> sl: 30289.72 tp: 0.00
0	22:43:35.080	'27143750': order #76381644 sell 0.40 [DJI30] at 30265.45 was modified -> sl: 30289.72 tp: 0.00
0	22:43:39.234	'27143750': modify order #76381644 sell 0.40 [DJI30] at 30265.45 sl: 30289.72 tp: 0.00 -> sl: 30294.91 tp: 0.00
0	22:43:39.860	'27143750': order #76381644 sell 0.40 [DJI30] at 30265.45 was modified -> sl: 30294.91 tp: 0.00
0	22:58:47.158	'27143750': modify order #76381644 sell 0.40 [DJI30] at 30265.45 sl: 30294.91 tp: 0.00 -> sl: 30254.08 tp: 0.00
0	22:58:47.415	'27143750': order #76381644 sell 0.40 [DJI30] at 30265.45 was modified -> sl: 30254.08 tp: 0.00
0	22:59:26.070	'27143750': modify order #76381644 sell 0.40 [DJI30] at 30265.45 sl: 30254.08 tp: 0.00 -> sl: 30241.76 tp: 0.00
0	22:59:26.364	'27143750': order #76381644 sell 0.40 [DJI30] at 30265.45 was modified -> sl: 30241.76 tp: 0.00
0	22:59:58.582	'27143750': order #76381644 sell 0.40 [DJI30] at 30265.45 closed due stop-loss at price 30242.59
0	23:00:59.924	'27143750': order sell market 0.20 [DJI30] sl: 0.00 tp: 0.00
0	23:01:00.496	'27143750': order was opened : #76382386 sell 0.20 [DJI30] at 30239.19 sl: 0.00 tp: 0.00
0	23:01:15.208	'27143750': modify order #76382386 sell 0.20 [DJI30] at 30239.19 sl: 0.00 tp: 0.00 -> sl: 30256.67 tp: 0.00
0	23:01:15.476	'27143750': order #76382386 sell 0.20 [DJI30] at 30239.19 was modified -> sl: 30256.67 tp: 0.00
0	23:01:32.307	'27143750': modify order #76382386 sell 0.20 [DJI30] at 30239.19 sl: 30256.67 tp: 0.00 -> sl: 30253.43 tp: 0.00
0	23:01:32.865	'27143750': order #76382386 sell 0.20 [DJI30] at 30239.19 was modified -> sl: 30253.43 tp: 0.00
0	23:01:38.830	'27143750': modify order #76382386 sell 0.20 [DJI30] at 30239.19 sl: 30253.43 tp: 0.00 -> sl: 30249.86 tp: 0.00
0	23:01:39.100	'27143750': order #76382386 sell 0.20 [DJI30] at 30239.19 was modified -> sl: 30249.86 tp: 0.00
0	23:02:55.611	'27143750': modify order #76382386 sell 0.20 [DJI30] at 30239.19 sl: 30249.86 tp: 0.00 -> sl: 30238.20 tp: 0.00
0	23:02:55.881	'27143750': order #76382386 sell 0.20 [DJI30] at 30239.19 was modified -> sl: 30238.20 tp: 0.00
0	23:03:15.348	'27143750': order #76382386 sell 0.20 [DJI30] at 30239.19 closed due stop-loss at price 30238.25
0	23:04:04.524	'27143750': order sell market 0.20 [DJI30] sl: 0.00 tp: 0.00
0	23:04:04.994	'27143750': order was opened : #76382509 sell 0.20 [DJI30] at 30232.72 sl: 0.00 tp: 0.00
0	23:04:13.392	'27143750': modify order #76382509 sell 0.20 [DJI30] at 30232.72 sl: 0.00 tp: 0.00 -> sl: 30245.33 tp: 0.00
0	23:04:13.681	'27143750': order #76382509 sell 0.20 [DJI30] at 30232.72 was modified -> sl: 30245.33 tp: 0.00
0	23:06:45.910	'27143750': modify order #76382509 sell 0.20 [DJI30] at 30232.72 sl: 30245.33 tp: 0.00 -> sl: 30232.36 tp: 0.00
0	23:06:46.208	'27143750': order #76382509 sell 0.20 [DJI30] at 30232.72 was modified -> sl: 30232.36 tp: 0.00
0	23:06:58.694	'27143750': order #76382509 sell 0.20 [DJI30] at 30232.72 closed due stop-loss at price 30233.12
0	23:07:13.865	'27143750': order sell market 0.20 [DJI30] sl: 0.00 tp: 0.00
0	23:07:14.400	'27143750': order was opened : #76382590 sell 0.20 [DJI30] at 30232.11 sl: 0.00 tp: 0.00
0	23:07:22.789	'27143750': modify order #76382590 sell 0.20 [DJI30] at 30232.11 sl: 0.00 tp: 0.00 -> sl: 30241.11 tp: 0.00
0	23:07:23.053	'27143750': order #76382590 sell 0.20 [DJI30] at 30232.11 was modified -> sl: 30241.11 tp: 0.00
0	23:07:45.186	'27143750': modify order #76382590 sell 0.20 [DJI30] at 30232.11 sl: 30241.11 tp: 0.00 -> sl: 30231.71 tp: 0.00
0	23:07:45.460	'27143750': order #76382590 sell 0.20 [DJI30] at 30232.11 was modified -> sl: 30231.71 tp: 0.00
0	23:08:26.841	'27143750': modify order #76382590 sell 0.20 [DJI30] at 30232.11 sl: 30231.71 tp: 0.00 -> sl: 30224.26 tp: 0.00
0	23:08:27.114	'27143750': order #76382590 sell 0.20 [DJI30] at 30232.11 was modified -> sl: 30224.26 tp: 0.00
0	23:09:00.358	'27143750': modify order #76382590 sell 0.20 [DJI30] at 30232.11 sl: 30224.26 tp: 0.00 -> sl: 30210.97 tp: 0.00
0	23:09:00.646	'27143750': order #76382590 sell 0.20 [DJI30] at 30232.11 was modified -> sl: 30210.97 tp: 0.00
0	23:09:03.133	'27143750': order #76382590 sell 0.20 [DJI30] at 30232.11 closed due stop-loss at price 30211.83
0	23:09:19.825	'27143750': order sell market 0.20 [DJI30] sl: 0.00 tp: 0.00
0	23:09:20.322	'27143750': order was opened : #76382689 sell 0.20 [DJI30] at 30210.70 sl: 0.00 tp: 0.00
0	23:09:27.505	'27143750': modify order #76382689 sell 0.20 [DJI30] at 30210.70 sl: 0.00 tp: 0.00 -> sl: 30232.69 tp: 0.00
0	23:09:27.791	'27143750': order #76382689 sell 0.20 [DJI30] at 30210.70 was modified -> sl: 30232.69 tp: 0.00
0	23:09:40.641	'27143750': modify order #76382689 sell 0.20 [DJI30] at 30210.70 sl: 30232.69 tp: 0.00 -> sl: 30231.39 tp: 0.00
0	23:09:40.919	'27143750': order #76382689 sell 0.20 [DJI30] at 30210.70 was modified -> sl: 30231.39 tp: 0.00
0	23:10:14.055	'27143750': modify order #76382689 sell 0.20 [DJI30] at 30210.70 sl: 30231.39 tp: 0.00 -> sl: 30208.78 tp: 0.00
0	23:10:14.324	'27143750': order #76382689 sell 0.20 [DJI30] at 30210.70 was modified -> sl: 30208.78 tp: 0.00
0	23:10:27.086	'27143750': modify order #76382689 sell 0.20 [DJI30] at 30210.70 sl: 30208.78 tp: 0.00 -> sl: 30205.61 tp: 0.00
0	23:10:27.385	'27143750': order #76382689 sell 0.20 [DJI30] at 30210.70 was modified -> sl: 30205.61 tp: 0.00
0	23:11:13.420	'27143750': modify order #76382689 sell 0.20 [DJI30] at 30210.70 sl: 30205.61 tp: 0.00 -> sl: 30199.00 tp: 0.00
0	23:11:13.696	'27143750': order #76382689 sell 0.20 [DJI30] at 30210.70 was modified -> sl: 30199.00 tp: 0.00
0	23:13:20.837	'27143750': order #76382689 sell 0.20 [DJI30] at 30210.70 closed due stop-loss at price 30199.35
0	23:14:42.898	'27143750': modify order #76378744 sell 0.30 [DAX30] at 13352.79 sl: 13440.00 tp: 0.00 -> sl: 13440.00 tp: 13325.00
0	23:14:43.165	'27143750': order #76378744 sell 0.30 [DAX30] at 13352.79 was modified -> sl: 13440.00 tp: 13325.00
0	23:17:05.731	'27143750': order sell market 0.20 [DJI30] sl: 0.00 tp: 0.00
0	23:17:06.161	'27143750': order was opened : #76383101 sell 0.20 [DJI30] at 30198.93 sl: 0.00 tp: 0.00
0	23:17:13.808	'27143750': modify order #76383101 sell 0.20 [DJI30] at 30198.93 sl: 0.00 tp: 0.00 -> sl: 30226.23 tp: 0.00
0	23:17:14.087	'27143750': order #76383101 sell 0.20 [DJI30] at 30198.93 was modified -> sl: 30226.23 tp: 0.00
0	23:18:10.382	'27143750': modify order #76383101 sell 0.20 [DJI30] at 30198.93 sl: 30226.23 tp: 0.00 -> sl: 30198.70 tp: 0.00
0	23:18:10.660	'27143750': order #76383101 sell 0.20 [DJI30] at 30198.93 was modified -> sl: 30198.70 tp: 0.00
0	23:18:27.657	'27143750': order #76383101 sell 0.20 [DJI30] at 30198.93 closed due stop-loss at price 30200.44
0	23:21:11.440	'27143750': modify order #76378744 sell 0.30 [DAX30] at 13352.79 sl: 13440.00 tp: 13325.00 -> sl: 13440.00 tp: 13285.00
0	23:21:11.725	'27143750': order #76378744 sell 0.30 [DAX30] at 13352.79 was modified -> sl: 13440.00 tp: 13285.00
0	23:23:31.948	'27143750': order sell market 0.20 [DJI30] sl: 0.00 tp: 0.00
0	23:23:32.368	'27143750': order was opened : #76383343 sell 0.20 [DJI30] at 30195.44 sl: 0.00 tp: 0.00
0	23:23:39.878	'27143750': modify order #76383343 sell 0.20 [DJI30] at 30195.44 sl: 0.00 tp: 0.00 -> sl: 30216.43 tp: 0.00
0	23:23:40.137	'27143750': order #76383343 sell 0.20 [DJI30] at 30195.44 was modified -> sl: 30216.43 tp: 0.00
0	23:23:55.021	'27143750': modify order #76383343 sell 0.20 [DJI30] at 30195.44 sl: 30216.43 tp: 0.00 -> sl: 30194.55 tp: 0.00
0	23:23:55.294	'27143750': order #76383343 sell 0.20 [DJI30] at 30195.44 was modified -> sl: 30194.55 tp: 0.00
0	23:24:06.923	'27143750': order #76383343 sell 0.20 [DJI30] at 30195.44 closed due stop-loss at price 30198.53
0	23:24:38.733	'27143750': order sell market 0.20 [DJI30] sl: 0.00 tp: 0.00
0	23:24:39.277	'27143750': order was opened : #76383375 sell 0.20 [DJI30] at 30194.01 sl: 0.00 tp: 0.00
0	23:24:51.135	'27143750': modify order #76383375 sell 0.20 [DJI30] at 30194.01 sl: 0.00 tp: 0.00 -> sl: 30216.05 tp: 0.00
0	23:24:51.703	'27143750': order #76383375 sell 0.20 [DJI30] at 30194.01 was modified -> sl: 30216.05 tp: 0.00
0	23:25:36.637	'27143750': order #76383375 sell 0.20 [DJI30] at 30194.01 closed due stop-loss at price 30216.42
0	23:28:44.089	'27143750': order sell market 0.20 [DJI30] sl: 0.00 tp: 0.00
0	23:28:44.626	'27143750': order was opened : #76383506 sell 0.20 [DJI30] at 30208.77 sl: 0.00 tp: 0.00
0	23:28:52.962	'27143750': modify order #76383506 sell 0.20 [DJI30] at 30208.77 sl: 0.00 tp: 0.00 -> sl: 30220.58 tp: 0.00
0	23:28:53.233	'27143750': order #76383506 sell 0.20 [DJI30] at 30208.77 was modified -> sl: 30220.58 tp: 0.00
0	23:30:37.503	'27143750': modify order #76383506 sell 0.20 [DJI30] at 30208.77 sl: 30220.58 tp: 0.00 -> sl: 30207.00 tp: 0.00
0	23:30:37.794	'27143750': order #76383506 sell 0.20 [DJI30] at 30208.77 was modified -> sl: 30207.00 tp: 0.00
0	23:31:47.523	'27143750': modify order #76383506 sell 0.20 [DJI30] at 30208.77 sl: 30207.00 tp: 0.00 -> sl: 30201.34 tp: 0.00
0	23:31:47.795	'27143750': order #76383506 sell 0.20 [DJI30] at 30208.77 was modified -> sl: 30201.34 tp: 0.00
0	23:32:23.370	'27143750': modify order #76383506 sell 0.20 [DJI30] at 30208.77 sl: 30201.34 tp: 0.00 -> sl: 30191.63 tp: 0.00
0	23:32:23.653	'27143750': order #76383506 sell 0.20 [DJI30] at 30208.77 was modified -> sl: 30191.63 tp: 0.00
0	23:32:39.309	'27143750': modify order #76383506 sell 0.20 [DJI30] at 30208.77 sl: 30191.63 tp: 0.00 -> sl: 30184.80 tp: 0.00
0	23:32:39.575	'27143750': order #76383506 sell 0.20 [DJI30] at 30208.77 was modified -> sl: 30184.80 tp: 0.00
0	23:32:52.826	'27143750': modify order #76383506 sell 0.20 [DJI30] at 30208.77 sl: 30184.80 tp: 0.00 -> sl: 30180.16 tp: 0.00
0	23:32:53.090	'27143750': order #76383506 sell 0.20 [DJI30] at 30208.77 was modified -> sl: 30180.16 tp: 0.00
0	23:33:06.021	'27143750': modify order #76378744 sell 0.30 [DAX30] at 13352.79 sl: 13440.00 tp: 13285.00 -> sl: 13353.35 tp: 13285.00
0	23:33:06.293	'27143750': order #76378744 sell 0.30 [DAX30] at 13352.79 was modified -> sl: 13353.35 tp: 13285.00
0	23:33:09.536	'27143750': modify order #76378744 sell 0.30 [DAX30] at 13352.79 sl: 13353.35 tp: 13285.00 -> sl: 13352.22 tp: 13285.00
0	23:33:09.792	'27143750': order #76378744 sell 0.30 [DAX30] at 13352.79 was modified -> sl: 13352.22 tp: 13285.00
0	23:33:20.913	'27143750': modify order #76383506 sell 0.20 [DJI30] at 30208.77 sl: 30180.16 tp: 0.00 -> sl: 30174.60 tp: 0.00
0	23:33:21.204	'27143750': order #76383506 sell 0.20 [DJI30] at 30208.77 was modified -> sl: 30174.60 tp: 0.00
0	23:33:22.434	'27143750': order #76383506 sell 0.20 [DJI30] at 30208.77 closed due stop-loss at price 30175.35
0	23:33:23.047	'27143750': order #76378744 sell 0.30 [DAX30] at 13352.79 closed due stop-loss at price 13352.58
0	23:34:22.533	'27143750': order sell market 0.20 [DAX30] sl: 0.00 tp: 0.00
0	23:34:23.176	'27143750': order was opened : #76383786 sell 0.20 [DAX30] at 13344.27 sl: 0.00 tp: 0.00
0	23:34:36.716	'27143750': modify order #76383786 sell 0.20 [DAX30] at 13344.27 sl: 0.00 tp: 0.00 -> sl: 13358.60 tp: 0.00
0	23:34:36.978	'27143750': order #76383786 sell 0.20 [DAX30] at 13344.27 was modified -> sl: 13358.60 tp: 0.00
0	23:35:55.418	'27143750': modify order #76383786 sell 0.20 [DAX30] at 13344.27 sl: 13358.60 tp: 0.00 -> sl: 13343.02 tp: 0.00
0	23:35:55.681	'27143750': order #76383786 sell 0.20 [DAX30] at 13344.27 was modified -> sl: 13343.02 tp: 0.00
0	23:36:11.486	'27143750': order #76383786 sell 0.20 [DAX30] at 13344.27 closed due stop-loss at price 13343.07
