0	03:02:38.443	Admiral Markets build 1280 started (Admiral Markets Group AS)
0	03:02:38.443	Windows 10 Pro x64, IE 11, UAC, 8 x Intel Core i7-10510U  @ 1.80GHz, Memory: 1370 / 8014 Mb, Disk: 3 / 237 Gb, GMT+3
0	03:02:38.443	Data Folder: C:\Users\SRIE\AppData\Roaming\MetaQuotes\Terminal\51337600F56B69473E15EAFB8A7586B4
2	03:02:41.989	Custom indicator AIMS Levels V2 [DAX30],H1: loaded successfully
2	03:02:42.052	Custom indicator AIMS Entry Alert V1 [DAX30],H1: loaded successfully
2	03:02:42.059	Custom indicator CandleTimer [DAX30],H1: loaded successfully
2	03:02:42.123	Custom indicator #Signal_Bars_v6 [DAX30],H1: loaded successfully
2	03:02:42.130	Custom indicator TrendEnvelopes_v1 [DAX30],H1: loaded successfully
2	03:02:42.136	Custom indicator guppy_multiple_moving_averages [DAX30],H1: loaded successfully
2	03:02:42.144	Custom indicator wedges [DAX30],H1: loaded successfully
2	03:02:42.152	Custom indicator Admiral Pivot [DAX30],H1: loaded successfully
2	03:02:42.158	Custom indicator AutoTrendChannel [DAX30],H1: loaded successfully
2	03:02:42.165	Custom indicator FRZ Channel Auto Plotter [DAX30],H1: loaded successfully
2	03:02:42.173	Custom indicator FRZ News Indicator MT4 [DAX30],H1: loaded successfully
2	03:02:42.236	Custom indicator AIMS AO V.2.1 [DAX30],H1: loaded successfully
2	03:02:42.244	Custom indicator IVT_MACD_ZERO_LAG [DAX30],H1: loaded successfully
2	03:02:42.251	Custom indicator RSI Divergence Levels [DAX30],H1: loaded successfully
2	03:02:42.260	Custom indicator JoeChalhoub_FXForecasterV1 [DAX30],H1: loaded successfully
2	03:02:42.268	Custom indicator TDI-With_Alerts [DAX30],H1: loaded successfully
2	03:02:42.275	Custom indicator FRZ Forex Market Session Indicator [DAX30],H1: loaded successfully
2	03:02:43.751	Custom indicator AIMS Levels V2 [DJI30],H1: loaded successfully
2	03:02:43.813	Custom indicator AIMS Entry Alert V1 [DJI30],H1: loaded successfully
2	03:02:43.819	Custom indicator CandleTimer [DJI30],H1: loaded successfully
2	03:02:43.881	Custom indicator #Signal_Bars_v6 [DJI30],H1: loaded successfully
2	03:02:43.888	Custom indicator TrendEnvelopes_v1 [DJI30],H1: loaded successfully
2	03:02:43.894	Custom indicator guppy_multiple_moving_averages [DJI30],H1: loaded successfully
2	03:02:43.902	Custom indicator wedges [DJI30],H1: loaded successfully
2	03:02:43.909	Custom indicator Admiral Pivot [DJI30],H1: loaded successfully
2	03:02:43.916	Custom indicator AutoTrendChannel [DJI30],H1: loaded successfully
2	03:02:43.923	Custom indicator FRZ Channel Auto Plotter [DJI30],H1: loaded successfully
2	03:02:43.932	Custom indicator FRZ News Indicator MT4 [DJI30],H1: loaded successfully
2	03:02:43.995	Custom indicator AIMS AO V.2.1 [DJI30],H1: loaded successfully
2	03:02:44.002	Custom indicator IVT_MACD_ZERO_LAG [DJI30],H1: loaded successfully
2	03:02:44.009	Custom indicator RSI Divergence Levels [DJI30],H1: loaded successfully
2	03:02:44.018	Custom indicator JoeChalhoub_FXForecasterV1 [DJI30],H1: loaded successfully
2	03:02:44.025	Custom indicator TDI-With_Alerts [DJI30],H1: loaded successfully
2	03:02:44.032	Custom indicator FRZ Forex Market Session Indicator [DJI30],H1: loaded successfully
2	03:02:44.425	Custom indicator AIMS Levels V2 [NQ100],M5: loaded successfully
2	03:02:44.487	Custom indicator AIMS Entry Alert V1 [NQ100],M5: loaded successfully
2	03:02:44.493	Custom indicator CandleTimer [NQ100],M5: loaded successfully
2	03:02:44.556	Custom indicator #Signal_Bars_v6 [NQ100],M5: loaded successfully
2	03:02:44.563	Custom indicator TrendEnvelopes_v1 [NQ100],M5: loaded successfully
2	03:02:44.570	Custom indicator guppy_multiple_moving_averages [NQ100],M5: loaded successfully
2	03:02:44.577	Custom indicator wedges [NQ100],M5: loaded successfully
2	03:02:44.584	Custom indicator Admiral Pivot [NQ100],M5: loaded successfully
2	03:02:44.590	Custom indicator AutoTrendChannel [NQ100],M5: loaded successfully
2	03:02:44.597	Custom indicator FRZ Channel Auto Plotter [NQ100],M5: loaded successfully
2	03:02:44.606	Custom indicator FRZ News Indicator MT4 [NQ100],M5: loaded successfully
2	03:02:44.671	Custom indicator AIMS AO V.2.1 [NQ100],M5: loaded successfully
2	03:02:44.678	Custom indicator IVT_MACD_ZERO_LAG [NQ100],M5: loaded successfully
2	03:02:44.686	Custom indicator RSI Divergence Levels [NQ100],M5: loaded successfully
2	03:02:44.694	Custom indicator JoeChalhoub_FXForecasterV1 [NQ100],M5: loaded successfully
2	03:02:44.701	Custom indicator FRZ Forex Market Session Indicator [NQ100],M5: loaded successfully
2	03:02:45.046	Expert !!Sentinel PAT Scanner-v1.01 EURUSD,H1: loaded successfully
2	03:02:45.122	Custom indicator AIMS Levels V2 [CAC40],M5: loaded successfully
2	03:02:45.184	Custom indicator AIMS Entry Alert V1 [CAC40],M5: loaded successfully
2	03:02:45.190	Custom indicator CandleTimer [CAC40],M5: loaded successfully
2	03:02:45.251	Custom indicator #Signal_Bars_v6 [CAC40],M5: loaded successfully
2	03:02:45.259	Custom indicator TrendEnvelopes_v1 [CAC40],M5: loaded successfully
2	03:02:45.266	Custom indicator guppy_multiple_moving_averages [CAC40],M5: loaded successfully
2	03:02:45.273	Custom indicator wedges [CAC40],M5: loaded successfully
2	03:02:45.280	Custom indicator Admiral Pivot [CAC40],M5: loaded successfully
2	03:02:45.286	Custom indicator AutoTrendChannel [CAC40],M5: loaded successfully
2	03:02:45.294	Custom indicator FRZ Channel Auto Plotter [CAC40],M5: loaded successfully
2	03:02:45.302	Custom indicator FRZ News Indicator MT4 [CAC40],M5: loaded successfully
2	03:02:45.365	Custom indicator AIMS AO V.2.1 [CAC40],M5: loaded successfully
2	03:02:45.372	Custom indicator IVT_MACD_ZERO_LAG [CAC40],M5: loaded successfully
2	03:02:45.379	Custom indicator RSI Divergence Levels [CAC40],M5: loaded successfully
2	03:02:45.387	Custom indicator JoeChalhoub_FXForecasterV1 [CAC40],M5: loaded successfully
2	03:02:45.397	Custom indicator TDI-With_Alerts [CAC40],M5: loaded successfully
2	03:02:45.404	Custom indicator FRZ Forex Market Session Indicator [CAC40],M5: loaded successfully
2	03:02:45.860	Custom indicator AIMS Levels V2 GOLD,H1: loaded successfully
2	03:02:45.923	Custom indicator AIMS Entry Alert V1 GOLD,H1: loaded successfully
2	03:02:45.929	Custom indicator CandleTimer GOLD,H1: loaded successfully
2	03:02:45.993	Custom indicator #Signal_Bars_v6 GOLD,H1: loaded successfully
2	03:02:46.000	Custom indicator TrendEnvelopes_v1 GOLD,H1: loaded successfully
2	03:02:46.007	Custom indicator guppy_multiple_moving_averages GOLD,H1: loaded successfully
2	03:02:46.014	Custom indicator wedges GOLD,H1: loaded successfully
2	03:02:46.022	Custom indicator Admiral Pivot GOLD,H1: loaded successfully
2	03:02:46.029	Custom indicator AutoTrendChannel GOLD,H1: loaded successfully
2	03:02:46.036	Custom indicator FRZ Channel Auto Plotter GOLD,H1: loaded successfully
2	03:02:46.044	Custom indicator FRZ News Indicator MT4 GOLD,H1: loaded successfully
2	03:02:46.109	Custom indicator AIMS AO V.2.1 GOLD,H1: loaded successfully
2	03:02:46.116	Custom indicator IVT_MACD_ZERO_LAG GOLD,H1: loaded successfully
2	03:02:46.124	Custom indicator RSI Divergence Levels GOLD,H1: loaded successfully
2	03:02:46.133	Custom indicator JoeChalhoub_FXForecasterV1 GOLD,H1: loaded successfully
2	03:02:46.141	Custom indicator TDI-With_Alerts GOLD,H1: loaded successfully
2	03:02:46.149	Custom indicator FRZ Forex Market Session Indicator GOLD,H1: loaded successfully
2	03:02:46.531	Custom indicator AIMS Levels V2 AUDUSD,M5: loaded successfully
2	03:02:46.593	Custom indicator AIMS Entry Alert V1 AUDUSD,M5: loaded successfully
2	03:02:46.600	Custom indicator CandleTimer AUDUSD,M5: loaded successfully
2	03:02:46.661	Custom indicator #Signal_Bars_v6 AUDUSD,M5: loaded successfully
2	03:02:46.668	Custom indicator TrendEnvelopes_v1 AUDUSD,M5: loaded successfully
2	03:02:46.675	Custom indicator guppy_multiple_moving_averages AUDUSD,M5: loaded successfully
2	03:02:46.683	Custom indicator wedges AUDUSD,M5: loaded successfully
2	03:02:46.691	Custom indicator Admiral Pivot AUDUSD,M5: loaded successfully
2	03:02:46.697	Custom indicator AutoTrendChannel AUDUSD,M5: loaded successfully
2	03:02:46.704	Custom indicator FRZ Channel Auto Plotter AUDUSD,M5: loaded successfully
2	03:02:46.713	Custom indicator FRZ News Indicator MT4 AUDUSD,M5: loaded successfully
2	03:02:46.775	Custom indicator AIMS AO V.2.1 AUDUSD,M5: loaded successfully
2	03:02:46.782	Custom indicator IVT_MACD_ZERO_LAG AUDUSD,M5: loaded successfully
2	03:02:46.790	Custom indicator RSI Divergence Levels AUDUSD,M5: loaded successfully
2	03:02:46.798	Custom indicator JoeChalhoub_FXForecasterV1 AUDUSD,M5: loaded successfully
2	03:02:46.806	Custom indicator TDI-With_Alerts AUDUSD,M5: loaded successfully
2	03:02:46.813	Custom indicator FRZ Forex Market Session Indicator AUDUSD,M5: loaded successfully
2	03:02:47.634	Custom indicator AIMS Levels V2 EURNZD,M15: loaded successfully
2	03:02:47.699	Custom indicator AIMS Entry Alert V1 EURNZD,M15: loaded successfully
2	03:02:47.705	Custom indicator CandleTimer EURNZD,M15: loaded successfully
2	03:02:47.766	Custom indicator #Signal_Bars_v6 EURNZD,M15: loaded successfully
2	03:02:47.773	Custom indicator TrendEnvelopes_v1 EURNZD,M15: loaded successfully
2	03:02:47.780	Custom indicator guppy_multiple_moving_averages EURNZD,M15: loaded successfully
2	03:02:47.787	Custom indicator wedges EURNZD,M15: loaded successfully
2	03:02:47.794	Custom indicator Admiral Pivot EURNZD,M15: loaded successfully
2	03:02:47.801	Custom indicator AutoTrendChannel EURNZD,M15: loaded successfully
2	03:02:47.808	Custom indicator FRZ Channel Auto Plotter EURNZD,M15: loaded successfully
2	03:02:47.816	Custom indicator FRZ News Indicator MT4 EURNZD,M15: loaded successfully
2	03:02:47.879	Custom indicator AIMS AO V.2.1 EURNZD,M15: loaded successfully
2	03:02:47.885	Custom indicator IVT_MACD_ZERO_LAG EURNZD,M15: loaded successfully
2	03:02:47.892	Custom indicator RSI Divergence Levels EURNZD,M15: loaded successfully
2	03:02:47.900	Custom indicator JoeChalhoub_FXForecasterV1 EURNZD,M15: loaded successfully
2	03:02:47.908	Custom indicator TDI-With_Alerts EURNZD,M15: loaded successfully
2	03:02:47.915	Custom indicator FRZ Forex Market Session Indicator EURNZD,M15: loaded successfully
2	03:02:48.481	Custom indicator AIMS Levels V2 AUDNZD,H1: loaded successfully
2	03:02:48.543	Custom indicator AIMS Entry Alert V1 AUDNZD,H1: loaded successfully
2	03:02:48.549	Custom indicator CandleTimer AUDNZD,H1: loaded successfully
2	03:02:48.611	Custom indicator #Signal_Bars_v6 AUDNZD,H1: loaded successfully
2	03:02:48.618	Custom indicator TrendEnvelopes_v1 AUDNZD,H1: loaded successfully
2	03:02:48.625	Custom indicator guppy_multiple_moving_averages AUDNZD,H1: loaded successfully
2	03:02:48.633	Custom indicator wedges AUDNZD,H1: loaded successfully
2	03:02:48.640	Custom indicator Admiral Pivot AUDNZD,H1: loaded successfully
2	03:02:48.647	Custom indicator AutoTrendChannel AUDNZD,H1: loaded successfully
2	03:02:48.654	Custom indicator FRZ Channel Auto Plotter AUDNZD,H1: loaded successfully
2	03:02:48.662	Custom indicator FRZ News Indicator MT4 AUDNZD,H1: loaded successfully
2	03:02:48.728	Custom indicator AIMS AO V.2.1 AUDNZD,H1: loaded successfully
2	03:02:48.735	Custom indicator IVT_MACD_ZERO_LAG AUDNZD,H1: loaded successfully
2	03:02:48.743	Custom indicator RSI Divergence Levels AUDNZD,H1: loaded successfully
2	03:02:48.751	Custom indicator JoeChalhoub_FXForecasterV1 AUDNZD,H1: loaded successfully
2	03:02:48.759	Custom indicator TDI-With_Alerts AUDNZD,H1: loaded successfully
2	03:02:48.766	Custom indicator FRZ Forex Market Session Indicator AUDNZD,H1: loaded successfully
0	03:02:51.961	'23971532': login on AdmiralMarkets-Demo through Access Point #7 (ping: 593.17 ms)
0	03:02:56.462	'23971532': login datacenter on AdmiralMarkets-Demo through Access Point #7 (ping: 593.17 ms)
0	03:02:57.705	'23971532': previous successful authorization performed from 197.149.39.57
0	03:03:10.244	'23971532': auto connecting to a better access point Access Point #4 (ping is 218.21 ms)
0	03:03:11.031	'23971532': login on AdmiralMarkets-Demo through Access Point #4 (ping: 218.21 ms)
0	03:03:12.566	'23971532': login datacenter on AdmiralMarkets-Demo through Access Point #4 (ping: 218.21 ms)
0	03:03:13.116	'23971532': previous successful authorization performed from 197.149.39.57
1	03:03:36.498	'23971532': datacenter connecting failed [6]
0	03:03:37.287	'23971532': login on AdmiralMarkets-Demo through Access Point #6 (ping: 222.50 ms)
0	03:03:39.411	'23971532': login datacenter on AdmiralMarkets-Demo through Access Point #6 (ping: 222.50 ms)
0	03:03:39.952	'23971532': previous successful authorization performed from 197.149.39.57
0	05:53:47.153	'23971532': order sell market 1.00 [NQ100] sl: 0.00 tp: 0.00
0	05:53:47.534	'23971532': order was opened : #198026363 sell 1.00 [NQ100] at 12022.79 sl: 0.00 tp: 0.00
0	07:41:31.706	'23971532': order sell market 1.00 GOLD sl: 0.000 tp: 0.000
0	07:41:32.062	'23971532': order was opened : #198031107 sell 1.00 GOLD at 1938.970 sl: 0.000 tp: 0.000
0	07:43:28.385	'23971532': modify order #198031107 sell 1.00 GOLD at 1938.970 sl: 0.000 tp: 0.000 -> sl: 1952.626 tp: 0.000
0	07:43:28.670	'23971532': order #198031107 sell 1.00 GOLD at 1938.970 was modified -> sl: 1952.626 tp: 0.000
0	07:43:50.759	'23971532': modify order #198031107 sell 1.00 GOLD at 1938.970 sl: 1952.626 tp: 0.000 -> sl: 0.000 tp: 0.000
0	07:43:51.088	'23971532': order #198031107 sell 1.00 GOLD at 1938.970 was modified -> sl: 0.000 tp: 0.000
2	07:44:50.084	Custom indicator AIMS Levels V2 [DJI30],M1: removed
2	07:44:50.085	Custom indicator AIMS Entry Alert V1 [DJI30],M1: removed
2	07:44:50.086	Custom indicator CandleTimer [DJI30],M1: removed
2	07:44:50.087	Custom indicator #Signal_Bars_v6 [DJI30],M1: removed
2	07:44:50.089	Custom indicator TrendEnvelopes_v1 [DJI30],M1: removed
2	07:44:50.092	Custom indicator guppy_multiple_moving_averages [DJI30],M1: removed
2	07:44:50.097	Custom indicator wedges [DJI30],M1: removed
2	07:44:50.099	Custom indicator Admiral Pivot [DJI30],M1: removed
2	07:44:50.100	Custom indicator AutoTrendChannel [DJI30],M1: removed
2	07:44:50.101	Custom indicator FRZ Channel Auto Plotter [DJI30],M1: removed
2	07:44:50.103	Custom indicator FRZ News Indicator MT4 [DJI30],M1: removed
2	07:44:50.104	Custom indicator AIMS AO V.2.1 [DJI30],M1: removed
2	07:44:50.106	Custom indicator IVT_MACD_ZERO_LAG [DJI30],M1: removed
2	07:44:50.107	Custom indicator RSI Divergence Levels [DJI30],M1: removed
2	07:44:50.109	Custom indicator JoeChalhoub_FXForecasterV1 [DJI30],M1: removed
2	07:44:50.111	Custom indicator TDI-With_Alerts [DJI30],M1: removed
2	07:44:50.112	Custom indicator FRZ Forex Market Session Indicator [DJI30],M1: removed
2	07:44:50.279	Custom indicator AIMS Levels V2 [DJI30],M1: loaded successfully
2	07:44:50.347	Custom indicator AIMS Entry Alert V1 [DJI30],M1: loaded successfully
2	07:44:50.354	Custom indicator CandleTimer [DJI30],M1: loaded successfully
2	07:44:50.419	Custom indicator #Signal_Bars_v6 [DJI30],M1: loaded successfully
2	07:44:50.428	Custom indicator TrendEnvelopes_v1 [DJI30],M1: loaded successfully
2	07:44:50.436	Custom indicator guppy_multiple_moving_averages [DJI30],M1: loaded successfully
2	07:44:50.445	Custom indicator wedges [DJI30],M1: loaded successfully
2	07:44:50.454	Custom indicator Admiral Pivot [DJI30],M1: loaded successfully
2	07:44:50.461	Custom indicator AutoTrendChannel [DJI30],M1: loaded successfully
2	07:44:50.469	Custom indicator FRZ Channel Auto Plotter [DJI30],M1: loaded successfully
2	07:44:50.479	Custom indicator FRZ News Indicator MT4 [DJI30],M1: loaded successfully
2	07:44:50.545	Custom indicator AIMS AO V.2.1 [DJI30],M1: loaded successfully
2	07:44:50.554	Custom indicator IVT_MACD_ZERO_LAG [DJI30],M1: loaded successfully
2	07:44:50.562	Custom indicator RSI Divergence Levels [DJI30],M1: loaded successfully
2	07:44:50.577	Custom indicator JoeChalhoub_FXForecasterV1 [DJI30],M1: loaded successfully
2	07:44:50.586	Custom indicator TDI-With_Alerts [DJI30],M1: loaded successfully
2	07:44:50.595	Custom indicator FRZ Forex Market Session Indicator [DJI30],M1: loaded successfully
0	07:45:12.252	'23971532': order sell market 1.00 [DJI30] sl: 0.00 tp: 0.00
0	07:45:12.943	'23971532': order was opened : #198031199 sell 1.00 [DJI30] at 28244.78 sl: 0.00 tp: 0.00
1	11:18:19.381	'23971532': datacenter connecting failed [6]
1	11:18:22.237	'23971532': connect failed [Connection échouée]
1	11:18:28.334	MQL5.community: authorization failed
