0	02:34:05.259	'8221994': order #244124813 buy 0.01 USDJPY at 107.764 closed due take-profit at price 107.838
0	02:34:50.222	'8221994': instant order sell 0.02 USDJPY at 107.845 sl: 0.000 tp: 0.000
0	02:34:51.010	'8221994': order was opened : #244135082 sell 0.02 USDJPY at 107.845 sl: 0.000 tp: 0.000
0	02:34:51.038	'8221994': modify order #244135082 sell 0.02 USDJPY at 107.845 sl: 0.000 tp: 0.000 -> sl: 0.000 tp: 107.727
0	02:34:51.431	'8221994': order #244135082 sell 0.02 USDJPY at 107.845 was modified -> sl: 0.000 tp: 107.727
0	02:34:51.431	'8221994': modify order #244126870 sell 0.01 USDJPY at 107.712 sl: 0.000 tp: 107.638 -> sl: 0.000 tp: 107.727
0	02:34:51.861	'8221994': order #244126870 sell 0.01 USDJPY at 107.712 was modified -> sl: 0.000 tp: 107.727
0	02:34:51.959	'8221994': instant order buy 0.01 USDJPY at 107.851 sl: 0.000 tp: 0.000
0	02:34:52.589	'8221994': order was opened : #244135099 buy 0.01 USDJPY at 107.851 sl: 0.000 tp: 0.000
0	02:34:52.590	'8221994': modify order #244135099 buy 0.01 USDJPY at 107.851 sl: 0.000 tp: 0.000 -> sl: 0.000 tp: 107.925
0	02:34:52.976	'8221994': order #244135099 buy 0.01 USDJPY at 107.851 was modified -> sl: 0.000 tp: 107.925
0	04:13:24.181	'8221994': order #244126870 sell 0.01 USDJPY at 107.712 closed due take-profit at price 107.727
0	04:13:24.237	'8221994': order #244135082 sell 0.02 USDJPY at 107.845 closed due take-profit at price 107.727
0	04:15:51.154	'8221994': instant order buy 0.02 USDJPY at 107.719 sl: 0.000 tp: 0.000
0	04:15:51.868	'8221994': order was opened : #244144816 buy 0.02 USDJPY at 107.723 sl: 0.000 tp: 0.000
0	04:15:51.879	'8221994': modify order #244144816 buy 0.02 USDJPY at 107.723 sl: 0.000 tp: 0.000 -> sl: 0.000 tp: 107.840
0	04:15:52.418	'8221994': order #244144816 buy 0.02 USDJPY at 107.723 was modified -> sl: 0.000 tp: 107.840
0	04:15:52.419	'8221994': modify order #244135099 buy 0.01 USDJPY at 107.851 sl: 0.000 tp: 107.925 -> sl: 0.000 tp: 107.840
0	04:15:52.834	'8221994': order #244135099 buy 0.01 USDJPY at 107.851 was modified -> sl: 0.000 tp: 107.840
0	04:31:23.796	'14109544': login on Exness-Real4 through DC00 (ping: 216.03 ms)
0	04:31:31.552	'14109544': login datacenter on Exness-Real4 through DC00 (ping: 216.03 ms)
0	04:31:32.204	'14109544': previous successful authorization performed from 220.242.139.62
0	04:31:46.897	'14109544': ping to current access point DC00 is 214.11 ms
0	04:31:51.044	'14109544': instant order sell 0.01 USDJPY at 107.694 sl: 0.000 tp: 0.000
0	04:31:51.368	'14109544': order was opened : #188209986 sell 0.01 USDJPY at 107.694 sl: 0.000 tp: 0.000
0	04:31:51.393	'14109544': modify order #188209986 sell 0.01 USDJPY at 107.694 sl: 0.000 tp: 0.000 -> sl: 0.000 tp: 107.620
0	04:31:56.258	'14109544': order #188209986 sell 0.01 USDJPY at 107.694 was modified -> sl: 0.000 tp: 107.620
0	04:31:56.258	'14109544': instant order buy 0.01 USDJPY at 107.701 sl: 0.000 tp: 0.000
0	04:31:56.751	'14109544': order was opened : #188209996 buy 0.01 USDJPY at 107.701 sl: 0.000 tp: 0.000
0	04:31:56.751	'14109544': modify order #188209996 buy 0.01 USDJPY at 107.701 sl: 0.000 tp: 0.000 -> sl: 0.000 tp: 107.775
0	04:32:01.305	'14109544': order #188209996 buy 0.01 USDJPY at 107.701 was modified -> sl: 0.000 tp: 107.775
2	04:32:12.616	Expert Forex Hacked PRO USDJPY,M1: removed
0	04:32:16.851	'14109544': close order #188209986 sell 0.01 USDJPY at 107.694 sl: 0.000 tp: 107.620 at price 107.712
0	04:32:18.608	'14109544': order #188209986 sell 0.01 USDJPY at 107.694 sl: 0.000 tp: 107.620 closed at price 107.712
0	04:32:19.775	'14109544': close order #188209996 buy 0.01 USDJPY at 107.701 sl: 0.000 tp: 107.775 at price 107.703
0	04:32:21.992	'14109544': order #188209996 buy 0.01 USDJPY at 107.701 sl: 0.000 tp: 107.775 closed at price 107.703
0	04:53:09.078	'14109544': order #188178907 sell 0.50 FR40 at 5098.83 closed due stop-loss at price 5140.00
0	05:19:52.745	'14109544': login on Exness-Real4 through DC00 (ping: 214.11 ms)
0	05:19:54.893	'14109544': login datacenter on Exness-Real4 through DC00 (ping: 214.11 ms)
0	05:19:55.545	'14109544': previous successful authorization performed from 220.242.139.62
2	06:06:30.376	Custom indicator ForexProfitSupreme Meter GBPAUD,H1: removed
2	06:06:30.438	Custom indicator Forexprofitsupreme Bars GBPAUD,H1: removed
2	06:06:30.525	Custom indicator Forexprofitsupreme Signal GBPAUD,H1: removed
2	06:06:30.573	Custom indicator ForexprofitsupremeClock GBPAUD,H1: removed
2	06:06:30.588	Custom indicator ForexprofitsupremeFilter GBPAUD,H1: removed
2	06:06:30.640	Custom indicator ForexprofitsupremeDline GBPAUD,H1: removed
2	06:06:31.012	Custom indicator ForexProfitSupreme Meter GBPAUD,H1: loaded successfully
2	06:06:31.129	Custom indicator Forexprofitsupreme Bars GBPAUD,H1: loaded successfully
2	06:06:31.207	Custom indicator Forexprofitsupreme Signal GBPAUD,H1: loaded successfully
2	06:06:31.287	Custom indicator ForexprofitsupremeClock GBPAUD,H1: loaded successfully
2	06:06:31.450	Custom indicator ForexprofitsupremeFilter GBPAUD,H1: loaded successfully
2	06:06:31.542	Custom indicator ForexprofitsupremeDline GBPAUD,H1: loaded successfully
2	06:06:44.032	Custom indicator ForexProfitSupreme Meter GBPAUD,H1: removed
2	06:06:44.032	Custom indicator Forexprofitsupreme Bars GBPAUD,H1: removed
2	06:06:44.032	Custom indicator Forexprofitsupreme Signal GBPAUD,H1: removed
2	06:06:44.032	Custom indicator ForexprofitsupremeClock GBPAUD,H1: removed
2	06:06:44.032	Custom indicator ForexprofitsupremeFilter GBPAUD,H1: removed
2	06:06:44.039	Custom indicator ForexprofitsupremeDline GBPAUD,H1: removed
2	06:06:44.149	Custom indicator e-Rainbow_01 GBPAUD,H1: loaded successfully
2	06:06:44.235	Custom indicator e-Rainbow_02 GBPAUD,H1: loaded successfully
2	06:06:44.311	Custom indicator e-Rainbow_03 GBPAUD,H1: loaded successfully
2	06:06:44.441	Custom indicator e-Rainbow_04 GBPAUD,H1: loaded successfully
2	06:06:44.522	Custom indicator e-Rainbow_05 GBPAUD,H1: loaded successfully
2	06:06:44.602	Custom indicator e-Rainbow_06 GBPAUD,H1: loaded successfully
2	06:06:44.681	Custom indicator e-Rainbow_07 GBPAUD,H1: loaded successfully
2	06:06:44.772	Custom indicator e-Rainbow_08 GBPAUD,H1: loaded successfully
2	06:06:44.854	Custom indicator e-Rainbow_09 GBPAUD,H1: loaded successfully
2	06:06:44.934	Custom indicator e-Rainbow_10 GBPAUD,H1: loaded successfully
2	06:06:45.018	Custom indicator e-Rainbow_11 GBPAUD,H1: loaded successfully
2	06:06:45.098	Custom indicator e-Rainbow_12 GBPAUD,H1: loaded successfully
2	06:09:21.349	Custom indicator e-Rainbow_01 GBPAUD,M1: removed
2	06:09:21.349	Custom indicator e-Rainbow_02 GBPAUD,M1: removed
2	06:09:21.349	Custom indicator e-Rainbow_03 GBPAUD,M1: removed
2	06:09:21.369	Custom indicator e-Rainbow_04 GBPAUD,M1: removed
2	06:09:21.414	Custom indicator e-Rainbow_05 GBPAUD,M1: removed
2	06:09:21.426	Custom indicator e-Rainbow_06 GBPAUD,M1: removed
2	06:09:21.427	Custom indicator e-Rainbow_07 GBPAUD,M1: removed
2	06:09:21.440	Custom indicator e-Rainbow_08 GBPAUD,M1: removed
2	06:09:21.440	Custom indicator e-Rainbow_09 GBPAUD,M1: removed
2	06:09:21.440	Custom indicator e-Rainbow_10 GBPAUD,M1: removed
2	06:09:21.440	Custom indicator e-Rainbow_11 GBPAUD,M1: removed
2	06:09:21.440	Custom indicator e-Rainbow_12 GBPAUD,M1: removed
2	06:09:21.536	Custom indicator ForexProfitSupreme Meter GBPAUD,M1: loaded successfully
2	06:09:21.619	Custom indicator Forexprofitsupreme Bars GBPAUD,M1: loaded successfully
2	06:09:21.699	Custom indicator Forexprofitsupreme Signal GBPAUD,M1: loaded successfully
2	06:09:21.779	Custom indicator ForexprofitsupremeClock GBPAUD,M1: loaded successfully
2	06:09:21.878	Custom indicator ForexprofitsupremeFilter GBPAUD,M1: loaded successfully
2	06:09:21.963	Custom indicator ForexprofitsupremeDline GBPAUD,M1: loaded successfully
2	06:10:13.772	Custom indicator e-Rainbow_01 AUDNZD,H1: loaded successfully
2	06:10:13.850	Custom indicator e-Rainbow_02 AUDNZD,H1: loaded successfully
2	06:10:13.931	Custom indicator e-Rainbow_03 AUDNZD,H1: loaded successfully
2	06:10:14.014	Custom indicator e-Rainbow_04 AUDNZD,H1: loaded successfully
2	06:10:14.092	Custom indicator e-Rainbow_05 AUDNZD,H1: loaded successfully
2	06:10:14.197	Custom indicator e-Rainbow_06 AUDNZD,H1: loaded successfully
2	06:10:14.278	Custom indicator e-Rainbow_07 AUDNZD,H1: loaded successfully
2	06:10:14.357	Custom indicator e-Rainbow_08 AUDNZD,H1: loaded successfully
2	06:10:14.443	Custom indicator e-Rainbow_09 AUDNZD,H1: loaded successfully
2	06:10:14.525	Custom indicator e-Rainbow_10 AUDNZD,H1: loaded successfully
2	06:10:14.604	Custom indicator e-Rainbow_11 AUDNZD,H1: loaded successfully
2	06:10:14.721	Custom indicator e-Rainbow_12 AUDNZD,H1: loaded successfully
2	06:10:33.199	Custom indicator e-Rainbow_01 AUDNZD,M1: removed
2	06:10:33.199	Custom indicator e-Rainbow_02 AUDNZD,M1: removed
2	06:10:33.199	Custom indicator e-Rainbow_03 AUDNZD,M1: removed
2	06:10:33.199	Custom indicator e-Rainbow_04 AUDNZD,M1: removed
2	06:10:33.199	Custom indicator e-Rainbow_05 AUDNZD,M1: removed
2	06:10:33.199	Custom indicator e-Rainbow_06 AUDNZD,M1: removed
2	06:10:33.199	Custom indicator e-Rainbow_07 AUDNZD,M1: removed
2	06:10:33.199	Custom indicator e-Rainbow_08 AUDNZD,M1: removed
2	06:10:33.199	Custom indicator e-Rainbow_09 AUDNZD,M1: removed
2	06:10:33.199	Custom indicator e-Rainbow_10 AUDNZD,M1: removed
2	06:10:33.219	Custom indicator e-Rainbow_11 AUDNZD,M1: removed
2	06:10:33.219	Custom indicator e-Rainbow_12 AUDNZD,M1: removed
2	06:10:33.310	Custom indicator AIMS Levels V2 AUDNZD,M1: loaded successfully
2	06:10:33.387	Custom indicator AIMS Entry Alert V1 AUDNZD,M1: loaded successfully
2	06:10:33.541	Custom indicator CandleTimer AUDNZD,M1: loaded successfully
2	06:10:33.634	Custom indicator AIMS AO V.2.1 AUDNZD,M1: loaded successfully
2	06:10:33.681	Custom indicator IVT_MACD_ZERO_LAG AUDNZD,M1: loaded successfully
2	06:10:33.744	Custom indicator RSI Divergence Levels AUDNZD,M1: loaded successfully
2	06:13:06.924	Custom indicator AIMS Levels V2 AUDNZD,M1: removed
2	06:13:06.924	Custom indicator AIMS Entry Alert V1 AUDNZD,M1: removed
2	06:13:07.002	Custom indicator CandleTimer AUDNZD,M1: removed
2	06:13:07.003	Custom indicator AIMS AO V.2.1 AUDNZD,M1: removed
2	06:13:07.004	Custom indicator IVT_MACD_ZERO_LAG AUDNZD,M1: removed
2	06:13:07.036	Custom indicator RSI Divergence Levels AUDNZD,M1: removed
2	06:13:07.118	Custom indicator e-Rainbow_01 AUDNZD,M1: loaded successfully
2	06:13:07.226	Custom indicator e-Rainbow_02 AUDNZD,M1: loaded successfully
2	06:13:07.328	Custom indicator e-Rainbow_03 AUDNZD,M1: loaded successfully
2	06:13:07.423	Custom indicator e-Rainbow_04 AUDNZD,M1: loaded successfully
2	06:13:07.520	Custom indicator e-Rainbow_05 AUDNZD,M1: loaded successfully
2	06:13:07.615	Custom indicator e-Rainbow_06 AUDNZD,M1: loaded successfully
2	06:13:07.709	Custom indicator e-Rainbow_07 AUDNZD,M1: loaded successfully
2	06:13:07.808	Custom indicator e-Rainbow_08 AUDNZD,M1: loaded successfully
2	06:13:07.896	Custom indicator e-Rainbow_09 AUDNZD,M1: loaded successfully
2	06:13:07.994	Custom indicator e-Rainbow_10 AUDNZD,M1: loaded successfully
2	06:13:08.093	Custom indicator e-Rainbow_11 AUDNZD,M1: loaded successfully
2	06:13:08.196	Custom indicator e-Rainbow_12 AUDNZD,M1: loaded successfully
2	06:16:37.432	Custom indicator e-Rainbow_01 AUDNZD,M1: removed
2	06:16:37.432	Custom indicator e-Rainbow_02 AUDNZD,M1: removed
2	06:16:37.432	Custom indicator e-Rainbow_03 AUDNZD,M1: removed
2	06:16:37.432	Custom indicator e-Rainbow_04 AUDNZD,M1: removed
2	06:16:37.432	Custom indicator e-Rainbow_05 AUDNZD,M1: removed
2	06:16:37.432	Custom indicator e-Rainbow_06 AUDNZD,M1: removed
2	06:16:37.432	Custom indicator e-Rainbow_07 AUDNZD,M1: removed
2	06:16:37.433	Custom indicator e-Rainbow_08 AUDNZD,M1: removed
2	06:16:37.433	Custom indicator e-Rainbow_09 AUDNZD,M1: removed
2	06:16:37.433	Custom indicator e-Rainbow_10 AUDNZD,M1: removed
2	06:16:37.433	Custom indicator e-Rainbow_11 AUDNZD,M1: removed
2	06:16:37.433	Custom indicator e-Rainbow_12 AUDNZD,M1: removed
2	06:16:37.619	Custom indicator forex-glaz_v8 AUDNZD,M1: loaded successfully
2	06:16:37.734	Custom indicator ###Clock_v1_2 AUDNZD,M1: loaded successfully
2	06:16:37.830	Custom indicator #Signal_Bars_v6 AUDNZD,M1: loaded successfully
0	06:19:06.031	'8221994': login on Exness-Trial2 through DC00 (ping: 225.11 ms)
0	06:19:08.370	'8221994': login datacenter on Exness-Trial2 through DC00 (ping: 225.11 ms)
0	06:19:09.014	'8221994': previous successful authorization performed from 197.149.40.91
0	06:19:17.859	'8221994': ping to current access point DC00 is 212.94 ms
0	06:19:32.318	'8221994': close order #244120179 sell 0.01 EURUSD at 1.13396 sl: 0.00000 tp: 1.13271 at price 1.13418
0	06:19:32.760	'8221994': order #244120179 sell 0.01 EURUSD at 1.13396 sl: 0.00000 tp: 1.13271 closed at price 1.13418
0	06:19:33.414	'8221994': close order #244120183 sell 0.01 EURUSD at 1.13396 sl: 0.00000 tp: 1.13271 at price 1.13418
0	06:19:33.864	'8221994': order #244120183 sell 0.01 EURUSD at 1.13396 sl: 0.00000 tp: 1.13271 closed at price 1.13418
0	06:19:34.066	'8221994': close order #244120185 sell 0.01 EURUSD at 1.13396 sl: 0.00000 tp: 1.13271 at price 1.13418
0	06:19:34.497	'8221994': order #244120185 sell 0.01 EURUSD at 1.13396 sl: 0.00000 tp: 1.13271 closed at price 1.13418
0	06:19:35.044	'8221994': close order #244135099 buy 0.01 USDJPY at 107.851 sl: 0.000 tp: 107.840 at price 107.668
0	06:19:35.504	'8221994': order #244135099 buy 0.01 USDJPY at 107.851 sl: 0.000 tp: 107.840 closed at price 107.668
0	06:19:35.749	'8221994': close order #244144816 buy 0.02 USDJPY at 107.723 sl: 0.000 tp: 107.840 at price 107.668
0	06:19:36.201	'8221994': order #244144816 buy 0.02 USDJPY at 107.723 sl: 0.000 tp: 107.840 closed at price 107.668
0	06:19:41.800	'8221994': instant order buy 0.01 AUDNZD at 1.06817 sl: 0.00000 tp: 0.00000
0	06:19:42.291	'8221994': order was opened : #244154152 buy 0.01 AUDNZD at 1.06817 sl: 0.00000 tp: 0.00000
1	06:20:38.406	'8221994': modification of order #244154152 buy 0.01 AUDNZD at 1.06817 sl: 0.00000 tp: 0.00000 -> sl: 1.06752 tp: 0.00000 failed [Invalid S/L or T/P]
1	06:20:49.469	'8221994': modification of order #244154152 buy 0.01 AUDNZD at 1.06817 sl: 0.00000 tp: 0.00000 -> sl: 1.06750 tp: 0.00000 failed [Invalid S/L or T/P]
0	06:22:46.645	'8221994': instant order sell 0.10 GBPAUD at 1.82719 sl: 0.00000 tp: 0.00000
0	06:22:47.196	'8221994': order was opened : #244154273 sell 0.10 GBPAUD at 1.82719 sl: 0.00000 tp: 0.00000
1	06:23:28.742	'8221994': modification of order #244154152 buy 0.01 AUDNZD at 1.06817 sl: 0.00000 tp: 0.00000 -> sl: 1.06754 tp: 0.00000 failed [Invalid S/L or T/P]
1	06:23:53.406	'8221994': modification of order #244154152 buy 0.01 AUDNZD at 1.06817 sl: 0.00000 tp: 0.00000 -> sl: 1.06735 tp: 0.00000 failed [Invalid S/L or T/P]
2	06:36:44.441	Custom indicator AIMS Levels V2 FR40,M1: removed
2	06:36:44.532	Custom indicator AIMS Entry Alert V1 FR40,M1: removed
2	06:36:44.554	Custom indicator CandleTimer FR40,M1: removed
2	06:36:44.604	Custom indicator AIMS AO V.2.1 FR40,M1: removed
2	06:36:44.678	Custom indicator IVT_MACD_ZERO_LAG FR40,M1: removed
2	06:36:44.690	Custom indicator RSI Divergence Levels FR40,M1: removed
2	06:36:49.918	Custom indicator AIMS Levels V2 FR40,M1: loaded successfully
2	06:36:49.984	Custom indicator AIMS Entry Alert V1 FR40,M1: loaded successfully
2	06:36:49.991	Custom indicator CandleTimer FR40,M1: loaded successfully
2	06:36:50.055	Custom indicator AIMS AO V.2.1 FR40,M1: loaded successfully
2	06:36:50.113	Custom indicator IVT_MACD_ZERO_LAG FR40,M1: loaded successfully
2	06:36:50.146	Custom indicator RSI Divergence Levels FR40,M1: loaded successfully
0	06:40:08.094	'8221994': modify order #244154152 buy 0.01 AUDNZD at 1.06817 sl: 0.00000 tp: 0.00000 -> sl: 0.00000 tp: 1.06950
0	06:40:08.382	'8221994': order #244154152 buy 0.01 AUDNZD at 1.06817 was modified -> sl: 0.00000 tp: 1.06950
0	06:40:20.932	'8221994': modify order #244154152 buy 0.01 AUDNZD at 1.06817 sl: 0.00000 tp: 1.06950 -> sl: 1.06645 tp: 1.06950
0	06:40:21.227	'8221994': order #244154152 buy 0.01 AUDNZD at 1.06817 was modified -> sl: 1.06645 tp: 1.06950
2	06:59:12.718	Custom indicator #Signal_Bars_v6 AUDNZD,M15: removed
2	06:59:23.240	Custom indicator forex-glaz_v8 AUDNZD,M15: removed
2	06:59:41.759	Custom indicator AIMS Levels V2 DE30,M15: removed
2	06:59:41.807	Custom indicator AIMS Entry Alert V1 DE30,M15: removed
2	06:59:41.836	Custom indicator CandleTimer DE30,M15: removed
2	06:59:41.902	Custom indicator AIMS AO V.2.1 DE30,M15: removed
2	06:59:41.927	Custom indicator IVT_MACD_ZERO_LAG DE30,M15: removed
2	06:59:41.976	Custom indicator RSI Divergence Levels DE30,M15: removed
2	06:59:42.065	Custom indicator AIMS Levels V2 DE30,M15: loaded successfully
2	06:59:42.131	Custom indicator AIMS Entry Alert V1 DE30,M15: loaded successfully
2	06:59:42.138	Custom indicator CandleTimer DE30,M15: loaded successfully
2	06:59:42.218	Custom indicator AIMS AO V.2.1 DE30,M15: loaded successfully
2	06:59:42.239	Custom indicator IVT_MACD_ZERO_LAG DE30,M15: loaded successfully
2	06:59:42.257	Custom indicator RSI Divergence Levels DE30,M15: loaded successfully
2	07:00:30.172	Custom indicator AIMS Levels V2 DE30,M15: removed
2	07:00:30.172	Custom indicator AIMS Entry Alert V1 DE30,M15: removed
2	07:00:30.174	Custom indicator CandleTimer DE30,M15: removed
2	07:00:30.174	Custom indicator AIMS AO V.2.1 DE30,M15: removed
2	07:00:30.175	Custom indicator IVT_MACD_ZERO_LAG DE30,M15: removed
2	07:00:30.176	Custom indicator RSI Divergence Levels DE30,M15: removed
2	07:00:30.287	Custom indicator forex-glaz_v8 DE30,M15: loaded successfully
2	07:00:30.352	Custom indicator ###Clock_v1_2 DE30,M15: loaded successfully
2	07:00:30.413	Custom indicator #Signal_Bars_v6 DE30,M15: loaded successfully
2	07:01:05.109	Custom indicator forex-glaz_v8 DE30,M15: removed
2	07:01:05.109	Custom indicator ###Clock_v1_2 DE30,M15: removed
2	07:01:05.109	Custom indicator #Signal_Bars_v6 DE30,M15: removed
2	07:01:05.178	Custom indicator AIMS Levels V2 DE30,M15: loaded successfully
2	07:01:05.241	Custom indicator AIMS Entry Alert V1 DE30,M15: loaded successfully
2	07:01:05.248	Custom indicator CandleTimer DE30,M15: loaded successfully
2	07:01:05.312	Custom indicator AIMS AO V.2.1 DE30,M15: loaded successfully
2	07:01:05.320	Custom indicator IVT_MACD_ZERO_LAG DE30,M15: loaded successfully
2	07:01:05.328	Custom indicator RSI Divergence Levels DE30,M15: loaded successfully
2	07:01:37.996	Custom indicator AIMS Levels V2 DE30,M15: removed
2	07:01:37.996	Custom indicator AIMS Entry Alert V1 DE30,M15: removed
2	07:01:37.997	Custom indicator CandleTimer DE30,M15: removed
2	07:01:37.997	Custom indicator AIMS AO V.2.1 DE30,M15: removed
2	07:01:37.999	Custom indicator IVT_MACD_ZERO_LAG DE30,M15: removed
2	07:01:38.000	Custom indicator RSI Divergence Levels DE30,M15: removed
2	07:01:38.079	Custom indicator forex-glaz_v8 DE30,M15: loaded successfully
2	07:01:38.142	Custom indicator ###Clock_v1_2 DE30,M15: loaded successfully
2	07:01:38.203	Custom indicator #Signal_Bars_v6 DE30,M15: loaded successfully
2	07:02:19.134	Custom indicator forex-glaz_v8 DE30,M15: removed
2	07:02:19.134	Custom indicator ###Clock_v1_2 DE30,M15: removed
2	07:02:19.134	Custom indicator #Signal_Bars_v6 DE30,M15: removed
2	07:02:19.205	Custom indicator AIMS Levels V2 DE30,M15: loaded successfully
2	07:02:19.265	Custom indicator AIMS Entry Alert V1 DE30,M15: loaded successfully
2	07:02:19.271	Custom indicator CandleTimer DE30,M15: loaded successfully
2	07:02:19.331	Custom indicator AIMS AO V.2.1 DE30,M15: loaded successfully
2	07:02:19.339	Custom indicator IVT_MACD_ZERO_LAG DE30,M15: loaded successfully
2	07:02:19.347	Custom indicator RSI Divergence Levels DE30,M15: loaded successfully
2	07:02:25.374	Custom indicator #Signal_Bars_v6 DE30,M15: loaded successfully
2	07:05:07.839	Custom indicator AIMS Levels V2 USTEC,H1: removed
2	07:05:07.849	Custom indicator AIMS Entry Alert V1 USTEC,H1: removed
2	07:05:07.851	Custom indicator CandleTimer USTEC,H1: removed
2	07:05:07.851	Custom indicator AIMS AO V.2.1 USTEC,H1: removed
2	07:05:07.863	Custom indicator IVT_MACD_ZERO_LAG USTEC,H1: removed
2	07:05:07.877	Custom indicator RSI Divergence Levels USTEC,H1: removed
2	07:05:07.942	Custom indicator AIMS Levels V2 USTEC,H1: loaded successfully
2	07:05:08.004	Custom indicator AIMS Entry Alert V1 USTEC,H1: loaded successfully
2	07:05:08.011	Custom indicator CandleTimer USTEC,H1: loaded successfully
2	07:05:08.076	Custom indicator #Signal_Bars_v6 USTEC,H1: loaded successfully
2	07:05:08.156	Custom indicator AIMS AO V.2.1 USTEC,H1: loaded successfully
2	07:05:08.164	Custom indicator IVT_MACD_ZERO_LAG USTEC,H1: loaded successfully
2	07:05:08.173	Custom indicator RSI Divergence Levels USTEC,H1: loaded successfully
2	07:08:00.353	Custom indicator ###Clock_v1_2 AUDNZD,M15: removed
2	07:08:00.429	Custom indicator forex-glaz_v8 AUDNZD,M15: loaded successfully
2	07:08:00.508	Custom indicator ###Clock_v1_2 AUDNZD,M15: loaded successfully
2	07:08:00.588	Custom indicator #Signal_Bars_v6 AUDNZD,M15: loaded successfully
0	07:37:39.065	Sources recompilation started
2	07:38:14.725	Custom indicator forex-glaz_v8 AUDNZD,H1: removed
2	07:38:14.725	Custom indicator ###Clock_v1_2 AUDNZD,H1: removed
2	07:38:14.725	Custom indicator #Signal_Bars_v6 AUDNZD,H1: removed
2	07:38:14.779	Custom indicator newMACD_ArrowAlert AUDNZD,H1: loaded successfully
2	07:38:38.358	Custom indicator newMACD_ArrowAlert AUDNZD,H1: removed
2	07:38:38.450	Custom indicator RSI Signal AUDNZD,H1: loaded successfully
2	07:39:56.079	Custom indicator RSI Signal AUDNZD,H1: loaded successfully
2	07:40:01.515	Custom indicator RSI Signal AUDNZD,H1: removed
2	07:41:30.542	Custom indicator newMACD_ArrowAlert AUDNZD,H1: loaded successfully
2	07:44:03.399	Custom indicator RSI Signal AUDNZD,H1: removed
2	07:44:03.400	Custom indicator newMACD_ArrowAlert AUDNZD,H1: removed
2	07:44:03.705	Custom indicator WATR AUDNZD,H1: loaded successfully
2	07:44:03.712	Custom indicator Xi-VLines20v1.02 AUDNZD,H1: loaded successfully
2	07:44:03.779	Custom indicator EWPro AUDNZD,H1: loaded successfully
2	07:44:03.789	Custom indicator #RSI_CANDLE AUDNZD,H1: loaded successfully
2	07:44:03.797	Custom indicator !MoneyLine2 AUDNZD,H1: loaded successfully
2	07:44:03.861	Custom indicator #MT TrendLine AUDNZD,H1: loaded successfully
2	07:44:03.925	Custom indicator FXSmooth EURUSD AUDNZD,H1: loaded successfully
2	07:44:03.990	Custom indicator T3_CCI_ divergence_v1 AUDNZD,H1: loaded successfully
0	07:45:48.824	'8221994': login on Exness-Trial2 through DC00 (ping: 212.94 ms)
0	07:45:51.415	'8221994': login datacenter on Exness-Trial2 through DC00 (ping: 212.94 ms)
0	07:45:51.990	'8221994': previous successful authorization performed from 197.149.28.199
0	07:46:01.515	'8221994': ping to current access point DC00 is 214.60 ms
2	07:51:40.492	Custom indicator AIMS Levels V2 DE30,M1: removed
2	07:51:40.492	Custom indicator AIMS Entry Alert V1 DE30,M1: removed
2	07:51:40.494	Custom indicator CandleTimer DE30,M1: removed
2	07:51:40.494	Custom indicator #Signal_Bars_v6 DE30,M1: removed
2	07:51:40.494	Custom indicator AIMS AO V.2.1 DE30,M1: removed
2	07:51:40.496	Custom indicator IVT_MACD_ZERO_LAG DE30,M1: removed
2	07:51:40.497	Custom indicator RSI Divergence Levels DE30,M1: removed
2	07:51:40.508	Custom indicator WATR DE30,M1: loaded successfully
2	07:51:40.534	Custom indicator Xi-VLines20v1.02 DE30,M1: loaded successfully
2	07:51:40.599	Custom indicator EWPro DE30,M1: loaded successfully
2	07:51:40.607	Custom indicator #RSI_CANDLE DE30,M1: loaded successfully
2	07:51:40.615	Custom indicator !MoneyLine2 DE30,M1: loaded successfully
2	07:51:40.720	Custom indicator #MT TrendLine DE30,M1: loaded successfully
2	07:51:40.784	Custom indicator FXSmooth EURUSD DE30,M1: loaded successfully
2	07:51:40.871	Custom indicator T3_CCI_ divergence_v1 DE30,M1: loaded successfully
0	07:59:38.647	'8221994': instant order sell 0.10 AUDNZD at 1.06740 sl: 0.00000 tp: 0.00000
0	07:59:39.130	'8221994': order was opened : #244160222 sell 0.10 AUDNZD at 1.06740 sl: 0.00000 tp: 0.00000
0	07:59:54.359	'8221994': close order #244160222 sell 0.10 AUDNZD at 1.06740 sl: 0.00000 tp: 0.00000 at price 1.06772
0	07:59:54.855	'8221994': order #244160222 sell 0.10 AUDNZD at 1.06740 sl: 0.00000 tp: 0.00000 closed at price 1.06772
0	07:59:59.001	'8221994': instant order buy 0.10 AUDNZD at 1.06774 sl: 0.00000 tp: 0.00000
0	07:59:59.450	'8221994': order was opened : #244160416 buy 0.10 AUDNZD at 1.06774 sl: 0.00000 tp: 0.00000
0	08:01:36.909	'8221994': close order #244154152 buy 0.01 AUDNZD at 1.06817 sl: 1.06645 tp: 1.06950 at price 1.06773
0	08:01:37.412	'8221994': order #244154152 buy 0.01 AUDNZD at 1.06817 sl: 1.06645 tp: 1.06950 closed at price 1.06773
0	08:04:03.646	'8221994': instant order sell 0.50 DE30 at 12703.8 sl: 0.0 tp: 0.0
0	08:04:04.156	'8221994': order was opened : #244160666 sell 0.50 DE30 at 12703.8 sl: 0.0 tp: 0.0
1	08:04:28.517	'8221994': modification of order #244160666 sell 0.50 DE30 at 12703.8 sl: 0.0 tp: 0.0 -> sl: 0.0 tp: 12694.3 failed [Invalid S/L or T/P]
0	08:04:59.626	'8221994': close order #244160416 buy 0.10 AUDNZD at 1.06774 sl: 0.00000 tp: 0.00000 at price 1.06736
0	08:05:00.073	'8221994': order #244160416 buy 0.10 AUDNZD at 1.06774 sl: 0.00000 tp: 0.00000 closed at price 1.06736
0	08:06:51.201	'8221994': close order #244160666 sell 0.50 DE30 at 12703.8 sl: 0.0 tp: 0.0 at price 12711.0
0	08:06:51.713	'8221994': order #244160666 sell 0.50 DE30 at 12703.8 sl: 0.0 tp: 0.0 closed at price 12711.0
2	08:10:28.119	Custom indicator AIMS Levels V2 EURUSD,M30: removed
2	08:10:28.142	Custom indicator AIMS Entry Alert V1 EURUSD,M30: removed
2	08:10:28.154	Custom indicator CandleTimer EURUSD,M30: removed
2	08:10:28.154	Custom indicator AIMS AO V.2.1 EURUSD,M30: removed
2	08:10:28.186	Custom indicator IVT_MACD_ZERO_LAG EURUSD,M30: removed
2	08:10:28.204	Custom indicator RSI Divergence Levels EURUSD,M30: removed
2	08:10:28.214	Custom indicator WATR EURUSD,M30: loaded successfully
2	08:10:28.221	Custom indicator Xi-VLines20v1.02 EURUSD,M30: loaded successfully
2	08:10:28.301	Custom indicator EWPro EURUSD,M30: loaded successfully
2	08:10:28.323	Custom indicator #RSI_CANDLE EURUSD,M30: loaded successfully
2	08:10:28.331	Custom indicator !MoneyLine2 EURUSD,M30: loaded successfully
2	08:10:28.398	Custom indicator #MT TrendLine EURUSD,M30: loaded successfully
2	08:10:28.460	Custom indicator FXSmooth EURUSD EURUSD,M30: loaded successfully
2	08:10:28.524	Custom indicator T3_CCI_ divergence_v1 EURUSD,M30: loaded successfully
2	08:12:08.112	Custom indicator e-Rainbow_01 DE30,M15: removed
2	08:12:08.142	Custom indicator e-Rainbow_02 DE30,M15: removed
2	08:12:08.142	Custom indicator e-Rainbow_03 DE30,M15: removed
2	08:12:08.210	Custom indicator e-Rainbow_04 DE30,M15: removed
2	08:12:08.232	Custom indicator e-Rainbow_05 DE30,M15: removed
2	08:12:08.261	Custom indicator e-Rainbow_06 DE30,M15: removed
2	08:12:08.300	Custom indicator e-Rainbow_07 DE30,M15: removed
2	08:12:08.338	Custom indicator e-Rainbow_08 DE30,M15: removed
2	08:12:08.397	Custom indicator e-Rainbow_09 DE30,M15: removed
2	08:12:08.397	Custom indicator e-Rainbow_10 DE30,M15: removed
2	08:12:08.397	Custom indicator e-Rainbow_11 DE30,M15: removed
2	08:12:08.442	Custom indicator e-Rainbow_12 DE30,M15: removed
2	08:12:11.808	Custom indicator AIMS Levels V2 DE30,M30: removed
2	08:12:11.948	Custom indicator AIMS Entry Alert V1 DE30,M30: removed
2	08:12:11.974	Custom indicator CandleTimer DE30,M30: removed
2	08:12:12.067	Custom indicator AIMS AO V.2.1 DE30,M30: removed
2	08:12:14.722	Custom indicator AIMS Levels V2 DE30,H1: removed
2	08:12:14.871	Custom indicator AIMS Entry Alert V1 DE30,H1: removed
2	08:12:14.909	Custom indicator CandleTimer DE30,H1: removed
2	08:12:14.995	Custom indicator AIMS AO V.2.1 DE30,H1: removed
2	08:12:17.030	Custom indicator AIMS Levels V2 DE30,H4: removed
2	08:12:17.064	Custom indicator AIMS Entry Alert V1 DE30,H4: removed
2	08:12:17.083	Custom indicator CandleTimer DE30,H4: removed
2	08:12:17.123	Custom indicator AIMS AO V.2.1 DE30,H4: removed
2	08:12:19.299	Custom indicator AIMS Levels V2 DE30,Daily: removed
2	08:12:19.389	Custom indicator AIMS Entry Alert V1 DE30,Daily: removed
2	08:12:19.433	Custom indicator CandleTimer DE30,Daily: removed
2	08:12:19.434	Custom indicator AIMS AO V.2.1 DE30,Daily: removed
2	08:12:21.379	Custom indicator AIMS Levels V2 DE30,Weekly: removed
2	08:12:21.409	Custom indicator AIMS Entry Alert V1 DE30,Weekly: removed
2	08:12:21.463	Custom indicator CandleTimer DE30,Weekly: removed
2	08:12:21.463	Custom indicator AIMS AO V.2.1 DE30,Weekly: removed
2	08:12:27.963	Custom indicator AIMS Levels V2 DE30,M5: removed
2	08:12:28.042	Custom indicator AIMS Entry Alert V1 DE30,M5: removed
2	08:12:28.094	Custom indicator CandleTimer DE30,M5: removed
2	08:12:28.184	Custom indicator AIMS AO V.2.1 DE30,M5: removed
2	08:12:28.219	Custom indicator IVT_MACD_ZERO_LAG DE30,M5: removed
2	08:12:28.256	Custom indicator RSI Divergence Levels DE30,M5: removed
0	08:12:56.287	'8221994': instant order sell 0.50 FR40 at 5127.29 sl: 0.00 tp: 0.00
0	08:12:56.808	'8221994': order was opened : #244161175 sell 0.50 FR40 at 5127.29 sl: 0.00 tp: 0.00
2	08:13:33.641	Custom indicator AIMS Levels V2 FR40,M1: removed
2	08:13:33.646	Custom indicator AIMS Entry Alert V1 FR40,M1: removed
2	08:13:33.647	Custom indicator CandleTimer FR40,M1: removed
2	08:13:33.665	Custom indicator AIMS AO V.2.1 FR40,M1: removed
2	08:13:33.673	Custom indicator IVT_MACD_ZERO_LAG FR40,M1: removed
2	08:13:33.674	Custom indicator RSI Divergence Levels FR40,M1: removed
2	08:13:33.756	Custom indicator WATR FR40,M1: loaded successfully
2	08:13:33.790	Custom indicator Xi-VLines20v1.02 FR40,M1: loaded successfully
2	08:13:33.856	Custom indicator EWPro FR40,M1: loaded successfully
2	08:13:33.864	Custom indicator #RSI_CANDLE FR40,M1: loaded successfully
2	08:13:33.871	Custom indicator !MoneyLine2 FR40,M1: loaded successfully
2	08:13:33.941	Custom indicator #MT TrendLine FR40,M1: loaded successfully
2	08:13:34.004	Custom indicator FXSmooth EURUSD FR40,M1: loaded successfully
2	08:13:34.067	Custom indicator T3_CCI_ divergence_v1 FR40,M1: loaded successfully
0	08:15:31.425	'8221994': close order #244161175 sell 0.50 FR40 at 5127.29 sl: 0.00 tp: 0.00 at price 5131.62
0	08:15:31.984	'8221994': order #244161175 sell 0.50 FR40 at 5127.29 sl: 0.00 tp: 0.00 closed at price 5131.62
2	08:16:49.253	Custom indicator AIMS Levels V2 US30,M1: removed
2	08:16:49.269	Custom indicator AIMS Entry Alert V1 US30,M1: removed
2	08:16:49.291	Custom indicator CandleTimer US30,M1: removed
2	08:16:49.350	Custom indicator AIMS AO V.2.1 US30,M1: removed
2	08:16:49.418	Custom indicator IVT_MACD_ZERO_LAG US30,M1: removed
2	08:16:49.475	Custom indicator RSI Divergence Levels US30,M1: removed
2	08:16:49.484	Custom indicator WATR US30,M1: loaded successfully
2	08:16:49.500	Custom indicator Xi-VLines20v1.02 US30,M1: loaded successfully
2	08:16:49.671	Custom indicator EWPro US30,M1: loaded successfully
2	08:16:49.680	Custom indicator #RSI_CANDLE US30,M1: loaded successfully
2	08:16:49.687	Custom indicator !MoneyLine2 US30,M1: loaded successfully
2	08:16:49.773	Custom indicator #MT TrendLine US30,M1: loaded successfully
2	08:16:49.834	Custom indicator FXSmooth EURUSD US30,M1: loaded successfully
2	08:16:49.939	Custom indicator T3_CCI_ divergence_v1 US30,M1: loaded successfully
2	08:18:19.444	Custom indicator WATR GBPUSD,H1: loaded successfully
2	08:18:19.454	Custom indicator Xi-VLines20v1.02 GBPUSD,H1: loaded successfully
2	08:18:19.539	Custom indicator EWPro GBPUSD,H1: loaded successfully
2	08:18:19.547	Custom indicator #RSI_CANDLE GBPUSD,H1: loaded successfully
2	08:18:19.555	Custom indicator !MoneyLine2 GBPUSD,H1: loaded successfully
2	08:18:19.620	Custom indicator #MT TrendLine GBPUSD,H1: loaded successfully
2	08:18:19.700	Custom indicator FXSmooth EURUSD GBPUSD,H1: loaded successfully
2	08:18:19.777	Custom indicator T3_CCI_ divergence_v1 GBPUSD,H1: loaded successfully
2	08:18:43.055	Custom indicator WATR GBPUSD,H1: removed
2	08:18:43.057	Custom indicator Xi-VLines20v1.02 GBPUSD,H1: removed
2	08:18:43.057	Custom indicator EWPro GBPUSD,H1: removed
2	08:18:43.058	Custom indicator #RSI_CANDLE GBPUSD,H1: removed
2	08:18:43.060	Custom indicator !MoneyLine2 GBPUSD,H1: removed
2	08:18:43.060	Custom indicator #MT TrendLine GBPUSD,H1: removed
2	08:18:43.060	Custom indicator FXSmooth EURUSD GBPUSD,H1: removed
2	08:18:43.060	Custom indicator T3_CCI_ divergence_v1 GBPUSD,H1: removed
2	08:18:43.131	Custom indicator e-Rainbow_01 GBPUSD,H1: loaded successfully
2	08:18:43.196	Custom indicator e-Rainbow_02 GBPUSD,H1: loaded successfully
2	08:18:43.257	Custom indicator e-Rainbow_03 GBPUSD,H1: loaded successfully
2	08:18:43.320	Custom indicator e-Rainbow_04 GBPUSD,H1: loaded successfully
2	08:18:43.381	Custom indicator e-Rainbow_05 GBPUSD,H1: loaded successfully
2	08:18:43.444	Custom indicator e-Rainbow_06 GBPUSD,H1: loaded successfully
2	08:18:43.506	Custom indicator e-Rainbow_07 GBPUSD,H1: loaded successfully
2	08:18:43.568	Custom indicator e-Rainbow_08 GBPUSD,H1: loaded successfully
2	08:18:43.631	Custom indicator e-Rainbow_09 GBPUSD,H1: loaded successfully
2	08:18:43.693	Custom indicator e-Rainbow_10 GBPUSD,H1: loaded successfully
2	08:18:43.807	Custom indicator e-Rainbow_11 GBPUSD,H1: loaded successfully
2	08:18:43.871	Custom indicator e-Rainbow_12 GBPUSD,H1: loaded successfully
2	08:19:25.440	Custom indicator e-Rainbow_01 GBPUSD,M1: removed
2	08:19:25.440	Custom indicator e-Rainbow_02 GBPUSD,M1: removed
2	08:19:25.440	Custom indicator e-Rainbow_03 GBPUSD,M1: removed
2	08:19:25.440	Custom indicator e-Rainbow_04 GBPUSD,M1: removed
2	08:19:25.440	Custom indicator e-Rainbow_05 GBPUSD,M1: removed
2	08:19:25.440	Custom indicator e-Rainbow_06 GBPUSD,M1: removed
2	08:19:25.440	Custom indicator e-Rainbow_07 GBPUSD,M1: removed
2	08:19:25.440	Custom indicator e-Rainbow_08 GBPUSD,M1: removed
2	08:19:25.440	Custom indicator e-Rainbow_09 GBPUSD,M1: removed
2	08:19:25.440	Custom indicator e-Rainbow_10 GBPUSD,M1: removed
2	08:19:25.441	Custom indicator e-Rainbow_11 GBPUSD,M1: removed
2	08:19:25.441	Custom indicator e-Rainbow_12 GBPUSD,M1: removed
2	08:19:25.513	Custom indicator AIMS Levels V2 GBPUSD,M1: loaded successfully
2	08:19:25.597	Custom indicator AIMS Entry Alert V1 GBPUSD,M1: loaded successfully
2	08:19:25.604	Custom indicator CandleTimer GBPUSD,M1: loaded successfully
2	08:19:25.668	Custom indicator #Signal_Bars_v6 GBPUSD,M1: loaded successfully
2	08:19:25.745	Custom indicator AIMS AO V.2.1 GBPUSD,M1: loaded successfully
2	08:19:25.774	Custom indicator IVT_MACD_ZERO_LAG GBPUSD,M1: loaded successfully
2	08:19:25.785	Custom indicator RSI Divergence Levels GBPUSD,M1: loaded successfully
0	08:19:56.560	'8221994': instant order buy 0.50 GBPUSD at 1.27506 sl: 0.00000 tp: 0.00000
0	08:19:57.002	'8221994': order was opened : #244161683 buy 0.50 GBPUSD at 1.27506 sl: 0.00000 tp: 0.00000
0	08:20:05.235	'8221994': modify order #244161683 buy 0.50 GBPUSD at 1.27506 sl: 0.00000 tp: 0.00000 -> sl: 0.00000 tp: 1.27700
0	08:20:05.737	'8221994': order #244161683 buy 0.50 GBPUSD at 1.27506 was modified -> sl: 0.00000 tp: 1.27700
0	08:20:14.551	'8221994': modify order #244161683 buy 0.50 GBPUSD at 1.27506 sl: 0.00000 tp: 1.27700 -> sl: 1.26608 tp: 1.27700
0	08:20:14.874	'8221994': order #244161683 buy 0.50 GBPUSD at 1.27506 was modified -> sl: 1.26608 tp: 1.27700
2	08:20:28.527	Custom indicator AIMS Levels V2 GBPUSD,H1: removed
2	08:20:28.527	Custom indicator AIMS Entry Alert V1 GBPUSD,H1: removed
2	08:20:28.528	Custom indicator CandleTimer GBPUSD,H1: removed
2	08:20:28.528	Custom indicator #Signal_Bars_v6 GBPUSD,H1: removed
2	08:20:28.528	Custom indicator AIMS AO V.2.1 GBPUSD,H1: removed
2	08:20:28.530	Custom indicator IVT_MACD_ZERO_LAG GBPUSD,H1: removed
2	08:20:28.531	Custom indicator RSI Divergence Levels GBPUSD,H1: removed
2	08:20:28.543	Custom indicator WATR GBPUSD,H1: loaded successfully
2	08:20:28.551	Custom indicator Xi-VLines20v1.02 GBPUSD,H1: loaded successfully
2	08:20:28.619	Custom indicator EWPro GBPUSD,H1: loaded successfully
2	08:20:28.627	Custom indicator #RSI_CANDLE GBPUSD,H1: loaded successfully
2	08:20:28.634	Custom indicator !MoneyLine2 GBPUSD,H1: loaded successfully
2	08:20:28.697	Custom indicator #MT TrendLine GBPUSD,H1: loaded successfully
2	08:20:28.762	Custom indicator FXSmooth EURUSD GBPUSD,H1: loaded successfully
2	08:20:28.825	Custom indicator T3_CCI_ divergence_v1 GBPUSD,H1: loaded successfully
2	08:35:01.725	Custom indicator WATR GBPUSD,H1: removed
2	08:35:01.727	Custom indicator Xi-VLines20v1.02 GBPUSD,H1: removed
2	08:35:01.727	Custom indicator EWPro GBPUSD,H1: removed
2	08:35:01.728	Custom indicator #RSI_CANDLE GBPUSD,H1: removed
2	08:35:01.729	Custom indicator !MoneyLine2 GBPUSD,H1: removed
2	08:35:01.729	Custom indicator #MT TrendLine GBPUSD,H1: removed
2	08:35:01.729	Custom indicator FXSmooth EURUSD GBPUSD,H1: removed
2	08:35:01.729	Custom indicator T3_CCI_ divergence_v1 GBPUSD,H1: removed
2	08:35:01.801	Custom indicator AIMS Levels V2 GBPUSD,H1: loaded successfully
2	08:35:01.869	Custom indicator AIMS Entry Alert V1 GBPUSD,H1: loaded successfully
2	08:35:01.877	Custom indicator CandleTimer GBPUSD,H1: loaded successfully
2	08:35:01.941	Custom indicator #Signal_Bars_v6 GBPUSD,H1: loaded successfully
2	08:35:02.009	Custom indicator AIMS AO V.2.1 GBPUSD,H1: loaded successfully
2	08:35:02.017	Custom indicator IVT_MACD_ZERO_LAG GBPUSD,H1: loaded successfully
2	08:35:02.026	Custom indicator RSI Divergence Levels GBPUSD,H1: loaded successfully
0	08:36:36.409	'8221994': order #244161683 buy 0.50 GBPUSD at 1.27506 closed due take-profit at price 1.27700
2	08:37:57.460	Custom indicator AIMS Levels V2 GBPUSD,H1: removed
2	08:37:57.460	Custom indicator AIMS Entry Alert V1 GBPUSD,H1: removed
2	08:37:57.462	Custom indicator CandleTimer GBPUSD,H1: removed
2	08:37:57.462	Custom indicator #Signal_Bars_v6 GBPUSD,H1: removed
2	08:37:57.462	Custom indicator AIMS AO V.2.1 GBPUSD,H1: removed
2	08:37:57.464	Custom indicator IVT_MACD_ZERO_LAG GBPUSD,H1: removed
2	08:37:57.466	Custom indicator RSI Divergence Levels GBPUSD,H1: removed
2	08:37:57.537	Custom indicator ForexProfitSupreme Meter GBPUSD,H1: loaded successfully
2	08:37:57.599	Custom indicator Forexprofitsupreme Bars GBPUSD,H1: loaded successfully
2	08:37:57.662	Custom indicator Forexprofitsupreme Signal GBPUSD,H1: loaded successfully
2	08:37:57.724	Custom indicator ForexprofitsupremeClock GBPUSD,H1: loaded successfully
2	08:37:57.790	Custom indicator ForexprofitsupremeFilter GBPUSD,H1: loaded successfully
2	08:37:57.853	Custom indicator ForexprofitsupremeDline GBPUSD,H1: loaded successfully
1	10:15:04.690	'8221994': ping failed
1	10:15:04.690	'8221994': ping failed
1	10:15:10.971	'8221994': connect failed [Connection échouée]
1	13:50:43.257	MQL5.community: authorization failed
1	13:55:43.109	MQL5.community: authorization failed
1	14:00:43.203	MQL5.community: authorization failed
1	14:05:43.689	MQL5.community: authorization failed
1	16:40:59.501	MQL5.community: authorization failed
0	16:41:38.370	'8221994': login on Exness-Trial2 through DC00 (ping: n/a)
0	16:41:48.934	'8221994': login datacenter on Exness-Trial2 through DC00 (ping: n/a)
0	16:41:56.723	'8221994': previous successful authorization performed from 197.149.43.92
0	16:42:22.655	'8221994': auto connecting to a better access point DC16 (ping is 329.31 ms)
0	16:42:28.192	'8221994': login on Exness-Trial2 through DC16 (ping: 329.31 ms)
0	16:42:39.417	'8221994': login datacenter on Exness-Trial2 through DC16 (ping: 329.31 ms)
0	16:42:47.272	'8221994': previous successful authorization performed from 197.149.28.199
0	16:43:58.978	'8221994': close order #244154273 sell 0.10 GBPAUD at 1.82719 sl: 0.00000 tp: 0.00000 at price 1.82241
0	16:43:59.797	'8221994': requote 1.82209 / 1.82227 for order #244154273 sell 0.10 GBPAUD closing at 1.82241
0	16:44:09.438	'8221994': close order #244154273 sell 0.10 GBPAUD at 1.82719 sl: 0.00000 tp: 0.00000 at price 1.82240
0	16:44:10.100	'8221994': order #244154273 sell 0.10 GBPAUD at 1.82719 sl: 0.00000 tp: 0.00000 closed at price 1.82240
0	16:44:23.726	'14109544': login on Exness-Real4 through DC00 (ping: 214.11 ms)
0	16:44:51.724	'14109544': login datacenter on Exness-Real4 through DC00 (ping: 214.11 ms)
0	16:44:52.372	'14109544': previous successful authorization performed from 154.126.11.103
0	16:45:38.297	'14109544': ping to current access point DC00 is 242.39 ms
1	16:46:43.809	'14109544': datacenter connecting failed [6]
0	16:46:59.322	'14109544': login on Exness-Real4 through DC06 (ping: 311.58 ms)
0	16:47:29.866	'14109544': login datacenter on Exness-Real4 through DC06 (ping: 311.58 ms)
0	16:47:30.971	'14109544': previous successful authorization performed from 163.171.130.55
2	16:49:17.320	Custom indicator WATR US30,M1: removed
2	16:49:17.322	Custom indicator Xi-VLines20v1.02 US30,M1: removed
2	16:49:17.323	Custom indicator EWPro US30,M1: removed
2	16:49:17.325	Custom indicator #RSI_CANDLE US30,M1: removed
2	16:49:17.354	Custom indicator !MoneyLine2 US30,M1: removed
2	16:49:17.355	Custom indicator #MT TrendLine US30,M1: removed
2	16:49:17.355	Custom indicator FXSmooth EURUSD US30,M1: removed
2	16:49:17.369	Custom indicator T3_CCI_ divergence_v1 US30,M1: removed
2	16:49:17.466	Custom indicator AIMS Levels V2 US30,M1: loaded successfully
2	16:49:17.553	Custom indicator AIMS Entry Alert V1 US30,M1: loaded successfully
2	16:49:17.597	Custom indicator CandleTimer US30,M1: loaded successfully
2	16:49:17.691	Custom indicator #Signal_Bars_v6 US30,M1: loaded successfully
2	16:49:17.795	Custom indicator AIMS AO V.2.1 US30,M1: loaded successfully
2	16:49:17.806	Custom indicator IVT_MACD_ZERO_LAG US30,M1: loaded successfully
2	16:49:17.856	Custom indicator RSI Divergence Levels US30,M1: loaded successfully
2	16:49:44.824	Custom indicator WATR DE30,M1: removed
2	16:49:44.844	Custom indicator Xi-VLines20v1.02 DE30,M1: removed
2	16:49:44.865	Custom indicator EWPro DE30,M1: removed
2	16:49:44.867	Custom indicator #RSI_CANDLE DE30,M1: removed
2	16:49:44.869	Custom indicator !MoneyLine2 DE30,M1: removed
2	16:49:44.920	Custom indicator #MT TrendLine DE30,M1: removed
2	16:49:44.920	Custom indicator FXSmooth EURUSD DE30,M1: removed
2	16:49:44.938	Custom indicator T3_CCI_ divergence_v1 DE30,M1: removed
2	16:49:45.007	Custom indicator AIMS Levels V2 DE30,M1: loaded successfully
2	16:49:45.076	Custom indicator AIMS Entry Alert V1 DE30,M1: loaded successfully
2	16:49:45.083	Custom indicator CandleTimer DE30,M1: loaded successfully
2	16:49:45.156	Custom indicator #Signal_Bars_v6 DE30,M1: loaded successfully
2	16:49:45.231	Custom indicator AIMS AO V.2.1 DE30,M1: loaded successfully
2	16:49:45.241	Custom indicator IVT_MACD_ZERO_LAG DE30,M1: loaded successfully
2	16:49:45.281	Custom indicator RSI Divergence Levels DE30,M1: loaded successfully
2	16:50:51.063	Custom indicator AIMS Levels V2 US30,M1: removed
2	16:50:51.063	Custom indicator AIMS Entry Alert V1 US30,M1: removed
2	16:50:51.065	Custom indicator CandleTimer US30,M1: removed
2	16:50:51.065	Custom indicator #Signal_Bars_v6 US30,M1: removed
2	16:50:51.065	Custom indicator AIMS AO V.2.1 US30,M1: removed
2	16:50:51.066	Custom indicator IVT_MACD_ZERO_LAG US30,M1: removed
2	16:50:51.068	Custom indicator RSI Divergence Levels US30,M1: removed
2	16:50:51.080	Custom indicator WATR US30,M1: loaded successfully
2	16:50:51.090	Custom indicator Xi-VLines20v1.02 US30,M1: loaded successfully
2	16:50:51.157	Custom indicator EWPro US30,M1: loaded successfully
2	16:50:51.197	Custom indicator #RSI_CANDLE US30,M1: loaded successfully
2	16:50:51.206	Custom indicator !MoneyLine2 US30,M1: loaded successfully
2	16:50:51.272	Custom indicator #MT TrendLine US30,M1: loaded successfully
2	16:50:51.359	Custom indicator FXSmooth EURUSD US30,M1: loaded successfully
2	16:50:51.426	Custom indicator T3_CCI_ divergence_v1 US30,M1: loaded successfully
2	16:52:10.471	Custom indicator WATR US30,M1: removed
2	16:52:10.473	Custom indicator Xi-VLines20v1.02 US30,M1: removed
2	16:52:10.473	Custom indicator EWPro US30,M1: removed
2	16:52:10.474	Custom indicator #RSI_CANDLE US30,M1: removed
2	16:52:10.475	Custom indicator !MoneyLine2 US30,M1: removed
2	16:52:10.475	Custom indicator #MT TrendLine US30,M1: removed
2	16:52:10.475	Custom indicator FXSmooth EURUSD US30,M1: removed
2	16:52:10.475	Custom indicator T3_CCI_ divergence_v1 US30,M1: removed
2	16:52:10.546	Custom indicator ForexProfitSupreme Meter US30,M1: loaded successfully
2	16:52:10.615	Custom indicator Forexprofitsupreme Bars US30,M1: loaded successfully
2	16:52:10.700	Custom indicator Forexprofitsupreme Signal US30,M1: loaded successfully
2	16:52:10.766	Custom indicator ForexprofitsupremeClock US30,M1: loaded successfully
2	16:52:10.835	Custom indicator ForexprofitsupremeFilter US30,M1: loaded successfully
2	16:52:10.902	Custom indicator ForexprofitsupremeDline US30,M1: loaded successfully
2	16:54:17.051	Custom indicator ForexProfitSupreme Meter US30,M1: removed
2	16:54:17.051	Custom indicator Forexprofitsupreme Bars US30,M1: removed
2	16:54:17.051	Custom indicator Forexprofitsupreme Signal US30,M1: removed
2	16:54:17.051	Custom indicator ForexprofitsupremeClock US30,M1: removed
2	16:54:17.051	Custom indicator ForexprofitsupremeFilter US30,M1: removed
2	16:54:17.051	Custom indicator ForexprofitsupremeDline US30,M1: removed
2	16:54:17.060	Custom indicator WATR US30,M1: loaded successfully
2	16:54:17.067	Custom indicator Xi-VLines20v1.02 US30,M1: loaded successfully
2	16:54:17.136	Custom indicator EWPro US30,M1: loaded successfully
2	16:54:17.146	Custom indicator #RSI_CANDLE US30,M1: loaded successfully
2	16:54:17.154	Custom indicator !MoneyLine2 US30,M1: loaded successfully
2	16:54:17.222	Custom indicator #MT TrendLine US30,M1: loaded successfully
2	16:54:17.287	Custom indicator FXSmooth EURUSD US30,M1: loaded successfully
2	16:54:17.354	Custom indicator T3_CCI_ divergence_v1 US30,M1: loaded successfully
2	16:54:51.872	Custom indicator AIMS Levels V2 DE30,M1: removed
2	16:54:51.872	Custom indicator AIMS Entry Alert V1 DE30,M1: removed
2	16:54:51.873	Custom indicator CandleTimer DE30,M1: removed
2	16:54:51.873	Custom indicator #Signal_Bars_v6 DE30,M1: removed
2	16:54:51.873	Custom indicator AIMS AO V.2.1 DE30,M1: removed
2	16:54:51.875	Custom indicator IVT_MACD_ZERO_LAG DE30,M1: removed
2	16:54:51.876	Custom indicator RSI Divergence Levels DE30,M1: removed
2	16:54:51.885	Custom indicator WATR DE30,M1: loaded successfully
2	16:54:51.892	Custom indicator Xi-VLines20v1.02 DE30,M1: loaded successfully
2	16:54:51.961	Custom indicator EWPro DE30,M1: loaded successfully
2	16:54:51.993	Custom indicator #RSI_CANDLE DE30,M1: loaded successfully
2	16:54:52.000	Custom indicator !MoneyLine2 DE30,M1: loaded successfully
2	16:54:52.067	Custom indicator #MT TrendLine DE30,M1: loaded successfully
2	16:54:52.133	Custom indicator FXSmooth EURUSD DE30,M1: loaded successfully
2	16:54:52.201	Custom indicator T3_CCI_ divergence_v1 DE30,M1: loaded successfully
0	16:58:36.166	'14109544': instant order buy 0.50 US30 at 27131.2 sl: 0.0 tp: 0.0
0	16:58:36.577	'14109544': requote 27127.3 / 27132.4 for open buy 0.50 US30 at 27131.2 sl: 0.0 tp: 0.0
0	16:58:43.460	'14109544': instant order buy 0.50 US30 at 27137.3 sl: 0.0 tp: 0.0
0	16:58:44.007	'14109544': order was opened : #188294870 buy 0.50 US30 at 27137.3 sl: 0.0 tp: 0.0
0	17:00:13.212	'14109544': close order #188294870 buy 0.50 US30 at 27137.3 sl: 0.0 tp: 0.0 at price 27139.7
0	17:00:14.042	'14109544': requote 27138.0 / 27143.3 for order #188294870 buy 0.50 US30 closing at 27139.7
0	17:01:32.754	'14109544': instant order buy 0.50 DE30 at 12574.9 sl: 0.0 tp: 0.0
0	17:01:33.523	'14109544': requote 12571.3 / 12575.4 for open buy 0.50 DE30 at 12574.9 sl: 0.0 tp: 0.0
0	17:01:36.195	'14109544': instant order buy 0.50 DE30 at 12574.7 sl: 0.0 tp: 0.0
0	17:01:36.641	'14109544': order was opened : #188295308 buy 0.50 DE30 at 12574.7 sl: 0.0 tp: 0.0
2	17:02:33.134	Custom indicator WATR US30,M1: removed
2	17:02:33.135	Custom indicator Xi-VLines20v1.02 US30,M1: removed
2	17:02:33.135	Custom indicator EWPro US30,M1: removed
2	17:02:33.137	Custom indicator #RSI_CANDLE US30,M1: removed
2	17:02:33.139	Custom indicator !MoneyLine2 US30,M1: removed
2	17:02:33.139	Custom indicator #MT TrendLine US30,M1: removed
2	17:02:33.139	Custom indicator FXSmooth EURUSD US30,M1: removed
2	17:02:33.139	Custom indicator T3_CCI_ divergence_v1 US30,M1: removed
2	17:02:33.208	Custom indicator AIMS Levels V2 US30,M1: loaded successfully
2	17:02:33.301	Custom indicator AIMS Entry Alert V1 US30,M1: loaded successfully
2	17:02:33.308	Custom indicator CandleTimer US30,M1: loaded successfully
2	17:02:33.375	Custom indicator #Signal_Bars_v6 US30,M1: loaded successfully
2	17:02:33.442	Custom indicator AIMS AO V.2.1 US30,M1: loaded successfully
2	17:02:33.469	Custom indicator IVT_MACD_ZERO_LAG US30,M1: loaded successfully
2	17:02:33.478	Custom indicator RSI Divergence Levels US30,M1: loaded successfully
2	17:02:54.646	Custom indicator WATR DE30,M1: removed
2	17:02:54.647	Custom indicator Xi-VLines20v1.02 DE30,M1: removed
2	17:02:54.647	Custom indicator EWPro DE30,M1: removed
2	17:02:54.648	Custom indicator #RSI_CANDLE DE30,M1: removed
2	17:02:54.650	Custom indicator !MoneyLine2 DE30,M1: removed
2	17:02:54.650	Custom indicator #MT TrendLine DE30,M1: removed
2	17:02:54.650	Custom indicator FXSmooth EURUSD DE30,M1: removed
2	17:02:54.650	Custom indicator T3_CCI_ divergence_v1 DE30,M1: removed
2	17:02:54.721	Custom indicator AIMS Levels V2 DE30,M1: loaded successfully
2	17:02:54.787	Custom indicator AIMS Entry Alert V1 DE30,M1: loaded successfully
2	17:02:54.794	Custom indicator CandleTimer DE30,M1: loaded successfully
2	17:02:54.862	Custom indicator #Signal_Bars_v6 DE30,M1: loaded successfully
2	17:02:54.928	Custom indicator AIMS AO V.2.1 DE30,M1: loaded successfully
2	17:02:54.960	Custom indicator IVT_MACD_ZERO_LAG DE30,M1: loaded successfully
2	17:02:54.982	Custom indicator RSI Divergence Levels DE30,M1: loaded successfully
2	17:04:14.512	Custom indicator AIMS Levels V2 US30,M1: removed
2	17:04:14.512	Custom indicator AIMS Entry Alert V1 US30,M1: removed
2	17:04:14.514	Custom indicator CandleTimer US30,M1: removed
2	17:04:14.514	Custom indicator #Signal_Bars_v6 US30,M1: removed
2	17:04:14.514	Custom indicator AIMS AO V.2.1 US30,M1: removed
2	17:04:14.515	Custom indicator IVT_MACD_ZERO_LAG US30,M1: removed
2	17:04:14.517	Custom indicator RSI Divergence Levels US30,M1: removed
2	17:04:14.527	Custom indicator WATR US30,M1: loaded successfully
2	17:04:14.534	Custom indicator Xi-VLines20v1.02 US30,M1: loaded successfully
2	17:04:14.605	Custom indicator EWPro US30,M1: loaded successfully
2	17:04:14.614	Custom indicator #RSI_CANDLE US30,M1: loaded successfully
2	17:04:14.622	Custom indicator !MoneyLine2 US30,M1: loaded successfully
2	17:04:14.688	Custom indicator #MT TrendLine US30,M1: loaded successfully
2	17:04:14.756	Custom indicator FXSmooth EURUSD US30,M1: loaded successfully
2	17:04:14.821	Custom indicator T3_CCI_ divergence_v1 US30,M1: loaded successfully
2	17:04:34.382	Custom indicator AIMS Levels V2 DE30,M1: removed
2	17:04:34.382	Custom indicator AIMS Entry Alert V1 DE30,M1: removed
2	17:04:34.383	Custom indicator CandleTimer DE30,M1: removed
2	17:04:34.383	Custom indicator #Signal_Bars_v6 DE30,M1: removed
2	17:04:34.383	Custom indicator AIMS AO V.2.1 DE30,M1: removed
2	17:04:34.385	Custom indicator IVT_MACD_ZERO_LAG DE30,M1: removed
2	17:04:34.386	Custom indicator RSI Divergence Levels DE30,M1: removed
2	17:04:34.397	Custom indicator WATR DE30,M1: loaded successfully
2	17:04:34.405	Custom indicator Xi-VLines20v1.02 DE30,M1: loaded successfully
2	17:04:34.475	Custom indicator EWPro DE30,M1: loaded successfully
2	17:04:34.483	Custom indicator #RSI_CANDLE DE30,M1: loaded successfully
2	17:04:34.491	Custom indicator !MoneyLine2 DE30,M1: loaded successfully
2	17:04:34.558	Custom indicator #MT TrendLine DE30,M1: loaded successfully
2	17:04:34.627	Custom indicator FXSmooth EURUSD DE30,M1: loaded successfully
2	17:04:34.693	Custom indicator T3_CCI_ divergence_v1 DE30,M1: loaded successfully
0	17:06:50.560	'14109544': close order #188294870 buy 0.50 US30 at 27137.3 sl: 0.0 tp: 0.0 at price 27094.8
0	17:06:51.008	'14109544': requote 27093.9 / 27098.7 for order #188294870 buy 0.50 US30 closing at 27094.8
0	17:06:56.823	'14109544': close order #188294870 buy 0.50 US30 at 27137.3 sl: 0.0 tp: 0.0 at price 27089.0
0	17:06:57.290	'14109544': order #188294870 buy 0.50 US30 at 27137.3 sl: 0.0 tp: 0.0 closed at price 27089.0
0	17:07:51.334	'14109544': close order #188295308 buy 0.50 DE30 at 12574.7 sl: 0.0 tp: 0.0 at price 12546.6
0	17:07:52.067	'14109544': order #188295308 buy 0.50 DE30 at 12574.7 sl: 0.0 tp: 0.0 closed at price 12546.6
0	17:09:42.889	'14109544': instant order buy 0.50 US30 at 27142.1 sl: 0.0 tp: 0.0
0	17:09:43.348	'14109544': order was opened : #188296295 buy 0.50 US30 at 27142.1 sl: 0.0 tp: 0.0
0	17:09:46.637	'14109544': instant order buy 0.50 DE30 at 12567.0 sl: 0.0 tp: 0.0
0	17:09:47.090	'14109544': order was opened : #188296308 buy 0.50 DE30 at 12567.0 sl: 0.0 tp: 0.0
0	17:12:11.002	'14109544': close order #188296308 buy 0.50 DE30 at 12567.0 sl: 0.0 tp: 0.0 at price 12537.5
0	17:12:11.594	'14109544': order #188296308 buy 0.50 DE30 at 12567.0 sl: 0.0 tp: 0.0 closed at price 12537.5
0	17:12:39.325	'14109544': close order #188296295 buy 0.50 US30 at 27142.1 sl: 0.0 tp: 0.0 at price 27068.2
0	17:12:40.040	'14109544': order #188296295 buy 0.50 US30 at 27142.1 sl: 0.0 tp: 0.0 closed at price 27068.2
2	17:12:51.055	Custom indicator WATR US30,M1: removed
2	17:12:51.057	Custom indicator Xi-VLines20v1.02 US30,M1: removed
2	17:12:51.057	Custom indicator EWPro US30,M1: removed
2	17:12:51.058	Custom indicator #RSI_CANDLE US30,M1: removed
2	17:12:51.059	Custom indicator !MoneyLine2 US30,M1: removed
2	17:12:51.060	Custom indicator #MT TrendLine US30,M1: removed
2	17:12:51.060	Custom indicator FXSmooth EURUSD US30,M1: removed
2	17:12:51.060	Custom indicator T3_CCI_ divergence_v1 US30,M1: removed
2	17:12:51.129	Custom indicator AIMS Levels V2 US30,M1: loaded successfully
2	17:12:51.217	Custom indicator AIMS Entry Alert V1 US30,M1: loaded successfully
2	17:12:51.225	Custom indicator CandleTimer US30,M1: loaded successfully
2	17:12:51.290	Custom indicator #Signal_Bars_v6 US30,M1: loaded successfully
2	17:12:51.356	Custom indicator AIMS AO V.2.1 US30,M1: loaded successfully
2	17:12:51.365	Custom indicator IVT_MACD_ZERO_LAG US30,M1: loaded successfully
2	17:12:51.377	Custom indicator RSI Divergence Levels US30,M1: loaded successfully
2	17:13:12.050	Custom indicator AIMS Levels V2 US30,M1: removed
2	17:13:12.050	Custom indicator AIMS Entry Alert V1 US30,M1: removed
2	17:13:12.052	Custom indicator CandleTimer US30,M1: removed
2	17:13:12.052	Custom indicator #Signal_Bars_v6 US30,M1: removed
2	17:13:12.052	Custom indicator AIMS AO V.2.1 US30,M1: removed
2	17:13:12.053	Custom indicator IVT_MACD_ZERO_LAG US30,M1: removed
2	17:13:12.055	Custom indicator RSI Divergence Levels US30,M1: removed
2	17:13:12.125	Custom indicator AIMS Levels V2 US30,M1: loaded successfully
2	17:13:12.193	Custom indicator AIMS Entry Alert V1 US30,M1: loaded successfully
2	17:13:12.203	Custom indicator CandleTimer US30,M1: loaded successfully
2	17:13:12.269	Custom indicator #Signal_Bars_v6 US30,M1: loaded successfully
2	17:13:12.334	Custom indicator AIMS AO V.2.1 US30,M1: loaded successfully
2	17:13:12.342	Custom indicator IVT_MACD_ZERO_LAG US30,M1: loaded successfully
2	17:13:12.351	Custom indicator RSI Divergence Levels US30,M1: loaded successfully
2	17:13:20.163	Custom indicator AIMS Levels V2 US30,M1: removed
2	17:13:20.163	Custom indicator AIMS Entry Alert V1 US30,M1: removed
2	17:13:20.165	Custom indicator CandleTimer US30,M1: removed
2	17:13:20.165	Custom indicator #Signal_Bars_v6 US30,M1: removed
2	17:13:20.165	Custom indicator AIMS AO V.2.1 US30,M1: removed
2	17:13:20.166	Custom indicator IVT_MACD_ZERO_LAG US30,M1: removed
2	17:13:20.168	Custom indicator RSI Divergence Levels US30,M1: removed
2	17:13:20.178	Custom indicator WATR US30,M1: loaded successfully
2	17:13:20.185	Custom indicator Xi-VLines20v1.02 US30,M1: loaded successfully
2	17:13:20.253	Custom indicator EWPro US30,M1: loaded successfully
2	17:13:20.263	Custom indicator #RSI_CANDLE US30,M1: loaded successfully
2	17:13:20.271	Custom indicator !MoneyLine2 US30,M1: loaded successfully
2	17:13:20.336	Custom indicator #MT TrendLine US30,M1: loaded successfully
2	17:13:20.401	Custom indicator FXSmooth EURUSD US30,M1: loaded successfully
2	17:13:20.467	Custom indicator T3_CCI_ divergence_v1 US30,M1: loaded successfully
2	17:19:15.227	Custom indicator WATR US30,M1: removed
2	17:19:15.228	Custom indicator Xi-VLines20v1.02 US30,M1: removed
2	17:19:15.229	Custom indicator EWPro US30,M1: removed
2	17:19:15.231	Custom indicator #RSI_CANDLE US30,M1: removed
2	17:19:15.233	Custom indicator !MoneyLine2 US30,M1: removed
2	17:19:15.233	Custom indicator #MT TrendLine US30,M1: removed
2	17:19:15.233	Custom indicator FXSmooth EURUSD US30,M1: removed
2	17:19:15.233	Custom indicator T3_CCI_ divergence_v1 US30,M1: removed
2	17:19:15.302	Custom indicator AIMS Levels V2 US30,M1: loaded successfully
2	17:19:15.367	Custom indicator AIMS Entry Alert V1 US30,M1: loaded successfully
2	17:19:15.374	Custom indicator CandleTimer US30,M1: loaded successfully
2	17:19:15.440	Custom indicator #Signal_Bars_v6 US30,M1: loaded successfully
2	17:19:15.505	Custom indicator AIMS AO V.2.1 US30,M1: loaded successfully
2	17:19:15.514	Custom indicator IVT_MACD_ZERO_LAG US30,M1: loaded successfully
2	17:19:15.522	Custom indicator RSI Divergence Levels US30,M1: loaded successfully
2	17:22:34.938	Custom indicator WATR DE30,M1: removed
2	17:22:34.939	Custom indicator Xi-VLines20v1.02 DE30,M1: removed
2	17:22:34.939	Custom indicator EWPro DE30,M1: removed
2	17:22:34.941	Custom indicator #RSI_CANDLE DE30,M1: removed
2	17:22:34.942	Custom indicator !MoneyLine2 DE30,M1: removed
2	17:22:34.942	Custom indicator #MT TrendLine DE30,M1: removed
2	17:22:34.942	Custom indicator FXSmooth EURUSD DE30,M1: removed
2	17:22:34.942	Custom indicator T3_CCI_ divergence_v1 DE30,M1: removed
2	17:22:35.015	Custom indicator AIMS Levels V2 DE30,M1: loaded successfully
2	17:22:35.085	Custom indicator AIMS Entry Alert V1 DE30,M1: loaded successfully
2	17:22:35.093	Custom indicator CandleTimer DE30,M1: loaded successfully
2	17:22:35.161	Custom indicator #Signal_Bars_v6 DE30,M1: loaded successfully
2	17:22:35.233	Custom indicator AIMS AO V.2.1 DE30,M1: loaded successfully
2	17:22:35.242	Custom indicator IVT_MACD_ZERO_LAG DE30,M1: loaded successfully
2	17:22:35.252	Custom indicator RSI Divergence Levels DE30,M1: loaded successfully
2	17:22:52.833	Custom indicator AIMS Levels V2 US30,M1: removed
2	17:22:52.833	Custom indicator AIMS Entry Alert V1 US30,M1: removed
2	17:22:52.836	Custom indicator CandleTimer US30,M1: removed
2	17:22:52.836	Custom indicator #Signal_Bars_v6 US30,M1: removed
2	17:22:52.837	Custom indicator AIMS AO V.2.1 US30,M1: removed
2	17:22:52.838	Custom indicator IVT_MACD_ZERO_LAG US30,M1: removed
2	17:22:52.840	Custom indicator RSI Divergence Levels US30,M1: removed
2	17:22:52.882	Custom indicator WATR US30,M1: loaded successfully
2	17:22:52.891	Custom indicator Xi-VLines20v1.02 US30,M1: loaded successfully
2	17:22:52.961	Custom indicator EWPro US30,M1: loaded successfully
2	17:22:52.987	Custom indicator #RSI_CANDLE US30,M1: loaded successfully
2	17:22:52.995	Custom indicator !MoneyLine2 US30,M1: loaded successfully
2	17:22:53.064	Custom indicator #MT TrendLine US30,M1: loaded successfully
2	17:22:53.131	Custom indicator FXSmooth EURUSD US30,M1: loaded successfully
2	17:22:53.207	Custom indicator T3_CCI_ divergence_v1 US30,M1: loaded successfully
0	17:26:05.740	'14109544': instant order buy 0.10 AUDNZD at 1.07214 sl: 0.00000 tp: 0.00000
0	17:26:06.185	'14109544': order was opened : #188298668 buy 0.10 AUDNZD at 1.07214 sl: 0.00000 tp: 0.00000
0	17:26:26.385	'14109544': modify order #188298668 buy 0.10 AUDNZD at 1.07214 sl: 0.00000 tp: 0.00000 -> sl: 1.06901 tp: 0.00000
0	17:26:26.793	'14109544': order #188298668 buy 0.10 AUDNZD at 1.07214 was modified -> sl: 1.06901 tp: 0.00000
0	17:27:11.711	'14109544': modify order #188298668 buy 0.10 AUDNZD at 1.07214 sl: 1.06901 tp: 0.00000 -> sl: 1.06754 tp: 0.00000
0	17:27:12.199	'14109544': order #188298668 buy 0.10 AUDNZD at 1.07214 was modified -> sl: 1.06754 tp: 0.00000
2	17:27:52.351	Custom indicator WATR AUDNZD,H1: removed
2	17:27:52.379	Custom indicator Xi-VLines20v1.02 AUDNZD,H1: removed
2	17:27:52.397	Custom indicator EWPro AUDNZD,H1: removed
2	17:27:52.419	Custom indicator #RSI_CANDLE AUDNZD,H1: removed
2	17:27:52.442	Custom indicator !MoneyLine2 AUDNZD,H1: removed
2	17:27:52.454	Custom indicator #MT TrendLine AUDNZD,H1: removed
2	17:27:52.454	Custom indicator FXSmooth EURUSD AUDNZD,H1: removed
2	17:27:52.463	Custom indicator T3_CCI_ divergence_v1 AUDNZD,H1: removed
2	17:27:52.543	Custom indicator AIMS Levels V2 AUDNZD,H1: loaded successfully
2	17:27:52.612	Custom indicator AIMS Entry Alert V1 AUDNZD,H1: loaded successfully
2	17:27:52.619	Custom indicator CandleTimer AUDNZD,H1: loaded successfully
2	17:27:52.683	Custom indicator #Signal_Bars_v6 AUDNZD,H1: loaded successfully
2	17:27:52.748	Custom indicator AIMS AO V.2.1 AUDNZD,H1: loaded successfully
2	17:27:52.756	Custom indicator IVT_MACD_ZERO_LAG AUDNZD,H1: loaded successfully
2	17:27:52.773	Custom indicator RSI Divergence Levels AUDNZD,H1: loaded successfully
0	17:28:45.207	'14109544': modify order #188298668 buy 0.10 AUDNZD at 1.07214 sl: 1.06754 tp: 0.00000 -> sl: 1.06715 tp: 0.00000
0	17:28:47.710	'14109544': order #188298668 buy 0.10 AUDNZD at 1.07214 was modified -> sl: 1.06715 tp: 0.00000
0	17:29:07.538	'14109544': modify order #188298668 buy 0.10 AUDNZD at 1.07214 sl: 1.06715 tp: 0.00000 -> sl: 1.06715 tp: 1.08020
0	17:29:07.932	'14109544': order #188298668 buy 0.10 AUDNZD at 1.07214 was modified -> sl: 1.06715 tp: 1.08020
2	17:32:19.578	Custom indicator AIMS Levels V2 AUDNZD,H1: removed
2	17:32:19.578	Custom indicator AIMS Entry Alert V1 AUDNZD,H1: removed
2	17:32:19.580	Custom indicator CandleTimer AUDNZD,H1: removed
2	17:32:19.580	Custom indicator #Signal_Bars_v6 AUDNZD,H1: removed
2	17:32:19.580	Custom indicator AIMS AO V.2.1 AUDNZD,H1: removed
2	17:32:19.581	Custom indicator IVT_MACD_ZERO_LAG AUDNZD,H1: removed
2	17:32:19.582	Custom indicator RSI Divergence Levels AUDNZD,H1: removed
2	17:32:19.608	Custom indicator WATR AUDNZD,H1: loaded successfully
2	17:32:19.616	Custom indicator Xi-VLines20v1.02 AUDNZD,H1: loaded successfully
2	17:32:19.682	Custom indicator EWPro AUDNZD,H1: loaded successfully
2	17:32:19.703	Custom indicator #RSI_CANDLE AUDNZD,H1: loaded successfully
2	17:32:19.710	Custom indicator !MoneyLine2 AUDNZD,H1: loaded successfully
2	17:32:19.783	Custom indicator #MT TrendLine AUDNZD,H1: loaded successfully
2	17:32:19.852	Custom indicator FXSmooth EURUSD AUDNZD,H1: loaded successfully
2	17:32:19.919	Custom indicator T3_CCI_ divergence_v1 AUDNZD,H1: loaded successfully
0	17:34:19.220	'14109544': instant order buy 0.50 DE30 at 12531.6 sl: 0.0 tp: 0.0
0	17:34:19.833	'14109544': order was opened : #188299749 buy 0.50 DE30 at 12531.6 sl: 0.0 tp: 0.0
1	17:52:39.053	'14109544': modification of order #188299749 buy 0.50 DE30 at 12531.6 sl: 0.0 tp: 0.0 -> sl: 12527.9 tp: 0.0 failed [Invalid S/L or T/P]
0	17:53:36.542	'14109544': close order #188299749 buy 0.50 DE30 at 12531.6 sl: 0.0 tp: 0.0 at price 12537.5
0	17:53:37.681	'14109544': requote 12536.7 / 12540.6 for order #188299749 buy 0.50 DE30 closing at 12537.5
0	17:55:03.362	'14109544': close order #188299749 buy 0.50 DE30 at 12531.6 sl: 0.0 tp: 0.0 at price 12528.7
0	17:55:04.164	'14109544': order #188299749 buy 0.50 DE30 at 12531.6 sl: 0.0 tp: 0.0 closed at price 12528.7
0	17:55:52.505	'14109544': instant order sell 0.50 US30 at 26960.2 sl: 0.0 tp: 0.0
0	17:55:53.218	'14109544': order was opened : #188302710 sell 0.50 US30 at 26960.2 sl: 0.0 tp: 0.0
1	17:58:18.656	'14109544': modification of order #188302710 sell 0.50 US30 at 26960.2 sl: 0.0 tp: 0.0 -> sl: 0.0 tp: 26960.0 failed [Invalid S/L or T/P]
1	18:04:57.639	'14109544': modification of order #188302710 sell 0.50 US30 at 26960.2 sl: 0.0 tp: 0.0 -> sl: 27060.9 tp: 0.0 failed [Invalid S/L or T/P]
1	18:05:14.985	'14109544': modification of order #188302710 sell 0.50 US30 at 26960.2 sl: 0.0 tp: 0.0 -> sl: 27064.4 tp: 0.0 failed [Invalid S/L or T/P]
0	18:07:04.444	'14109544': login on Exness-Real4 through DC05 (ping: 547.58 ms)
0	18:07:06.600	'14109544': login datacenter on Exness-Real4 through DC06 (ping: 311.58 ms)
0	18:07:13.240	'14109544': login on Exness-Real4 through DC06 (ping: 311.58 ms)
0	18:07:16.010	'14109544': login datacenter on Exness-Real4 through DC06 (ping: 311.58 ms)
0	18:07:17.016	'14109544': previous successful authorization performed from 197.149.28.199
0	18:07:32.993	'14109544': auto connecting to a better access point DC00 (ping is 213.52 ms)
0	18:07:33.742	'14109544': login on Exness-Real4 through DC00 (ping: 213.52 ms)
0	18:07:37.646	'14109544': login datacenter on Exness-Real4 through DC00 (ping: 213.52 ms)
0	18:07:38.748	'14109544': previous successful authorization performed from 197.149.28.199
0	18:10:24.718	'14109544': close order #188302710 sell 0.50 US30 at 26960.2 sl: 0.0 tp: 0.0 at price 27059.0
0	18:10:25.121	'14109544': order #188302710 sell 0.50 US30 at 26960.2 sl: 0.0 tp: 0.0 closed at price 27059.0
2	18:10:49.197	Custom indicator WATR US30,M1: removed
2	18:10:49.199	Custom indicator Xi-VLines20v1.02 US30,M1: removed
2	18:10:49.199	Custom indicator EWPro US30,M1: removed
2	18:10:49.201	Custom indicator #RSI_CANDLE US30,M1: removed
2	18:10:49.203	Custom indicator !MoneyLine2 US30,M1: removed
2	18:10:49.203	Custom indicator #MT TrendLine US30,M1: removed
2	18:10:49.203	Custom indicator FXSmooth EURUSD US30,M1: removed
2	18:10:49.203	Custom indicator T3_CCI_ divergence_v1 US30,M1: removed
2	18:10:49.275	Custom indicator AIMS Levels V2 US30,M1: loaded successfully
2	18:10:49.343	Custom indicator AIMS Entry Alert V1 US30,M1: loaded successfully
2	18:10:49.397	Custom indicator CandleTimer US30,M1: loaded successfully
2	18:10:49.463	Custom indicator #Signal_Bars_v6 US30,M1: loaded successfully
2	18:10:49.530	Custom indicator AIMS AO V.2.1 US30,M1: loaded successfully
2	18:10:49.538	Custom indicator IVT_MACD_ZERO_LAG US30,M1: loaded successfully
2	18:10:49.547	Custom indicator RSI Divergence Levels US30,M1: loaded successfully
0	18:15:23.699	'14109544': instant order buy 0.50 US30 at 27088.7 sl: 0.0 tp: 0.0
0	18:15:23.985	'14109544': requote 27084.7 / 27089.7 for open buy 0.50 US30 at 27088.7 sl: 0.0 tp: 0.0
0	18:15:31.690	'14109544': instant order buy 0.50 US30 at 27083.2 sl: 0.0 tp: 0.0
0	18:15:32.088	'14109544': requote 27081.7 / 27086.7 for open buy 0.50 US30 at 27083.2 sl: 0.0 tp: 0.0
0	18:16:13.021	'14109544': instant order buy 0.50 US30 at 27086.9 sl: 0.0 tp: 0.0
0	18:16:13.492	'14109544': order was opened : #188305906 buy 0.50 US30 at 27086.9 sl: 0.0 tp: 0.0
0	18:19:56.868	'14109544': modify order #188305906 buy 0.50 US30 at 27086.9 sl: 0.0 tp: 0.0 -> sl: 27025.7 tp: 0.0
0	18:19:57.919	'14109544': order #188305906 buy 0.50 US30 at 27086.9 was modified -> sl: 27025.7 tp: 0.0
2	18:24:09.637	Custom indicator WATR AUDNZD,H1: removed
2	18:24:09.638	Custom indicator Xi-VLines20v1.02 AUDNZD,H1: removed
2	18:24:09.638	Custom indicator EWPro AUDNZD,H1: removed
2	18:24:09.639	Custom indicator #RSI_CANDLE AUDNZD,H1: removed
2	18:24:09.641	Custom indicator !MoneyLine2 AUDNZD,H1: removed
2	18:24:09.641	Custom indicator #MT TrendLine AUDNZD,H1: removed
2	18:24:09.641	Custom indicator FXSmooth EURUSD AUDNZD,H1: removed
2	18:24:09.641	Custom indicator T3_CCI_ divergence_v1 AUDNZD,H1: removed
2	18:24:09.712	Custom indicator AIMS Levels V2 AUDNZD,H1: loaded successfully
2	18:24:09.781	Custom indicator AIMS Entry Alert V1 AUDNZD,H1: loaded successfully
2	18:24:09.790	Custom indicator CandleTimer AUDNZD,H1: loaded successfully
2	18:24:09.878	Custom indicator #Signal_Bars_v6 AUDNZD,H1: loaded successfully
2	18:24:09.949	Custom indicator AIMS AO V.2.1 AUDNZD,H1: loaded successfully
2	18:24:09.958	Custom indicator IVT_MACD_ZERO_LAG AUDNZD,H1: loaded successfully
2	18:24:09.980	Custom indicator RSI Divergence Levels AUDNZD,H1: loaded successfully
0	18:26:14.146	'14109544': instant order sell 0.50 US30 at 27079.2 sl: 0.0 tp: 0.0
0	18:26:14.434	'14109544': requote 27076.7 / 27081.6 for open sell 0.50 US30 at 27079.2 sl: 0.0 tp: 0.0
0	18:26:15.964	'14109544': instant order sell 0.50 US30 at 27079.4 sl: 0.0 tp: 0.0
0	18:26:18.702	'14109544': order was opened : #188307012 sell 0.50 US30 at 27079.4 sl: 0.0 tp: 0.0
1	18:27:47.698	'14109544': modification of order #188307012 sell 0.50 US30 at 27079.4 sl: 0.0 tp: 0.0 -> sl: 27104.1 tp: 0.0 failed [Invalid S/L or T/P]
0	18:29:55.718	'14109544': close order #188305906 buy 0.50 US30 at 27086.9 sl: 27025.7 tp: 0.0 at price 27066.4
0	18:29:57.647	'14109544': requote 27064.5 / 27069.3 for order #188305906 buy 0.50 US30 closing at 27066.4
0	18:30:00.910	'14109544': close order #188305906 buy 0.50 US30 at 27086.9 sl: 27025.7 tp: 0.0 at price 27070.5
0	18:30:01.265	'14109544': order #188305906 buy 0.50 US30 at 27086.9 sl: 27025.7 tp: 0.0 closed at price 27070.5
1	18:32:55.607	'14109544': modification of order #188307012 sell 0.50 US30 at 27079.4 sl: 0.0 tp: 0.0 -> sl: 27106.8 tp: 0.0 failed [Invalid S/L or T/P]
0	18:33:01.099	'14109544': modify order #188307012 sell 0.50 US30 at 27079.4 sl: 0.0 tp: 0.0 -> sl: 27113.4 tp: 0.0
0	18:33:01.472	'14109544': order #188307012 sell 0.50 US30 at 27079.4 was modified -> sl: 27113.4 tp: 0.0
1	18:33:04.985	'14109544': modification of order #188307012 sell 0.50 US30 at 27079.4 sl: 27113.4 tp: 0.0 -> sl: 27109.5 tp: 0.0 failed [Invalid S/L or T/P]
0	18:37:20.507	'14109544': modify order #188307012 sell 0.50 US30 at 27079.4 sl: 27113.4 tp: 0.0 -> sl: 27132.1 tp: 0.0
0	18:37:21.210	'14109544': order #188307012 sell 0.50 US30 at 27079.4 was modified -> sl: 27132.1 tp: 0.0
0	18:38:54.743	'14109544': instant order buy 0.50 US30 at 27087.1 sl: 0.0 tp: 0.0
0	18:38:55.043	'14109544': order was opened : #188308374 buy 0.50 US30 at 27087.1 sl: 0.0 tp: 0.0
0	18:39:37.248	'14109544': close order #188307012 sell 0.50 US30 at 27079.4 sl: 27132.1 tp: 0.0 at price 27096.7
0	18:39:37.946	'14109544': order #188307012 sell 0.50 US30 at 27079.4 sl: 27132.1 tp: 0.0 closed at price 27096.7
0	18:47:54.615	'14109544': instant order sell 0.50 US30 at 27089.0 sl: 0.0 tp: 0.0
0	18:47:55.036	'14109544': order was opened : #188309603 sell 0.50 US30 at 27089.0 sl: 0.0 tp: 0.0
0	18:47:58.729	'14109544': close order #188309603 sell 0.50 US30 at 27089.0 sl: 0.0 tp: 0.0 at price 27097.1
0	18:47:59.005	'14109544': requote 27093.2 / 27098.0 for order #188309603 sell 0.50 US30 closing at 27097.1
0	18:50:54.569	'14109544': close order #188309603 sell 0.50 US30 at 27089.0 sl: 0.0 tp: 0.0 at price 27114.3
0	18:50:54.853	'14109544': order #188309603 sell 0.50 US30 at 27089.0 sl: 0.0 tp: 0.0 closed at price 27114.3
0	18:55:00.259	'14109544': modify order #188308374 buy 0.50 US30 at 27087.1 sl: 0.0 tp: 0.0 -> sl: 27052.3 tp: 0.0
0	18:55:00.922	'14109544': order #188308374 buy 0.50 US30 at 27087.1 was modified -> sl: 27052.3 tp: 0.0
0	18:55:20.154	'14109544': close order #188308374 buy 0.50 US30 at 27087.1 sl: 27052.3 tp: 0.0 at price 27123.3
0	18:55:20.851	'14109544': requote 27128.9 / 27133.8 for order #188308374 buy 0.50 US30 closing at 27123.3
0	18:56:39.476	'14109544': close order #188308374 buy 0.50 US30 at 27087.1 sl: 27052.3 tp: 0.0 at price 27106.8
0	18:56:39.753	'14109544': order #188308374 buy 0.50 US30 at 27087.1 sl: 27052.3 tp: 0.0 closed at price 27106.8
1	18:57:41.167	'14109544': ping failed
0	18:57:43.163	'14109544': login on Exness-Real4 through DC00 (ping: 213.52 ms)
0	18:57:44.977	'14109544': login datacenter on Exness-Real4 through DC00 (ping: 213.52 ms)
0	18:57:45.901	'14109544': previous successful authorization performed from 197.149.28.199
2	18:59:45.086	Custom indicator AIMS Levels V2 CHFJPY,H1: loaded successfully
2	18:59:45.151	Custom indicator AIMS Entry Alert V1 CHFJPY,H1: loaded successfully
2	18:59:45.159	Custom indicator CandleTimer CHFJPY,H1: loaded successfully
2	18:59:45.221	Custom indicator #Signal_Bars_v6 CHFJPY,H1: loaded successfully
2	18:59:45.282	Custom indicator AIMS AO V.2.1 CHFJPY,H1: loaded successfully
2	18:59:45.290	Custom indicator IVT_MACD_ZERO_LAG CHFJPY,H1: loaded successfully
2	18:59:45.298	Custom indicator RSI Divergence Levels CHFJPY,H1: loaded successfully
0	19:01:52.788	'14109544': instant order buy 0.50 US30 at 27140.7 sl: 0.0 tp: 0.0
0	19:01:53.093	'14109544': requote 27136.1 / 27141.1 for open buy 0.50 US30 at 27140.7 sl: 0.0 tp: 0.0
0	19:01:54.951	'14109544': instant order buy 0.50 US30 at 27142.0 sl: 0.0 tp: 0.0
0	19:01:55.311	'14109544': requote 27133.8 / 27138.8 for open buy 0.50 US30 at 27142.0 sl: 0.0 tp: 0.0
0	19:02:00.081	'14109544': instant order buy 0.50 US30 at 27151.3 sl: 0.0 tp: 0.0
0	19:02:00.642	'14109544': order was opened : #188312093 buy 0.50 US30 at 27151.3 sl: 0.0 tp: 0.0
0	19:07:00.187	'14109544': instant order sell 0.50 US30 at 27108.0 sl: 0.0 tp: 0.0
0	19:07:01.541	'14109544': order was opened : #188313005 sell 0.50 US30 at 27108.0 sl: 0.0 tp: 0.0
0	19:07:07.364	'14109544': close order #188312093 buy 0.50 US30 at 27151.3 sl: 0.0 tp: 0.0 at price 27108.0
0	19:07:07.680	'14109544': requote 27103.9 / 27108.7 for order #188312093 buy 0.50 US30 closing at 27108.0
0	19:07:13.061	'14109544': close order #188312093 buy 0.50 US30 at 27151.3 sl: 0.0 tp: 0.0 at price 27100.3
0	19:07:14.346	'14109544': order #188312093 buy 0.50 US30 at 27151.3 sl: 0.0 tp: 0.0 closed at price 27100.3
1	19:07:40.954	'14109544': modification of order #188313005 sell 0.50 US30 at 27108.0 sl: 0.0 tp: 0.0 -> sl: 0.0 tp: 27055.8 failed [Invalid S/L or T/P]
1	19:17:46.260	'14109544': ping failed
1	19:17:46.264	'14109544': datacenter connecting failed [6]
0	19:17:47.151	'14109544': login on Exness-Real4 through DC06 (ping: 321.77 ms)
0	19:18:14.998	'14109544': login datacenter on Exness-Real4 through DC06 (ping: 321.77 ms)
0	19:18:15.835	'14109544': previous successful authorization performed from 220.242.139.62
0	19:18:38.445	'14109544': auto connecting to a better access point DC00 (ping is 260.61 ms)
0	19:18:39.220	'14109544': login on Exness-Real4 through DC00 (ping: 260.61 ms)
0	19:18:44.442	'14109544': login datacenter on Exness-Real4 through DC00 (ping: 260.61 ms)
0	19:18:45.931	'14109544': previous successful authorization performed from 197.149.28.199
0	19:18:57.554	'14109544': instant order buy 0.50 US30 at 27145.8 sl: 0.0 tp: 0.0
0	19:18:57.955	'14109544': order was opened : #188314952 buy 0.50 US30 at 27145.8 sl: 0.0 tp: 0.0
0	19:19:30.683	'14109544': close order #188313005 sell 0.50 US30 at 27108.0 sl: 0.0 tp: 0.0 at price 27142.2
0	19:19:31.431	'14109544': requote 27138.2 / 27143.2 for order #188313005 sell 0.50 US30 closing at 27142.2
0	19:19:41.908	'14109544': close order #188313005 sell 0.50 US30 at 27108.0 sl: 0.0 tp: 0.0 at price 27142.2
0	19:19:42.248	'14109544': requote 27138.9 / 27143.8 for order #188313005 sell 0.50 US30 closing at 27142.2
0	19:20:26.549	'14109544': close order #188313005 sell 0.50 US30 at 27108.0 sl: 0.0 tp: 0.0 at price 27144.3
1	19:21:47.112	'14109544': connect failed [Connection échouée]
0	19:24:20.072	'14109544': login on Exness-Real4 through DC15 (ping: n/a)
0	19:24:39.931	'14109544': login datacenter on Exness-Real4 through DC15 (ping: n/a)
0	19:24:41.327	'14109544': previous successful authorization performed from 220.242.139.62
0	19:25:19.113	'14109544': ping to current access point DC15 is n/a
0	19:25:33.384	'14109544': close order #188314952 buy 0.50 US30 at 27145.8 sl: 0.0 tp: 0.0 at price 27154.4
0	19:25:34.213	'14109544': order #188314952 buy 0.50 US30 at 27145.8 sl: 0.0 tp: 0.0 closed at price 27154.4
0	19:44:54.868	'14109544': instant order buy 0.50 US30 at 27139.7 sl: 0.0 tp: 0.0
0	19:44:55.833	'14109544': requote 27137.4 / 27141.8 for open buy 0.50 US30 at 27139.7 sl: 0.0 tp: 0.0
0	19:44:57.228	'14109544': instant order buy 0.50 US30 at 27140.7 sl: 0.0 tp: 0.0
0	19:44:58.297	'14109544': requote 27137.1 / 27141.5 for open buy 0.50 US30 at 27140.7 sl: 0.0 tp: 0.0
0	19:45:05.156	'14109544': instant order buy 0.50 US30 at 27137.5 sl: 0.0 tp: 0.0
0	19:45:07.086	'14109544': requote 27129.5 / 27133.9 for open buy 0.50 US30 at 27137.5 sl: 0.0 tp: 0.0
2	19:58:57.230	Custom indicator AIMS Levels V2 AUDUSD,M5: loaded successfully
2	19:58:57.296	Custom indicator AIMS Entry Alert V1 AUDUSD,M5: loaded successfully
2	19:58:57.320	Custom indicator CandleTimer AUDUSD,M5: loaded successfully
2	19:58:57.386	Custom indicator #Signal_Bars_v6 AUDUSD,M5: loaded successfully
2	19:58:57.449	Custom indicator AIMS AO V.2.1 AUDUSD,M5: loaded successfully
2	19:58:57.508	Custom indicator IVT_MACD_ZERO_LAG AUDUSD,M5: loaded successfully
2	19:58:57.529	Custom indicator RSI Divergence Levels AUDUSD,M5: loaded successfully
2	19:59:33.766	Custom indicator AIMS Levels V2 AUDNZD,M1: removed
2	19:59:33.767	Custom indicator AIMS Entry Alert V1 AUDNZD,M1: removed
2	19:59:33.775	Custom indicator CandleTimer AUDNZD,M1: removed
2	19:59:33.797	Custom indicator #Signal_Bars_v6 AUDNZD,M1: removed
2	19:59:33.797	Custom indicator AIMS AO V.2.1 AUDNZD,M1: removed
2	19:59:33.799	Custom indicator IVT_MACD_ZERO_LAG AUDNZD,M1: removed
2	19:59:33.814	Custom indicator RSI Divergence Levels AUDNZD,M1: removed
2	19:59:33.856	Custom indicator WATR AUDNZD,M1: loaded successfully
2	19:59:33.892	Custom indicator Xi-VLines20v1.02 AUDNZD,M1: loaded successfully
2	19:59:34.024	Custom indicator EWPro AUDNZD,M1: loaded successfully
2	19:59:34.034	Custom indicator #RSI_CANDLE AUDNZD,M1: loaded successfully
2	19:59:34.043	Custom indicator !MoneyLine2 AUDNZD,M1: loaded successfully
2	19:59:34.120	Custom indicator #MT TrendLine AUDNZD,M1: loaded successfully
2	19:59:34.187	Custom indicator FXSmooth EURUSD AUDNZD,M1: loaded successfully
2	19:59:34.279	Custom indicator T3_CCI_ divergence_v1 AUDNZD,M1: loaded successfully
0	19:59:52.690	'14109544': close order #188298668 buy 0.10 AUDNZD at 1.07214 sl: 1.06715 tp: 1.08020 at price 1.07029
0	19:59:53.717	'14109544': order #188298668 buy 0.10 AUDNZD at 1.07214 sl: 1.06715 tp: 1.08020 closed at price 1.07029
1	20:07:42.027	'14109544': datacenter connecting failed [6]
0	20:07:43.798	'14109544': login on Exness-Real4 through DC15 (ping: n/a)
0	20:07:49.684	'14109544': login datacenter on Exness-Real4 through DC15 (ping: n/a)
0	20:07:51.163	'14109544': previous successful authorization performed from 197.149.28.199
0	20:08:10.842	'14109544': ping to current access point DC15 is 717.28 ms
2	20:31:35.700	Custom indicator AIMS Levels V2 GBPNZD,H4: loaded successfully
2	20:31:35.791	Custom indicator AIMS Entry Alert V1 GBPNZD,H4: loaded successfully
2	20:31:35.934	Custom indicator CandleTimer GBPNZD,H4: loaded successfully
2	20:31:36.012	Custom indicator #Signal_Bars_v6 GBPNZD,H4: loaded successfully
2	20:31:36.077	Custom indicator AIMS AO V.2.1 GBPNZD,H4: loaded successfully
2	20:31:36.151	Custom indicator IVT_MACD_ZERO_LAG GBPNZD,H4: loaded successfully
2	20:31:36.181	Custom indicator RSI Divergence Levels GBPNZD,H4: loaded successfully
2	20:34:43.026	Custom indicator AIMS Levels V2 GBPNZD,H4: removed
2	20:34:43.027	Custom indicator AIMS Entry Alert V1 GBPNZD,H4: removed
2	20:34:43.028	Custom indicator CandleTimer GBPNZD,H4: removed
2	20:34:43.028	Custom indicator #Signal_Bars_v6 GBPNZD,H4: removed
2	20:34:43.028	Custom indicator AIMS AO V.2.1 GBPNZD,H4: removed
2	20:34:43.030	Custom indicator IVT_MACD_ZERO_LAG GBPNZD,H4: removed
2	20:34:43.031	Custom indicator RSI Divergence Levels GBPNZD,H4: removed
2	20:34:43.041	Custom indicator WATR GBPNZD,H4: loaded successfully
2	20:34:43.050	Custom indicator Xi-VLines20v1.02 GBPNZD,H4: loaded successfully
2	20:34:43.121	Custom indicator EWPro GBPNZD,H4: loaded successfully
2	20:34:43.161	Custom indicator #RSI_CANDLE GBPNZD,H4: loaded successfully
2	20:34:43.182	Custom indicator !MoneyLine2 GBPNZD,H4: loaded successfully
2	20:34:43.258	Custom indicator #MT TrendLine GBPNZD,H4: loaded successfully
2	20:34:43.326	Custom indicator FXSmooth EURUSD GBPNZD,H4: loaded successfully
2	20:34:43.395	Custom indicator T3_CCI_ divergence_v1 GBPNZD,H4: loaded successfully
2	20:35:11.122	Custom indicator WATR GBPNZD,M1: removed
2	20:35:11.123	Custom indicator Xi-VLines20v1.02 GBPNZD,M1: removed
2	20:35:11.123	Custom indicator EWPro GBPNZD,M1: removed
2	20:35:11.125	Custom indicator #RSI_CANDLE GBPNZD,M1: removed
2	20:35:11.126	Custom indicator !MoneyLine2 GBPNZD,M1: removed
2	20:35:11.146	Custom indicator #MT TrendLine GBPNZD,M1: removed
2	20:35:11.146	Custom indicator FXSmooth EURUSD GBPNZD,M1: removed
2	20:35:11.146	Custom indicator T3_CCI_ divergence_v1 GBPNZD,M1: removed
2	20:35:11.234	Custom indicator AIMS Levels V2 GBPNZD,M1: loaded successfully
2	20:35:11.301	Custom indicator AIMS Entry Alert V1 GBPNZD,M1: loaded successfully
2	20:35:11.351	Custom indicator CandleTimer GBPNZD,M1: loaded successfully
2	20:35:11.446	Custom indicator #Signal_Bars_v6 GBPNZD,M1: loaded successfully
2	20:35:11.582	Custom indicator AIMS AO V.2.1 GBPNZD,M1: loaded successfully
2	20:35:11.591	Custom indicator IVT_MACD_ZERO_LAG GBPNZD,M1: loaded successfully
2	20:35:11.636	Custom indicator RSI Divergence Levels GBPNZD,M1: loaded successfully
2	20:46:21.425	Custom indicator AIMS Levels V2 US30,M1: removed
2	20:46:21.451	Custom indicator AIMS Entry Alert V1 US30,M1: removed
2	20:46:21.555	Custom indicator CandleTimer US30,M1: removed
2	20:46:21.621	Custom indicator #Signal_Bars_v6 US30,M1: removed
2	20:46:21.674	Custom indicator AIMS AO V.2.1 US30,M1: removed
2	20:46:21.806	Custom indicator IVT_MACD_ZERO_LAG US30,M1: removed
2	20:46:22.048	Custom indicator RSI Divergence Levels US30,M1: removed
2	20:46:22.488	Custom indicator RSBot_V7 US30,M1: loaded successfully
2	20:49:12.519	Custom indicator AIMS Levels V2 DE30,M15: removed
2	20:49:12.544	Custom indicator AIMS Entry Alert V1 DE30,M15: removed
2	20:49:12.597	Custom indicator CandleTimer DE30,M15: removed
2	20:49:12.637	Custom indicator #Signal_Bars_v6 DE30,M15: removed
2	20:49:12.637	Custom indicator AIMS AO V.2.1 DE30,M15: removed
2	20:49:12.670	Custom indicator IVT_MACD_ZERO_LAG DE30,M15: removed
2	20:49:12.706	Custom indicator RSI Divergence Levels DE30,M15: removed
2	20:49:12.787	Custom indicator RSBot_V7 DE30,M15: loaded successfully
2	20:53:19.703	Custom indicator RSBot_V7 US30,M1: removed
2	20:53:20.607	Custom indicator AIMS Levels V2 US30,M1: loaded successfully
2	20:53:20.789	Custom indicator AIMS Entry Alert V1 US30,M1: loaded successfully
2	20:53:20.798	Custom indicator CandleTimer US30,M1: loaded successfully
2	20:53:20.909	Custom indicator #Signal_Bars_v6 US30,M1: loaded successfully
2	20:53:21.089	Custom indicator AIMS AO V.2.1 US30,M1: loaded successfully
2	20:53:21.166	Custom indicator IVT_MACD_ZERO_LAG US30,M1: loaded successfully
2	20:53:21.255	Custom indicator RSI Divergence Levels US30,M1: loaded successfully
2	20:57:16.175	Custom indicator CL_EC_03_CompleteTradeManager 131226 US30,M1: loaded successfully
3	20:57:16.175	Expert 'CL_EC_03_CompleteTradeManager 131226' is not custom indicator and will be removed
2	20:57:16.175	Custom indicator CL_EC_03_CompleteTradeManager 131226 US30,M1: removed
2	20:57:19.883	Custom indicator CL_EC_03_CompleteTradeManager 131226 US30,M1: loaded successfully
3	20:57:19.883	Expert 'CL_EC_03_CompleteTradeManager 131226' is not custom indicator and will be removed
2	20:57:19.883	Custom indicator CL_EC_03_CompleteTradeManager 131226 US30,M1: removed
0	20:58:14.325	'14109544': instant order sell 0.20 US30 at 27163.2 sl: 0.0 tp: 0.0
0	20:58:16.671	'14109544': requote 27143.5 / 27148.2 for open sell 0.20 US30 at 27163.2 sl: 0.0 tp: 0.0
0	20:58:33.169	'14109544': instant order sell 0.20 US30 at 27149.2 sl: 0.0 tp: 0.0
0	20:58:35.702	'14109544': order was opened : #188325190 sell 0.20 US30 at 27149.2 sl: 0.0 tp: 0.0
1	20:58:42.865	'14109544': modification of order #188325190 sell 0.20 US30 at 27149.2 sl: 0.0 tp: 0.0 -> sl: 27175.5 tp: 0.0 failed [Invalid S/L or T/P]
1	20:58:46.684	'14109544': modification of order #188325190 sell 0.20 US30 at 27149.2 sl: 0.0 tp: 0.0 -> sl: 27188.1 tp: 0.0 failed [Invalid S/L or T/P]
0	20:58:54.786	'14109544': modify order #188325190 sell 0.20 US30 at 27149.2 sl: 0.0 tp: 0.0 -> sl: 27231.9 tp: 0.0
0	20:58:55.766	'14109544': order #188325190 sell 0.20 US30 at 27149.2 was modified -> sl: 27231.9 tp: 0.0
1	20:58:59.520	'14109544': modification of order #188325190 sell 0.20 US30 at 27149.2 sl: 27231.9 tp: 0.0 -> sl: 27214.6 tp: 0.0 failed [Invalid S/L or T/P]
1	20:59:06.734	'14109544': modification of order #188325190 sell 0.20 US30 at 27149.2 sl: 27231.9 tp: 0.0 -> sl: 27216.3 tp: 0.0 failed [Invalid S/L or T/P]
0	20:59:21.196	'14109544': modify order #188325190 sell 0.20 US30 at 27149.2 sl: 27231.9 tp: 0.0 -> sl: 27214.6 tp: 0.0
0	20:59:22.477	'14109544': order #188325190 sell 0.20 US30 at 27149.2 was modified -> sl: 27214.6 tp: 0.0
0	20:59:50.339	'14109544': instant order buy 0.20 US30 at 27158.0 sl: 0.0 tp: 0.0
0	20:59:52.057	'14109544': order was opened : #188325412 buy 0.20 US30 at 27158.0 sl: 0.0 tp: 0.0
0	21:00:00.536	'14109544': modify order #188325412 buy 0.20 US30 at 27158.0 sl: 0.0 tp: 0.0 -> sl: 27052.0 tp: 0.0
0	21:00:03.534	'14109544': order #188325190 sell 0.20 US30 at 27149.2 closed due stop-loss at price 27214.6
0	21:00:06.766	'14109544': order #188325412 buy 0.20 US30 at 27158.0 was modified -> sl: 27052.0 tp: 0.0
0	21:00:18.457	'14109544': close order #188325412 buy 0.20 US30 at 27158.0 sl: 27052.0 tp: 0.0 at price 27208.9
0	21:00:21.324	'14109544': requote 27130.9 / 27139.5 for order #188325412 buy 0.20 US30 closing at 27208.9
1	21:01:13.761	'14109544': ping failed
0	21:01:15.934	'14109544': login on Exness-Real4 through DC15 (ping: 717.28 ms)
0	21:01:33.911	'14109544': login datacenter on Exness-Real4 through DC15 (ping: 717.28 ms)
0	21:01:49.955	'14109544': previous successful authorization performed from 163.171.130.55
2	21:04:15.961	Custom indicator RSBot_V7 DE30,M15: removed
2	21:04:16.035	Custom indicator AIMS Levels V2 DE30,M15: loaded successfully
2	21:04:16.098	Custom indicator AIMS Entry Alert V1 DE30,M15: loaded successfully
2	21:04:16.122	Custom indicator CandleTimer DE30,M15: loaded successfully
2	21:04:16.189	Custom indicator AIMS AO V.2.1 DE30,M15: loaded successfully
2	21:04:16.213	Custom indicator IVT_MACD_ZERO_LAG DE30,M15: loaded successfully
2	21:04:16.238	Custom indicator RSI Divergence Levels DE30,M15: loaded successfully
0	21:05:36.078	'14109544': login on Exness-Real4 through DC15 (ping: 717.28 ms)
0	21:05:44.747	'14109544': login datacenter on Exness-Real4 through DC15 (ping: 717.28 ms)
0	21:05:47.029	'14109544': previous successful authorization performed from 197.149.28.199
2	21:06:12.034	Expert CL_EC_03_CompleteTradeManager 131226 US30,M1: loaded successfully
1	21:23:51.306	'14109544': datacenter connecting failed [6]
0	21:23:52.407	'14109544': login on Exness-Real4 through DC06 (ping: 314.29 ms)
0	21:23:56.099	'14109544': login datacenter on Exness-Real4 through DC06 (ping: 314.29 ms)
0	21:23:56.952	'14109544': previous successful authorization performed from 220.242.139.62
0	21:24:36.180	'14109544': auto connecting to a better access point DC00 (ping is 235.40 ms)
0	21:24:37.582	'14109544': login on Exness-Real4 through DC00 (ping: 235.40 ms)
0	21:24:42.045	'14109544': login datacenter on Exness-Real4 through DC00 (ping: 235.40 ms)
0	21:24:42.890	'14109544': previous successful authorization performed from 197.149.28.199
0	21:49:38.483	'14109544': instant order sell 0.50 US30 at 27155.6 sl: 0.0 tp: 0.0
0	21:49:38.873	'14109544': requote 27149.3 / 27155.2 for open sell 0.50 US30 at 27155.6 sl: 0.0 tp: 0.0
0	21:50:01.663	'14109544': instant order sell 0.50 US30 at 27150.1 sl: 0.0 tp: 0.0
0	21:50:01.976	'14109544': requote 27147.1 / 27153.3 for open sell 0.50 US30 at 27150.1 sl: 0.0 tp: 0.0
0	21:50:06.717	'14109544': instant order sell 0.50 US30 at 27157.0 sl: 0.0 tp: 0.0
0	21:50:07.064	'14109544': requote 27155.6 / 27161.7 for open sell 0.50 US30 at 27157.0 sl: 0.0 tp: 0.0
0	21:50:09.989	'14109544': instant order sell 0.50 US30 at 27156.2 sl: 0.0 tp: 0.0
0	21:50:10.650	'14109544': order was opened : #188338381 sell 0.50 US30 at 27156.2 sl: 0.0 tp: 0.0
0	21:50:15.742	'14109544': close order #188338381 sell 0.50 US30 at 27156.2 sl: 0.0 tp: 0.0 at price 27166.3
0	21:50:17.808	'14109544': requote 27154.3 / 27160.3 for order #188338381 sell 0.50 US30 closing at 27166.3
0	21:50:18.202	'14109544': close order #188338381 sell 0.50 US30 at 27156.2 sl: 0.0 tp: 0.0 at price 27159.3
0	21:50:20.968	'14109544': order #188338381 sell 0.50 US30 at 27156.2 sl: 0.0 tp: 0.0 closed at price 27159.3
2	21:50:37.860	Expert CL_EC_03_CompleteTradeManager 131226 US30,M1: removed
0	21:51:26.263	'14109544': instant order sell 0.50 US30 at 27071.8 sl: 0.0 tp: 0.0
0	21:51:26.580	'14109544': requote 27067.6 / 27073.9 for open sell 0.50 US30 at 27071.8 sl: 0.0 tp: 0.0
0	21:52:08.258	'14109544': instant order sell 0.50 US30 at 27092.7 sl: 0.0 tp: 0.0
0	21:52:09.611	'14109544': requote 27088.9 / 27095.0 for open sell 0.50 US30 at 27092.7 sl: 0.0 tp: 0.0
0	21:52:13.737	'14109544': instant order sell 0.50 US30 at 27087.7 sl: 0.0 tp: 0.0
0	21:52:14.087	'14109544': requote 27083.6 / 27089.8 for open sell 0.50 US30 at 27087.7 sl: 0.0 tp: 0.0
0	21:52:15.002	'14109544': instant order sell 0.50 US30 at 27087.7 sl: 0.0 tp: 0.0
0	21:52:15.330	'14109544': requote 27084.3 / 27090.4 for open sell 0.50 US30 at 27087.7 sl: 0.0 tp: 0.0
0	21:52:16.507	'14109544': instant order sell 0.50 US30 at 27087.2 sl: 0.0 tp: 0.0
0	21:52:16.837	'14109544': order was opened : #188338830 sell 0.50 US30 at 27087.2 sl: 0.0 tp: 0.0
0	21:54:06.551	'14109544': close order #188338830 sell 0.50 US30 at 27087.2 sl: 0.0 tp: 0.0 at price 27035.0
0	21:54:07.295	'14109544': requote 27033.3 / 27039.5 for order #188338830 sell 0.50 US30 closing at 27035.0
0	21:54:18.188	'14109544': close order #188338830 sell 0.50 US30 at 27087.2 sl: 0.0 tp: 0.0 at price 27035.2
0	21:54:18.494	'14109544': requote 27024.9 / 27031.0 for order #188338830 sell 0.50 US30 closing at 27035.2
0	21:59:59.421	'14109544': modify order #188338830 sell 0.50 US30 at 27087.2 sl: 0.0 tp: 0.0 -> sl: 27218.2 tp: 0.0
0	21:59:59.788	'14109544': order #188338830 sell 0.50 US30 at 27087.2 was modified -> sl: 27218.2 tp: 0.0
1	22:02:36.628	'14109544': datacenter connecting failed [6]
0	22:02:38.057	'14109544': login on Exness-Real4 through DC06 (ping: 304.91 ms)
0	22:02:43.453	'14109544': login datacenter on Exness-Real4 through DC06 (ping: 304.91 ms)
0	22:02:44.648	'14109544': previous successful authorization performed from 220.242.139.10
0	22:12:40.044	'14109544': login on Exness-Real4 through DC09 (ping: 559.26 ms)
0	22:12:42.311	'14109544': login datacenter on Exness-Real4 through DC06 (ping: 304.91 ms)
0	22:12:51.873	'14109544': login on Exness-Real4 through DC06 (ping: 304.91 ms)
0	22:12:54.480	'14109544': login datacenter on Exness-Real4 through DC06 (ping: 304.91 ms)
0	22:12:55.891	'14109544': previous successful authorization performed from 197.149.28.199
0	23:00:35.240	'14109544': login on Exness-Real4 through DC09 (ping: 559.26 ms)
0	23:00:37.915	'14109544': login datacenter on Exness-Real4 through DC06 (ping: 304.91 ms)
0	23:00:45.231	'14109544': login on Exness-Real4 through DC06 (ping: 304.91 ms)
0	23:00:47.881	'14109544': login datacenter on Exness-Real4 through DC06 (ping: 304.91 ms)
0	23:00:49.186	'14109544': previous successful authorization performed from 197.149.28.199
0	23:00:58.978	'14109544': auto connecting to a better access point DC00 (ping is 230.67 ms)
0	23:00:59.787	'14109544': login on Exness-Real4 through DC00 (ping: 230.67 ms)
0	23:01:01.927	'14109544': login datacenter on Exness-Real4 through DC00 (ping: 230.67 ms)
0	23:01:02.821	'14109544': previous successful authorization performed from 197.149.28.199
0	23:01:28.197	'14109544': close order #188338830 sell 0.50 US30 at 27087.2 sl: 27218.2 tp: 0.0 at price 27000.3
1	23:01:28.460	'14109544': order #188338830 sell 0.50 US30 closing at 27000.3 failed [Market is closed]
0	23:01:29.630	'14109544': close order #188338830 sell 0.50 US30 at 27087.2 sl: 27218.2 tp: 0.0 at price 27000.3
1	23:01:29.918	'14109544': order #188338830 sell 0.50 US30 closing at 27000.3 failed [Market is closed]
0	23:01:30.652	'14109544': close order #188338830 sell 0.50 US30 at 27087.2 sl: 27218.2 tp: 0.0 at price 27000.3
1	23:01:30.935	'14109544': order #188338830 sell 0.50 US30 closing at 27000.3 failed [Market is closed]
0	23:01:31.894	'14109544': close order #188338830 sell 0.50 US30 at 27087.2 sl: 27218.2 tp: 0.0 at price 27000.3
1	23:01:32.188	'14109544': order #188338830 sell 0.50 US30 closing at 27000.3 failed [Market is closed]
0	23:08:16.454	'14109544': modify order #188338830 sell 0.50 US30 at 27087.2 sl: 27218.2 tp: 0.0 -> sl: 27200.1 tp: 0.0
1	23:08:16.717	'14109544': modification of order #188338830 sell 0.50 US30 at 27087.2 sl: 27218.2 tp: 0.0 -> sl: 27200.1 tp: 0.0 failed [Market is closed]
0	23:08:18.853	'14109544': modify order #188338830 sell 0.50 US30 at 27087.2 sl: 27218.2 tp: 0.0 -> sl: 27257.9 tp: 0.0
1	23:08:19.116	'14109544': modification of order #188338830 sell 0.50 US30 at 27087.2 sl: 27218.2 tp: 0.0 -> sl: 27257.9 tp: 0.0 failed [Market is closed]
2	23:30:33.572	Custom indicator WATR EURGBP,H1: loaded successfully
2	23:30:33.630	Custom indicator Xi-VLines20v1.02 EURGBP,H1: loaded successfully
2	23:30:33.725	Custom indicator EWPro EURGBP,H1: loaded successfully
2	23:30:33.818	Custom indicator #RSI_CANDLE EURGBP,H1: loaded successfully
2	23:30:33.866	Custom indicator !MoneyLine2 EURGBP,H1: loaded successfully
2	23:30:33.962	Custom indicator #MT TrendLine EURGBP,H1: loaded successfully
2	23:30:34.030	Custom indicator FXSmooth EURUSD EURGBP,H1: loaded successfully
2	23:30:34.122	Custom indicator T3_CCI_ divergence_v1 EURGBP,H1: loaded successfully
2	23:30:59.721	Custom indicator WATR EURGBP,H1: removed
2	23:30:59.722	Custom indicator Xi-VLines20v1.02 EURGBP,H1: removed
2	23:30:59.722	Custom indicator EWPro EURGBP,H1: removed
2	23:30:59.723	Custom indicator #RSI_CANDLE EURGBP,H1: removed
2	23:30:59.725	Custom indicator !MoneyLine2 EURGBP,H1: removed
2	23:30:59.725	Custom indicator #MT TrendLine EURGBP,H1: removed
2	23:30:59.725	Custom indicator FXSmooth EURUSD EURGBP,H1: removed
2	23:30:59.725	Custom indicator T3_CCI_ divergence_v1 EURGBP,H1: removed
2	23:30:59.938	Custom indicator AIMS Levels V2 EURGBP,H1: loaded successfully
2	23:31:00.047	Custom indicator AIMS Entry Alert V1 EURGBP,H1: loaded successfully
2	23:31:00.081	Custom indicator CandleTimer EURGBP,H1: loaded successfully
2	23:31:00.162	Custom indicator #Signal_Bars_v6 EURGBP,H1: loaded successfully
2	23:31:00.225	Custom indicator AIMS AO V.2.1 EURGBP,H1: loaded successfully
2	23:31:00.258	Custom indicator IVT_MACD_ZERO_LAG EURGBP,H1: loaded successfully
2	23:31:00.273	Custom indicator RSI Divergence Levels EURGBP,H1: loaded successfully
2	23:52:03.299	Expert Admiral - Trading Simulator GBPUSD,M15: loaded successfully
2	23:52:11.556	Expert Admiral - Trading Simulator GBPUSD,M15: removed
2	23:52:29.056	Expert Admiral - Market Manager GBPUSD,M15: loaded successfully
2	23:53:20.106	Expert Admiral - Market Manager GBPUSD,M15: removed
2	23:53:20.124	Expert Admiral - Trading Simulator GBPUSD,M15: loaded successfully
2	23:53:22.646	Expert Admiral - Trading Simulator GBPUSD,M15: removed
2	23:57:38.093	Custom indicator AIMS Levels V2 NZDJPY,H1: loaded successfully
2	23:57:38.158	Custom indicator AIMS Entry Alert V1 NZDJPY,H1: loaded successfully
2	23:57:38.166	Custom indicator CandleTimer NZDJPY,H1: loaded successfully
2	23:57:38.229	Custom indicator #Signal_Bars_v6 NZDJPY,H1: loaded successfully
2	23:57:38.294	Custom indicator AIMS AO V.2.1 NZDJPY,H1: loaded successfully
2	23:57:38.302	Custom indicator IVT_MACD_ZERO_LAG NZDJPY,H1: loaded successfully
2	23:57:38.352	Custom indicator RSI Divergence Levels NZDJPY,H1: loaded successfully
2	23:59:09.208	Custom indicator AIMS Levels V2 EURCAD,M5: loaded successfully
2	23:59:09.271	Custom indicator AIMS Entry Alert V1 EURCAD,M5: loaded successfully
2	23:59:09.303	Custom indicator CandleTimer EURCAD,M5: loaded successfully
2	23:59:09.366	Custom indicator #Signal_Bars_v6 EURCAD,M5: loaded successfully
2	23:59:09.445	Custom indicator AIMS AO V.2.1 EURCAD,M5: loaded successfully
2	23:59:09.453	Custom indicator IVT_MACD_ZERO_LAG EURCAD,M5: loaded successfully
2	23:59:09.461	Custom indicator RSI Divergence Levels EURCAD,M5: loaded successfully
