0	17:00:03.389	Admiral Markets build 1280 started (Admiral Markets Group AS)
0	17:00:03.390	Windows 10 Pro x64, IE 11, UAC, 8 x Intel Core i7-10510U  @ 1.80GHz, Memory: 1794 / 8014 Mb, Disk: 10 / 237 Gb, GMT+3
0	17:00:03.390	Data Folder: C:\Users\SRIE\AppData\Roaming\MetaQuotes\Terminal\51337600F56B69473E15EAFB8A7586B4
2	17:00:07.853	Custom indicator AIMS Levels V2 [CAC40],M15: loaded successfully
2	17:00:07.950	Custom indicator AIMS Entry Alert V1 [CAC40],M15: loaded successfully
2	17:00:07.960	Custom indicator CandleTimer [CAC40],M15: loaded successfully
2	17:00:08.058	Custom indicator #Signal_Bars_v6 [CAC40],M15: loaded successfully
2	17:00:08.068	Custom indicator TrendEnvelopes_v1 [CAC40],M15: loaded successfully
2	17:00:08.078	Custom indicator guppy_multiple_moving_averages [CAC40],M15: loaded successfully
2	17:00:08.090	Custom indicator wedges [CAC40],M15: loaded successfully
2	17:00:08.180	Custom indicator AIMS AO V.2.1 [CAC40],M15: loaded successfully
2	17:00:08.190	Custom indicator IVT_MACD_ZERO_LAG [CAC40],M15: loaded successfully
2	17:00:08.201	Custom indicator RSI Divergence Levels [CAC40],M15: loaded successfully
2	17:00:08.215	Custom indicator JoeChalhoub_FXForecasterV1 [CAC40],M15: loaded successfully
2	17:00:08.485	Custom indicator CandleTimer [DAX30],H1: loaded successfully
2	17:00:08.638	Custom indicator AIMS Levels V2 NZDJPY,Daily: loaded successfully
2	17:00:08.732	Custom indicator AIMS Entry Alert V1 NZDJPY,Daily: loaded successfully
2	17:00:08.740	Custom indicator CandleTimer NZDJPY,Daily: loaded successfully
2	17:00:08.835	Custom indicator #Signal_Bars_v6 NZDJPY,Daily: loaded successfully
2	17:00:08.844	Custom indicator TrendEnvelopes_v1 NZDJPY,Daily: loaded successfully
2	17:00:08.853	Custom indicator guppy_multiple_moving_averages NZDJPY,Daily: loaded successfully
2	17:00:08.864	Custom indicator wedges NZDJPY,Daily: loaded successfully
2	17:00:08.953	Custom indicator AIMS AO V.2.1 NZDJPY,Daily: loaded successfully
2	17:00:08.963	Custom indicator IVT_MACD_ZERO_LAG NZDJPY,Daily: loaded successfully
2	17:00:08.974	Custom indicator RSI Divergence Levels NZDJPY,Daily: loaded successfully
2	17:00:08.986	Custom indicator JoeChalhoub_FXForecasterV1 NZDJPY,Daily: loaded successfully
2	17:00:09.330	Custom indicator AIMS Levels V2 EURNZD,M15: loaded successfully
2	17:00:09.420	Custom indicator AIMS Entry Alert V1 EURNZD,M15: loaded successfully
2	17:00:09.428	Custom indicator CandleTimer EURNZD,M15: loaded successfully
2	17:00:09.518	Custom indicator #Signal_Bars_v6 EURNZD,M15: loaded successfully
2	17:00:09.531	Custom indicator TrendEnvelopes_v1 EURNZD,M15: loaded successfully
2	17:00:09.541	Custom indicator guppy_multiple_moving_averages EURNZD,M15: loaded successfully
2	17:00:09.553	Custom indicator wedges EURNZD,M15: loaded successfully
2	17:00:09.643	Custom indicator AIMS AO V.2.1 EURNZD,M15: loaded successfully
2	17:00:09.654	Custom indicator IVT_MACD_ZERO_LAG EURNZD,M15: loaded successfully
2	17:00:09.665	Custom indicator RSI Divergence Levels EURNZD,M15: loaded successfully
2	17:00:09.679	Custom indicator JoeChalhoub_FXForecasterV1 EURNZD,M15: loaded successfully
2	17:00:10.155	Custom indicator AIMS Levels V2 GOLD,M15: loaded successfully
2	17:00:10.239	Custom indicator AIMS Entry Alert V1 GOLD,M15: loaded successfully
2	17:00:10.246	Custom indicator CandleTimer GOLD,M15: loaded successfully
2	17:00:10.332	Custom indicator #Signal_Bars_v6 GOLD,M15: loaded successfully
2	17:00:10.341	Custom indicator TrendEnvelopes_v1 GOLD,M15: loaded successfully
2	17:00:10.350	Custom indicator guppy_multiple_moving_averages GOLD,M15: loaded successfully
2	17:00:10.359	Custom indicator wedges GOLD,M15: loaded successfully
2	17:00:10.447	Custom indicator AIMS AO V.2.1 GOLD,M15: loaded successfully
2	17:00:10.457	Custom indicator IVT_MACD_ZERO_LAG GOLD,M15: loaded successfully
2	17:00:10.468	Custom indicator RSI Divergence Levels GOLD,M15: loaded successfully
2	17:00:10.478	Custom indicator JoeChalhoub_FXForecasterV1 GOLD,M15: loaded successfully
2	17:00:10.808	Custom indicator CandleTimer GBPUSD,Daily: loaded successfully
2	17:00:10.950	Custom indicator AIMS Levels V2 GBPAUD,Daily: loaded successfully
2	17:00:11.034	Custom indicator AIMS Entry Alert V1 GBPAUD,Daily: loaded successfully
2	17:00:11.042	Custom indicator CandleTimer GBPAUD,Daily: loaded successfully
2	17:00:11.126	Custom indicator #Signal_Bars_v6 GBPAUD,Daily: loaded successfully
2	17:00:11.136	Custom indicator TrendEnvelopes_v1 GBPAUD,Daily: loaded successfully
2	17:00:11.146	Custom indicator guppy_multiple_moving_averages GBPAUD,Daily: loaded successfully
2	17:00:11.156	Custom indicator wedges GBPAUD,Daily: loaded successfully
2	17:00:11.241	Custom indicator AIMS AO V.2.1 GBPAUD,Daily: loaded successfully
2	17:00:11.251	Custom indicator IVT_MACD_ZERO_LAG GBPAUD,Daily: loaded successfully
2	17:00:11.261	Custom indicator RSI Divergence Levels GBPAUD,Daily: loaded successfully
2	17:00:11.272	Custom indicator JoeChalhoub_FXForecasterV1 GBPAUD,Daily: loaded successfully
2	17:00:11.290	Expert Admiral - Mini Terminal GBPAUD,Daily: loaded successfully
2	17:00:11.600	Custom indicator AIMS Levels V2 CADJPY,M15: loaded successfully
2	17:00:11.685	Custom indicator AIMS Entry Alert V1 CADJPY,M15: loaded successfully
2	17:00:11.693	Custom indicator CandleTimer CADJPY,M15: loaded successfully
2	17:00:11.777	Custom indicator #Signal_Bars_v6 CADJPY,M15: loaded successfully
2	17:00:11.788	Custom indicator TrendEnvelopes_v1 CADJPY,M15: loaded successfully
2	17:00:11.797	Custom indicator guppy_multiple_moving_averages CADJPY,M15: loaded successfully
2	17:00:11.808	Custom indicator wedges CADJPY,M15: loaded successfully
2	17:00:11.893	Custom indicator AIMS AO V.2.1 CADJPY,M15: loaded successfully
2	17:00:11.903	Custom indicator IVT_MACD_ZERO_LAG CADJPY,M15: loaded successfully
2	17:00:11.912	Custom indicator RSI Divergence Levels CADJPY,M15: loaded successfully
2	17:00:11.923	Custom indicator JoeChalhoub_FXForecasterV1 CADJPY,M15: loaded successfully
2	17:00:11.940	Expert Admiral - Mini Terminal CADJPY,M15: loaded successfully
2	17:00:12.389	Custom indicator AIMS Levels V2 USDCAD,M15: loaded successfully
2	17:00:12.476	Custom indicator AIMS Entry Alert V1 USDCAD,M15: loaded successfully
2	17:00:12.484	Custom indicator CandleTimer USDCAD,M15: loaded successfully
2	17:00:12.565	Custom indicator #Signal_Bars_v6 USDCAD,M15: loaded successfully
2	17:00:12.575	Custom indicator TrendEnvelopes_v1 USDCAD,M15: loaded successfully
2	17:00:12.582	Custom indicator guppy_multiple_moving_averages USDCAD,M15: loaded successfully
2	17:00:12.592	Custom indicator wedges USDCAD,M15: loaded successfully
2	17:00:12.674	Custom indicator AIMS AO V.2.1 USDCAD,M15: loaded successfully
2	17:00:12.684	Custom indicator IVT_MACD_ZERO_LAG USDCAD,M15: loaded successfully
2	17:00:12.694	Custom indicator RSI Divergence Levels USDCAD,M15: loaded successfully
2	17:00:12.705	Custom indicator JoeChalhoub_FXForecasterV1 USDCAD,M15: loaded successfully
2	17:00:12.722	Expert Admiral - Mini Terminal USDCAD,M15: loaded successfully
2	17:00:13.159	Custom indicator AIMS Levels V2 NZDCAD,M15: loaded successfully
2	17:00:13.244	Custom indicator AIMS Entry Alert V1 NZDCAD,M15: loaded successfully
2	17:00:13.253	Custom indicator CandleTimer NZDCAD,M15: loaded successfully
2	17:00:13.335	Custom indicator #Signal_Bars_v6 NZDCAD,M15: loaded successfully
2	17:00:13.344	Custom indicator TrendEnvelopes_v1 NZDCAD,M15: loaded successfully
2	17:00:13.353	Custom indicator guppy_multiple_moving_averages NZDCAD,M15: loaded successfully
2	17:00:13.364	Custom indicator wedges NZDCAD,M15: loaded successfully
2	17:00:13.450	Custom indicator AIMS AO V.2.1 NZDCAD,M15: loaded successfully
2	17:00:13.459	Custom indicator IVT_MACD_ZERO_LAG NZDCAD,M15: loaded successfully
2	17:00:13.469	Custom indicator RSI Divergence Levels NZDCAD,M15: loaded successfully
2	17:00:13.479	Custom indicator JoeChalhoub_FXForecasterV1 NZDCAD,M15: loaded successfully
2	17:00:13.496	Expert Admiral - Mini Terminal NZDCAD,M15: loaded successfully
2	17:00:13.915	Custom indicator AIMS Levels V2 WTI,M15: loaded successfully
2	17:00:14.000	Custom indicator AIMS Entry Alert V1 WTI,M15: loaded successfully
2	17:00:14.008	Custom indicator CandleTimer WTI,M15: loaded successfully
2	17:00:14.091	Custom indicator #Signal_Bars_v6 WTI,M15: loaded successfully
2	17:00:14.100	Custom indicator TrendEnvelopes_v1 WTI,M15: loaded successfully
2	17:00:14.109	Custom indicator guppy_multiple_moving_averages WTI,M15: loaded successfully
2	17:00:14.119	Custom indicator wedges WTI,M15: loaded successfully
2	17:00:14.200	Custom indicator AIMS AO V.2.1 WTI,M15: loaded successfully
2	17:00:14.210	Custom indicator IVT_MACD_ZERO_LAG WTI,M15: loaded successfully
2	17:00:14.220	Custom indicator RSI Divergence Levels WTI,M15: loaded successfully
2	17:00:14.230	Custom indicator JoeChalhoub_FXForecasterV1 WTI,M15: loaded successfully
2	17:00:14.824	Custom indicator AIMS Levels V2 GBPNZD,M15: loaded successfully
2	17:00:14.920	Custom indicator AIMS Entry Alert V1 GBPNZD,M15: loaded successfully
2	17:00:14.928	Custom indicator CandleTimer GBPNZD,M15: loaded successfully
2	17:00:15.019	Custom indicator #Signal_Bars_v6 GBPNZD,M15: loaded successfully
2	17:00:15.032	Custom indicator TrendEnvelopes_v1 GBPNZD,M15: loaded successfully
2	17:00:15.043	Custom indicator guppy_multiple_moving_averages GBPNZD,M15: loaded successfully
2	17:00:15.053	Custom indicator wedges GBPNZD,M15: loaded successfully
2	17:00:15.140	Custom indicator AIMS AO V.2.1 GBPNZD,M15: loaded successfully
2	17:00:15.150	Custom indicator IVT_MACD_ZERO_LAG GBPNZD,M15: loaded successfully
2	17:00:15.160	Custom indicator RSI Divergence Levels GBPNZD,M15: loaded successfully
2	17:00:15.172	Custom indicator JoeChalhoub_FXForecasterV1 GBPNZD,M15: loaded successfully
2	17:00:15.616	Custom indicator AIMS Levels V2 EURNZD,H1: loaded successfully
2	17:00:15.703	Custom indicator AIMS Entry Alert V1 EURNZD,H1: loaded successfully
2	17:00:15.711	Custom indicator CandleTimer EURNZD,H1: loaded successfully
2	17:00:15.797	Custom indicator #Signal_Bars_v6 EURNZD,H1: loaded successfully
2	17:00:15.807	Custom indicator TrendEnvelopes_v1 EURNZD,H1: loaded successfully
2	17:00:15.816	Custom indicator guppy_multiple_moving_averages EURNZD,H1: loaded successfully
2	17:00:15.826	Custom indicator wedges EURNZD,H1: loaded successfully
2	17:00:15.918	Custom indicator AIMS AO V.2.1 EURNZD,H1: loaded successfully
2	17:00:15.928	Custom indicator IVT_MACD_ZERO_LAG EURNZD,H1: loaded successfully
2	17:00:15.939	Custom indicator RSI Divergence Levels EURNZD,H1: loaded successfully
2	17:00:15.950	Custom indicator JoeChalhoub_FXForecasterV1 EURNZD,H1: loaded successfully
2	17:00:16.206	Custom indicator CandleTimer [NQ100],Daily: loaded successfully
2	17:00:16.225	Expert Admiral - Mini Terminal [NQ100],Daily: loaded successfully
2	17:00:16.339	Custom indicator AIMS Levels V2 GBPJPY,H1: loaded successfully
2	17:00:16.425	Custom indicator AIMS Entry Alert V1 GBPJPY,H1: loaded successfully
2	17:00:16.434	Custom indicator CandleTimer GBPJPY,H1: loaded successfully
2	17:00:16.518	Custom indicator #Signal_Bars_v6 GBPJPY,H1: loaded successfully
2	17:00:16.528	Custom indicator TrendEnvelopes_v1 GBPJPY,H1: loaded successfully
2	17:00:16.537	Custom indicator guppy_multiple_moving_averages GBPJPY,H1: loaded successfully
2	17:00:16.547	Custom indicator wedges GBPJPY,H1: loaded successfully
2	17:00:16.630	Custom indicator AIMS AO V.2.1 GBPJPY,H1: loaded successfully
2	17:00:16.639	Custom indicator IVT_MACD_ZERO_LAG GBPJPY,H1: loaded successfully
2	17:00:16.650	Custom indicator RSI Divergence Levels GBPJPY,H1: loaded successfully
2	17:00:16.661	Custom indicator JoeChalhoub_FXForecasterV1 GBPJPY,H1: loaded successfully
2	17:00:17.008	Custom indicator AIMS Levels V2 EURAUD,H1: loaded successfully
2	17:00:17.092	Custom indicator AIMS Entry Alert V1 EURAUD,H1: loaded successfully
2	17:00:17.099	Custom indicator CandleTimer EURAUD,H1: loaded successfully
2	17:00:17.182	Custom indicator #Signal_Bars_v6 EURAUD,H1: loaded successfully
2	17:00:17.191	Custom indicator TrendEnvelopes_v1 EURAUD,H1: loaded successfully
2	17:00:17.200	Custom indicator guppy_multiple_moving_averages EURAUD,H1: loaded successfully
2	17:00:17.210	Custom indicator wedges EURAUD,H1: loaded successfully
2	17:00:17.291	Custom indicator AIMS AO V.2.1 EURAUD,H1: loaded successfully
2	17:00:17.301	Custom indicator IVT_MACD_ZERO_LAG EURAUD,H1: loaded successfully
2	17:00:17.311	Custom indicator RSI Divergence Levels EURAUD,H1: loaded successfully
2	17:00:17.322	Custom indicator JoeChalhoub_FXForecasterV1 EURAUD,H1: loaded successfully
2	17:00:17.673	Custom indicator AIMS Levels V2 USDCHF,H1: loaded successfully
2	17:00:17.757	Custom indicator AIMS Entry Alert V1 USDCHF,H1: loaded successfully
2	17:00:17.765	Custom indicator CandleTimer USDCHF,H1: loaded successfully
2	17:00:17.851	Custom indicator #Signal_Bars_v6 USDCHF,H1: loaded successfully
2	17:00:17.860	Custom indicator TrendEnvelopes_v1 USDCHF,H1: loaded successfully
2	17:00:17.868	Custom indicator guppy_multiple_moving_averages USDCHF,H1: loaded successfully
2	17:00:17.878	Custom indicator wedges USDCHF,H1: loaded successfully
2	17:00:17.963	Custom indicator AIMS AO V.2.1 USDCHF,H1: loaded successfully
2	17:00:17.972	Custom indicator IVT_MACD_ZERO_LAG USDCHF,H1: loaded successfully
2	17:00:17.982	Custom indicator RSI Divergence Levels USDCHF,H1: loaded successfully
2	17:00:17.992	Custom indicator JoeChalhoub_FXForecasterV1 USDCHF,H1: loaded successfully
2	17:00:18.338	Custom indicator AIMS Levels V2 NZDUSD,H1: loaded successfully
2	17:00:18.422	Custom indicator AIMS Entry Alert V1 NZDUSD,H1: loaded successfully
2	17:00:18.430	Custom indicator CandleTimer NZDUSD,H1: loaded successfully
2	17:00:18.512	Custom indicator #Signal_Bars_v6 NZDUSD,H1: loaded successfully
2	17:00:18.521	Custom indicator TrendEnvelopes_v1 NZDUSD,H1: loaded successfully
2	17:00:18.532	Custom indicator wedges NZDUSD,H1: loaded successfully
2	17:00:18.612	Custom indicator AIMS AO V.2.1 NZDUSD,H1: loaded successfully
2	17:00:18.621	Custom indicator IVT_MACD_ZERO_LAG NZDUSD,H1: loaded successfully
2	17:00:18.632	Custom indicator RSI Divergence Levels NZDUSD,H1: loaded successfully
2	17:00:18.642	Custom indicator JoeChalhoub_FXForecasterV1 NZDUSD,H1: loaded successfully
2	17:00:18.922	Custom indicator CandleTimer [NQ100],H1: loaded successfully
0	17:00:21.603	'23922258': login on AdmiralMarkets-Demo through Access Point #4 (ping: 299.01 ms)
0	17:00:27.488	'23922258': login datacenter on AdmiralMarkets-Demo through Access Point #4 (ping: 299.01 ms)
0	17:00:28.321	'23922258': previous successful authorization performed from 154.120.185.47
0	17:01:01.658	'23922258': ping to current access point Access Point #4 is 405.31 ms
2	17:03:34.912	Expert Admiral - Mini Terminal NZDJPY,Daily: loaded successfully
0	17:12:46.646	'23922258': order sell market 0.10 EURNZD sl: 0.00000 tp: 0.00000
0	17:12:47.037	'23922258': order was opened : #190046328 sell 0.10 EURNZD at 1.80676 sl: 0.00000 tp: 0.00000
0	17:12:49.205	Notifications: 'order opened #190046328 sell 0.10 EURNZD at 1.80676' sent to 'A37163A9'
0	17:12:57.013	'23922258': modify order #190046328 sell 0.10 EURNZD at 1.80676 sl: 0.00000 tp: 0.00000 -> sl: 1.80731 tp: 0.00000
0	17:12:57.532	'23922258': order #190046328 sell 0.10 EURNZD at 1.80676 was modified -> sl: 1.80731 tp: 0.00000
0	17:12:59.256	Notifications: 'order #190046328 sell 0.10 EURNZD at 1.80676 modified: sl: 0.00000 tp: 0.00000 -> sl: 1.80731 tp: 0.00000' sent to 'A37163A9'
0	17:13:02.032	'23922258': order #190046328 sell 0.10 EURNZD at 1.80676 closed due stop-loss at price 1.80745
0	17:13:03.757	Notifications: 'order #190046328 sell 0.10 EURNZD at 1.80676 closed due stop-loss at price 1.80745, profit: -4.52 USD' sent to 'A37163A9'
0	17:13:14.493	'23922258': order sell market 0.10 EURNZD sl: 0.00000 tp: 0.00000
0	17:13:14.950	'23922258': order was opened : #190046408 sell 0.10 EURNZD at 1.80683 sl: 0.00000 tp: 0.00000
0	17:13:16.369	Notifications: 'order opened #190046408 sell 0.10 EURNZD at 1.80683' sent to 'A37163A9'
0	17:13:19.704	'23922258': modify order #190046408 sell 0.10 EURNZD at 1.80683 sl: 0.00000 tp: 0.00000 -> sl: 1.80997 tp: 0.00000
0	17:13:20.187	'23922258': order #190046408 sell 0.10 EURNZD at 1.80683 was modified -> sl: 1.80997 tp: 0.00000
0	17:13:22.365	Notifications: 'order #190046408 sell 0.10 EURNZD at 1.80683 modified: sl: 0.00000 tp: 0.00000 -> sl: 1.80997 tp: 0.00000' sent to 'A37163A9'
0	17:13:28.502	'23922258': modify order #190046408 sell 0.10 EURNZD at 1.80683 sl: 1.80997 tp: 0.00000 -> sl: 1.80997 tp: 1.78737
0	17:13:28.864	'23922258': order #190046408 sell 0.10 EURNZD at 1.80683 was modified -> sl: 1.80997 tp: 1.78737
0	17:13:30.653	Notifications: 'order #190046408 sell 0.10 EURNZD at 1.80683 modified: sl: 1.80997 tp: 0.00000 -> sl: 1.80997 tp: 1.78737' sent to 'A37163A9'
0	17:14:34.527	'23922258': modify order #190046408 sell 0.10 EURNZD at 1.80683 sl: 1.80997 tp: 1.78737 -> sl: 1.81660 tp: 1.78737
0	17:14:34.857	'23922258': order #190046408 sell 0.10 EURNZD at 1.80683 was modified -> sl: 1.81660 tp: 1.78737
0	17:14:36.022	Notifications: 'order #190046408 sell 0.10 EURNZD at 1.80683 modified: sl: 1.80997 tp: 1.78737 -> sl: 1.81660 tp: 1.78737' sent to 'A37163A9'
0	17:15:32.329	'23922258': close order #190046408 sell 0.10 EURNZD at 1.80683 sl: 1.81660 tp: 1.78737 at price 0.00000
0	17:15:32.751	'23922258': order #190046408 sell 0.10 EURNZD at 1.80683 sl: 1.81660 tp: 1.78737 closed at price 1.80645
0	17:15:33.853	Notifications: 'order #190046408 sell 0.10 EURNZD at 1.80683 closed at price 1.80645, profit: 2.49 USD' sent to 'A37163A9'
0	17:19:46.198	'23922258': order sell market 0.10 EURNZD sl: 0.00000 tp: 0.00000
0	17:19:46.825	'23922258': order was opened : #190047655 sell 0.10 EURNZD at 1.80662 sl: 0.00000 tp: 0.00000
0	17:19:48.337	Notifications: 'order opened #190047655 sell 0.10 EURNZD at 1.80662' sent to 'A37163A9'
0	17:19:52.540	'23922258': modify order #190047655 sell 0.10 EURNZD at 1.80662 sl: 0.00000 tp: 0.00000 -> sl: 0.00000 tp: 1.80212
0	17:19:52.891	'23922258': order #190047655 sell 0.10 EURNZD at 1.80662 was modified -> sl: 0.00000 tp: 1.80212
0	17:19:54.857	Notifications: 'order #190047655 sell 0.10 EURNZD at 1.80662 modified: sl: 0.00000 tp: 0.00000 -> sl: 0.00000 tp: 1.80212' sent to 'A37163A9'
0	17:20:02.503	'23922258': close order #190047655 sell 0.10 EURNZD at 1.80662 sl: 0.00000 tp: 1.80212 at price 0.00000
0	17:20:03.218	'23922258': order #190047655 sell 0.10 EURNZD at 1.80662 sl: 0.00000 tp: 1.80212 closed at price 1.80721
0	17:20:05.203	Notifications: 'order #190047655 sell 0.10 EURNZD at 1.80662 closed at price 1.80721, profit: -3.86 USD' sent to 'A37163A9'
1	18:06:26.569	'23922258': connect failed [Connection échouée]
0	18:06:37.574	'23922258': login on AdmiralMarkets-Demo through Access Point #4 (ping: 405.31 ms)
0	18:06:39.272	'23922258': login datacenter on AdmiralMarkets-Demo through Access Point #4 (ping: 405.31 ms)
0	18:06:39.958	'23922258': previous successful authorization performed from 94.75.218.185
0	18:06:49.516	'23922258': auto connecting to a better access point Access Point #1 (ping is 240.92 ms)
0	18:06:50.395	'23922258': login on AdmiralMarkets-Demo through Access Point #1 (ping: 240.92 ms)
0	18:06:52.276	'23922258': login datacenter on AdmiralMarkets-Demo through Access Point #1 (ping: 240.92 ms)
0	18:06:53.146	'23922258': previous successful authorization performed from 154.126.93.153
