1	11:07:17.799	MQL5.community: authorization failed
0	11:07:28.899	'27123197': login on AdmiralMarkets-Live through Access Point #4 (ping: 207.30 ms)
1	11:07:51.836	'27123197': datacenter connecting failed [6]
0	11:07:52.308	'27123197': previous successful authorization performed from 154.126.11.160
0	11:08:00.621	'27123197': ping to current access point Access Point #4 is 202.13 ms
1	14:08:48.456	'27123197': ping failed
1	14:08:49.332	'27123197': connect failed [Connection échouée]
0	14:36:50.447	'27123197': login on AdmiralMarkets-Live through Access Point #4 (ping: n/a)
0	14:36:56.548	'27123197': login datacenter on AdmiralMarkets-Live through Access Point #4 (ping: n/a)
0	14:36:57.642	'27123197': previous successful authorization performed from 154.126.101.179
0	14:37:26.395	'27123197': auto connecting to a better access point Access Point #4 (ping is 209.87 ms)
0	14:37:29.714	'27123197': login on AdmiralMarkets-Live through Access Point #4 (ping: 209.87 ms)
0	14:37:41.347	'27123197': login datacenter on AdmiralMarkets-Live through Access Point #4 (ping: 209.87 ms)
0	14:37:41.888	'27123197': previous successful authorization performed from 154.126.112.103
1	14:42:21.759	'27123197': ping failed
1	14:42:21.760	'27123197': datacenter connecting failed [6]
1	14:42:22.415	'27123197': connect failed [Connection échouée]
0	14:44:27.343	'27123197': login on AdmiralMarkets-Live through Access Point #8 (ping: n/a)
0	14:45:08.690	'27123197': login datacenter on AdmiralMarkets-Live through Access Point #8 (ping: n/a)
0	14:45:10.798	'27123197': previous successful authorization performed from 154.126.112.103
1	14:46:03.909	MQL5.community: authorization failed
0	14:46:14.829	'27123197': ping to current access point Access Point #8 is 1059.08 ms
1	14:49:08.673	'27123197': connect failed [Connection échouée]
0	14:49:30.912	'27123197': login on AdmiralMarkets-Live through Access Point #8 (ping: 1059.08 ms)
1	14:50:14.667	'27123197': datacenter connecting failed [6]
0	14:50:17.687	'27123197': previous successful authorization performed from 154.126.112.103
0	14:59:17.552	'27123197': login on AdmiralMarkets-Live through Access Point #4 (ping: n/a)
0	15:00:24.810	'27123197': login on AdmiralMarkets-Live through Access Point #4 (ping: n/a)
0	15:00:41.941	'27123197': login datacenter on AdmiralMarkets-Live through Access Point #4 (ping: n/a)
0	15:00:43.122	'27123197': previous successful authorization performed from 154.126.112.103
0	15:02:03.952	'27123197': ping to current access point Access Point #4 is 314.10 ms
1	19:26:15.680	'27123197': ping failed
1	19:27:18.856	'27123197': connect failed [Connection échouée]
0	19:33:14.099	'27123197': login on AdmiralMarkets-Live through Access Point #8 (ping: n/a)
0	19:33:20.268	'27123197': login datacenter on AdmiralMarkets-Live through Access Point #8 (ping: n/a)
0	19:33:21.627	'27123197': previous successful authorization performed from 154.126.112.103
1	19:33:33.849	MQL5.community: authorization failed
0	19:33:58.664	'27123197': auto connecting to a better access point Access Point #4 (ping is 206.01 ms)
0	19:33:59.762	'27123197': login on AdmiralMarkets-Live through Access Point #4 (ping: 206.01 ms)
0	19:34:01.964	'27123197': login datacenter on AdmiralMarkets-Live through Access Point #4 (ping: 206.01 ms)
0	19:34:02.680	'27123197': previous successful authorization performed from 197.149.33.86
1	20:21:04.511	'27123197': ping failed
1	20:21:25.519	'27123197': datacenter connecting failed [6]
1	20:22:27.854	'27123197': connect failed [Connection échouée]
0	20:30:03.642	'27123197': login on AdmiralMarkets-Live through Access Point #4 (ping: n/a)
0	20:30:05.976	'27123197': login datacenter on AdmiralMarkets-Live through Access Point #4 (ping: n/a)
0	20:30:06.516	'27123197': previous successful authorization performed from 197.149.33.86
0	20:30:28.038	'27123197': ping to current access point Access Point #4 is 205.70 ms
1	21:15:16.855	'27123197': connect failed [Connection échouée]
0	21:21:09.398	'27123197': login on AdmiralMarkets-Live through Access Point #8 (ping: n/a)
0	21:21:19.725	'27123197': login datacenter on AdmiralMarkets-Live through Access Point #8 (ping: n/a)
0	21:21:21.116	'27123197': previous successful authorization performed from 197.149.29.241
0	21:21:44.921	'27123197': ping to current access point Access Point #8 is 631.65 ms
0	23:39:37.017	'27123197': login datacenter on AdmiralMarkets-Live
1	23:40:40.901	'27123197': connect failed [Connection échouée]
0	23:40:57.866	'27123197': login on AdmiralMarkets-Live through Access Point #3 (ping: 225.96 ms)
0	23:42:12.674	'27123197': login datacenter on AdmiralMarkets-Live
0	23:42:58.206	'27123197': login on AdmiralMarkets-Live through Access Point #4 (ping: 214.12 ms)
0	23:43:58.905	'27123197': auto connecting to a better access point Access Point #8 (ping is n/a)
0	23:44:08.852	'27123197': login datacenter on AdmiralMarkets-Live through Access Point #8 (ping: n/a)
0	23:44:31.992	'27123197': login on AdmiralMarkets-Live through Access Point #8 (ping: n/a)
0	23:45:44.760	'27123197': login datacenter on AdmiralMarkets-Live
0	23:46:00.800	'27123197': login on AdmiralMarkets-Live through Access Point #4 (ping: 4022.21 ms)
0	23:47:19.355	'27123197': login datacenter on AdmiralMarkets-Live
0	23:47:19.902	'27123197': auto connecting to a better access point Access Point #8 (ping is n/a)
0	23:47:33.358	'27123197': login on AdmiralMarkets-Live through Access Point #8 (ping: n/a)
0	23:48:47.874	'27123197': login on AdmiralMarkets-Live through Access Point #4 (ping: 1363.75 ms)
0	23:49:58.937	'27123197': login datacenter on AdmiralMarkets-Live
0	23:50:41.531	'27123197': login on AdmiralMarkets-Live through Access Point #2 (ping: 6647.60 ms)
0	23:51:15.902	'27123197': ping to current access point Access Point #2 is n/a
0	23:51:54.517	'27123197': login on AdmiralMarkets-Live through Access Point #8 (ping: 5376.14 ms)
0	23:52:55.013	'27123197': login datacenter on AdmiralMarkets-Live
0	23:53:12.408	'27123197': login on AdmiralMarkets-Live through Access Point #4 (ping: 2591.84 ms)
0	23:54:21.110	'27123197': login datacenter on AdmiralMarkets-Live
1	23:54:49.895	'27123197': connect failed [Connection échouée]
0	23:55:04.481	'27123197': login on AdmiralMarkets-Live through Access Point #8 (ping: n/a)
0	23:56:29.751	'27123197': login datacenter on AdmiralMarkets-Live
0	23:57:21.902	'27123197': ping to current access point Access Point #4 is n/a
1	23:57:39.902	'27123197': connect failed [Connection échouée]
0	23:57:54.808	'27123197': login on AdmiralMarkets-Live through Access Point #2 (ping: 3024.97 ms)
0	23:59:02.823	'27123197': login datacenter on AdmiralMarkets-Live
1	23:59:09.433	'27123197': connect failed [Connection échouée]
0	23:59:24.934	'27123197': login on AdmiralMarkets-Live through Access Point #8 (ping: n/a)
