0	00:06:14.848	Notifications: 'Classical RSI bearish divergence on:  AUDUSD' sent to 'A37163A9'
0	00:15:03.777	Notifications: 'Classical RSI bullish divergence on:  USDCAD' sent to 'A37163A9'
0	01:00:02.453	Notifications: 'Classical RSI bullish divergence on:  USDCAD' sent to 'A37163A9'
0	01:17:01.470	Notifications: 'Classical RSI bearish divergence on:  AUDUSD' sent to 'A37163A9'
0	01:21:01.138	Notifications: 'Classical RSI bearish divergence on:  [NQ100]' sent to 'A37163A9'
0	01:25:05.122	Notifications: 'Classical RSI bearish divergence on:  [DJI30]' sent to 'A37163A9'
0	01:33:01.992	Notifications: 'Classical RSI bearish divergence on:  GOLD' sent to 'A37163A9'
0	01:34:00.823	Notifications: 'Classical RSI bearish divergence on:  AUDUSD' sent to 'A37163A9'
0	01:40:17.919	Notifications: 'Classical RSI bearish divergence on:  [DJI30]' sent to 'A37163A9'
0	02:00:01.071	Notifications: 'Classical RSI bearish divergence on:  [DJI30]' sent to 'A37163A9'
0	02:07:03.310	Notifications: 'Classical RSI bearish divergence on:  GOLD' sent to 'A37163A9'
0	02:10:01.434	Notifications: 'Classical RSI bearish divergence on:  GOLD' sent to 'A37163A9'
1	02:40:09.947	'27133394': ping failed
1	02:40:09.949	'27133394': datacenter connecting failed [6]
0	02:40:11.563	'27133394': login on AdmiralMarkets-Live through Access Point #8 (ping: n/a)
0	02:40:17.752	'27133394': login datacenter on AdmiralMarkets-Live through Access Point #8 (ping: n/a)
0	02:40:18.870	'27133394': previous successful authorization performed from 197.149.31.189
0	02:40:36.048	'27133394': auto connecting to a better access point Access Point #5 (ping is 202.71 ms)
0	02:40:36.794	'27133394': login on AdmiralMarkets-Live through Access Point #5 (ping: 202.71 ms)
0	02:40:39.311	'27133394': login datacenter on AdmiralMarkets-Live through Access Point #5 (ping: 202.71 ms)
0	02:40:39.874	'27133394': previous successful authorization performed from 197.149.29.97
0	03:07:01.468	Notifications: 'Classical RSI bearish divergence on:  GOLD' sent to 'A37163A9'
0	03:25:00.457	Notifications: 'Classical RSI bullish divergence on:  AUDUSD' sent to 'A37163A9'
0	03:31:00.989	Notifications: 'Classical RSI bullish divergence on:  EURJPY' sent to 'A37163A9'
0	03:33:01.239	Notifications: 'Classical RSI bearish divergence on:  GOLD' sent to 'A37163A9'
0	04:00:00.208	Notifications: 'Classical RSI bearish divergence on:  [DJI30]' sent to 'A37163A9'
0	04:10:01.319	Notifications: 'Classical RSI bearish divergence on:  GOLD' sent to 'A37163A9'
0	04:17:00.594	Notifications: 'Classical RSI bearish divergence on:  GOLD' sent to 'A37163A9'
0	04:22:00.505	Notifications: 'Classical RSI bearish divergence on:  GOLD' sent to 'A37163A9'
0	04:22:01.437	Notifications: 'Classical RSI bearish divergence on:  AUDUSD' sent to 'A37163A9'
0	04:25:01.017	Notifications: 'Classical RSI bearish divergence on:  AUDUSD' sent to 'A37163A9'
0	04:26:01.247	Notifications: 'Classical RSI bearish divergence on:  GOLD' sent to 'A37163A9'
0	04:57:01.003	Notifications: 'Classical RSI bearish divergence on:  GOLD' sent to 'A37163A9'
0	05:00:01.315	Notifications: 'Classical RSI bullish divergence on:  EURCAD' sent to 'A37163A9'
0	05:46:00.919	Notifications: 'Classical RSI bearish divergence on:  GOLD' sent to 'A37163A9'
0	06:07:00.740	Notifications: 'Classical RSI bearish divergence on:  AUDUSD' sent to 'A37163A9'
0	06:13:00.589	Notifications: 'Classical RSI bearish divergence on:  [NQ100]' sent to 'A37163A9'
0	06:22:00.222	Notifications: 'Classical RSI bearish divergence on:  GOLD' sent to 'A37163A9'
0	06:27:00.159	Notifications: 'Classical RSI bearish divergence on:  GOLD' sent to 'A37163A9'
1	06:30:50.339	'27133394': ping failed
1	06:30:50.341	'27133394': datacenter connecting failed [6]
0	06:30:51.311	'27133394': login on AdmiralMarkets-Live through Access Point #6 (ping: 214.62 ms)
0	06:30:54.808	'27133394': login datacenter on AdmiralMarkets-Live through Access Point #6 (ping: 214.62 ms)
0	06:30:55.480	'27133394': previous successful authorization performed from 197.149.29.97
0	06:31:04.309	Notifications: 'Classical RSI bearish divergence on:  GOLD' sent to 'A37163A9'
0	06:32:08.401	'27133394': auto connecting to a better access point Access Point #4 (ping is 200.16 ms)
0	06:32:09.232	'27133394': login on AdmiralMarkets-Live through Access Point #4 (ping: 200.16 ms)
0	06:32:45.810	'27133394': login datacenter on AdmiralMarkets-Live through Access Point #4 (ping: 200.16 ms)
0	06:32:52.994	'27133394': login on AdmiralMarkets-Live through Access Point #4 (ping: 200.16 ms)
0	06:33:55.465	'27133394': login datacenter on AdmiralMarkets-Live
0	06:34:09.077	'27133394': login on AdmiralMarkets-Live through Access Point #6 (ping: 224.51 ms)
0	06:35:07.662	'27133394': login datacenter on AdmiralMarkets-Live through Access Point #6 (ping: 224.51 ms)
0	06:35:32.001	'27133394': ping to current access point Access Point #3 is 226.28 ms
0	06:35:32.860	'27133394': login on AdmiralMarkets-Live through Access Point #3 (ping: 226.28 ms)
0	06:36:28.423	'27133394': login datacenter on AdmiralMarkets-Live through Access Point #3 (ping: 226.28 ms)
0	06:36:35.129	'27133394': login on AdmiralMarkets-Live through Access Point #3 (ping: 226.28 ms)
0	06:36:56.090	'27133394': login datacenter on AdmiralMarkets-Live through Access Point #3 (ping: 226.28 ms)
0	06:36:57.365	'27133394': previous successful authorization performed from 197.149.29.97
0	06:37:01.270	Notifications: 'Classical RSI bearish divergence on:  GOLD' sent to 'A37163A9'
0	06:46:09.849	'27131809': login on AdmiralMarkets-Live through Access Point #3 (ping: 226.28 ms)
0	06:46:16.550	'27131809': login datacenter on AdmiralMarkets-Live through Access Point #3 (ping: 226.28 ms)
0	06:46:17.665	'27131809': previous successful authorization performed from 197.149.31.189
2	06:51:45.005	Custom indicator AIMS Levels V2 GOLD,H1: removed
2	06:51:45.005	Custom indicator AIMS Entry Alert V1 GOLD,H1: removed
2	06:51:45.007	Custom indicator CandleTimer GOLD,H1: removed
2	06:51:45.007	Custom indicator #Signal_Bars_v6 GOLD,H1: removed
2	06:51:45.013	Custom indicator TrendEnvelopes_v1 GOLD,H1: removed
2	06:51:45.015	Custom indicator guppy_multiple_moving_averages GOLD,H1: removed
2	06:51:45.038	Custom indicator wedges GOLD,H1: removed
2	06:51:45.062	Custom indicator Admiral Pivot GOLD,H1: removed
2	06:51:45.063	Custom indicator AutoTrendChannel GOLD,H1: removed
2	06:51:45.063	Custom indicator AIMS AO V.2.1 GOLD,H1: removed
2	06:51:45.064	Custom indicator IVT_MACD_ZERO_LAG GOLD,H1: removed
2	06:51:45.065	Custom indicator RSI Divergence Levels GOLD,H1: removed
2	06:51:45.067	Custom indicator JoeChalhoub_FXForecasterV1 GOLD,H1: removed
0	06:55:04.992	Notifications: 'Classical RSI bearish divergence on:  [NQ100]' sent to 'A37163A9'
0	07:00:03.551	Notifications: 'Classical RSI bearish divergence on:  [DJI30]' sent to 'A37163A9'
0	07:00:54.593	'27131809': order sell market 0.20 [NQ100] sl: 0.00 tp: 0.00
0	07:00:55.047	'27131809': order was opened : #72511876 sell 0.20 [NQ100] at 11607.47 sl: 0.00 tp: 0.00
0	07:00:56.202	Notifications: 'order opened #72511876 sell 0.20 [NQ100] at 11607.47' sent to 'A37163A9'
0	07:01:00.261	'27131809': modify order #72511876 sell 0.20 [NQ100] at 11607.47 sl: 0.00 tp: 0.00 -> sl: 11615.41 tp: 0.00
0	07:01:00.717	'27131809': order #72511876 sell 0.20 [NQ100] at 11607.47 was modified -> sl: 11615.41 tp: 0.00
0	07:01:04.067	Notifications: 'order #72511876 sell 0.20 [NQ100] at 11607.47 modified: sl: 0.00 tp: 0.00 -> sl: 11615.41 tp: 0.00' sent to 'A37163A9'
0	07:01:15.702	'27131809': modify order #72511876 sell 0.20 [NQ100] at 11607.47 sl: 11615.41 tp: 0.00 -> sl: 11617.04 tp: 0.00
0	07:01:16.422	'27131809': order #72511876 sell 0.20 [NQ100] at 11607.47 was modified -> sl: 11617.04 tp: 0.00
0	07:01:17.471	Notifications: 'order #72511876 sell 0.20 [NQ100] at 11607.47 modified: sl: 11615.41 tp: 0.00 -> sl: 11617.04 tp: 0.00' sent to 'A37163A9'
0	08:10:25.834	'27131809': modify order #72511876 sell 0.20 [NQ100] at 11607.47 sl: 11617.04 tp: 0.00 -> sl: 11607.40 tp: 0.00
0	08:10:26.438	'27131809': order #72511876 sell 0.20 [NQ100] at 11607.47 was modified -> sl: 11607.40 tp: 0.00
0	08:10:39.808	Notifications: 'order #72511876 sell 0.20 [NQ100] at 11607.47 modified: sl: 11617.04 tp: 0.00 -> sl: 11607.40 tp: 0.00' sent to 'A37163A9'
0	09:45:00.387	Notifications: 'Classical RSI bullish divergence on:  USDCAD' sent to 'A37163A9'
2	10:40:57.160	Custom indicator AIMS Levels V2 USDCHF,M5: removed
2	10:40:57.170	Custom indicator AIMS Entry Alert V1 USDCHF,M5: removed
2	10:40:57.172	Custom indicator CandleTimer USDCHF,M5: removed
2	10:40:57.177	Custom indicator #Signal_Bars_v6 USDCHF,M5: removed
2	10:40:57.178	Custom indicator TrendEnvelopes_v1 USDCHF,M5: removed
2	10:40:57.180	Custom indicator guppy_multiple_moving_averages USDCHF,M5: removed
2	10:40:57.182	Custom indicator wedges USDCHF,M5: removed
2	10:40:57.184	Custom indicator Admiral Pivot USDCHF,M5: removed
2	10:40:57.185	Custom indicator AutoTrendChannel USDCHF,M5: removed
2	10:40:57.185	Custom indicator AIMS AO V.2.1 USDCHF,M5: removed
2	10:40:57.195	Custom indicator IVT_MACD_ZERO_LAG USDCHF,M5: removed
2	10:40:57.197	Custom indicator RSI Divergence Levels USDCHF,M5: removed
2	10:40:57.199	Custom indicator JoeChalhoub_FXForecasterV1 USDCHF,M5: removed
2	10:40:57.282	Custom indicator AIMS Levels V2 GOLD,M5: removed
2	10:40:57.283	Custom indicator AIMS Entry Alert V1 GOLD,M5: removed
2	10:40:57.284	Custom indicator CandleTimer GOLD,M5: removed
2	10:40:57.285	Custom indicator #Signal_Bars_v6 GOLD,M5: removed
2	10:40:57.286	Custom indicator TrendEnvelopes_v1 GOLD,M5: removed
2	10:40:57.288	Custom indicator guppy_multiple_moving_averages GOLD,M5: removed
2	10:40:57.290	Custom indicator wedges GOLD,M5: removed
2	10:40:57.292	Custom indicator Admiral Pivot GOLD,M5: removed
2	10:40:57.293	Custom indicator AutoTrendChannel GOLD,M5: removed
2	10:40:57.293	Custom indicator AIMS AO V.2.1 GOLD,M5: removed
2	10:40:57.295	Custom indicator IVT_MACD_ZERO_LAG GOLD,M5: removed
2	10:40:57.296	Custom indicator RSI Divergence Levels GOLD,M5: removed
2	10:40:57.298	Custom indicator JoeChalhoub_FXForecasterV1 GOLD,M5: removed
2	10:40:57.350	Custom indicator Arrow Trend Surfer GBPJPY,Daily: removed
2	10:40:57.351	Custom indicator FlexNewsIndicator GBPJPY,Daily: removed
2	10:40:57.368	Custom indicator AIMS Levels V2 USDJPY,H1: removed
2	10:40:57.368	Custom indicator AIMS Entry Alert V1 USDJPY,H1: removed
2	10:40:57.370	Custom indicator CandleTimer USDJPY,H1: removed
2	10:40:57.370	Custom indicator #Signal_Bars_v6 USDJPY,H1: removed
2	10:40:57.371	Custom indicator TrendEnvelopes_v1 USDJPY,H1: removed
2	10:40:57.372	Custom indicator guppy_multiple_moving_averages USDJPY,H1: removed
2	10:40:57.374	Custom indicator wedges USDJPY,H1: removed
2	10:40:57.374	Custom indicator AIMS AO V.2.1 USDJPY,H1: removed
2	10:40:57.376	Custom indicator IVT_MACD_ZERO_LAG USDJPY,H1: removed
2	10:40:57.377	Custom indicator RSI Divergence Levels USDJPY,H1: removed
2	10:40:57.378	Custom indicator JoeChalhoub_FXForecasterV1 USDJPY,H1: removed
2	10:40:57.407	Custom indicator AIMS Levels V2 [NQ100],M5: removed
2	10:40:57.407	Custom indicator AIMS Entry Alert V1 [NQ100],M5: removed
2	10:40:57.409	Custom indicator CandleTimer [NQ100],M5: removed
2	10:40:57.409	Custom indicator #Signal_Bars_v6 [NQ100],M5: removed
2	10:40:57.425	Custom indicator TrendEnvelopes_v1 [NQ100],M5: removed
2	10:40:57.427	Custom indicator guppy_multiple_moving_averages [NQ100],M5: removed
2	10:40:57.429	Custom indicator wedges [NQ100],M5: removed
2	10:40:57.430	Custom indicator Admiral Pivot [NQ100],M5: removed
2	10:40:57.432	Custom indicator AutoTrendChannel [NQ100],M5: removed
2	10:40:57.432	Custom indicator AIMS AO V.2.1 [NQ100],M5: removed
2	10:40:57.433	Custom indicator IVT_MACD_ZERO_LAG [NQ100],M5: removed
2	10:40:57.435	Custom indicator RSI Divergence Levels [NQ100],M5: removed
2	10:40:57.436	Custom indicator JoeChalhoub_FXForecasterV1 [NQ100],M5: removed
2	10:40:57.452	Custom indicator AIMS Levels V2 [DAX30],M5: removed
2	10:40:57.459	Custom indicator AIMS Entry Alert V1 [DAX30],M5: removed
2	10:40:57.489	Custom indicator CandleTimer [DAX30],M5: removed
2	10:40:57.490	Custom indicator #Signal_Bars_v6 [DAX30],M5: removed
2	10:40:57.502	Custom indicator TrendEnvelopes_v1 [DAX30],M5: removed
2	10:40:57.504	Custom indicator guppy_multiple_moving_averages [DAX30],M5: removed
2	10:40:57.505	Custom indicator wedges [DAX30],M5: removed
2	10:40:57.507	Custom indicator Admiral Pivot [DAX30],M5: removed
2	10:40:57.509	Custom indicator AutoTrendChannel [DAX30],M5: removed
2	10:40:57.515	Custom indicator AIMS AO V.2.1 [DAX30],M5: removed
2	10:40:57.517	Custom indicator IVT_MACD_ZERO_LAG [DAX30],M5: removed
2	10:40:57.518	Custom indicator RSI Divergence Levels [DAX30],M5: removed
2	10:40:57.520	Custom indicator JoeChalhoub_FXForecasterV1 [DAX30],M5: removed
2	10:40:57.537	Custom indicator AIMS Levels V2 [DJI30],H1: removed
2	10:40:57.538	Custom indicator AIMS Entry Alert V1 [DJI30],H1: removed
2	10:40:57.539	Custom indicator CandleTimer [DJI30],H1: removed
2	10:40:57.540	Custom indicator #Signal_Bars_v6 [DJI30],H1: removed
2	10:40:57.541	Custom indicator TrendEnvelopes_v1 [DJI30],H1: removed
2	10:40:57.543	Custom indicator guppy_multiple_moving_averages [DJI30],H1: removed
2	10:40:57.544	Custom indicator wedges [DJI30],H1: removed
2	10:40:57.551	Custom indicator Admiral Pivot [DJI30],H1: removed
2	10:40:57.553	Custom indicator AutoTrendChannel [DJI30],H1: removed
2	10:40:57.553	Custom indicator AIMS AO V.2.1 [DJI30],H1: removed
2	10:40:57.554	Custom indicator IVT_MACD_ZERO_LAG [DJI30],H1: removed
2	10:40:57.556	Custom indicator RSI Divergence Levels [DJI30],H1: removed
2	10:40:57.557	Custom indicator JoeChalhoub_FXForecasterV1 [DJI30],H1: removed
2	10:40:57.573	Custom indicator AIMS Levels V2 [DJI30],M15: removed
2	10:40:57.586	Custom indicator AIMS Entry Alert V1 [DJI30],M15: removed
2	10:40:57.587	Custom indicator CandleTimer [DJI30],M15: removed
2	10:40:57.588	Custom indicator #Signal_Bars_v6 [DJI30],M15: removed
2	10:40:57.589	Custom indicator TrendEnvelopes_v1 [DJI30],M15: removed
2	10:40:57.591	Custom indicator guppy_multiple_moving_averages [DJI30],M15: removed
2	10:40:57.592	Custom indicator wedges [DJI30],M15: removed
2	10:40:57.593	Custom indicator AIMS AO V.2.1 [DJI30],M15: removed
2	10:40:57.594	Custom indicator IVT_MACD_ZERO_LAG [DJI30],M15: removed
2	10:40:57.596	Custom indicator RSI Divergence Levels [DJI30],M15: removed
2	10:40:57.598	Custom indicator JoeChalhoub_FXForecasterV1 [DJI30],M15: removed
2	10:40:57.614	Custom indicator AIMS Levels V2 EURJPY,H1: removed
2	10:40:57.615	Custom indicator AIMS Entry Alert V1 EURJPY,H1: removed
2	10:40:57.616	Custom indicator CandleTimer EURJPY,H1: removed
2	10:40:57.617	Custom indicator #Signal_Bars_v6 EURJPY,H1: removed
2	10:40:57.618	Custom indicator TrendEnvelopes_v1 EURJPY,H1: removed
2	10:40:57.619	Custom indicator guppy_multiple_moving_averages EURJPY,H1: removed
2	10:40:57.621	Custom indicator wedges EURJPY,H1: removed
2	10:40:57.622	Custom indicator Admiral Pivot EURJPY,H1: removed
2	10:40:57.624	Custom indicator AutoTrendChannel EURJPY,H1: removed
2	10:40:57.624	Custom indicator AIMS AO V.2.1 EURJPY,H1: removed
2	10:40:57.625	Custom indicator IVT_MACD_ZERO_LAG EURJPY,H1: removed
2	10:40:57.627	Custom indicator RSI Divergence Levels EURJPY,H1: removed
2	10:40:57.628	Custom indicator JoeChalhoub_FXForecasterV1 EURJPY,H1: removed
2	10:40:57.644	Custom indicator AIMS Levels V2 USDCAD,M15: removed
2	10:40:57.645	Custom indicator AIMS Entry Alert V1 USDCAD,M15: removed
2	10:40:57.646	Custom indicator CandleTimer USDCAD,M15: removed
2	10:40:57.646	Custom indicator #Signal_Bars_v6 USDCAD,M15: removed
2	10:40:57.647	Custom indicator TrendEnvelopes_v1 USDCAD,M15: removed
2	10:40:57.649	Custom indicator guppy_multiple_moving_averages USDCAD,M15: removed
2	10:40:57.650	Custom indicator wedges USDCAD,M15: removed
2	10:40:57.651	Custom indicator Admiral Pivot USDCAD,M15: removed
2	10:40:57.652	Custom indicator AutoTrendChannel USDCAD,M15: removed
2	10:40:57.653	Custom indicator AIMS AO V.2.1 USDCAD,M15: removed
2	10:40:57.654	Custom indicator IVT_MACD_ZERO_LAG USDCAD,M15: removed
2	10:40:57.655	Custom indicator RSI Divergence Levels USDCAD,M15: removed
2	10:40:57.657	Custom indicator JoeChalhoub_FXForecasterV1 USDCAD,M15: removed
2	10:40:57.672	Custom indicator AIMS Levels V2 AUDUSD,H1: removed
2	10:40:57.672	Custom indicator AIMS Entry Alert V1 AUDUSD,H1: removed
2	10:40:57.673	Custom indicator CandleTimer AUDUSD,H1: removed
2	10:40:57.674	Custom indicator #Signal_Bars_v6 AUDUSD,H1: removed
2	10:40:57.675	Custom indicator TrendEnvelopes_v1 AUDUSD,H1: removed
2	10:40:57.677	Custom indicator guppy_multiple_moving_averages AUDUSD,H1: removed
2	10:40:57.678	Custom indicator wedges AUDUSD,H1: removed
2	10:40:57.700	Custom indicator Admiral Pivot AUDUSD,H1: removed
2	10:40:57.702	Custom indicator AutoTrendChannel AUDUSD,H1: removed
2	10:40:57.712	Custom indicator AIMS AO V.2.1 AUDUSD,H1: removed
2	10:40:57.719	Custom indicator IVT_MACD_ZERO_LAG AUDUSD,H1: removed
2	10:40:57.726	Custom indicator RSI Divergence Levels AUDUSD,H1: removed
2	10:40:57.731	Custom indicator JoeChalhoub_FXForecasterV1 AUDUSD,H1: removed
2	10:40:57.746	Custom indicator AIMS Levels V2 [DAX30],H4: removed
2	10:40:57.747	Custom indicator AIMS Entry Alert V1 [DAX30],H4: removed
2	10:40:57.748	Custom indicator CandleTimer [DAX30],H4: removed
2	10:40:57.749	Custom indicator #Signal_Bars_v6 [DAX30],H4: removed
2	10:40:57.750	Custom indicator TrendEnvelopes_v1 [DAX30],H4: removed
2	10:40:57.768	Custom indicator guppy_multiple_moving_averages [DAX30],H4: removed
2	10:40:57.809	Custom indicator wedges [DAX30],H4: removed
2	10:40:57.810	Custom indicator AIMS AO V.2.1 [DAX30],H4: removed
2	10:40:57.830	Custom indicator IVT_MACD_ZERO_LAG [DAX30],H4: removed
2	10:40:57.831	Custom indicator RSI Divergence Levels [DAX30],H4: removed
2	10:40:57.833	Custom indicator JoeChalhoub_FXForecasterV1 [DAX30],H4: removed
2	10:40:57.864	Expert Admiral - Mini Terminal EURUSD,H1: removed
2	10:40:57.865	Custom indicator AIMS Levels V2 EURUSD,H1: removed
2	10:40:57.865	Custom indicator AIMS Entry Alert V1 EURUSD,H1: removed
2	10:40:57.867	Custom indicator CandleTimer EURUSD,H1: removed
2	10:40:57.867	Custom indicator #Signal_Bars_v6 EURUSD,H1: removed
2	10:40:57.868	Custom indicator TrendEnvelopes_v1 EURUSD,H1: removed
2	10:40:57.869	Custom indicator guppy_multiple_moving_averages EURUSD,H1: removed
2	10:40:57.871	Custom indicator wedges EURUSD,H1: removed
2	10:40:57.872	Custom indicator Admiral Pivot EURUSD,H1: removed
2	10:40:57.873	Custom indicator AutoTrendChannel EURUSD,H1: removed
2	10:40:57.873	Custom indicator AIMS AO V.2.1 EURUSD,H1: removed
2	10:40:57.875	Custom indicator IVT_MACD_ZERO_LAG EURUSD,H1: removed
2	10:40:57.876	Custom indicator RSI Divergence Levels EURUSD,H1: removed
2	10:40:57.878	Custom indicator JoeChalhoub_FXForecasterV1 EURUSD,H1: removed
2	10:40:57.901	Custom indicator AIMS Levels V2 NZDUSD,H1: removed
2	10:40:57.938	Custom indicator AIMS Entry Alert V1 NZDUSD,H1: removed
2	10:40:57.955	Custom indicator CandleTimer NZDUSD,H1: removed
2	10:40:57.955	Custom indicator #Signal_Bars_v6 NZDUSD,H1: removed
2	10:40:57.968	Custom indicator TrendEnvelopes_v1 NZDUSD,H1: removed
2	10:40:57.969	Custom indicator guppy_multiple_moving_averages NZDUSD,H1: removed
2	10:40:57.971	Custom indicator wedges NZDUSD,H1: removed
2	10:40:57.972	Custom indicator Admiral Pivot NZDUSD,H1: removed
2	10:40:57.974	Custom indicator AutoTrendChannel NZDUSD,H1: removed
2	10:40:57.974	Custom indicator AIMS AO V.2.1 NZDUSD,H1: removed
2	10:40:57.975	Custom indicator IVT_MACD_ZERO_LAG NZDUSD,H1: removed
2	10:40:58.005	Custom indicator RSI Divergence Levels NZDUSD,H1: removed
2	10:40:58.006	Custom indicator JoeChalhoub_FXForecasterV1 NZDUSD,H1: removed
2	10:40:58.022	Custom indicator AIMS Levels V2 GBPUSD,H1: removed
2	10:40:58.022	Custom indicator AIMS Entry Alert V1 GBPUSD,H1: removed
2	10:40:58.023	Custom indicator CandleTimer GBPUSD,H1: removed
2	10:40:58.023	Custom indicator #Signal_Bars_v6 GBPUSD,H1: removed
2	10:40:58.025	Custom indicator TrendEnvelopes_v1 GBPUSD,H1: removed
2	10:40:58.048	Custom indicator guppy_multiple_moving_averages GBPUSD,H1: removed
2	10:40:58.049	Custom indicator wedges GBPUSD,H1: removed
2	10:40:58.050	Custom indicator Admiral Pivot GBPUSD,H1: removed
2	10:40:58.051	Custom indicator AutoTrendChannel GBPUSD,H1: removed
2	10:40:58.052	Custom indicator AIMS AO V.2.1 GBPUSD,H1: removed
2	10:40:58.053	Custom indicator IVT_MACD_ZERO_LAG GBPUSD,H1: removed
2	10:40:58.055	Custom indicator RSI Divergence Levels GBPUSD,H1: removed
2	10:40:58.056	Custom indicator JoeChalhoub_FXForecasterV1 GBPUSD,H1: removed
2	10:40:58.079	Custom indicator AIMS Levels V2 EURCAD,H1: removed
2	10:40:58.079	Custom indicator AIMS Entry Alert V1 EURCAD,H1: removed
2	10:40:58.080	Custom indicator CandleTimer EURCAD,H1: removed
2	10:40:58.080	Custom indicator #Signal_Bars_v6 EURCAD,H1: removed
2	10:40:58.082	Custom indicator TrendEnvelopes_v1 EURCAD,H1: removed
2	10:40:58.083	Custom indicator guppy_multiple_moving_averages EURCAD,H1: removed
2	10:40:58.084	Custom indicator wedges EURCAD,H1: removed
2	10:40:58.086	Custom indicator Admiral Pivot EURCAD,H1: removed
2	10:40:58.087	Custom indicator AutoTrendChannel EURCAD,H1: removed
2	10:40:58.087	Custom indicator AIMS AO V.2.1 EURCAD,H1: removed
2	10:40:58.088	Custom indicator IVT_MACD_ZERO_LAG EURCAD,H1: removed
2	10:40:58.090	Custom indicator RSI Divergence Levels EURCAD,H1: removed
2	10:40:58.091	Custom indicator JoeChalhoub_FXForecasterV1 EURCAD,H1: removed
2	10:40:58.104	Custom indicator AIMS Levels V2 CADJPY,H1: removed
2	10:40:58.104	Custom indicator AIMS Entry Alert V1 CADJPY,H1: removed
2	10:40:58.111	Custom indicator CandleTimer CADJPY,H1: removed
2	10:40:58.112	Custom indicator #Signal_Bars_v6 CADJPY,H1: removed
2	10:40:58.113	Custom indicator TrendEnvelopes_v1 CADJPY,H1: removed
2	10:40:58.115	Custom indicator guppy_multiple_moving_averages CADJPY,H1: removed
2	10:40:58.116	Custom indicator wedges CADJPY,H1: removed
2	10:40:58.132	Custom indicator Admiral Pivot CADJPY,H1: removed
2	10:40:58.136	Custom indicator AutoTrendChannel CADJPY,H1: removed
2	10:40:58.136	Custom indicator AIMS AO V.2.1 CADJPY,H1: removed
2	10:40:58.138	Custom indicator IVT_MACD_ZERO_LAG CADJPY,H1: removed
2	10:40:58.141	Custom indicator RSI Divergence Levels CADJPY,H1: removed
2	10:40:58.144	Custom indicator JoeChalhoub_FXForecasterV1 CADJPY,H1: removed
2	10:40:58.197	Custom indicator AIMS Levels V2 GBPUSD,H1: removed
2	10:40:58.197	Custom indicator AIMS Entry Alert V1 GBPUSD,H1: removed
2	10:40:58.199	Custom indicator CandleTimer GBPUSD,H1: removed
2	10:40:58.199	Custom indicator #Signal_Bars_v6 GBPUSD,H1: removed
2	10:40:58.200	Custom indicator TrendEnvelopes_v1 GBPUSD,H1: removed
2	10:40:58.201	Custom indicator guppy_multiple_moving_averages GBPUSD,H1: removed
2	10:40:58.203	Custom indicator wedges GBPUSD,H1: removed
2	10:40:58.205	Custom indicator Admiral Pivot GBPUSD,H1: removed
2	10:40:58.206	Custom indicator AutoTrendChannel GBPUSD,H1: removed
2	10:40:58.206	Custom indicator AIMS AO V.2.1 GBPUSD,H1: removed
2	10:40:58.207	Custom indicator IVT_MACD_ZERO_LAG GBPUSD,H1: removed
2	10:40:58.209	Custom indicator RSI Divergence Levels GBPUSD,H1: removed
2	10:40:58.210	Custom indicator JoeChalhoub_FXForecasterV1 GBPUSD,H1: removed
2	10:40:58.716	Custom indicator AIMS Levels V2 EURUSD,H1: loaded successfully
2	10:40:58.820	Custom indicator AIMS Entry Alert V1 EURUSD,H1: loaded successfully
2	10:40:58.864	Custom indicator CandleTimer EURUSD,H1: loaded successfully
2	10:40:58.959	Custom indicator #Signal_Bars_v6 EURUSD,H1: loaded successfully
2	10:40:58.978	Custom indicator TrendEnvelopes_v1 EURUSD,H1: loaded successfully
2	10:40:58.990	Custom indicator guppy_multiple_moving_averages EURUSD,H1: loaded successfully
2	10:40:59.000	Custom indicator wedges EURUSD,H1: loaded successfully
2	10:40:59.008	Custom indicator Admiral Pivot EURUSD,H1: loaded successfully
2	10:40:59.015	Custom indicator AutoTrendChannel EURUSD,H1: loaded successfully
2	10:40:59.075	Custom indicator AIMS AO V.2.1 EURUSD,H1: loaded successfully
2	10:40:59.083	Custom indicator IVT_MACD_ZERO_LAG EURUSD,H1: loaded successfully
2	10:40:59.092	Custom indicator RSI Divergence Levels EURUSD,H1: loaded successfully
2	10:40:59.101	Custom indicator JoeChalhoub_FXForecasterV1 EURUSD,H1: loaded successfully
2	10:40:59.487	Custom indicator AIMS Levels V2 GBPUSD,H1: loaded successfully
2	10:40:59.553	Custom indicator AIMS Entry Alert V1 GBPUSD,H1: loaded successfully
2	10:40:59.559	Custom indicator CandleTimer GBPUSD,H1: loaded successfully
2	10:40:59.620	Custom indicator #Signal_Bars_v6 GBPUSD,H1: loaded successfully
2	10:40:59.626	Custom indicator TrendEnvelopes_v1 GBPUSD,H1: loaded successfully
2	10:40:59.633	Custom indicator guppy_multiple_moving_averages GBPUSD,H1: loaded successfully
2	10:40:59.640	Custom indicator wedges GBPUSD,H1: loaded successfully
2	10:40:59.648	Custom indicator Admiral Pivot GBPUSD,H1: loaded successfully
2	10:40:59.654	Custom indicator AutoTrendChannel GBPUSD,H1: loaded successfully
2	10:40:59.716	Custom indicator AIMS AO V.2.1 GBPUSD,H1: loaded successfully
2	10:40:59.723	Custom indicator IVT_MACD_ZERO_LAG GBPUSD,H1: loaded successfully
2	10:40:59.730	Custom indicator RSI Divergence Levels GBPUSD,H1: loaded successfully
2	10:40:59.738	Custom indicator JoeChalhoub_FXForecasterV1 GBPUSD,H1: loaded successfully
2	10:41:00.028	Custom indicator AIMS Levels V2 AUDUSD,H1: loaded successfully
2	10:41:00.091	Custom indicator AIMS Entry Alert V1 AUDUSD,H1: loaded successfully
2	10:41:00.097	Custom indicator CandleTimer AUDUSD,H1: loaded successfully
2	10:41:00.158	Custom indicator #Signal_Bars_v6 AUDUSD,H1: loaded successfully
2	10:41:00.165	Custom indicator TrendEnvelopes_v1 AUDUSD,H1: loaded successfully
2	10:41:00.171	Custom indicator guppy_multiple_moving_averages AUDUSD,H1: loaded successfully
2	10:41:00.178	Custom indicator wedges AUDUSD,H1: loaded successfully
2	10:41:00.186	Custom indicator Admiral Pivot AUDUSD,H1: loaded successfully
2	10:41:00.192	Custom indicator AutoTrendChannel AUDUSD,H1: loaded successfully
2	10:41:00.254	Custom indicator AIMS AO V.2.1 AUDUSD,H1: loaded successfully
2	10:41:00.261	Custom indicator IVT_MACD_ZERO_LAG AUDUSD,H1: loaded successfully
2	10:41:00.268	Custom indicator RSI Divergence Levels AUDUSD,H1: loaded successfully
2	10:41:00.276	Custom indicator JoeChalhoub_FXForecasterV1 AUDUSD,H1: loaded successfully
2	10:41:00.582	Custom indicator AIMS Levels V2 EURJPY,H1: loaded successfully
2	10:41:00.647	Custom indicator AIMS Entry Alert V1 EURJPY,H1: loaded successfully
2	10:41:00.652	Custom indicator CandleTimer EURJPY,H1: loaded successfully
2	10:41:00.713	Custom indicator #Signal_Bars_v6 EURJPY,H1: loaded successfully
2	10:41:00.720	Custom indicator TrendEnvelopes_v1 EURJPY,H1: loaded successfully
2	10:41:00.726	Custom indicator guppy_multiple_moving_averages EURJPY,H1: loaded successfully
2	10:41:00.734	Custom indicator wedges EURJPY,H1: loaded successfully
2	10:41:00.741	Custom indicator Admiral Pivot EURJPY,H1: loaded successfully
2	10:41:00.748	Custom indicator AutoTrendChannel EURJPY,H1: loaded successfully
2	10:41:00.810	Custom indicator AIMS AO V.2.1 EURJPY,H1: loaded successfully
2	10:41:00.817	Custom indicator IVT_MACD_ZERO_LAG EURJPY,H1: loaded successfully
2	10:41:00.824	Custom indicator RSI Divergence Levels EURJPY,H1: loaded successfully
2	10:41:00.833	Custom indicator JoeChalhoub_FXForecasterV1 EURJPY,H1: loaded successfully
2	10:41:01.119	Custom indicator AIMS Levels V2 GBPJPY,M1: loaded successfully
2	10:41:01.182	Custom indicator AIMS Entry Alert V1 GBPJPY,M1: loaded successfully
2	10:41:01.187	Custom indicator CandleTimer GBPJPY,M1: loaded successfully
2	10:41:01.251	Custom indicator #Signal_Bars_v6 GBPJPY,M1: loaded successfully
2	10:41:01.259	Custom indicator TrendEnvelopes_v1 GBPJPY,M1: loaded successfully
2	10:41:01.265	Custom indicator guppy_multiple_moving_averages GBPJPY,M1: loaded successfully
2	10:41:01.273	Custom indicator wedges GBPJPY,M1: loaded successfully
2	10:41:01.279	Custom indicator Admiral Pivot GBPJPY,M1: loaded successfully
2	10:41:01.285	Custom indicator AutoTrendChannel GBPJPY,M1: loaded successfully
2	10:41:01.347	Custom indicator AIMS AO V.2.1 GBPJPY,M1: loaded successfully
2	10:41:01.385	Custom indicator IVT_MACD_ZERO_LAG GBPJPY,M1: loaded successfully
2	10:41:01.393	Custom indicator RSI Divergence Levels GBPJPY,M1: loaded successfully
2	10:41:01.402	Custom indicator JoeChalhoub_FXForecasterV1 GBPJPY,M1: loaded successfully
2	10:41:02.053	Custom indicator AIMS Levels V2 NZDUSD,H1: loaded successfully
2	10:41:02.116	Custom indicator AIMS Entry Alert V1 NZDUSD,H1: loaded successfully
2	10:41:02.122	Custom indicator CandleTimer NZDUSD,H1: loaded successfully
2	10:41:02.183	Custom indicator #Signal_Bars_v6 NZDUSD,H1: loaded successfully
2	10:41:02.190	Custom indicator TrendEnvelopes_v1 NZDUSD,H1: loaded successfully
2	10:41:02.197	Custom indicator guppy_multiple_moving_averages NZDUSD,H1: loaded successfully
2	10:41:02.205	Custom indicator wedges NZDUSD,H1: loaded successfully
2	10:41:02.212	Custom indicator Admiral Pivot NZDUSD,H1: loaded successfully
2	10:41:02.242	Custom indicator AutoTrendChannel NZDUSD,H1: loaded successfully
2	10:41:02.304	Custom indicator AIMS AO V.2.1 NZDUSD,H1: loaded successfully
2	10:41:02.311	Custom indicator IVT_MACD_ZERO_LAG NZDUSD,H1: loaded successfully
2	10:41:02.318	Custom indicator RSI Divergence Levels NZDUSD,H1: loaded successfully
2	10:41:02.326	Custom indicator JoeChalhoub_FXForecasterV1 NZDUSD,H1: loaded successfully
2	10:41:02.694	Custom indicator AIMS Levels V2 USDCAD,H1: loaded successfully
2	10:41:02.755	Custom indicator AIMS Entry Alert V1 USDCAD,H1: loaded successfully
2	10:41:02.761	Custom indicator CandleTimer USDCAD,H1: loaded successfully
2	10:41:02.820	Custom indicator #Signal_Bars_v6 USDCAD,H1: loaded successfully
2	10:41:02.827	Custom indicator TrendEnvelopes_v1 USDCAD,H1: loaded successfully
2	10:41:02.833	Custom indicator guppy_multiple_moving_averages USDCAD,H1: loaded successfully
2	10:41:02.840	Custom indicator wedges USDCAD,H1: loaded successfully
2	10:41:02.847	Custom indicator Admiral Pivot USDCAD,H1: loaded successfully
2	10:41:02.853	Custom indicator AutoTrendChannel USDCAD,H1: loaded successfully
2	10:41:02.912	Custom indicator AIMS AO V.2.1 USDCAD,H1: loaded successfully
2	10:41:02.919	Custom indicator IVT_MACD_ZERO_LAG USDCAD,H1: loaded successfully
2	10:41:02.926	Custom indicator RSI Divergence Levels USDCAD,H1: loaded successfully
2	10:41:02.934	Custom indicator JoeChalhoub_FXForecasterV1 USDCAD,H1: loaded successfully
2	10:41:03.217	Custom indicator AIMS Levels V2 USDJPY,H1: loaded successfully
2	10:41:03.280	Custom indicator AIMS Entry Alert V1 USDJPY,H1: loaded successfully
2	10:41:03.285	Custom indicator CandleTimer USDJPY,H1: loaded successfully
2	10:41:03.346	Custom indicator #Signal_Bars_v6 USDJPY,H1: loaded successfully
2	10:41:03.353	Custom indicator TrendEnvelopes_v1 USDJPY,H1: loaded successfully
2	10:41:03.359	Custom indicator guppy_multiple_moving_averages USDJPY,H1: loaded successfully
2	10:41:03.367	Custom indicator wedges USDJPY,H1: loaded successfully
2	10:41:03.375	Custom indicator Admiral Pivot USDJPY,H1: loaded successfully
2	10:41:03.381	Custom indicator AutoTrendChannel USDJPY,H1: loaded successfully
2	10:41:03.442	Custom indicator AIMS AO V.2.1 USDJPY,H1: loaded successfully
2	10:41:03.450	Custom indicator IVT_MACD_ZERO_LAG USDJPY,H1: loaded successfully
2	10:41:03.457	Custom indicator RSI Divergence Levels USDJPY,H1: loaded successfully
2	10:41:03.465	Custom indicator JoeChalhoub_FXForecasterV1 USDJPY,H1: loaded successfully
2	10:41:03.751	Custom indicator AIMS Levels V2 USDCHF,H1: loaded successfully
2	10:41:03.813	Custom indicator AIMS Entry Alert V1 USDCHF,H1: loaded successfully
2	10:41:03.819	Custom indicator CandleTimer USDCHF,H1: loaded successfully
2	10:41:03.878	Custom indicator #Signal_Bars_v6 USDCHF,H1: loaded successfully
2	10:41:03.885	Custom indicator TrendEnvelopes_v1 USDCHF,H1: loaded successfully
2	10:41:03.891	Custom indicator guppy_multiple_moving_averages USDCHF,H1: loaded successfully
2	10:41:03.899	Custom indicator wedges USDCHF,H1: loaded successfully
2	10:41:03.905	Custom indicator Admiral Pivot USDCHF,H1: loaded successfully
2	10:41:03.912	Custom indicator AutoTrendChannel USDCHF,H1: loaded successfully
2	10:41:03.972	Custom indicator AIMS AO V.2.1 USDCHF,H1: loaded successfully
2	10:41:03.979	Custom indicator IVT_MACD_ZERO_LAG USDCHF,H1: loaded successfully
2	10:41:03.986	Custom indicator RSI Divergence Levels USDCHF,H1: loaded successfully
2	10:41:03.995	Custom indicator JoeChalhoub_FXForecasterV1 USDCHF,H1: loaded successfully
2	10:41:04.293	Custom indicator AIMS Levels V2 GOLD,H1: loaded successfully
2	10:41:04.354	Custom indicator AIMS Entry Alert V1 GOLD,H1: loaded successfully
2	10:41:04.360	Custom indicator CandleTimer GOLD,H1: loaded successfully
2	10:41:04.420	Custom indicator #Signal_Bars_v6 GOLD,H1: loaded successfully
2	10:41:04.427	Custom indicator TrendEnvelopes_v1 GOLD,H1: loaded successfully
2	10:41:04.433	Custom indicator guppy_multiple_moving_averages GOLD,H1: loaded successfully
2	10:41:04.440	Custom indicator wedges GOLD,H1: loaded successfully
2	10:41:04.447	Custom indicator Admiral Pivot GOLD,H1: loaded successfully
2	10:41:04.454	Custom indicator AutoTrendChannel GOLD,H1: loaded successfully
2	10:41:04.514	Custom indicator AIMS AO V.2.1 GOLD,H1: loaded successfully
2	10:41:04.520	Custom indicator IVT_MACD_ZERO_LAG GOLD,H1: loaded successfully
2	10:41:04.528	Custom indicator RSI Divergence Levels GOLD,H1: loaded successfully
2	10:41:04.536	Custom indicator JoeChalhoub_FXForecasterV1 GOLD,H1: loaded successfully
2	10:41:04.822	Custom indicator AIMS Levels V2 USDJPY,H1: loaded successfully
2	10:41:04.885	Custom indicator AIMS Entry Alert V1 USDJPY,H1: loaded successfully
2	10:41:04.891	Custom indicator CandleTimer USDJPY,H1: loaded successfully
2	10:41:04.951	Custom indicator #Signal_Bars_v6 USDJPY,H1: loaded successfully
2	10:41:04.958	Custom indicator TrendEnvelopes_v1 USDJPY,H1: loaded successfully
2	10:41:04.964	Custom indicator guppy_multiple_moving_averages USDJPY,H1: loaded successfully
2	10:41:04.971	Custom indicator wedges USDJPY,H1: loaded successfully
2	10:41:04.978	Custom indicator Admiral Pivot USDJPY,H1: loaded successfully
2	10:41:04.985	Custom indicator AutoTrendChannel USDJPY,H1: loaded successfully
2	10:41:05.045	Custom indicator AIMS AO V.2.1 USDJPY,H1: loaded successfully
2	10:41:05.052	Custom indicator IVT_MACD_ZERO_LAG USDJPY,H1: loaded successfully
2	10:41:05.059	Custom indicator RSI Divergence Levels USDJPY,H1: loaded successfully
2	10:41:05.067	Custom indicator JoeChalhoub_FXForecasterV1 USDJPY,H1: loaded successfully
2	10:41:05.347	Custom indicator AIMS Levels V2 EURCAD,H1: loaded successfully
2	10:41:05.409	Custom indicator AIMS Entry Alert V1 EURCAD,H1: loaded successfully
2	10:41:05.414	Custom indicator CandleTimer EURCAD,H1: loaded successfully
2	10:41:05.476	Custom indicator #Signal_Bars_v6 EURCAD,H1: loaded successfully
2	10:41:05.483	Custom indicator TrendEnvelopes_v1 EURCAD,H1: loaded successfully
2	10:41:05.499	Custom indicator guppy_multiple_moving_averages EURCAD,H1: loaded successfully
2	10:41:05.507	Custom indicator wedges EURCAD,H1: loaded successfully
2	10:41:05.515	Custom indicator Admiral Pivot EURCAD,H1: loaded successfully
2	10:41:05.522	Custom indicator AutoTrendChannel EURCAD,H1: loaded successfully
2	10:41:05.584	Custom indicator AIMS AO V.2.1 EURCAD,H1: loaded successfully
2	10:41:05.591	Custom indicator IVT_MACD_ZERO_LAG EURCAD,H1: loaded successfully
2	10:41:05.599	Custom indicator RSI Divergence Levels EURCAD,H1: loaded successfully
2	10:41:05.607	Custom indicator JoeChalhoub_FXForecasterV1 EURCAD,H1: loaded successfully
2	10:41:05.979	Custom indicator AIMS Levels V2 NZDJPY,H1: loaded successfully
2	10:41:06.041	Custom indicator AIMS Entry Alert V1 NZDJPY,H1: loaded successfully
2	10:41:06.046	Custom indicator CandleTimer NZDJPY,H1: loaded successfully
2	10:41:06.109	Custom indicator #Signal_Bars_v6 NZDJPY,H1: loaded successfully
2	10:41:06.116	Custom indicator TrendEnvelopes_v1 NZDJPY,H1: loaded successfully
2	10:41:06.122	Custom indicator guppy_multiple_moving_averages NZDJPY,H1: loaded successfully
2	10:41:06.129	Custom indicator wedges NZDJPY,H1: loaded successfully
2	10:41:06.136	Custom indicator Admiral Pivot NZDJPY,H1: loaded successfully
2	10:41:06.143	Custom indicator AutoTrendChannel NZDJPY,H1: loaded successfully
2	10:41:06.205	Custom indicator AIMS AO V.2.1 NZDJPY,H1: loaded successfully
2	10:41:06.212	Custom indicator IVT_MACD_ZERO_LAG NZDJPY,H1: loaded successfully
2	10:41:06.220	Custom indicator RSI Divergence Levels NZDJPY,H1: loaded successfully
2	10:41:06.228	Custom indicator JoeChalhoub_FXForecasterV1 NZDJPY,H1: loaded successfully
2	10:41:06.613	Custom indicator AIMS Levels V2 GBPNZD,H1: loaded successfully
2	10:41:06.675	Custom indicator AIMS Entry Alert V1 GBPNZD,H1: loaded successfully
2	10:41:06.680	Custom indicator CandleTimer GBPNZD,H1: loaded successfully
2	10:41:06.738	Custom indicator #Signal_Bars_v6 GBPNZD,H1: loaded successfully
2	10:41:06.745	Custom indicator TrendEnvelopes_v1 GBPNZD,H1: loaded successfully
2	10:41:06.751	Custom indicator guppy_multiple_moving_averages GBPNZD,H1: loaded successfully
2	10:41:06.758	Custom indicator wedges GBPNZD,H1: loaded successfully
2	10:41:06.766	Custom indicator Admiral Pivot GBPNZD,H1: loaded successfully
2	10:41:06.773	Custom indicator AutoTrendChannel GBPNZD,H1: loaded successfully
2	10:41:06.834	Custom indicator AIMS AO V.2.1 GBPNZD,H1: loaded successfully
2	10:41:06.841	Custom indicator IVT_MACD_ZERO_LAG GBPNZD,H1: loaded successfully
2	10:41:06.848	Custom indicator RSI Divergence Levels GBPNZD,H1: loaded successfully
2	10:41:06.856	Custom indicator JoeChalhoub_FXForecasterV1 GBPNZD,H1: loaded successfully
2	10:42:08.565	Custom indicator AIMS Levels V2 AUDUSD,H1: removed
2	10:42:08.565	Custom indicator AIMS Entry Alert V1 AUDUSD,H1: removed
2	10:42:08.567	Custom indicator CandleTimer AUDUSD,H1: removed
2	10:42:08.567	Custom indicator #Signal_Bars_v6 AUDUSD,H1: removed
2	10:42:08.568	Custom indicator TrendEnvelopes_v1 AUDUSD,H1: removed
2	10:42:08.569	Custom indicator guppy_multiple_moving_averages AUDUSD,H1: removed
2	10:42:08.571	Custom indicator wedges AUDUSD,H1: removed
2	10:42:08.572	Custom indicator Admiral Pivot AUDUSD,H1: removed
2	10:42:08.573	Custom indicator AutoTrendChannel AUDUSD,H1: removed
2	10:42:08.573	Custom indicator AIMS AO V.2.1 AUDUSD,H1: removed
2	10:42:08.574	Custom indicator IVT_MACD_ZERO_LAG AUDUSD,H1: removed
2	10:42:08.575	Custom indicator RSI Divergence Levels AUDUSD,H1: removed
2	10:42:08.577	Custom indicator JoeChalhoub_FXForecasterV1 AUDUSD,H1: removed
2	10:42:08.591	Custom indicator AIMS Levels V2 GBPUSD,H1: removed
2	10:42:08.592	Custom indicator AIMS Entry Alert V1 GBPUSD,H1: removed
2	10:42:08.594	Custom indicator CandleTimer GBPUSD,H1: removed
2	10:42:08.594	Custom indicator #Signal_Bars_v6 GBPUSD,H1: removed
2	10:42:08.595	Custom indicator TrendEnvelopes_v1 GBPUSD,H1: removed
2	10:42:08.596	Custom indicator guppy_multiple_moving_averages GBPUSD,H1: removed
2	10:42:08.597	Custom indicator wedges GBPUSD,H1: removed
2	10:42:08.599	Custom indicator Admiral Pivot GBPUSD,H1: removed
2	10:42:08.600	Custom indicator AutoTrendChannel GBPUSD,H1: removed
2	10:42:08.600	Custom indicator AIMS AO V.2.1 GBPUSD,H1: removed
2	10:42:08.601	Custom indicator IVT_MACD_ZERO_LAG GBPUSD,H1: removed
2	10:42:08.603	Custom indicator RSI Divergence Levels GBPUSD,H1: removed
2	10:42:08.604	Custom indicator JoeChalhoub_FXForecasterV1 GBPUSD,H1: removed
2	10:42:08.619	Custom indicator AIMS Levels V2 EURUSD,H1: removed
2	10:42:08.619	Custom indicator AIMS Entry Alert V1 EURUSD,H1: removed
2	10:42:08.620	Custom indicator CandleTimer EURUSD,H1: removed
2	10:42:08.620	Custom indicator #Signal_Bars_v6 EURUSD,H1: removed
2	10:42:08.622	Custom indicator TrendEnvelopes_v1 EURUSD,H1: removed
2	10:42:08.623	Custom indicator guppy_multiple_moving_averages EURUSD,H1: removed
2	10:42:08.624	Custom indicator wedges EURUSD,H1: removed
2	10:42:08.625	Custom indicator Admiral Pivot EURUSD,H1: removed
2	10:42:08.627	Custom indicator AutoTrendChannel EURUSD,H1: removed
2	10:42:08.627	Custom indicator AIMS AO V.2.1 EURUSD,H1: removed
2	10:42:08.628	Custom indicator IVT_MACD_ZERO_LAG EURUSD,H1: removed
2	10:42:08.630	Custom indicator RSI Divergence Levels EURUSD,H1: removed
2	10:42:08.631	Custom indicator JoeChalhoub_FXForecasterV1 EURUSD,H1: removed
2	10:42:08.645	Custom indicator AIMS Levels V2 USDJPY,H1: removed
2	10:42:08.645	Custom indicator AIMS Entry Alert V1 USDJPY,H1: removed
2	10:42:08.646	Custom indicator CandleTimer USDJPY,H1: removed
2	10:42:08.646	Custom indicator #Signal_Bars_v6 USDJPY,H1: removed
2	10:42:08.648	Custom indicator TrendEnvelopes_v1 USDJPY,H1: removed
2	10:42:08.649	Custom indicator guppy_multiple_moving_averages USDJPY,H1: removed
2	10:42:08.650	Custom indicator wedges USDJPY,H1: removed
2	10:42:08.652	Custom indicator Admiral Pivot USDJPY,H1: removed
2	10:42:08.653	Custom indicator AutoTrendChannel USDJPY,H1: removed
2	10:42:08.653	Custom indicator AIMS AO V.2.1 USDJPY,H1: removed
2	10:42:08.655	Custom indicator IVT_MACD_ZERO_LAG USDJPY,H1: removed
2	10:42:08.656	Custom indicator RSI Divergence Levels USDJPY,H1: removed
2	10:42:08.657	Custom indicator JoeChalhoub_FXForecasterV1 USDJPY,H1: removed
2	10:42:08.672	Custom indicator AIMS Levels V2 USDCHF,H1: removed
2	10:42:08.672	Custom indicator AIMS Entry Alert V1 USDCHF,H1: removed
2	10:42:08.673	Custom indicator CandleTimer USDCHF,H1: removed
2	10:42:08.673	Custom indicator #Signal_Bars_v6 USDCHF,H1: removed
2	10:42:08.675	Custom indicator TrendEnvelopes_v1 USDCHF,H1: removed
2	10:42:08.676	Custom indicator guppy_multiple_moving_averages USDCHF,H1: removed
2	10:42:08.677	Custom indicator wedges USDCHF,H1: removed
2	10:42:08.678	Custom indicator Admiral Pivot USDCHF,H1: removed
2	10:42:08.680	Custom indicator AutoTrendChannel USDCHF,H1: removed
2	10:42:08.680	Custom indicator AIMS AO V.2.1 USDCHF,H1: removed
2	10:42:08.681	Custom indicator IVT_MACD_ZERO_LAG USDCHF,H1: removed
2	10:42:08.682	Custom indicator RSI Divergence Levels USDCHF,H1: removed
2	10:42:08.684	Custom indicator JoeChalhoub_FXForecasterV1 USDCHF,H1: removed
2	10:42:08.697	Custom indicator AIMS Levels V2 USDCAD,H1: removed
2	10:42:08.697	Custom indicator AIMS Entry Alert V1 USDCAD,H1: removed
2	10:42:08.699	Custom indicator CandleTimer USDCAD,H1: removed
2	10:42:08.699	Custom indicator #Signal_Bars_v6 USDCAD,H1: removed
2	10:42:08.701	Custom indicator TrendEnvelopes_v1 USDCAD,H1: removed
2	10:42:08.702	Custom indicator guppy_multiple_moving_averages USDCAD,H1: removed
2	10:42:08.704	Custom indicator wedges USDCAD,H1: removed
2	10:42:08.705	Custom indicator Admiral Pivot USDCAD,H1: removed
2	10:42:08.706	Custom indicator AutoTrendChannel USDCAD,H1: removed
2	10:42:08.706	Custom indicator AIMS AO V.2.1 USDCAD,H1: removed
2	10:42:08.707	Custom indicator IVT_MACD_ZERO_LAG USDCAD,H1: removed
2	10:42:08.709	Custom indicator RSI Divergence Levels USDCAD,H1: removed
2	10:42:08.710	Custom indicator JoeChalhoub_FXForecasterV1 USDCAD,H1: removed
2	10:42:08.723	Custom indicator AIMS Levels V2 NZDUSD,H1: removed
2	10:42:08.724	Custom indicator AIMS Entry Alert V1 NZDUSD,H1: removed
2	10:42:08.725	Custom indicator CandleTimer NZDUSD,H1: removed
2	10:42:08.725	Custom indicator #Signal_Bars_v6 NZDUSD,H1: removed
2	10:42:08.725	Custom indicator TrendEnvelopes_v1 NZDUSD,H1: removed
2	10:42:08.727	Custom indicator guppy_multiple_moving_averages NZDUSD,H1: removed
2	10:42:08.728	Custom indicator wedges NZDUSD,H1: removed
2	10:42:08.729	Custom indicator Admiral Pivot NZDUSD,H1: removed
2	10:42:08.731	Custom indicator AutoTrendChannel NZDUSD,H1: removed
2	10:42:08.731	Custom indicator AIMS AO V.2.1 NZDUSD,H1: removed
2	10:42:08.732	Custom indicator IVT_MACD_ZERO_LAG NZDUSD,H1: removed
2	10:42:08.734	Custom indicator RSI Divergence Levels NZDUSD,H1: removed
2	10:42:08.735	Custom indicator JoeChalhoub_FXForecasterV1 NZDUSD,H1: removed
2	10:42:08.748	Custom indicator AIMS Levels V2 EURJPY,H1: removed
2	10:42:08.748	Custom indicator AIMS Entry Alert V1 EURJPY,H1: removed
2	10:42:08.750	Custom indicator CandleTimer EURJPY,H1: removed
2	10:42:08.750	Custom indicator #Signal_Bars_v6 EURJPY,H1: removed
2	10:42:08.751	Custom indicator TrendEnvelopes_v1 EURJPY,H1: removed
2	10:42:08.752	Custom indicator guppy_multiple_moving_averages EURJPY,H1: removed
2	10:42:08.754	Custom indicator wedges EURJPY,H1: removed
2	10:42:08.755	Custom indicator Admiral Pivot EURJPY,H1: removed
2	10:42:08.756	Custom indicator AutoTrendChannel EURJPY,H1: removed
2	10:42:08.757	Custom indicator AIMS AO V.2.1 EURJPY,H1: removed
2	10:42:08.758	Custom indicator IVT_MACD_ZERO_LAG EURJPY,H1: removed
2	10:42:08.759	Custom indicator RSI Divergence Levels EURJPY,H1: removed
2	10:42:08.760	Custom indicator JoeChalhoub_FXForecasterV1 EURJPY,H1: removed
2	10:42:08.773	Custom indicator AIMS Levels V2 GBPNZD,H1: removed
2	10:42:08.773	Custom indicator AIMS Entry Alert V1 GBPNZD,H1: removed
2	10:42:08.775	Custom indicator CandleTimer GBPNZD,H1: removed
2	10:42:08.775	Custom indicator #Signal_Bars_v6 GBPNZD,H1: removed
2	10:42:08.776	Custom indicator TrendEnvelopes_v1 GBPNZD,H1: removed
2	10:42:08.777	Custom indicator guppy_multiple_moving_averages GBPNZD,H1: removed
2	10:42:08.779	Custom indicator wedges GBPNZD,H1: removed
2	10:42:08.781	Custom indicator Admiral Pivot GBPNZD,H1: removed
2	10:42:08.782	Custom indicator AutoTrendChannel GBPNZD,H1: removed
2	10:42:08.782	Custom indicator AIMS AO V.2.1 GBPNZD,H1: removed
2	10:42:08.783	Custom indicator IVT_MACD_ZERO_LAG GBPNZD,H1: removed
2	10:42:08.785	Custom indicator RSI Divergence Levels GBPNZD,H1: removed
2	10:42:08.786	Custom indicator JoeChalhoub_FXForecasterV1 GBPNZD,H1: removed
2	10:42:08.799	Custom indicator AIMS Levels V2 NZDJPY,H1: removed
2	10:42:08.799	Custom indicator AIMS Entry Alert V1 NZDJPY,H1: removed
2	10:42:08.801	Custom indicator CandleTimer NZDJPY,H1: removed
2	10:42:08.801	Custom indicator #Signal_Bars_v6 NZDJPY,H1: removed
2	10:42:08.802	Custom indicator TrendEnvelopes_v1 NZDJPY,H1: removed
2	10:42:08.803	Custom indicator guppy_multiple_moving_averages NZDJPY,H1: removed
2	10:42:08.805	Custom indicator wedges NZDJPY,H1: removed
2	10:42:08.806	Custom indicator Admiral Pivot NZDJPY,H1: removed
2	10:42:08.807	Custom indicator AutoTrendChannel NZDJPY,H1: removed
2	10:42:08.807	Custom indicator AIMS AO V.2.1 NZDJPY,H1: removed
2	10:42:08.809	Custom indicator IVT_MACD_ZERO_LAG NZDJPY,H1: removed
2	10:42:08.810	Custom indicator RSI Divergence Levels NZDJPY,H1: removed
2	10:42:08.811	Custom indicator JoeChalhoub_FXForecasterV1 NZDJPY,H1: removed
2	10:42:08.824	Custom indicator AIMS Levels V2 EURCAD,H1: removed
2	10:42:08.824	Custom indicator AIMS Entry Alert V1 EURCAD,H1: removed
2	10:42:08.826	Custom indicator CandleTimer EURCAD,H1: removed
2	10:42:08.826	Custom indicator #Signal_Bars_v6 EURCAD,H1: removed
2	10:42:08.827	Custom indicator TrendEnvelopes_v1 EURCAD,H1: removed
2	10:42:08.828	Custom indicator guppy_multiple_moving_averages EURCAD,H1: removed
2	10:42:08.830	Custom indicator wedges EURCAD,H1: removed
2	10:42:08.831	Custom indicator Admiral Pivot EURCAD,H1: removed
2	10:42:08.832	Custom indicator AutoTrendChannel EURCAD,H1: removed
2	10:42:08.832	Custom indicator AIMS AO V.2.1 EURCAD,H1: removed
2	10:42:08.834	Custom indicator IVT_MACD_ZERO_LAG EURCAD,H1: removed
2	10:42:08.835	Custom indicator RSI Divergence Levels EURCAD,H1: removed
2	10:42:08.836	Custom indicator JoeChalhoub_FXForecasterV1 EURCAD,H1: removed
2	10:42:08.850	Custom indicator AIMS Levels V2 GOLD,H1: removed
2	10:42:08.850	Custom indicator AIMS Entry Alert V1 GOLD,H1: removed
2	10:42:08.851	Custom indicator CandleTimer GOLD,H1: removed
2	10:42:08.851	Custom indicator #Signal_Bars_v6 GOLD,H1: removed
2	10:42:08.853	Custom indicator TrendEnvelopes_v1 GOLD,H1: removed
2	10:42:08.854	Custom indicator guppy_multiple_moving_averages GOLD,H1: removed
2	10:42:08.855	Custom indicator wedges GOLD,H1: removed
2	10:42:08.856	Custom indicator Admiral Pivot GOLD,H1: removed
2	10:42:08.858	Custom indicator AutoTrendChannel GOLD,H1: removed
2	10:42:08.858	Custom indicator AIMS AO V.2.1 GOLD,H1: removed
2	10:42:08.859	Custom indicator IVT_MACD_ZERO_LAG GOLD,H1: removed
2	10:42:08.860	Custom indicator RSI Divergence Levels GOLD,H1: removed
2	10:42:08.862	Custom indicator JoeChalhoub_FXForecasterV1 GOLD,H1: removed
2	10:42:08.874	Custom indicator AIMS Levels V2 USDJPY,H1: removed
2	10:42:08.874	Custom indicator AIMS Entry Alert V1 USDJPY,H1: removed
2	10:42:08.875	Custom indicator CandleTimer USDJPY,H1: removed
2	10:42:08.875	Custom indicator #Signal_Bars_v6 USDJPY,H1: removed
2	10:42:08.877	Custom indicator TrendEnvelopes_v1 USDJPY,H1: removed
2	10:42:08.878	Custom indicator guppy_multiple_moving_averages USDJPY,H1: removed
2	10:42:08.879	Custom indicator wedges USDJPY,H1: removed
2	10:42:08.880	Custom indicator Admiral Pivot USDJPY,H1: removed
2	10:42:08.882	Custom indicator AutoTrendChannel USDJPY,H1: removed
2	10:42:08.882	Custom indicator AIMS AO V.2.1 USDJPY,H1: removed
2	10:42:08.883	Custom indicator IVT_MACD_ZERO_LAG USDJPY,H1: removed
2	10:42:08.885	Custom indicator RSI Divergence Levels USDJPY,H1: removed
2	10:42:08.886	Custom indicator JoeChalhoub_FXForecasterV1 USDJPY,H1: removed
2	10:42:08.893	Custom indicator AIMS Levels V2 GBPJPY,M1: removed
2	10:42:08.894	Custom indicator AIMS Entry Alert V1 GBPJPY,M1: removed
2	10:42:08.895	Custom indicator CandleTimer GBPJPY,M1: removed
2	10:42:08.896	Custom indicator #Signal_Bars_v6 GBPJPY,M1: removed
2	10:42:08.897	Custom indicator TrendEnvelopes_v1 GBPJPY,M1: removed
2	10:42:08.898	Custom indicator guppy_multiple_moving_averages GBPJPY,M1: removed
2	10:42:08.900	Custom indicator wedges GBPJPY,M1: removed
2	10:42:08.902	Custom indicator Admiral Pivot GBPJPY,M1: removed
2	10:42:08.903	Custom indicator AutoTrendChannel GBPJPY,M1: removed
2	10:42:08.903	Custom indicator AIMS AO V.2.1 GBPJPY,M1: removed
2	10:42:08.905	Custom indicator IVT_MACD_ZERO_LAG GBPJPY,M1: removed
2	10:42:08.906	Custom indicator RSI Divergence Levels GBPJPY,M1: removed
2	10:42:08.908	Custom indicator JoeChalhoub_FXForecasterV1 GBPJPY,M1: removed
2	10:42:09.049	Custom indicator AIMS Levels V2 [DAX30],M5: loaded successfully
2	10:42:09.108	Custom indicator AIMS Entry Alert V1 [DAX30],M5: loaded successfully
2	10:42:09.115	Custom indicator CandleTimer [DAX30],M5: loaded successfully
2	10:42:09.175	Custom indicator #Signal_Bars_v6 [DAX30],M5: loaded successfully
2	10:42:09.182	Custom indicator TrendEnvelopes_v1 [DAX30],M5: loaded successfully
2	10:42:09.188	Custom indicator guppy_multiple_moving_averages [DAX30],M5: loaded successfully
2	10:42:09.195	Custom indicator wedges [DAX30],M5: loaded successfully
2	10:42:09.202	Custom indicator Admiral Pivot [DAX30],M5: loaded successfully
2	10:42:09.208	Custom indicator AutoTrendChannel [DAX30],M5: loaded successfully
2	10:42:09.269	Custom indicator AIMS AO V.2.1 [DAX30],M5: loaded successfully
2	10:42:09.276	Custom indicator IVT_MACD_ZERO_LAG [DAX30],M5: loaded successfully
2	10:42:09.283	Custom indicator RSI Divergence Levels [DAX30],M5: loaded successfully
2	10:42:09.292	Custom indicator JoeChalhoub_FXForecasterV1 [DAX30],M5: loaded successfully
2	10:42:09.870	Custom indicator AIMS Levels V2 [DJI30],M15: loaded successfully
2	10:42:09.934	Custom indicator AIMS Entry Alert V1 [DJI30],M15: loaded successfully
2	10:42:09.940	Custom indicator CandleTimer [DJI30],M15: loaded successfully
2	10:42:10.003	Custom indicator #Signal_Bars_v6 [DJI30],M15: loaded successfully
2	10:42:10.011	Custom indicator TrendEnvelopes_v1 [DJI30],M15: loaded successfully
2	10:42:10.018	Custom indicator guppy_multiple_moving_averages [DJI30],M15: loaded successfully
2	10:42:10.026	Custom indicator wedges [DJI30],M15: loaded successfully
2	10:42:10.087	Custom indicator AIMS AO V.2.1 [DJI30],M15: loaded successfully
2	10:42:10.094	Custom indicator IVT_MACD_ZERO_LAG [DJI30],M15: loaded successfully
2	10:42:10.101	Custom indicator RSI Divergence Levels [DJI30],M15: loaded successfully
2	10:42:10.109	Custom indicator JoeChalhoub_FXForecasterV1 [DJI30],M15: loaded successfully
2	10:42:10.449	Custom indicator AIMS Levels V2 [DJI30],H1: loaded successfully
2	10:42:10.512	Custom indicator AIMS Entry Alert V1 [DJI30],H1: loaded successfully
2	10:42:10.518	Custom indicator CandleTimer [DJI30],H1: loaded successfully
2	10:42:10.580	Custom indicator #Signal_Bars_v6 [DJI30],H1: loaded successfully
2	10:42:10.587	Custom indicator TrendEnvelopes_v1 [DJI30],H1: loaded successfully
2	10:42:10.593	Custom indicator guppy_multiple_moving_averages [DJI30],H1: loaded successfully
2	10:42:10.599	Custom indicator wedges [DJI30],H1: loaded successfully
2	10:42:10.607	Custom indicator Admiral Pivot [DJI30],H1: loaded successfully
2	10:42:10.613	Custom indicator AutoTrendChannel [DJI30],H1: loaded successfully
2	10:42:10.674	Custom indicator AIMS AO V.2.1 [DJI30],H1: loaded successfully
2	10:42:10.681	Custom indicator IVT_MACD_ZERO_LAG [DJI30],H1: loaded successfully
2	10:42:10.687	Custom indicator RSI Divergence Levels [DJI30],H1: loaded successfully
2	10:42:10.695	Custom indicator JoeChalhoub_FXForecasterV1 [DJI30],H1: loaded successfully
2	10:42:10.951	Custom indicator AIMS Levels V2 [DAX30],H4: loaded successfully
2	10:42:11.011	Custom indicator AIMS Entry Alert V1 [DAX30],H4: loaded successfully
2	10:42:11.017	Custom indicator CandleTimer [DAX30],H4: loaded successfully
2	10:42:11.077	Custom indicator #Signal_Bars_v6 [DAX30],H4: loaded successfully
2	10:42:11.083	Custom indicator TrendEnvelopes_v1 [DAX30],H4: loaded successfully
2	10:42:11.089	Custom indicator guppy_multiple_moving_averages [DAX30],H4: loaded successfully
2	10:42:11.096	Custom indicator wedges [DAX30],H4: loaded successfully
2	10:42:11.156	Custom indicator AIMS AO V.2.1 [DAX30],H4: loaded successfully
2	10:42:11.162	Custom indicator IVT_MACD_ZERO_LAG [DAX30],H4: loaded successfully
2	10:42:11.170	Custom indicator RSI Divergence Levels [DAX30],H4: loaded successfully
2	10:42:11.177	Custom indicator JoeChalhoub_FXForecasterV1 [DAX30],H4: loaded successfully
2	10:42:11.398	Custom indicator AIMS Levels V2 USDJPY,H1: loaded successfully
2	10:42:11.460	Custom indicator AIMS Entry Alert V1 USDJPY,H1: loaded successfully
2	10:42:11.466	Custom indicator CandleTimer USDJPY,H1: loaded successfully
2	10:42:11.528	Custom indicator #Signal_Bars_v6 USDJPY,H1: loaded successfully
2	10:42:11.535	Custom indicator TrendEnvelopes_v1 USDJPY,H1: loaded successfully
2	10:42:11.542	Custom indicator guppy_multiple_moving_averages USDJPY,H1: loaded successfully
2	10:42:11.549	Custom indicator wedges USDJPY,H1: loaded successfully
2	10:42:11.611	Custom indicator AIMS AO V.2.1 USDJPY,H1: loaded successfully
2	10:42:11.618	Custom indicator IVT_MACD_ZERO_LAG USDJPY,H1: loaded successfully
2	10:42:11.626	Custom indicator RSI Divergence Levels USDJPY,H1: loaded successfully
2	10:42:11.634	Custom indicator JoeChalhoub_FXForecasterV1 USDJPY,H1: loaded successfully
2	10:42:11.831	Custom indicator Arrow Trend Surfer GBPJPY,Daily: loaded successfully
2	10:42:11.841	Custom indicator FlexNewsIndicator GBPJPY,Daily: loaded successfully
2	10:42:11.951	Custom indicator AIMS Levels V2 GOLD,M5: loaded successfully
2	10:42:12.015	Custom indicator AIMS Entry Alert V1 GOLD,M5: loaded successfully
2	10:42:12.021	Custom indicator CandleTimer GOLD,M5: loaded successfully
2	10:42:12.082	Custom indicator #Signal_Bars_v6 GOLD,M5: loaded successfully
2	10:42:12.089	Custom indicator TrendEnvelopes_v1 GOLD,M5: loaded successfully
2	10:42:12.095	Custom indicator guppy_multiple_moving_averages GOLD,M5: loaded successfully
2	10:42:12.102	Custom indicator wedges GOLD,M5: loaded successfully
2	10:42:12.109	Custom indicator Admiral Pivot GOLD,M5: loaded successfully
2	10:42:12.116	Custom indicator AutoTrendChannel GOLD,M5: loaded successfully
2	10:42:12.179	Custom indicator AIMS AO V.2.1 GOLD,M5: loaded successfully
2	10:42:12.186	Custom indicator IVT_MACD_ZERO_LAG GOLD,M5: loaded successfully
2	10:42:12.193	Custom indicator RSI Divergence Levels GOLD,M5: loaded successfully
2	10:42:12.200	Custom indicator JoeChalhoub_FXForecasterV1 GOLD,M5: loaded successfully
2	10:42:12.759	Custom indicator AIMS Levels V2 [NQ100],M5: loaded successfully
2	10:42:12.819	Custom indicator AIMS Entry Alert V1 [NQ100],M5: loaded successfully
2	10:42:12.825	Custom indicator CandleTimer [NQ100],M5: loaded successfully
2	10:42:12.886	Custom indicator #Signal_Bars_v6 [NQ100],M5: loaded successfully
2	10:42:12.893	Custom indicator TrendEnvelopes_v1 [NQ100],M5: loaded successfully
2	10:42:12.899	Custom indicator guppy_multiple_moving_averages [NQ100],M5: loaded successfully
2	10:42:12.906	Custom indicator wedges [NQ100],M5: loaded successfully
2	10:42:12.912	Custom indicator Admiral Pivot [NQ100],M5: loaded successfully
2	10:42:12.919	Custom indicator AutoTrendChannel [NQ100],M5: loaded successfully
2	10:42:12.976	Custom indicator AIMS AO V.2.1 [NQ100],M5: loaded successfully
2	10:42:12.983	Custom indicator IVT_MACD_ZERO_LAG [NQ100],M5: loaded successfully
2	10:42:12.991	Custom indicator RSI Divergence Levels [NQ100],M5: loaded successfully
2	10:42:12.999	Custom indicator JoeChalhoub_FXForecasterV1 [NQ100],M5: loaded successfully
2	10:42:13.571	Custom indicator AIMS Levels V2 USDCHF,M5: loaded successfully
2	10:42:13.633	Custom indicator AIMS Entry Alert V1 USDCHF,M5: loaded successfully
2	10:42:13.639	Custom indicator CandleTimer USDCHF,M5: loaded successfully
2	10:42:13.701	Custom indicator #Signal_Bars_v6 USDCHF,M5: loaded successfully
2	10:42:13.707	Custom indicator TrendEnvelopes_v1 USDCHF,M5: loaded successfully
2	10:42:13.713	Custom indicator guppy_multiple_moving_averages USDCHF,M5: loaded successfully
2	10:42:13.720	Custom indicator wedges USDCHF,M5: loaded successfully
2	10:42:13.727	Custom indicator Admiral Pivot USDCHF,M5: loaded successfully
2	10:42:13.733	Custom indicator AutoTrendChannel USDCHF,M5: loaded successfully
2	10:42:13.793	Custom indicator AIMS AO V.2.1 USDCHF,M5: loaded successfully
2	10:42:13.800	Custom indicator IVT_MACD_ZERO_LAG USDCHF,M5: loaded successfully
2	10:42:13.808	Custom indicator RSI Divergence Levels USDCHF,M5: loaded successfully
2	10:42:13.815	Custom indicator JoeChalhoub_FXForecasterV1 USDCHF,M5: loaded successfully
2	10:42:14.444	Custom indicator AIMS Levels V2 GBPUSD,H1: loaded successfully
2	10:42:14.518	Custom indicator AIMS Entry Alert V1 GBPUSD,H1: loaded successfully
2	10:42:14.524	Custom indicator CandleTimer GBPUSD,H1: loaded successfully
2	10:42:14.586	Custom indicator #Signal_Bars_v6 GBPUSD,H1: loaded successfully
2	10:42:14.592	Custom indicator TrendEnvelopes_v1 GBPUSD,H1: loaded successfully
2	10:42:14.599	Custom indicator guppy_multiple_moving_averages GBPUSD,H1: loaded successfully
2	10:42:14.606	Custom indicator wedges GBPUSD,H1: loaded successfully
2	10:42:14.614	Custom indicator Admiral Pivot GBPUSD,H1: loaded successfully
2	10:42:14.621	Custom indicator AutoTrendChannel GBPUSD,H1: loaded successfully
2	10:42:14.681	Custom indicator AIMS AO V.2.1 GBPUSD,H1: loaded successfully
2	10:42:14.688	Custom indicator IVT_MACD_ZERO_LAG GBPUSD,H1: loaded successfully
2	10:42:14.695	Custom indicator RSI Divergence Levels GBPUSD,H1: loaded successfully
2	10:42:14.704	Custom indicator JoeChalhoub_FXForecasterV1 GBPUSD,H1: loaded successfully
2	10:42:14.983	Custom indicator AIMS Levels V2 EURUSD,H1: loaded successfully
2	10:42:15.048	Custom indicator AIMS Entry Alert V1 EURUSD,H1: loaded successfully
2	10:42:15.054	Custom indicator CandleTimer EURUSD,H1: loaded successfully
2	10:42:15.115	Custom indicator #Signal_Bars_v6 EURUSD,H1: loaded successfully
2	10:42:15.122	Custom indicator TrendEnvelopes_v1 EURUSD,H1: loaded successfully
2	10:42:15.129	Custom indicator guppy_multiple_moving_averages EURUSD,H1: loaded successfully
2	10:42:15.136	Custom indicator wedges EURUSD,H1: loaded successfully
2	10:42:15.142	Custom indicator Admiral Pivot EURUSD,H1: loaded successfully
2	10:42:15.149	Custom indicator AutoTrendChannel EURUSD,H1: loaded successfully
2	10:42:15.209	Custom indicator AIMS AO V.2.1 EURUSD,H1: loaded successfully
2	10:42:15.217	Custom indicator IVT_MACD_ZERO_LAG EURUSD,H1: loaded successfully
2	10:42:15.224	Custom indicator RSI Divergence Levels EURUSD,H1: loaded successfully
2	10:42:15.231	Custom indicator JoeChalhoub_FXForecasterV1 EURUSD,H1: loaded successfully
2	10:42:15.385	Expert Admiral - Mini Terminal EURUSD,H1: loaded successfully
2	10:42:15.670	Custom indicator AIMS Levels V2 GBPUSD,H1: loaded successfully
2	10:42:15.734	Custom indicator AIMS Entry Alert V1 GBPUSD,H1: loaded successfully
2	10:42:15.740	Custom indicator CandleTimer GBPUSD,H1: loaded successfully
2	10:42:15.803	Custom indicator #Signal_Bars_v6 GBPUSD,H1: loaded successfully
2	10:42:15.810	Custom indicator TrendEnvelopes_v1 GBPUSD,H1: loaded successfully
2	10:42:15.816	Custom indicator guppy_multiple_moving_averages GBPUSD,H1: loaded successfully
2	10:42:15.823	Custom indicator wedges GBPUSD,H1: loaded successfully
2	10:42:15.831	Custom indicator Admiral Pivot GBPUSD,H1: loaded successfully
2	10:42:15.836	Custom indicator AutoTrendChannel GBPUSD,H1: loaded successfully
2	10:42:15.896	Custom indicator AIMS AO V.2.1 GBPUSD,H1: loaded successfully
2	10:42:15.903	Custom indicator IVT_MACD_ZERO_LAG GBPUSD,H1: loaded successfully
2	10:42:15.910	Custom indicator RSI Divergence Levels GBPUSD,H1: loaded successfully
2	10:42:15.918	Custom indicator JoeChalhoub_FXForecasterV1 GBPUSD,H1: loaded successfully
2	10:42:16.189	Custom indicator AIMS Levels V2 EURJPY,H1: loaded successfully
2	10:42:16.250	Custom indicator AIMS Entry Alert V1 EURJPY,H1: loaded successfully
2	10:42:16.256	Custom indicator CandleTimer EURJPY,H1: loaded successfully
2	10:42:16.316	Custom indicator #Signal_Bars_v6 EURJPY,H1: loaded successfully
2	10:42:16.323	Custom indicator TrendEnvelopes_v1 EURJPY,H1: loaded successfully
2	10:42:16.329	Custom indicator guppy_multiple_moving_averages EURJPY,H1: loaded successfully
2	10:42:16.336	Custom indicator wedges EURJPY,H1: loaded successfully
2	10:42:16.343	Custom indicator Admiral Pivot EURJPY,H1: loaded successfully
2	10:42:16.349	Custom indicator AutoTrendChannel EURJPY,H1: loaded successfully
2	10:42:16.410	Custom indicator AIMS AO V.2.1 EURJPY,H1: loaded successfully
2	10:42:16.417	Custom indicator IVT_MACD_ZERO_LAG EURJPY,H1: loaded successfully
2	10:42:16.424	Custom indicator RSI Divergence Levels EURJPY,H1: loaded successfully
2	10:42:16.432	Custom indicator JoeChalhoub_FXForecasterV1 EURJPY,H1: loaded successfully
2	10:42:16.705	Custom indicator AIMS Levels V2 CADJPY,H1: loaded successfully
2	10:42:16.765	Custom indicator AIMS Entry Alert V1 CADJPY,H1: loaded successfully
2	10:42:16.771	Custom indicator CandleTimer CADJPY,H1: loaded successfully
2	10:42:16.830	Custom indicator #Signal_Bars_v6 CADJPY,H1: loaded successfully
2	10:42:16.837	Custom indicator TrendEnvelopes_v1 CADJPY,H1: loaded successfully
2	10:42:16.843	Custom indicator guppy_multiple_moving_averages CADJPY,H1: loaded successfully
2	10:42:16.849	Custom indicator wedges CADJPY,H1: loaded successfully
2	10:42:16.856	Custom indicator Admiral Pivot CADJPY,H1: loaded successfully
2	10:42:16.862	Custom indicator AutoTrendChannel CADJPY,H1: loaded successfully
2	10:42:16.922	Custom indicator AIMS AO V.2.1 CADJPY,H1: loaded successfully
2	10:42:16.928	Custom indicator IVT_MACD_ZERO_LAG CADJPY,H1: loaded successfully
2	10:42:16.935	Custom indicator RSI Divergence Levels CADJPY,H1: loaded successfully
2	10:42:16.943	Custom indicator JoeChalhoub_FXForecasterV1 CADJPY,H1: loaded successfully
2	10:42:17.224	Custom indicator AIMS Levels V2 USDCAD,M15: loaded successfully
2	10:42:17.287	Custom indicator AIMS Entry Alert V1 USDCAD,M15: loaded successfully
2	10:42:17.292	Custom indicator CandleTimer USDCAD,M15: loaded successfully
2	10:42:17.354	Custom indicator #Signal_Bars_v6 USDCAD,M15: loaded successfully
2	10:42:17.361	Custom indicator TrendEnvelopes_v1 USDCAD,M15: loaded successfully
2	10:42:17.368	Custom indicator guppy_multiple_moving_averages USDCAD,M15: loaded successfully
2	10:42:17.378	Custom indicator wedges USDCAD,M15: loaded successfully
2	10:42:17.385	Custom indicator Admiral Pivot USDCAD,M15: loaded successfully
2	10:42:17.392	Custom indicator AutoTrendChannel USDCAD,M15: loaded successfully
2	10:42:17.454	Custom indicator AIMS AO V.2.1 USDCAD,M15: loaded successfully
2	10:42:17.461	Custom indicator IVT_MACD_ZERO_LAG USDCAD,M15: loaded successfully
2	10:42:17.469	Custom indicator RSI Divergence Levels USDCAD,M15: loaded successfully
2	10:42:17.477	Custom indicator JoeChalhoub_FXForecasterV1 USDCAD,M15: loaded successfully
2	10:42:17.823	Custom indicator AIMS Levels V2 EURCAD,H1: loaded successfully
2	10:42:17.892	Custom indicator AIMS Entry Alert V1 EURCAD,H1: loaded successfully
2	10:42:17.898	Custom indicator CandleTimer EURCAD,H1: loaded successfully
2	10:42:17.966	Custom indicator #Signal_Bars_v6 EURCAD,H1: loaded successfully
2	10:42:17.974	Custom indicator TrendEnvelopes_v1 EURCAD,H1: loaded successfully
2	10:42:17.981	Custom indicator guppy_multiple_moving_averages EURCAD,H1: loaded successfully
2	10:42:17.989	Custom indicator wedges EURCAD,H1: loaded successfully
2	10:42:17.997	Custom indicator Admiral Pivot EURCAD,H1: loaded successfully
2	10:42:18.005	Custom indicator AutoTrendChannel EURCAD,H1: loaded successfully
2	10:42:18.074	Custom indicator AIMS AO V.2.1 EURCAD,H1: loaded successfully
2	10:42:18.081	Custom indicator IVT_MACD_ZERO_LAG EURCAD,H1: loaded successfully
2	10:42:18.089	Custom indicator RSI Divergence Levels EURCAD,H1: loaded successfully
2	10:42:18.098	Custom indicator JoeChalhoub_FXForecasterV1 EURCAD,H1: loaded successfully
2	10:42:18.406	Custom indicator AIMS Levels V2 AUDUSD,H1: loaded successfully
2	10:42:18.479	Custom indicator AIMS Entry Alert V1 AUDUSD,H1: loaded successfully
2	10:42:18.486	Custom indicator CandleTimer AUDUSD,H1: loaded successfully
2	10:42:18.559	Custom indicator #Signal_Bars_v6 AUDUSD,H1: loaded successfully
2	10:42:18.568	Custom indicator TrendEnvelopes_v1 AUDUSD,H1: loaded successfully
2	10:42:18.575	Custom indicator guppy_multiple_moving_averages AUDUSD,H1: loaded successfully
2	10:42:18.584	Custom indicator wedges AUDUSD,H1: loaded successfully
2	10:42:18.592	Custom indicator Admiral Pivot AUDUSD,H1: loaded successfully
2	10:42:18.599	Custom indicator AutoTrendChannel AUDUSD,H1: loaded successfully
2	10:42:18.673	Custom indicator AIMS AO V.2.1 AUDUSD,H1: loaded successfully
2	10:42:18.681	Custom indicator IVT_MACD_ZERO_LAG AUDUSD,H1: loaded successfully
2	10:42:18.690	Custom indicator RSI Divergence Levels AUDUSD,H1: loaded successfully
2	10:42:18.699	Custom indicator JoeChalhoub_FXForecasterV1 AUDUSD,H1: loaded successfully
2	10:42:19.024	Custom indicator AIMS Levels V2 NZDUSD,H1: loaded successfully
2	10:42:19.098	Custom indicator AIMS Entry Alert V1 NZDUSD,H1: loaded successfully
2	10:42:19.105	Custom indicator CandleTimer NZDUSD,H1: loaded successfully
2	10:42:19.177	Custom indicator #Signal_Bars_v6 NZDUSD,H1: loaded successfully
2	10:42:19.185	Custom indicator TrendEnvelopes_v1 NZDUSD,H1: loaded successfully
2	10:42:19.193	Custom indicator guppy_multiple_moving_averages NZDUSD,H1: loaded successfully
2	10:42:19.201	Custom indicator wedges NZDUSD,H1: loaded successfully
2	10:42:19.209	Custom indicator Admiral Pivot NZDUSD,H1: loaded successfully
2	10:42:19.216	Custom indicator AutoTrendChannel NZDUSD,H1: loaded successfully
2	10:42:19.287	Custom indicator AIMS AO V.2.1 NZDUSD,H1: loaded successfully
2	10:42:19.295	Custom indicator IVT_MACD_ZERO_LAG NZDUSD,H1: loaded successfully
2	10:42:19.303	Custom indicator RSI Divergence Levels NZDUSD,H1: loaded successfully
2	10:42:19.312	Custom indicator JoeChalhoub_FXForecasterV1 NZDUSD,H1: loaded successfully
0	10:42:56.318	'27131809': modify order #72511876 sell 0.20 [NQ100] at 11607.47 sl: 11607.40 tp: 0.00 -> sl: 11607.69 tp: 0.00
0	10:42:56.608	'27131809': order #72511876 sell 0.20 [NQ100] at 11607.47 was modified -> sl: 11607.69 tp: 0.00
0	10:42:57.507	Notifications: 'order #72511876 sell 0.20 [NQ100] at 11607.47 modified: sl: 11607.40 tp: 0.00 -> sl: 11607.69 tp: 0.00' sent to 'A37163A9'
0	10:43:03.104	'27131809': modify order #72511876 sell 0.20 [NQ100] at 11607.47 sl: 11607.69 tp: 0.00 -> sl: 11605.88 tp: 0.00
0	10:43:03.400	'27131809': order #72511876 sell 0.20 [NQ100] at 11607.47 was modified -> sl: 11605.88 tp: 0.00
0	10:43:04.486	Notifications: 'order #72511876 sell 0.20 [NQ100] at 11607.47 modified: sl: 11607.69 tp: 0.00 -> sl: 11605.88 tp: 0.00' sent to 'A37163A9'
1	11:28:55.212	'27131809': ping failed
1	11:28:55.551	'27131809': datacenter connecting failed [6]
1	11:29:21.090	'27131809': connect failed [Erreur standard]
0	11:29:34.917	'27131809': login on AdmiralMarkets-Live through Access Point #8 (ping: 599.83 ms)
0	11:29:48.519	'27131809': login datacenter on AdmiralMarkets-Live through Access Point #8 (ping: 599.83 ms)
0	11:29:49.655	'27131809': previous successful authorization performed from 197.149.29.97
0	11:30:09.311	'27131809': auto connecting to a better access point Access Point #6 (ping is 217.78 ms)
0	11:30:09.992	'27131809': login on AdmiralMarkets-Live through Access Point #6 (ping: 217.78 ms)
0	11:30:12.923	'27131809': login datacenter on AdmiralMarkets-Live through Access Point #6 (ping: 217.78 ms)
0	11:30:13.493	'27131809': previous successful authorization performed from 197.149.29.97
0	11:49:59.747	Notifications: 'Classical RSI bearish divergence on:  GOLD' sent to 'A37163A9'
0	12:00:00.293	Notifications: 'Classical RSI bullish divergence on:  EURCAD' sent to 'A37163A9'
1	12:05:35.379	Notifications: failed send request [0] receive response failed [12002]
1	12:05:35.379	Notifications: 'Classical RSI bullish divergence on:  USDCHF' not sent to 'A37163A9'
0	12:13:17.713	'27131809': login on AdmiralMarkets-Live through Access Point #6 (ping: 217.78 ms)
0	12:13:20.568	'27131809': login datacenter on AdmiralMarkets-Live through Access Point #6 (ping: 217.78 ms)
0	12:13:21.123	'27131809': previous successful authorization performed from 197.149.29.97
1	12:18:59.117	'27131809': connect failed [Connection choue]
0	12:19:04.890	'27131809': login on AdmiralMarkets-Live through Access Point #5 (ping: 209.57 ms)
0	12:19:06.703	'27131809': login datacenter on AdmiralMarkets-Live through Access Point #5 (ping: 209.57 ms)
0	12:19:07.748	'27131809': previous successful authorization performed from 197.149.29.97
1	12:24:59.399	'27131809': connect failed [Connection choue]
0	12:25:21.948	'27131809': login on AdmiralMarkets-Live through Access Point #1 (ping: 275.83 ms)
0	12:25:25.325	'27131809': login datacenter on AdmiralMarkets-Live through Access Point #1 (ping: 275.83 ms)
0	12:25:25.937	'27131809': previous successful authorization performed from 197.149.29.97
1	12:28:45.728	'27131809': ping failed
1	12:28:45.730	'27131809': datacenter connecting failed [6]
0	12:28:47.277	'27131809': login on AdmiralMarkets-Live through Access Point #8 (ping: 564.47 ms)
0	12:28:51.667	'27131809': login datacenter on AdmiralMarkets-Live through Access Point #8 (ping: 564.47 ms)
0	12:28:52.842	'27131809': previous successful authorization performed from 197.149.29.97
0	12:52:30.862	'27131809': login on AdmiralMarkets-Live through Access Point #8 (ping: 564.47 ms)
0	12:52:35.365	'27131809': login datacenter on AdmiralMarkets-Live through Access Point #8 (ping: 564.47 ms)
0	12:52:36.533	'27131809': previous successful authorization performed from 197.149.29.97
0	12:52:58.203	'27131809': auto connecting to a better access point Access Point #6 (ping is 216.91 ms)
0	12:52:59.566	'27131809': login on AdmiralMarkets-Live through Access Point #6 (ping: 216.91 ms)
0	12:53:01.497	'27131809': login datacenter on AdmiralMarkets-Live through Access Point #6 (ping: 216.91 ms)
0	12:53:02.105	'27131809': previous successful authorization performed from 197.149.29.97
0	12:59:59.836	Notifications: 'Classical RSI bullish divergence on:  USDCHF' sent to 'A37163A9'
0	13:00:01.351	Notifications: 'Classical RSI bearish divergence on:  CADJPY' sent to 'A37163A9'
0	13:00:02.956	Notifications: 'Classical RSI bearish divergence on:  AUDUSD' sent to 'A37163A9'
0	13:00:03.991	Notifications: 'Classical RSI bearish divergence on:  NZDUSD' sent to 'A37163A9'
1	13:37:23.806	'27131809': ping failed
1	13:37:23.808	'27131809': datacenter connecting failed [6]
0	13:37:24.573	'27131809': login on AdmiralMarkets-Live through Access Point #4 (ping: 206.58 ms)
0	13:37:26.584	'27131809': login datacenter on AdmiralMarkets-Live through Access Point #4 (ping: 206.58 ms)
0	13:37:27.130	'27131809': previous successful authorization performed from 154.126.11.166
0	14:00:00.046	Notifications: 'Classical RSI bullish divergence on:  USDCHF' sent to 'A37163A9'
0	14:33:01.518	'27131809': order #72511876 sell 0.20 [NQ100] at 11607.47 closed due stop-loss at price 11605.93
0	14:33:02.407	Notifications: 'order #72511876 sell 0.20 [NQ100] at 11607.47 closed due stop-loss at price 11605.93, profit: 0.31 USD' sent to 'A37163A9'
1	15:38:32.494	'27131809': ping failed
1	15:38:32.495	'27131809': datacenter connecting failed [6]
0	15:38:34.428	'27131809': login on AdmiralMarkets-Live through Access Point #5 (ping: 208.28 ms)
0	15:38:40.220	'27131809': login datacenter on AdmiralMarkets-Live through Access Point #5 (ping: 208.28 ms)
0	15:38:43.136	'27131809': previous successful authorization performed from 154.126.11.166
0	15:39:25.351	'27131809': auto connecting to a better access point Access Point #1 (ping is 238.83 ms)
0	15:39:26.161	'27131809': login on AdmiralMarkets-Live through Access Point #1 (ping: 238.83 ms)
0	15:39:28.558	'27131809': login datacenter on AdmiralMarkets-Live through Access Point #1 (ping: 238.83 ms)
0	15:39:29.606	'27131809': previous successful authorization performed from 197.149.29.97
0	16:05:01.475	Notifications: 'Classical RSI bearish divergence on:  [DAX30]' sent to 'A37163A9'
0	16:20:01.138	Notifications: 'Classical RSI bearish divergence on:  [DAX30]' sent to 'A37163A9'
1	16:23:04.669	'27131809': datacenter connecting failed [6]
0	16:23:05.450	'27131809': login on AdmiralMarkets-Live through Access Point #1 (ping: 238.83 ms)
0	16:24:11.125	'27131809': login on AdmiralMarkets-Live through Access Point #4 (ping: 203.40 ms)
0	16:24:26.575	'27131809': login datacenter on AdmiralMarkets-Live through Access Point #4 (ping: 203.40 ms)
0	16:24:27.085	'27131809': previous successful authorization performed from 197.149.29.97
0	16:39:59.417	Notifications: 'Classical RSI bearish divergence on:  [NQ100]' sent to 'A37163A9'
0	17:00:00.631	Notifications: 'Classical RSI bearish divergence on:  [NQ100]' sent to 'A37163A9'
0	17:09:59.797	Notifications: 'Classical RSI bearish divergence on:  [NQ100]' sent to 'A37163A9'
0	17:54:59.178	Notifications: 'Classical RSI bearish divergence on:  [NQ100]' sent to 'A37163A9'
0	17:55:00.176	Notifications: 'Classical RSI bearish divergence on:  GOLD' sent to 'A37163A9'
0	18:10:00.147	Notifications: 'Classical RSI bearish divergence on:  [NQ100]' sent to 'A37163A9'
0	18:14:59.195	Notifications: 'Classical RSI bullish divergence on:  USDCAD' sent to 'A37163A9'
0	18:39:59.048	Notifications: 'Classical RSI bearish divergence on:  [NQ100]' sent to 'A37163A9'
0	18:54:59.175	Notifications: 'Classical RSI bearish divergence on:  [NQ100]' sent to 'A37163A9'
0	19:12:19.132	'27131809': order #72074706 buy 0.02 USDCHF at 0.92218 closed due stop-loss at price 0.90998
0	19:12:19.994	Notifications: 'order #72074706 buy 0.02 USDCHF at 0.92218 closed due stop-loss at price 0.90998, profit: -26.81 USD' sent to 'A37163A9'
0	19:14:59.863	Notifications: 'Classical RSI bullish divergence on:  USDCAD' sent to 'A37163A9'
0	20:00:00.304	Notifications: 'Classical RSI bullish divergence on:  EURCAD' sent to 'A37163A9'
0	20:00:16.465	Notifications: 'Classical RSI bearish divergence on:  CADJPY' sent to 'A37163A9'
0	20:55:37.643	Notifications: 'Classical RSI bullish divergence on:  USDCHF' sent to 'A37163A9'
0	21:00:10.653	Notifications: 'Classical RSI bearish divergence on:  EURJPY' sent to 'A37163A9'
