1	00:00:55.763	MQL5.community: authorization failed
1	00:05:55.761	MQL5.community: authorization failed
1	00:10:55.760	MQL5.community: authorization failed
1	00:15:55.761	MQL5.community: authorization failed
1	00:20:55.762	MQL5.community: authorization failed
1	00:25:55.763	MQL5.community: authorization failed
1	00:30:55.767	MQL5.community: authorization failed
1	00:35:55.759	MQL5.community: authorization failed
1	00:40:55.764	MQL5.community: authorization failed
1	00:45:55.762	MQL5.community: authorization failed
1	00:50:55.765	MQL5.community: authorization failed
1	00:55:55.766	MQL5.community: authorization failed
1	01:00:55.760	MQL5.community: authorization failed
1	01:05:55.764	MQL5.community: authorization failed
1	01:10:55.762	MQL5.community: authorization failed
1	01:15:55.765	MQL5.community: authorization failed
1	01:20:55.765	MQL5.community: authorization failed
1	01:25:55.763	MQL5.community: authorization failed
1	01:30:55.766	MQL5.community: authorization failed
1	01:35:55.760	MQL5.community: authorization failed
1	01:40:55.764	MQL5.community: authorization failed
1	01:45:55.767	MQL5.community: authorization failed
1	01:50:55.767	MQL5.community: authorization failed
1	01:55:55.760	MQL5.community: authorization failed
1	02:00:55.361	MQL5.community: authorization failed
1	02:05:55.388	MQL5.community: authorization failed
1	02:10:55.777	MQL5.community: authorization failed
1	02:15:55.436	MQL5.community: authorization failed
1	02:20:55.414	MQL5.community: authorization failed
1	02:25:55.435	MQL5.community: authorization failed
1	02:30:55.434	MQL5.community: authorization failed
1	02:35:55.432	MQL5.community: authorization failed
1	02:40:55.434	MQL5.community: authorization failed
1	02:45:55.435	MQL5.community: authorization failed
1	02:50:55.409	MQL5.community: authorization failed
1	02:55:55.415	MQL5.community: authorization failed
1	03:00:55.406	MQL5.community: authorization failed
1	03:05:55.522	MQL5.community: authorization failed
1	03:10:55.508	MQL5.community: authorization failed
1	03:15:55.496	MQL5.community: authorization failed
1	03:20:55.497	MQL5.community: authorization failed
1	03:25:55.494	MQL5.community: authorization failed
1	03:30:55.507	MQL5.community: authorization failed
1	03:35:55.510	MQL5.community: authorization failed
1	03:40:55.497	MQL5.community: authorization failed
1	03:45:56.007	MQL5.community: authorization failed
1	03:50:56.001	MQL5.community: authorization failed
1	03:55:56.014	MQL5.community: authorization failed
1	04:00:56.017	MQL5.community: authorization failed
1	04:05:56.033	MQL5.community: authorization failed
1	04:10:56.031	MQL5.community: authorization failed
1	04:15:55.047	MQL5.community: authorization failed
1	04:20:55.058	MQL5.community: authorization failed
1	04:25:55.072	MQL5.community: authorization failed
1	04:30:55.388	MQL5.community: authorization failed
1	04:35:55.405	MQL5.community: authorization failed
1	04:40:55.386	MQL5.community: authorization failed
1	04:45:55.393	MQL5.community: authorization failed
1	04:50:55.395	MQL5.community: authorization failed
1	04:55:55.410	MQL5.community: authorization failed
1	05:00:55.470	MQL5.community: authorization failed
1	05:05:55.471	MQL5.community: authorization failed
1	05:10:55.472	MQL5.community: authorization failed
1	05:15:55.460	MQL5.community: authorization failed
1	05:20:55.479	MQL5.community: authorization failed
1	05:25:55.515	MQL5.community: authorization failed
1	05:30:55.510	MQL5.community: authorization failed
1	05:35:55.511	MQL5.community: authorization failed
1	05:40:55.558	MQL5.community: authorization failed
1	05:45:55.285	MQL5.community: authorization failed
1	05:50:55.386	MQL5.community: authorization failed
1	05:55:55.544	MQL5.community: authorization failed
1	06:00:55.591	MQL5.community: authorization failed
1	06:05:55.591	MQL5.community: authorization failed
1	06:10:55.589	MQL5.community: authorization failed
1	06:15:55.595	MQL5.community: authorization failed
1	06:20:55.626	MQL5.community: authorization failed
1	06:25:55.620	MQL5.community: authorization failed
1	06:30:55.358	MQL5.community: authorization failed
1	06:35:55.377	MQL5.community: authorization failed
1	06:40:55.374	MQL5.community: authorization failed
1	06:45:55.377	MQL5.community: authorization failed
1	06:50:55.377	MQL5.community: authorization failed
1	06:55:55.386	MQL5.community: authorization failed
1	07:00:55.402	MQL5.community: authorization failed
1	07:05:55.421	MQL5.community: authorization failed
1	07:10:55.512	MQL5.community: authorization failed
1	07:15:55.516	MQL5.community: authorization failed
0	07:20:37.234	Admiral Markets build 1260 stopped
0	07:23:45.309	Admiral Markets build 1260 started (Admiral Markets Group AS)
0	07:23:45.309	Windows 10 Pro x64, IE 11, UAC, 8 x Intel Core i7-10510U  @ 1.80GHz, Memory: 1276 / 8014 Mb, Disk: 39 / 237 Gb, GMT+3
0	07:23:45.309	Data Folder: C:\Users\SRIE\AppData\Roaming\MetaQuotes\Terminal\51337600F56B69473E15EAFB8A7586B4
1	07:23:50.823	'23875089': connect failed [Compte bloqué]
0	07:27:13.118	'23900967': login on AdmiralMarkets-Demo through Access Point #3 (ping: n/a)
0	07:27:34.898	'23900967': login datacenter on AdmiralMarkets-Demo through Access Point #3 (ping: n/a)
0	07:27:41.055	'23900967': auto connecting to a better access point Access Point #4 (ping is 211.59 ms)
0	07:27:41.828	'23900967': login on AdmiralMarkets-Demo through Access Point #4 (ping: 211.59 ms)
0	07:27:43.582	'23900967': login datacenter on AdmiralMarkets-Demo through Access Point #4 (ping: 211.59 ms)
0	07:27:44.284	'23900967': previous successful authorization performed from 154.126.98.94
2	07:27:45.730	Custom indicator AIMS Levels V2 EURUSD,H1: loaded successfully
2	07:27:45.792	Custom indicator AIMS Entry Alert V1 EURUSD,H1: loaded successfully
2	07:27:45.799	Custom indicator CandleTimer EURUSD,H1: loaded successfully
2	07:27:45.861	Custom indicator #Signal_Bars_v6 EURUSD,H1: loaded successfully
2	07:27:45.870	Custom indicator TrendEnvelopes_v1 EURUSD,H1: loaded successfully
2	07:27:45.933	Custom indicator AIMS AO V.2.1 EURUSD,H1: loaded successfully
2	07:27:45.943	Custom indicator IVT_MACD_ZERO_LAG EURUSD,H1: loaded successfully
2	07:27:45.951	Custom indicator RSI Divergence Levels EURUSD,H1: loaded successfully
2	07:27:45.960	Custom indicator JoeChalhoub_FXForecasterV1 EURUSD,H1: loaded successfully
2	07:27:55.694	Custom indicator AIMS Levels V2 EURUSD,H1: removed
2	07:27:55.694	Custom indicator AIMS Entry Alert V1 EURUSD,H1: removed
2	07:27:55.699	Custom indicator CandleTimer EURUSD,H1: removed
2	07:27:55.700	Custom indicator #Signal_Bars_v6 EURUSD,H1: removed
2	07:27:55.702	Custom indicator TrendEnvelopes_v1 EURUSD,H1: removed
2	07:27:55.702	Custom indicator AIMS AO V.2.1 EURUSD,H1: removed
2	07:27:55.704	Custom indicator IVT_MACD_ZERO_LAG EURUSD,H1: removed
2	07:27:55.706	Custom indicator RSI Divergence Levels EURUSD,H1: removed
2	07:27:55.708	Custom indicator JoeChalhoub_FXForecasterV1 EURUSD,H1: removed
0	07:27:56.057	Admiral Markets build 1260 stopped
0	22:42:39.054	Admiral Markets build 1260 started (Admiral Markets Group AS)
0	22:42:39.054	Windows 10 Pro x64, IE 11, UAC, 8 x Intel Core i7-10510U  @ 1.80GHz, Memory: 2957 / 8014 Mb, Disk: 38 / 237 Gb, GMT+3
0	22:42:39.054	Data Folder: C:\Users\SRIE\AppData\Roaming\MetaQuotes\Terminal\51337600F56B69473E15EAFB8A7586B4
2	22:42:41.834	Custom indicator AIMS Levels V2 EURUSD,H1: loaded successfully
2	22:42:41.897	Custom indicator AIMS Entry Alert V1 EURUSD,H1: loaded successfully
2	22:42:41.912	Custom indicator CandleTimer EURUSD,H1: loaded successfully
2	22:42:41.975	Custom indicator #Signal_Bars_v6 EURUSD,H1: loaded successfully
2	22:42:41.991	Custom indicator TrendEnvelopes_v1 EURUSD,H1: loaded successfully
2	22:42:42.053	Custom indicator AIMS AO V.2.1 EURUSD,H1: loaded successfully
2	22:42:42.053	Custom indicator IVT_MACD_ZERO_LAG EURUSD,H1: loaded successfully
2	22:42:42.069	Custom indicator RSI Divergence Levels EURUSD,H1: loaded successfully
2	22:42:42.069	Custom indicator JoeChalhoub_FXForecasterV1 EURUSD,H1: loaded successfully
0	22:42:43.818	'23900967': login on AdmiralMarkets-Demo through Access Point #4 (ping: 211.59 ms)
0	22:42:45.880	'23900967': login datacenter on AdmiralMarkets-Demo through Access Point #4 (ping: 211.59 ms)
0	22:42:47.245	'23900967': previous successful authorization performed from 154.126.98.94
0	22:42:59.371	'23900967': ping to current access point Access Point #4 is 224.62 ms
2	22:43:28.227	Custom indicator AIMS Levels V2 BTCUSD,H1: loaded successfully
2	22:43:28.305	Custom indicator AIMS Entry Alert V1 BTCUSD,H1: loaded successfully
2	22:43:28.305	Custom indicator CandleTimer BTCUSD,H1: loaded successfully
2	22:43:28.368	Custom indicator #Signal_Bars_v6 BTCUSD,H1: loaded successfully
2	22:43:28.383	Custom indicator TrendEnvelopes_v1 BTCUSD,H1: loaded successfully
2	22:43:28.446	Custom indicator AIMS AO V.2.1 BTCUSD,H1: loaded successfully
2	22:43:28.446	Custom indicator IVT_MACD_ZERO_LAG BTCUSD,H1: loaded successfully
2	22:43:28.462	Custom indicator RSI Divergence Levels BTCUSD,H1: loaded successfully
2	22:43:28.477	Custom indicator JoeChalhoub_FXForecasterV1 BTCUSD,H1: loaded successfully
0	22:45:46.542	'23900967': one click trading has been enabled
0	22:45:50.979	'23900967': order buy market 0.10 BTCUSD sl: 0.00 tp: 0.00
0	22:45:52.650	'23900967': order was opened : #185723206 buy 0.10 BTCUSD at 9152.50 sl: 0.00 tp: 0.00
0	22:45:54.140	Notifications: 'order opened #185723206 buy 0.10 BTCUSD at 9152.50' sent to 'A37163A9'
0	22:46:20.774	'23900967': modify order #185723206 buy 0.10 BTCUSD at 9152.50 sl: 0.00 tp: 0.00 -> sl: 0.00 tp: 9258.80
0	22:46:21.242	'23900967': order #185723206 buy 0.10 BTCUSD at 9152.50 was modified -> sl: 0.00 tp: 9258.80
0	22:46:22.478	Notifications: 'order #185723206 buy 0.10 BTCUSD at 9152.50 modified: sl: 0.00 tp: 0.00 -> sl: 0.00 tp: 9258.80' sent to 'A37163A9'
0	22:46:25.868	'23900967': modify order #185723206 buy 0.10 BTCUSD at 9152.50 sl: 0.00 tp: 9258.80 -> sl: 8963.70 tp: 9258.80
0	22:46:26.477	'23900967': order #185723206 buy 0.10 BTCUSD at 9152.50 was modified -> sl: 8963.70 tp: 9258.80
0	22:46:28.822	Notifications: 'order #185723206 buy 0.10 BTCUSD at 9152.50 modified: sl: 0.00 tp: 9258.80 -> sl: 8963.70 tp: 9258.80' sent to 'A37163A9'
