0	06:49:32.997	Admiral Markets build 1280 started (Admiral Markets Group AS)
0	06:49:32.997	Windows 10 Pro x64, IE 11, UAC, 8 x Intel Core i7-10510U  @ 1.80GHz, Memory: 2154 / 8014 Mb, Disk: 12 / 237 Gb, GMT+3
0	06:49:32.997	Data Folder: C:\Users\SRIE\AppData\Roaming\MetaQuotes\Terminal\51337600F56B69473E15EAFB8A7586B4
2	06:49:36.958	Custom indicator AIMS Levels V2 EURUSD,M15: loaded successfully
2	06:49:37.041	Custom indicator AIMS Entry Alert V1 EURUSD,M15: loaded successfully
2	06:49:37.049	Custom indicator CandleTimer EURUSD,M15: loaded successfully
2	06:49:37.131	Custom indicator #Signal_Bars_v6 EURUSD,M15: loaded successfully
2	06:49:37.141	Custom indicator TrendEnvelopes_v1 EURUSD,M15: loaded successfully
2	06:49:37.150	Custom indicator guppy_multiple_moving_averages EURUSD,M15: loaded successfully
2	06:49:37.160	Custom indicator wedges EURUSD,M15: loaded successfully
2	06:49:37.243	Custom indicator AIMS AO V.2.1 EURUSD,M15: loaded successfully
2	06:49:37.253	Custom indicator IVT_MACD_ZERO_LAG EURUSD,M15: loaded successfully
2	06:49:37.263	Custom indicator RSI Divergence Levels EURUSD,M15: loaded successfully
2	06:49:37.274	Custom indicator JoeChalhoub_FXForecasterV1 EURUSD,M15: loaded successfully
2	06:49:37.959	Custom indicator AIMS Levels V2 [CAC40],M15: loaded successfully
2	06:49:38.040	Custom indicator AIMS Entry Alert V1 [CAC40],M15: loaded successfully
2	06:49:38.048	Custom indicator CandleTimer [CAC40],M15: loaded successfully
2	06:49:38.128	Custom indicator #Signal_Bars_v6 [CAC40],M15: loaded successfully
2	06:49:38.138	Custom indicator TrendEnvelopes_v1 [CAC40],M15: loaded successfully
2	06:49:38.146	Custom indicator guppy_multiple_moving_averages [CAC40],M15: loaded successfully
2	06:49:38.156	Custom indicator wedges [CAC40],M15: loaded successfully
2	06:49:38.235	Custom indicator AIMS AO V.2.1 [CAC40],M15: loaded successfully
2	06:49:38.244	Custom indicator IVT_MACD_ZERO_LAG [CAC40],M15: loaded successfully
2	06:49:38.254	Custom indicator RSI Divergence Levels [CAC40],M15: loaded successfully
2	06:49:38.264	Custom indicator JoeChalhoub_FXForecasterV1 [CAC40],M15: loaded successfully
2	06:49:38.509	Custom indicator CandleTimer [DAX30],H1: loaded successfully
2	06:49:38.562	Custom indicator ZigZag NZDJPY,M5: loaded successfully
2	06:49:38.571	Custom indicator 123Breakout-Scanner NZDJPY,M5: loaded successfully
2	06:49:38.581	Custom indicator RSI NZDJPY,M5: loaded successfully
2	06:49:41.122	Custom indicator AIMS Levels V2 EURNZD,M30: loaded successfully
2	06:49:41.202	Custom indicator AIMS Entry Alert V1 EURNZD,M30: loaded successfully
2	06:49:41.210	Custom indicator CandleTimer EURNZD,M30: loaded successfully
2	06:49:41.288	Custom indicator #Signal_Bars_v6 EURNZD,M30: loaded successfully
2	06:49:41.297	Custom indicator TrendEnvelopes_v1 EURNZD,M30: loaded successfully
2	06:49:41.306	Custom indicator guppy_multiple_moving_averages EURNZD,M30: loaded successfully
2	06:49:41.315	Custom indicator wedges EURNZD,M30: loaded successfully
2	06:49:41.394	Custom indicator AIMS AO V.2.1 EURNZD,M30: loaded successfully
2	06:49:41.403	Custom indicator IVT_MACD_ZERO_LAG EURNZD,M30: loaded successfully
2	06:49:41.413	Custom indicator RSI Divergence Levels EURNZD,M30: loaded successfully
2	06:49:41.423	Custom indicator JoeChalhoub_FXForecasterV1 EURNZD,M30: loaded successfully
2	06:49:41.748	Custom indicator AIMS Levels V2 GOLD,M15: loaded successfully
2	06:49:41.827	Custom indicator AIMS Entry Alert V1 GOLD,M15: loaded successfully
2	06:49:41.835	Custom indicator CandleTimer GOLD,M15: loaded successfully
2	06:49:41.913	Custom indicator #Signal_Bars_v6 GOLD,M15: loaded successfully
2	06:49:41.922	Custom indicator TrendEnvelopes_v1 GOLD,M15: loaded successfully
2	06:49:41.931	Custom indicator guppy_multiple_moving_averages GOLD,M15: loaded successfully
2	06:49:41.940	Custom indicator wedges GOLD,M15: loaded successfully
2	06:49:42.020	Custom indicator AIMS AO V.2.1 GOLD,M15: loaded successfully
2	06:49:42.029	Custom indicator IVT_MACD_ZERO_LAG GOLD,M15: loaded successfully
2	06:49:42.039	Custom indicator RSI Divergence Levels GOLD,M15: loaded successfully
2	06:49:42.049	Custom indicator JoeChalhoub_FXForecasterV1 GOLD,M15: loaded successfully
2	06:49:42.434	Custom indicator #P4L CandleTime EURUSD,M15: loaded successfully
2	06:49:42.442	Custom indicator #VISUAL ORDERS EURUSD,M15: loaded successfully
2	06:49:42.450	Custom indicator GG-TrendBar EURUSD,M15: loaded successfully
2	06:49:42.457	Custom indicator HighLight_Pins EURUSD,M15: loaded successfully
2	06:49:42.465	Custom indicator 7-21-55-h2 EURUSD,M15: loaded successfully
2	06:49:42.530	Custom indicator zigzagtriad-mtf+alerts EURUSD,M15: loaded successfully
2	06:49:42.538	Custom indicator SHI-SIGNAL EURUSD,M15: loaded successfully
2	06:49:42.546	Custom indicator T3_08_2Color EURUSD,M15: loaded successfully
2	06:49:42.553	Custom indicator #LURCH_SRv5 EURUSD,M15: loaded successfully
2	06:49:42.561	Custom indicator Semafor+123Triangles EURUSD,M15: loaded successfully
2	06:49:42.632	Custom indicator TrendLineChannel WC_NLR EURUSD,M15: loaded successfully
2	06:49:42.708	Custom indicator #4X 2011 XARD GOLDBANDS 2B EURUSD,M15: loaded successfully
2	06:49:42.785	Custom indicator #4X 2011 XARD GOLDBANDS 2B EURUSD,M15: loaded successfully
2	06:49:42.861	Custom indicator Trend Signal EURUSD,M15: loaded successfully
2	06:49:42.869	Custom indicator CCI_NUF_v4 mod~ EURUSD,M15: loaded successfully
2	06:49:42.876	Custom indicator SFET_V_PODVALE EURUSD,M15: loaded successfully
2	06:49:42.954	Custom indicator ProfitableStrategy_1 EURUSD,M15: loaded successfully
2	06:49:43.393	Custom indicator AIMS Levels V2 GBPAUD,Daily: loaded successfully
2	06:49:43.475	Custom indicator AIMS Entry Alert V1 GBPAUD,Daily: loaded successfully
2	06:49:43.483	Custom indicator CandleTimer GBPAUD,Daily: loaded successfully
2	06:49:43.563	Custom indicator #Signal_Bars_v6 GBPAUD,Daily: loaded successfully
2	06:49:43.572	Custom indicator TrendEnvelopes_v1 GBPAUD,Daily: loaded successfully
2	06:49:43.580	Custom indicator guppy_multiple_moving_averages GBPAUD,Daily: loaded successfully
2	06:49:43.589	Custom indicator wedges GBPAUD,Daily: loaded successfully
2	06:49:43.668	Custom indicator AIMS AO V.2.1 GBPAUD,Daily: loaded successfully
2	06:49:43.678	Custom indicator IVT_MACD_ZERO_LAG GBPAUD,Daily: loaded successfully
2	06:49:43.687	Custom indicator RSI Divergence Levels GBPAUD,Daily: loaded successfully
2	06:49:43.698	Custom indicator JoeChalhoub_FXForecasterV1 GBPAUD,Daily: loaded successfully
2	06:49:43.716	Expert Admiral - Mini Terminal GBPAUD,Daily: loaded successfully
2	06:49:43.998	Custom indicator AIMS Levels V2 CADJPY,M15: loaded successfully
2	06:49:44.086	Custom indicator AIMS Entry Alert V1 CADJPY,M15: loaded successfully
2	06:49:44.094	Custom indicator CandleTimer CADJPY,M15: loaded successfully
2	06:49:44.259	Custom indicator #Signal_Bars_v6 CADJPY,M15: loaded successfully
2	06:49:44.269	Custom indicator TrendEnvelopes_v1 CADJPY,M15: loaded successfully
2	06:49:44.278	Custom indicator guppy_multiple_moving_averages CADJPY,M15: loaded successfully
2	06:49:44.288	Custom indicator wedges CADJPY,M15: loaded successfully
2	06:49:44.378	Custom indicator AIMS AO V.2.1 CADJPY,M15: loaded successfully
2	06:49:44.388	Custom indicator IVT_MACD_ZERO_LAG CADJPY,M15: loaded successfully
2	06:49:44.399	Custom indicator RSI Divergence Levels CADJPY,M15: loaded successfully
2	06:49:44.410	Custom indicator JoeChalhoub_FXForecasterV1 CADJPY,M15: loaded successfully
2	06:49:44.429	Expert Admiral - Mini Terminal CADJPY,M15: loaded successfully
2	06:49:44.891	Custom indicator AIMS Levels V2 USDCAD,M15: loaded successfully
2	06:49:44.985	Custom indicator AIMS Entry Alert V1 USDCAD,M15: loaded successfully
2	06:49:44.994	Custom indicator CandleTimer USDCAD,M15: loaded successfully
2	06:49:45.086	Custom indicator #Signal_Bars_v6 USDCAD,M15: loaded successfully
2	06:49:45.096	Custom indicator TrendEnvelopes_v1 USDCAD,M15: loaded successfully
2	06:49:45.108	Custom indicator guppy_multiple_moving_averages USDCAD,M15: loaded successfully
2	06:49:45.122	Custom indicator wedges USDCAD,M15: loaded successfully
2	06:49:45.225	Custom indicator AIMS AO V.2.1 USDCAD,M15: loaded successfully
2	06:49:45.236	Custom indicator IVT_MACD_ZERO_LAG USDCAD,M15: loaded successfully
2	06:49:45.247	Custom indicator RSI Divergence Levels USDCAD,M15: loaded successfully
2	06:49:45.259	Custom indicator JoeChalhoub_FXForecasterV1 USDCAD,M15: loaded successfully
2	06:49:45.279	Expert Admiral - Mini Terminal USDCAD,M15: loaded successfully
2	06:49:45.716	Custom indicator AIMS Levels V2 NZDCAD,M15: loaded successfully
2	06:49:45.803	Custom indicator AIMS Entry Alert V1 NZDCAD,M15: loaded successfully
2	06:49:45.811	Custom indicator CandleTimer NZDCAD,M15: loaded successfully
2	06:49:45.895	Custom indicator #Signal_Bars_v6 NZDCAD,M15: loaded successfully
2	06:49:45.905	Custom indicator TrendEnvelopes_v1 NZDCAD,M15: loaded successfully
2	06:49:45.914	Custom indicator guppy_multiple_moving_averages NZDCAD,M15: loaded successfully
2	06:49:45.925	Custom indicator wedges NZDCAD,M15: loaded successfully
2	06:49:46.009	Custom indicator AIMS AO V.2.1 NZDCAD,M15: loaded successfully
2	06:49:46.019	Custom indicator IVT_MACD_ZERO_LAG NZDCAD,M15: loaded successfully
2	06:49:46.030	Custom indicator RSI Divergence Levels NZDCAD,M15: loaded successfully
2	06:49:46.041	Custom indicator JoeChalhoub_FXForecasterV1 NZDCAD,M15: loaded successfully
2	06:49:46.059	Expert Admiral - Mini Terminal NZDCAD,M15: loaded successfully
2	06:49:46.456	Custom indicator AIMS Levels V2 WTI,M15: loaded successfully
2	06:49:46.540	Custom indicator AIMS Entry Alert V1 WTI,M15: loaded successfully
2	06:49:46.548	Custom indicator CandleTimer WTI,M15: loaded successfully
2	06:49:46.628	Custom indicator #Signal_Bars_v6 WTI,M15: loaded successfully
2	06:49:46.638	Custom indicator TrendEnvelopes_v1 WTI,M15: loaded successfully
2	06:49:46.647	Custom indicator guppy_multiple_moving_averages WTI,M15: loaded successfully
2	06:49:46.657	Custom indicator wedges WTI,M15: loaded successfully
2	06:49:46.740	Custom indicator AIMS AO V.2.1 WTI,M15: loaded successfully
2	06:49:46.749	Custom indicator IVT_MACD_ZERO_LAG WTI,M15: loaded successfully
2	06:49:46.760	Custom indicator RSI Divergence Levels WTI,M15: loaded successfully
2	06:49:46.770	Custom indicator JoeChalhoub_FXForecasterV1 WTI,M15: loaded successfully
2	06:49:47.191	Custom indicator AIMS Levels V2 GBPNZD,M15: loaded successfully
2	06:49:47.274	Custom indicator AIMS Entry Alert V1 GBPNZD,M15: loaded successfully
2	06:49:47.282	Custom indicator CandleTimer GBPNZD,M15: loaded successfully
2	06:49:47.364	Custom indicator #Signal_Bars_v6 GBPNZD,M15: loaded successfully
2	06:49:47.373	Custom indicator TrendEnvelopes_v1 GBPNZD,M15: loaded successfully
2	06:49:47.383	Custom indicator guppy_multiple_moving_averages GBPNZD,M15: loaded successfully
2	06:49:47.392	Custom indicator wedges GBPNZD,M15: loaded successfully
2	06:49:47.476	Custom indicator AIMS AO V.2.1 GBPNZD,M15: loaded successfully
2	06:49:47.486	Custom indicator IVT_MACD_ZERO_LAG GBPNZD,M15: loaded successfully
2	06:49:47.496	Custom indicator RSI Divergence Levels GBPNZD,M15: loaded successfully
2	06:49:47.507	Custom indicator JoeChalhoub_FXForecasterV1 GBPNZD,M15: loaded successfully
2	06:49:47.912	Custom indicator AIMS Levels V2 EURNZD,H1: loaded successfully
2	06:49:47.994	Custom indicator AIMS Entry Alert V1 EURNZD,H1: loaded successfully
2	06:49:48.002	Custom indicator CandleTimer EURNZD,H1: loaded successfully
2	06:49:48.086	Custom indicator #Signal_Bars_v6 EURNZD,H1: loaded successfully
2	06:49:48.096	Custom indicator TrendEnvelopes_v1 EURNZD,H1: loaded successfully
2	06:49:48.105	Custom indicator guppy_multiple_moving_averages EURNZD,H1: loaded successfully
2	06:49:48.116	Custom indicator wedges EURNZD,H1: loaded successfully
2	06:49:48.206	Custom indicator AIMS AO V.2.1 EURNZD,H1: loaded successfully
2	06:49:48.220	Custom indicator IVT_MACD_ZERO_LAG EURNZD,H1: loaded successfully
2	06:49:48.231	Custom indicator RSI Divergence Levels EURNZD,H1: loaded successfully
2	06:49:48.242	Custom indicator JoeChalhoub_FXForecasterV1 EURNZD,H1: loaded successfully
2	06:49:48.560	Custom indicator AIMS Levels V2 EURAUD,H1: loaded successfully
2	06:49:48.642	Custom indicator AIMS Entry Alert V1 EURAUD,H1: loaded successfully
2	06:49:48.650	Custom indicator CandleTimer EURAUD,H1: loaded successfully
2	06:49:48.733	Custom indicator #Signal_Bars_v6 EURAUD,H1: loaded successfully
2	06:49:48.743	Custom indicator TrendEnvelopes_v1 EURAUD,H1: loaded successfully
2	06:49:48.751	Custom indicator guppy_multiple_moving_averages EURAUD,H1: loaded successfully
2	06:49:48.761	Custom indicator wedges EURAUD,H1: loaded successfully
2	06:49:48.840	Custom indicator AIMS AO V.2.1 EURAUD,H1: loaded successfully
2	06:49:48.850	Custom indicator IVT_MACD_ZERO_LAG EURAUD,H1: loaded successfully
2	06:49:48.860	Custom indicator RSI Divergence Levels EURAUD,H1: loaded successfully
2	06:49:48.871	Custom indicator JoeChalhoub_FXForecasterV1 EURAUD,H1: loaded successfully
2	06:49:49.195	Custom indicator AIMS Levels V2 USDCHF,H1: loaded successfully
2	06:49:49.277	Custom indicator AIMS Entry Alert V1 USDCHF,H1: loaded successfully
2	06:49:49.284	Custom indicator CandleTimer USDCHF,H1: loaded successfully
2	06:49:49.365	Custom indicator #Signal_Bars_v6 USDCHF,H1: loaded successfully
2	06:49:49.374	Custom indicator TrendEnvelopes_v1 USDCHF,H1: loaded successfully
2	06:49:49.383	Custom indicator guppy_multiple_moving_averages USDCHF,H1: loaded successfully
2	06:49:49.392	Custom indicator wedges USDCHF,H1: loaded successfully
2	06:49:49.471	Custom indicator AIMS AO V.2.1 USDCHF,H1: loaded successfully
2	06:49:49.481	Custom indicator IVT_MACD_ZERO_LAG USDCHF,H1: loaded successfully
2	06:49:49.490	Custom indicator RSI Divergence Levels USDCHF,H1: loaded successfully
2	06:49:49.501	Custom indicator JoeChalhoub_FXForecasterV1 USDCHF,H1: loaded successfully
2	06:49:49.817	Custom indicator AIMS Levels V2 NZDUSD,H1: loaded successfully
2	06:49:49.897	Custom indicator AIMS Entry Alert V1 NZDUSD,H1: loaded successfully
2	06:49:49.904	Custom indicator CandleTimer NZDUSD,H1: loaded successfully
2	06:49:49.982	Custom indicator #Signal_Bars_v6 NZDUSD,H1: loaded successfully
2	06:49:49.991	Custom indicator TrendEnvelopes_v1 NZDUSD,H1: loaded successfully
2	06:49:49.999	Custom indicator wedges NZDUSD,H1: loaded successfully
2	06:49:50.077	Custom indicator AIMS AO V.2.1 NZDUSD,H1: loaded successfully
2	06:49:50.085	Custom indicator IVT_MACD_ZERO_LAG NZDUSD,H1: loaded successfully
2	06:49:50.095	Custom indicator RSI Divergence Levels NZDUSD,H1: loaded successfully
2	06:49:50.106	Custom indicator JoeChalhoub_FXForecasterV1 NZDUSD,H1: loaded successfully
2	06:49:50.371	Custom indicator CandleTimer [NQ100],H1: loaded successfully
2	06:49:50.414	Custom indicator ZigZag [DJI30],M15: loaded successfully
2	06:49:50.424	Custom indicator 123Breakout-Scanner [DJI30],M15: loaded successfully
2	06:49:50.434	Custom indicator RSI [DJI30],M15: loaded successfully
2	06:49:50.591	Custom indicator AIMS Levels V2 ETHUSD,H1: loaded successfully
2	06:49:50.673	Custom indicator AIMS Entry Alert V1 ETHUSD,H1: loaded successfully
2	06:49:50.679	Custom indicator CandleTimer ETHUSD,H1: loaded successfully
2	06:49:50.758	Custom indicator #Signal_Bars_v6 ETHUSD,H1: loaded successfully
2	06:49:50.767	Custom indicator TrendEnvelopes_v1 ETHUSD,H1: loaded successfully
2	06:49:50.776	Custom indicator guppy_multiple_moving_averages ETHUSD,H1: loaded successfully
2	06:49:50.785	Custom indicator wedges ETHUSD,H1: loaded successfully
2	06:49:50.864	Custom indicator AIMS AO V.2.1 ETHUSD,H1: loaded successfully
2	06:49:50.874	Custom indicator IVT_MACD_ZERO_LAG ETHUSD,H1: loaded successfully
2	06:49:50.883	Custom indicator RSI Divergence Levels ETHUSD,H1: loaded successfully
2	06:49:50.894	Custom indicator JoeChalhoub_FXForecasterV1 ETHUSD,H1: loaded successfully
2	06:49:50.910	Expert Admiral - Mini Terminal ETHUSD,H1: loaded successfully
2	06:49:51.173	Custom indicator AIMS Levels V2 EURJPY,H1: loaded successfully
2	06:49:51.252	Custom indicator AIMS Entry Alert V1 EURJPY,H1: loaded successfully
2	06:49:51.260	Custom indicator CandleTimer EURJPY,H1: loaded successfully
2	06:49:51.337	Custom indicator #Signal_Bars_v6 EURJPY,H1: loaded successfully
2	06:49:51.346	Custom indicator TrendEnvelopes_v1 EURJPY,H1: loaded successfully
2	06:49:51.355	Custom indicator guppy_multiple_moving_averages EURJPY,H1: loaded successfully
2	06:49:51.365	Custom indicator wedges EURJPY,H1: loaded successfully
2	06:49:51.451	Custom indicator AIMS AO V.2.1 EURJPY,H1: loaded successfully
2	06:49:51.460	Custom indicator IVT_MACD_ZERO_LAG EURJPY,H1: loaded successfully
2	06:49:51.469	Custom indicator RSI Divergence Levels EURJPY,H1: loaded successfully
2	06:49:51.479	Custom indicator JoeChalhoub_FXForecasterV1 EURJPY,H1: loaded successfully
2	06:49:51.780	Custom indicator AIMS Levels V2 GOLD,H1: loaded successfully
2	06:49:51.860	Custom indicator AIMS Entry Alert V1 GOLD,H1: loaded successfully
2	06:49:51.868	Custom indicator CandleTimer GOLD,H1: loaded successfully
2	06:49:51.946	Custom indicator #Signal_Bars_v6 GOLD,H1: loaded successfully
2	06:49:51.956	Custom indicator TrendEnvelopes_v1 GOLD,H1: loaded successfully
2	06:49:51.964	Custom indicator guppy_multiple_moving_averages GOLD,H1: loaded successfully
2	06:49:51.974	Custom indicator wedges GOLD,H1: loaded successfully
2	06:49:52.052	Custom indicator AIMS AO V.2.1 GOLD,H1: loaded successfully
2	06:49:52.061	Custom indicator IVT_MACD_ZERO_LAG GOLD,H1: loaded successfully
2	06:49:52.070	Custom indicator RSI Divergence Levels GOLD,H1: loaded successfully
2	06:49:52.081	Custom indicator JoeChalhoub_FXForecasterV1 GOLD,H1: loaded successfully
2	06:49:52.381	Custom indicator AIMS Levels V2 EURAUD,M5: loaded successfully
2	06:49:52.461	Custom indicator AIMS Entry Alert V1 EURAUD,M5: loaded successfully
2	06:49:52.468	Custom indicator CandleTimer EURAUD,M5: loaded successfully
2	06:49:52.548	Custom indicator #Signal_Bars_v6 EURAUD,M5: loaded successfully
2	06:49:52.559	Custom indicator TrendEnvelopes_v1 EURAUD,M5: loaded successfully
2	06:49:52.569	Custom indicator guppy_multiple_moving_averages EURAUD,M5: loaded successfully
2	06:49:52.578	Custom indicator wedges EURAUD,M5: loaded successfully
2	06:49:52.655	Custom indicator AIMS AO V.2.1 EURAUD,M5: loaded successfully
2	06:49:52.664	Custom indicator IVT_MACD_ZERO_LAG EURAUD,M5: loaded successfully
2	06:49:52.673	Custom indicator RSI Divergence Levels EURAUD,M5: loaded successfully
2	06:49:52.683	Custom indicator JoeChalhoub_FXForecasterV1 EURAUD,M5: loaded successfully
2	06:49:53.309	Custom indicator AIMS Levels V2 CADCHF,H1: loaded successfully
2	06:49:53.388	Custom indicator AIMS Entry Alert V1 CADCHF,H1: loaded successfully
2	06:49:53.395	Custom indicator CandleTimer CADCHF,H1: loaded successfully
2	06:49:53.473	Custom indicator #Signal_Bars_v6 CADCHF,H1: loaded successfully
2	06:49:53.483	Custom indicator TrendEnvelopes_v1 CADCHF,H1: loaded successfully
2	06:49:53.491	Custom indicator guppy_multiple_moving_averages CADCHF,H1: loaded successfully
2	06:49:53.501	Custom indicator wedges CADCHF,H1: loaded successfully
2	06:49:53.580	Custom indicator AIMS AO V.2.1 CADCHF,H1: loaded successfully
2	06:49:53.589	Custom indicator IVT_MACD_ZERO_LAG CADCHF,H1: loaded successfully
2	06:49:53.599	Custom indicator RSI Divergence Levels CADCHF,H1: loaded successfully
2	06:49:53.609	Custom indicator JoeChalhoub_FXForecasterV1 CADCHF,H1: loaded successfully
2	06:49:53.915	Custom indicator AIMS Levels V2 AUDNZD,H1: loaded successfully
2	06:49:53.995	Custom indicator AIMS Entry Alert V1 AUDNZD,H1: loaded successfully
2	06:49:54.002	Custom indicator CandleTimer AUDNZD,H1: loaded successfully
2	06:49:54.078	Custom indicator #Signal_Bars_v6 AUDNZD,H1: loaded successfully
2	06:49:54.087	Custom indicator TrendEnvelopes_v1 AUDNZD,H1: loaded successfully
2	06:49:54.095	Custom indicator guppy_multiple_moving_averages AUDNZD,H1: loaded successfully
2	06:49:54.105	Custom indicator wedges AUDNZD,H1: loaded successfully
2	06:49:54.182	Custom indicator AIMS AO V.2.1 AUDNZD,H1: loaded successfully
2	06:49:54.191	Custom indicator IVT_MACD_ZERO_LAG AUDNZD,H1: loaded successfully
2	06:49:54.201	Custom indicator RSI Divergence Levels AUDNZD,H1: loaded successfully
2	06:49:54.211	Custom indicator JoeChalhoub_FXForecasterV1 AUDNZD,H1: loaded successfully
1	06:49:58.480	'27123197': connect failed [Connection échouée]
0	06:52:42.256	'27131809': login on AdmiralMarkets-Live
0	06:52:54.296	'27131809': previous successful authorization performed from 154.120.142.224
0	06:53:21.301	'27131809': auto connecting to a better access point Access Point #6 (ping is 225.14 ms)
0	06:53:22.374	'27131809': login on AdmiralMarkets-Live through Access Point #6 (ping: 225.14 ms)
0	06:53:26.968	'27131809': login datacenter on AdmiralMarkets-Live through Access Point #6 (ping: 225.14 ms)
0	06:53:28.875	'27131809': previous successful authorization performed from 197.149.36.126
2	06:53:32.486	Custom indicator AIMS Levels V2 AUDNZD,H1: loaded successfully
2	06:53:32.569	Custom indicator AIMS Entry Alert V1 AUDNZD,H1: loaded successfully
2	06:53:32.577	Custom indicator CandleTimer AUDNZD,H1: loaded successfully
2	06:53:32.658	Custom indicator #Signal_Bars_v6 AUDNZD,H1: loaded successfully
2	06:53:32.668	Custom indicator TrendEnvelopes_v1 AUDNZD,H1: loaded successfully
2	06:53:32.677	Custom indicator guppy_multiple_moving_averages AUDNZD,H1: loaded successfully
2	06:53:32.687	Custom indicator wedges AUDNZD,H1: loaded successfully
2	06:53:32.767	Custom indicator AIMS AO V.2.1 AUDNZD,H1: loaded successfully
2	06:53:32.777	Custom indicator IVT_MACD_ZERO_LAG AUDNZD,H1: loaded successfully
2	06:53:32.787	Custom indicator RSI Divergence Levels AUDNZD,H1: loaded successfully
2	06:53:32.799	Custom indicator JoeChalhoub_FXForecasterV1 AUDNZD,H1: loaded successfully
1	06:53:48.740	'27131809': datacenter connecting failed [6]
0	06:53:49.806	'27131809': login on AdmiralMarkets-Live through Access Point #5 (ping: 241.12 ms)
0	06:53:52.666	'27131809': login datacenter on AdmiralMarkets-Live through Access Point #5 (ping: 241.12 ms)
0	06:53:53.213	'27131809': previous successful authorization performed from 197.149.36.126
1	06:54:21.148	'27131809': datacenter connecting failed [6]
0	06:54:22.564	'27131809': login on AdmiralMarkets-Live through Access Point #3 (ping: 271.49 ms)
0	06:54:28.414	'27131809': login datacenter on AdmiralMarkets-Live through Access Point #3 (ping: 271.49 ms)
0	06:54:30.534	'27131809': previous successful authorization performed from 197.149.36.126
1	06:54:58.859	'27131809': datacenter connecting failed [6]
0	06:55:03.089	'27131809': login on AdmiralMarkets-Live through Access Point #1 (ping: 275.92 ms)
0	06:55:05.605	'27131809': login datacenter on AdmiralMarkets-Live through Access Point #1 (ping: 275.92 ms)
0	06:55:07.457	'27131809': previous successful authorization performed from 197.149.36.126
0	06:55:41.344	'27131809': login datacenter on AdmiralMarkets-Live
0	06:55:42.693	'27131809': login on AdmiralMarkets-Live through Access Point #4 (ping: 295.61 ms)
0	06:55:44.814	'27131809': login datacenter on AdmiralMarkets-Live through Access Point #4 (ping: 295.61 ms)
0	06:55:45.950	'27131809': previous successful authorization performed from 197.149.36.126
0	06:56:10.905	'27131809': login on AdmiralMarkets-Live through Access Point #8 (ping: 627.86 ms)
0	06:56:20.935	'27131809': login datacenter on AdmiralMarkets-Live through Access Point #8 (ping: 627.86 ms)
0	06:56:23.077	'27131809': previous successful authorization performed from 197.149.36.126
1	06:58:09.805	'27131809': datacenter connecting failed [6]
0	06:58:11.285	'27131809': login on AdmiralMarkets-Live through Access Point #2 (ping: 213.82 ms)
0	06:58:20.140	'27131809': login datacenter on AdmiralMarkets-Live through Access Point #2 (ping: 213.82 ms)
0	06:58:20.871	'27131809': previous successful authorization performed from 197.149.36.126
0	07:20:42.692	'27131809': login on AdmiralMarkets-Live through Access Point #2 (ping: 213.82 ms)
0	07:20:44.304	'27131809': login datacenter on AdmiralMarkets-Live through Access Point #2 (ping: 213.82 ms)
0	07:20:45.000	'27131809': previous successful authorization performed from 197.149.36.126
1	07:21:44.599	'27131809': ping failed
1	07:21:44.601	'27131809': datacenter connecting failed [6]
1	07:21:44.728	'27131809': connect failed [Connection échouée]
0	07:21:51.355	'27131809': login on AdmiralMarkets-Live through Access Point #8 (ping: n/a)
0	07:22:00.308	'27131809': login datacenter on AdmiralMarkets-Live through Access Point #8 (ping: n/a)
0	07:22:02.447	'27131809': previous successful authorization performed from 197.149.36.126
1	07:22:08.924	'27131809': datacenter connecting failed [6]
0	07:22:10.190	'27131809': login on AdmiralMarkets-Live through Access Point #4 (ping: n/a)
0	07:22:15.010	'27131809': login datacenter on AdmiralMarkets-Live through Access Point #4 (ping: n/a)
0	07:22:16.405	'27131809': previous successful authorization performed from 197.149.36.126
0	07:22:26.219	'27131809': ping to current access point Access Point #4 is 238.83 ms
1	08:20:18.820	'27131809': datacenter connecting failed [6]
0	08:20:20.509	'27131809': login on AdmiralMarkets-Live through Access Point #6 (ping: 228.41 ms)
0	08:20:27.272	'27131809': login datacenter on AdmiralMarkets-Live through Access Point #6 (ping: 228.41 ms)
0	08:20:29.046	'27131809': previous successful authorization performed from 197.149.36.126
