1	00:00:46.399	'27133394': datacenter connecting failed [6]
1	00:00:46.939	'27133394': connect failed [Connection échouée]
0	00:01:37.995	'27133394': login on AdmiralMarkets-Live through Access Point #7 (ping: n/a)
0	00:02:43.755	'27133394': login on AdmiralMarkets-Live through Access Point #4 (ping: n/a)
0	00:03:49.785	'27133394': login on AdmiralMarkets-Live through Access Point #5 (ping: n/a)
0	00:04:53.957	'27133394': login on AdmiralMarkets-Live through Access Point #5 (ping: n/a)
0	00:05:05.692	'27133394': login datacenter on AdmiralMarkets-Live through Access Point #5 (ping: n/a)
0	00:05:06.293	'27133394': previous successful authorization performed from 154.126.33.56
0	00:05:24.920	'27133394': ping to current access point Access Point #5 is 221.53 ms
1	00:07:35.269	Notifications: 'Classical RSI bullish divergence on:  GOLD' not sent to 'A37163A9'
1	00:09:30.180	Notifications: 'Classical RSI bullish divergence on:  GOLD' not sent to 'A37163A9'
1	00:13:35.179	Notifications: 'Classical RSI bullish divergence on:  GOLD' not sent to 'A37163A9'
1	00:28:46.866	Notifications: 'Classical RSI bullish divergence on:  GOLD' not sent to 'A37163A9'
1	00:31:41.869	Notifications: 'Classical RSI bullish divergence on:  GOLD' not sent to 'A37163A9'
1	01:01:30.327	Notifications: 'Classical RSI bullish divergence on:  GOLD' not sent to 'A37163A9'
1	01:03:32.532	Notifications: 'Classical RSI bullish divergence on:  GOLD' not sent to 'A37163A9'
1	01:07:31.323	Notifications: 'Classical RSI bullish divergence on:  GOLD' not sent to 'A37163A9'
1	01:08:30.109	Notifications: 'Classical RSI bullish divergence on:  GOLD' not sent to 'A37163A9'
1	01:13:34.296	Notifications: 'Classical RSI bullish divergence on:  GOLD' not sent to 'A37163A9'
1	01:16:30.072	Notifications: 'Classical RSI bullish divergence on:  GOLD' not sent to 'A37163A9'
1	01:19:31.884	Notifications: 'Classical RSI bullish divergence on:  GOLD' not sent to 'A37163A9'
1	01:20:30.124	Notifications: 'Classical RSI bullish divergence on:  GOLD' not sent to 'A37163A9'
1	01:21:30.597	Notifications: 'Classical RSI bullish divergence on:  GOLD' not sent to 'A37163A9'
1	01:24:30.176	Notifications: 'Classical RSI bullish divergence on:  GOLD' not sent to 'A37163A9'
1	01:28:38.903	Notifications: 'Classical RSI bullish divergence on:  GOLD' not sent to 'A37163A9'
1	01:53:32.353	Notifications: 'Classical RSI bullish divergence on:  GOLD' not sent to 'A37163A9'
1	01:56:02.191	Notifications: not enough space for notification 'Classical RSI bullish divergence on:  GOLD'
1	02:00:00.369	Notifications: not enough space for notification 'Classical RSI bullish divergence on:  GBPJPY'
1	02:18:01.216	Notifications: not enough space for notification 'Classical RSI bearish divergence on:  [DJI30]'
1	02:33:01.420	Notifications: not enough space for notification 'Classical RSI bearish divergence on:  [DJI30]'
1	02:46:00.106	Notifications: not enough space for notification 'Classical RSI bearish divergence on:  [DAX30]'
1	03:00:01.131	Notifications: not enough space for notification 'Classical RSI bearish divergence on:  USDCHF'
1	03:05:06.103	Notifications: not enough space for notification 'Classical RSI bearish divergence on:  EURUSD'
1	03:07:02.224	Notifications: not enough space for notification 'Classical RSI bearish divergence on:  [DJI30]'
1	03:15:59.944	Notifications: not enough space for notification 'Classical RSI bullish divergence on:  GOLD'
1	03:16:59.921	Notifications: not enough space for notification 'Classical RSI bearish divergence on:  [DJI30]'
1	03:28:59.924	Notifications: not enough space for notification 'Classical RSI bearish divergence on:  GBPNZD'
1	03:34:00.761	Notifications: not enough space for notification 'Classical RSI bearish divergence on:  GBPNZD'
1	03:49:00.723	Notifications: not enough space for notification 'Classical RSI bearish divergence on:  GOLD'
1	03:59:59.981	Notifications: not enough space for notification 'Classical RSI bullish divergence on:  GBPJPY'
1	04:17:00.143	Notifications: not enough space for notification 'Classical RSI bullish divergence on:  GBPNZD'
1	04:21:59.748	Notifications: not enough space for notification 'Classical RSI bullish divergence on:  GBPNZD'
1	04:26:01.996	Notifications: not enough space for notification 'Classical RSI bullish divergence on:  GBPNZD'
1	04:31:01.872	Notifications: not enough space for notification 'Classical RSI bearish divergence on:  EURUSD'
1	04:32:59.844	Notifications: not enough space for notification 'Classical RSI bearish divergence on:  [NQ100]'
1	04:38:00.488	Notifications: not enough space for notification 'Classical RSI bearish divergence on:  [DJI30]'
1	05:20:00.015	Notifications: not enough space for notification 'Classical RSI bullish divergence on:  [DAX30]'
1	06:08:59.673	Notifications: not enough space for notification 'Classical RSI bullish divergence on:  GOLD'
1	06:10:12.552	Notifications: not enough space for notification 'Classical RSI bearish divergence on:  [NQ100]'
1	06:11:20.713	'27133394': datacenter connecting failed [6]
0	06:11:21.880	'27133394': login on AdmiralMarkets-Live through Access Point #6 (ping: 212.82 ms)
0	06:11:27.683	'27133394': login datacenter on AdmiralMarkets-Live through Access Point #6 (ping: 212.82 ms)
0	06:11:28.613	'27133394': previous successful authorization performed from 154.126.33.56
0	06:12:13.595	'27133394': auto connecting to a better access point Access Point #4 (ping is 236.86 ms)
0	06:12:16.737	'27133394': login on AdmiralMarkets-Live through Access Point #4 (ping: 236.86 ms)
0	06:13:21.125	'27133394': login datacenter on AdmiralMarkets-Live
1	06:13:21.437	Notifications: not enough space for notification 'Classical RSI bullish divergence on:  GOLD'
0	06:13:28.054	'27133394': login on AdmiralMarkets-Live through Access Point #3 (ping: 252.63 ms)
0	06:13:49.196	'27133394': login datacenter on AdmiralMarkets-Live through Access Point #3 (ping: 252.63 ms)
0	06:13:51.014	'27133394': previous successful authorization performed from 154.126.33.56
0	06:14:21.466	'27133394': ping to current access point Access Point #3 is 227.97 ms
1	06:21:00.541	Notifications: not enough space for notification 'Classical RSI bearish divergence on:  [NQ100]'
1	06:34:00.357	Notifications: not enough space for notification 'Classical RSI bullish divergence on:  GBPNZD'
1	06:40:00.059	Notifications: not enough space for notification 'Classical RSI bullish divergence on:  GBPNZD'
1	06:44:00.831	Notifications: not enough space for notification 'Classical RSI bullish divergence on:  GBPNZD'
1	06:44:01.880	Notifications: not enough space for notification 'Classical RSI bearish divergence on:  GOLD'
1	06:52:01.869	Notifications: not enough space for notification 'Classical RSI bearish divergence on:  GOLD'
1	07:12:01.708	Notifications: not enough space for notification 'Classical RSI bearish divergence on:  GOLD'
1	07:15:01.561	Notifications: not enough space for notification 'Classical RSI bearish divergence on:  GOLD'
1	07:18:01.337	Notifications: not enough space for notification 'Classical RSI bullish divergence on:  GBPNZD'
1	07:19:59.804	Notifications: not enough space for notification 'Classical RSI bearish divergence on:  GOLD'
0	07:29:24.305	'27133394': login datacenter on AdmiralMarkets-Live
0	07:30:18.475	'27133394': login on AdmiralMarkets-Live through Access Point #6 (ping: 443.87 ms)
0	07:30:27.892	'27133394': login datacenter on AdmiralMarkets-Live through Access Point #6 (ping: 443.87 ms)
0	07:30:29.814	'27133394': previous successful authorization performed from 154.126.9.34
0	07:31:40.041	'27133394': auto connecting to a better access point Access Point #4 (ping is 233.81 ms)
0	07:31:41.772	'27133394': login on AdmiralMarkets-Live through Access Point #4 (ping: 233.81 ms)
0	07:31:51.137	'27133394': login datacenter on AdmiralMarkets-Live through Access Point #4 (ping: 233.81 ms)
0	07:31:51.848	'27133394': previous successful authorization performed from 154.126.33.56
1	07:38:01.335	Notifications: not enough space for notification 'Classical RSI bullish divergence on:  GBPNZD'
1	08:05:00.404	Notifications: not enough space for notification 'Classical RSI bearish divergence on:  GOLD'
1	08:24:29.083	'27133394': datacenter connecting failed [6]
0	08:24:30.280	'27133394': login on AdmiralMarkets-Live through Access Point #6 (ping: 213.79 ms)
0	08:24:32.377	'27133394': login datacenter on AdmiralMarkets-Live through Access Point #6 (ping: 213.79 ms)
0	08:24:33.294	'27133394': previous successful authorization performed from 154.126.33.56
1	08:29:00.493	Notifications: not enough space for notification 'Classical RSI bearish divergence on:  [DAX30]'
1	08:32:02.122	Notifications: not enough space for notification 'Classical RSI bearish divergence on:  [NQ100]'
1	08:32:10.355	Notifications: not enough space for notification 'Classical RSI bearish divergence on:  [DAX30]'
1	08:33:00.265	Notifications: not enough space for notification 'Classical RSI bearish divergence on:  GBPNZD'
1	08:33:06.765	Notifications: not enough space for notification 'Classical RSI bearish divergence on:  [DJI30]'
1	08:37:12.527	Notifications: not enough space for notification 'Classical RSI bearish divergence on:  [DJI30]'
0	08:49:05.545	'27133394': close order #73298881 sell 0.10 EURUSD at 1.17972 sl: 1.18600 tp: 1.16900 at price 0.00000
0	08:49:06.634	'27133394': order #73298881 sell 0.10 EURUSD at 1.17972 sl: 1.18600 tp: 1.16900 closed at price 1.17824
1	08:59:35.555	'27133394': ping failed
0	08:59:46.040	'27133394': login on AdmiralMarkets-Live through Access Point #1 (ping: 395.65 ms)
0	08:59:54.037	'27133394': login datacenter on AdmiralMarkets-Live through Access Point #1 (ping: 395.65 ms)
0	08:59:54.929	'27133394': previous successful authorization performed from 154.126.33.56
0	09:00:13.128	'27133394': auto connecting to a better access point Access Point #5 (ping is 196.93 ms)
0	09:00:14.000	'27133394': login on AdmiralMarkets-Live through Access Point #5 (ping: 196.93 ms)
0	09:00:17.236	'27133394': login datacenter on AdmiralMarkets-Live through Access Point #5 (ping: 196.93 ms)
0	09:00:18.301	'27133394': previous successful authorization performed from 154.126.33.56
1	09:00:26.620	Notifications: not enough space for notification 'Classical RSI bearish divergence on:  EURUSD'
1	09:00:27.447	Notifications: not enough space for notification 'Classical RSI bullish divergence on:  GBPNZD'
1	09:22:04.506	'27133394': ping failed
1	09:22:04.555	'27133394': ping failed
1	09:22:04.555	'27133394': datacenter connecting failed [6]
1	09:34:49.951	'27133394': connect failed [Connection échouée]
0	09:50:05.444	'27133394': login on AdmiralMarkets-Live through Access Point #7 (ping: n/a)
0	09:50:11.112	'27133394': login datacenter on AdmiralMarkets-Live through Access Point #7 (ping: n/a)
0	09:50:12.381	'27133394': previous successful authorization performed from 154.126.9.110
0	09:50:35.681	'27133394': ping to current access point Access Point #7 is 692.47 ms
0	09:54:57.799	'27133394': order sell market 0.50 [DJI30] sl: 0.00 tp: 0.00
0	09:54:59.831	'27133394': order was opened : #73354448 sell 0.50 [DJI30] at 27268.99 sl: 0.00 tp: 0.00
0	09:55:12.902	'27133394': modify order #73354448 sell 0.50 [DJI30] at 27268.99 sl: 0.00 tp: 0.00 -> sl: 27288.45 tp: 0.00
0	09:55:13.729	'27133394': order #73354448 sell 0.50 [DJI30] at 27268.99 was modified -> sl: 27288.45 tp: 0.00
0	09:58:21.973	'27133394': modify order #73354448 sell 0.50 [DJI30] at 27268.99 sl: 27288.45 tp: 0.00 -> sl: 27285.31 tp: 0.00
0	09:58:22.757	'27133394': order #73354448 sell 0.50 [DJI30] at 27268.99 was modified -> sl: 27285.31 tp: 0.00
1	09:58:45.543	'27133394': modification of order #73354448 sell 0.50 [DJI30] at 27268.99 sl: 27285.31 tp: 0.00 -> sl: 27268.71 tp: 0.00 failed [Invalid S/L or T/P]
0	09:59:14.798	'27133394': close order #73354448 sell 0.50 [DJI30] at 27268.99 sl: 27285.31 tp: 0.00 at price 0.00
0	09:59:15.724	'27133394': order #73354448 sell 0.50 [DJI30] at 27268.99 sl: 27285.31 tp: 0.00 closed at price 27275.99
1	10:00:00.114	Notifications: not enough space for notification 'Classical RSI bullish divergence on:  EURUSD'
1	10:11:00.171	Notifications: not enough space for notification 'Classical RSI bullish divergence on:  [NQ100]'
0	10:14:04.673	'27133394': order buy market 1.00 [DAX30] sl: 0.00 tp: 0.00
0	10:14:05.829	'27133394': order was opened : #73355991 buy 1.00 [DAX30] at 11860.83 sl: 0.00 tp: 0.00
0	10:14:11.838	'27133394': order buy market 1.00 [DJI30] sl: 0.00 tp: 0.00
0	10:14:12.898	'27133394': order was opened : #73355999 buy 1.00 [DJI30] at 27232.19 sl: 0.00 tp: 0.00
0	10:14:19.920	'27133394': modify order #73355999 buy 1.00 [DJI30] at 27232.19 sl: 0.00 tp: 0.00 -> sl: 27209.10 tp: 0.00
0	10:14:20.738	'27133394': order #73355999 buy 1.00 [DJI30] at 27232.19 was modified -> sl: 27209.10 tp: 0.00
0	10:14:38.760	'27133394': modify order #73355991 buy 1.00 [DAX30] at 11860.83 sl: 0.00 tp: 0.00 -> sl: 11821.46 tp: 0.00
0	10:14:39.537	'27133394': order #73355991 buy 1.00 [DAX30] at 11860.83 was modified -> sl: 11821.46 tp: 0.00
0	10:15:15.187	'27133394': order #73355999 buy 1.00 [DJI30] at 27232.19 closed due stop-loss at price 27208.71
0	10:16:43.701	'27133394': close order #73355991 buy 1.00 [DAX30] at 11860.83 sl: 11821.46 tp: 0.00 at price 0.00
0	10:16:44.879	'27133394': order #73355991 buy 1.00 [DAX30] at 11860.83 sl: 11821.46 tp: 0.00 closed at price 11868.29
1	10:17:00.081	Notifications: not enough space for notification 'Classical RSI bullish divergence on:  [DJI30]'
1	10:19:00.687	Notifications: not enough space for notification 'Classical RSI bullish divergence on:  [DJI30]'
0	10:23:22.401	'27133394': close order #73313113 buy 0.06 GBPNZD at 1.94447 sl: 1.93100 tp: 1.95600 at price 0.00000
0	10:23:23.367	'27133394': order #73313113 buy 0.06 GBPNZD at 1.94447 sl: 1.93100 tp: 1.95600 closed at price 1.94574
0	10:23:24.100	'27133394': close order #73303015 buy 0.04 USDCHF at 0.90847 sl: 0.90100 tp: 0.92000 at price 0.00000
0	10:23:25.107	'27133394': order #73303015 buy 0.04 USDCHF at 0.90847 sl: 0.90100 tp: 0.92000 closed at price 0.90998
1	10:25:00.272	Notifications: not enough space for notification 'Classical RSI bullish divergence on:  [DAX30]'
0	10:26:24.926	'27133394': order buy market 1.00 [DJI30] sl: 0.00 tp: 0.00
0	10:26:25.892	'27133394': order was opened : #73357028 buy 1.00 [DJI30] at 27131.13 sl: 0.00 tp: 0.00
0	10:26:30.310	'27133394': order buy market 1.00 [DAX30] sl: 0.00 tp: 0.00
0	10:26:31.332	'27133394': order was opened : #73357030 buy 1.00 [DAX30] at 11826.80 sl: 0.00 tp: 0.00
0	10:26:37.652	'27133394': modify order #73357030 buy 1.00 [DAX30] at 11826.80 sl: 0.00 tp: 0.00 -> sl: 11807.00 tp: 0.00
0	10:26:38.472	'27133394': order #73357030 buy 1.00 [DAX30] at 11826.80 was modified -> sl: 11807.00 tp: 0.00
0	10:26:46.106	'27133394': modify order #73357028 buy 1.00 [DJI30] at 27131.13 sl: 0.00 tp: 0.00 -> sl: 27094.84 tp: 0.00
0	10:26:46.941	'27133394': order #73357028 buy 1.00 [DJI30] at 27131.13 was modified -> sl: 27094.84 tp: 0.00
0	10:30:44.813	'27133394': order #73357030 buy 1.00 [DAX30] at 11826.80 closed due stop-loss at price 11806.24
1	10:32:01.172	Notifications: not enough space for notification 'Classical RSI bullish divergence on:  [DAX30]'
1	10:33:00.505	Notifications: not enough space for notification 'Classical RSI bullish divergence on:  [NQ100]'
0	10:34:28.365	'27133394': order buy market 1.00 [DAX30] sl: 0.00 tp: 0.00
0	10:34:30.887	'27133394': order was opened : #73357686 buy 1.00 [DAX30] at 11826.55 sl: 0.00 tp: 0.00
0	10:34:35.707	'27133394': modify order #73357686 buy 1.00 [DAX30] at 11826.55 sl: 0.00 tp: 0.00 -> sl: 11801.73 tp: 0.00
0	10:34:36.486	'27133394': order #73357686 buy 1.00 [DAX30] at 11826.55 was modified -> sl: 11801.73 tp: 0.00
1	10:37:01.287	Notifications: not enough space for notification 'Classical RSI bullish divergence on:  [NQ100]'
1	10:41:00.900	Notifications: not enough space for notification 'Classical RSI bullish divergence on:  [DJI30]'
0	10:43:47.520	'27133394': close order #73357028 buy 1.00 [DJI30] at 27131.13 sl: 27094.84 tp: 0.00 at price 0.00
0	10:43:48.610	'27133394': order #73357028 buy 1.00 [DJI30] at 27131.13 sl: 27094.84 tp: 0.00 closed at price 27148.12
2	10:46:20.049	Custom indicator AIMS Levels V2 EURAUD,H1: loaded successfully
2	10:46:20.157	Custom indicator AIMS Entry Alert V1 EURAUD,H1: loaded successfully
2	10:46:20.166	Custom indicator CandleTimer EURAUD,H1: loaded successfully
2	10:46:20.266	Custom indicator #Signal_Bars_v6 EURAUD,H1: loaded successfully
2	10:46:20.301	Custom indicator TrendEnvelopes_v1 EURAUD,H1: loaded successfully
2	10:46:20.322	Custom indicator guppy_multiple_moving_averages EURAUD,H1: loaded successfully
2	10:46:20.332	Custom indicator wedges EURAUD,H1: loaded successfully
2	10:46:20.380	Custom indicator Admiral Pivot EURAUD,H1: loaded successfully
2	10:46:20.435	Custom indicator AutoTrendChannel EURAUD,H1: loaded successfully
2	10:46:20.481	Custom indicator FRZ Channel Auto Plotter EURAUD,H1: loaded successfully
2	10:46:20.532	Custom indicator FRZ News Indicator MT4 EURAUD,H1: loaded successfully
2	10:46:20.631	Custom indicator AIMS AO V.2.1 EURAUD,H1: loaded successfully
2	10:46:20.668	Custom indicator IVT_MACD_ZERO_LAG EURAUD,H1: loaded successfully
2	10:46:20.708	Custom indicator RSI Divergence Levels EURAUD,H1: loaded successfully
2	10:46:20.738	Custom indicator JoeChalhoub_FXForecasterV1 EURAUD,H1: loaded successfully
2	10:46:20.748	Custom indicator FRZ Forex Market Session Indicator EURAUD,H1: loaded successfully
0	10:46:57.494	'27133394': order buy market 0.02 EURAUD sl: 0.00000 tp: 0.00000
0	10:46:58.445	'27133394': order was opened : #73358335 buy 0.02 EURAUD at 1.64875 sl: 0.00000 tp: 0.00000
0	10:47:28.899	'27133394': modify order #73358335 buy 0.02 EURAUD at 1.64875 sl: 0.00000 tp: 0.00000 -> sl: 1.64350 tp: 1.67900
0	10:47:29.675	'27133394': order #73358335 buy 0.02 EURAUD at 1.64875 was modified -> sl: 1.64350 tp: 1.67900
0	10:48:02.032	'27133394': order buy market 1.00 [DJI30] sl: 0.00 tp: 0.00
0	10:48:02.993	'27133394': order was opened : #73358372 buy 1.00 [DJI30] at 27172.07 sl: 0.00 tp: 0.00
0	10:48:11.789	'27133394': modify order #73358372 buy 1.00 [DJI30] at 27172.07 sl: 0.00 tp: 0.00 -> sl: 27094.14 tp: 0.00
0	10:48:12.624	'27133394': order #73358372 buy 1.00 [DJI30] at 27172.07 was modified -> sl: 27094.14 tp: 0.00
0	10:49:31.418	'27133394': close order #73358372 buy 1.00 [DJI30] at 27172.07 sl: 27094.14 tp: 0.00 at price 0.00
0	10:49:32.401	'27133394': order #73358372 buy 1.00 [DJI30] at 27172.07 sl: 27094.14 tp: 0.00 closed at price 27188.06
0	10:49:34.787	'27133394': close order #73357686 buy 1.00 [DAX30] at 11826.55 sl: 11801.73 tp: 0.00 at price 0.00
0	10:49:35.940	'27133394': order #73357686 buy 1.00 [DAX30] at 11826.55 sl: 11801.73 tp: 0.00 closed at price 11835.50
1	10:51:11.005	'27133394': connect failed [Connection échouée]
0	11:08:48.718	'27133394': login on AdmiralMarkets-Live through Access Point #7 (ping: n/a)
0	11:08:54.593	'27133394': login datacenter on AdmiralMarkets-Live through Access Point #7 (ping: n/a)
0	11:08:55.923	'27133394': previous successful authorization performed from 154.126.9.194
0	11:09:17.671	'27133394': auto connecting to a better access point Access Point #4 (ping is 251.31 ms)
0	11:09:18.537	'27133394': login on AdmiralMarkets-Live through Access Point #4 (ping: 251.31 ms)
0	11:09:21.353	'27133394': login datacenter on AdmiralMarkets-Live through Access Point #4 (ping: 251.31 ms)
0	11:09:22.072	'27133394': previous successful authorization performed from 154.126.11.128
0	11:13:18.345	'27133394': order sell market 1.00 [DJI30] sl: 0.00 tp: 0.00
0	11:13:18.937	'27133394': order was opened : #73361057 sell 1.00 [DJI30] at 27090.14 sl: 0.00 tp: 0.00
0	11:13:28.711	'27133394': modify order #73361057 sell 1.00 [DJI30] at 27090.14 sl: 0.00 tp: 0.00 -> sl: 27091.21 tp: 0.00
0	11:13:29.067	'27133394': order #73361057 sell 1.00 [DJI30] at 27090.14 was modified -> sl: 27091.21 tp: 0.00
0	11:13:40.043	'27133394': modify order #73361057 sell 1.00 [DJI30] at 27090.14 sl: 27091.21 tp: 0.00 -> sl: 27076.89 tp: 0.00
0	11:13:40.456	'27133394': order #73361057 sell 1.00 [DJI30] at 27090.14 was modified -> sl: 27076.89 tp: 0.00
0	11:13:47.773	'27133394': close order #73361057 sell 1.00 [DJI30] at 27090.14 sl: 27076.89 tp: 0.00 at price 0.00
0	11:13:49.136	'27133394': order #73361057 sell 1.00 [DJI30] at 27090.14 sl: 27076.89 tp: 0.00 closed at price 27062.16
0	11:15:02.945	'27133394': order sell market 1.00 [DAX30] sl: 0.00 tp: 0.00
0	11:15:03.593	'27133394': order was opened : #73361403 sell 1.00 [DAX30] at 11723.49 sl: 0.00 tp: 0.00
0	11:15:08.011	'27133394': modify order #73361403 sell 1.00 [DAX30] at 11723.49 sl: 0.00 tp: 0.00 -> sl: 11724.72 tp: 0.00
0	11:15:08.334	'27133394': order #73361403 sell 1.00 [DAX30] at 11723.49 was modified -> sl: 11724.72 tp: 0.00
0	11:15:15.380	'27133394': close order #73361403 sell 1.00 [DAX30] at 11723.49 sl: 11724.72 tp: 0.00 at price 0.00
0	11:15:16.003	'27133394': order #73361403 sell 1.00 [DAX30] at 11723.49 sl: 11724.72 tp: 0.00 closed at price 11715.05
0	11:17:42.844	'27133394': order sell market 1.00 [DJI30] sl: 0.00 tp: 0.00
0	11:17:43.349	'27133394': order was opened : #73361998 sell 1.00 [DJI30] at 27016.69 sl: 0.00 tp: 0.00
1	11:17:57.954	'27133394': modification of order #73361998 sell 1.00 [DJI30] at 27016.69 sl: 0.00 tp: 0.00 -> sl: 0.00 tp: 27014.14 failed [Invalid S/L or T/P]
1	11:17:59.942	Notifications: not enough space for notification 'Classical RSI bullish divergence on:  GBPNZD'
0	11:18:18.940	'27133394': modify order #73361998 sell 1.00 [DJI30] at 27016.69 sl: 0.00 tp: 0.00 -> sl: 27047.78 tp: 0.00
0	11:18:19.270	'27133394': order #73361998 sell 1.00 [DJI30] at 27016.69 was modified -> sl: 27047.78 tp: 0.00
0	11:18:42.470	'27133394': order #73361998 sell 1.00 [DJI30] at 27016.69 closed due stop-loss at price 27048.17
0	11:19:47.471	'27133394': close order #73302865 buy 0.04 USDCAD at 1.31931 sl: 1.31170 tp: 1.33070 at price 0.00000
0	11:19:47.947	'27133394': order #73302865 buy 0.04 USDCAD at 1.31931 sl: 1.31170 tp: 1.33070 closed at price 1.32160
0	11:20:06.616	'27133394': close order #73314996 sell 0.05 GOLD at 1904.750 sl: 1921.000 tp: 1887.000 at price 0.000
0	11:20:07.066	'27133394': order #73314996 sell 0.05 GOLD at 1904.750 sl: 1921.000 tp: 1887.000 closed at price 1903.600
0	11:20:18.642	'27133394': order sell market 1.00 [DJI30] sl: 0.00 tp: 0.00
0	11:20:19.685	'27133394': order was opened : #73362523 sell 1.00 [DJI30] at 27018.69 sl: 0.00 tp: 0.00
0	11:22:46.799	'27133394': close order #73362523 sell 1.00 [DJI30] at 27018.69 sl: 0.00 tp: 0.00 at price 0.00
0	11:22:47.271	'27133394': order #73362523 sell 1.00 [DJI30] at 27018.69 sl: 0.00 tp: 0.00 closed at price 27021.19
1	11:24:59.810	Notifications: not enough space for notification 'Classical RSI bullish divergence on:  [DAX30]'
0	11:26:05.119	'27133394': order sell market 1.00 [DAX30] sl: 0.00 tp: 0.00
0	11:26:05.805	'27133394': order was opened : #73363436 sell 1.00 [DAX30] at 11663.57 sl: 0.00 tp: 0.00
0	11:26:11.200	'27133394': modify order #73363436 sell 1.00 [DAX30] at 11663.57 sl: 0.00 tp: 0.00 -> sl: 11682.19 tp: 0.00
0	11:26:11.526	'27133394': order #73363436 sell 1.00 [DAX30] at 11663.57 was modified -> sl: 11682.19 tp: 0.00
1	11:26:54.481	'27133394': modification of order #73363436 sell 1.00 [DAX30] at 11663.57 sl: 11682.19 tp: 0.00 -> sl: 11661.57 tp: 0.00 failed [Invalid S/L or T/P]
0	11:27:04.366	'27133394': modify order #73363436 sell 1.00 [DAX30] at 11663.57 sl: 11682.19 tp: 0.00 -> sl: 11663.48 tp: 0.00
0	11:27:04.735	'27133394': order #73363436 sell 1.00 [DAX30] at 11663.57 was modified -> sl: 11663.48 tp: 0.00
0	11:27:21.021	'27133394': close order #73363436 sell 1.00 [DAX30] at 11663.57 sl: 11663.48 tp: 0.00 at price 0.00
0	11:27:21.624	'27133394': order #73363436 sell 1.00 [DAX30] at 11663.57 sl: 11663.48 tp: 0.00 closed at price 11662.44
1	11:27:59.882	Notifications: not enough space for notification 'Classical RSI bullish divergence on:  [DAX30]'
1	11:29:00.101	Notifications: not enough space for notification 'Classical RSI bullish divergence on:  [DJI30]'
0	11:29:24.675	'27133394': order buy market 1.00 [DAX30] sl: 0.00 tp: 0.00
0	11:29:25.311	'27133394': order was opened : #73363878 buy 1.00 [DAX30] at 11688.58 sl: 0.00 tp: 0.00
0	11:29:32.144	'27133394': order buy market 1.00 [DJI30] sl: 0.00 tp: 0.00
0	11:29:32.700	'27133394': order was opened : #73363891 buy 1.00 [DJI30] at 27023.19 sl: 0.00 tp: 0.00
0	11:29:38.377	'27133394': modify order #73363891 buy 1.00 [DJI30] at 27023.19 sl: 0.00 tp: 0.00 -> sl: 26985.90 tp: 0.00
0	11:29:38.719	'27133394': order #73363891 buy 1.00 [DJI30] at 27023.19 was modified -> sl: 26985.90 tp: 0.00
0	11:29:44.939	'27133394': modify order #73363878 buy 1.00 [DAX30] at 11688.58 sl: 0.00 tp: 0.00 -> sl: 11642.18 tp: 0.00
0	11:29:45.280	'27133394': order #73363878 buy 1.00 [DAX30] at 11688.58 was modified -> sl: 11642.18 tp: 0.00
0	11:30:58.534	'27133394': modify order #73363878 buy 1.00 [DAX30] at 11688.58 sl: 11642.18 tp: 0.00 -> sl: 11627.51 tp: 0.00
0	11:30:58.867	'27133394': order #73363878 buy 1.00 [DAX30] at 11688.58 was modified -> sl: 11627.51 tp: 0.00
1	11:30:59.910	Notifications: not enough space for notification 'Classical RSI bullish divergence on:  GOLD'
0	11:31:07.204	'27133394': order #73363891 buy 1.00 [DJI30] at 27023.19 closed due stop-loss at price 26985.22
0	11:31:55.943	'27133394': order buy market 1.00 [DJI30] sl: 0.00 tp: 0.00
0	11:31:56.491	'27133394': order was opened : #73364302 buy 1.00 [DJI30] at 27019.20 sl: 0.00 tp: 0.00
1	11:31:59.900	Notifications: not enough space for notification 'Classical RSI bullish divergence on:  [DJI30]'
0	11:32:21.007	'27133394': modify order #73364302 buy 1.00 [DJI30] at 27019.20 sl: 0.00 tp: 0.00 -> sl: 26953.16 tp: 0.00
0	11:32:21.346	'27133394': order #73364302 buy 1.00 [DJI30] at 27019.20 was modified -> sl: 26953.16 tp: 0.00
0	11:36:07.954	'27133394': modify order #73363878 buy 1.00 [DAX30] at 11688.58 sl: 11627.51 tp: 0.00 -> sl: 11612.76 tp: 0.00
0	11:36:08.319	'27133394': order #73363878 buy 1.00 [DAX30] at 11688.58 was modified -> sl: 11612.76 tp: 0.00
0	11:38:25.828	'27133394': modify order #73364302 buy 1.00 [DJI30] at 27019.20 sl: 26953.16 tp: 0.00 -> sl: 26933.70 tp: 0.00
0	11:38:26.156	'27133394': order #73364302 buy 1.00 [DJI30] at 27019.20 was modified -> sl: 26933.70 tp: 0.00
0	11:50:44.761	'27133394': close order #73363878 buy 1.00 [DAX30] at 11688.58 sl: 11612.76 tp: 0.00 at price 0.00
0	11:50:45.476	'27133394': order #73363878 buy 1.00 [DAX30] at 11688.58 sl: 11612.76 tp: 0.00 closed at price 11720.46
0	11:50:47.828	'27133394': close order #73364302 buy 1.00 [DJI30] at 27019.20 sl: 26933.70 tp: 0.00 at price 0.00
0	11:50:48.365	'27133394': order #73364302 buy 1.00 [DJI30] at 27019.20 sl: 26933.70 tp: 0.00 closed at price 27028.19
0	11:54:05.272	'27133394': order buy market 0.03 GOLD sl: 0.000 tp: 0.000
0	11:54:05.810	'27133394': order was opened : #73366524 buy 0.03 GOLD at 1903.770 sl: 0.000 tp: 0.000
0	11:54:27.222	'27133394': modify order #73366524 buy 0.03 GOLD at 1903.770 sl: 0.000 tp: 0.000 -> sl: 1899.000 tp: 0.000
0	11:54:27.539	'27133394': order #73366524 buy 0.03 GOLD at 1903.770 was modified -> sl: 1899.000 tp: 0.000
2	11:55:13.834	Custom indicator AIMS Levels V2 GBPNZD,M1: removed
2	11:55:13.916	Custom indicator AIMS Entry Alert V1 GBPNZD,M1: removed
2	11:55:13.959	Custom indicator CandleTimer GBPNZD,M1: removed
2	11:55:13.969	Custom indicator #Signal_Bars_v6 GBPNZD,M1: removed
2	11:55:14.052	Custom indicator TrendEnvelopes_v1 GBPNZD,M1: removed
2	11:55:14.111	Custom indicator guppy_multiple_moving_averages GBPNZD,M1: removed
2	11:55:14.164	Custom indicator wedges GBPNZD,M1: removed
2	11:55:14.196	Custom indicator Admiral Pivot GBPNZD,M1: removed
2	11:55:14.221	Custom indicator AutoTrendChannel GBPNZD,M1: removed
2	11:55:14.303	Custom indicator FRZ Channel Auto Plotter GBPNZD,M1: removed
2	11:55:14.321	Custom indicator FRZ News Indicator MT4 GBPNZD,M1: removed
2	11:55:14.331	Custom indicator AIMS AO V.2.1 GBPNZD,M1: removed
2	11:55:14.369	Custom indicator IVT_MACD_ZERO_LAG GBPNZD,M1: removed
2	11:55:14.399	Custom indicator RSI Divergence Levels GBPNZD,M1: removed
2	11:55:14.424	Custom indicator JoeChalhoub_FXForecasterV1 GBPNZD,M1: removed
2	11:55:14.439	Custom indicator FRZ Forex Market Session Indicator GBPNZD,M1: removed
2	11:55:53.343	Custom indicator AIMS Levels V2 GBPUSD,H1: loaded successfully
2	11:55:53.441	Custom indicator AIMS Entry Alert V1 GBPUSD,H1: loaded successfully
2	11:55:53.453	Custom indicator CandleTimer GBPUSD,H1: loaded successfully
2	11:55:53.561	Custom indicator #Signal_Bars_v6 GBPUSD,H1: loaded successfully
2	11:55:53.572	Custom indicator TrendEnvelopes_v1 GBPUSD,H1: loaded successfully
2	11:55:53.625	Custom indicator guppy_multiple_moving_averages GBPUSD,H1: loaded successfully
2	11:55:53.638	Custom indicator wedges GBPUSD,H1: loaded successfully
2	11:55:53.668	Custom indicator Admiral Pivot GBPUSD,H1: loaded successfully
2	11:55:53.769	Custom indicator AutoTrendChannel GBPUSD,H1: loaded successfully
2	11:55:53.815	Custom indicator FRZ Channel Auto Plotter GBPUSD,H1: loaded successfully
2	11:55:53.865	Custom indicator FRZ News Indicator MT4 GBPUSD,H1: loaded successfully
2	11:55:54.090	Custom indicator AIMS AO V.2.1 GBPUSD,H1: loaded successfully
2	11:55:54.102	Custom indicator IVT_MACD_ZERO_LAG GBPUSD,H1: loaded successfully
2	11:55:54.114	Custom indicator RSI Divergence Levels GBPUSD,H1: loaded successfully
2	11:55:54.226	Custom indicator JoeChalhoub_FXForecasterV1 GBPUSD,H1: loaded successfully
2	11:55:54.239	Custom indicator FRZ Forex Market Session Indicator GBPUSD,H1: loaded successfully
0	11:59:31.722	'27133394': order buy market 1.00 [DAX30] sl: 0.00 tp: 0.00
0	11:59:32.262	'27133394': order was opened : #73367002 buy 1.00 [DAX30] at 11737.47 sl: 0.00 tp: 0.00
0	12:00:05.999	'27133394': modify order #73367002 buy 1.00 [DAX30] at 11737.47 sl: 0.00 tp: 0.00 -> sl: 11630.46 tp: 0.00
0	12:00:06.340	'27133394': order #73367002 buy 1.00 [DAX30] at 11737.47 was modified -> sl: 11630.46 tp: 0.00
1	12:11:05.194	'27133394': modification of order #73367002 buy 1.00 [DAX30] at 11737.47 sl: 11630.46 tp: 0.00 -> sl: 11739.73 tp: 0.00 failed [Invalid S/L or T/P]
0	12:14:13.633	'27133394': modify order #73367002 buy 1.00 [DAX30] at 11737.47 sl: 11630.46 tp: 0.00 -> sl: 11739.73 tp: 0.00
0	12:14:13.946	'27133394': order #73367002 buy 1.00 [DAX30] at 11737.47 was modified -> sl: 11739.73 tp: 0.00
0	12:15:03.246	'27133394': order #73367002 buy 1.00 [DAX30] at 11737.47 closed due stop-loss at price 11739.45
0	12:22:11.409	'27133394': order sell market 0.40 [DAX30] sl: 0.00 tp: 0.00
0	12:22:12.083	'27133394': order was opened : #73368987 sell 0.40 [DAX30] at 11705.03 sl: 0.00 tp: 0.00
0	12:22:24.591	'27133394': modify order #73368987 sell 0.40 [DAX30] at 11705.03 sl: 0.00 tp: 0.00 -> sl: 11738.46 tp: 0.00
0	12:22:25.004	'27133394': order #73368987 sell 0.40 [DAX30] at 11705.03 was modified -> sl: 11738.46 tp: 0.00
0	12:23:35.033	'27133394': modify order #73368987 sell 0.40 [DAX30] at 11705.03 sl: 11738.46 tp: 0.00 -> sl: 11703.09 tp: 0.00
0	12:23:35.462	'27133394': order #73368987 sell 0.40 [DAX30] at 11705.03 was modified -> sl: 11703.09 tp: 0.00
0	12:23:37.960	'27133394': order #73368987 sell 0.40 [DAX30] at 11705.03 closed due stop-loss at price 11703.22
0	12:30:44.096	'27133394': order sell market 0.40 [DAX30] sl: 0.00 tp: 0.00
0	12:30:44.709	'27133394': order was opened : #73369738 sell 0.40 [DAX30] at 11699.09 sl: 0.00 tp: 0.00
0	12:30:49.757	'27133394': modify order #73369738 sell 0.40 [DAX30] at 11699.09 sl: 0.00 tp: 0.00 -> sl: 11701.26 tp: 0.00
0	12:30:50.099	'27133394': order #73369738 sell 0.40 [DAX30] at 11699.09 was modified -> sl: 11701.26 tp: 0.00
0	12:30:57.114	'27133394': modify order #73369738 sell 0.40 [DAX30] at 11699.09 sl: 11701.26 tp: 0.00 -> sl: 11708.82 tp: 0.00
0	12:30:57.439	'27133394': order #73369738 sell 0.40 [DAX30] at 11699.09 was modified -> sl: 11708.82 tp: 0.00
0	12:31:04.726	'27133394': modify order #73369738 sell 0.40 [DAX30] at 11699.09 sl: 11708.82 tp: 0.00 -> sl: 11714.70 tp: 0.00
0	12:31:05.709	'27133394': order #73369738 sell 0.40 [DAX30] at 11699.09 was modified -> sl: 11714.70 tp: 0.00
0	12:31:57.961	'27133394': modify order #73369738 sell 0.40 [DAX30] at 11699.09 sl: 11714.70 tp: 0.00 -> sl: 11697.90 tp: 0.00
0	12:31:58.306	'27133394': order #73369738 sell 0.40 [DAX30] at 11699.09 was modified -> sl: 11697.90 tp: 0.00
0	12:34:04.264	'27133394': order #73369738 sell 0.40 [DAX30] at 11699.09 closed due stop-loss at price 11698.12
2	12:35:34.384	Custom indicator AIMS Levels V2 EURJPY,Daily: loaded successfully
2	12:35:34.467	Custom indicator AIMS Entry Alert V1 EURJPY,Daily: loaded successfully
2	12:35:34.487	Custom indicator CandleTimer EURJPY,Daily: loaded successfully
2	12:35:34.596	Custom indicator #Signal_Bars_v6 EURJPY,Daily: loaded successfully
2	12:35:34.606	Custom indicator TrendEnvelopes_v1 EURJPY,Daily: loaded successfully
2	12:35:34.630	Custom indicator guppy_multiple_moving_averages EURJPY,Daily: loaded successfully
2	12:35:34.669	Custom indicator wedges EURJPY,Daily: loaded successfully
2	12:35:34.679	Custom indicator Admiral Pivot EURJPY,Daily: loaded successfully
2	12:35:34.720	Custom indicator AutoTrendChannel EURJPY,Daily: loaded successfully
2	12:35:34.729	Custom indicator FRZ Channel Auto Plotter EURJPY,Daily: loaded successfully
2	12:35:34.741	Custom indicator FRZ News Indicator MT4 EURJPY,Daily: loaded successfully
2	12:35:34.851	Custom indicator AIMS AO V.2.1 EURJPY,Daily: loaded successfully
2	12:35:34.877	Custom indicator IVT_MACD_ZERO_LAG EURJPY,Daily: loaded successfully
2	12:35:34.900	Custom indicator RSI Divergence Levels EURJPY,Daily: loaded successfully
2	12:35:34.934	Custom indicator JoeChalhoub_FXForecasterV1 EURJPY,Daily: loaded successfully
2	12:35:34.964	Custom indicator FRZ Forex Market Session Indicator EURJPY,Daily: loaded successfully
0	12:38:00.711	'27133394': close order #73358335 buy 0.02 EURAUD at 1.64875 sl: 1.64350 tp: 1.67900 at price 0.00000
0	12:38:01.146	'27133394': order #73358335 buy 0.02 EURAUD at 1.64875 sl: 1.64350 tp: 1.67900 closed at price 1.65242
0	12:40:09.805	'27133394': order sell market 0.40 [DAX30] sl: 0.00 tp: 0.00
0	12:40:10.424	'27133394': order was opened : #73370398 sell 0.40 [DAX30] at 11677.17 sl: 0.00 tp: 0.00
0	12:40:48.327	'27133394': modify order #73370398 sell 0.40 [DAX30] at 11677.17 sl: 0.00 tp: 0.00 -> sl: 11689.57 tp: 0.00
0	12:40:48.653	'27133394': order #73370398 sell 0.40 [DAX30] at 11677.17 was modified -> sl: 11689.57 tp: 0.00
0	12:40:53.104	'27133394': modify order #73370398 sell 0.40 [DAX30] at 11677.17 sl: 11689.57 tp: 0.00 -> sl: 11676.17 tp: 0.00
0	12:40:53.473	'27133394': order #73370398 sell 0.40 [DAX30] at 11677.17 was modified -> sl: 11676.17 tp: 0.00
0	12:41:00.001	'27133394': order #73370398 sell 0.40 [DAX30] at 11677.17 closed due stop-loss at price 11676.53
1	12:42:02.988	Notifications: not enough space for notification 'Classical RSI bullish divergence on:  [NQ100]'
1	12:44:59.790	Notifications: not enough space for notification 'Classical RSI bullish divergence on:  EURJPY'
0	12:45:37.856	'27133394': login on AdmiralMarkets-Live through Access Point #4 (ping: 251.31 ms)
0	12:45:41.656	'27133394': login datacenter on AdmiralMarkets-Live through Access Point #4 (ping: 251.31 ms)
0	12:45:42.294	'27133394': previous successful authorization performed from 154.126.11.147
0	12:46:04.935	'27133394': ping to current access point Access Point #4 is 201.37 ms
0	12:48:08.567	'27133394': order sell market 0.40 [DAX30] sl: 0.00 tp: 0.00
0	12:48:09.252	'27133394': order was opened : #73371061 sell 0.40 [DAX30] at 11671.37 sl: 0.00 tp: 0.00
0	12:48:21.758	'27133394': modify order #73371061 sell 0.40 [DAX30] at 11671.37 sl: 0.00 tp: 0.00 -> sl: 11679.13 tp: 0.00
0	12:48:22.062	'27133394': order #73371061 sell 0.40 [DAX30] at 11671.37 was modified -> sl: 11679.13 tp: 0.00
0	12:48:30.541	'27133394': modify order #73371061 sell 0.40 [DAX30] at 11671.37 sl: 11679.13 tp: 0.00 -> sl: 11670.35 tp: 0.00
0	12:48:30.845	'27133394': order #73371061 sell 0.40 [DAX30] at 11671.37 was modified -> sl: 11670.35 tp: 0.00
0	12:48:34.387	'27133394': order #73371061 sell 0.40 [DAX30] at 11671.37 closed due stop-loss at price 11670.71
1	12:51:01.330	Notifications: not enough space for notification 'Classical RSI bullish divergence on:  [DAX30]'
0	12:54:22.575	'27133394': order buy market 0.50 [DAX30] sl: 0.00 tp: 0.00
0	12:54:25.304	'27133394': order was opened : #73371463 buy 0.50 [DAX30] at 11675.95 sl: 0.00 tp: 0.00
0	12:54:38.173	'27133394': modify order #73371463 buy 0.50 [DAX30] at 11675.95 sl: 0.00 tp: 0.00 -> sl: 11627.50 tp: 0.00
0	12:54:39.210	'27133394': order #73371463 buy 0.50 [DAX30] at 11675.95 was modified -> sl: 11627.50 tp: 0.00
0	12:56:46.990	'27133394': close order #73371463 buy 0.50 [DAX30] at 11675.95 sl: 11627.50 tp: 0.00 at price 0.00
0	12:56:47.535	'27133394': order #73371463 buy 0.50 [DAX30] at 11675.95 sl: 11627.50 tp: 0.00 closed at price 11696.85
0	12:58:22.179	'27133394': order buy market 0.50 [DAX30] sl: 0.00 tp: 0.00
0	12:58:22.860	'27133394': order was opened : #73371726 buy 0.50 [DAX30] at 11702.55 sl: 0.00 tp: 0.00
0	12:58:39.402	'27133394': modify order #73371726 buy 0.50 [DAX30] at 11702.55 sl: 0.00 tp: 0.00 -> sl: 11662.90 tp: 0.00
0	12:58:39.706	'27133394': order #73371726 buy 0.50 [DAX30] at 11702.55 was modified -> sl: 11662.90 tp: 0.00
0	12:58:59.768	'27133394': modify order #73371726 buy 0.50 [DAX30] at 11702.55 sl: 11662.90 tp: 0.00 -> sl: 11701.97 tp: 0.00
0	12:59:00.063	'27133394': order #73371726 buy 0.50 [DAX30] at 11702.55 was modified -> sl: 11701.97 tp: 0.00
1	12:59:20.767	'27133394': modification of order #73371726 buy 0.50 [DAX30] at 11702.55 sl: 11701.97 tp: 0.00 -> sl: 11701.97 tp: 11703.96 failed [Invalid S/L or T/P]
0	12:59:34.743	'27133394': modify order #73371726 buy 0.50 [DAX30] at 11702.55 sl: 11701.97 tp: 0.00 -> sl: 11703.96 tp: 0.00
0	12:59:36.342	'27133394': order #73371726 buy 0.50 [DAX30] at 11702.55 was modified -> sl: 11703.96 tp: 0.00
0	13:02:08.347	'27133394': order #73366524 buy 0.03 GOLD at 1903.770 closed due stop-loss at price 1899.000
0	13:02:16.006	'27133394': close order #73371726 buy 0.50 [DAX30] at 11702.55 sl: 11703.96 tp: 0.00 at price 0.00
0	13:02:16.614	'27133394': order #73371726 buy 0.50 [DAX30] at 11702.55 sl: 11703.96 tp: 0.00 closed at price 11732.63
1	13:11:59.720	Notifications: not enough space for notification 'Classical RSI bearish divergence on:  [DAX30]'
1	13:21:59.696	Notifications: not enough space for notification 'Classical RSI bearish divergence on:  [DAX30]'
1	13:36:44.740	'27133394': ping failed
0	13:36:45.495	'27133394': login on AdmiralMarkets-Live through Access Point #4 (ping: 201.37 ms)
0	13:36:50.183	'27133394': login datacenter on AdmiralMarkets-Live through Access Point #4 (ping: 201.37 ms)
0	13:36:51.066	'27133394': previous successful authorization performed from 197.149.33.37
2	13:53:19.483	Custom indicator b-clock modified USDJPY,H1: removed
2	13:53:19.570	Custom indicator AutoTrendChannel USDJPY,H1: removed
2	13:53:19.591	Custom indicator phoenix USDJPY,H1: removed
2	13:53:20.032	Custom indicator FuturoTI USDJPY,H1: removed
2	13:53:20.217	Custom indicator AIMS Levels V2 USDJPY,H1: loaded successfully
2	13:53:20.308	Custom indicator AIMS Entry Alert V1 USDJPY,H1: loaded successfully
2	13:53:20.450	Custom indicator CandleTimer USDJPY,H1: loaded successfully
2	13:53:20.517	Custom indicator #Signal_Bars_v6 USDJPY,H1: loaded successfully
2	13:53:20.558	Custom indicator TrendEnvelopes_v1 USDJPY,H1: loaded successfully
2	13:53:20.566	Custom indicator guppy_multiple_moving_averages USDJPY,H1: loaded successfully
2	13:53:20.610	Custom indicator wedges USDJPY,H1: loaded successfully
2	13:53:20.717	Custom indicator Admiral Pivot USDJPY,H1: loaded successfully
2	13:53:20.875	Custom indicator AutoTrendChannel USDJPY,H1: loaded successfully
2	13:53:20.932	Custom indicator FRZ Channel Auto Plotter USDJPY,H1: loaded successfully
2	13:53:20.969	Custom indicator FRZ News Indicator MT4 USDJPY,H1: loaded successfully
2	13:53:21.036	Custom indicator AIMS AO V.2.1 USDJPY,H1: loaded successfully
2	13:53:21.060	Custom indicator IVT_MACD_ZERO_LAG USDJPY,H1: loaded successfully
2	13:53:21.081	Custom indicator RSI Divergence Levels USDJPY,H1: loaded successfully
2	13:53:21.164	Custom indicator JoeChalhoub_FXForecasterV1 USDJPY,H1: loaded successfully
2	13:53:21.173	Custom indicator FRZ Forex Market Session Indicator USDJPY,H1: loaded successfully
1	14:01:00.805	Notifications: not enough space for notification 'Classical RSI bullish divergence on:  [DJI30]'
1	14:07:59.500	Notifications: not enough space for notification 'Classical RSI bullish divergence on:  EURJPY'
1	14:10:59.774	Notifications: not enough space for notification 'Classical RSI bullish divergence on:  EURJPY'
1	14:29:59.409	Notifications: not enough space for notification 'Classical RSI bullish divergence on:  NZDUSD'
1	14:30:00.300	Notifications: not enough space for notification 'Classical RSI bullish divergence on:  GBPJPY'
1	14:42:00.584	Notifications: not enough space for notification 'Classical RSI bullish divergence on:  [DAX30]'
0	14:49:14.801	'27133394': order buy market 0.50 [DAX30] sl: 0.00 tp: 0.00
0	14:49:15.688	'27133394': order was opened : #73381112 buy 0.50 [DAX30] at 11671.74 sl: 0.00 tp: 0.00
0	14:49:23.196	'27133394': modify order #73381112 buy 0.50 [DAX30] at 11671.74 sl: 0.00 tp: 0.00 -> sl: 11641.04 tp: 0.00
0	14:49:23.540	'27133394': order #73381112 buy 0.50 [DAX30] at 11671.74 was modified -> sl: 11641.04 tp: 0.00
0	14:50:00.734	'27133394': modify order #73381112 buy 0.50 [DAX30] at 11671.74 sl: 11641.04 tp: 0.00 -> sl: 11640.57 tp: 0.00
0	14:50:01.052	'27133394': order #73381112 buy 0.50 [DAX30] at 11671.74 was modified -> sl: 11640.57 tp: 0.00
0	14:50:48.014	'27133394': modify order #73381112 buy 0.50 [DAX30] at 11671.74 sl: 11640.57 tp: 0.00 -> sl: 11640.11 tp: 0.00
0	14:50:48.366	'27133394': order #73381112 buy 0.50 [DAX30] at 11671.74 was modified -> sl: 11640.11 tp: 0.00
0	14:52:16.657	'27133394': modify order #73381112 buy 0.50 [DAX30] at 11671.74 sl: 11640.11 tp: 0.00 -> sl: 11672.13 tp: 0.00
0	14:52:16.976	'27133394': order #73381112 buy 0.50 [DAX30] at 11671.74 was modified -> sl: 11672.13 tp: 0.00
0	14:58:09.415	'27133394': order #73381112 buy 0.50 [DAX30] at 11671.74 closed due stop-loss at price 11671.87
1	15:00:01.126	Notifications: not enough space for notification 'Classical RSI bullish divergence on:  USDJPY'
0	15:12:42.674	'27133394': order buy market 0.50 [DAX30] sl: 0.00 tp: 0.00
0	15:12:43.269	'27133394': order was opened : #73382873 buy 0.50 [DAX30] at 11639.79 sl: 0.00 tp: 0.00
0	15:12:47.139	'27133394': modify order #73382873 buy 0.50 [DAX30] at 11639.79 sl: 0.00 tp: 0.00 -> sl: 11625.39 tp: 0.00
0	15:12:47.423	'27133394': order #73382873 buy 0.50 [DAX30] at 11639.79 was modified -> sl: 11625.39 tp: 0.00
1	15:12:59.525	Notifications: not enough space for notification 'Classical RSI bullish divergence on:  [NQ100]'
1	15:13:41.962	'27133394': modification of order #73382873 buy 0.50 [DAX30] at 11639.79 sl: 11625.39 tp: 0.00 -> sl: 11640.08 tp: 0.00 failed [Invalid S/L or T/P]
1	15:15:47.666	Notifications: not enough space for notification 'Classical RSI bullish divergence on:  GBPJPY'
1	15:15:59.828	Notifications: not enough space for notification 'Classical RSI bullish divergence on:  [DAX30]'
0	15:16:26.921	'27133394': order #73382873 buy 0.50 [DAX30] at 11639.79 closed due stop-loss at price 11625.15
0	15:18:27.980	'27133394': order buy market 0.50 [DAX30] sl: 0.00 tp: 0.00
0	15:18:28.596	'27133394': order was opened : #73383310 buy 0.50 [DAX30] at 11637.69 sl: 0.00 tp: 0.00
0	15:18:35.999	'27133394': modify order #73383310 buy 0.50 [DAX30] at 11637.69 sl: 0.00 tp: 0.00 -> sl: 11619.49 tp: 0.00
0	15:18:36.283	'27133394': order #73383310 buy 0.50 [DAX30] at 11637.69 was modified -> sl: 11619.49 tp: 0.00
0	15:18:40.080	'27133394': modify order #73383310 buy 0.50 [DAX30] at 11637.69 sl: 11619.49 tp: 0.00 -> sl: 11617.83 tp: 0.00
0	15:18:40.397	'27133394': order #73383310 buy 0.50 [DAX30] at 11637.69 was modified -> sl: 11617.83 tp: 0.00
0	15:26:55.204	'27133394': modify order #73383310 buy 0.50 [DAX30] at 11637.69 sl: 11617.83 tp: 0.00 -> sl: 11638.57 tp: 0.00
0	15:26:55.501	'27133394': order #73383310 buy 0.50 [DAX30] at 11637.69 was modified -> sl: 11638.57 tp: 0.00
0	15:31:48.939	'27133394': order #73383310 buy 0.50 [DAX30] at 11637.69 closed due stop-loss at price 11637.54
1	15:51:59.565	Notifications: not enough space for notification 'Classical RSI bullish divergence on:  [DAX30]'
0	15:52:54.440	'27133394': order buy market 0.50 [DAX30] sl: 0.00 tp: 0.00
0	15:52:55.072	'27133394': order was opened : #73387056 buy 0.50 [DAX30] at 11575.47 sl: 0.00 tp: 0.00
1	15:52:59.412	Notifications: not enough space for notification 'Classical RSI bearish divergence on:  EURJPY'
0	15:53:00.095	'27133394': modify order #73387056 buy 0.50 [DAX30] at 11575.47 sl: 0.00 tp: 0.00 -> sl: 11562.25 tp: 0.00
0	15:53:00.412	'27133394': order #73387056 buy 0.50 [DAX30] at 11575.47 was modified -> sl: 11562.25 tp: 0.00
1	15:54:59.308	Notifications: not enough space for notification 'Classical RSI bullish divergence on:  [DAX30]'
0	15:55:30.457	'27133394': order #73387056 buy 0.50 [DAX30] at 11575.47 closed due stop-loss at price 11561.11
0	15:57:50.167	'27133394': order buy market 0.50 [DAX30] sl: 0.00 tp: 0.00
0	15:57:51.206	'27133394': order was opened : #73387512 buy 0.50 [DAX30] at 11565.74 sl: 0.00 tp: 0.00
0	15:57:56.678	'27133394': modify order #73387512 buy 0.50 [DAX30] at 11565.74 sl: 0.00 tp: 0.00 -> sl: 11549.17 tp: 0.00
0	15:57:56.947	'27133394': order #73387512 buy 0.50 [DAX30] at 11565.74 was modified -> sl: 11549.17 tp: 0.00
1	15:57:59.294	Notifications: not enough space for notification 'Classical RSI bullish divergence on:  [DAX30]'
1	15:57:59.367	Notifications: not enough space for notification 'Classical RSI bullish divergence on:  [NQ100]'
0	15:58:19.902	'27133394': modify order #73387512 buy 0.50 [DAX30] at 11565.74 sl: 11549.17 tp: 0.00 -> sl: 11566.50 tp: 0.00
0	15:58:20.645	'27133394': order #73387512 buy 0.50 [DAX30] at 11565.74 was modified -> sl: 11566.50 tp: 0.00
0	15:58:27.359	'27133394': close order #73387512 buy 0.50 [DAX30] at 11565.74 sl: 11566.50 tp: 0.00 at price 0.00
0	15:58:29.826	'27133394': order #73387512 buy 0.50 [DAX30] at 11565.74 sl: 11566.50 tp: 0.00 closed at price 11577.87
1	15:58:59.403	Notifications: not enough space for notification 'Classical RSI bullish divergence on:  [DJI30]'
0	15:59:05.501	'27133394': order buy market 0.50 [DAX30] sl: 0.00 tp: 0.00
0	15:59:06.104	'27133394': order was opened : #73387629 buy 0.50 [DAX30] at 11582.38 sl: 0.00 tp: 0.00
1	15:59:59.336	Notifications: not enough space for notification 'Classical RSI bullish divergence on:  GBPJPY'
1	15:59:59.534	Notifications: not enough space for notification 'Classical RSI bullish divergence on:  AUDUSD'
0	16:00:30.606	'27133394': modify order #73387629 buy 0.50 [DAX30] at 11582.38 sl: 0.00 tp: 0.00 -> sl: 11580.81 tp: 0.00
0	16:00:30.890	'27133394': order #73387629 buy 0.50 [DAX30] at 11582.38 was modified -> sl: 11580.81 tp: 0.00
0	16:00:45.090	'27133394': close order #73387629 buy 0.50 [DAX30] at 11582.38 sl: 11580.81 tp: 0.00 at price 0.00
0	16:00:45.617	'27133394': order #73387629 buy 0.50 [DAX30] at 11582.38 sl: 11580.81 tp: 0.00 closed at price 11590.06
1	16:41:59.542	Notifications: not enough space for notification 'Classical RSI bullish divergence on:  [NQ100]'
1	16:58:00.537	'27133394': ping failed
0	16:58:01.729	'27133394': login on AdmiralMarkets-Live through Access Point #4 (ping: 201.37 ms)
0	16:58:04.350	'27133394': login datacenter on AdmiralMarkets-Live through Access Point #4 (ping: 201.37 ms)
0	16:58:05.029	'27133394': previous successful authorization performed from 197.149.33.37
0	16:58:22.772	'27133394': auto connecting to a better access point Access Point #5 (ping is 197.77 ms)
0	16:58:23.540	'27133394': login on AdmiralMarkets-Live through Access Point #5 (ping: 197.77 ms)
0	16:58:25.907	'27133394': login datacenter on AdmiralMarkets-Live through Access Point #5 (ping: 197.77 ms)
0	16:58:26.442	'27133394': previous successful authorization performed from 197.149.22.218
0	17:05:23.944	'27133394': order sell market 0.20 [DAX30] sl: 0.00 tp: 0.00
0	17:05:25.335	'27133394': order was opened : #73395227 sell 0.20 [DAX30] at 11581.82 sl: 0.00 tp: 0.00
0	17:05:34.339	'27133394': modify order #73395227 sell 0.20 [DAX30] at 11581.82 sl: 0.00 tp: 0.00 -> sl: 11582.76 tp: 0.00
0	17:05:34.626	'27133394': order #73395227 sell 0.20 [DAX30] at 11581.82 was modified -> sl: 11582.76 tp: 0.00
0	17:05:53.296	'27133394': order #73395227 sell 0.20 [DAX30] at 11581.82 closed due stop-loss at price 11583.63
1	17:06:59.293	Notifications: not enough space for notification 'Classical RSI bullish divergence on:  [NQ100]'
0	17:12:47.703	'27133394': order buy market 0.20 [DAX30] sl: 0.00 tp: 0.00
0	17:12:48.397	'27133394': order was opened : #73395982 buy 0.20 [DAX30] at 11600.51 sl: 0.00 tp: 0.00
0	17:12:54.305	'27133394': modify order #73395982 buy 0.20 [DAX30] at 11600.51 sl: 0.00 tp: 0.00 -> sl: 11574.27 tp: 0.00
0	17:12:54.593	'27133394': order #73395982 buy 0.20 [DAX30] at 11600.51 was modified -> sl: 11574.27 tp: 0.00
0	17:13:24.507	'27133394': modify order #73395982 buy 0.20 [DAX30] at 11600.51 sl: 11574.27 tp: 0.00 -> sl: 11573.89 tp: 0.00
0	17:13:25.078	'27133394': order #73395982 buy 0.20 [DAX30] at 11600.51 was modified -> sl: 11573.89 tp: 0.00
0	17:19:24.315	'27133394': order #73395982 buy 0.20 [DAX30] at 11600.51 closed due stop-loss at price 11573.21
1	17:25:59.225	Notifications: not enough space for notification 'Classical RSI bullish divergence on:  [NQ100]'
1	17:29:59.253	Notifications: not enough space for notification 'Classical RSI bullish divergence on:  [NQ100]'
1	17:29:59.770	Notifications: not enough space for notification 'Classical RSI bullish divergence on:  [DJI30]'
1	17:51:45.439	'27133394': connect failed [Connection échouée]
0	17:55:50.979	'27133394': login on AdmiralMarkets-Live through Access Point #5 (ping: 197.77 ms)
0	17:55:55.491	'27133394': login datacenter on AdmiralMarkets-Live through Access Point #5 (ping: 197.77 ms)
0	17:55:56.050	'27133394': previous successful authorization performed from 154.126.9.171
1	17:56:35.740	'27133394': ping failed
1	17:56:35.742	'27133394': datacenter connecting failed [6]
0	17:56:37.885	'27133394': login on AdmiralMarkets-Live through Access Point #8 (ping: n/a)
0	17:56:43.380	'27133394': login datacenter on AdmiralMarkets-Live through Access Point #8 (ping: n/a)
0	17:56:44.696	'27133394': previous successful authorization performed from 154.126.9.171
1	17:56:49.194	Notifications: not enough space for notification 'Classical RSI bullish divergence on:  NZDUSD'
0	17:56:54.126	'27133394': ping to current access point Access Point #8 is 579.76 ms
0	17:57:03.791	'27133394': login on AdmiralMarkets-Live through Access Point #8 (ping: 579.76 ms)
0	17:57:08.733	'27133394': login datacenter on AdmiralMarkets-Live through Access Point #8 (ping: 579.76 ms)
0	17:57:09.814	'27133394': previous successful authorization performed from 154.126.9.171
1	17:57:29.320	Notifications: not enough space for notification 'Classical RSI bullish divergence on:  AUDUSD'
1	17:59:00.647	Notifications: not enough space for notification 'Classical RSI bullish divergence on:  [DAX30]'
1	18:02:40.948	Notifications: not enough space for notification 'Classical RSI bullish divergence on:  GOLD'
1	18:19:52.659	Notifications: not enough space for notification 'Classical RSI bullish divergence on:  [DAX30]'
1	18:30:00.478	Notifications: not enough space for notification 'Classical RSI bullish divergence on:  NZDJPY'
1	18:35:02.401	Notifications: not enough space for notification 'Classical RSI bullish divergence on:  EURJPY'
0	18:35:35.779	'27133394': order buy market 1.00 [DAX30] sl: 0.00 tp: 0.00
0	18:35:43.277	'27133394': order was opened : #73406278 buy 1.00 [DAX30] at 11486.18 sl: 0.00 tp: 0.00
0	18:35:52.987	'27133394': modify order #73406278 buy 1.00 [DAX30] at 11486.18 sl: 0.00 tp: 0.00 -> sl: 11454.29 tp: 0.00
0	18:35:57.164	'27133394': order #73406278 buy 1.00 [DAX30] at 11486.18 was modified -> sl: 11454.29 tp: 0.00
0	18:36:04.996	'27133394': modify order #73406278 buy 1.00 [DAX30] at 11486.18 sl: 11454.29 tp: 0.00 -> sl: 11453.74 tp: 0.00
0	18:36:08.474	'27133394': order #73406278 buy 1.00 [DAX30] at 11486.18 was modified -> sl: 11453.74 tp: 0.00
0	18:40:05.588	'27133394': modify order #73406278 buy 1.00 [DAX30] at 11486.18 sl: 11453.74 tp: 0.00 -> sl: 11486.66 tp: 0.00
0	18:40:06.282	'27133394': order #73406278 buy 1.00 [DAX30] at 11486.18 was modified -> sl: 11486.66 tp: 0.00
0	18:40:21.860	'27133394': close order #73406278 buy 1.00 [DAX30] at 11486.18 sl: 11486.66 tp: 0.00 at price 0.00
0	18:40:22.872	'27133394': order #73406278 buy 1.00 [DAX30] at 11486.18 sl: 11486.66 tp: 0.00 closed at price 11507.90
0	18:41:28.503	'27133394': order buy market 1.00 [DAX30] sl: 0.00 tp: 0.00
0	18:41:29.388	'27133394': order was opened : #73406839 buy 1.00 [DAX30] at 11529.97 sl: 0.00 tp: 0.00
0	18:42:18.195	'27133394': modify order #73406839 buy 1.00 [DAX30] at 11529.97 sl: 0.00 tp: 0.00 -> sl: 11528.35 tp: 0.00
0	18:42:18.921	'27133394': order #73406839 buy 1.00 [DAX30] at 11529.97 was modified -> sl: 11528.35 tp: 0.00
0	18:42:22.045	'27133394': modify order #73406839 buy 1.00 [DAX30] at 11529.97 sl: 11528.35 tp: 0.00 -> sl: 11524.51 tp: 0.00
0	18:42:22.845	'27133394': order #73406839 buy 1.00 [DAX30] at 11529.97 was modified -> sl: 11524.51 tp: 0.00
0	18:42:27.377	'27133394': modify order #73406839 buy 1.00 [DAX30] at 11529.97 sl: 11524.51 tp: 0.00 -> sl: 11528.35 tp: 0.00
0	18:42:28.110	'27133394': order #73406839 buy 1.00 [DAX30] at 11529.97 was modified -> sl: 11528.35 tp: 0.00
0	18:42:41.563	'27133394': modify order #73406839 buy 1.00 [DAX30] at 11529.97 sl: 11528.35 tp: 0.00 -> sl: 11531.09 tp: 0.00
0	18:42:42.642	'27133394': order #73406839 buy 1.00 [DAX30] at 11529.97 was modified -> sl: 11531.09 tp: 0.00
0	18:43:46.596	'27133394': close order #73406839 buy 1.00 [DAX30] at 11529.97 sl: 11531.09 tp: 0.00 at price 0.00
0	18:43:47.487	'27133394': order #73406839 buy 1.00 [DAX30] at 11529.97 sl: 11531.09 tp: 0.00 closed at price 11557.69
0	18:46:06.931	'27133394': order buy market 0.50 [DAX30] sl: 0.00 tp: 0.00
0	18:46:07.944	'27133394': order was opened : #73407237 buy 0.50 [DAX30] at 11555.08 sl: 0.00 tp: 0.00
0	18:46:22.776	'27133394': modify order #73407237 buy 0.50 [DAX30] at 11555.08 sl: 0.00 tp: 0.00 -> sl: 11553.58 tp: 0.00
0	18:46:23.430	'27133394': order #73407237 buy 0.50 [DAX30] at 11555.08 was modified -> sl: 11553.58 tp: 0.00
0	18:46:27.719	'27133394': modify order #73407237 buy 0.50 [DAX30] at 11555.08 sl: 11553.58 tp: 0.00 -> sl: 11555.77 tp: 0.00
0	18:46:28.685	'27133394': order #73407237 buy 0.50 [DAX30] at 11555.08 was modified -> sl: 11555.77 tp: 0.00
1	18:48:00.553	Notifications: not enough space for notification 'Classical RSI bearish divergence on:  GOLD'
1	18:53:01.546	Notifications: not enough space for notification 'Classical RSI bearish divergence on:  EURJPY'
1	18:54:00.312	Notifications: not enough space for notification 'Classical RSI bearish divergence on:  [DAX30]'
0	18:57:52.570	'27133394': close order #73407237 buy 0.50 [DAX30] at 11555.08 sl: 11555.77 tp: 0.00 at price 0.00
0	18:58:29.661	'27133394': order #73407237 buy 0.50 [DAX30] at 11555.08 sl: 11555.77 tp: 0.00 closed at price 11593.42
1	18:59:48.228	Notifications: not enough space for notification 'Classical RSI bearish divergence on:  [DJI30]'
1	19:00:00.477	Notifications: not enough space for notification 'Classical RSI bearish divergence on:  [NQ100]'
0	19:07:19.462	'27133394': login datacenter on AdmiralMarkets-Live
0	19:07:22.757	'27133394': login on AdmiralMarkets-Live through Access Point #5 (ping: 233.10 ms)
0	19:07:28.071	'27133394': login datacenter on AdmiralMarkets-Live through Access Point #5 (ping: 233.10 ms)
0	19:07:28.650	'27133394': previous successful authorization performed from 154.126.33.56
0	19:07:48.261	'27133394': auto connecting to a better access point Access Point #6 (ping is 208.73 ms)
0	19:07:49.071	'27133394': login on AdmiralMarkets-Live through Access Point #6 (ping: 208.73 ms)
0	19:07:55.342	'27133394': login datacenter on AdmiralMarkets-Live through Access Point #6 (ping: 208.73 ms)
0	19:07:57.290	'27133394': previous successful authorization performed from 154.126.33.56
1	19:08:23.889	Notifications: not enough space for notification 'Classical RSI bearish divergence on:  GOLD'
1	19:09:06.507	Notifications: not enough space for notification 'Classical RSI bearish divergence on:  EURJPY'
1	19:10:00.285	Notifications: not enough space for notification 'Classical RSI bearish divergence on:  [DJI30]'
1	19:12:00.215	Notifications: not enough space for notification 'Classical RSI bearish divergence on:  GOLD'
0	19:12:10.541	'27133394': order buy market 0.50 [DAX30] sl: 0.00 tp: 0.00
0	19:12:12.229	'27133394': order was opened : #73409659 buy 0.50 [DAX30] at 11597.82 sl: 0.00 tp: 0.00
0	19:12:26.301	'27133394': modify order #73409659 buy 0.50 [DAX30] at 11597.82 sl: 0.00 tp: 0.00 -> sl: 11559.61 tp: 0.00
0	19:12:27.421	'27133394': order #73409659 buy 0.50 [DAX30] at 11597.82 was modified -> sl: 11559.61 tp: 0.00
0	19:12:48.564	'27133394': close order #73409659 buy 0.50 [DAX30] at 11597.82 sl: 11559.61 tp: 0.00 at price 0.00
0	19:12:49.485	'27133394': order #73409659 buy 0.50 [DAX30] at 11597.82 sl: 11559.61 tp: 0.00 closed at price 11600.69
1	19:14:50.662	Notifications: not enough space for notification 'Classical RSI bearish divergence on:  EURJPY'
1	19:14:50.754	Notifications: not enough space for notification 'Classical RSI bearish divergence on:  [DJI30]'
0	19:17:46.606	'27133394': login on AdmiralMarkets-Live through Access Point #6 (ping: 208.73 ms)
0	19:17:57.747	'27133394': login datacenter on AdmiralMarkets-Live through Access Point #6 (ping: 208.73 ms)
0	19:17:58.321	'27133394': previous successful authorization performed from 154.126.33.56
0	19:28:33.305	'27133394': order sell market 0.20 [DAX30] sl: 0.00 tp: 0.00
0	19:28:34.143	'27133394': order was opened : #73410700 sell 0.20 [DAX30] at 11547.30 sl: 0.00 tp: 0.00
0	19:28:45.163	'27133394': modify order #73410700 sell 0.20 [DAX30] at 11547.30 sl: 0.00 tp: 0.00 -> sl: 11548.34 tp: 0.00
0	19:28:45.452	'27133394': order #73410700 sell 0.20 [DAX30] at 11547.30 was modified -> sl: 11548.34 tp: 0.00
0	19:28:57.553	'27133394': modify order #73410700 sell 0.20 [DAX30] at 11547.30 sl: 11548.34 tp: 0.00 -> sl: 11545.78 tp: 0.00
0	19:28:58.595	'27133394': order #73410700 sell 0.20 [DAX30] at 11547.30 was modified -> sl: 11545.78 tp: 0.00
0	19:31:52.260	'27133394': order #73410700 sell 0.20 [DAX30] at 11547.30 closed due stop-loss at price 11546.30
2	19:33:28.850	Custom indicator AIMS Levels V2 EURCAD,H4: removed
2	19:33:28.974	Custom indicator AIMS Entry Alert V1 EURCAD,H4: removed
2	19:33:29.053	Custom indicator CandleTimer EURCAD,H4: removed
2	19:33:29.125	Custom indicator #Signal_Bars_v6 EURCAD,H4: removed
2	19:33:29.187	Custom indicator TrendEnvelopes_v1 EURCAD,H4: removed
2	19:33:29.269	Custom indicator guppy_multiple_moving_averages EURCAD,H4: removed
2	19:33:29.316	Custom indicator wedges EURCAD,H4: removed
2	19:33:29.370	Custom indicator Admiral Pivot EURCAD,H4: removed
2	19:33:29.391	Custom indicator AutoTrendChannel EURCAD,H4: removed
2	19:33:29.432	Custom indicator FRZ Channel Auto Plotter EURCAD,H4: removed
2	19:33:29.472	Custom indicator FRZ News Indicator MT4 EURCAD,H4: removed
2	19:33:29.503	Custom indicator AIMS AO V.2.1 EURCAD,H4: removed
2	19:33:29.527	Custom indicator IVT_MACD_ZERO_LAG EURCAD,H4: removed
2	19:33:29.593	Custom indicator RSI Divergence Levels EURCAD,H4: removed
2	19:33:29.626	Custom indicator JoeChalhoub_FXForecasterV1 EURCAD,H4: removed
2	19:33:29.695	Custom indicator FRZ Forex Market Session Indicator EURCAD,H4: removed
2	19:33:35.293	Custom indicator AIMS Levels V2 WTI,H1: removed
2	19:33:35.407	Custom indicator AIMS Entry Alert V1 WTI,H1: removed
2	19:33:35.496	Custom indicator CandleTimer WTI,H1: removed
2	19:33:35.556	Custom indicator #Signal_Bars_v6 WTI,H1: removed
2	19:33:35.588	Custom indicator TrendEnvelopes_v1 WTI,H1: removed
2	19:33:35.661	Custom indicator guppy_multiple_moving_averages WTI,H1: removed
2	19:33:35.757	Custom indicator wedges WTI,H1: removed
2	19:33:35.823	Custom indicator Admiral Pivot WTI,H1: removed
2	19:33:35.840	Custom indicator AutoTrendChannel WTI,H1: removed
2	19:33:35.851	Custom indicator FRZ Channel Auto Plotter WTI,H1: removed
2	19:33:35.879	Custom indicator FRZ News Indicator MT4 WTI,H1: removed
2	19:33:35.945	Custom indicator AIMS AO V.2.1 WTI,H1: removed
2	19:33:35.975	Custom indicator IVT_MACD_ZERO_LAG WTI,H1: removed
2	19:33:36.009	Custom indicator RSI Divergence Levels WTI,H1: removed
2	19:33:36.057	Custom indicator JoeChalhoub_FXForecasterV1 WTI,H1: removed
2	19:33:36.104	Custom indicator FRZ Forex Market Session Indicator WTI,H1: removed
0	19:40:47.644	'27133394': order sell market 0.20 [DAX30] sl: 0.00 tp: 0.00
0	19:40:48.323	'27133394': order was opened : #73411632 sell 0.20 [DAX30] at 11533.22 sl: 0.00 tp: 0.00
0	19:41:21.442	'27133394': modify order #73411632 sell 0.20 [DAX30] at 11533.22 sl: 0.00 tp: 0.00 -> sl: 11533.27 tp: 0.00
0	19:41:21.738	'27133394': order #73411632 sell 0.20 [DAX30] at 11533.22 was modified -> sl: 11533.27 tp: 0.00
0	19:41:36.689	'27133394': order #73411632 sell 0.20 [DAX30] at 11533.22 closed due stop-loss at price 11534.28
0	19:42:38.839	'27133394': order sell market 0.10 [DJI30] sl: 0.00 tp: 0.00
0	19:42:39.279	'27133394': order was opened : #73411737 sell 0.10 [DJI30] at 26654.77 sl: 0.00 tp: 0.00
0	19:42:55.559	'27133394': modify order #73411737 sell 0.10 [DJI30] at 26654.77 sl: 0.00 tp: 0.00 -> sl: 26657.24 tp: 0.00
0	19:42:55.843	'27133394': order #73411737 sell 0.10 [DJI30] at 26654.77 was modified -> sl: 26657.24 tp: 0.00
0	19:43:01.981	'27133394': order #73411737 sell 0.10 [DJI30] at 26654.77 closed due stop-loss at price 26657.70
1	19:45:00.276	Notifications: not enough space for notification 'Classical RSI bullish divergence on:  [DAX30]'
1	19:49:00.139	Notifications: not enough space for notification 'Classical RSI bullish divergence on:  [DJI30]'
0	19:51:20.676	'27133394': order sell market 0.20 [DAX30] sl: 0.00 tp: 0.00
0	19:51:21.307	'27133394': order was opened : #73412216 sell 0.20 [DAX30] at 11514.45 sl: 0.00 tp: 0.00
0	19:51:33.239	'27133394': modify order #73412216 sell 0.20 [DAX30] at 11514.45 sl: 0.00 tp: 0.00 -> sl: 11521.41 tp: 0.00
0	19:51:33.603	'27133394': order #73412216 sell 0.20 [DAX30] at 11514.45 was modified -> sl: 11521.41 tp: 0.00
0	19:51:50.483	'27133394': modify order #73412216 sell 0.20 [DAX30] at 11514.45 sl: 11521.41 tp: 0.00 -> sl: 11513.94 tp: 0.00
0	19:51:50.809	'27133394': order #73412216 sell 0.20 [DAX30] at 11514.45 was modified -> sl: 11513.94 tp: 0.00
0	19:52:12.463	'27133394': order #73412216 sell 0.20 [DAX30] at 11514.45 closed due stop-loss at price 11514.00
1	19:53:00.230	Notifications: not enough space for notification 'Classical RSI bullish divergence on:  [DJI30]'
0	19:54:08.108	'27133394': order buy market 0.10 [DJI30] sl: 0.00 tp: 0.00
0	19:54:08.571	'27133394': order was opened : #73412439 buy 0.10 [DJI30] at 26660.95 sl: 0.00 tp: 0.00
0	19:55:42.801	'27133394': modify order #73412439 buy 0.10 [DJI30] at 26660.95 sl: 0.00 tp: 0.00 -> sl: 26604.98 tp: 0.00
0	19:55:43.089	'27133394': order #73412439 buy 0.10 [DJI30] at 26660.95 was modified -> sl: 26604.98 tp: 0.00
1	19:57:06.023	Notifications: not enough space for notification 'Classical RSI bullish divergence on:  [DJI30]'
0	19:58:53.195	'27133394': modify order #73412439 buy 0.10 [DJI30] at 26660.95 sl: 26604.98 tp: 0.00 -> sl: 26660.01 tp: 0.00
0	19:58:57.861	'27133394': order #73412439 buy 0.10 [DJI30] at 26660.95 was modified -> sl: 26660.01 tp: 0.00
0	19:59:01.272	'27133394': order #73412439 buy 0.10 [DJI30] at 26660.95 closed due stop-loss at price 26659.79
1	20:02:20.784	'27133394': datacenter connecting failed [2]
0	20:02:57.946	'27133394': login on AdmiralMarkets-Live through Access Point #3 (ping: 245.23 ms)
0	20:03:06.683	'27133394': login datacenter on AdmiralMarkets-Live through Access Point #3 (ping: 245.23 ms)
0	20:03:10.658	'27133394': previous successful authorization performed from 154.126.9.51
1	20:04:00.376	Notifications: not enough space for notification 'Classical RSI bullish divergence on:  EURJPY'
1	20:06:00.383	Notifications: not enough space for notification 'Classical RSI bullish divergence on:  EURJPY'
0	20:11:22.025	'27133394': order sell market 0.06 USDCAD sl: 0.00000 tp: 0.00000
0	20:11:22.793	'27133394': order was opened : #73413394 sell 0.06 USDCAD at 1.33177 sl: 0.00000 tp: 0.00000
0	20:12:11.710	'27133394': modify order #73413394 sell 0.06 USDCAD at 1.33177 sl: 0.00000 tp: 0.00000 -> sl: 1.33500 tp: 1.32200
0	20:12:12.008	'27133394': order #73413394 sell 0.06 USDCAD at 1.33177 was modified -> sl: 1.33500 tp: 1.32200
1	20:12:20.128	Notifications: not enough space for notification 'Classical RSI bearish divergence on:  USDCAD'
1	20:19:00.461	Notifications: not enough space for notification 'Classical RSI bullish divergence on:  [NQ100]'
0	20:19:08.686	'27133394': order buy market 0.10 [DJI30] sl: 0.00 tp: 0.00
0	20:19:09.179	'27133394': order was opened : #73413805 buy 0.10 [DJI30] at 26579.60 sl: 0.00 tp: 0.00
0	20:19:16.740	'27133394': modify order #73413805 buy 0.10 [DJI30] at 26579.60 sl: 0.00 tp: 0.00 -> sl: 26577.63 tp: 0.00
0	20:19:17.039	'27133394': order #73413805 buy 0.10 [DJI30] at 26579.60 was modified -> sl: 26577.63 tp: 0.00
0	20:20:30.806	'27133394': order #73413805 buy 0.10 [DJI30] at 26579.60 closed due stop-loss at price 26576.85
0	20:26:10.533	'27133394': order buy market 0.10 [DJI30] sl: 0.00 tp: 0.00
0	20:26:11.032	'27133394': order was opened : #73414459 buy 0.10 [DJI30] at 26604.29 sl: 0.00 tp: 0.00
1	20:27:17.188	'27133394': modification of order #73414459 buy 0.10 [DJI30] at 26604.29 sl: 0.00 tp: 0.00 -> sl: 0.00 tp: 26605.62 failed [Invalid S/L or T/P]
0	20:27:22.511	'27133394': modify order #73414459 buy 0.10 [DJI30] at 26604.29 sl: 0.00 tp: 0.00 -> sl: 26587.46 tp: 0.00
0	20:27:23.628	'27133394': order #73414459 buy 0.10 [DJI30] at 26604.29 was modified -> sl: 26587.46 tp: 0.00
0	20:27:29.354	'27133394': modify order #73414459 buy 0.10 [DJI30] at 26604.29 sl: 26587.46 tp: 0.00 -> sl: 26604.86 tp: 0.00
0	20:27:29.647	'27133394': order #73414459 buy 0.10 [DJI30] at 26604.29 was modified -> sl: 26604.86 tp: 0.00
0	20:27:38.195	'27133394': order #73414459 buy 0.10 [DJI30] at 26604.29 closed due stop-loss at price 26604.83
0	20:28:53.378	'27133394': order buy market 0.20 [DAX30] sl: 0.00 tp: 0.00
0	20:28:54.207	'27133394': order was opened : #73414610 buy 0.20 [DAX30] at 11525.25 sl: 0.00 tp: 0.00
1	20:29:00.110	Notifications: not enough space for notification 'Classical RSI bullish divergence on:  GOLD'
0	20:29:04.233	'27133394': modify order #73414610 buy 0.20 [DAX30] at 11525.25 sl: 0.00 tp: 0.00 -> sl: 11484.07 tp: 0.00
0	20:29:04.537	'27133394': order #73414610 buy 0.20 [DAX30] at 11525.25 was modified -> sl: 11484.07 tp: 0.00
0	20:29:10.096	'27133394': order buy market 0.10 [DJI30] sl: 0.00 tp: 0.00
0	20:29:10.574	'27133394': order was opened : #73414648 buy 0.10 [DJI30] at 26632.46 sl: 0.00 tp: 0.00
0	20:29:17.400	'27133394': modify order #73414648 buy 0.10 [DJI30] at 26632.46 sl: 0.00 tp: 0.00 -> sl: 26550.40 tp: 0.00
0	20:29:17.950	'27133394': order #73414648 buy 0.10 [DJI30] at 26632.46 was modified -> sl: 26550.40 tp: 0.00
0	20:38:12.794	'27133394': close order #73414648 buy 0.10 [DJI30] at 26632.46 sl: 26550.40 tp: 0.00 at price 0.00
0	20:38:13.286	'27133394': order #73414648 buy 0.10 [DJI30] at 26632.46 sl: 26550.40 tp: 0.00 closed at price 26682.76
0	20:38:14.964	'27133394': close order #73414610 buy 0.20 [DAX30] at 11525.25 sl: 11484.07 tp: 0.00 at price 0.00
0	20:38:15.623	'27133394': order #73414610 buy 0.20 [DAX30] at 11525.25 sl: 11484.07 tp: 0.00 closed at price 11568.25
0	21:22:39.422	'27133394': order buy market 0.20 [DAX30] sl: 0.00 tp: 0.00
0	21:22:39.997	'27133394': order was opened : #73417213 buy 0.20 [DAX30] at 11530.25 sl: 0.00 tp: 0.00
0	21:22:50.561	'27133394': modify order #73417213 buy 0.20 [DAX30] at 11530.25 sl: 0.00 tp: 0.00 -> sl: 11508.81 tp: 0.00
0	21:22:51.417	'27133394': order #73417213 buy 0.20 [DAX30] at 11530.25 was modified -> sl: 11508.81 tp: 0.00
0	21:22:56.172	'27133394': order buy market 0.10 [DJI30] sl: 0.00 tp: 0.00
0	21:22:57.077	'27133394': order was opened : #73417230 buy 0.10 [DJI30] at 26635.36 sl: 0.00 tp: 0.00
0	21:23:02.530	'27133394': modify order #73417230 buy 0.10 [DJI30] at 26635.36 sl: 0.00 tp: 0.00 -> sl: 26560.99 tp: 0.00
0	21:23:03.323	'27133394': order #73417230 buy 0.10 [DJI30] at 26635.36 was modified -> sl: 26560.99 tp: 0.00
0	21:24:53.802	'27133394': modify order #73417230 buy 0.10 [DJI30] at 26635.36 sl: 26560.99 tp: 0.00 -> sl: 26636.63 tp: 0.00
0	21:24:54.104	'27133394': order #73417230 buy 0.10 [DJI30] at 26635.36 was modified -> sl: 26636.63 tp: 0.00
0	21:25:04.267	'27133394': modify order #73417213 buy 0.20 [DAX30] at 11530.25 sl: 11508.81 tp: 0.00 -> sl: 11531.04 tp: 0.00
0	21:25:04.574	'27133394': order #73417213 buy 0.20 [DAX30] at 11530.25 was modified -> sl: 11531.04 tp: 0.00
0	21:26:42.493	'27133394': close order #73417213 buy 0.20 [DAX30] at 11530.25 sl: 11531.04 tp: 0.00 at price 0.00
0	21:26:43.281	'27133394': order #73417213 buy 0.20 [DAX30] at 11530.25 sl: 11531.04 tp: 0.00 closed at price 11539.71
0	21:26:44.794	'27133394': close order #73417230 buy 0.10 [DJI30] at 26635.36 sl: 26636.63 tp: 0.00 at price 0.00
0	21:26:45.301	'27133394': order #73417230 buy 0.10 [DJI30] at 26635.36 sl: 26636.63 tp: 0.00 closed at price 26655.44
0	21:29:23.299	'27133394': order buy market 0.20 [DAX30] sl: 0.00 tp: 0.00
0	21:29:23.934	'27133394': order was opened : #73417584 buy 0.20 [DAX30] at 11559.03 sl: 0.00 tp: 0.00
0	21:29:41.075	'27133394': modify order #73417584 buy 0.20 [DAX30] at 11559.03 sl: 0.00 tp: 0.00 -> sl: 11547.54 tp: 0.00
0	21:29:41.373	'27133394': order #73417584 buy 0.20 [DAX30] at 11559.03 was modified -> sl: 11547.54 tp: 0.00
0	21:30:16.583	'27133394': modify order #73417584 buy 0.20 [DAX30] at 11559.03 sl: 11547.54 tp: 0.00 -> sl: 11559.73 tp: 0.00
0	21:30:16.869	'27133394': order #73417584 buy 0.20 [DAX30] at 11559.03 was modified -> sl: 11559.73 tp: 0.00
0	21:30:38.398	'27133394': order #73417584 buy 0.20 [DAX30] at 11559.03 closed due stop-loss at price 11559.23
0	21:35:43.757	'27133394': order sell market 0.10 [DJI30] sl: 0.00 tp: 0.00
0	21:35:44.403	'27133394': order was opened : #73417926 sell 0.10 [DJI30] at 26650.85 sl: 0.00 tp: 0.00
0	21:35:55.574	'27133394': modify order #73417926 sell 0.10 [DJI30] at 26650.85 sl: 0.00 tp: 0.00 -> sl: 26681.26 tp: 0.00
0	21:35:55.885	'27133394': order #73417926 sell 0.10 [DJI30] at 26650.85 was modified -> sl: 26681.26 tp: 0.00
0	21:37:12.365	'27133394': modify order #73417926 sell 0.10 [DJI30] at 26650.85 sl: 26681.26 tp: 0.00 -> sl: 26647.98 tp: 0.00
0	21:37:12.666	'27133394': order #73417926 sell 0.10 [DJI30] at 26650.85 was modified -> sl: 26647.98 tp: 0.00
0	21:38:07.154	'27133394': close order #73417926 sell 0.10 [DJI30] at 26650.85 sl: 26647.98 tp: 0.00 at price 0.00
0	21:38:07.650	'27133394': order #73417926 sell 0.10 [DJI30] at 26650.85 sl: 26647.98 tp: 0.00 closed at price 26627.43
0	21:46:48.637	'27133394': order buy market 0.20 [DAX30] sl: 0.00 tp: 0.00
0	21:46:49.260	'27133394': order was opened : #73418405 buy 0.20 [DAX30] at 11552.27 sl: 0.00 tp: 0.00
0	21:47:06.855	'27133394': modify order #73418405 buy 0.20 [DAX30] at 11552.27 sl: 0.00 tp: 0.00 -> sl: 11531.61 tp: 0.00
0	21:47:07.155	'27133394': order #73418405 buy 0.20 [DAX30] at 11552.27 was modified -> sl: 11531.61 tp: 0.00
0	21:53:35.523	'27133394': order #73418405 buy 0.20 [DAX30] at 11552.27 closed due stop-loss at price 11530.94
0	21:57:28.278	'27133394': order buy market 0.20 [DAX30] sl: 0.00 tp: 0.00
0	21:57:28.804	'27133394': order was opened : #73418880 buy 0.20 [DAX30] at 11562.53 sl: 0.00 tp: 0.00
0	21:57:47.059	'27133394': modify order #73418880 buy 0.20 [DAX30] at 11562.53 sl: 0.00 tp: 0.00 -> sl: 11562.31 tp: 0.00
0	21:57:47.352	'27133394': order #73418880 buy 0.20 [DAX30] at 11562.53 was modified -> sl: 11562.31 tp: 0.00
0	21:58:34.911	'27133394': order #73418880 buy 0.20 [DAX30] at 11562.53 closed due stop-loss at price 11561.73
0	21:59:11.184	'27133394': order buy market 0.20 [DAX30] sl: 0.00 tp: 0.00
0	21:59:11.950	'27133394': order was opened : #73419046 buy 0.20 [DAX30] at 11562.53 sl: 0.00 tp: 0.00
0	21:59:43.600	'27133394': modify order #73419046 buy 0.20 [DAX30] at 11562.53 sl: 0.00 tp: 0.00 -> sl: 11540.64 tp: 0.00
0	21:59:43.897	'27133394': order #73419046 buy 0.20 [DAX30] at 11562.53 was modified -> sl: 11540.64 tp: 0.00
0	22:03:40.387	'27133394': modify order #73419046 buy 0.20 [DAX30] at 11562.53 sl: 11540.64 tp: 0.00 -> sl: 11508.97 tp: 0.00
0	22:03:40.691	'27133394': order #73419046 buy 0.20 [DAX30] at 11562.53 was modified -> sl: 11508.97 tp: 0.00
0	22:50:01.155	'27133394': order #73419046 buy 0.20 [DAX30] at 11562.53 closed due stop-loss at price 11507.40
0	22:58:55.038	'27133394': order buy market 0.20 [DAX30] sl: 0.00 tp: 0.00
0	22:58:55.620	'27133394': order was opened : #73422551 buy 0.20 [DAX30] at 11495.94 sl: 0.00 tp: 0.00
1	22:59:04.780	Notifications: not enough space for notification 'Classical RSI bullish divergence on:  [CAC40]'
0	22:59:12.663	'27133394': modify order #73422551 buy 0.20 [DAX30] at 11495.94 sl: 0.00 tp: 0.00 -> sl: 11450.21 tp: 0.00
0	22:59:12.965	'27133394': order #73422551 buy 0.20 [DAX30] at 11495.94 was modified -> sl: 11450.21 tp: 0.00
1	22:59:39.382	Notifications: not enough space for notification 'Classical RSI bullish divergence on:  [DAX30]'
1	23:04:10.943	Notifications: not enough space for notification 'Classical RSI bullish divergence on:  EURJPY'
1	23:04:59.852	Notifications: not enough space for notification 'Classical RSI bullish divergence on:  [NQ100]'
1	23:53:59.888	Notifications: not enough space for notification 'Classical RSI bullish divergence on:  EURJPY'
