0	00:38:45.845	'27133394': login on AdmiralMarkets-Live through Access Point #1 (ping: 269.83 ms)
0	00:39:04.417	'27133394': login datacenter on AdmiralMarkets-Live through Access Point #1 (ping: 269.83 ms)
0	00:39:05.065	'27133394': previous successful authorization performed from 197.149.31.249
0	00:39:41.263	'27133394': auto connecting to a better access point Access Point #4 (ping is 212.59 ms)
0	00:39:42.189	'27133394': login on AdmiralMarkets-Live through Access Point #4 (ping: 212.59 ms)
0	00:40:11.412	'27133394': login datacenter on AdmiralMarkets-Live through Access Point #4 (ping: 212.59 ms)
0	00:40:12.833	'27133394': previous successful authorization performed from 197.149.31.249
1	01:08:13.752	'27133394': ping failed
1	01:08:13.754	'27133394': datacenter connecting failed [6]
0	01:08:14.853	'27133394': login on AdmiralMarkets-Live through Access Point #5 (ping: 233.37 ms)
0	01:08:26.630	'27133394': login datacenter on AdmiralMarkets-Live through Access Point #5 (ping: 233.37 ms)
0	01:08:27.249	'27133394': previous successful authorization performed from 197.149.31.249
1	01:22:47.581	'27133394': ping failed
0	01:22:48.122	'27133394': login datacenter on AdmiralMarkets-Live
0	01:22:50.076	'27133394': login on AdmiralMarkets-Live through Access Point #1 (ping: 244.13 ms)
0	01:23:52.513	'27133394': login datacenter on AdmiralMarkets-Live
0	01:24:00.063	'27133394': login on AdmiralMarkets-Live through Access Point #6 (ping: 244.11 ms)
0	01:24:45.051	'27133394': ping to current access point Access Point #6 is 229.88 ms
0	01:25:02.206	'27133394': login datacenter on AdmiralMarkets-Live
0	01:25:08.781	'27133394': login on AdmiralMarkets-Live through Access Point #4 (ping: 223.45 ms)
0	01:25:58.086	'27133394': ping to current access point Access Point #4 is 258.26 ms
0	01:26:09.696	'27133394': login datacenter on AdmiralMarkets-Live
0	01:26:16.278	'27133394': login on AdmiralMarkets-Live through Access Point #6 (ping: 254.00 ms)
0	01:26:55.866	'27133394': ping to current access point Access Point #6 is 233.11 ms
0	01:26:57.346	'27133394': login datacenter on AdmiralMarkets-Live through Access Point #6 (ping: 233.11 ms)
0	01:27:04.918	'27133394': previous successful authorization performed from 197.149.31.249
0	01:28:47.338	'27133394': login datacenter on AdmiralMarkets-Live
0	01:28:48.854	'27133394': login on AdmiralMarkets-Live through Access Point #4 (ping: 236.25 ms)
0	01:29:19.616	'27133394': login datacenter on AdmiralMarkets-Live through Access Point #4 (ping: 236.25 ms)
0	01:29:20.637	'27133394': previous successful authorization performed from 197.149.31.249
0	01:30:49.430	'27133394': login datacenter on AdmiralMarkets-Live
0	01:30:53.443	'27133394': login on AdmiralMarkets-Live through Access Point #5 (ping: 246.79 ms)
0	01:31:42.669	'27133394': login datacenter on AdmiralMarkets-Live through Access Point #5 (ping: 246.79 ms)
0	01:31:43.282	'27133394': previous successful authorization performed from 197.149.31.249
1	02:00:44.315	'27133394': ping failed
1	02:00:44.317	'27133394': datacenter connecting failed [6]
0	02:00:51.280	'27133394': login on AdmiralMarkets-Live through Access Point #3 (ping: 284.31 ms)
0	02:01:52.373	'27133394': login datacenter on AdmiralMarkets-Live
0	02:01:58.689	'27133394': login on AdmiralMarkets-Live through Access Point #1 (ping: 289.67 ms)
0	02:02:22.037	'27133394': login datacenter on AdmiralMarkets-Live through Access Point #1 (ping: 289.67 ms)
0	02:02:22.672	'27133394': previous successful authorization performed from 197.149.31.249
0	02:02:54.941	'27133394': ping to current access point Access Point #1 is 276.01 ms
0	02:03:12.600	'27143750': login on AdmiralMarkets-Live through Access Point #1 (ping: 276.01 ms)
0	02:03:15.711	'27143750': login datacenter on AdmiralMarkets-Live through Access Point #1 (ping: 276.01 ms)
0	02:03:16.761	'27143750': previous successful authorization performed from 197.149.31.249
0	02:04:10.137	'27133394': login on AdmiralMarkets-Live through Access Point #1 (ping: 276.01 ms)
0	02:05:11.380	'27133394': login datacenter on AdmiralMarkets-Live
0	02:05:17.539	'27133394': login on AdmiralMarkets-Live through Access Point #5 (ping: 225.96 ms)
0	02:05:44.215	'27133394': login datacenter on AdmiralMarkets-Live through Access Point #5 (ping: 225.96 ms)
0	02:05:44.858	'27133394': previous successful authorization performed from 197.149.31.249
0	02:06:10.170	'27133394': order buy market 0.20 [DJI30] sl: 0.00 tp: 0.00
0	02:06:10.717	'27133394': order was opened : #74699515 buy 0.20 [DJI30] at 29240.68 sl: 0.00 tp: 0.00
0	02:06:34.386	'27133394': modify order #74699515 buy 0.20 [DJI30] at 29240.68 sl: 0.00 tp: 0.00 -> sl: 29100.00 tp: 29300.00
0	02:06:35.227	'27133394': order #74699515 buy 0.20 [DJI30] at 29240.68 was modified -> sl: 29100.00 tp: 29300.00
0	02:08:18.840	'27133394': close order #74699515 buy 0.10 [DJI30] at 29240.68 sl: 29100.00 tp: 29300.00 at price 0.00
0	02:08:19.882	'27133394': order #74699515 buy 0.10 [DJI30] at 29240.68 sl: 29100.00 tp: 29300.00 closed at price 29238.18
0	02:08:19.882	'27133394': remainder of order #74699515 was opened : #74699612 buy 0.10 [DJI30] at 29240.68 sl: 29100.00 tp: 29300.00
1	02:08:48.881	'27133394': datacenter connecting failed [6]
0	02:08:49.825	'27133394': login on AdmiralMarkets-Live through Access Point #3 (ping: 252.82 ms)
0	02:09:23.834	'27133394': login datacenter on AdmiralMarkets-Live through Access Point #3 (ping: 252.82 ms)
0	02:09:25.070	'27133394': previous successful authorization performed from 197.149.31.249
0	02:19:10.991	'27133394': modify order #74699612 buy 0.10 [DJI30] at 29240.68 sl: 29100.00 tp: 29300.00 -> sl: 29100.00 tp: 29240.68
0	02:19:11.386	'27133394': order #74699612 buy 0.10 [DJI30] at 29240.68 was modified -> sl: 29100.00 tp: 29240.68
1	02:31:05.549	'27133394': ping failed
1	02:31:05.551	'27133394': datacenter connecting failed [6]
0	02:31:07.385	'27133394': login on AdmiralMarkets-Live through Access Point #6 (ping: 246.96 ms)
0	02:32:09.574	'27133394': login datacenter on AdmiralMarkets-Live
0	02:32:16.863	'27133394': login on AdmiralMarkets-Live through Access Point #4 (ping: 264.47 ms)
0	02:33:18.378	'27133394': login datacenter on AdmiralMarkets-Live
0	02:33:26.019	'27133394': login on AdmiralMarkets-Live through Access Point #8 (ping: 601.76 ms)
0	02:34:19.878	'27133394': login datacenter on AdmiralMarkets-Live through Access Point #8 (ping: 601.76 ms)
0	02:34:21.069	'27133394': previous successful authorization performed from 197.149.31.249
0	02:45:58.930	'27133394': order #74699612 buy 0.10 [DJI30] at 29240.68 closed due take-profit at price 29240.69
1	03:21:06.722	'27133394': ping failed
1	03:21:06.724	'27133394': datacenter connecting failed [6]
0	03:21:08.777	'27133394': login on AdmiralMarkets-Live through Access Point #7 (ping: 647.79 ms)
0	03:22:13.827	'27133394': login datacenter on AdmiralMarkets-Live
0	03:22:20.299	'27133394': login on AdmiralMarkets-Live through Access Point #2 (ping: 267.51 ms)
0	03:23:17.822	'27133394': auto connecting to a better access point Access Point #4 (ping is 242.03 ms)
0	03:23:22.407	'27133394': login datacenter on AdmiralMarkets-Live through Access Point #4 (ping: 242.03 ms)
0	03:23:30.209	'27133394': login on AdmiralMarkets-Live through Access Point #4 (ping: 242.03 ms)
0	03:24:32.424	'27133394': login datacenter on AdmiralMarkets-Live
0	03:24:39.724	'27133394': login on AdmiralMarkets-Live through Access Point #5 (ping: 252.48 ms)
0	03:25:20.160	'27133394': login datacenter on AdmiralMarkets-Live through Access Point #5 (ping: 252.48 ms)
0	03:25:21.442	'27133394': previous successful authorization performed from 197.149.31.249
1	04:17:48.347	'27133394': ping failed
1	04:17:48.349	'27133394': datacenter connecting failed [6]
0	04:17:49.642	'27133394': login on AdmiralMarkets-Live through Access Point #3 (ping: 263.71 ms)
0	04:18:26.200	'27133394': login datacenter on AdmiralMarkets-Live through Access Point #3 (ping: 263.71 ms)
0	04:18:40.513	'27133394': previous successful authorization performed from 197.149.31.249
1	04:34:50.002	'27133394': ping failed
1	04:34:50.004	'27133394': datacenter connecting failed [6]
0	04:34:51.521	'27133394': login on AdmiralMarkets-Live through Access Point #6 (ping: 268.32 ms)
0	04:35:41.530	'27133394': login datacenter on AdmiralMarkets-Live through Access Point #6 (ping: 268.32 ms)
0	04:35:42.173	'27133394': previous successful authorization performed from 197.149.31.249
0	04:36:28.485	'27133394': auto connecting to a better access point Access Point #4 (ping is 258.27 ms)
0	04:36:29.972	'27133394': login on AdmiralMarkets-Live through Access Point #4 (ping: 258.27 ms)
0	04:37:31.260	'27133394': login datacenter on AdmiralMarkets-Live
0	04:37:37.973	'27133394': login on AdmiralMarkets-Live through Access Point #3 (ping: 272.84 ms)
0	04:38:37.009	'27133394': login datacenter on AdmiralMarkets-Live through Access Point #3 (ping: 272.84 ms)
0	04:38:38.634	'27133394': previous successful authorization performed from 197.149.31.249
0	05:10:36.133	'27133394': login datacenter on AdmiralMarkets-Live
0	05:10:38.077	'27133394': login on AdmiralMarkets-Live through Access Point #6 (ping: 267.47 ms)
0	05:11:39.909	'27133394': login datacenter on AdmiralMarkets-Live
0	05:11:50.018	'27133394': login on AdmiralMarkets-Live through Access Point #5 (ping: 276.98 ms)
0	05:12:51.360	'27133394': login datacenter on AdmiralMarkets-Live
0	05:12:58.289	'27133394': login on AdmiralMarkets-Live through Access Point #1 (ping: 294.12 ms)
0	05:13:48.555	'27133394': login datacenter on AdmiralMarkets-Live through Access Point #1 (ping: 294.12 ms)
0	05:13:49.568	'27133394': previous successful authorization performed from 197.149.31.249
1	05:28:43.737	'27133394': connect failed [Connection échouée]
0	05:29:34.908	'27133394': login on AdmiralMarkets-Live through Access Point #1 (ping: 294.12 ms)
0	05:29:37.593	'27133394': login datacenter on AdmiralMarkets-Live through Access Point #1 (ping: 294.12 ms)
0	05:29:38.171	'27133394': previous successful authorization performed from 197.149.31.249
2	06:16:24.651	Custom indicator AIMS Levels V2 CHFJPY,M15: removed
2	06:16:24.662	Custom indicator AIMS Entry Alert V1 CHFJPY,M15: removed
2	06:16:24.705	Custom indicator CandleTimer CHFJPY,M15: removed
2	06:16:24.715	Custom indicator #Signal_Bars_v6 CHFJPY,M15: removed
2	06:16:24.721	Custom indicator TrendEnvelopes_v1 CHFJPY,M15: removed
2	06:16:24.735	Custom indicator guppy_multiple_moving_averages CHFJPY,M15: removed
2	06:16:24.787	Custom indicator wedges CHFJPY,M15: removed
2	06:16:24.809	Custom indicator Admiral Pivot CHFJPY,M15: removed
2	06:16:24.811	Custom indicator AutoTrendChannel CHFJPY,M15: removed
2	06:16:24.812	Custom indicator FRZ Channel Auto Plotter CHFJPY,M15: removed
2	06:16:24.836	Custom indicator FRZ News Indicator MT4 CHFJPY,M15: removed
2	06:16:24.905	Custom indicator Forex Uranus direction CHFJPY,M15: removed
2	06:16:24.906	Custom indicator Quadrilateral CHFJPY,M15: removed
2	06:16:24.906	Custom indicator AIMS AO V.2.1 CHFJPY,M15: removed
2	06:16:24.954	Custom indicator IVT_MACD_ZERO_LAG CHFJPY,M15: removed
2	06:16:24.955	Custom indicator RSI Divergence Levels CHFJPY,M15: removed
2	06:16:24.957	Custom indicator JoeChalhoub_FXForecasterV1 CHFJPY,M15: removed
2	06:16:25.000	Custom indicator TDI-With_Alerts CHFJPY,M15: removed
2	06:16:25.020	Custom indicator FRZ Forex Market Session Indicator CHFJPY,M15: removed
2	06:16:25.107	Custom indicator RenkoStreet_channel CHFJPY,M15: loaded successfully
2	06:16:25.136	Custom indicator RenkoStreet_MTF CHFJPY,M15: loaded successfully
2	06:16:25.164	Custom indicator RenkoStreet_PV CHFJPY,M15: loaded successfully
2	06:16:25.170	Custom indicator RenkoStreet_TL CHFJPY,M15: loaded successfully
2	06:16:25.176	Custom indicator RenkoStreet_Trend CHFJPY,M15: loaded successfully
2	06:16:43.686	Custom indicator RenkoStreet_channel CHFJPY,M15: removed
2	06:16:43.687	Custom indicator RenkoStreet_MTF CHFJPY,M15: removed
2	06:16:43.688	Custom indicator RenkoStreet_PV CHFJPY,M15: removed
2	06:16:43.690	Custom indicator RenkoStreet_TL CHFJPY,M15: removed
2	06:16:43.691	Custom indicator RenkoStreet_Trend CHFJPY,M15: removed
2	06:16:43.710	Custom indicator TitanXpro_Entry2 CHFJPY,M15: loaded successfully
2	06:16:43.745	Custom indicator TitanXpro_Dash CHFJPY,M15: loaded successfully
2	06:17:09.705	Custom indicator TitanXpro_Entry2 CHFJPY,M15: removed
2	06:17:09.707	Custom indicator TitanXpro_Dash CHFJPY,M15: removed
2	06:17:09.838	Custom indicator DJPVT CHFJPY,M15: loaded successfully
2	06:17:09.889	Custom indicator DJX6 V7.2.8 LOCK CHFJPY,M15: loaded successfully
2	06:17:09.914	Custom indicator DJCSM EVO 4 LOCK CHFJPY,M15: loaded successfully
2	06:17:09.925	Custom indicator DJ PROJI 2 MOD CHFJPY,M15: loaded successfully
0	06:20:13.398	'27133394': order buy market 0.20 [DJI30] sl: 0.00 tp: 0.00
0	06:20:14.369	'27133394': order was opened : #74705120 buy 0.20 [DJI30] at 29367.73 sl: 0.00 tp: 0.00
0	06:30:46.010	'27133394': order sell market 0.20 [DAX30] sl: 0.00 tp: 0.00
0	06:30:47.550	'27133394': order was opened : #74705740 sell 0.20 [DAX30] at 13166.18 sl: 0.00 tp: 0.00
0	06:31:04.847	'27133394': modify order #74705120 buy 0.20 [DJI30] at 29367.73 sl: 0.00 tp: 0.00 -> sl: 0.00 tp: 29367.73
0	06:31:05.172	'27133394': order #74705120 buy 0.20 [DJI30] at 29367.73 was modified -> sl: 0.00 tp: 29367.73
0	06:43:49.727	'27133394': modify order #74705120 buy 0.20 [DJI30] at 29367.73 sl: 0.00 tp: 29367.73 -> sl: 0.00 tp: 0.00
0	06:43:50.412	'27133394': order #74705120 buy 0.20 [DJI30] at 29367.73 was modified -> sl: 0.00 tp: 0.00
1	06:54:55.633	'27133394': datacenter connecting failed [6]
0	06:54:57.337	'27133394': login on AdmiralMarkets-Live through Access Point #8 (ping: n/a)
0	06:55:58.695	'27133394': login datacenter on AdmiralMarkets-Live
0	06:56:26.572	'27133394': login on AdmiralMarkets-Live through Access Point #7 (ping: n/a)
0	06:56:35.483	'27133394': login on AdmiralMarkets-Live through Access Point #7 (ping: n/a)
0	06:57:37.443	'27133394': login datacenter on AdmiralMarkets-Live
0	06:57:44.428	'27133394': login on AdmiralMarkets-Live through Access Point #4 (ping: n/a)
0	06:57:51.144	'27133394': auto connecting to a better access point Access Point #6 (ping is 229.99 ms)
0	06:57:52.801	'27133394': login datacenter on AdmiralMarkets-Live through Access Point #6 (ping: 229.99 ms)
0	06:57:59.499	'27133394': login on AdmiralMarkets-Live through Access Point #6 (ping: 229.99 ms)
0	06:59:03.616	'27133394': login datacenter on AdmiralMarkets-Live
0	06:59:10.923	'27133394': login on AdmiralMarkets-Live through Access Point #5 (ping: 255.10 ms)
0	07:00:14.739	'27133394': login datacenter on AdmiralMarkets-Live
0	07:00:19.920	'27133394': auto connecting to a better access point Access Point #4 (ping is 227.32 ms)
0	07:00:36.851	'27133394': login on AdmiralMarkets-Live through Access Point #4 (ping: 227.32 ms)
0	07:01:39.457	'27133394': login datacenter on AdmiralMarkets-Live
0	07:01:50.465	'27133394': login on AdmiralMarkets-Live through Access Point #5 (ping: 248.06 ms)
0	07:02:35.078	'27133394': login datacenter on AdmiralMarkets-Live through Access Point #5 (ping: 248.06 ms)
0	07:02:36.360	'27133394': previous successful authorization performed from 197.149.31.249
0	07:02:55.558	'27133394': ping to current access point Access Point #5 is 266.04 ms
1	07:04:09.801	'27133394': datacenter connecting failed [6]
0	07:04:12.742	'27133394': login on AdmiralMarkets-Live through Access Point #4 (ping: 245.91 ms)
0	07:05:13.320	'27133394': login datacenter on AdmiralMarkets-Live
0	07:05:19.603	'27133394': login on AdmiralMarkets-Live through Access Point #1 (ping: 579.18 ms)
0	07:06:15.920	'27133394': login datacenter on AdmiralMarkets-Live through Access Point #1 (ping: 579.18 ms)
0	07:06:16.225	'27133394': ping to current access point Access Point #1 is 290.17 ms
0	07:06:16.764	'27133394': previous successful authorization performed from 197.149.31.249
0	07:07:49.747	'27133394': modify order #74705120 buy 0.20 [DJI30] at 29367.73 sl: 0.00 tp: 0.00 -> sl: 0.00 tp: 29367.73
0	07:07:50.076	'27133394': order #74705120 buy 0.20 [DJI30] at 29367.73 was modified -> sl: 0.00 tp: 29367.73
1	07:39:29.956	'27133394': ping failed
1	07:39:29.958	'27133394': datacenter connecting failed [6]
0	07:39:30.970	'27133394': login on AdmiralMarkets-Live through Access Point #3 (ping: 272.21 ms)
0	07:40:33.499	'27133394': login datacenter on AdmiralMarkets-Live
0	07:40:40.957	'27133394': login on AdmiralMarkets-Live through Access Point #5 (ping: 263.43 ms)
0	07:41:35.420	'27133394': ping to current access point Access Point #5 is 275.69 ms
0	07:41:42.415	'27133394': login datacenter on AdmiralMarkets-Live
0	07:41:49.225	'27133394': login on AdmiralMarkets-Live through Access Point #4 (ping: 231.79 ms)
0	07:42:40.225	'27133394': ping to current access point Access Point #4 is 235.19 ms
0	07:42:41.590	'27133394': login datacenter on AdmiralMarkets-Live through Access Point #4 (ping: 235.19 ms)
0	07:42:42.760	'27133394': previous successful authorization performed from 197.149.31.249
1	08:04:36.174	'27133394': ping failed
1	08:04:36.176	'27133394': datacenter connecting failed [6]
0	08:04:38.338	'27133394': login on AdmiralMarkets-Live through Access Point #6 (ping: 243.21 ms)
0	08:05:40.717	'27133394': login datacenter on AdmiralMarkets-Live
0	08:05:47.373	'27133394': login on AdmiralMarkets-Live through Access Point #5 (ping: 252.13 ms)
0	08:06:28.775	'27133394': ping to current access point Access Point #5 is 259.00 ms
0	08:06:49.132	'27133394': login datacenter on AdmiralMarkets-Live
0	08:06:55.356	'27133394': login on AdmiralMarkets-Live through Access Point #6 (ping: 266.03 ms)
0	08:07:43.589	'27133394': ping to current access point Access Point #6 is 257.42 ms
0	08:07:58.412	'27133394': login datacenter on AdmiralMarkets-Live
0	08:08:05.089	'27133394': login on AdmiralMarkets-Live through Access Point #4 (ping: 257.92 ms)
0	08:09:03.060	'27133394': ping to current access point Access Point #4 is 240.11 ms
0	08:09:11.149	'27133394': login datacenter on AdmiralMarkets-Live
0	08:09:21.238	'27133394': login on AdmiralMarkets-Live through Access Point #3 (ping: 263.01 ms)
0	08:10:15.199	'27133394': ping to current access point Access Point #3 is 264.11 ms
0	08:10:23.586	'27133394': login datacenter on AdmiralMarkets-Live
0	08:10:30.224	'27133394': login on AdmiralMarkets-Live through Access Point #5 (ping: 228.76 ms)
0	08:11:05.308	'27133394': ping to current access point Access Point #5 is 254.98 ms
0	08:11:31.657	'27133394': login datacenter on AdmiralMarkets-Live
0	08:11:39.708	'27133394': login on AdmiralMarkets-Live through Access Point #4 (ping: 249.03 ms)
0	08:12:30.332	'27133394': ping to current access point Access Point #4 is 269.01 ms
0	08:12:40.912	'27133394': login datacenter on AdmiralMarkets-Live
0	08:12:49.789	'27133394': login on AdmiralMarkets-Live through Access Point #5 (ping: 247.83 ms)
0	08:13:26.010	'27133394': ping to current access point Access Point #5 is 244.40 ms
1	08:13:50.073	'27133394': datacenter connecting failed [6]
0	08:13:50.345	'27133394': auto connecting to a better access point Access Point #8 (ping is n/a)
1	08:13:55.877	'27133394': connect failed [Connection échouée]
0	08:31:58.019	'27133394': login on AdmiralMarkets-Live through Access Point #7 (ping: n/a)
0	08:32:03.338	'27133394': login datacenter on AdmiralMarkets-Live through Access Point #7 (ping: n/a)
0	08:32:04.445	'27133394': previous successful authorization performed from 197.149.31.249
0	08:32:27.008	'27133394': ping to current access point Access Point #7 is 615.77 ms
2	08:50:25.878	Custom indicator AIMS Levels V2 CHFJPY,H1: loaded successfully
2	08:50:25.994	Custom indicator AIMS Entry Alert V1 CHFJPY,H1: loaded successfully
2	08:50:26.045	Custom indicator CandleTimer CHFJPY,H1: loaded successfully
2	08:50:26.158	Custom indicator #Signal_Bars_v6 CHFJPY,H1: loaded successfully
2	08:50:26.177	Custom indicator TrendEnvelopes_v1 CHFJPY,H1: loaded successfully
2	08:50:26.204	Custom indicator guppy_multiple_moving_averages CHFJPY,H1: loaded successfully
2	08:50:26.213	Custom indicator wedges CHFJPY,H1: loaded successfully
2	08:50:26.269	Custom indicator Admiral Pivot CHFJPY,H1: loaded successfully
2	08:50:26.291	Custom indicator AutoTrendChannel CHFJPY,H1: loaded successfully
2	08:50:26.301	Custom indicator FRZ Channel Auto Plotter CHFJPY,H1: loaded successfully
2	08:50:26.393	Custom indicator FRZ News Indicator MT4 CHFJPY,H1: loaded successfully
2	08:50:26.439	Custom indicator Forex Uranus direction CHFJPY,H1: loaded successfully
2	08:50:26.470	Custom indicator Quadrilateral CHFJPY,H1: loaded successfully
2	08:50:26.541	Custom indicator AIMS AO V.2.1 CHFJPY,H1: loaded successfully
2	08:50:26.576	Custom indicator IVT_MACD_ZERO_LAG CHFJPY,H1: loaded successfully
2	08:50:26.665	Custom indicator RSI Divergence Levels CHFJPY,H1: loaded successfully
2	08:50:26.677	Custom indicator JoeChalhoub_FXForecasterV1 CHFJPY,H1: loaded successfully
2	08:50:26.805	Custom indicator TDI-With_Alerts CHFJPY,H1: loaded successfully
2	08:50:26.842	Custom indicator FRZ Forex Market Session Indicator CHFJPY,H1: loaded successfully
0	09:01:00.044	'27133394': order #74705120 buy 0.20 [DJI30] at 29367.73 closed due take-profit at price 29372.80
0	09:04:43.432	'27133394': order buy market 0.20 [DAX30] sl: 0.00 tp: 0.00
0	09:04:45.363	Trades: use hosting service to speed up the execution - 2.49 ms via 'MQL5 London 01 (MQL5.community)' instead of 615.77 ms
0	09:04:45.363	'27133394': order was opened : #74710879 buy 0.20 [DAX30] at 13201.19 sl: 0.00 tp: 0.00
0	09:04:58.263	'27133394': close order #74705740 sell 0.10 [DAX30] at 13166.18 sl: 0.00 tp: 0.00 at price 0.00
0	09:05:00.101	'27133394': order #74705740 sell 0.10 [DAX30] at 13166.18 sl: 0.00 tp: 0.00 closed at price 13200.94
0	09:05:00.101	'27133394': remainder of order #74705740 was opened : #74710888 sell 0.10 [DAX30] at 13166.18 sl: 0.00 tp: 0.00
0	09:07:13.468	'27133394': close order #74710888 sell 0.10 [DAX30] at 13166.18 sl: 0.00 tp: 0.00 at price 0.00
0	09:07:14.526	'27133394': order #74710888 sell 0.10 [DAX30] at 13166.18 sl: 0.00 tp: 0.00 closed at price 13195.94
0	09:15:14.256	'27133394': order buy market 0.20 [DJI30] sl: 0.00 tp: 0.00
0	09:15:16.178	'27133394': order was opened : #74711023 buy 0.20 [DJI30] at 29372.31 sl: 0.00 tp: 0.00
2	09:26:09.364	Custom indicator AIMS Levels V2 [DAX30],M1: loaded successfully
2	09:26:09.427	Custom indicator AIMS Entry Alert V1 [DAX30],M1: loaded successfully
2	09:26:09.460	Custom indicator CandleTimer [DAX30],M1: loaded successfully
2	09:26:09.536	Custom indicator #Signal_Bars_v6 [DAX30],M1: loaded successfully
2	09:26:09.565	Custom indicator TrendEnvelopes_v1 [DAX30],M1: loaded successfully
2	09:26:09.573	Custom indicator guppy_multiple_moving_averages [DAX30],M1: loaded successfully
2	09:26:09.601	Custom indicator wedges [DAX30],M1: loaded successfully
2	09:26:09.627	Custom indicator Admiral Pivot [DAX30],M1: loaded successfully
2	09:26:09.634	Custom indicator AutoTrendChannel [DAX30],M1: loaded successfully
2	09:26:09.642	Custom indicator FRZ Channel Auto Plotter [DAX30],M1: loaded successfully
2	09:26:09.696	Custom indicator FRZ News Indicator MT4 [DAX30],M1: loaded successfully
2	09:26:09.720	Custom indicator Forex Uranus direction [DAX30],M1: loaded successfully
2	09:26:09.800	Custom indicator Quadrilateral [DAX30],M1: loaded successfully
2	09:26:09.895	Custom indicator AIMS AO V.2.1 [DAX30],M1: loaded successfully
2	09:26:09.903	Custom indicator IVT_MACD_ZERO_LAG [DAX30],M1: loaded successfully
2	09:26:09.924	Custom indicator RSI Divergence Levels [DAX30],M1: loaded successfully
2	09:26:09.973	Custom indicator JoeChalhoub_FXForecasterV1 [DAX30],M1: loaded successfully
2	09:26:09.994	Custom indicator TDI-With_Alerts [DAX30],M1: loaded successfully
2	09:26:10.003	Custom indicator FRZ Forex Market Session Indicator [DAX30],M1: loaded successfully
1	09:34:28.612	'27133394': ping failed
1	09:34:28.614	'27133394': datacenter connecting failed [6]
1	09:34:28.729	'27133394': connect failed [Connection échouée]
0	09:56:21.931	'27133394': login on AdmiralMarkets-Live through Access Point #7 (ping: n/a)
0	09:56:28.890	'27133394': login datacenter on AdmiralMarkets-Live through Access Point #7 (ping: n/a)
0	09:56:30.322	'27133394': previous successful authorization performed from 154.126.12.202
0	09:56:50.887	'27133394': auto connecting to a better access point Access Point #5 (ping is 240.49 ms)
0	09:56:51.827	'27133394': login on AdmiralMarkets-Live through Access Point #5 (ping: 240.49 ms)
0	09:56:57.567	'27133394': login datacenter on AdmiralMarkets-Live through Access Point #5 (ping: 240.49 ms)
0	09:56:58.247	'27133394': previous successful authorization performed from 154.126.11.41
0	10:01:02.896	'27133394': close order #74711023 buy 0.20 [DJI30] at 29372.31 sl: 0.00 tp: 0.00 at price 0.00
0	10:01:03.577	'27133394': order #74711023 buy 0.20 [DJI30] at 29372.31 sl: 0.00 tp: 0.00 closed at price 29422.29
0	10:01:29.796	'27133394': close order #74710879 buy 0.20 [DAX30] at 13201.19 sl: 0.00 tp: 0.00 at price 0.00
0	10:01:30.446	'27133394': order #74710879 buy 0.20 [DAX30] at 13201.19 sl: 0.00 tp: 0.00 closed at price 13207.94
2	10:09:27.317	Custom indicator AIMS Levels V2 [DJI30],M1: loaded successfully
2	10:09:27.397	Custom indicator AIMS Entry Alert V1 [DJI30],M1: loaded successfully
2	10:09:27.459	Custom indicator CandleTimer [DJI30],M1: loaded successfully
2	10:09:27.549	Custom indicator #Signal_Bars_v6 [DJI30],M1: loaded successfully
2	10:09:27.580	Custom indicator TrendEnvelopes_v1 [DJI30],M1: loaded successfully
2	10:09:27.589	Custom indicator guppy_multiple_moving_averages [DJI30],M1: loaded successfully
2	10:09:27.599	Custom indicator wedges [DJI30],M1: loaded successfully
2	10:09:27.630	Custom indicator Admiral Pivot [DJI30],M1: loaded successfully
2	10:09:27.640	Custom indicator AutoTrendChannel [DJI30],M1: loaded successfully
2	10:09:27.650	Custom indicator FRZ Channel Auto Plotter [DJI30],M1: loaded successfully
2	10:09:27.677	Custom indicator FRZ News Indicator MT4 [DJI30],M1: loaded successfully
2	10:09:27.693	Custom indicator Forex Uranus direction [DJI30],M1: loaded successfully
2	10:09:27.703	Custom indicator Quadrilateral [DJI30],M1: loaded successfully
2	10:09:27.792	Custom indicator AIMS AO V.2.1 [DJI30],M1: loaded successfully
2	10:09:27.802	Custom indicator IVT_MACD_ZERO_LAG [DJI30],M1: loaded successfully
2	10:09:27.838	Custom indicator RSI Divergence Levels [DJI30],M1: loaded successfully
2	10:09:27.873	Custom indicator JoeChalhoub_FXForecasterV1 [DJI30],M1: loaded successfully
2	10:09:27.897	Custom indicator TDI-With_Alerts [DJI30],M1: loaded successfully
2	10:09:27.962	Custom indicator FRZ Forex Market Session Indicator [DJI30],M1: loaded successfully
0	10:09:46.164	'27133394': order buy market 0.20 [DAX30] sl: 0.00 tp: 0.00
0	10:09:46.951	'27133394': order was opened : #74712402 buy 0.20 [DAX30] at 13216.59 sl: 0.00 tp: 0.00
0	10:10:47.506	'27133394': order buy market 0.20 [DAX30] sl: 0.00 tp: 0.00
0	10:10:48.230	'27133394': order was opened : #74712542 buy 0.20 [DAX30] at 13222.59 sl: 0.00 tp: 0.00
0	10:11:13.077	'27133394': modify order #74712542 buy 0.20 [DAX30] at 13222.59 sl: 0.00 tp: 0.00 -> sl: 0.00 tp: 13222.59
0	10:11:13.439	'27133394': order #74712542 buy 0.20 [DAX30] at 13222.59 was modified -> sl: 0.00 tp: 13222.59
0	10:11:27.675	'27133394': order buy market 0.20 [DJI30] sl: 0.00 tp: 0.00
0	10:11:28.267	'27133394': order was opened : #74712587 buy 0.20 [DJI30] at 29451.28 sl: 0.00 tp: 0.00
0	10:11:52.867	'27133394': order #74712542 buy 0.20 [DAX30] at 13222.59 closed due take-profit at price 13222.79
0	10:15:35.864	'27133394': close order #74712402 buy 0.20 [DAX30] at 13216.59 sl: 0.00 tp: 0.00 at price 0.00
0	10:15:36.610	'27133394': order #74712402 buy 0.20 [DAX30] at 13216.59 sl: 0.00 tp: 0.00 closed at price 13217.29
0	10:16:18.416	'27133394': modify order #74712587 buy 0.20 [DJI30] at 29451.28 sl: 0.00 tp: 0.00 -> sl: 0.00 tp: 29451.28
0	10:16:18.839	'27133394': order #74712587 buy 0.20 [DJI30] at 29451.28 was modified -> sl: 0.00 tp: 29451.28
0	10:16:32.996	'27133394': order sell market 0.20 [DJI30] sl: 0.00 tp: 0.00
0	10:16:33.660	'27133394': order was opened : #74712792 sell 0.20 [DJI30] at 29440.29 sl: 0.00 tp: 0.00
0	10:19:24.707	'27133394': pending order buy stop 0.20 [DAX30] at 13236.00 sl: 0.00 tp: 0.00
0	10:19:25.620	'27133394': order was opened : #74712878 buy stop 0.20 [DAX30] at 13236.00 sl: 0.00 tp: 0.00
0	10:21:51.405	'27133394': order sell market 0.20 [DJI30] sl: 0.00 tp: 0.00
0	10:21:53.649	'27133394': order was opened : #74712944 sell 0.20 [DJI30] at 29427.29 sl: 0.00 tp: 0.00
0	10:22:16.973	'27133394': modify order #74712944 sell 0.20 [DJI30] at 29427.29 sl: 0.00 tp: 0.00 -> sl: 29427.71 tp: 0.00
0	10:22:17.356	'27133394': order #74712944 sell 0.20 [DJI30] at 29427.29 was modified -> sl: 29427.71 tp: 0.00
0	10:22:20.077	'27133394': modify order #74712944 sell 0.20 [DJI30] at 29427.29 sl: 29427.71 tp: 0.00 -> sl: 29426.03 tp: 0.00
0	10:22:20.424	'27133394': order #74712944 sell 0.20 [DJI30] at 29427.29 was modified -> sl: 29426.03 tp: 0.00
0	10:22:30.483	'27133394': modify order #74712944 sell 0.20 [DJI30] at 29427.29 sl: 29426.03 tp: 0.00 -> sl: 29423.51 tp: 0.00
0	10:22:30.866	'27133394': order #74712944 sell 0.20 [DJI30] at 29427.29 was modified -> sl: 29423.51 tp: 0.00
1	10:22:40.383	'27133394': modification of order #74712944 sell 0.20 [DJI30] at 29427.29 sl: 29423.51 tp: 0.00 -> sl: 29421.83 tp: 0.00 failed [Invalid S/L or T/P]
0	10:22:42.964	'27133394': order #74712944 sell 0.20 [DJI30] at 29427.29 closed due stop-loss at price 29423.79
0	10:22:50.261	'27133394': order sell market 0.20 [DJI30] sl: 0.00 tp: 0.00
0	10:22:50.775	'27133394': order was opened : #74712987 sell 0.20 [DJI30] at 29419.30 sl: 0.00 tp: 0.00
0	10:22:54.428	'27133394': modify order #74712987 sell 0.20 [DJI30] at 29419.30 sl: 0.00 tp: 0.00 -> sl: 29428.55 tp: 0.00
0	10:22:54.784	'27133394': order #74712987 sell 0.20 [DJI30] at 29419.30 was modified -> sl: 29428.55 tp: 0.00
0	10:22:57.930	'27133394': modify order #74712987 sell 0.20 [DJI30] at 29419.30 sl: 29428.55 tp: 0.00 -> sl: 29432.33 tp: 0.00
0	10:22:58.295	'27133394': order #74712987 sell 0.20 [DJI30] at 29419.30 was modified -> sl: 29432.33 tp: 0.00
0	10:23:41.026	'27133394': modify order #74712987 sell 0.20 [DJI30] at 29419.30 sl: 29432.33 tp: 0.00 -> sl: 29419.73 tp: 0.00
0	10:23:41.410	'27133394': order #74712987 sell 0.20 [DJI30] at 29419.30 was modified -> sl: 29419.73 tp: 0.00
0	10:23:43.827	'27133394': modify order #74712987 sell 0.20 [DJI30] at 29419.30 sl: 29419.73 tp: 0.00 -> sl: 29418.47 tp: 0.00
0	10:23:46.236	'27133394': order #74712987 sell 0.20 [DJI30] at 29419.30 was modified -> sl: 29418.47 tp: 0.00
0	10:23:54.051	'27133394': modify order #74712987 sell 0.20 [DJI30] at 29419.30 sl: 29418.47 tp: 0.00 -> sl: 29415.53 tp: 0.00
0	10:23:54.405	'27133394': order #74712987 sell 0.20 [DJI30] at 29419.30 was modified -> sl: 29415.53 tp: 0.00
0	10:24:08.913	'27133394': modify order #74712987 sell 0.20 [DJI30] at 29419.30 sl: 29415.53 tp: 0.00 -> sl: 29410.91 tp: 0.00
0	10:24:09.276	'27133394': order #74712987 sell 0.20 [DJI30] at 29419.30 was modified -> sl: 29410.91 tp: 0.00
0	10:24:16.936	'27133394': modify order #74712987 sell 0.20 [DJI30] at 29419.30 sl: 29410.91 tp: 0.00 -> sl: 29404.60 tp: 0.00
0	10:24:17.295	'27133394': order #74712987 sell 0.20 [DJI30] at 29419.30 was modified -> sl: 29404.60 tp: 0.00
0	10:24:36.375	'27133394': order #74712987 sell 0.20 [DJI30] at 29419.30 closed due stop-loss at price 29405.30
0	10:25:04.360	'27133394': order sell market 0.20 [DAX30] sl: 0.00 tp: 0.00
0	10:25:05.059	'27133394': order was opened : #74713078 sell 0.20 [DAX30] at 13203.28 sl: 0.00 tp: 0.00
0	10:25:37.429	'27133394': modify order #74713078 sell 0.20 [DAX30] at 13203.28 sl: 0.00 tp: 0.00 -> sl: 0.00 tp: 13203.28
0	10:25:37.772	'27133394': order #74713078 sell 0.20 [DAX30] at 13203.28 was modified -> sl: 0.00 tp: 13203.28
0	10:26:44.147	'27133394': close order #74712792 sell 0.20 [DJI30] at 29440.29 sl: 0.00 tp: 0.00 at price 0.00
0	10:26:44.691	'27133394': order #74712792 sell 0.20 [DJI30] at 29440.29 sl: 0.00 tp: 0.00 closed at price 29419.30
0	10:27:29.578	'27133394': close order #74713078 sell 0.10 [DAX30] at 13203.28 sl: 0.00 tp: 13203.28 at price 0.00
0	10:27:30.255	'27133394': order #74713078 sell 0.10 [DAX30] at 13203.28 sl: 0.00 tp: 13203.28 closed at price 13207.59
0	10:27:30.255	'27133394': remainder of order #74713078 was opened : #74713171 sell 0.10 [DAX30] at 13203.28 sl: 0.00 tp: 13203.28
1	10:28:00.027	'27133394': modification of order #74712587 buy 0.20 [DJI30] at 29451.28 sl: 0.00 tp: 29451.28 -> sl: 0.00 tp: 29397.04 failed [Invalid S/L or T/P]
1	10:28:10.243	'27133394': modification of order #74712587 buy 0.20 [DJI30] at 29451.28 sl: 0.00 tp: 29451.28 -> sl: 0.00 tp: 29386.96 failed [Invalid S/L or T/P]
0	10:28:16.994	'27133394': modify order #74712587 buy 0.20 [DJI30] at 29451.28 sl: 0.00 tp: 29451.28 -> sl: 0.00 tp: 29451.66
0	10:28:17.363	'27133394': order #74712587 buy 0.20 [DJI30] at 29451.28 was modified -> sl: 0.00 tp: 29451.66
0	10:28:20.073	'27133394': modify order #74712587 buy 0.20 [DJI30] at 29451.28 sl: 0.00 tp: 29451.66 -> sl: 0.00 tp: 29445.78
0	10:28:21.742	'27133394': order #74712587 buy 0.20 [DJI30] at 29451.28 was modified -> sl: 0.00 tp: 29445.78
0	10:28:27.201	'27133394': modify order #74712587 buy 0.20 [DJI30] at 29451.28 sl: 0.00 tp: 29445.78 -> sl: 0.00 tp: 29440.73
0	10:28:29.341	'27133394': order #74712587 buy 0.20 [DJI30] at 29451.28 was modified -> sl: 0.00 tp: 29440.73
0	10:28:32.868	'27133394': modify order #74712587 buy 0.20 [DJI30] at 29451.28 sl: 0.00 tp: 29440.73 -> sl: 0.00 tp: 29451.28
0	10:28:33.201	'27133394': order #74712587 buy 0.20 [DJI30] at 29451.28 was modified -> sl: 0.00 tp: 29451.28
0	10:29:08.027	'27133394': close order #74713171 sell 0.10 [DAX30] at 13203.28 sl: 0.00 tp: 13203.28 at price 0.00
0	10:29:08.629	'27133394': order #74713171 sell 0.10 [DAX30] at 13203.28 sl: 0.00 tp: 13203.28 closed at price 13209.08
0	10:30:26.305	'27133394': close order #74712587 buy 0.10 [DJI30] at 29451.28 sl: 0.00 tp: 29451.28 at price 0.00
0	10:30:26.855	'27133394': order #74712587 buy 0.10 [DJI30] at 29451.28 sl: 0.00 tp: 29451.28 closed at price 29407.76
0	10:30:26.855	'27133394': remainder of order #74712587 was opened : #74713267 buy 0.10 [DJI30] at 29451.28 sl: 0.00 tp: 29451.28
0	10:35:00.822	'27133394': order buy market 0.20 [DJI30] sl: 0.00 tp: 0.00
0	10:35:01.460	'27133394': order was opened : #74713436 buy 0.20 [DJI30] at 29415.30 sl: 0.00 tp: 0.00
0	10:35:09.634	'27133394': modify order #74713436 buy 0.20 [DJI30] at 29415.30 sl: 0.00 tp: 0.00 -> sl: 29401.66 tp: 0.00
0	10:35:09.981	'27133394': order #74713436 buy 0.20 [DJI30] at 29415.30 was modified -> sl: 29401.66 tp: 0.00
0	10:35:27.287	'27133394': order buy market 0.20 [DAX30] sl: 0.00 tp: 0.00
0	10:35:27.960	'27133394': order was opened : #74713454 buy 0.20 [DAX30] at 13208.82 sl: 0.00 tp: 0.00
0	10:35:33.242	'27133394': modify order #74713454 buy 0.20 [DAX30] at 13208.82 sl: 0.00 tp: 0.00 -> sl: 13201.72 tp: 0.00
0	10:35:34.839	'27133394': order #74713454 buy 0.20 [DAX30] at 13208.82 was modified -> sl: 13201.72 tp: 0.00
0	10:42:47.959	'27133394': order #74713436 buy 0.20 [DJI30] at 29415.30 closed due stop-loss at price 29400.31
0	10:44:14.089	'27133394': modify order #74713454 buy 0.20 [DAX30] at 13208.82 sl: 13201.72 tp: 0.00 -> sl: 13201.72 tp: 13208.82
0	10:44:15.511	'27133394': order #74713454 buy 0.20 [DAX30] at 13208.82 was modified -> sl: 13201.72 tp: 13208.82
0	10:44:31.697	'27133394': close order #74713454 buy 0.20 [DAX30] at 13208.82 sl: 13201.72 tp: 13208.82 at price 0.00
0	10:44:32.332	'27133394': order #74713454 buy 0.20 [DAX30] at 13208.82 sl: 13201.72 tp: 13208.82 closed at price 13204.27
0	10:44:42.861	'27133394': order sell market 0.20 [DJI30] sl: 0.00 tp: 0.00
0	10:44:43.452	'27133394': order was opened : #74713766 sell 0.20 [DJI30] at 29397.31 sl: 0.00 tp: 0.00
0	10:46:18.816	'27133394': order sell market 0.20 [DJI30] sl: 0.00 tp: 0.00
0	10:46:19.367	'27133394': order was opened : #74713838 sell 0.20 [DJI30] at 29390.32 sl: 0.00 tp: 0.00
0	10:48:45.522	'27133394': close order #74713766 sell 0.20 [DJI30] at 29397.31 sl: 0.00 tp: 0.00 at price 0.00
0	10:48:46.046	'27133394': order #74713766 sell 0.20 [DJI30] at 29397.31 sl: 0.00 tp: 0.00 closed at price 29393.31
0	10:51:04.330	'27133394': close order #74713838 sell 0.20 [DJI30] at 29390.32 sl: 0.00 tp: 0.00 at price 0.00
0	10:51:04.875	'27133394': order #74713838 sell 0.20 [DJI30] at 29390.32 sl: 0.00 tp: 0.00 closed at price 29408.31
0	10:51:04.890	'27133394': order buy market 0.20 [DJI30] sl: 0.00 tp: 0.00
0	10:51:05.405	'27133394': order was opened : #74714007 buy 0.20 [DJI30] at 29408.31 sl: 0.00 tp: 0.00
0	10:56:16.515	'27133394': modify order #74714007 buy 0.20 [DJI30] at 29408.31 sl: 0.00 tp: 0.00 -> sl: 29407.54 tp: 0.00
0	10:56:17.246	'27133394': order #74714007 buy 0.20 [DJI30] at 29408.31 was modified -> sl: 29407.54 tp: 0.00
0	10:56:20.358	'27133394': modify order #74714007 buy 0.20 [DJI30] at 29408.31 sl: 29407.54 tp: 0.00 -> sl: 29408.79 tp: 0.00
0	10:56:20.707	'27133394': order #74714007 buy 0.20 [DJI30] at 29408.31 was modified -> sl: 29408.79 tp: 0.00
0	10:57:43.572	'27133394': order #74714007 buy 0.20 [DJI30] at 29408.31 closed due stop-loss at price 29408.31
0	10:59:19.447	'27133394': order buy market 0.20 [DJI30] sl: 0.00 tp: 0.00
0	10:59:20.094	'27133394': order was opened : #74714338 buy 0.20 [DJI30] at 29424.31 sl: 0.00 tp: 0.00
0	10:59:33.924	'27133394': modify order #74714338 buy 0.20 [DJI30] at 29424.31 sl: 0.00 tp: 0.00 -> sl: 29406.81 tp: 0.00
0	10:59:34.294	'27133394': order #74714338 buy 0.20 [DJI30] at 29424.31 was modified -> sl: 29406.81 tp: 0.00
0	10:59:56.182	'27133394': order #74714338 buy 0.20 [DJI30] at 29424.31 closed due stop-loss at price 29405.81
0	11:02:58.986	'27133394': modify order #74713267 buy 0.10 [DJI30] at 29451.28 sl: 0.00 tp: 29451.28 -> sl: 0.00 tp: 0.00
0	11:02:59.317	'27133394': order #74713267 buy 0.10 [DJI30] at 29451.28 was modified -> sl: 0.00 tp: 0.00
0	11:03:24.330	'27133394': order buy market 0.20 [DJI30] sl: 0.00 tp: 0.00
0	11:03:25.066	'27133394': order was opened : #74714992 buy 0.20 [DJI30] at 29413.30 sl: 0.00 tp: 0.00
0	11:03:32.023	'27133394': modify order #74714992 buy 0.20 [DJI30] at 29413.30 sl: 0.00 tp: 0.00 -> sl: 29398.57 tp: 0.00
0	11:03:32.354	'27133394': order #74714992 buy 0.20 [DJI30] at 29413.30 was modified -> sl: 29398.57 tp: 0.00
0	11:03:43.360	'27133394': modify order #74714992 buy 0.20 [DJI30] at 29413.30 sl: 29398.57 tp: 0.00 -> sl: 29389.09 tp: 0.00
0	11:03:43.704	'27133394': order #74714992 buy 0.20 [DJI30] at 29413.30 was modified -> sl: 29389.09 tp: 0.00
0	11:06:14.770	'27133394': modify order #74714992 buy 0.20 [DJI30] at 29413.30 sl: 29389.09 tp: 0.00 -> sl: 29414.23 tp: 0.00
0	11:06:15.097	'27133394': order #74714992 buy 0.20 [DJI30] at 29413.30 was modified -> sl: 29414.23 tp: 0.00
0	11:08:27.879	'27133394': close order #74714992 buy 0.10 [DJI30] at 29413.30 sl: 29414.23 tp: 0.00 at price 0.00
0	11:08:28.513	'27133394': order #74714992 buy 0.10 [DJI30] at 29413.30 sl: 29414.23 tp: 0.00 closed at price 29433.31
0	11:08:28.513	'27133394': remainder of order #74714992 was opened : #74715638 buy 0.10 [DJI30] at 29413.30 sl: 29414.23 tp: 0.00
0	11:09:09.668	'27133394': order buy market 0.20 [DJI30] sl: 0.00 tp: 0.00
0	11:09:10.193	'27133394': order was opened : #74715688 buy 0.20 [DJI30] at 29437.30 sl: 0.00 tp: 0.00
0	11:09:20.206	'27133394': modify order #74715688 buy 0.20 [DJI30] at 29437.30 sl: 0.00 tp: 0.00 -> sl: 29425.28 tp: 0.00
0	11:09:20.530	'27133394': order #74715688 buy 0.20 [DJI30] at 29437.30 was modified -> sl: 29425.28 tp: 0.00
0	11:09:29.811	'27133394': order #74712878 buy stop 0.20 [DAX30] at 13236.00 activated at price 13236.98
0	11:11:38.747	'27133394': order #74715688 buy 0.20 [DJI30] at 29437.30 closed due stop-loss at price 29424.31
0	11:13:12.230	'27133394': order #74715638 buy 0.10 [DJI30] at 29413.30 closed due stop-loss at price 29412.81
0	11:14:24.425	'27133394': modify order #74712878 buy 0.20 [DAX30] at 13236.98 sl: 0.00 tp: 0.00 -> sl: 13038.65 tp: 0.00
0	11:14:34.046	'27133394': order #74712878 buy 0.20 [DAX30] at 13236.98 was modified -> sl: 13038.65 tp: 0.00
2	11:16:06.512	Custom indicator AIMS Levels V2 GBPNZD,M15: loaded successfully
2	11:16:06.592	Custom indicator AIMS Entry Alert V1 GBPNZD,M15: loaded successfully
2	11:16:06.634	Custom indicator CandleTimer GBPNZD,M15: loaded successfully
2	11:16:06.758	Custom indicator #Signal_Bars_v6 GBPNZD,M15: loaded successfully
2	11:16:06.767	Custom indicator TrendEnvelopes_v1 GBPNZD,M15: loaded successfully
2	11:16:06.776	Custom indicator guppy_multiple_moving_averages GBPNZD,M15: loaded successfully
2	11:16:06.787	Custom indicator wedges GBPNZD,M15: loaded successfully
2	11:16:06.798	Custom indicator Admiral Pivot GBPNZD,M15: loaded successfully
2	11:16:06.807	Custom indicator AutoTrendChannel GBPNZD,M15: loaded successfully
2	11:16:06.819	Custom indicator FRZ Channel Auto Plotter GBPNZD,M15: loaded successfully
2	11:16:06.866	Custom indicator FRZ News Indicator MT4 GBPNZD,M15: loaded successfully
2	11:16:06.878	Custom indicator Forex Uranus direction GBPNZD,M15: loaded successfully
2	11:16:06.888	Custom indicator Quadrilateral GBPNZD,M15: loaded successfully
2	11:16:06.965	Custom indicator AIMS AO V.2.1 GBPNZD,M15: loaded successfully
2	11:16:07.017	Custom indicator IVT_MACD_ZERO_LAG GBPNZD,M15: loaded successfully
2	11:16:07.028	Custom indicator RSI Divergence Levels GBPNZD,M15: loaded successfully
2	11:16:07.040	Custom indicator JoeChalhoub_FXForecasterV1 GBPNZD,M15: loaded successfully
2	11:16:07.066	Custom indicator TDI-With_Alerts GBPNZD,M15: loaded successfully
2	11:16:07.125	Custom indicator FRZ Forex Market Session Indicator GBPNZD,M15: loaded successfully
0	11:17:07.178	'27133394': order buy market 0.07 GBPNZD sl: 0.00000 tp: 0.00000
0	11:17:08.501	'27133394': order was opened : #74716389 buy 0.07 GBPNZD at 1.92074 sl: 0.00000 tp: 0.00000
0	11:17:54.496	'27133394': order buy market 0.20 [DJI30] sl: 0.00 tp: 0.00
0	11:17:55.077	'27133394': order was opened : #74716464 buy 0.20 [DJI30] at 29438.81 sl: 0.00 tp: 0.00
0	11:18:02.422	'27133394': modify order #74716464 buy 0.20 [DJI30] at 29438.81 sl: 0.00 tp: 0.00 -> sl: 29403.36 tp: 0.00
0	11:18:02.808	'27133394': order #74716464 buy 0.20 [DJI30] at 29438.81 was modified -> sl: 29403.36 tp: 0.00
0	11:18:16.373	'27133394': modify order #74716464 buy 0.20 [DJI30] at 29438.81 sl: 29403.36 tp: 0.00 -> sl: 29342.03 tp: 0.00
0	11:18:16.748	'27133394': order #74716464 buy 0.20 [DJI30] at 29438.81 was modified -> sl: 29342.03 tp: 0.00
0	11:18:34.024	'27133394': modify order #74716464 buy 0.20 [DJI30] at 29438.81 sl: 29342.03 tp: 0.00 -> sl: 29163.80 tp: 0.00
0	11:18:34.497	'27133394': order #74716464 buy 0.20 [DJI30] at 29438.81 was modified -> sl: 29163.80 tp: 0.00
0	11:19:32.881	'27133394': modify order #74716389 buy 0.07 GBPNZD at 1.92074 sl: 0.00000 tp: 0.00000 -> sl: 1.91200 tp: 1.92200
0	11:19:33.196	'27133394': order #74716389 buy 0.07 GBPNZD at 1.92074 was modified -> sl: 1.91200 tp: 1.92200
0	11:24:11.528	'27133394': close order #74716464 buy 0.20 [DJI30] at 29438.81 sl: 29163.80 tp: 0.00 at price 0.00
0	11:24:12.010	'27133394': order #74716464 buy 0.20 [DJI30] at 29438.81 sl: 29163.80 tp: 0.00 closed at price 29477.79
1	11:25:32.812	'27133394': modification of order #74712878 buy 0.20 [DAX30] at 13236.98 sl: 13038.65 tp: 0.00 -> sl: 13038.65 tp: 13246.15 failed [Invalid S/L or T/P]
0	11:25:36.164	'27133394': modify order #74712878 buy 0.20 [DAX30] at 13236.98 sl: 13038.65 tp: 0.00 -> sl: 13234.65 tp: 0.00
0	11:25:36.496	'27133394': order #74712878 buy 0.20 [DAX30] at 13236.98 was modified -> sl: 13234.65 tp: 0.00
0	11:25:41.382	'27133394': modify order #74712878 buy 0.20 [DAX30] at 13236.98 sl: 13234.65 tp: 0.00 -> sl: 13241.29 tp: 0.00
0	11:25:41.726	'27133394': order #74712878 buy 0.20 [DAX30] at 13236.98 was modified -> sl: 13241.29 tp: 0.00
0	11:25:53.186	'27133394': modify order #74713267 buy 0.10 [DJI30] at 29451.28 sl: 0.00 tp: 0.00 -> sl: 29445.89 tp: 0.00
0	11:25:53.516	'27133394': order #74713267 buy 0.10 [DJI30] at 29451.28 was modified -> sl: 29445.89 tp: 0.00
0	11:25:57.910	'27133394': modify order #74713267 buy 0.10 [DJI30] at 29451.28 sl: 29445.89 tp: 0.00 -> sl: 29461.47 tp: 0.00
0	11:25:58.256	'27133394': order #74713267 buy 0.10 [DJI30] at 29451.28 was modified -> sl: 29461.47 tp: 0.00
0	11:27:59.433	'27133394': order #74713267 buy 0.10 [DJI30] at 29451.28 closed due stop-loss at price 29461.30
0	11:29:55.665	'27133394': order buy market 0.20 [DJI30] sl: 0.00 tp: 0.00
0	11:29:56.339	'27133394': order was opened : #74717585 buy 0.20 [DJI30] at 29489.29 sl: 0.00 tp: 0.00
0	11:30:00.849	'27133394': modify order #74717585 buy 0.20 [DJI30] at 29489.29 sl: 0.00 tp: 0.00 -> sl: 29456.95 tp: 0.00
0	11:30:01.558	'27133394': order #74717585 buy 0.20 [DJI30] at 29489.29 was modified -> sl: 29456.95 tp: 0.00
0	11:30:49.980	'27133394': modify order #74712878 buy 0.20 [DAX30] at 13236.98 sl: 13241.29 tp: 0.00 -> sl: 13264.56 tp: 0.00
0	11:30:50.307	'27133394': order #74712878 buy 0.20 [DAX30] at 13236.98 was modified -> sl: 13264.56 tp: 0.00
0	11:31:29.355	'27133394': modify order #74717585 buy 0.20 [DJI30] at 29489.29 sl: 29456.95 tp: 0.00 -> sl: 29455.94 tp: 0.00
0	11:31:29.686	'27133394': order #74717585 buy 0.20 [DJI30] at 29489.29 was modified -> sl: 29455.94 tp: 0.00
0	11:33:22.447	'27133394': modify order #74716389 buy 0.07 GBPNZD at 1.92074 sl: 1.91200 tp: 1.92200 -> sl: 1.92080 tp: 1.92200
0	11:33:22.793	'27133394': order #74716389 buy 0.07 GBPNZD at 1.92074 was modified -> sl: 1.92080 tp: 1.92200
0	11:33:29.463	'27133394': order #74716389 buy 0.07 GBPNZD at 1.92074 closed due stop-loss at price 1.92068
0	11:34:31.727	'27133394': modify order #74712878 buy 0.20 [DAX30] at 13236.98 sl: 13264.56 tp: 0.00 -> sl: 13293.33 tp: 0.00
0	11:34:32.051	'27133394': order #74712878 buy 0.20 [DAX30] at 13236.98 was modified -> sl: 13293.33 tp: 0.00
0	11:36:27.568	'27133394': order #74712878 buy 0.20 [DAX30] at 13236.98 closed due stop-loss at price 13293.04
0	11:38:08.986	'27133394': order #74717585 buy 0.20 [DJI30] at 29489.29 closed due stop-loss at price 29455.80
0	11:38:09.654	'27133394': order sell market 0.20 [DJI30] sl: 0.00 tp: 0.00
0	11:38:10.285	'27133394': order was opened : #74718743 sell 0.20 [DJI30] at 29457.80 sl: 0.00 tp: 0.00
0	11:38:15.686	'27133394': modify order #74718743 sell 0.20 [DJI30] at 29457.80 sl: 0.00 tp: 0.00 -> sl: 29498.17 tp: 0.00
0	11:38:16.025	'27133394': order #74718743 sell 0.20 [DJI30] at 29457.80 was modified -> sl: 29498.17 tp: 0.00
0	11:39:36.186	'27133394': modify order #74718743 sell 0.20 [DJI30] at 29457.80 sl: 29498.17 tp: 0.00 -> sl: 29458.46 tp: 0.00
0	11:39:36.502	'27133394': order #74718743 sell 0.20 [DJI30] at 29457.80 was modified -> sl: 29458.46 tp: 0.00
0	11:39:40.633	'27133394': order #74718743 sell 0.20 [DJI30] at 29457.80 closed due stop-loss at price 29459.31
0	11:40:06.734	'27133394': order sell market 0.20 [DJI30] sl: 0.00 tp: 0.00
0	11:40:07.331	'27133394': order was opened : #74718957 sell 0.20 [DJI30] at 29456.30 sl: 0.00 tp: 0.00
0	11:40:39.205	'27133394': order buy market 0.20 [DJI30] sl: 0.00 tp: 0.00
0	11:40:39.721	'27133394': order was opened : #74718988 buy 0.20 [DJI30] at 29457.80 sl: 0.00 tp: 0.00
0	11:41:39.467	'27133394': close order #74718988 buy 0.20 [DJI30] at 29457.80 sl: 0.00 tp: 0.00 at price 0.00
0	11:41:40.108	'27133394': order #74718988 buy 0.20 [DJI30] at 29457.80 sl: 0.00 tp: 0.00 closed at price 29465.30
0	11:42:18.243	'27133394': order buy market 0.20 [DJI30] sl: 0.00 tp: 0.00
0	11:42:18.848	'27133394': order was opened : #74719102 buy 0.20 [DJI30] at 29485.29 sl: 0.00 tp: 0.00
0	11:43:09.409	'27133394': modify order #74718957 sell 0.20 [DJI30] at 29456.30 sl: 0.00 tp: 0.00 -> sl: 29493.64 tp: 0.00
0	11:43:09.736	'27133394': order #74718957 sell 0.20 [DJI30] at 29456.30 was modified -> sl: 29493.64 tp: 0.00
0	11:43:26.693	'27133394': modify order #74719102 buy 0.20 [DJI30] at 29485.29 sl: 0.00 tp: 0.00 -> sl: 29449.91 tp: 0.00
0	11:43:27.205	'27133394': order #74719102 buy 0.20 [DJI30] at 29485.29 was modified -> sl: 29449.91 tp: 0.00
2	11:49:29.825	Custom indicator AIMS Levels V2 GBPAUD,H1: loaded successfully
2	11:49:29.897	Custom indicator AIMS Entry Alert V1 GBPAUD,H1: loaded successfully
2	11:49:29.904	Custom indicator CandleTimer GBPAUD,H1: loaded successfully
2	11:49:29.977	Custom indicator #Signal_Bars_v6 GBPAUD,H1: loaded successfully
2	11:49:29.985	Custom indicator TrendEnvelopes_v1 GBPAUD,H1: loaded successfully
2	11:49:29.994	Custom indicator guppy_multiple_moving_averages GBPAUD,H1: loaded successfully
2	11:49:30.004	Custom indicator wedges GBPAUD,H1: loaded successfully
2	11:49:30.043	Custom indicator Admiral Pivot GBPAUD,H1: loaded successfully
2	11:49:30.071	Custom indicator AutoTrendChannel GBPAUD,H1: loaded successfully
2	11:49:30.080	Custom indicator FRZ Channel Auto Plotter GBPAUD,H1: loaded successfully
2	11:49:30.112	Custom indicator FRZ News Indicator MT4 GBPAUD,H1: loaded successfully
2	11:49:30.139	Custom indicator Forex Uranus direction GBPAUD,H1: loaded successfully
2	11:49:30.148	Custom indicator Quadrilateral GBPAUD,H1: loaded successfully
2	11:49:30.226	Custom indicator AIMS AO V.2.1 GBPAUD,H1: loaded successfully
2	11:49:30.236	Custom indicator IVT_MACD_ZERO_LAG GBPAUD,H1: loaded successfully
2	11:49:30.263	Custom indicator RSI Divergence Levels GBPAUD,H1: loaded successfully
2	11:49:30.336	Custom indicator JoeChalhoub_FXForecasterV1 GBPAUD,H1: loaded successfully
2	11:49:30.380	Custom indicator TDI-With_Alerts GBPAUD,H1: loaded successfully
2	11:49:30.406	Custom indicator FRZ Forex Market Session Indicator GBPAUD,H1: loaded successfully
0	11:55:34.081	'27133394': order #74719102 buy 0.20 [DJI30] at 29485.29 closed due stop-loss at price 29449.81
0	11:56:33.447	'27133394': order sell market 1.00 [DJI30] sl: 0.00 tp: 0.00
0	11:56:34.069	'27133394': order was opened : #74720238 sell 1.00 [DJI30] at 29445.32 sl: 0.00 tp: 0.00
0	11:56:39.672	'27133394': modify order #74720238 sell 1.00 [DJI30] at 29445.32 sl: 0.00 tp: 0.00 -> sl: 29457.96 tp: 0.00
0	11:56:40.038	'27133394': order #74720238 sell 1.00 [DJI30] at 29445.32 was modified -> sl: 29457.96 tp: 0.00
0	11:56:54.975	'27133394': modify order #74720238 sell 1.00 [DJI30] at 29445.32 sl: 29457.96 tp: 0.00 -> sl: 29461.98 tp: 0.00
0	11:56:55.309	'27133394': order #74720238 sell 1.00 [DJI30] at 29445.32 was modified -> sl: 29461.98 tp: 0.00
0	11:57:33.306	'27133394': order #74720238 sell 1.00 [DJI30] at 29445.32 closed due stop-loss at price 29462.31
0	12:08:03.800	'27133394': order sell market 1.00 [DJI30] sl: 0.00 tp: 0.00
0	12:08:04.391	'27133394': order was opened : #74721245 sell 1.00 [DJI30] at 29449.82 sl: 0.00 tp: 0.00
0	12:08:10.715	'27133394': modify order #74721245 sell 1.00 [DJI30] at 29449.82 sl: 0.00 tp: 0.00 -> sl: 29458.10 tp: 0.00
0	12:08:11.072	'27133394': order #74721245 sell 1.00 [DJI30] at 29449.82 was modified -> sl: 29458.10 tp: 0.00
0	12:08:17.372	'27133394': order #74721245 sell 1.00 [DJI30] at 29449.82 closed due stop-loss at price 29458.32
0	12:15:06.532	'27133394': order #74718957 sell 0.20 [DJI30] at 29456.30 closed due stop-loss at price 29493.80
0	12:16:42.716	'27133394': order sell market 1.00 [DJI30] sl: 0.00 tp: 0.00
0	12:16:43.300	'27133394': order was opened : #74721796 sell 1.00 [DJI30] at 29481.81 sl: 0.00 tp: 0.00
0	12:17:04.499	'27133394': modify order #74721796 sell 1.00 [DJI30] at 29481.81 sl: 0.00 tp: 0.00 -> sl: 29497.60 tp: 0.00
0	12:17:04.838	'27133394': order #74721796 sell 1.00 [DJI30] at 29481.81 was modified -> sl: 29497.60 tp: 0.00
0	12:17:08.216	'27133394': modify order #74721796 sell 1.00 [DJI30] at 29481.81 sl: 29497.60 tp: 0.00 -> sl: 29498.55 tp: 0.00
0	12:17:08.548	'27133394': order #74721796 sell 1.00 [DJI30] at 29481.81 was modified -> sl: 29498.55 tp: 0.00
0	12:19:39.408	'27133394': modify order #74721796 sell 1.00 [DJI30] at 29481.81 sl: 29498.55 tp: 0.00 -> sl: 29534.60 tp: 0.00
0	12:19:39.774	'27133394': order #74721796 sell 1.00 [DJI30] at 29481.81 was modified -> sl: 29534.60 tp: 0.00
0	12:20:27.412	'27133394': modify order #74721796 sell 1.00 [DJI30] at 29481.81 sl: 29534.60 tp: 0.00 -> sl: 29780.00 tp: 0.00
0	12:20:27.803	'27133394': order #74721796 sell 1.00 [DJI30] at 29481.81 was modified -> sl: 29780.00 tp: 0.00
0	12:25:22.207	'27133394': close order #74721796 sell 0.50 [DJI30] at 29481.81 sl: 29780.00 tp: 0.00 at price 0.00
0	12:25:22.957	'27133394': order #74721796 sell 0.50 [DJI30] at 29481.81 sl: 29780.00 tp: 0.00 closed at price 29474.82
0	12:25:22.957	'27133394': remainder of order #74721796 was opened : #74722309 sell 0.50 [DJI30] at 29481.81 sl: 29780.00 tp: 0.00
0	12:26:10.042	'27133394': modify order #74722309 sell 0.50 [DJI30] at 29481.81 sl: 29780.00 tp: 0.00 -> sl: 29482.70 tp: 0.00
0	12:26:10.415	'27133394': order #74722309 sell 0.50 [DJI30] at 29481.81 was modified -> sl: 29482.70 tp: 0.00
0	12:26:49.733	'27133394': login on AdmiralMarkets-Live through Access Point #5 (ping: 240.49 ms)
0	12:26:54.163	'27133394': login datacenter on AdmiralMarkets-Live through Access Point #5 (ping: 240.49 ms)
0	12:26:54.989	'27133394': previous successful authorization performed from 41.74.211.69
0	12:27:17.504	'27133394': auto connecting to a better access point Access Point #6 (ping is 233.42 ms)
0	12:27:18.247	'27133394': login on AdmiralMarkets-Live through Access Point #6 (ping: 233.42 ms)
0	12:27:21.760	'27133394': login datacenter on AdmiralMarkets-Live through Access Point #6 (ping: 233.42 ms)
0	12:27:22.414	'27133394': previous successful authorization performed from 154.126.112.148
0	12:29:53.952	'27133394': modify order #74722309 sell 0.50 [DJI30] at 29481.81 sl: 29482.70 tp: 0.00 -> sl: 29481.52 tp: 0.00
0	12:29:54.246	'27133394': order #74722309 sell 0.50 [DJI30] at 29481.81 was modified -> sl: 29481.52 tp: 0.00
0	12:30:32.946	'27133394': modify order #74722309 sell 0.50 [DJI30] at 29481.81 sl: 29481.52 tp: 0.00 -> sl: 29498.00 tp: 0.00
0	12:30:33.247	'27133394': order #74722309 sell 0.50 [DJI30] at 29481.81 was modified -> sl: 29498.00 tp: 0.00
0	12:31:05.710	'27133394': modify order #74722309 sell 0.50 [DJI30] at 29481.81 sl: 29498.00 tp: 0.00 -> sl: 29479.74 tp: 0.00
0	12:31:05.994	'27133394': order #74722309 sell 0.50 [DJI30] at 29481.81 was modified -> sl: 29479.74 tp: 0.00
0	12:34:20.341	'27133394': modify order #74722309 sell 0.50 [DJI30] at 29481.81 sl: 29479.74 tp: 0.00 -> sl: 29469.48 tp: 0.00
0	12:34:20.796	'27133394': order #74722309 sell 0.50 [DJI30] at 29481.81 was modified -> sl: 29469.48 tp: 0.00
0	12:34:36.909	'27133394': modify order #74722309 sell 0.50 [DJI30] at 29481.81 sl: 29469.48 tp: 0.00 -> sl: 29465.21 tp: 0.00
0	12:34:44.273	'27133394': order #74722309 sell 0.50 [DJI30] at 29481.81 was modified -> sl: 29465.21 tp: 0.00
0	12:35:26.430	'27133394': modify order #74722309 sell 0.50 [DJI30] at 29481.81 sl: 29465.21 tp: 0.00 -> sl: 29467.70 tp: 0.00
0	12:35:27.822	'27133394': order #74722309 sell 0.50 [DJI30] at 29481.81 was modified -> sl: 29467.70 tp: 0.00
0	12:35:30.450	'27133394': modify order #74722309 sell 0.50 [DJI30] at 29481.81 sl: 29467.70 tp: 0.00 -> sl: 29470.55 tp: 0.00
0	12:35:30.837	'27133394': order #74722309 sell 0.50 [DJI30] at 29481.81 was modified -> sl: 29470.55 tp: 0.00
0	12:35:54.725	'27133394': modify order #74722309 sell 0.50 [DJI30] at 29481.81 sl: 29470.55 tp: 0.00 -> sl: 29520.30 tp: 0.00
0	12:35:55.113	'27133394': order #74722309 sell 0.50 [DJI30] at 29481.81 was modified -> sl: 29520.30 tp: 0.00
0	12:36:41.104	'27133394': modify order #74722309 sell 0.50 [DJI30] at 29481.81 sl: 29520.30 tp: 0.00 -> sl: 29520.30 tp: 29164.95
0	12:36:41.541	'27133394': order #74722309 sell 0.50 [DJI30] at 29481.81 was modified -> sl: 29520.30 tp: 29164.95
0	12:36:59.831	'27133394': modify order #74722309 sell 0.50 [DJI30] at 29481.81 sl: 29520.30 tp: 29164.95 -> sl: 29520.30 tp: 0.00
0	12:37:00.272	'27133394': order #74722309 sell 0.50 [DJI30] at 29481.81 was modified -> sl: 29520.30 tp: 0.00
0	12:37:16.963	'27133394': modify order #74722309 sell 0.50 [DJI30] at 29481.81 sl: 29520.30 tp: 0.00 -> sl: 29530.65 tp: 0.00
0	12:37:17.433	'27133394': order #74722309 sell 0.50 [DJI30] at 29481.81 was modified -> sl: 29530.65 tp: 0.00
0	12:39:05.726	'27133394': modify order #74722309 sell 0.50 [DJI30] at 29481.81 sl: 29530.65 tp: 0.00 -> sl: 29483.02 tp: 0.00
0	12:39:06.602	'27133394': order #74722309 sell 0.50 [DJI30] at 29481.81 was modified -> sl: 29483.02 tp: 0.00
0	12:39:19.671	'27133394': modify order #74722309 sell 0.50 [DJI30] at 29481.81 sl: 29483.02 tp: 0.00 -> sl: 29481.60 tp: 0.00
0	12:39:20.096	'27133394': order #74722309 sell 0.50 [DJI30] at 29481.81 was modified -> sl: 29481.60 tp: 0.00
0	12:40:05.866	'27133394': close order #74722309 sell 0.20 [DJI30] at 29481.81 sl: 29481.60 tp: 0.00 at price 0.00
0	12:40:06.558	'27133394': order #74722309 sell 0.20 [DJI30] at 29481.81 sl: 29481.60 tp: 0.00 closed at price 29444.33
0	12:40:06.558	'27133394': remainder of order #74722309 was opened : #74723279 sell 0.30 [DJI30] at 29481.81 sl: 29481.60 tp: 0.00
0	12:40:19.907	'27133394': close order #74723279 sell 0.10 [DJI30] at 29481.81 sl: 29481.60 tp: 0.00 at price 0.00
0	12:40:20.602	'27133394': order #74723279 sell 0.10 [DJI30] at 29481.81 sl: 29481.60 tp: 0.00 closed at price 29443.33
0	12:40:20.602	'27133394': remainder of order #74723279 was opened : #74723308 sell 0.20 [DJI30] at 29481.81 sl: 29481.60 tp: 0.00
0	12:41:36.997	'27133394': login datacenter on AdmiralMarkets-Live
0	12:41:39.131	'27133394': login on AdmiralMarkets-Live through Access Point #1 (ping: 231.46 ms)
0	12:42:14.282	'27133394': login datacenter on AdmiralMarkets-Live through Access Point #1 (ping: 231.46 ms)
0	12:42:15.526	'27133394': previous successful authorization performed from 154.126.112.148
0	12:46:03.960	'27133394': close order #74723308 sell 0.20 [DJI30] at 29481.81 sl: 29481.60 tp: 0.00 at price 0.00
0	12:46:05.378	'27133394': order #74723308 sell 0.20 [DJI30] at 29481.81 sl: 29481.60 tp: 0.00 closed at price 29446.33
0	12:46:17.886	'27133394': login datacenter on AdmiralMarkets-Live
0	12:46:19.985	'27133394': login on AdmiralMarkets-Live through Access Point #4 (ping: 198.83 ms)
0	12:47:04.339	'27133394': login datacenter on AdmiralMarkets-Live through Access Point #4 (ping: 198.83 ms)
0	12:47:07.899	'27133394': previous successful authorization performed from 154.126.112.148
0	12:50:50.553	'27133394': order sell market 0.30 [DJI30] sl: 0.00 tp: 0.00
1	12:50:56.911	'27133394': datacenter connecting failed [6]
1	12:50:57.285	'27133394': connect failed [Connection échouée]
0	13:58:52.097	'27133394': login on AdmiralMarkets-Live through Access Point #4 (ping: n/a)
0	13:58:56.013	'27133394': login datacenter on AdmiralMarkets-Live through Access Point #4 (ping: n/a)
0	13:58:57.121	'27133394': previous successful authorization performed from 154.126.112.148
0	13:59:25.281	'27133394': auto connecting to a better access point Access Point #5 (ping is 215.64 ms)
0	13:59:26.574	'27133394': login on AdmiralMarkets-Live through Access Point #5 (ping: 215.64 ms)
1	13:59:30.945	'27133394': datacenter connecting failed [6]
0	13:59:37.412	'27133394': login on AdmiralMarkets-Live through Access Point #5 (ping: 215.64 ms)
0	13:59:40.412	'27133394': login datacenter on AdmiralMarkets-Live through Access Point #5 (ping: 215.64 ms)
0	13:59:41.078	'27133394': previous successful authorization performed from 95.168.164.193
2	14:44:02.749	Expert Admiral - Mini Terminal GBPNZD,M15: loaded successfully
0	14:44:40.788	'27133394': order buy market 0.20 [DAX30] sl: 0.00 tp: 0.00
0	14:44:41.988	'27133394': order was opened : #74730555 buy 0.20 [DAX30] at 13201.70 sl: 0.00 tp: 0.00
0	14:44:59.644	'27133394': close order #74730555 buy 0.20 [DAX30] at 13201.70 sl: 0.00 tp: 0.00 at price 0.00
0	14:45:00.206	'27133394': order #74730555 buy 0.20 [DAX30] at 13201.70 sl: 0.00 tp: 0.00 closed at price 13201.14
0	14:45:00.217	'27133394': order sell market 0.20 [DAX30] sl: 0.00 tp: 0.00
0	14:45:00.928	'27133394': order was opened : #74730571 sell 0.20 [DAX30] at 13201.38 sl: 0.00 tp: 0.00
0	14:49:00.125	'27133394': order sell market 0.30 [DJI30] sl: 0.00 tp: 0.00
0	14:49:00.961	'27133394': order was opened : #74730800 sell 0.30 [DJI30] at 29427.38 sl: 0.00 tp: 0.00
0	14:49:07.611	'27133394': modify order #74730800 sell 0.30 [DJI30] at 29427.38 sl: 0.00 tp: 0.00 -> sl: 29524.90 tp: 0.00
0	14:49:09.224	'27133394': order #74730800 sell 0.30 [DJI30] at 29427.38 was modified -> sl: 29524.90 tp: 0.00
0	14:49:20.594	'27133394': modify order #74730800 sell 0.30 [DJI30] at 29427.38 sl: 29524.90 tp: 0.00 -> sl: 29534.60 tp: 0.00
0	14:49:21.866	'27133394': order #74730800 sell 0.30 [DJI30] at 29427.38 was modified -> sl: 29534.60 tp: 0.00
2	14:56:33.255	Expert Admiral - Mini Terminal [DJI30],M1: removed
2	14:56:33.293	Custom indicator AIMS Levels V2 [DJI30],M1: removed
2	14:56:33.325	Custom indicator AIMS Entry Alert V1 [DJI30],M1: removed
2	14:56:33.349	Custom indicator CandleTimer [DJI30],M1: removed
2	14:56:33.349	Custom indicator #Signal_Bars_v6 [DJI30],M1: removed
2	14:56:33.488	Custom indicator TrendEnvelopes_v1 [DJI30],M1: removed
2	14:56:33.544	Custom indicator guppy_multiple_moving_averages [DJI30],M1: removed
2	14:56:33.602	Custom indicator wedges [DJI30],M1: removed
2	14:56:33.697	Custom indicator Admiral Pivot [DJI30],M1: removed
2	14:56:33.703	Custom indicator AutoTrendChannel [DJI30],M1: removed
2	14:56:33.767	Custom indicator FRZ Channel Auto Plotter [DJI30],M1: removed
2	14:56:33.797	Custom indicator FRZ News Indicator MT4 [DJI30],M1: removed
2	14:56:33.835	Custom indicator Forex Uranus direction [DJI30],M1: removed
2	14:56:33.854	Custom indicator AIMS AO V.2.1 [DJI30],M1: removed
2	14:56:33.913	Custom indicator IVT_MACD_ZERO_LAG [DJI30],M1: removed
2	14:56:33.933	Custom indicator RSI Divergence Levels [DJI30],M1: removed
2	14:56:33.946	Custom indicator JoeChalhoub_FXForecasterV1 [DJI30],M1: removed
2	14:56:33.966	Custom indicator TDI-With_Alerts [DJI30],M1: removed
2	14:56:34.059	Custom indicator FRZ Forex Market Session Indicator [DJI30],M1: removed
2	14:57:31.118	Custom indicator AIMS Levels V2 [DAX30],M1: removed
2	14:57:31.119	Custom indicator AIMS Entry Alert V1 [DAX30],M1: removed
2	14:57:31.173	Custom indicator CandleTimer [DAX30],M1: removed
2	14:57:31.207	Custom indicator #Signal_Bars_v6 [DAX30],M1: removed
2	14:57:31.213	Custom indicator TrendEnvelopes_v1 [DAX30],M1: removed
2	14:57:31.240	Custom indicator guppy_multiple_moving_averages [DAX30],M1: removed
2	14:57:31.264	Custom indicator wedges [DAX30],M1: removed
2	14:57:31.283	Custom indicator Admiral Pivot [DAX30],M1: removed
2	14:57:31.287	Custom indicator AutoTrendChannel [DAX30],M1: removed
2	14:57:31.316	Custom indicator FRZ Channel Auto Plotter [DAX30],M1: removed
2	14:57:31.382	Custom indicator FRZ News Indicator MT4 [DAX30],M1: removed
2	14:57:31.387	Custom indicator Forex Uranus direction [DAX30],M1: removed
2	14:57:31.522	Custom indicator Quadrilateral [DAX30],M1: removed
2	14:57:31.523	Custom indicator AIMS AO V.2.1 [DAX30],M1: removed
2	14:57:31.555	Custom indicator IVT_MACD_ZERO_LAG [DAX30],M1: removed
2	14:57:31.578	Custom indicator RSI Divergence Levels [DAX30],M1: removed
2	14:57:31.583	Custom indicator JoeChalhoub_FXForecasterV1 [DAX30],M1: removed
2	14:57:31.623	Custom indicator TDI-With_Alerts [DAX30],M1: removed
2	14:57:31.647	Custom indicator FRZ Forex Market Session Indicator [DAX30],M1: removed
0	15:02:45.498	'27133394': modify order #74730571 sell 0.20 [DAX30] at 13201.38 sl: 0.00 tp: 0.00 -> sl: 13293.52 tp: 0.00
0	15:02:46.814	'27133394': order #74730571 sell 0.20 [DAX30] at 13201.38 was modified -> sl: 13293.52 tp: 0.00
0	15:04:07.195	'27133394': close order #74730571 sell 0.10 [DAX30] at 13201.38 sl: 13293.52 tp: 0.00 at price 0.00
0	15:04:09.218	'27133394': order #74730571 sell 0.10 [DAX30] at 13201.38 sl: 13293.52 tp: 0.00 closed at price 13202.43
0	15:04:09.218	'27133394': remainder of order #74730571 was opened : #74731510 sell 0.10 [DAX30] at 13201.38 sl: 13293.52 tp: 0.00
0	15:05:19.166	'27133394': modify order #74731510 sell 0.10 [DAX30] at 13201.38 sl: 13293.52 tp: 0.00 -> sl: 13202.03 tp: 0.00
0	15:05:21.298	'27133394': order #74731510 sell 0.10 [DAX30] at 13201.38 was modified -> sl: 13202.03 tp: 0.00
0	15:05:28.614	'27133394': modify order #74731510 sell 0.10 [DAX30] at 13201.38 sl: 13202.03 tp: 0.00 -> sl: 13256.05 tp: 0.00
0	15:05:30.011	'27133394': order #74731510 sell 0.10 [DAX30] at 13201.38 was modified -> sl: 13256.05 tp: 0.00
0	15:06:33.013	'27133394': modify order #74731510 sell 0.10 [DAX30] at 13201.38 sl: 13256.05 tp: 0.00 -> sl: 13260.41 tp: 0.00
0	15:06:33.352	'27133394': order #74731510 sell 0.10 [DAX30] at 13201.38 was modified -> sl: 13260.41 tp: 0.00
2	15:06:45.686	Expert Admiral - Mini Terminal [DJI30],M15: loaded successfully
0	15:07:24.058	'27133394': close order #74730800 sell 0.10 [DJI30] at 29427.38 sl: 29534.60 tp: 0.00 at price 0.00
0	15:07:24.551	'27133394': order #74730800 sell 0.10 [DJI30] at 29427.38 sl: 29534.60 tp: 0.00 closed at price 29399.39
0	15:07:24.551	'27133394': remainder of order #74730800 was opened : #74733070 sell 0.20 [DJI30] at 29427.38 sl: 29534.60 tp: 0.00
0	15:08:02.433	'27133394': modify order #74733070 sell 0.20 [DJI30] at 29427.38 sl: 29534.60 tp: 0.00 -> sl: 29424.85 tp: 0.00
0	15:08:02.783	'27133394': order #74733070 sell 0.20 [DJI30] at 29427.38 was modified -> sl: 29424.85 tp: 0.00
0	15:08:24.714	'27133394': modify order #74733070 sell 0.20 [DJI30] at 29427.38 sl: 29424.85 tp: 0.00 -> sl: 29426.00 tp: 0.00
0	15:08:25.058	'27133394': order #74733070 sell 0.20 [DJI30] at 29427.38 was modified -> sl: 29426.00 tp: 0.00
0	15:12:35.884	'27133394': close order #74733070 sell 0.20 [DJI30] at 29427.38 sl: 29426.00 tp: 0.00 at price 0.00
0	15:12:36.495	'27133394': order #74733070 sell 0.20 [DJI30] at 29427.38 sl: 29426.00 tp: 0.00 closed at price 29415.38
0	15:12:37.441	'27133394': close order #74731510 sell 0.10 [DAX30] at 13201.38 sl: 13260.41 tp: 0.00 at price 0.00
0	15:12:37.980	'27133394': order #74731510 sell 0.10 [DAX30] at 13201.38 sl: 13260.41 tp: 0.00 closed at price 13192.45
0	15:19:06.708	'27133394': login on AdmiralMarkets-Live through Access Point #5 (ping: 215.64 ms)
0	15:19:14.610	'27133394': login datacenter on AdmiralMarkets-Live through Access Point #5 (ping: 215.64 ms)
0	15:19:15.527	'27133394': previous successful authorization performed from 154.126.10.180
0	15:19:38.770	'27133394': auto connecting to a better access point Access Point #6 (ping is 238.71 ms)
0	15:19:39.572	'27133394': login on AdmiralMarkets-Live through Access Point #6 (ping: 238.71 ms)
0	15:19:42.235	'27133394': login datacenter on AdmiralMarkets-Live through Access Point #6 (ping: 238.71 ms)
0	15:19:42.793	'27133394': previous successful authorization performed from 154.126.33.56
0	15:30:52.559	'27133394': order buy market 0.03 GOLD sl: 0.000 tp: 0.000
0	15:30:53.158	'27133394': order was opened : #74734116 buy 0.03 GOLD at 1868.270 sl: 0.000 tp: 0.000
0	15:31:03.245	'27133394': modify order #74734116 buy 0.03 GOLD at 1868.270 sl: 0.000 tp: 0.000 -> sl: 1862.993 tp: 0.000
0	15:31:03.520	'27133394': order #74734116 buy 0.03 GOLD at 1868.270 was modified -> sl: 1862.993 tp: 0.000
0	15:45:53.766	'27133394': order buy market 0.30 [DJI30] sl: 0.00 tp: 0.00
0	15:45:54.289	'27133394': order was opened : #74734829 buy 0.30 [DJI30] at 29471.37 sl: 0.00 tp: 0.00
0	15:46:12.899	'27133394': modify order #74734829 buy 0.30 [DJI30] at 29471.37 sl: 0.00 tp: 0.00 -> sl: 29156.41 tp: 0.00
0	15:46:13.263	'27133394': order #74734829 buy 0.30 [DJI30] at 29471.37 was modified -> sl: 29156.41 tp: 0.00
0	16:25:53.480	'27133394': order #74734116 buy 0.03 GOLD at 1868.270 closed due stop-loss at price 1862.850
0	16:30:01.744	'27133394': order sell market 0.04 GOLD sl: 0.000 tp: 0.000
0	16:30:02.174	'27133394': order was opened : #74736636 sell 0.04 GOLD at 1863.540 sl: 0.000 tp: 0.000
0	16:53:31.726	'27133394': close order #74734829 buy 0.30 [DJI30] at 29471.37 sl: 29156.41 tp: 0.00 at price 0.00
0	16:53:32.971	'27133394': order #74734829 buy 0.30 [DJI30] at 29471.37 sl: 29156.41 tp: 0.00 closed at price 29384.43
0	16:53:32.973	'27133394': order sell market 0.30 [DJI30] sl: 0.00 tp: 29156.41
0	16:53:34.466	'27133394': order was opened : #74740980 sell 0.30 [DJI30] at 29385.43 sl: 0.00 tp: 29156.41
0	16:55:07.841	'27133394': order sell market 0.50 [DJI30] sl: 0.00 tp: 0.00
0	16:55:11.642	'27133394': order was opened : #74741070 sell 0.50 [DJI30] at 29379.43 sl: 0.00 tp: 0.00
0	16:55:18.549	'27133394': modify order #74741070 sell 0.50 [DJI30] at 29379.43 sl: 0.00 tp: 0.00 -> sl: 29498.48 tp: 0.00
0	16:55:19.128	'27133394': order #74741070 sell 0.50 [DJI30] at 29379.43 was modified -> sl: 29498.48 tp: 0.00
0	17:01:17.014	'27133394': close order #74736636 sell 0.04 GOLD at 1863.540 sl: 0.000 tp: 0.000 at price 0.000
0	17:01:17.463	'27133394': order #74736636 sell 0.04 GOLD at 1863.540 sl: 0.000 tp: 0.000 closed at price 1867.680
0	17:01:17.500	'27133394': order buy market 0.04 GOLD sl: 0.000 tp: 0.000
0	17:01:17.925	'27133394': order was opened : #74741429 buy 0.04 GOLD at 1867.640 sl: 0.000 tp: 0.000
0	17:01:51.815	'27133394': modify order #74741429 buy 0.04 GOLD at 1867.640 sl: 0.000 tp: 0.000 -> sl: 1861.912 tp: 0.000
0	17:01:52.501	'27133394': order #74741429 buy 0.04 GOLD at 1867.640 was modified -> sl: 1861.912 tp: 0.000
0	17:45:00.058	'27133394': order #74741070 sell 0.50 [DJI30] at 29379.43 closed due stop-loss at price 29538.48
2	17:45:23.729	Expert Admiral - Mini Terminal [DAX30],M15: removed
2	17:45:25.445	Custom indicator AIMS Levels V2 [DAX30],M15: removed
2	17:45:25.521	Custom indicator AIMS Entry Alert V1 [DAX30],M15: removed
2	17:45:25.531	Custom indicator CandleTimer [DAX30],M15: removed
2	17:45:25.564	Custom indicator #Signal_Bars_v6 [DAX30],M15: removed
2	17:45:25.581	Custom indicator TrendEnvelopes_v1 [DAX30],M15: removed
2	17:45:25.606	Custom indicator guppy_multiple_moving_averages [DAX30],M15: removed
2	17:45:25.627	Custom indicator wedges [DAX30],M15: removed
2	17:45:25.683	Custom indicator Admiral Pivot [DAX30],M15: removed
2	17:45:25.703	Custom indicator AutoTrendChannel [DAX30],M15: removed
2	17:45:25.726	Custom indicator FRZ Channel Auto Plotter [DAX30],M15: removed
2	17:45:25.755	Custom indicator FRZ News Indicator MT4 [DAX30],M15: removed
2	17:45:25.764	Custom indicator Forex Uranus direction [DAX30],M15: removed
2	17:45:25.767	Custom indicator AIMS AO V.2.1 [DAX30],M15: removed
2	17:45:25.793	Custom indicator IVT_MACD_ZERO_LAG [DAX30],M15: removed
2	17:45:25.819	Custom indicator RSI Divergence Levels [DAX30],M15: removed
2	17:45:25.863	Custom indicator JoeChalhoub_FXForecasterV1 [DAX30],M15: removed
2	17:45:25.895	Custom indicator TDI-With_Alerts [DAX30],M15: removed
2	17:45:25.929	Custom indicator FRZ Forex Market Session Indicator [DAX30],M15: removed
2	17:45:25.979	Expert Admiral - Mini Terminal [NQ100],M15: removed
2	17:45:26.877	Custom indicator AIMS Levels V2 [NQ100],M15: removed
2	17:45:26.942	Custom indicator AIMS Entry Alert V1 [NQ100],M15: removed
2	17:45:26.950	Custom indicator CandleTimer [NQ100],M15: removed
2	17:45:26.986	Custom indicator #Signal_Bars_v6 [NQ100],M15: removed
2	17:45:27.029	Custom indicator TrendEnvelopes_v1 [NQ100],M15: removed
2	17:45:27.102	Custom indicator guppy_multiple_moving_averages [NQ100],M15: removed
2	17:45:27.227	Custom indicator wedges [NQ100],M15: removed
2	17:45:27.345	Custom indicator Admiral Pivot [NQ100],M15: removed
2	17:45:27.352	Custom indicator AutoTrendChannel [NQ100],M15: removed
2	17:45:27.360	Custom indicator FRZ Channel Auto Plotter [NQ100],M15: removed
2	17:45:27.369	Custom indicator FRZ News Indicator MT4 [NQ100],M15: removed
2	17:45:27.394	Custom indicator Forex Uranus direction [NQ100],M15: removed
2	17:45:27.488	Custom indicator AIMS AO V.2.1 [NQ100],M15: removed
2	17:45:27.571	Custom indicator IVT_MACD_ZERO_LAG [NQ100],M15: removed
2	17:45:27.666	Custom indicator RSI Divergence Levels [NQ100],M15: removed
2	17:45:27.763	Custom indicator JoeChalhoub_FXForecasterV1 [NQ100],M15: removed
2	17:45:27.810	Custom indicator TDI-With_Alerts [NQ100],M15: removed
2	17:45:27.959	Custom indicator FRZ Forex Market Session Indicator [NQ100],M15: removed
2	17:45:27.986	Custom indicator AIMS Levels V2 [CAC40],M15: removed
2	17:45:27.988	Custom indicator AIMS Entry Alert V1 [CAC40],M15: removed
2	17:45:27.999	Custom indicator CandleTimer [CAC40],M15: removed
2	17:45:28.030	Custom indicator #Signal_Bars_v6 [CAC40],M15: removed
2	17:45:28.040	Custom indicator TrendEnvelopes_v1 [CAC40],M15: removed
2	17:45:28.052	Custom indicator guppy_multiple_moving_averages [CAC40],M15: removed
2	17:45:28.064	Custom indicator wedges [CAC40],M15: removed
2	17:45:28.076	Custom indicator Admiral Pivot [CAC40],M15: removed
2	17:45:28.086	Custom indicator AutoTrendChannel [CAC40],M15: removed
2	17:45:28.097	Custom indicator FRZ Channel Auto Plotter [CAC40],M15: removed
2	17:45:28.138	Custom indicator FRZ News Indicator MT4 [CAC40],M15: removed
2	17:45:28.143	Custom indicator AIMS AO V.2.1 [CAC40],M15: removed
2	17:45:28.160	Custom indicator IVT_MACD_ZERO_LAG [CAC40],M15: removed
2	17:45:28.169	Custom indicator RSI Divergence Levels [CAC40],M15: removed
2	17:45:28.179	Custom indicator JoeChalhoub_FXForecasterV1 [CAC40],M15: removed
2	17:45:28.197	Custom indicator TDI-With_Alerts [CAC40],M15: removed
2	17:45:28.205	Custom indicator FRZ Forex Market Session Indicator [CAC40],M15: removed
2	17:45:28.234	Expert Admiral - Mini Terminal GOLD,M15: removed
2	17:45:30.184	Custom indicator AIMS Levels V2 GOLD,M15: removed
2	17:45:30.185	Custom indicator AIMS Entry Alert V1 GOLD,M15: removed
2	17:45:30.199	Custom indicator CandleTimer GOLD,M15: removed
2	17:45:30.209	Custom indicator #Signal_Bars_v6 GOLD,M15: removed
2	17:45:30.225	Custom indicator TrendEnvelopes_v1 GOLD,M15: removed
2	17:45:30.254	Custom indicator guppy_multiple_moving_averages GOLD,M15: removed
2	17:45:30.290	Custom indicator wedges GOLD,M15: removed
2	17:45:30.309	Custom indicator Admiral Pivot GOLD,M15: removed
2	17:45:30.314	Custom indicator AutoTrendChannel GOLD,M15: removed
2	17:45:30.318	Custom indicator FRZ Channel Auto Plotter GOLD,M15: removed
2	17:45:30.325	Custom indicator FRZ News Indicator MT4 GOLD,M15: removed
2	17:45:30.328	Custom indicator Forex Uranus direction GOLD,M15: removed
2	17:45:30.331	Custom indicator AIMS AO V.2.1 GOLD,M15: removed
2	17:45:30.338	Custom indicator IVT_MACD_ZERO_LAG GOLD,M15: removed
2	17:45:30.361	Custom indicator RSI Divergence Levels GOLD,M15: removed
2	17:45:30.384	Custom indicator JoeChalhoub_FXForecasterV1 GOLD,M15: removed
2	17:45:30.432	Custom indicator TDI-With_Alerts GOLD,M15: removed
2	17:45:30.441	Custom indicator FRZ Forex Market Session Indicator GOLD,M15: removed
2	17:45:30.542	Expert Admiral - Mini Terminal [SP500],M15: removed
2	17:45:31.604	Custom indicator AIMS Levels V2 [SP500],M15: removed
2	17:45:31.604	Custom indicator AIMS Entry Alert V1 [SP500],M15: removed
2	17:45:31.608	Custom indicator CandleTimer [SP500],M15: removed
2	17:45:31.610	Custom indicator #Signal_Bars_v6 [SP500],M15: removed
2	17:45:31.631	Custom indicator TrendEnvelopes_v1 [SP500],M15: removed
2	17:45:31.635	Custom indicator guppy_multiple_moving_averages [SP500],M15: removed
2	17:45:31.656	Custom indicator wedges [SP500],M15: removed
2	17:45:31.661	Custom indicator Admiral Pivot [SP500],M15: removed
2	17:45:31.689	Custom indicator AutoTrendChannel [SP500],M15: removed
2	17:45:31.712	Custom indicator FRZ Channel Auto Plotter [SP500],M15: removed
2	17:45:31.719	Custom indicator FRZ News Indicator MT4 [SP500],M15: removed
2	17:45:31.727	Custom indicator Forex Uranus direction [SP500],M15: removed
2	17:45:31.728	Custom indicator AIMS AO V.2.1 [SP500],M15: removed
2	17:45:31.735	Custom indicator IVT_MACD_ZERO_LAG [SP500],M15: removed
2	17:45:31.742	Custom indicator RSI Divergence Levels [SP500],M15: removed
2	17:45:31.750	Custom indicator JoeChalhoub_FXForecasterV1 [SP500],M15: removed
2	17:45:31.758	Custom indicator TDI-With_Alerts [SP500],M15: removed
2	17:45:31.766	Custom indicator FRZ Forex Market Session Indicator [SP500],M15: removed
2	17:45:31.784	Custom indicator AIMS Levels V2 WTI,M15: removed
2	17:45:31.795	Custom indicator AIMS Entry Alert V1 WTI,M15: removed
2	17:45:31.801	Custom indicator CandleTimer WTI,M15: removed
2	17:45:31.803	Custom indicator #Signal_Bars_v6 WTI,M15: removed
2	17:45:31.809	Custom indicator TrendEnvelopes_v1 WTI,M15: removed
2	17:45:31.825	Custom indicator guppy_multiple_moving_averages WTI,M15: removed
2	17:45:31.837	Custom indicator wedges WTI,M15: removed
2	17:45:31.874	Custom indicator Admiral Pivot WTI,M15: removed
2	17:45:31.880	Custom indicator AutoTrendChannel WTI,M15: removed
2	17:45:31.887	Custom indicator FRZ Channel Auto Plotter WTI,M15: removed
2	17:45:31.894	Custom indicator FRZ News Indicator MT4 WTI,M15: removed
2	17:45:31.902	Custom indicator Forex Uranus direction WTI,M15: removed
2	17:45:31.904	Custom indicator AIMS AO V.2.1 WTI,M15: removed
2	17:45:31.912	Custom indicator IVT_MACD_ZERO_LAG WTI,M15: removed
2	17:45:31.919	Custom indicator RSI Divergence Levels WTI,M15: removed
2	17:45:31.928	Custom indicator JoeChalhoub_FXForecasterV1 WTI,M15: removed
2	17:45:31.942	Custom indicator TDI-With_Alerts WTI,M15: removed
2	17:45:31.951	Custom indicator FRZ Forex Market Session Indicator WTI,M15: removed
2	17:45:32.041	Custom indicator AIMS Levels V2 GBPCHF,M15: removed
2	17:45:32.058	Custom indicator AIMS Entry Alert V1 GBPCHF,M15: removed
2	17:45:32.065	Custom indicator CandleTimer GBPCHF,M15: removed
2	17:45:32.087	Custom indicator #Signal_Bars_v6 GBPCHF,M15: removed
2	17:45:32.095	Custom indicator TrendEnvelopes_v1 GBPCHF,M15: removed
2	17:45:32.137	Custom indicator guppy_multiple_moving_averages GBPCHF,M15: removed
2	17:45:32.166	Custom indicator wedges GBPCHF,M15: removed
2	17:45:32.254	Custom indicator Admiral Pivot GBPCHF,M15: removed
2	17:45:32.260	Custom indicator AutoTrendChannel GBPCHF,M15: removed
2	17:45:32.265	Custom indicator FRZ Channel Auto Plotter GBPCHF,M15: removed
2	17:45:32.288	Custom indicator FRZ News Indicator MT4 GBPCHF,M15: removed
2	17:45:32.296	Custom indicator Forex Uranus direction GBPCHF,M15: removed
2	17:45:32.303	Custom indicator Quadrilateral GBPCHF,M15: removed
2	17:45:32.341	Custom indicator AIMS AO V.2.1 GBPCHF,M15: removed
2	17:45:32.349	Custom indicator IVT_MACD_ZERO_LAG GBPCHF,M15: removed
2	17:45:32.378	Custom indicator RSI Divergence Levels GBPCHF,M15: removed
2	17:45:32.394	Custom indicator JoeChalhoub_FXForecasterV1 GBPCHF,M15: removed
2	17:45:32.402	Custom indicator TDI-With_Alerts GBPCHF,M15: removed
2	17:45:32.409	Custom indicator FRZ Forex Market Session Indicator GBPCHF,M15: removed
2	17:45:32.509	Custom indicator DJPVT CADCHF,M15: removed
2	17:45:32.515	Custom indicator DJX6 V7.2.8 LOCK CADCHF,M15: removed
2	17:45:32.550	Custom indicator DJCSM EVO 4 LOCK CADCHF,M15: removed
2	17:45:32.557	Custom indicator DJ PROJI 2 MOD CADCHF,M15: removed
2	17:45:32.591	Custom indicator AIMS Levels V2 CHFJPY,M15: removed
2	17:45:32.594	Custom indicator AIMS Entry Alert V1 CHFJPY,M15: removed
2	17:45:32.624	Custom indicator CandleTimer CHFJPY,M15: removed
2	17:45:32.625	Custom indicator #Signal_Bars_v6 CHFJPY,M15: removed
2	17:45:32.635	Custom indicator TrendEnvelopes_v1 CHFJPY,M15: removed
2	17:45:32.642	Custom indicator guppy_multiple_moving_averages CHFJPY,M15: removed
2	17:45:32.683	Custom indicator wedges CHFJPY,M15: removed
2	17:45:32.690	Custom indicator Admiral Pivot CHFJPY,M15: removed
2	17:45:32.696	Custom indicator AutoTrendChannel CHFJPY,M15: removed
2	17:45:32.702	Custom indicator FRZ Channel Auto Plotter CHFJPY,M15: removed
2	17:45:32.709	Custom indicator FRZ News Indicator MT4 CHFJPY,M15: removed
2	17:45:32.716	Custom indicator Forex Uranus direction CHFJPY,M15: removed
2	17:45:32.725	Custom indicator Quadrilateral CHFJPY,M15: removed
2	17:45:32.725	Custom indicator AIMS AO V.2.1 CHFJPY,M15: removed
2	17:45:32.756	Custom indicator IVT_MACD_ZERO_LAG CHFJPY,M15: removed
2	17:45:32.764	Custom indicator RSI Divergence Levels CHFJPY,M15: removed
2	17:45:32.773	Custom indicator JoeChalhoub_FXForecasterV1 CHFJPY,M15: removed
2	17:45:32.782	Custom indicator TDI-With_Alerts CHFJPY,M15: removed
2	17:45:32.789	Custom indicator FRZ Forex Market Session Indicator CHFJPY,M15: removed
2	17:45:32.948	Expert Admiral - Mini Terminal [DJI30],M1: removed
2	17:45:33.109	Custom indicator AIMS Levels V2 [DJI30],M1: removed
2	17:45:33.110	Custom indicator AIMS Entry Alert V1 [DJI30],M1: removed
2	17:45:33.113	Custom indicator CandleTimer [DJI30],M1: removed
2	17:45:33.126	Custom indicator #Signal_Bars_v6 [DJI30],M1: removed
2	17:45:33.132	Custom indicator TrendEnvelopes_v1 [DJI30],M1: removed
2	17:45:33.138	Custom indicator guppy_multiple_moving_averages [DJI30],M1: removed
2	17:45:33.145	Custom indicator wedges [DJI30],M1: removed
2	17:45:33.153	Custom indicator Admiral Pivot [DJI30],M1: removed
2	17:45:33.158	Custom indicator AutoTrendChannel [DJI30],M1: removed
2	17:45:33.163	Custom indicator FRZ Channel Auto Plotter [DJI30],M1: removed
2	17:45:33.182	Custom indicator FRZ News Indicator MT4 [DJI30],M1: removed
2	17:45:33.189	Custom indicator Forex Uranus direction [DJI30],M1: removed
2	17:45:33.195	Custom indicator Quadrilateral [DJI30],M1: removed
2	17:45:33.196	Custom indicator AIMS AO V.2.1 [DJI30],M1: removed
2	17:45:33.201	Custom indicator IVT_MACD_ZERO_LAG [DJI30],M1: removed
2	17:45:33.231	Custom indicator RSI Divergence Levels [DJI30],M1: removed
2	17:45:33.260	Custom indicator JoeChalhoub_FXForecasterV1 [DJI30],M1: removed
2	17:45:33.293	Custom indicator TDI-With_Alerts [DJI30],M1: removed
2	17:45:33.301	Custom indicator FRZ Forex Market Session Indicator [DJI30],M1: removed
2	17:45:33.344	Expert Admiral - Mini Terminal GBPNZD,M15: removed
2	17:45:33.489	Custom indicator AIMS Levels V2 GBPNZD,M15: removed
2	17:45:33.489	Custom indicator AIMS Entry Alert V1 GBPNZD,M15: removed
2	17:45:33.516	Custom indicator CandleTimer GBPNZD,M15: removed
2	17:45:33.521	Custom indicator #Signal_Bars_v6 GBPNZD,M15: removed
2	17:45:33.525	Custom indicator TrendEnvelopes_v1 GBPNZD,M15: removed
2	17:45:33.530	Custom indicator guppy_multiple_moving_averages GBPNZD,M15: removed
2	17:45:33.538	Custom indicator wedges GBPNZD,M15: removed
2	17:45:33.577	Custom indicator Admiral Pivot GBPNZD,M15: removed
2	17:45:33.584	Custom indicator AutoTrendChannel GBPNZD,M15: removed
2	17:45:33.593	Custom indicator FRZ Channel Auto Plotter GBPNZD,M15: removed
2	17:45:33.607	Custom indicator FRZ News Indicator MT4 GBPNZD,M15: removed
2	17:45:33.636	Custom indicator Forex Uranus direction GBPNZD,M15: removed
2	17:45:33.646	Custom indicator Quadrilateral GBPNZD,M15: removed
2	17:45:33.647	Custom indicator AIMS AO V.2.1 GBPNZD,M15: removed
2	17:45:33.659	Custom indicator IVT_MACD_ZERO_LAG GBPNZD,M15: removed
2	17:45:33.669	Custom indicator RSI Divergence Levels GBPNZD,M15: removed
2	17:45:33.702	Custom indicator JoeChalhoub_FXForecasterV1 GBPNZD,M15: removed
2	17:45:33.715	Custom indicator TDI-With_Alerts GBPNZD,M15: removed
2	17:45:33.732	Custom indicator FRZ Forex Market Session Indicator GBPNZD,M15: removed
2	17:45:33.795	Custom indicator AIMS Levels V2 GBPAUD,M15: removed
2	17:45:33.796	Custom indicator AIMS Entry Alert V1 GBPAUD,M15: removed
2	17:45:33.805	Custom indicator CandleTimer GBPAUD,M15: removed
2	17:45:33.806	Custom indicator #Signal_Bars_v6 GBPAUD,M15: removed
2	17:45:33.814	Custom indicator TrendEnvelopes_v1 GBPAUD,M15: removed
2	17:45:33.841	Custom indicator guppy_multiple_moving_averages GBPAUD,M15: removed
2	17:45:33.871	Custom indicator wedges GBPAUD,M15: removed
2	17:45:33.878	Custom indicator Admiral Pivot GBPAUD,M15: removed
2	17:45:33.886	Custom indicator AutoTrendChannel GBPAUD,M15: removed
2	17:45:33.895	Custom indicator FRZ Channel Auto Plotter GBPAUD,M15: removed
2	17:45:33.902	Custom indicator FRZ News Indicator MT4 GBPAUD,M15: removed
2	17:45:33.909	Custom indicator Forex Uranus direction GBPAUD,M15: removed
2	17:45:33.936	Custom indicator Quadrilateral GBPAUD,M15: removed
2	17:45:33.937	Custom indicator AIMS AO V.2.1 GBPAUD,M15: removed
2	17:45:33.943	Custom indicator IVT_MACD_ZERO_LAG GBPAUD,M15: removed
2	17:45:33.977	Custom indicator RSI Divergence Levels GBPAUD,M15: removed
2	17:45:34.002	Custom indicator JoeChalhoub_FXForecasterV1 GBPAUD,M15: removed
2	17:45:34.015	Custom indicator TDI-With_Alerts GBPAUD,M15: removed
2	17:45:34.022	Custom indicator FRZ Forex Market Session Indicator GBPAUD,M15: removed
0	17:45:39.662	Admiral Markets build 1280 stopped
