0	05:24:43.394	Admiral Markets build 1280 started (Admiral Markets Group AS)
0	05:24:43.395	Windows 10 Pro x64, IE 11, UAC, 8 x Intel Core i7-10510U  @ 1.80GHz, Memory: 1070 / 8014 Mb, Disk: 37 / 237 Gb, GMT+3
0	05:24:43.395	Data Folder: C:\Users\SRIE\AppData\Roaming\MetaQuotes\Terminal\51337600F56B69473E15EAFB8A7586B4
2	05:24:47.297	Custom indicator AIMS Levels V2 [DAX30],M1: loaded successfully
2	05:24:47.356	Custom indicator AIMS Entry Alert V1 [DAX30],M1: loaded successfully
2	05:24:47.364	Custom indicator CandleTimer [DAX30],M1: loaded successfully
2	05:24:47.426	Custom indicator #Signal_Bars_v6 [DAX30],M1: loaded successfully
2	05:24:47.433	Custom indicator TrendEnvelopes_v1 [DAX30],M1: loaded successfully
2	05:24:47.439	Custom indicator guppy_multiple_moving_averages [DAX30],M1: loaded successfully
2	05:24:47.446	Custom indicator wedges [DAX30],M1: loaded successfully
2	05:24:47.453	Custom indicator Admiral Pivot [DAX30],M1: loaded successfully
2	05:24:47.458	Custom indicator AutoTrendChannel [DAX30],M1: loaded successfully
2	05:24:47.465	Custom indicator FRZ Channel Auto Plotter [DAX30],M1: loaded successfully
2	05:24:47.472	Custom indicator FRZ News Indicator MT4 [DAX30],M1: loaded successfully
2	05:24:47.479	Custom indicator Forex Uranus direction [DAX30],M1: loaded successfully
2	05:24:47.538	Custom indicator AIMS AO V.2.1 [DAX30],M1: loaded successfully
2	05:24:47.546	Custom indicator IVT_MACD_ZERO_LAG [DAX30],M1: loaded successfully
2	05:24:47.553	Custom indicator RSI Divergence Levels [DAX30],M1: loaded successfully
2	05:24:47.560	Custom indicator JoeChalhoub_FXForecasterV1 [DAX30],M1: loaded successfully
2	05:24:47.567	Custom indicator TDI-With_Alerts [DAX30],M1: loaded successfully
2	05:24:47.574	Custom indicator FRZ Forex Market Session Indicator [DAX30],M1: loaded successfully
2	05:24:47.589	Expert Admiral - Mini Terminal [DAX30],M1: loaded successfully
2	05:24:53.567	Custom indicator AIMS Levels V2 [DJI30],M15: loaded successfully
2	05:24:53.629	Custom indicator AIMS Entry Alert V1 [DJI30],M15: loaded successfully
2	05:24:53.634	Custom indicator CandleTimer [DJI30],M15: loaded successfully
2	05:24:53.695	Custom indicator #Signal_Bars_v6 [DJI30],M15: loaded successfully
2	05:24:53.702	Custom indicator TrendEnvelopes_v1 [DJI30],M15: loaded successfully
2	05:24:53.708	Custom indicator guppy_multiple_moving_averages [DJI30],M15: loaded successfully
2	05:24:53.715	Custom indicator wedges [DJI30],M15: loaded successfully
2	05:24:53.721	Custom indicator Admiral Pivot [DJI30],M15: loaded successfully
2	05:24:53.727	Custom indicator AutoTrendChannel [DJI30],M15: loaded successfully
2	05:24:53.733	Custom indicator FRZ Channel Auto Plotter [DJI30],M15: loaded successfully
2	05:24:53.741	Custom indicator FRZ News Indicator MT4 [DJI30],M15: loaded successfully
2	05:24:53.748	Custom indicator Forex Uranus direction [DJI30],M15: loaded successfully
2	05:24:53.808	Custom indicator AIMS AO V.2.1 [DJI30],M15: loaded successfully
2	05:24:53.815	Custom indicator IVT_MACD_ZERO_LAG [DJI30],M15: loaded successfully
2	05:24:53.823	Custom indicator RSI Divergence Levels [DJI30],M15: loaded successfully
2	05:24:53.831	Custom indicator JoeChalhoub_FXForecasterV1 [DJI30],M15: loaded successfully
2	05:24:53.838	Custom indicator TDI-With_Alerts [DJI30],M15: loaded successfully
2	05:24:53.844	Custom indicator FRZ Forex Market Session Indicator [DJI30],M15: loaded successfully
2	05:24:53.856	Expert Admiral - Mini Terminal [DJI30],M15: loaded successfully
2	05:24:54.544	Custom indicator AIMS Levels V2 GOLD,M15: loaded successfully
2	05:24:54.603	Custom indicator AIMS Entry Alert V1 GOLD,M15: loaded successfully
2	05:24:54.608	Custom indicator CandleTimer GOLD,M15: loaded successfully
2	05:24:54.669	Custom indicator #Signal_Bars_v6 GOLD,M15: loaded successfully
2	05:24:54.675	Custom indicator TrendEnvelopes_v1 GOLD,M15: loaded successfully
2	05:24:54.681	Custom indicator guppy_multiple_moving_averages GOLD,M15: loaded successfully
2	05:24:54.687	Custom indicator wedges GOLD,M15: loaded successfully
2	05:24:54.694	Custom indicator Admiral Pivot GOLD,M15: loaded successfully
2	05:24:54.700	Custom indicator AutoTrendChannel GOLD,M15: loaded successfully
2	05:24:54.706	Custom indicator FRZ Channel Auto Plotter GOLD,M15: loaded successfully
2	05:24:54.714	Custom indicator FRZ News Indicator MT4 GOLD,M15: loaded successfully
2	05:24:54.721	Custom indicator Forex Uranus direction GOLD,M15: loaded successfully
2	05:24:54.728	Custom indicator Quadrilateral GOLD,M15: loaded successfully
2	05:24:54.786	Custom indicator AIMS AO V.2.1 GOLD,M15: loaded successfully
2	05:24:54.793	Custom indicator IVT_MACD_ZERO_LAG GOLD,M15: loaded successfully
2	05:24:54.800	Custom indicator RSI Divergence Levels GOLD,M15: loaded successfully
2	05:24:54.808	Custom indicator JoeChalhoub_FXForecasterV1 GOLD,M15: loaded successfully
2	05:24:54.816	Custom indicator TDI-With_Alerts GOLD,M15: loaded successfully
2	05:24:54.823	Custom indicator FRZ Forex Market Session Indicator GOLD,M15: loaded successfully
2	05:24:55.392	Custom indicator AIMS Levels V2 [DAX30],M5: loaded successfully
2	05:24:55.454	Custom indicator AIMS Entry Alert V1 [DAX30],M5: loaded successfully
2	05:24:55.460	Custom indicator CandleTimer [DAX30],M5: loaded successfully
2	05:24:55.520	Custom indicator #Signal_Bars_v6 [DAX30],M5: loaded successfully
2	05:24:55.526	Custom indicator TrendEnvelopes_v1 [DAX30],M5: loaded successfully
2	05:24:55.532	Custom indicator guppy_multiple_moving_averages [DAX30],M5: loaded successfully
2	05:24:55.539	Custom indicator wedges [DAX30],M5: loaded successfully
2	05:24:55.546	Custom indicator Admiral Pivot [DAX30],M5: loaded successfully
2	05:24:55.552	Custom indicator AutoTrendChannel [DAX30],M5: loaded successfully
2	05:24:55.559	Custom indicator FRZ Channel Auto Plotter [DAX30],M5: loaded successfully
2	05:24:55.566	Custom indicator FRZ News Indicator MT4 [DAX30],M5: loaded successfully
2	05:24:55.574	Custom indicator Forex Uranus direction [DAX30],M5: loaded successfully
2	05:24:55.581	Custom indicator Quadrilateral [DAX30],M5: loaded successfully
2	05:24:55.640	Custom indicator AIMS AO V.2.1 [DAX30],M5: loaded successfully
2	05:24:55.648	Custom indicator IVT_MACD_ZERO_LAG [DAX30],M5: loaded successfully
2	05:24:55.656	Custom indicator RSI Divergence Levels [DAX30],M5: loaded successfully
2	05:24:55.664	Custom indicator JoeChalhoub_FXForecasterV1 [DAX30],M5: loaded successfully
2	05:24:55.673	Custom indicator TDI-With_Alerts [DAX30],M5: loaded successfully
2	05:24:55.681	Custom indicator FRZ Forex Market Session Indicator [DAX30],M5: loaded successfully
2	05:24:57.179	Custom indicator AIMS Levels V2 [DAX30],M15: loaded successfully
2	05:24:57.247	Custom indicator AIMS Entry Alert V1 [DAX30],M15: loaded successfully
2	05:24:57.253	Custom indicator CandleTimer [DAX30],M15: loaded successfully
2	05:24:57.313	Custom indicator #Signal_Bars_v6 [DAX30],M15: loaded successfully
2	05:24:57.321	Custom indicator TrendEnvelopes_v1 [DAX30],M15: loaded successfully
2	05:24:57.327	Custom indicator guppy_multiple_moving_averages [DAX30],M15: loaded successfully
2	05:24:57.335	Custom indicator wedges [DAX30],M15: loaded successfully
2	05:24:57.342	Custom indicator Admiral Pivot [DAX30],M15: loaded successfully
2	05:24:57.348	Custom indicator AutoTrendChannel [DAX30],M15: loaded successfully
2	05:24:57.356	Custom indicator FRZ Channel Auto Plotter [DAX30],M15: loaded successfully
2	05:24:57.364	Custom indicator FRZ News Indicator MT4 [DAX30],M15: loaded successfully
2	05:24:57.372	Custom indicator Forex Uranus direction [DAX30],M15: loaded successfully
2	05:24:57.379	Custom indicator Quadrilateral [DAX30],M15: loaded successfully
2	05:24:57.441	Custom indicator AIMS AO V.2.1 [DAX30],M15: loaded successfully
2	05:24:57.448	Custom indicator IVT_MACD_ZERO_LAG [DAX30],M15: loaded successfully
2	05:24:57.455	Custom indicator RSI Divergence Levels [DAX30],M15: loaded successfully
2	05:24:57.464	Custom indicator JoeChalhoub_FXForecasterV1 [DAX30],M15: loaded successfully
2	05:24:57.472	Custom indicator TDI-With_Alerts [DAX30],M15: loaded successfully
2	05:24:57.479	Custom indicator FRZ Forex Market Session Indicator [DAX30],M15: loaded successfully
2	05:24:58.065	Custom indicator AIMS Levels V2 [DAX30],M30: loaded successfully
2	05:24:58.125	Custom indicator AIMS Entry Alert V1 [DAX30],M30: loaded successfully
2	05:24:58.131	Custom indicator CandleTimer [DAX30],M30: loaded successfully
2	05:24:58.197	Custom indicator #Signal_Bars_v6 [DAX30],M30: loaded successfully
2	05:24:58.204	Custom indicator TrendEnvelopes_v1 [DAX30],M30: loaded successfully
2	05:24:58.211	Custom indicator guppy_multiple_moving_averages [DAX30],M30: loaded successfully
2	05:24:58.220	Custom indicator wedges [DAX30],M30: loaded successfully
2	05:24:58.229	Custom indicator Admiral Pivot [DAX30],M30: loaded successfully
2	05:24:58.238	Custom indicator AutoTrendChannel [DAX30],M30: loaded successfully
2	05:24:58.248	Custom indicator FRZ Channel Auto Plotter [DAX30],M30: loaded successfully
2	05:24:58.257	Custom indicator FRZ News Indicator MT4 [DAX30],M30: loaded successfully
2	05:24:58.266	Custom indicator Forex Uranus direction [DAX30],M30: loaded successfully
2	05:24:58.274	Custom indicator Quadrilateral [DAX30],M30: loaded successfully
2	05:24:58.346	Custom indicator AIMS AO V.2.1 [DAX30],M30: loaded successfully
2	05:24:58.354	Custom indicator IVT_MACD_ZERO_LAG [DAX30],M30: loaded successfully
2	05:24:58.362	Custom indicator RSI Divergence Levels [DAX30],M30: loaded successfully
2	05:24:58.371	Custom indicator JoeChalhoub_FXForecasterV1 [DAX30],M30: loaded successfully
2	05:24:58.379	Custom indicator TDI-With_Alerts [DAX30],M30: loaded successfully
2	05:24:58.387	Custom indicator FRZ Forex Market Session Indicator [DAX30],M30: loaded successfully
2	05:24:58.880	Custom indicator AIMS Levels V2 [DAX30],H1: loaded successfully
2	05:24:58.948	Custom indicator AIMS Entry Alert V1 [DAX30],H1: loaded successfully
2	05:24:58.954	Custom indicator CandleTimer [DAX30],H1: loaded successfully
2	05:24:59.021	Custom indicator #Signal_Bars_v6 [DAX30],H1: loaded successfully
2	05:24:59.028	Custom indicator TrendEnvelopes_v1 [DAX30],H1: loaded successfully
2	05:24:59.034	Custom indicator guppy_multiple_moving_averages [DAX30],H1: loaded successfully
2	05:24:59.043	Custom indicator wedges [DAX30],H1: loaded successfully
2	05:24:59.051	Custom indicator Admiral Pivot [DAX30],H1: loaded successfully
2	05:24:59.058	Custom indicator AutoTrendChannel [DAX30],H1: loaded successfully
2	05:24:59.065	Custom indicator FRZ Channel Auto Plotter [DAX30],H1: loaded successfully
2	05:24:59.074	Custom indicator FRZ News Indicator MT4 [DAX30],H1: loaded successfully
2	05:24:59.082	Custom indicator Forex Uranus direction [DAX30],H1: loaded successfully
2	05:24:59.089	Custom indicator Quadrilateral [DAX30],H1: loaded successfully
2	05:24:59.151	Custom indicator AIMS AO V.2.1 [DAX30],H1: loaded successfully
2	05:24:59.158	Custom indicator IVT_MACD_ZERO_LAG [DAX30],H1: loaded successfully
2	05:24:59.166	Custom indicator RSI Divergence Levels [DAX30],H1: loaded successfully
2	05:24:59.174	Custom indicator JoeChalhoub_FXForecasterV1 [DAX30],H1: loaded successfully
2	05:24:59.182	Custom indicator TDI-With_Alerts [DAX30],H1: loaded successfully
2	05:24:59.189	Custom indicator FRZ Forex Market Session Indicator [DAX30],H1: loaded successfully
2	05:24:59.603	Custom indicator AIMS Levels V2 [DAX30],H4: loaded successfully
2	05:24:59.667	Custom indicator AIMS Entry Alert V1 [DAX30],H4: loaded successfully
2	05:24:59.673	Custom indicator CandleTimer [DAX30],H4: loaded successfully
2	05:24:59.734	Custom indicator #Signal_Bars_v6 [DAX30],H4: loaded successfully
2	05:24:59.741	Custom indicator TrendEnvelopes_v1 [DAX30],H4: loaded successfully
2	05:24:59.748	Custom indicator guppy_multiple_moving_averages [DAX30],H4: loaded successfully
2	05:24:59.755	Custom indicator wedges [DAX30],H4: loaded successfully
2	05:24:59.764	Custom indicator Admiral Pivot [DAX30],H4: loaded successfully
2	05:24:59.771	Custom indicator AutoTrendChannel [DAX30],H4: loaded successfully
2	05:24:59.778	Custom indicator FRZ Channel Auto Plotter [DAX30],H4: loaded successfully
2	05:24:59.786	Custom indicator FRZ News Indicator MT4 [DAX30],H4: loaded successfully
2	05:24:59.793	Custom indicator Forex Uranus direction [DAX30],H4: loaded successfully
2	05:24:59.801	Custom indicator Quadrilateral [DAX30],H4: loaded successfully
2	05:24:59.902	Custom indicator AIMS AO V.2.1 [DAX30],H4: loaded successfully
2	05:24:59.915	Custom indicator IVT_MACD_ZERO_LAG [DAX30],H4: loaded successfully
2	05:24:59.924	Custom indicator RSI Divergence Levels [DAX30],H4: loaded successfully
2	05:24:59.932	Custom indicator JoeChalhoub_FXForecasterV1 [DAX30],H4: loaded successfully
2	05:24:59.940	Custom indicator TDI-With_Alerts [DAX30],H4: loaded successfully
2	05:24:59.948	Custom indicator FRZ Forex Market Session Indicator [DAX30],H4: loaded successfully
0	05:25:05.136	'27143750': login on AdmiralMarkets-Live through Access Point #4 (ping: 215.82 ms)
0	05:25:26.966	'27143750': login datacenter on AdmiralMarkets-Live through Access Point #4 (ping: 215.82 ms)
0	05:25:28.714	'27143750': previous successful authorization performed from 154.126.9.229
0	05:26:42.462	'27143750': ping to current access point Access Point #4 is 267.20 ms
1	05:27:31.209	'27143750': datacenter connecting failed [6]
0	05:27:32.722	'27143750': login on AdmiralMarkets-Live through Access Point #5 (ping: 294.87 ms)
0	05:27:40.250	'27143750': login datacenter on AdmiralMarkets-Live through Access Point #5 (ping: 294.87 ms)
0	05:27:41.119	'27143750': previous successful authorization performed from 154.126.99.26
0	05:35:30.721	'27143750': order buy market 0.10 [DAX30] sl: 0.00 tp: 0.00
0	05:35:32.376	'27143750': order was opened : #75004573 buy 0.10 [DAX30] at 13307.27 sl: 0.00 tp: 0.00
0	05:45:34.288	'27143750': close order #75004573 buy 0.10 [DAX30] at 13307.27 sl: 0.00 tp: 0.00 at price 0.00
0	05:45:35.011	'27143750': order #75004573 buy 0.10 [DAX30] at 13307.27 sl: 0.00 tp: 0.00 closed at price 13298.52
0	05:45:35.011	'27143750': order sell market 0.10 [DAX30] sl: 0.00 tp: 0.00
1	05:45:35.455	'27143750': order sell 0.10 [DAX30] opening at market sl: 0.00 tp: 0.00 failed [Not enough money]
0	05:45:49.602	'27143750': order sell market 0.10 [DAX30] sl: 0.00 tp: 0.00
1	05:45:50.031	'27143750': order sell 0.10 [DAX30] opening at market sl: 0.00 tp: 0.00 failed [Not enough money]
2	05:46:27.877	Custom indicator AIMS Levels V2 [DAX30],H4: removed
2	05:46:27.877	Custom indicator AIMS Entry Alert V1 [DAX30],H4: removed
2	05:46:27.878	Custom indicator CandleTimer [DAX30],H4: removed
2	05:46:27.878	Custom indicator #Signal_Bars_v6 [DAX30],H4: removed
2	05:46:27.879	Custom indicator TrendEnvelopes_v1 [DAX30],H4: removed
2	05:46:27.880	Custom indicator guppy_multiple_moving_averages [DAX30],H4: removed
2	05:46:27.881	Custom indicator wedges [DAX30],H4: removed
2	05:46:27.883	Custom indicator Admiral Pivot [DAX30],H4: removed
2	05:46:27.884	Custom indicator AutoTrendChannel [DAX30],H4: removed
2	05:46:27.886	Custom indicator FRZ Channel Auto Plotter [DAX30],H4: removed
2	05:46:27.889	Custom indicator FRZ News Indicator MT4 [DAX30],H4: removed
2	05:46:27.891	Custom indicator Forex Uranus direction [DAX30],H4: removed
2	05:46:27.892	Custom indicator Quadrilateral [DAX30],H4: removed
2	05:46:27.892	Custom indicator AIMS AO V.2.1 [DAX30],H4: removed
2	05:46:27.893	Custom indicator IVT_MACD_ZERO_LAG [DAX30],H4: removed
2	05:46:27.895	Custom indicator RSI Divergence Levels [DAX30],H4: removed
2	05:46:27.896	Custom indicator JoeChalhoub_FXForecasterV1 [DAX30],H4: removed
2	05:46:27.897	Custom indicator TDI-With_Alerts [DAX30],H4: removed
2	05:46:27.898	Custom indicator FRZ Forex Market Session Indicator [DAX30],H4: removed
2	05:46:27.909	Custom indicator TitanXpro_Entry2 [DAX30],H4: loaded successfully
2	05:46:27.919	Custom indicator TitanXpro_Dash [DAX30],H4: loaded successfully
2	05:46:35.617	Custom indicator TitanXpro_Entry2 [DAX30],H4: removed
2	05:46:35.618	Custom indicator TitanXpro_Dash [DAX30],H4: removed
2	05:46:35.645	Expert !!Sentinel PAT Scanner-v1.01 [DAX30],H4: loaded successfully
2	05:47:11.405	Custom indicator TitanXpro_Entry2 AUDUSD,H1: loaded successfully
2	05:47:11.413	Custom indicator TitanXpro_Dash AUDUSD,H1: loaded successfully
2	05:47:21.461	Custom indicator TitanXpro_Entry2 AUDUSD,H1: removed
2	05:47:21.463	Custom indicator TitanXpro_Dash AUDUSD,H1: removed
2	05:47:21.471	Custom indicator TitanXpro_Entry2 AUDUSD,H1: loaded successfully
2	05:47:21.482	Custom indicator TitanXpro_Dash AUDUSD,H1: loaded successfully
2	05:47:31.268	Custom indicator TitanXpro_Entry2 AUDUSD,H1: removed
2	05:47:31.270	Custom indicator TitanXpro_Dash AUDUSD,H1: removed
2	05:47:31.278	Custom indicator RenkoStreet_channel AUDUSD,H1: loaded successfully
2	05:47:31.287	Custom indicator RenkoStreet_MTF AUDUSD,H1: loaded successfully
2	05:47:31.294	Custom indicator RenkoStreet_PV AUDUSD,H1: loaded successfully
2	05:47:31.302	Custom indicator RenkoStreet_TL AUDUSD,H1: loaded successfully
2	05:47:31.308	Custom indicator RenkoStreet_Trend AUDUSD,H1: loaded successfully
2	05:47:37.775	Custom indicator RenkoStreet_channel AUDUSD,H1: removed
2	05:47:37.776	Custom indicator RenkoStreet_MTF AUDUSD,H1: removed
2	05:47:37.778	Custom indicator RenkoStreet_PV AUDUSD,H1: removed
2	05:47:37.779	Custom indicator RenkoStreet_TL AUDUSD,H1: removed
2	05:47:37.781	Custom indicator RenkoStreet_Trend AUDUSD,H1: removed
2	05:47:37.801	Expert !!Sentinel PAT Scanner-v1.01 AUDUSD,H1: loaded successfully
1	05:48:16.015	'27143750': datacenter connecting failed [6]
0	05:48:17.396	'27143750': login on AdmiralMarkets-Live through Access Point #1 (ping: 330.16 ms)
2	05:48:17.966	Custom indicator AIMS Levels V2 AUDNZD,Daily: loaded successfully
2	05:48:18.029	Custom indicator AIMS Entry Alert V1 AUDNZD,Daily: loaded successfully
2	05:48:18.035	Custom indicator CandleTimer AUDNZD,Daily: loaded successfully
2	05:48:18.097	Custom indicator #Signal_Bars_v6 AUDNZD,Daily: loaded successfully
2	05:48:18.105	Custom indicator TrendEnvelopes_v1 AUDNZD,Daily: loaded successfully
2	05:48:18.112	Custom indicator guppy_multiple_moving_averages AUDNZD,Daily: loaded successfully
2	05:48:18.120	Custom indicator wedges AUDNZD,Daily: loaded successfully
2	05:48:18.128	Custom indicator Admiral Pivot AUDNZD,Daily: loaded successfully
2	05:48:18.135	Custom indicator AutoTrendChannel AUDNZD,Daily: loaded successfully
2	05:48:18.143	Custom indicator FRZ Channel Auto Plotter AUDNZD,Daily: loaded successfully
2	05:48:18.151	Custom indicator FRZ News Indicator MT4 AUDNZD,Daily: loaded successfully
2	05:48:18.158	Custom indicator Forex Uranus direction AUDNZD,Daily: loaded successfully
2	05:48:18.167	Custom indicator Quadrilateral AUDNZD,Daily: loaded successfully
2	05:48:18.232	Custom indicator AIMS AO V.2.1 AUDNZD,Daily: loaded successfully
2	05:48:18.239	Custom indicator IVT_MACD_ZERO_LAG AUDNZD,Daily: loaded successfully
2	05:48:18.247	Custom indicator RSI Divergence Levels AUDNZD,Daily: loaded successfully
2	05:48:18.256	Custom indicator JoeChalhoub_FXForecasterV1 AUDNZD,Daily: loaded successfully
2	05:48:18.265	Custom indicator TDI-With_Alerts AUDNZD,Daily: loaded successfully
2	05:48:18.272	Custom indicator FRZ Forex Market Session Indicator AUDNZD,Daily: loaded successfully
0	05:48:31.254	'27143750': login datacenter on AdmiralMarkets-Live through Access Point #1 (ping: 330.16 ms)
0	05:48:32.754	'27143750': previous successful authorization performed from 154.126.99.26
0	05:48:54.927	'27143750': order sell market 0.01 AUDNZD sl: 0.00000 tp: 0.00000
0	05:48:56.686	'27143750': order was opened : #75005115 sell 0.01 AUDNZD at 1.05078 sl: 0.00000 tp: 0.00000
0	05:49:57.811	'27143750': login datacenter on AdmiralMarkets-Live
0	05:49:59.220	'27143750': login on AdmiralMarkets-Live through Access Point #3 (ping: 341.39 ms)
0	05:50:03.960	'27143750': login datacenter on AdmiralMarkets-Live through Access Point #3 (ping: 341.39 ms)
0	05:50:05.383	'27143750': previous successful authorization performed from 154.126.99.26
0	05:50:47.014	'27143750': login datacenter on AdmiralMarkets-Live
0	05:50:48.424	'27143750': login on AdmiralMarkets-Live through Access Point #6 (ping: 358.20 ms)
0	05:50:56.338	'27143750': login datacenter on AdmiralMarkets-Live through Access Point #6 (ping: 358.20 ms)
0	05:50:57.725	'27143750': previous successful authorization performed from 154.126.99.26
0	05:51:19.493	'27143750': login datacenter on AdmiralMarkets-Live
0	05:51:20.842	'27143750': login on AdmiralMarkets-Live through Access Point #9 (ping: 347.52 ms)
0	05:51:36.820	'27143750': login datacenter on AdmiralMarkets-Live through Access Point #9 (ping: 347.52 ms)
0	05:51:39.167	'27143750': previous successful authorization performed from 154.126.99.26
1	05:52:30.126	'27143750': datacenter connecting failed [6]
0	05:52:31.964	'27143750': login on AdmiralMarkets-Live through Access Point #8 (ping: 674.05 ms)
0	05:52:41.338	'27143750': login datacenter on AdmiralMarkets-Live through Access Point #8 (ping: 674.05 ms)
0	05:52:42.688	'27143750': previous successful authorization performed from 154.126.99.26
1	05:53:22.640	'27143750': datacenter connecting failed [6]
0	05:53:27.670	'27143750': login on AdmiralMarkets-Live through Access Point #7 (ping: 696.17 ms)
0	05:53:37.483	'27143750': login datacenter on AdmiralMarkets-Live through Access Point #7 (ping: 696.17 ms)
0	05:53:39.497	'27143750': previous successful authorization performed from 154.126.99.26
2	05:55:15.945	Expert Admiral - Mini Terminal [DAX30],M1: removed
2	05:55:16.100	Custom indicator AIMS Levels V2 [DAX30],M1: removed
2	05:55:16.102	Custom indicator AIMS Entry Alert V1 [DAX30],M1: removed
2	05:55:16.104	Custom indicator CandleTimer [DAX30],M1: removed
2	05:55:16.104	Custom indicator #Signal_Bars_v6 [DAX30],M1: removed
2	05:55:16.106	Custom indicator TrendEnvelopes_v1 [DAX30],M1: removed
2	05:55:16.107	Custom indicator guppy_multiple_moving_averages [DAX30],M1: removed
2	05:55:16.109	Custom indicator wedges [DAX30],M1: removed
2	05:55:16.111	Custom indicator Admiral Pivot [DAX30],M1: removed
2	05:55:16.112	Custom indicator AutoTrendChannel [DAX30],M1: removed
2	05:55:16.113	Custom indicator FRZ Channel Auto Plotter [DAX30],M1: removed
2	05:55:16.118	Custom indicator FRZ News Indicator MT4 [DAX30],M1: removed
2	05:55:16.120	Custom indicator Forex Uranus direction [DAX30],M1: removed
2	05:55:16.121	Custom indicator AIMS AO V.2.1 [DAX30],M1: removed
2	05:55:16.122	Custom indicator IVT_MACD_ZERO_LAG [DAX30],M1: removed
2	05:55:16.124	Custom indicator RSI Divergence Levels [DAX30],M1: removed
2	05:55:16.125	Custom indicator JoeChalhoub_FXForecasterV1 [DAX30],M1: removed
2	05:55:16.127	Custom indicator TDI-With_Alerts [DAX30],M1: removed
2	05:55:16.129	Custom indicator FRZ Forex Market Session Indicator [DAX30],M1: removed
2	05:55:16.133	Expert Admiral - Mini Terminal [DJI30],M15: removed
2	05:55:16.297	Custom indicator AIMS Levels V2 [DJI30],M15: removed
2	05:55:16.297	Custom indicator AIMS Entry Alert V1 [DJI30],M15: removed
2	05:55:16.298	Custom indicator CandleTimer [DJI30],M15: removed
2	05:55:16.298	Custom indicator #Signal_Bars_v6 [DJI30],M15: removed
2	05:55:16.300	Custom indicator TrendEnvelopes_v1 [DJI30],M15: removed
2	05:55:16.301	Custom indicator guppy_multiple_moving_averages [DJI30],M15: removed
2	05:55:16.303	Custom indicator wedges [DJI30],M15: removed
2	05:55:16.304	Custom indicator Admiral Pivot [DJI30],M15: removed
2	05:55:16.305	Custom indicator AutoTrendChannel [DJI30],M15: removed
2	05:55:16.307	Custom indicator FRZ Channel Auto Plotter [DJI30],M15: removed
2	05:55:16.308	Custom indicator FRZ News Indicator MT4 [DJI30],M15: removed
2	05:55:16.309	Custom indicator Forex Uranus direction [DJI30],M15: removed
2	05:55:16.310	Custom indicator AIMS AO V.2.1 [DJI30],M15: removed
2	05:55:16.311	Custom indicator IVT_MACD_ZERO_LAG [DJI30],M15: removed
2	05:55:16.312	Custom indicator RSI Divergence Levels [DJI30],M15: removed
2	05:55:16.314	Custom indicator JoeChalhoub_FXForecasterV1 [DJI30],M15: removed
2	05:55:16.315	Custom indicator TDI-With_Alerts [DJI30],M15: removed
2	05:55:16.317	Custom indicator FRZ Forex Market Session Indicator [DJI30],M15: removed
2	05:55:16.320	Custom indicator AIMS Levels V2 GOLD,M15: removed
2	05:55:16.320	Custom indicator AIMS Entry Alert V1 GOLD,M15: removed
2	05:55:16.322	Custom indicator CandleTimer GOLD,M15: removed
2	05:55:16.322	Custom indicator #Signal_Bars_v6 GOLD,M15: removed
2	05:55:16.324	Custom indicator TrendEnvelopes_v1 GOLD,M15: removed
2	05:55:16.325	Custom indicator guppy_multiple_moving_averages GOLD,M15: removed
2	05:55:16.326	Custom indicator wedges GOLD,M15: removed
2	05:55:16.328	Custom indicator Admiral Pivot GOLD,M15: removed
2	05:55:16.329	Custom indicator AutoTrendChannel GOLD,M15: removed
2	05:55:16.330	Custom indicator FRZ Channel Auto Plotter GOLD,M15: removed
2	05:55:16.332	Custom indicator FRZ News Indicator MT4 GOLD,M15: removed
2	05:55:16.333	Custom indicator Forex Uranus direction GOLD,M15: removed
2	05:55:16.334	Custom indicator Quadrilateral GOLD,M15: removed
2	05:55:16.335	Custom indicator AIMS AO V.2.1 GOLD,M15: removed
2	05:55:16.336	Custom indicator IVT_MACD_ZERO_LAG GOLD,M15: removed
2	05:55:16.338	Custom indicator RSI Divergence Levels GOLD,M15: removed
2	05:55:16.339	Custom indicator JoeChalhoub_FXForecasterV1 GOLD,M15: removed
2	05:55:16.341	Custom indicator TDI-With_Alerts GOLD,M15: removed
2	05:55:16.342	Custom indicator FRZ Forex Market Session Indicator GOLD,M15: removed
2	05:55:16.345	Custom indicator AIMS Levels V2 [DAX30],M1: removed
2	05:55:16.345	Custom indicator AIMS Entry Alert V1 [DAX30],M1: removed
2	05:55:16.347	Custom indicator CandleTimer [DAX30],M1: removed
2	05:55:16.347	Custom indicator #Signal_Bars_v6 [DAX30],M1: removed
2	05:55:16.348	Custom indicator TrendEnvelopes_v1 [DAX30],M1: removed
2	05:55:16.350	Custom indicator guppy_multiple_moving_averages [DAX30],M1: removed
2	05:55:16.352	Custom indicator wedges [DAX30],M1: removed
2	05:55:16.354	Custom indicator Admiral Pivot [DAX30],M1: removed
2	05:55:16.355	Custom indicator AutoTrendChannel [DAX30],M1: removed
2	05:55:16.356	Custom indicator FRZ Channel Auto Plotter [DAX30],M1: removed
2	05:55:16.358	Custom indicator FRZ News Indicator MT4 [DAX30],M1: removed
2	05:55:16.360	Custom indicator Forex Uranus direction [DAX30],M1: removed
2	05:55:16.362	Custom indicator Quadrilateral [DAX30],M1: removed
2	05:55:16.362	Custom indicator AIMS AO V.2.1 [DAX30],M1: removed
2	05:55:16.364	Custom indicator IVT_MACD_ZERO_LAG [DAX30],M1: removed
2	05:55:16.366	Custom indicator RSI Divergence Levels [DAX30],M1: removed
2	05:55:16.368	Custom indicator JoeChalhoub_FXForecasterV1 [DAX30],M1: removed
2	05:55:16.370	Custom indicator TDI-With_Alerts [DAX30],M1: removed
2	05:55:16.372	Custom indicator FRZ Forex Market Session Indicator [DAX30],M1: removed
2	05:55:16.376	Custom indicator AIMS Levels V2 [DAX30],M15: removed
2	05:55:16.376	Custom indicator AIMS Entry Alert V1 [DAX30],M15: removed
2	05:55:16.377	Custom indicator CandleTimer [DAX30],M15: removed
2	05:55:16.377	Custom indicator #Signal_Bars_v6 [DAX30],M15: removed
2	05:55:16.378	Custom indicator TrendEnvelopes_v1 [DAX30],M15: removed
2	05:55:16.380	Custom indicator guppy_multiple_moving_averages [DAX30],M15: removed
2	05:55:16.382	Custom indicator wedges [DAX30],M15: removed
2	05:55:16.383	Custom indicator Admiral Pivot [DAX30],M15: removed
2	05:55:16.384	Custom indicator AutoTrendChannel [DAX30],M15: removed
2	05:55:16.386	Custom indicator FRZ Channel Auto Plotter [DAX30],M15: removed
2	05:55:16.387	Custom indicator FRZ News Indicator MT4 [DAX30],M15: removed
2	05:55:16.388	Custom indicator Forex Uranus direction [DAX30],M15: removed
2	05:55:16.390	Custom indicator Quadrilateral [DAX30],M15: removed
2	05:55:16.390	Custom indicator AIMS AO V.2.1 [DAX30],M15: removed
2	05:55:16.391	Custom indicator IVT_MACD_ZERO_LAG [DAX30],M15: removed
2	05:55:16.392	Custom indicator RSI Divergence Levels [DAX30],M15: removed
2	05:55:16.394	Custom indicator JoeChalhoub_FXForecasterV1 [DAX30],M15: removed
2	05:55:16.395	Custom indicator TDI-With_Alerts [DAX30],M15: removed
2	05:55:16.397	Custom indicator FRZ Forex Market Session Indicator [DAX30],M15: removed
2	05:55:16.401	Custom indicator AIMS Levels V2 [DAX30],M30: removed
2	05:55:16.401	Custom indicator AIMS Entry Alert V1 [DAX30],M30: removed
2	05:55:16.403	Custom indicator CandleTimer [DAX30],M30: removed
2	05:55:16.403	Custom indicator #Signal_Bars_v6 [DAX30],M30: removed
2	05:55:16.404	Custom indicator TrendEnvelopes_v1 [DAX30],M30: removed
2	05:55:16.405	Custom indicator guppy_multiple_moving_averages [DAX30],M30: removed
2	05:55:16.407	Custom indicator wedges [DAX30],M30: removed
2	05:55:16.408	Custom indicator Admiral Pivot [DAX30],M30: removed
2	05:55:16.410	Custom indicator AutoTrendChannel [DAX30],M30: removed
2	05:55:16.411	Custom indicator FRZ Channel Auto Plotter [DAX30],M30: removed
2	05:55:16.412	Custom indicator FRZ News Indicator MT4 [DAX30],M30: removed
2	05:55:16.414	Custom indicator Forex Uranus direction [DAX30],M30: removed
2	05:55:16.415	Custom indicator Quadrilateral [DAX30],M30: removed
2	05:55:16.415	Custom indicator AIMS AO V.2.1 [DAX30],M30: removed
2	05:55:16.417	Custom indicator IVT_MACD_ZERO_LAG [DAX30],M30: removed
2	05:55:16.419	Custom indicator RSI Divergence Levels [DAX30],M30: removed
2	05:55:16.421	Custom indicator JoeChalhoub_FXForecasterV1 [DAX30],M30: removed
2	05:55:16.422	Custom indicator TDI-With_Alerts [DAX30],M30: removed
2	05:55:16.424	Custom indicator FRZ Forex Market Session Indicator [DAX30],M30: removed
2	05:55:16.425	Custom indicator AIMS Levels V2 [DAX30],H1: removed
2	05:55:16.425	Custom indicator AIMS Entry Alert V1 [DAX30],H1: removed
2	05:55:16.427	Custom indicator CandleTimer [DAX30],H1: removed
2	05:55:16.427	Custom indicator #Signal_Bars_v6 [DAX30],H1: removed
2	05:55:16.428	Custom indicator TrendEnvelopes_v1 [DAX30],H1: removed
2	05:55:16.429	Custom indicator guppy_multiple_moving_averages [DAX30],H1: removed
2	05:55:16.431	Custom indicator wedges [DAX30],H1: removed
2	05:55:16.432	Custom indicator Admiral Pivot [DAX30],H1: removed
2	05:55:16.435	Custom indicator AutoTrendChannel [DAX30],H1: removed
2	05:55:16.437	Custom indicator FRZ Channel Auto Plotter [DAX30],H1: removed
2	05:55:16.439	Custom indicator FRZ News Indicator MT4 [DAX30],H1: removed
2	05:55:16.441	Custom indicator Forex Uranus direction [DAX30],H1: removed
2	05:55:16.443	Custom indicator Quadrilateral [DAX30],H1: removed
2	05:55:16.443	Custom indicator AIMS AO V.2.1 [DAX30],H1: removed
2	05:55:16.445	Custom indicator IVT_MACD_ZERO_LAG [DAX30],H1: removed
2	05:55:16.447	Custom indicator RSI Divergence Levels [DAX30],H1: removed
2	05:55:16.449	Custom indicator JoeChalhoub_FXForecasterV1 [DAX30],H1: removed
2	05:55:16.451	Custom indicator TDI-With_Alerts [DAX30],H1: removed
2	05:55:16.453	Custom indicator FRZ Forex Market Session Indicator [DAX30],H1: removed
2	05:55:16.457	Expert !!Sentinel PAT Scanner-v1.01 [DAX30],H4: removed
2	05:55:16.462	Expert !!Sentinel PAT Scanner-v1.01 AUDUSD,H1: removed
2	05:55:16.471	Custom indicator AIMS Levels V2 AUDNZD,M15: removed
2	05:55:16.472	Custom indicator AIMS Entry Alert V1 AUDNZD,M15: removed
2	05:55:16.474	Custom indicator CandleTimer AUDNZD,M15: removed
2	05:55:16.474	Custom indicator #Signal_Bars_v6 AUDNZD,M15: removed
2	05:55:16.475	Custom indicator TrendEnvelopes_v1 AUDNZD,M15: removed
2	05:55:16.477	Custom indicator guppy_multiple_moving_averages AUDNZD,M15: removed
2	05:55:16.480	Custom indicator wedges AUDNZD,M15: removed
2	05:55:16.481	Custom indicator Admiral Pivot AUDNZD,M15: removed
2	05:55:16.483	Custom indicator AutoTrendChannel AUDNZD,M15: removed
2	05:55:16.486	Custom indicator FRZ Channel Auto Plotter AUDNZD,M15: removed
2	05:55:16.488	Custom indicator FRZ News Indicator MT4 AUDNZD,M15: removed
2	05:55:16.489	Custom indicator Forex Uranus direction AUDNZD,M15: removed
2	05:55:16.491	Custom indicator Quadrilateral AUDNZD,M15: removed
2	05:55:16.491	Custom indicator AIMS AO V.2.1 AUDNZD,M15: removed
2	05:55:16.493	Custom indicator IVT_MACD_ZERO_LAG AUDNZD,M15: removed
2	05:55:16.494	Custom indicator RSI Divergence Levels AUDNZD,M15: removed
2	05:55:16.497	Custom indicator JoeChalhoub_FXForecasterV1 AUDNZD,M15: removed
2	05:55:16.500	Custom indicator TDI-With_Alerts AUDNZD,M15: removed
2	05:55:16.502	Custom indicator FRZ Forex Market Session Indicator AUDNZD,M15: removed
0	05:55:18.587	Admiral Markets build 1280 stopped
0	09:22:04.660	Admiral Markets build 1280 started (Admiral Markets Group AS)
0	09:22:04.661	Windows 10 Pro x64, IE 11, UAC, 8 x Intel Core i7-10510U  @ 1.80GHz, Memory: 683 / 8014 Mb, Disk: 37 / 237 Gb, GMT+3
0	09:22:04.661	Data Folder: C:\Users\SRIE\AppData\Roaming\MetaQuotes\Terminal\51337600F56B69473E15EAFB8A7586B4
2	09:22:08.769	Custom indicator AIMS Levels V2 [DJI30],M15: loaded successfully
2	09:22:08.842	Custom indicator AIMS Entry Alert V1 [DJI30],M15: loaded successfully
2	09:22:08.850	Custom indicator CandleTimer [DJI30],M15: loaded successfully
2	09:22:08.926	Custom indicator #Signal_Bars_v6 [DJI30],M15: loaded successfully
2	09:22:08.936	Custom indicator TrendEnvelopes_v1 [DJI30],M15: loaded successfully
2	09:22:08.943	Custom indicator guppy_multiple_moving_averages [DJI30],M15: loaded successfully
2	09:22:08.952	Custom indicator wedges [DJI30],M15: loaded successfully
2	09:22:08.961	Custom indicator Admiral Pivot [DJI30],M15: loaded successfully
2	09:22:08.970	Custom indicator AutoTrendChannel [DJI30],M15: loaded successfully
2	09:22:08.979	Custom indicator FRZ Channel Auto Plotter [DJI30],M15: loaded successfully
2	09:22:08.988	Custom indicator FRZ News Indicator MT4 [DJI30],M15: loaded successfully
2	09:22:08.997	Custom indicator Forex Uranus direction [DJI30],M15: loaded successfully
2	09:22:09.071	Custom indicator AIMS AO V.2.1 [DJI30],M15: loaded successfully
2	09:22:09.080	Custom indicator IVT_MACD_ZERO_LAG [DJI30],M15: loaded successfully
2	09:22:09.088	Custom indicator RSI Divergence Levels [DJI30],M15: loaded successfully
2	09:22:09.098	Custom indicator JoeChalhoub_FXForecasterV1 [DJI30],M15: loaded successfully
2	09:22:09.107	Custom indicator TDI-With_Alerts [DJI30],M15: loaded successfully
2	09:22:09.116	Custom indicator FRZ Forex Market Session Indicator [DJI30],M15: loaded successfully
2	09:22:09.134	Expert Admiral - Mini Terminal [DJI30],M15: loaded successfully
2	09:22:09.802	Custom indicator AIMS Levels V2 GOLD,M15: loaded successfully
2	09:22:09.874	Custom indicator AIMS Entry Alert V1 GOLD,M15: loaded successfully
2	09:22:09.882	Custom indicator CandleTimer GOLD,M15: loaded successfully
2	09:22:09.955	Custom indicator #Signal_Bars_v6 GOLD,M15: loaded successfully
2	09:22:09.964	Custom indicator TrendEnvelopes_v1 GOLD,M15: loaded successfully
2	09:22:09.970	Custom indicator guppy_multiple_moving_averages GOLD,M15: loaded successfully
2	09:22:09.979	Custom indicator wedges GOLD,M15: loaded successfully
2	09:22:09.987	Custom indicator Admiral Pivot GOLD,M15: loaded successfully
2	09:22:09.995	Custom indicator AutoTrendChannel GOLD,M15: loaded successfully
2	09:22:10.003	Custom indicator FRZ Channel Auto Plotter GOLD,M15: loaded successfully
2	09:22:10.013	Custom indicator FRZ News Indicator MT4 GOLD,M15: loaded successfully
2	09:22:10.020	Custom indicator Forex Uranus direction GOLD,M15: loaded successfully
2	09:22:10.030	Custom indicator Quadrilateral GOLD,M15: loaded successfully
2	09:22:10.101	Custom indicator AIMS AO V.2.1 GOLD,M15: loaded successfully
2	09:22:10.108	Custom indicator IVT_MACD_ZERO_LAG GOLD,M15: loaded successfully
2	09:22:10.118	Custom indicator RSI Divergence Levels GOLD,M15: loaded successfully
2	09:22:10.128	Custom indicator JoeChalhoub_FXForecasterV1 GOLD,M15: loaded successfully
2	09:22:10.137	Custom indicator TDI-With_Alerts GOLD,M15: loaded successfully
2	09:22:10.148	Custom indicator FRZ Forex Market Session Indicator GOLD,M15: loaded successfully
2	09:22:10.861	Custom indicator AIMS Levels V2 [DAX30],M1: loaded successfully
2	09:22:10.935	Custom indicator AIMS Entry Alert V1 [DAX30],M1: loaded successfully
2	09:22:10.941	Custom indicator CandleTimer [DAX30],M1: loaded successfully
2	09:22:11.013	Custom indicator #Signal_Bars_v6 [DAX30],M1: loaded successfully
2	09:22:11.020	Custom indicator TrendEnvelopes_v1 [DAX30],M1: loaded successfully
2	09:22:11.030	Custom indicator guppy_multiple_moving_averages [DAX30],M1: loaded successfully
2	09:22:11.037	Custom indicator wedges [DAX30],M1: loaded successfully
2	09:22:11.047	Custom indicator Admiral Pivot [DAX30],M1: loaded successfully
2	09:22:11.054	Custom indicator AutoTrendChannel [DAX30],M1: loaded successfully
2	09:22:11.063	Custom indicator FRZ Channel Auto Plotter [DAX30],M1: loaded successfully
2	09:22:11.072	Custom indicator FRZ News Indicator MT4 [DAX30],M1: loaded successfully
2	09:22:11.081	Custom indicator Forex Uranus direction [DAX30],M1: loaded successfully
2	09:22:11.155	Custom indicator AIMS AO V.2.1 [DAX30],M1: loaded successfully
2	09:22:11.164	Custom indicator IVT_MACD_ZERO_LAG [DAX30],M1: loaded successfully
2	09:22:11.171	Custom indicator RSI Divergence Levels [DAX30],M1: loaded successfully
2	09:22:11.181	Custom indicator JoeChalhoub_FXForecasterV1 [DAX30],M1: loaded successfully
2	09:22:11.189	Custom indicator TDI-With_Alerts [DAX30],M1: loaded successfully
2	09:22:11.198	Custom indicator FRZ Forex Market Session Indicator [DAX30],M1: loaded successfully
2	09:22:11.213	Expert Admiral - Mini Terminal [DAX30],M1: loaded successfully
2	09:22:12.718	Custom indicator AIMS Levels V2 [DAX30],M1: loaded successfully
2	09:22:12.789	Custom indicator AIMS Entry Alert V1 [DAX30],M1: loaded successfully
2	09:22:12.798	Custom indicator CandleTimer [DAX30],M1: loaded successfully
2	09:22:12.870	Custom indicator #Signal_Bars_v6 [DAX30],M1: loaded successfully
2	09:22:12.879	Custom indicator TrendEnvelopes_v1 [DAX30],M1: loaded successfully
2	09:22:12.886	Custom indicator guppy_multiple_moving_averages [DAX30],M1: loaded successfully
2	09:22:12.895	Custom indicator wedges [DAX30],M1: loaded successfully
2	09:22:12.903	Custom indicator Admiral Pivot [DAX30],M1: loaded successfully
2	09:22:12.913	Custom indicator AutoTrendChannel [DAX30],M1: loaded successfully
2	09:22:12.920	Custom indicator FRZ Channel Auto Plotter [DAX30],M1: loaded successfully
2	09:22:12.930	Custom indicator FRZ News Indicator MT4 [DAX30],M1: loaded successfully
2	09:22:12.937	Custom indicator Forex Uranus direction [DAX30],M1: loaded successfully
2	09:22:12.947	Custom indicator Quadrilateral [DAX30],M1: loaded successfully
2	09:22:13.019	Custom indicator AIMS AO V.2.1 [DAX30],M1: loaded successfully
2	09:22:13.028	Custom indicator IVT_MACD_ZERO_LAG [DAX30],M1: loaded successfully
2	09:22:13.036	Custom indicator RSI Divergence Levels [DAX30],M1: loaded successfully
2	09:22:13.046	Custom indicator JoeChalhoub_FXForecasterV1 [DAX30],M1: loaded successfully
2	09:22:13.054	Custom indicator TDI-With_Alerts [DAX30],M1: loaded successfully
2	09:22:13.063	Custom indicator FRZ Forex Market Session Indicator [DAX30],M1: loaded successfully
2	09:22:13.217	Custom indicator Quadrilateral [DAX30],M1: removed
2	09:22:14.695	Custom indicator AIMS Levels V2 [DAX30],M15: loaded successfully
2	09:22:14.768	Custom indicator AIMS Entry Alert V1 [DAX30],M15: loaded successfully
2	09:22:14.777	Custom indicator CandleTimer [DAX30],M15: loaded successfully
2	09:22:14.859	Custom indicator #Signal_Bars_v6 [DAX30],M15: loaded successfully
2	09:22:14.867	Custom indicator TrendEnvelopes_v1 [DAX30],M15: loaded successfully
2	09:22:14.875	Custom indicator guppy_multiple_moving_averages [DAX30],M15: loaded successfully
2	09:22:14.883	Custom indicator wedges [DAX30],M15: loaded successfully
2	09:22:14.892	Custom indicator Admiral Pivot [DAX30],M15: loaded successfully
2	09:22:14.899	Custom indicator AutoTrendChannel [DAX30],M15: loaded successfully
2	09:22:14.911	Custom indicator FRZ Channel Auto Plotter [DAX30],M15: loaded successfully
2	09:22:14.920	Custom indicator FRZ News Indicator MT4 [DAX30],M15: loaded successfully
2	09:22:14.930	Custom indicator Forex Uranus direction [DAX30],M15: loaded successfully
2	09:22:14.941	Custom indicator Quadrilateral [DAX30],M15: loaded successfully
2	09:22:15.017	Custom indicator AIMS AO V.2.1 [DAX30],M15: loaded successfully
2	09:22:15.027	Custom indicator IVT_MACD_ZERO_LAG [DAX30],M15: loaded successfully
2	09:22:15.036	Custom indicator RSI Divergence Levels [DAX30],M15: loaded successfully
2	09:22:15.047	Custom indicator JoeChalhoub_FXForecasterV1 [DAX30],M15: loaded successfully
2	09:22:15.059	Custom indicator TDI-With_Alerts [DAX30],M15: loaded successfully
2	09:22:15.067	Custom indicator FRZ Forex Market Session Indicator [DAX30],M15: loaded successfully
2	09:22:15.968	Custom indicator AIMS Levels V2 [DAX30],M30: loaded successfully
2	09:22:16.070	Custom indicator AIMS Entry Alert V1 [DAX30],M30: loaded successfully
2	09:22:16.081	Custom indicator CandleTimer [DAX30],M30: loaded successfully
2	09:22:16.183	Custom indicator #Signal_Bars_v6 [DAX30],M30: loaded successfully
2	09:22:16.195	Custom indicator TrendEnvelopes_v1 [DAX30],M30: loaded successfully
2	09:22:16.206	Custom indicator guppy_multiple_moving_averages [DAX30],M30: loaded successfully
2	09:22:16.217	Custom indicator wedges [DAX30],M30: loaded successfully
2	09:22:16.231	Custom indicator Admiral Pivot [DAX30],M30: loaded successfully
2	09:22:16.247	Custom indicator AutoTrendChannel [DAX30],M30: loaded successfully
2	09:22:16.258	Custom indicator FRZ Channel Auto Plotter [DAX30],M30: loaded successfully
2	09:22:16.272	Custom indicator FRZ News Indicator MT4 [DAX30],M30: loaded successfully
2	09:22:16.283	Custom indicator Forex Uranus direction [DAX30],M30: loaded successfully
2	09:22:16.296	Custom indicator Quadrilateral [DAX30],M30: loaded successfully
2	09:22:16.465	Custom indicator AIMS AO V.2.1 [DAX30],M30: loaded successfully
2	09:22:16.480	Custom indicator IVT_MACD_ZERO_LAG [DAX30],M30: loaded successfully
2	09:22:16.495	Custom indicator RSI Divergence Levels [DAX30],M30: loaded successfully
2	09:22:16.507	Custom indicator JoeChalhoub_FXForecasterV1 [DAX30],M30: loaded successfully
2	09:22:16.518	Custom indicator TDI-With_Alerts [DAX30],M30: loaded successfully
2	09:22:16.529	Custom indicator FRZ Forex Market Session Indicator [DAX30],M30: loaded successfully
2	09:22:17.104	Custom indicator AIMS Levels V2 [DAX30],H1: loaded successfully
2	09:22:17.177	Custom indicator AIMS Entry Alert V1 [DAX30],H1: loaded successfully
2	09:22:17.184	Custom indicator CandleTimer [DAX30],H1: loaded successfully
2	09:22:17.254	Custom indicator #Signal_Bars_v6 [DAX30],H1: loaded successfully
2	09:22:17.263	Custom indicator TrendEnvelopes_v1 [DAX30],H1: loaded successfully
2	09:22:17.270	Custom indicator guppy_multiple_moving_averages [DAX30],H1: loaded successfully
2	09:22:17.279	Custom indicator wedges [DAX30],H1: loaded successfully
2	09:22:17.287	Custom indicator Admiral Pivot [DAX30],H1: loaded successfully
2	09:22:17.295	Custom indicator AutoTrendChannel [DAX30],H1: loaded successfully
2	09:22:17.302	Custom indicator FRZ Channel Auto Plotter [DAX30],H1: loaded successfully
2	09:22:17.312	Custom indicator FRZ News Indicator MT4 [DAX30],H1: loaded successfully
2	09:22:17.321	Custom indicator Forex Uranus direction [DAX30],H1: loaded successfully
2	09:22:17.330	Custom indicator Quadrilateral [DAX30],H1: loaded successfully
2	09:22:17.401	Custom indicator AIMS AO V.2.1 [DAX30],H1: loaded successfully
2	09:22:17.409	Custom indicator IVT_MACD_ZERO_LAG [DAX30],H1: loaded successfully
2	09:22:17.418	Custom indicator RSI Divergence Levels [DAX30],H1: loaded successfully
2	09:22:17.428	Custom indicator JoeChalhoub_FXForecasterV1 [DAX30],H1: loaded successfully
2	09:22:17.437	Custom indicator TDI-With_Alerts [DAX30],H1: loaded successfully
2	09:22:17.446	Custom indicator FRZ Forex Market Session Indicator [DAX30],H1: loaded successfully
2	09:22:17.859	Expert !!Sentinel PAT Scanner-v1.01 [DAX30],H4: loaded successfully
2	09:22:17.891	Expert !!Sentinel PAT Scanner-v1.01 AUDUSD,H1: loaded successfully
2	09:22:17.982	Custom indicator AIMS Levels V2 AUDNZD,M15: loaded successfully
2	09:22:18.054	Custom indicator AIMS Entry Alert V1 AUDNZD,M15: loaded successfully
2	09:22:18.061	Custom indicator CandleTimer AUDNZD,M15: loaded successfully
2	09:22:18.134	Custom indicator #Signal_Bars_v6 AUDNZD,M15: loaded successfully
2	09:22:18.142	Custom indicator TrendEnvelopes_v1 AUDNZD,M15: loaded successfully
2	09:22:18.150	Custom indicator guppy_multiple_moving_averages AUDNZD,M15: loaded successfully
2	09:22:18.158	Custom indicator wedges AUDNZD,M15: loaded successfully
2	09:22:18.166	Custom indicator Admiral Pivot AUDNZD,M15: loaded successfully
2	09:22:18.174	Custom indicator AutoTrendChannel AUDNZD,M15: loaded successfully
2	09:22:18.182	Custom indicator FRZ Channel Auto Plotter AUDNZD,M15: loaded successfully
2	09:22:18.192	Custom indicator FRZ News Indicator MT4 AUDNZD,M15: loaded successfully
2	09:22:18.200	Custom indicator Forex Uranus direction AUDNZD,M15: loaded successfully
2	09:22:18.208	Custom indicator Quadrilateral AUDNZD,M15: loaded successfully
2	09:22:18.277	Custom indicator AIMS AO V.2.1 AUDNZD,M15: loaded successfully
2	09:22:18.285	Custom indicator IVT_MACD_ZERO_LAG AUDNZD,M15: loaded successfully
2	09:22:18.294	Custom indicator RSI Divergence Levels AUDNZD,M15: loaded successfully
2	09:22:18.303	Custom indicator JoeChalhoub_FXForecasterV1 AUDNZD,M15: loaded successfully
2	09:22:18.312	Custom indicator TDI-With_Alerts AUDNZD,M15: loaded successfully
2	09:22:18.320	Custom indicator FRZ Forex Market Session Indicator AUDNZD,M15: loaded successfully
0	09:22:21.743	'27143750': login on AdmiralMarkets-Live through Access Point #7 (ping: 696.17 ms)
0	09:22:26.681	'27143750': login datacenter on AdmiralMarkets-Live through Access Point #7 (ping: 696.17 ms)
0	09:22:27.777	'27143750': previous successful authorization performed from 154.126.99.26
0	09:22:49.108	'27143750': auto connecting to a better access point Access Point #4 (ping is 207.03 ms)
0	09:22:49.883	'27143750': login on AdmiralMarkets-Live through Access Point #4 (ping: 207.03 ms)
0	09:22:51.671	'27143750': login datacenter on AdmiralMarkets-Live through Access Point #4 (ping: 207.03 ms)
0	09:22:52.227	'27143750': previous successful authorization performed from 154.126.99.26
2	09:25:21.026	Expert !!Sentinel PAT Scanner-v1.01 AUDUSD,H1: removed
2	09:25:21.121	Custom indicator ChinEtti Candles AUDUSD,H1: loaded successfully
2	09:25:21.132	Custom indicator ChinEtti Trend Direction.fix AUDUSD,H1: loaded successfully
2	09:25:21.139	Custom indicator ChinEtti Arrows.fix AUDUSD,H1: loaded successfully
2	09:25:21.147	Custom indicator ChinEtti Market info AUDUSD,H1: loaded successfully
2	09:26:24.867	Expert Admiral - Mini Terminal [DJI30],M1: removed
2	09:26:24.867	Custom indicator AIMS Levels V2 [DJI30],M1: removed
2	09:26:24.868	Custom indicator AIMS Entry Alert V1 [DJI30],M1: removed
2	09:26:24.883	Custom indicator CandleTimer [DJI30],M1: removed
2	09:26:24.884	Custom indicator #Signal_Bars_v6 [DJI30],M1: removed
2	09:26:24.885	Custom indicator TrendEnvelopes_v1 [DJI30],M1: removed
2	09:26:24.887	Custom indicator guppy_multiple_moving_averages [DJI30],M1: removed
2	09:26:24.888	Custom indicator wedges [DJI30],M1: removed
2	09:26:24.890	Custom indicator Admiral Pivot [DJI30],M1: removed
2	09:26:24.891	Custom indicator AutoTrendChannel [DJI30],M1: removed
2	09:26:24.893	Custom indicator FRZ Channel Auto Plotter [DJI30],M1: removed
2	09:26:24.894	Custom indicator FRZ News Indicator MT4 [DJI30],M1: removed
2	09:26:24.895	Custom indicator Forex Uranus direction [DJI30],M1: removed
2	09:26:24.896	Custom indicator AIMS AO V.2.1 [DJI30],M1: removed
2	09:26:24.897	Custom indicator IVT_MACD_ZERO_LAG [DJI30],M1: removed
2	09:26:24.899	Custom indicator RSI Divergence Levels [DJI30],M1: removed
2	09:26:24.901	Custom indicator JoeChalhoub_FXForecasterV1 [DJI30],M1: removed
2	09:26:24.903	Custom indicator TDI-With_Alerts [DJI30],M1: removed
2	09:26:24.905	Custom indicator FRZ Forex Market Session Indicator [DJI30],M1: removed
2	09:26:24.913	Custom indicator ChinEtti Candles [DJI30],M1: loaded successfully
2	09:26:24.922	Custom indicator ChinEtti Trend Direction.fix [DJI30],M1: loaded successfully
2	09:26:24.930	Custom indicator ChinEtti Arrows.fix [DJI30],M1: loaded successfully
2	09:26:24.938	Custom indicator ChinEtti Market info [DJI30],M1: loaded successfully
2	09:29:09.767	Custom indicator AIMS Levels V2 [DJI30],H1: loaded successfully
2	09:29:09.872	Custom indicator AIMS Entry Alert V1 [DJI30],H1: loaded successfully
2	09:29:09.881	Custom indicator CandleTimer [DJI30],H1: loaded successfully
2	09:29:09.948	Custom indicator #Signal_Bars_v6 [DJI30],H1: loaded successfully
2	09:29:09.957	Custom indicator TrendEnvelopes_v1 [DJI30],H1: loaded successfully
2	09:29:09.965	Custom indicator guppy_multiple_moving_averages [DJI30],H1: loaded successfully
2	09:29:09.973	Custom indicator wedges [DJI30],H1: loaded successfully
2	09:29:09.981	Custom indicator Admiral Pivot [DJI30],H1: loaded successfully
2	09:29:09.989	Custom indicator AutoTrendChannel [DJI30],H1: loaded successfully
2	09:29:09.997	Custom indicator FRZ Channel Auto Plotter [DJI30],H1: loaded successfully
2	09:29:10.008	Custom indicator FRZ News Indicator MT4 [DJI30],H1: loaded successfully
2	09:29:10.016	Custom indicator Forex Uranus direction [DJI30],H1: loaded successfully
2	09:29:10.024	Custom indicator Quadrilateral [DJI30],H1: loaded successfully
2	09:29:10.090	Custom indicator AIMS AO V.2.1 [DJI30],H1: loaded successfully
2	09:29:10.098	Custom indicator IVT_MACD_ZERO_LAG [DJI30],H1: loaded successfully
2	09:29:10.107	Custom indicator RSI Divergence Levels [DJI30],H1: loaded successfully
2	09:29:10.117	Custom indicator JoeChalhoub_FXForecasterV1 [DJI30],H1: loaded successfully
2	09:29:10.126	Custom indicator TDI-With_Alerts [DJI30],H1: loaded successfully
2	09:29:10.134	Custom indicator FRZ Forex Market Session Indicator [DJI30],H1: loaded successfully
2	09:33:09.292	Custom indicator ChinEtti Candles [DJI30],M1: removed
2	09:33:09.293	Custom indicator ChinEtti Trend Direction.fix [DJI30],M1: removed
2	09:33:09.295	Custom indicator ChinEtti Arrows.fix [DJI30],M1: removed
2	09:33:09.296	Custom indicator ChinEtti Market info [DJI30],M1: removed
2	09:33:09.305	Custom indicator ChinEtti Candles [DJI30],M1: loaded successfully
2	09:33:09.313	Custom indicator ChinEtti Trend Direction.fix [DJI30],M1: loaded successfully
2	09:33:09.322	Custom indicator ChinEtti Arrows.fix [DJI30],M1: loaded successfully
2	09:33:09.330	Custom indicator ChinEtti Market info [DJI30],M1: loaded successfully
