0	06:50:43.945	'27133394': login on AdmiralMarkets-Live through Access Point #5 (ping: 225.89 ms)
0	06:50:46.329	'27133394': login datacenter on AdmiralMarkets-Live through Access Point #5 (ping: 225.89 ms)
0	06:50:46.896	'27133394': previous successful authorization performed from 154.126.33.56
0	06:51:11.539	'27133394': ping to current access point Access Point #5 is 204.92 ms
2	08:36:24.381	Custom indicator AIMS Levels V2 BTCUSD,H1: loaded successfully
2	08:36:24.581	Custom indicator AIMS Entry Alert V1 BTCUSD,H1: loaded successfully
2	08:36:24.628	Custom indicator CandleTimer BTCUSD,H1: loaded successfully
2	08:36:24.738	Custom indicator AIMS AO V.2.1 BTCUSD,H1: loaded successfully
2	08:36:24.760	Expert Admiral - Mini Terminal BTCUSD,H1: loaded successfully
2	08:36:31.086	Expert Admiral - Mini Terminal BTCUSD,H1: removed
2	08:36:31.087	Custom indicator AIMS Levels V2 BTCUSD,H1: removed
2	08:36:31.087	Custom indicator AIMS Entry Alert V1 BTCUSD,H1: removed
2	08:36:31.089	Custom indicator CandleTimer BTCUSD,H1: removed
2	08:36:31.089	Custom indicator AIMS AO V.2.1 BTCUSD,H1: removed
2	08:36:31.247	Custom indicator AIMS Levels V2 BTCUSD,H1: loaded successfully
2	08:36:31.342	Custom indicator AIMS Entry Alert V1 BTCUSD,H1: loaded successfully
2	08:36:31.350	Custom indicator CandleTimer BTCUSD,H1: loaded successfully
2	08:36:31.533	Custom indicator #Signal_Bars_v6 BTCUSD,H1: loaded successfully
2	08:36:31.587	Custom indicator TrendEnvelopes_v1 BTCUSD,H1: loaded successfully
2	08:36:31.626	Custom indicator guppy_multiple_moving_averages BTCUSD,H1: loaded successfully
2	08:36:31.662	Custom indicator wedges BTCUSD,H1: loaded successfully
2	08:36:31.678	Custom indicator Admiral Pivot BTCUSD,H1: loaded successfully
2	08:36:31.694	Custom indicator AutoTrendChannel BTCUSD,H1: loaded successfully
2	08:36:31.711	Custom indicator FRZ Channel Auto Plotter BTCUSD,H1: loaded successfully
2	08:36:31.734	Custom indicator FRZ News Indicator MT4 BTCUSD,H1: loaded successfully
2	08:36:31.843	Custom indicator AIMS AO V.2.1 BTCUSD,H1: loaded successfully
2	08:36:31.857	Custom indicator IVT_MACD_ZERO_LAG BTCUSD,H1: loaded successfully
2	08:36:31.874	Custom indicator RSI Divergence Levels BTCUSD,H1: loaded successfully
2	08:36:31.898	Custom indicator JoeChalhoub_FXForecasterV1 BTCUSD,H1: loaded successfully
2	08:36:31.913	Custom indicator FRZ Forex Market Session Indicator BTCUSD,H1: loaded successfully
2	08:39:20.443	Expert Admiral - Mini Terminal BTCUSD,M1: loaded successfully
0	08:40:17.431	'27133394': order sell market 1.00 BTCUSD sl: 0.00 tp: 0.00
1	08:40:17.882	'27133394': order sell 1.00 BTCUSD opening at market sl: 0.00 tp: 0.00 failed [Too many open orders]
0	08:40:26.991	'27133394': order sell market 0.50 BTCUSD sl: 0.00 tp: 0.00
1	08:40:27.312	'27133394': order sell 0.50 BTCUSD opening at market sl: 0.00 tp: 0.00 failed [Not enough money]
0	08:40:33.958	'27133394': order sell market 0.10 BTCUSD sl: 0.00 tp: 0.00
1	08:40:34.268	'27133394': order sell 0.10 BTCUSD opening at market sl: 0.00 tp: 0.00 failed [Not enough money]
0	08:55:43.216	'27133394': order buy market 0.10 BTCUSD sl: 0.00 tp: 0.00
1	08:55:43.501	'27133394': order buy 0.10 BTCUSD opening at market sl: 0.00 tp: 0.00 failed [Not enough money]
0	09:06:58.676	Notifications: 'Classical RSI bearish divergence on:  BTCUSD' sent to 'A37163A9'
2	10:46:24.568	Custom indicator AIMS Levels V2 [DAX30],H1: removed
2	10:46:24.647	Custom indicator AIMS Entry Alert V1 [DAX30],H1: removed
2	10:46:24.684	Custom indicator CandleTimer [DAX30],H1: removed
2	10:46:24.711	Custom indicator #Signal_Bars_v6 [DAX30],H1: removed
2	10:46:24.715	Custom indicator TrendEnvelopes_v1 [DAX30],H1: removed
2	10:46:24.740	Custom indicator guppy_multiple_moving_averages [DAX30],H1: removed
2	10:46:24.764	Custom indicator wedges [DAX30],H1: removed
2	10:46:24.857	Custom indicator Admiral Pivot [DAX30],H1: removed
2	10:46:24.877	Custom indicator AutoTrendChannel [DAX30],H1: removed
2	10:46:24.886	Custom indicator FRZ Channel Auto Plotter [DAX30],H1: removed
2	10:46:24.926	Custom indicator FRZ News Indicator MT4 [DAX30],H1: removed
2	10:46:24.939	Custom indicator AIMS AO V.2.1 [DAX30],H1: removed
2	10:46:25.003	Custom indicator IVT_MACD_ZERO_LAG [DAX30],H1: removed
2	10:46:25.021	Custom indicator RSI Divergence Levels [DAX30],H1: removed
2	10:46:25.032	Custom indicator JoeChalhoub_FXForecasterV1 [DAX30],H1: removed
2	10:46:25.049	Custom indicator FRZ Forex Market Session Indicator [DAX30],H1: removed
2	10:46:25.180	Custom indicator AIMS Levels V2 [DJI30],M1: removed
2	10:46:25.214	Custom indicator AIMS Entry Alert V1 [DJI30],M1: removed
2	10:46:25.216	Custom indicator CandleTimer [DJI30],M1: removed
2	10:46:25.254	Custom indicator #Signal_Bars_v6 [DJI30],M1: removed
2	10:46:25.260	Custom indicator TrendEnvelopes_v1 [DJI30],M1: removed
2	10:46:25.337	Custom indicator guppy_multiple_moving_averages [DJI30],M1: removed
2	10:46:25.350	Custom indicator wedges [DJI30],M1: removed
2	10:46:25.371	Custom indicator Admiral Pivot [DJI30],M1: removed
2	10:46:25.379	Custom indicator AutoTrendChannel [DJI30],M1: removed
2	10:46:25.387	Custom indicator FRZ Channel Auto Plotter [DJI30],M1: removed
2	10:46:25.444	Custom indicator FRZ News Indicator MT4 [DJI30],M1: removed
2	10:46:25.476	Custom indicator AIMS AO V.2.1 [DJI30],M1: removed
2	10:46:25.547	Custom indicator IVT_MACD_ZERO_LAG [DJI30],M1: removed
2	10:46:25.609	Custom indicator RSI Divergence Levels [DJI30],M1: removed
2	10:46:25.619	Custom indicator JoeChalhoub_FXForecasterV1 [DJI30],M1: removed
2	10:46:25.693	Custom indicator FRZ Forex Market Session Indicator [DJI30],M1: removed
2	10:46:25.740	Expert Admiral - Mini Terminal [NQ100],M1: removed
2	10:46:29.245	Custom indicator AIMS Levels V2 [NQ100],M1: removed
2	10:46:29.271	Custom indicator AIMS Entry Alert V1 [NQ100],M1: removed
2	10:46:29.297	Custom indicator CandleTimer [NQ100],M1: removed
2	10:46:29.347	Custom indicator #Signal_Bars_v6 [NQ100],M1: removed
2	10:46:29.350	Custom indicator TrendEnvelopes_v1 [NQ100],M1: removed
2	10:46:29.353	Custom indicator guppy_multiple_moving_averages [NQ100],M1: removed
2	10:46:29.435	Custom indicator wedges [NQ100],M1: removed
2	10:46:29.459	Custom indicator Admiral Pivot [NQ100],M1: removed
2	10:46:29.497	Custom indicator AutoTrendChannel [NQ100],M1: removed
2	10:46:29.502	Custom indicator FRZ Channel Auto Plotter [NQ100],M1: removed
2	10:46:29.508	Custom indicator FRZ News Indicator MT4 [NQ100],M1: removed
2	10:46:29.508	Custom indicator AIMS AO V.2.1 [NQ100],M1: removed
2	10:46:29.530	Custom indicator IVT_MACD_ZERO_LAG [NQ100],M1: removed
2	10:46:29.587	Custom indicator RSI Divergence Levels [NQ100],M1: removed
2	10:46:29.662	Custom indicator JoeChalhoub_FXForecasterV1 [NQ100],M1: removed
2	10:46:29.702	Custom indicator FRZ Forex Market Session Indicator [NQ100],M1: removed
2	10:46:29.732	Custom indicator AIMS Levels V2 GOLD,M1: removed
2	10:46:29.778	Custom indicator AIMS Entry Alert V1 GOLD,M1: removed
2	10:46:29.807	Custom indicator CandleTimer GOLD,M1: removed
2	10:46:29.858	Custom indicator #Signal_Bars_v6 GOLD,M1: removed
2	10:46:29.869	Custom indicator TrendEnvelopes_v1 GOLD,M1: removed
2	10:46:29.894	Custom indicator guppy_multiple_moving_averages GOLD,M1: removed
2	10:46:29.899	Custom indicator wedges GOLD,M1: removed
2	10:46:29.903	Custom indicator Admiral Pivot GOLD,M1: removed
2	10:46:29.905	Custom indicator AutoTrendChannel GOLD,M1: removed
2	10:46:29.908	Custom indicator FRZ Channel Auto Plotter GOLD,M1: removed
2	10:46:29.923	Custom indicator AIMS AO V.2.1 GOLD,M1: removed
2	10:46:29.974	Custom indicator IVT_MACD_ZERO_LAG GOLD,M1: removed
2	10:46:30.058	Custom indicator RSI Divergence Levels GOLD,M1: removed
2	10:46:30.067	Custom indicator JoeChalhoub_FXForecasterV1 GOLD,M1: removed
2	10:46:30.132	Custom indicator AIMS Levels V2 [CAC40],H1: removed
2	10:46:30.148	Custom indicator AIMS Entry Alert V1 [CAC40],H1: removed
2	10:46:30.150	Custom indicator CandleTimer [CAC40],H1: removed
2	10:46:30.151	Custom indicator #Signal_Bars_v6 [CAC40],H1: removed
2	10:46:30.153	Custom indicator TrendEnvelopes_v1 [CAC40],H1: removed
2	10:46:30.156	Custom indicator guppy_multiple_moving_averages [CAC40],H1: removed
2	10:46:30.207	Custom indicator wedges [CAC40],H1: removed
2	10:46:30.210	Custom indicator Admiral Pivot [CAC40],H1: removed
2	10:46:30.213	Custom indicator AutoTrendChannel [CAC40],H1: removed
2	10:46:30.213	Custom indicator AIMS AO V.2.1 [CAC40],H1: removed
2	10:46:30.227	Custom indicator IVT_MACD_ZERO_LAG [CAC40],H1: removed
2	10:46:30.232	Custom indicator RSI Divergence Levels [CAC40],H1: removed
2	10:46:30.235	Custom indicator JoeChalhoub_FXForecasterV1 [CAC40],H1: removed
2	10:46:30.289	Expert !!Sentinel PAT Scanner-v1.01 USDJPY,M15: removed
2	10:46:30.332	Custom indicator b-clock modified USDJPY,H1: removed
2	10:46:30.484	Custom indicator AutoTrendChannel USDJPY,H1: removed
2	10:46:30.484	Custom indicator phoenix USDJPY,H1: removed
2	10:46:30.576	Custom indicator FuturoTI USDJPY,H1: removed
2	10:46:30.583	Custom indicator AIMS Levels V2 GBPJPY,H1: removed
2	10:46:30.583	Custom indicator AIMS Entry Alert V1 GBPJPY,H1: removed
2	10:46:30.587	Custom indicator CandleTimer GBPJPY,H1: removed
2	10:46:30.593	Custom indicator #Signal_Bars_v6 GBPJPY,H1: removed
2	10:46:30.595	Custom indicator TrendEnvelopes_v1 GBPJPY,H1: removed
2	10:46:30.610	Custom indicator guppy_multiple_moving_averages GBPJPY,H1: removed
2	10:46:30.619	Custom indicator wedges GBPJPY,H1: removed
2	10:46:30.622	Custom indicator Admiral Pivot GBPJPY,H1: removed
2	10:46:30.624	Custom indicator AutoTrendChannel GBPJPY,H1: removed
2	10:46:30.624	Custom indicator AIMS AO V.2.1 GBPJPY,H1: removed
2	10:46:30.640	Custom indicator IVT_MACD_ZERO_LAG GBPJPY,H1: removed
2	10:46:30.643	Custom indicator RSI Divergence Levels GBPJPY,H1: removed
2	10:46:30.645	Custom indicator JoeChalhoub_FXForecasterV1 GBPJPY,H1: removed
2	10:46:30.662	Custom indicator AIMS Levels V2 NZDJPY,M30: removed
2	10:46:30.683	Custom indicator AIMS Entry Alert V1 NZDJPY,M30: removed
2	10:46:30.686	Custom indicator CandleTimer NZDJPY,M30: removed
2	10:46:30.703	Custom indicator #Signal_Bars_v6 NZDJPY,M30: removed
2	10:46:30.706	Custom indicator TrendEnvelopes_v1 NZDJPY,M30: removed
2	10:46:30.732	Custom indicator guppy_multiple_moving_averages NZDJPY,M30: removed
2	10:46:30.748	Custom indicator wedges NZDJPY,M30: removed
2	10:46:30.750	Custom indicator Admiral Pivot NZDJPY,M30: removed
2	10:46:30.752	Custom indicator AutoTrendChannel NZDJPY,M30: removed
2	10:46:30.756	Custom indicator FRZ Channel Auto Plotter NZDJPY,M30: removed
2	10:46:30.758	Custom indicator FRZ News Indicator MT4 NZDJPY,M30: removed
2	10:46:30.758	Custom indicator AIMS AO V.2.1 NZDJPY,M30: removed
2	10:46:30.761	Custom indicator IVT_MACD_ZERO_LAG NZDJPY,M30: removed
2	10:46:30.766	Custom indicator RSI Divergence Levels NZDJPY,M30: removed
2	10:46:30.784	Custom indicator JoeChalhoub_FXForecasterV1 NZDJPY,M30: removed
2	10:46:30.803	Custom indicator FRZ Forex Market Session Indicator NZDJPY,M30: removed
2	10:46:30.811	Custom indicator AIMS Levels V2 GBPAUD,M5: removed
2	10:46:30.826	Custom indicator AIMS Entry Alert V1 GBPAUD,M5: removed
2	10:46:30.828	Custom indicator CandleTimer GBPAUD,M5: removed
2	10:46:30.843	Custom indicator #Signal_Bars_v6 GBPAUD,M5: removed
2	10:46:30.847	Custom indicator TrendEnvelopes_v1 GBPAUD,M5: removed
2	10:46:30.852	Custom indicator guppy_multiple_moving_averages GBPAUD,M5: removed
2	10:46:30.905	Custom indicator wedges GBPAUD,M5: removed
2	10:46:30.909	Custom indicator Admiral Pivot GBPAUD,M5: removed
2	10:46:30.913	Custom indicator AutoTrendChannel GBPAUD,M5: removed
2	10:46:30.918	Custom indicator FRZ Channel Auto Plotter GBPAUD,M5: removed
2	10:46:30.924	Custom indicator FRZ News Indicator MT4 GBPAUD,M5: removed
2	10:46:30.924	Custom indicator AIMS AO V.2.1 GBPAUD,M5: removed
2	10:46:30.952	Custom indicator IVT_MACD_ZERO_LAG GBPAUD,M5: removed
2	10:46:30.970	Custom indicator RSI Divergence Levels GBPAUD,M5: removed
2	10:46:30.983	Custom indicator JoeChalhoub_FXForecasterV1 GBPAUD,M5: removed
2	10:46:31.020	Custom indicator FRZ Forex Market Session Indicator GBPAUD,M5: removed
2	10:46:31.027	Custom indicator AIMS Levels V2 EURJPY,M15: removed
2	10:46:31.034	Custom indicator AIMS Entry Alert V1 EURJPY,M15: removed
2	10:46:31.037	Custom indicator CandleTimer EURJPY,M15: removed
2	10:46:31.055	Custom indicator #Signal_Bars_v6 EURJPY,M15: removed
2	10:46:31.059	Custom indicator TrendEnvelopes_v1 EURJPY,M15: removed
2	10:46:31.063	Custom indicator guppy_multiple_moving_averages EURJPY,M15: removed
2	10:46:31.138	Custom indicator wedges EURJPY,M15: removed
2	10:46:31.147	Custom indicator Admiral Pivot EURJPY,M15: removed
2	10:46:31.165	Custom indicator AutoTrendChannel EURJPY,M15: removed
2	10:46:31.168	Custom indicator FRZ Channel Auto Plotter EURJPY,M15: removed
2	10:46:31.172	Custom indicator FRZ News Indicator MT4 EURJPY,M15: removed
2	10:46:31.177	Custom indicator AIMS AO V.2.1 EURJPY,M15: removed
2	10:46:31.193	Custom indicator IVT_MACD_ZERO_LAG EURJPY,M15: removed
2	10:46:31.209	Custom indicator RSI Divergence Levels EURJPY,M15: removed
2	10:46:31.212	Custom indicator JoeChalhoub_FXForecasterV1 EURJPY,M15: removed
2	10:46:31.229	Custom indicator FRZ Forex Market Session Indicator EURJPY,M15: removed
2	10:46:31.276	Expert Admiral - Mini Terminal EURGBP,M5: removed
2	10:46:32.150	Custom indicator AIMS Levels V2 EURGBP,M5: removed
2	10:46:32.182	Custom indicator AIMS Entry Alert V1 EURGBP,M5: removed
2	10:46:32.186	Custom indicator CandleTimer EURGBP,M5: removed
2	10:46:32.221	Custom indicator #Signal_Bars_v6 EURGBP,M5: removed
2	10:46:32.226	Custom indicator TrendEnvelopes_v1 EURGBP,M5: removed
2	10:46:32.245	Custom indicator guppy_multiple_moving_averages EURGBP,M5: removed
2	10:46:32.285	Custom indicator wedges EURGBP,M5: removed
2	10:46:32.299	Custom indicator Admiral Pivot EURGBP,M5: removed
2	10:46:32.308	Custom indicator AutoTrendChannel EURGBP,M5: removed
2	10:46:32.311	Custom indicator FRZ Channel Auto Plotter EURGBP,M5: removed
2	10:46:32.314	Custom indicator FRZ News Indicator MT4 EURGBP,M5: removed
2	10:46:32.314	Custom indicator AIMS AO V.2.1 EURGBP,M5: removed
2	10:46:32.318	Custom indicator IVT_MACD_ZERO_LAG EURGBP,M5: removed
2	10:46:32.332	Custom indicator RSI Divergence Levels EURGBP,M5: removed
2	10:46:32.348	Custom indicator JoeChalhoub_FXForecasterV1 EURGBP,M5: removed
2	10:46:32.388	Custom indicator FRZ Forex Market Session Indicator EURGBP,M5: removed
2	10:46:32.407	Custom indicator AIMS Levels V2 EURNZD,H1: removed
2	10:46:32.434	Custom indicator AIMS Entry Alert V1 EURNZD,H1: removed
2	10:46:32.437	Custom indicator CandleTimer EURNZD,H1: removed
2	10:46:32.437	Custom indicator #Signal_Bars_v6 EURNZD,H1: removed
2	10:46:32.440	Custom indicator TrendEnvelopes_v1 EURNZD,H1: removed
2	10:46:32.452	Custom indicator guppy_multiple_moving_averages EURNZD,H1: removed
2	10:46:32.504	Custom indicator wedges EURNZD,H1: removed
2	10:46:32.508	Custom indicator Admiral Pivot EURNZD,H1: removed
2	10:46:32.511	Custom indicator AutoTrendChannel EURNZD,H1: removed
2	10:46:32.513	Custom indicator FRZ Channel Auto Plotter EURNZD,H1: removed
2	10:46:32.530	Custom indicator FRZ News Indicator MT4 EURNZD,H1: removed
2	10:46:32.530	Custom indicator AIMS AO V.2.1 EURNZD,H1: removed
2	10:46:32.542	Custom indicator IVT_MACD_ZERO_LAG EURNZD,H1: removed
2	10:46:32.545	Custom indicator RSI Divergence Levels EURNZD,H1: removed
2	10:46:32.618	Custom indicator JoeChalhoub_FXForecasterV1 EURNZD,H1: removed
2	10:46:32.640	Custom indicator FRZ Forex Market Session Indicator EURNZD,H1: removed
2	10:46:32.666	Custom indicator AIMS Levels V2 NZDCHF,H1: removed
2	10:46:32.700	Custom indicator AIMS Entry Alert V1 NZDCHF,H1: removed
2	10:46:32.704	Custom indicator CandleTimer NZDCHF,H1: removed
2	10:46:32.712	Custom indicator #Signal_Bars_v6 NZDCHF,H1: removed
2	10:46:32.715	Custom indicator TrendEnvelopes_v1 NZDCHF,H1: removed
2	10:46:32.776	Custom indicator guppy_multiple_moving_averages NZDCHF,H1: removed
2	10:46:32.878	Custom indicator wedges NZDCHF,H1: removed
2	10:46:32.897	Custom indicator Admiral Pivot NZDCHF,H1: removed
2	10:46:32.907	Custom indicator AutoTrendChannel NZDCHF,H1: removed
2	10:46:32.914	Custom indicator FRZ Channel Auto Plotter NZDCHF,H1: removed
2	10:46:32.946	Custom indicator FRZ News Indicator MT4 NZDCHF,H1: removed
2	10:46:32.947	Custom indicator AIMS AO V.2.1 NZDCHF,H1: removed
2	10:46:32.955	Custom indicator IVT_MACD_ZERO_LAG NZDCHF,H1: removed
2	10:46:32.975	Custom indicator RSI Divergence Levels NZDCHF,H1: removed
2	10:46:32.993	Custom indicator JoeChalhoub_FXForecasterV1 NZDCHF,H1: removed
2	10:46:33.008	Custom indicator FRZ Forex Market Session Indicator NZDCHF,H1: removed
2	10:46:33.023	Custom indicator AIMS Levels V2 GBPJPY,H1: removed
2	10:46:33.049	Custom indicator AIMS Entry Alert V1 GBPJPY,H1: removed
2	10:46:33.053	Custom indicator CandleTimer GBPJPY,H1: removed
2	10:46:33.053	Custom indicator #Signal_Bars_v6 GBPJPY,H1: removed
2	10:46:33.056	Custom indicator TrendEnvelopes_v1 GBPJPY,H1: removed
2	10:46:33.059	Custom indicator guppy_multiple_moving_averages GBPJPY,H1: removed
2	10:46:33.155	Custom indicator wedges GBPJPY,H1: removed
2	10:46:33.201	Custom indicator Admiral Pivot GBPJPY,H1: removed
2	10:46:33.209	Custom indicator AutoTrendChannel GBPJPY,H1: removed
2	10:46:33.217	Custom indicator FRZ Channel Auto Plotter GBPJPY,H1: removed
2	10:46:33.225	Custom indicator FRZ News Indicator MT4 GBPJPY,H1: removed
2	10:46:33.226	Custom indicator AIMS AO V.2.1 GBPJPY,H1: removed
2	10:46:33.319	Custom indicator IVT_MACD_ZERO_LAG GBPJPY,H1: removed
2	10:46:33.355	Custom indicator RSI Divergence Levels GBPJPY,H1: removed
2	10:46:33.401	Custom indicator JoeChalhoub_FXForecasterV1 GBPJPY,H1: removed
2	10:46:33.440	Custom indicator FRZ Forex Market Session Indicator GBPJPY,H1: removed
2	10:46:33.462	Custom indicator AIMS Levels V2 AUDJPY,M30: removed
2	10:46:33.539	Custom indicator AIMS Entry Alert V1 AUDJPY,M30: removed
2	10:46:33.563	Custom indicator CandleTimer AUDJPY,M30: removed
2	10:46:33.610	Custom indicator #Signal_Bars_v6 AUDJPY,M30: removed
2	10:46:33.615	Custom indicator TrendEnvelopes_v1 AUDJPY,M30: removed
2	10:46:33.644	Custom indicator guppy_multiple_moving_averages AUDJPY,M30: removed
2	10:46:33.722	Custom indicator wedges AUDJPY,M30: removed
2	10:46:33.730	Custom indicator Admiral Pivot AUDJPY,M30: removed
2	10:46:33.740	Custom indicator AutoTrendChannel AUDJPY,M30: removed
2	10:46:33.747	Custom indicator FRZ Channel Auto Plotter AUDJPY,M30: removed
2	10:46:33.759	Custom indicator FRZ News Indicator MT4 AUDJPY,M30: removed
2	10:46:33.760	Custom indicator AIMS AO V.2.1 AUDJPY,M30: removed
2	10:46:33.772	Custom indicator IVT_MACD_ZERO_LAG AUDJPY,M30: removed
2	10:46:33.783	Custom indicator RSI Divergence Levels AUDJPY,M30: removed
2	10:46:33.843	Custom indicator JoeChalhoub_FXForecasterV1 AUDJPY,M30: removed
2	10:46:33.856	Custom indicator FRZ Forex Market Session Indicator AUDJPY,M30: removed
2	10:46:33.911	Custom indicator AIMS Levels V2 NZDUSD,M1: removed
2	10:46:33.929	Custom indicator AIMS Entry Alert V1 NZDUSD,M1: removed
2	10:46:33.937	Custom indicator CandleTimer NZDUSD,M1: removed
2	10:46:33.956	Custom indicator #Signal_Bars_v6 NZDUSD,M1: removed
2	10:46:33.965	Custom indicator TrendEnvelopes_v1 NZDUSD,M1: removed
2	10:46:34.017	Custom indicator guppy_multiple_moving_averages NZDUSD,M1: removed
2	10:46:34.043	Custom indicator wedges NZDUSD,M1: removed
2	10:46:34.080	Custom indicator Admiral Pivot NZDUSD,M1: removed
2	10:46:34.112	Custom indicator AutoTrendChannel NZDUSD,M1: removed
2	10:46:34.120	Custom indicator FRZ Channel Auto Plotter NZDUSD,M1: removed
2	10:46:34.126	Custom indicator FRZ News Indicator MT4 NZDUSD,M1: removed
2	10:46:34.163	Custom indicator AIMS AO V.2.1 NZDUSD,M1: removed
2	10:46:34.190	Custom indicator IVT_MACD_ZERO_LAG NZDUSD,M1: removed
2	10:46:34.225	Custom indicator RSI Divergence Levels NZDUSD,M1: removed
2	10:46:34.234	Custom indicator JoeChalhoub_FXForecasterV1 NZDUSD,M1: removed
2	10:46:34.272	Custom indicator FRZ Forex Market Session Indicator NZDUSD,M1: removed
2	10:46:34.329	Expert Admiral - Mini Terminal BTCUSD,M1: removed
2	10:46:34.954	Custom indicator AIMS Levels V2 BTCUSD,M1: removed
2	10:46:34.988	Custom indicator AIMS Entry Alert V1 BTCUSD,M1: removed
2	10:46:34.992	Custom indicator CandleTimer BTCUSD,M1: removed
2	10:46:34.993	Custom indicator #Signal_Bars_v6 BTCUSD,M1: removed
2	10:46:34.996	Custom indicator TrendEnvelopes_v1 BTCUSD,M1: removed
2	10:46:35.015	Custom indicator guppy_multiple_moving_averages BTCUSD,M1: removed
2	10:46:35.032	Custom indicator wedges BTCUSD,M1: removed
2	10:46:35.054	Custom indicator Admiral Pivot BTCUSD,M1: removed
2	10:46:35.061	Custom indicator AutoTrendChannel BTCUSD,M1: removed
2	10:46:35.071	Custom indicator FRZ Channel Auto Plotter BTCUSD,M1: removed
2	10:46:35.079	Custom indicator FRZ News Indicator MT4 BTCUSD,M1: removed
2	10:46:35.080	Custom indicator AIMS AO V.2.1 BTCUSD,M1: removed
2	10:46:35.116	Custom indicator IVT_MACD_ZERO_LAG BTCUSD,M1: removed
2	10:46:35.155	Custom indicator RSI Divergence Levels BTCUSD,M1: removed
2	10:46:35.224	Custom indicator JoeChalhoub_FXForecasterV1 BTCUSD,M1: removed
2	10:46:35.374	Custom indicator FRZ Forex Market Session Indicator BTCUSD,M1: removed
0	10:46:41.193	Admiral Markets build 1280 stopped
