1	08:02:16.650	'23922258': ping failed
1	08:02:17.833	'23922258': connect failed [Connection échouée]
1	08:02:19.125	MQL5.community: authorization failed
0	08:02:23.734	'23922258': login on AdmiralMarkets-Demo through Access Point #6 (ping: 311.24 ms)
0	08:02:26.337	'23922258': login datacenter on AdmiralMarkets-Demo through Access Point #6 (ping: 311.24 ms)
0	08:02:27.144	'23922258': previous successful authorization performed from 197.215.200.174
0	08:02:36.657	'23922258': auto connecting to a better access point Access Point #1 (ping is 239.90 ms)
0	08:02:37.553	'23922258': login on AdmiralMarkets-Demo through Access Point #1 (ping: 239.90 ms)
0	08:02:39.440	'23922258': login datacenter on AdmiralMarkets-Demo through Access Point #1 (ping: 239.90 ms)
0	08:02:39.479	Notifications: 'Classical RSI bearish divergence on:  NZDCAD' sent to 'A37163A9'
0	08:02:40.227	'23922258': previous successful authorization performed from 197.149.31.35
0	08:30:06.554	Notifications: 'Classical RSI bearish divergence on:  CADJPY' sent to 'A37163A9'
0	08:45:04.303	Notifications: 'Classical RSI bullish divergence on:  USDCAD' sent to 'A37163A9'
0	09:10:58.920	'23922258': login datacenter on AdmiralMarkets-Demo
0	09:11:03.333	'23922258': login on AdmiralMarkets-Demo through Access Point #6 (ping: 299.46 ms)
0	09:11:08.607	'23922258': login datacenter on AdmiralMarkets-Demo through Access Point #6 (ping: 299.46 ms)
0	09:11:09.327	'23922258': previous successful authorization performed from 197.215.200.174
0	09:11:40.708	'23922258': auto connecting to a better access point Access Point #1 (ping is 296.85 ms)
0	09:11:41.944	'23922258': login on AdmiralMarkets-Demo through Access Point #1 (ping: 296.85 ms)
0	09:11:46.058	'23922258': login datacenter on AdmiralMarkets-Demo through Access Point #1 (ping: 296.85 ms)
0	09:11:47.778	'23922258': previous successful authorization performed from 197.149.31.35
1	09:13:01.969	'23922258': datacenter connecting failed [6]
0	09:13:03.027	'23922258': login on AdmiralMarkets-Demo through Access Point #3 (ping: 373.37 ms)
0	09:13:06.512	'23922258': login datacenter on AdmiralMarkets-Demo through Access Point #3 (ping: 373.37 ms)
0	09:13:12.317	'23922258': previous successful authorization performed from 197.149.31.35
1	09:18:06.968	'23922258': datacenter connecting failed [6]
0	09:18:08.045	'23922258': login on AdmiralMarkets-Demo through Access Point #4 (ping: 404.45 ms)
0	09:18:12.701	'23922258': login datacenter on AdmiralMarkets-Demo through Access Point #4 (ping: 404.45 ms)
0	09:18:16.223	'23922258': previous successful authorization performed from 197.149.31.35
1	09:29:18.970	'23922258': datacenter connecting failed [6]
0	09:29:20.061	'23922258': login on AdmiralMarkets-Demo through Access Point #6 (ping: 493.01 ms)
0	09:29:23.058	'23922258': login datacenter on AdmiralMarkets-Demo through Access Point #6 (ping: 493.01 ms)
0	09:29:23.629	'23922258': previous successful authorization performed from 197.149.31.35
0	09:30:09.099	Notifications: 'Classical RSI bearish divergence on:  WTI' sent to 'A37163A9'
1	09:39:17.968	'23922258': datacenter connecting failed [6]
0	09:39:19.083	'23922258': login on AdmiralMarkets-Demo through Access Point #2 (ping: 286.09 ms)
0	09:39:26.138	'23922258': login datacenter on AdmiralMarkets-Demo through Access Point #2 (ping: 286.09 ms)
0	09:39:32.480	'23922258': previous successful authorization performed from 197.149.31.35
1	09:42:04.009	'23922258': connect failed [Connection échouée]
0	09:42:10.705	'23922258': login on AdmiralMarkets-Demo through Access Point #2 (ping: n/a)
0	09:42:24.518	'23922258': login datacenter on AdmiralMarkets-Demo through Access Point #2 (ping: n/a)
0	09:42:25.342	'23922258': previous successful authorization performed from 197.149.31.35
0	09:42:43.763	'23922258': ping to current access point Access Point #2 is 254.33 ms
1	09:47:21.967	'23922258': datacenter connecting failed [6]
0	09:47:22.720	'23922258': login on AdmiralMarkets-Demo through Access Point #6 (ping: 314.95 ms)
0	09:47:25.455	'23922258': login datacenter on AdmiralMarkets-Demo through Access Point #6 (ping: 314.95 ms)
0	09:47:26.515	'23922258': previous successful authorization performed from 197.149.31.35
1	09:52:46.041	'23922258': datacenter connecting failed [6]
0	09:52:46.849	'23922258': login on AdmiralMarkets-Demo through Access Point #4 (ping: 372.86 ms)
0	09:52:48.570	'23922258': login datacenter on AdmiralMarkets-Demo through Access Point #4 (ping: 372.86 ms)
0	09:52:49.135	'23922258': previous successful authorization performed from 197.149.31.35
1	09:57:40.872	'23922258': datacenter connecting failed [6]
0	09:57:41.728	'23922258': login on AdmiralMarkets-Demo through Access Point #3 (ping: 363.56 ms)
0	09:57:44.459	'23922258': login datacenter on AdmiralMarkets-Demo through Access Point #3 (ping: 363.56 ms)
0	09:57:45.729	'23922258': previous successful authorization performed from 197.149.31.35
0	09:59:20.903	'23922258': login datacenter on AdmiralMarkets-Demo
0	09:59:22.545	'23922258': login on AdmiralMarkets-Demo through Access Point #1 (ping: 320.50 ms)
0	09:59:26.202	'23922258': login datacenter on AdmiralMarkets-Demo through Access Point #1 (ping: 320.50 ms)
0	09:59:27.738	'23922258': previous successful authorization performed from 197.149.31.35
0	10:02:22.805	'23922258': login datacenter on AdmiralMarkets-Demo
1	10:02:23.236	'23922258': connect failed [Connection échouée]
0	10:02:32.791	'23922258': login on AdmiralMarkets-Demo through Access Point #2 (ping: n/a)
0	10:02:39.307	'23922258': login datacenter on AdmiralMarkets-Demo through Access Point #2 (ping: n/a)
0	10:02:40.203	'23922258': previous successful authorization performed from 197.149.31.35
0	10:03:02.906	'23922258': ping to current access point Access Point #2 is 233.05 ms
0	10:06:04.719	'23922258': login datacenter on AdmiralMarkets-Demo
0	10:06:06.532	'23922258': login on AdmiralMarkets-Demo through Access Point #1 (ping: 245.90 ms)
0	10:06:26.350	'23922258': login datacenter on AdmiralMarkets-Demo through Access Point #1 (ping: 245.90 ms)
0	10:06:30.078	'23922258': previous successful authorization performed from 197.215.200.174
1	10:11:22.582	'23922258': datacenter connecting failed [6]
1	10:11:22.824	'23922258': connect failed [Connection échouée]
2	13:50:51.654	Expert Admiral - Mini Terminal EURUSD,Daily: removed
2	13:50:51.779	Custom indicator CandleTimer EURUSD,Daily: removed
2	13:50:52.277	Custom indicator AIMS Levels V2 EURUSD,Daily: loaded successfully
2	13:50:52.688	Custom indicator AIMS Entry Alert V1 EURUSD,Daily: loaded successfully
2	13:50:52.888	Custom indicator CandleTimer EURUSD,Daily: loaded successfully
2	13:50:53.249	Custom indicator #Signal_Bars_v6 EURUSD,Daily: loaded successfully
2	13:50:53.392	Custom indicator TrendEnvelopes_v1 EURUSD,Daily: loaded successfully
2	13:50:53.429	Custom indicator guppy_multiple_moving_averages EURUSD,Daily: loaded successfully
2	13:50:53.517	Custom indicator wedges EURUSD,Daily: loaded successfully
2	13:50:53.705	Custom indicator AIMS AO V.2.1 EURUSD,Daily: loaded successfully
2	13:50:53.751	Custom indicator IVT_MACD_ZERO_LAG EURUSD,Daily: loaded successfully
2	13:50:53.897	Custom indicator RSI Divergence Levels EURUSD,Daily: loaded successfully
2	13:50:53.955	Custom indicator JoeChalhoub_FXForecasterV1 EURUSD,Daily: loaded successfully
1	16:06:32.207	MQL5.community: authorization failed
1	16:10:30.616	MQL5.community: authorization failed
1	16:15:30.616	MQL5.community: authorization failed
1	16:20:30.616	MQL5.community: authorization failed
0	16:23:26.112	'23922258': login on AdmiralMarkets-Demo through Access Point #2 (ping: n/a)
0	16:23:30.847	'23922258': login datacenter on AdmiralMarkets-Demo through Access Point #2 (ping: n/a)
0	16:23:31.923	'23922258': previous successful authorization performed from 197.215.200.174
0	16:23:59.415	'23922258': auto connecting to a better access point Access Point #4 (ping is 366.43 ms)
0	16:24:00.527	'23922258': login on AdmiralMarkets-Demo through Access Point #4 (ping: 366.43 ms)
0	16:24:03.147	'23922258': login datacenter on AdmiralMarkets-Demo through Access Point #4 (ping: 366.43 ms)
0	16:24:03.741	'23922258': previous successful authorization performed from 154.126.93.153
0	16:26:15.926	'23922258': login on AdmiralMarkets-Demo through Access Point #4 (ping: 366.43 ms)
0	16:26:23.961	'23922258': login datacenter on AdmiralMarkets-Demo through Access Point #4 (ping: 366.43 ms)
0	16:26:25.391	'23922258': previous successful authorization performed from 154.126.93.153
0	16:39:17.421	'23922258': one click trading has been enabled
0	16:39:21.958	'23922258': close order #189479710 buy 0.10 AUDUSD at 0.71726 sl: 0.70750 tp: 0.73300 at price 0.00000
0	16:39:22.690	'23922258': order #189479710 buy 0.10 AUDUSD at 0.71726 sl: 0.70750 tp: 0.73300 closed at price 0.71661
0	16:39:26.030	Notifications: 'order #189479710 buy 0.10 AUDUSD at 0.71726 closed at price 0.71661, profit: -6.50 USD' sent to 'A37163A9'
1	16:57:55.749	'23922258': ping failed
1	16:57:55.751	'23922258': datacenter connecting failed [6]
1	16:57:56.543	'23922258': connect failed [Connection échouée]
0	18:24:04.579	'23922258': login on AdmiralMarkets-Demo through Access Point #1 (ping: n/a)
0	18:24:10.920	'23922258': login datacenter on AdmiralMarkets-Demo through Access Point #1 (ping: n/a)
0	18:24:13.747	'23922258': previous successful authorization performed from 95.168.164.194
0	18:24:30.409	Notifications: 'Classical RSI bearish divergence on:  WTI' sent to 'A37163A9'
0	18:24:39.822	'23922258': auto connecting to a better access point Access Point #4 (ping is 321.00 ms)
0	18:24:40.719	'23922258': login on AdmiralMarkets-Demo through Access Point #4 (ping: 321.00 ms)
0	18:24:42.398	'23922258': login datacenter on AdmiralMarkets-Demo through Access Point #4 (ping: 321.00 ms)
0	18:24:43.005	'23922258': previous successful authorization performed from 197.149.33.75
2	18:28:19.241	Custom indicator AIMS Levels V2 EURUSD,Daily: removed
2	18:28:19.261	Custom indicator AIMS Entry Alert V1 EURUSD,Daily: removed
2	18:28:19.262	Custom indicator CandleTimer EURUSD,Daily: removed
2	18:28:19.292	Custom indicator #Signal_Bars_v6 EURUSD,Daily: removed
2	18:28:19.327	Custom indicator TrendEnvelopes_v1 EURUSD,Daily: removed
2	18:28:19.328	Custom indicator guppy_multiple_moving_averages EURUSD,Daily: removed
2	18:28:19.331	Custom indicator wedges EURUSD,Daily: removed
2	18:28:19.366	Custom indicator AIMS AO V.2.1 EURUSD,Daily: removed
2	18:28:19.392	Custom indicator IVT_MACD_ZERO_LAG EURUSD,Daily: removed
2	18:28:19.394	Custom indicator RSI Divergence Levels EURUSD,Daily: removed
2	18:28:19.396	Custom indicator JoeChalhoub_FXForecasterV1 EURUSD,Daily: removed
2	18:28:19.459	Custom indicator AIMS Levels V2 [CAC40],M15: removed
2	18:28:19.491	Custom indicator AIMS Entry Alert V1 [CAC40],M15: removed
2	18:28:19.493	Custom indicator CandleTimer [CAC40],M15: removed
2	18:28:19.493	Custom indicator #Signal_Bars_v6 [CAC40],M15: removed
2	18:28:19.495	Custom indicator TrendEnvelopes_v1 [CAC40],M15: removed
2	18:28:19.496	Custom indicator guppy_multiple_moving_averages [CAC40],M15: removed
2	18:28:19.498	Custom indicator wedges [CAC40],M15: removed
2	18:28:19.499	Custom indicator AIMS AO V.2.1 [CAC40],M15: removed
2	18:28:19.500	Custom indicator IVT_MACD_ZERO_LAG [CAC40],M15: removed
2	18:28:19.502	Custom indicator RSI Divergence Levels [CAC40],M15: removed
2	18:28:19.504	Custom indicator JoeChalhoub_FXForecasterV1 [CAC40],M15: removed
2	18:28:19.509	Custom indicator CandleTimer [DAX30],H1: removed
2	18:28:19.548	Custom indicator AIMS Levels V2 NZDJPY,Daily: removed
2	18:28:19.548	Custom indicator AIMS Entry Alert V1 NZDJPY,Daily: removed
2	18:28:19.550	Custom indicator CandleTimer NZDJPY,Daily: removed
2	18:28:19.551	Custom indicator #Signal_Bars_v6 NZDJPY,Daily: removed
2	18:28:19.552	Custom indicator TrendEnvelopes_v1 NZDJPY,Daily: removed
2	18:28:19.554	Custom indicator guppy_multiple_moving_averages NZDJPY,Daily: removed
2	18:28:19.556	Custom indicator wedges NZDJPY,Daily: removed
2	18:28:19.556	Custom indicator AIMS AO V.2.1 NZDJPY,Daily: removed
2	18:28:19.558	Custom indicator IVT_MACD_ZERO_LAG NZDJPY,Daily: removed
2	18:28:19.559	Custom indicator RSI Divergence Levels NZDJPY,Daily: removed
2	18:28:19.561	Custom indicator JoeChalhoub_FXForecasterV1 NZDJPY,Daily: removed
2	18:28:19.574	Custom indicator Admiral Donchian EURNZD,M15: removed
2	18:28:19.592	Custom indicator Admiral High-Low EURNZD,M15: removed
2	18:28:19.594	Custom indicator Admiral Keltner EURNZD,M15: removed
2	18:28:19.596	Custom indicator Admiral Pivot EURNZD,M15: removed
2	18:28:19.598	Custom indicator Admiral Symbol Info EURNZD,M15: removed
2	18:28:19.644	Custom indicator #P4L CandleTime EURNZD,M15: removed
2	18:28:19.646	Custom indicator AIMS Levels V2 GOLD,M15: removed
2	18:28:19.646	Custom indicator AIMS Entry Alert V1 GOLD,M15: removed
2	18:28:19.648	Custom indicator CandleTimer GOLD,M15: removed
2	18:28:19.648	Custom indicator #Signal_Bars_v6 GOLD,M15: removed
2	18:28:19.650	Custom indicator TrendEnvelopes_v1 GOLD,M15: removed
2	18:28:19.652	Custom indicator guppy_multiple_moving_averages GOLD,M15: removed
2	18:28:19.654	Custom indicator wedges GOLD,M15: removed
2	18:28:19.669	Custom indicator AIMS AO V.2.1 GOLD,M15: removed
2	18:28:19.692	Custom indicator IVT_MACD_ZERO_LAG GOLD,M15: removed
2	18:28:19.699	Custom indicator RSI Divergence Levels GOLD,M15: removed
2	18:28:19.701	Custom indicator JoeChalhoub_FXForecasterV1 GOLD,M15: removed
2	18:28:19.727	Custom indicator CandleTimer GBPUSD,Daily: removed
2	18:28:19.764	Expert Admiral - Mini Terminal GBPAUD,Daily: removed
2	18:28:22.485	Custom indicator AIMS Levels V2 GBPAUD,Daily: removed
2	18:28:22.489	Custom indicator AIMS Entry Alert V1 GBPAUD,Daily: removed
2	18:28:22.491	Custom indicator CandleTimer GBPAUD,Daily: removed
2	18:28:22.491	Custom indicator #Signal_Bars_v6 GBPAUD,Daily: removed
2	18:28:22.493	Custom indicator TrendEnvelopes_v1 GBPAUD,Daily: removed
2	18:28:22.506	Custom indicator guppy_multiple_moving_averages GBPAUD,Daily: removed
2	18:28:22.508	Custom indicator wedges GBPAUD,Daily: removed
2	18:28:22.508	Custom indicator AIMS AO V.2.1 GBPAUD,Daily: removed
2	18:28:22.510	Custom indicator IVT_MACD_ZERO_LAG GBPAUD,Daily: removed
2	18:28:22.511	Custom indicator RSI Divergence Levels GBPAUD,Daily: removed
2	18:28:22.513	Custom indicator JoeChalhoub_FXForecasterV1 GBPAUD,Daily: removed
2	18:28:22.590	Expert Admiral - Mini Terminal CADJPY,M15: removed
2	18:28:23.659	Custom indicator AIMS Levels V2 CADJPY,M15: removed
2	18:28:23.659	Custom indicator AIMS Entry Alert V1 CADJPY,M15: removed
2	18:28:23.684	Custom indicator CandleTimer CADJPY,M15: removed
2	18:28:23.684	Custom indicator #Signal_Bars_v6 CADJPY,M15: removed
2	18:28:23.686	Custom indicator TrendEnvelopes_v1 CADJPY,M15: removed
2	18:28:23.687	Custom indicator guppy_multiple_moving_averages CADJPY,M15: removed
2	18:28:23.689	Custom indicator wedges CADJPY,M15: removed
2	18:28:23.689	Custom indicator AIMS AO V.2.1 CADJPY,M15: removed
2	18:28:23.708	Custom indicator IVT_MACD_ZERO_LAG CADJPY,M15: removed
2	18:28:23.710	Custom indicator RSI Divergence Levels CADJPY,M15: removed
2	18:28:23.711	Custom indicator JoeChalhoub_FXForecasterV1 CADJPY,M15: removed
2	18:28:23.782	Expert Admiral - Mini Terminal USDCAD,M15: removed
2	18:28:24.587	Custom indicator AIMS Levels V2 USDCAD,M15: removed
2	18:28:24.587	Custom indicator AIMS Entry Alert V1 USDCAD,M15: removed
2	18:28:24.589	Custom indicator CandleTimer USDCAD,M15: removed
2	18:28:24.589	Custom indicator #Signal_Bars_v6 USDCAD,M15: removed
2	18:28:24.609	Custom indicator TrendEnvelopes_v1 USDCAD,M15: removed
2	18:28:24.611	Custom indicator guppy_multiple_moving_averages USDCAD,M15: removed
2	18:28:24.613	Custom indicator wedges USDCAD,M15: removed
2	18:28:24.614	Custom indicator AIMS AO V.2.1 USDCAD,M15: removed
2	18:28:24.615	Custom indicator IVT_MACD_ZERO_LAG USDCAD,M15: removed
2	18:28:24.617	Custom indicator RSI Divergence Levels USDCAD,M15: removed
2	18:28:24.619	Custom indicator JoeChalhoub_FXForecasterV1 USDCAD,M15: removed
2	18:28:24.654	Expert Admiral - Mini Terminal NZDCAD,M15: removed
2	18:28:24.984	Custom indicator AIMS Levels V2 NZDCAD,M15: removed
2	18:28:24.990	Custom indicator AIMS Entry Alert V1 NZDCAD,M15: removed
2	18:28:24.992	Custom indicator CandleTimer NZDCAD,M15: removed
2	18:28:24.992	Custom indicator #Signal_Bars_v6 NZDCAD,M15: removed
2	18:28:24.994	Custom indicator TrendEnvelopes_v1 NZDCAD,M15: removed
2	18:28:24.996	Custom indicator guppy_multiple_moving_averages NZDCAD,M15: removed
2	18:28:24.998	Custom indicator wedges NZDCAD,M15: removed
2	18:28:24.998	Custom indicator AIMS AO V.2.1 NZDCAD,M15: removed
2	18:28:25.000	Custom indicator IVT_MACD_ZERO_LAG NZDCAD,M15: removed
2	18:28:25.002	Custom indicator RSI Divergence Levels NZDCAD,M15: removed
2	18:28:25.003	Custom indicator JoeChalhoub_FXForecasterV1 NZDCAD,M15: removed
2	18:28:25.006	Custom indicator AIMS Levels V2 WTI,M15: removed
2	18:28:25.006	Custom indicator AIMS Entry Alert V1 WTI,M15: removed
2	18:28:25.008	Custom indicator CandleTimer WTI,M15: removed
2	18:28:25.008	Custom indicator #Signal_Bars_v6 WTI,M15: removed
2	18:28:25.010	Custom indicator TrendEnvelopes_v1 WTI,M15: removed
2	18:28:25.011	Custom indicator guppy_multiple_moving_averages WTI,M15: removed
2	18:28:25.013	Custom indicator wedges WTI,M15: removed
2	18:28:25.014	Custom indicator AIMS AO V.2.1 WTI,M15: removed
2	18:28:25.016	Custom indicator IVT_MACD_ZERO_LAG WTI,M15: removed
2	18:28:25.017	Custom indicator RSI Divergence Levels WTI,M15: removed
2	18:28:25.020	Custom indicator JoeChalhoub_FXForecasterV1 WTI,M15: removed
2	18:28:25.065	Custom indicator AIMS Levels V2 GBPNZD,M15: removed
2	18:28:25.075	Custom indicator AIMS Entry Alert V1 GBPNZD,M15: removed
2	18:28:25.077	Custom indicator CandleTimer GBPNZD,M15: removed
2	18:28:25.077	Custom indicator #Signal_Bars_v6 GBPNZD,M15: removed
2	18:28:25.078	Custom indicator TrendEnvelopes_v1 GBPNZD,M15: removed
2	18:28:25.080	Custom indicator guppy_multiple_moving_averages GBPNZD,M15: removed
2	18:28:25.082	Custom indicator wedges GBPNZD,M15: removed
2	18:28:25.105	Custom indicator AIMS AO V.2.1 GBPNZD,M15: removed
2	18:28:25.107	Custom indicator IVT_MACD_ZERO_LAG GBPNZD,M15: removed
2	18:28:25.108	Custom indicator RSI Divergence Levels GBPNZD,M15: removed
2	18:28:25.129	Custom indicator JoeChalhoub_FXForecasterV1 GBPNZD,M15: removed
2	18:28:25.132	Custom indicator AIMS Levels V2 EURNZD,H1: removed
2	18:28:25.132	Custom indicator AIMS Entry Alert V1 EURNZD,H1: removed
2	18:28:25.134	Custom indicator CandleTimer EURNZD,H1: removed
2	18:28:25.134	Custom indicator #Signal_Bars_v6 EURNZD,H1: removed
2	18:28:25.135	Custom indicator TrendEnvelopes_v1 EURNZD,H1: removed
2	18:28:25.137	Custom indicator guppy_multiple_moving_averages EURNZD,H1: removed
2	18:28:25.139	Custom indicator wedges EURNZD,H1: removed
2	18:28:25.139	Custom indicator AIMS AO V.2.1 EURNZD,H1: removed
2	18:28:25.141	Custom indicator IVT_MACD_ZERO_LAG EURNZD,H1: removed
2	18:28:25.142	Custom indicator RSI Divergence Levels EURNZD,H1: removed
2	18:28:25.144	Custom indicator JoeChalhoub_FXForecasterV1 EURNZD,H1: removed
2	18:28:25.170	Expert Admiral - Mini Terminal [NQ100],Daily: removed
2	18:28:25.642	Custom indicator CandleTimer [NQ100],Daily: removed
2	18:28:25.689	Custom indicator AIMS Levels V2 GBPJPY,H1: removed
2	18:28:25.689	Custom indicator AIMS Entry Alert V1 GBPJPY,H1: removed
2	18:28:25.691	Custom indicator CandleTimer GBPJPY,H1: removed
2	18:28:25.691	Custom indicator #Signal_Bars_v6 GBPJPY,H1: removed
2	18:28:25.692	Custom indicator TrendEnvelopes_v1 GBPJPY,H1: removed
2	18:28:25.694	Custom indicator guppy_multiple_moving_averages GBPJPY,H1: removed
2	18:28:25.696	Custom indicator wedges GBPJPY,H1: removed
2	18:28:25.696	Custom indicator AIMS AO V.2.1 GBPJPY,H1: removed
2	18:28:25.698	Custom indicator IVT_MACD_ZERO_LAG GBPJPY,H1: removed
2	18:28:25.699	Custom indicator RSI Divergence Levels GBPJPY,H1: removed
2	18:28:25.701	Custom indicator JoeChalhoub_FXForecasterV1 GBPJPY,H1: removed
2	18:28:25.703	Custom indicator AIMS Levels V2 EURAUD,H1: removed
2	18:28:25.704	Custom indicator AIMS Entry Alert V1 EURAUD,H1: removed
2	18:28:25.705	Custom indicator CandleTimer EURAUD,H1: removed
2	18:28:25.706	Custom indicator #Signal_Bars_v6 EURAUD,H1: removed
2	18:28:25.727	Custom indicator TrendEnvelopes_v1 EURAUD,H1: removed
2	18:28:25.728	Custom indicator guppy_multiple_moving_averages EURAUD,H1: removed
2	18:28:25.730	Custom indicator wedges EURAUD,H1: removed
2	18:28:25.731	Custom indicator AIMS AO V.2.1 EURAUD,H1: removed
2	18:28:25.732	Custom indicator IVT_MACD_ZERO_LAG EURAUD,H1: removed
2	18:28:25.734	Custom indicator RSI Divergence Levels EURAUD,H1: removed
2	18:28:25.736	Custom indicator JoeChalhoub_FXForecasterV1 EURAUD,H1: removed
2	18:28:25.739	Custom indicator AIMS Levels V2 USDCHF,H1: removed
2	18:28:25.756	Custom indicator AIMS Entry Alert V1 USDCHF,H1: removed
2	18:28:25.757	Custom indicator CandleTimer USDCHF,H1: removed
2	18:28:25.757	Custom indicator #Signal_Bars_v6 USDCHF,H1: removed
2	18:28:25.759	Custom indicator TrendEnvelopes_v1 USDCHF,H1: removed
2	18:28:25.760	Custom indicator guppy_multiple_moving_averages USDCHF,H1: removed
2	18:28:25.762	Custom indicator wedges USDCHF,H1: removed
2	18:28:25.763	Custom indicator AIMS AO V.2.1 USDCHF,H1: removed
2	18:28:25.764	Custom indicator IVT_MACD_ZERO_LAG USDCHF,H1: removed
2	18:28:25.766	Custom indicator RSI Divergence Levels USDCHF,H1: removed
2	18:28:25.768	Custom indicator JoeChalhoub_FXForecasterV1 USDCHF,H1: removed
2	18:28:25.771	Custom indicator AIMS Levels V2 NZDUSD,H1: removed
2	18:28:25.771	Custom indicator AIMS Entry Alert V1 NZDUSD,H1: removed
2	18:28:25.773	Custom indicator CandleTimer NZDUSD,H1: removed
2	18:28:25.774	Custom indicator #Signal_Bars_v6 NZDUSD,H1: removed
2	18:28:25.775	Custom indicator TrendEnvelopes_v1 NZDUSD,H1: removed
2	18:28:25.777	Custom indicator wedges NZDUSD,H1: removed
2	18:28:25.777	Custom indicator AIMS AO V.2.1 NZDUSD,H1: removed
2	18:28:25.778	Custom indicator IVT_MACD_ZERO_LAG NZDUSD,H1: removed
2	18:28:25.780	Custom indicator RSI Divergence Levels NZDUSD,H1: removed
2	18:28:25.782	Custom indicator JoeChalhoub_FXForecasterV1 NZDUSD,H1: removed
0	18:28:28.869	Admiral Markets build 1280 stopped
