0	01:26:41.220	'23842653': order sell market 0.01 USDJPY sl: 0.000 tp: 0.000
1	01:26:41.535	'23842653': order sell 0.01 USDJPY opening at market sl: 0.000 tp: 0.000 failed [Market is closed]
2	05:41:35.862	Custom indicator 1-2-3 Trading Signals Panel v1 AUDJPY,H1: loaded successfully
2	06:36:04.188	Custom indicator AGATA5_fix AUDJPY,H1: loaded successfully
0	06:42:57.857	Sources recompilation started
2	06:43:08.281	Custom indicator xmaster-formula BTCUSD,H1: loaded successfully
0	06:45:26.365	'23842653': order sell market 0.10 BTCUSD sl: 0.00 tp: 0.00
1	06:45:26.675	'23842653': order sell 0.10 BTCUSD opening at market sl: 0.00 tp: 0.00 failed [Not enough money]
0	06:45:30.223	'23842653': order sell market 0.10 BTCUSD sl: 0.00 tp: 0.00
1	06:45:30.534	'23842653': order sell 0.10 BTCUSD opening at market sl: 0.00 tp: 0.00 failed [Not enough money]
0	06:45:34.349	'23842653': order sell market 1.00 BTCUSD sl: 0.00 tp: 0.00
1	06:45:34.694	'23842653': order sell 1.00 BTCUSD opening at market sl: 0.00 tp: 0.00 failed [Not enough money]
2	06:50:02.186	Custom indicator Hyper EA Pro 2.3 BTCUSD,M5: loaded successfully
3	06:50:02.186	Expert 'Hyper EA Pro 2.3' is not custom indicator and will be removed
2	06:50:02.187	Custom indicator Hyper EA Pro 2.3 BTCUSD,M5: removed
2	06:50:07.507	Custom indicator Hyper EA Pro 2.3 BTCUSD,M5: loaded successfully
3	06:50:07.507	Expert 'Hyper EA Pro 2.3' is not custom indicator and will be removed
2	06:50:07.507	Custom indicator Hyper EA Pro 2.3 BTCUSD,M5: removed
2	06:50:08.657	Custom indicator Hyper EA Pro 2.3 BTCUSD,M5: loaded successfully
3	06:50:08.657	Expert 'Hyper EA Pro 2.3' is not custom indicator and will be removed
2	06:50:08.657	Custom indicator Hyper EA Pro 2.3 BTCUSD,M5: removed
2	06:50:08.931	Custom indicator Hyper EA Pro 2.3 BTCUSD,M5: loaded successfully
3	06:50:08.931	Expert 'Hyper EA Pro 2.3' is not custom indicator and will be removed
2	06:50:08.931	Custom indicator Hyper EA Pro 2.3 BTCUSD,M5: removed
2	06:50:32.833	Custom indicator Hyper EA Pro 2.3 EURUSD,H1: loaded successfully
3	06:50:32.833	Expert 'Hyper EA Pro 2.3' is not custom indicator and will be removed
2	06:50:32.833	Custom indicator Hyper EA Pro 2.3 EURUSD,H1: removed
2	06:50:52.108	Custom indicator Hyper EA Pro 2.3 EURUSD,M15: loaded successfully
3	06:50:52.108	Expert 'Hyper EA Pro 2.3' is not custom indicator and will be removed
2	06:50:52.108	Custom indicator Hyper EA Pro 2.3 EURUSD,M15: removed
2	06:51:25.551	Expert Hyper EA Pro 2.3 EURUSD,M15: loaded successfully
2	06:52:13.016	Expert Hyper EA Pro 2.3 BTCUSD,M5: loaded successfully
2	07:00:03.942	Expert Hyper EA Pro 2.3 BTCUSD,M5: removed
2	07:00:03.944	Custom indicator xmaster-formula BTCUSD,M5: removed
2	07:00:04.072	Custom indicator Trend_Imperator_V2e BTCUSD,M5: loaded successfully
0	07:00:13.198	HistoryCenter: synchronize 'BTCUSD5'
0	07:00:14.792	HistoryCenter: 2051 bars imported in 'BTCUSD5'
2	07:00:41.566	Custom indicator Trend_Imperator_V2e BTCUSD,M5: loaded successfully
2	07:00:47.515	Library Trend_Imperator_V2 BTCUSD,M5: loaded successfully
2	07:00:47.515	Library Trend_Imperator_V2 BTCUSD,M5: removed
2	07:00:47.516	Custom indicator Trend_Imperator_V2e BTCUSD,M5: removed
2	07:01:13.276	Custom indicator Trend_Imperator_V2e EURUSD,H1: loaded successfully
2	07:01:23.948	Custom indicator Trend_Imperator_V2e EURUSD,H1: loaded successfully
2	07:01:25.760	Custom indicator Trend_Imperator_V2e EURUSD,H1: removed
1	10:24:03.978	'23842653': ping failed
0	10:24:04.536	'23842653': login datacenter on AdmiralMarkets-Demo
0	10:24:05.836	'23842653': login on AdmiralMarkets-Demo through Access Point #6 (ping: 422.33 ms)
0	10:24:08.132	'23842653': login datacenter on AdmiralMarkets-Demo through Access Point #6 (ping: 422.33 ms)
0	10:24:08.725	'23842653': previous successful authorization performed from 154.126.98.137
0	10:24:17.049	'23842653': auto connecting to a better access point Access Point #1 (ping is 244.95 ms)
0	10:24:19.945	'23842653': login on AdmiralMarkets-Demo through Access Point #1 (ping: 244.95 ms)
0	10:24:22.015	'23842653': login datacenter on AdmiralMarkets-Demo through Access Point #1 (ping: 244.95 ms)
0	10:24:22.773	'23842653': previous successful authorization performed from 154.126.98.137
1	11:54:53.657	'23836281': connect failed [Compte bloqué]
0	11:55:06.337	'23842653': login on AdmiralMarkets-Demo through Access Point #6 (ping: 394.24 ms)
0	11:55:08.607	'23842653': login datacenter on AdmiralMarkets-Demo through Access Point #6 (ping: 394.24 ms)
0	11:55:09.252	'23842653': previous successful authorization performed from 154.126.98.137
0	11:55:17.763	'23842653': auto connecting to a better access point Access Point #1 (ping is 247.11 ms)
0	11:55:18.544	'23842653': login on AdmiralMarkets-Demo through Access Point #1 (ping: 247.11 ms)
0	11:55:20.726	'23842653': login datacenter on AdmiralMarkets-Demo through Access Point #1 (ping: 247.11 ms)
0	11:55:21.634	'23842653': previous successful authorization performed from 154.126.98.137
1	12:06:38.542	'23842653': datacenter connecting failed [6]
0	12:06:39.554	'23842653': login on AdmiralMarkets-Demo through Access Point #1 (ping: 247.11 ms)
0	12:06:43.794	'23842653': login datacenter on AdmiralMarkets-Demo through Access Point #1 (ping: 247.11 ms)
0	12:06:45.355	'23842653': previous successful authorization performed from 154.126.98.137
1	13:05:47.560	'23842653': ping failed
0	13:05:48.308	'23842653': login datacenter on AdmiralMarkets-Demo
0	13:05:49.509	'23842653': login on AdmiralMarkets-Demo through Access Point #3 (ping: 261.49 ms)
0	13:05:52.799	'23842653': login datacenter on AdmiralMarkets-Demo through Access Point #3 (ping: 261.49 ms)
0	13:05:53.823	'23842653': previous successful authorization performed from 154.126.98.137
0	13:06:09.377	'23842653': auto connecting to a better access point Access Point #1 (ping is 293.11 ms)
0	13:06:10.630	'23842653': login on AdmiralMarkets-Demo through Access Point #1 (ping: 293.11 ms)
0	13:06:15.035	'23842653': login datacenter on AdmiralMarkets-Demo through Access Point #1 (ping: 293.11 ms)
0	13:06:19.156	'23842653': previous successful authorization performed from 154.126.98.137
1	15:41:03.837	'23842653': ping failed
0	15:41:04.330	'23842653': login datacenter on AdmiralMarkets-Demo
0	15:41:05.945	'23842653': login on AdmiralMarkets-Demo through Access Point #3 (ping: 304.62 ms)
0	15:41:08.973	'23842653': login datacenter on AdmiralMarkets-Demo through Access Point #3 (ping: 304.62 ms)
0	15:41:10.486	'23842653': previous successful authorization performed from 154.126.98.137
0	15:41:27.832	'23842653': auto connecting to a better access point Access Point #1 (ping is 257.40 ms)
0	15:41:32.139	'23842653': login on AdmiralMarkets-Demo through Access Point #1 (ping: 257.40 ms)
0	15:41:35.106	'23842653': login datacenter on AdmiralMarkets-Demo through Access Point #1 (ping: 257.40 ms)
0	15:41:35.700	'23842653': previous successful authorization performed from 154.126.98.137
2	16:33:24.376	Custom indicator HolyCandleTime AUDJPY,M5: removed
2	16:33:24.377	Custom indicator USAIN-BOLT AUDJPY,M5: removed
2	16:33:24.386	Custom indicator HolyCandleTime AUDNZD,M1: removed
2	16:33:24.388	Custom indicator USAIN-BOLT AUDNZD,M1: removed
2	16:33:24.393	Custom indicator HolyCandleTime AUDUSD,M15: removed
2	16:33:24.393	Custom indicator USAIN-BOLT AUDUSD,M15: removed
2	16:33:24.398	Custom indicator HolyCandleTime AUDCHF,M15: removed
2	16:33:24.399	Custom indicator USAIN-BOLT AUDCHF,M15: removed
2	16:33:24.406	Custom indicator HolyCandleTime CADJPY,M15: removed
2	16:33:24.407	Custom indicator USAIN-BOLT CADJPY,M15: removed
2	16:33:24.411	Custom indicator HolyCandleTime CADCHF,M15: removed
2	16:33:24.413	Custom indicator USAIN-BOLT CADCHF,M15: removed
2	16:33:24.416	Custom indicator HolyCandleTime CHFJPY,M15: removed
2	16:33:24.416	Custom indicator USAIN-BOLT CHFJPY,M15: removed
2	16:33:24.419	Custom indicator HolyCandleTime EURUSD,M15: removed
2	16:33:24.419	Custom indicator USAIN-BOLT EURUSD,M15: removed
2	16:33:24.421	Custom indicator HolyCandleTime EURAUD,M15: removed
2	16:33:24.421	Custom indicator USAIN-BOLT EURAUD,M15: removed
2	16:33:24.423	Custom indicator HolyCandleTime EURGBP,M15: removed
2	16:33:24.424	Custom indicator USAIN-BOLT EURGBP,M15: removed
2	16:33:24.429	Custom indicator HolyCandleTime EURCAD,M15: removed
2	16:33:24.430	Custom indicator USAIN-BOLT EURCAD,M15: removed
2	16:33:24.433	Custom indicator HolyCandleTime EURJPY,M15: removed
2	16:33:24.433	Custom indicator USAIN-BOLT EURJPY,M15: removed
2	16:33:24.436	Custom indicator HolyCandleTime EURNZD,M15: removed
2	16:33:24.436	Custom indicator USAIN-BOLT EURNZD,M15: removed
2	16:33:24.438	Custom indicator HolyCandleTime EURCHF,M15: removed
2	16:33:24.438	Custom indicator USAIN-BOLT EURCHF,M15: removed
2	16:33:24.441	Custom indicator HolyCandleTime GBPUSD,M15: removed
2	16:33:24.441	Custom indicator USAIN-BOLT GBPUSD,M15: removed
2	16:33:24.446	Custom indicator HolyCandleTime GBPAUD,M15: removed
2	16:33:24.446	Custom indicator USAIN-BOLT GBPAUD,M15: removed
2	16:33:24.449	Custom indicator HolyCandleTime GBPCAD,M15: removed
2	16:33:24.449	Custom indicator USAIN-BOLT GBPCAD,M15: removed
2	16:33:24.452	Custom indicator HolyCandleTime GBPJPY,M15: removed
2	16:33:24.452	Custom indicator USAIN-BOLT GBPJPY,M15: removed
2	16:33:24.453	Custom indicator HolyCandleTime GBPNZD,M15: removed
2	16:33:24.454	Custom indicator USAIN-BOLT GBPNZD,M15: removed
2	16:33:24.455	Custom indicator HolyCandleTime GBPCHF,M15: removed
2	16:33:24.455	Custom indicator USAIN-BOLT GBPCHF,M15: removed
2	16:33:24.457	Custom indicator HolyCandleTime NZDCAD,M15: removed
2	16:33:24.458	Custom indicator USAIN-BOLT NZDCAD,M15: removed
2	16:33:24.462	Custom indicator HolyCandleTime NZDJPY,M15: removed
2	16:33:24.462	Custom indicator USAIN-BOLT NZDJPY,M15: removed
2	16:33:24.466	Custom indicator HolyCandleTime NZDUSD,M15: removed
2	16:33:24.466	Custom indicator USAIN-BOLT NZDUSD,M15: removed
2	16:33:24.468	Custom indicator HolyCandleTime NZDCHF,M15: removed
2	16:33:24.468	Custom indicator USAIN-BOLT NZDCHF,M15: removed
2	16:33:24.469	Custom indicator HolyCandleTime USDJPY,M15: removed
2	16:33:24.470	Custom indicator USAIN-BOLT USDJPY,M15: removed
2	16:33:24.472	Custom indicator HolyCandleTime USDCAD,M15: removed
2	16:33:24.472	Custom indicator USAIN-BOLT USDCAD,M15: removed
2	16:33:24.474	Custom indicator HolyCandleTime USDCHF,M15: removed
2	16:33:24.474	Custom indicator USAIN-BOLT USDCHF,M15: removed
2	16:33:24.483	Custom indicator smart binary system AUDCAD,M1: removed
2	16:33:24.492	Custom indicator 1-2-3 Trading Signals Panel v1 AUDJPY,M30: removed
2	16:33:24.495	Custom indicator AGATA5_fix AUDJPY,M30: removed
2	16:33:24.501	Custom indicator Trend_Imperator_V2e BTCUSD,M5: removed
2	16:33:24.504	Expert Hyper EA Pro 2.3 EURUSD,M15: removed
2	16:33:24.509	Custom indicator Trend_Imperator_V2e EURUSD,H1: removed
0	16:33:24.970	Admiral Markets build 1260 stopped
0	17:14:34.650	Admiral Markets build 1260 started (Admiral Markets Group AS)
0	17:14:34.650	Windows 10 Pro x64, IE 11, UAC, 8 x Intel Core i7-10510U  @ 1.80GHz, Memory: 1049 / 8014 Mb, Disk: 100 / 237 Gb, GMT+3
0	17:14:34.650	Data Folder: C:\Users\SRIE\AppData\Roaming\MetaQuotes\Terminal\51337600F56B69473E15EAFB8A7586B4
2	17:14:36.170	Custom indicator HolyCandleTime AUDJPY,M5: loaded successfully
2	17:14:36.229	Custom indicator USAIN-BOLT AUDJPY,M5: loaded successfully
2	17:14:36.311	Custom indicator HolyCandleTime AUDNZD,M1: loaded successfully
2	17:14:36.371	Custom indicator USAIN-BOLT AUDNZD,M1: loaded successfully
2	17:14:36.446	Custom indicator HolyCandleTime AUDUSD,M15: loaded successfully
2	17:14:36.506	Custom indicator USAIN-BOLT AUDUSD,M15: loaded successfully
2	17:14:36.582	Custom indicator HolyCandleTime AUDCHF,M15: loaded successfully
2	17:14:36.647	Custom indicator USAIN-BOLT AUDCHF,M15: loaded successfully
2	17:14:36.734	Custom indicator HolyCandleTime CADJPY,M15: loaded successfully
2	17:14:36.804	Custom indicator USAIN-BOLT CADJPY,M15: loaded successfully
2	17:14:36.893	Custom indicator HolyCandleTime CADCHF,M15: loaded successfully
2	17:14:36.968	Custom indicator USAIN-BOLT CADCHF,M15: loaded successfully
2	17:14:37.064	Custom indicator HolyCandleTime CHFJPY,M15: loaded successfully
2	17:14:37.144	Custom indicator USAIN-BOLT CHFJPY,M15: loaded successfully
2	17:14:37.242	Custom indicator HolyCandleTime EURUSD,M15: loaded successfully
2	17:14:37.319	Custom indicator USAIN-BOLT EURUSD,M15: loaded successfully
2	17:14:37.417	Custom indicator HolyCandleTime EURAUD,M15: loaded successfully
2	17:14:37.496	Custom indicator USAIN-BOLT EURAUD,M15: loaded successfully
2	17:14:37.596	Custom indicator HolyCandleTime EURGBP,M15: loaded successfully
2	17:14:37.673	Custom indicator USAIN-BOLT EURGBP,M15: loaded successfully
2	17:14:37.777	Custom indicator HolyCandleTime EURCAD,M15: loaded successfully
2	17:14:37.854	Custom indicator USAIN-BOLT EURCAD,M15: loaded successfully
2	17:14:37.953	Custom indicator HolyCandleTime EURJPY,M15: loaded successfully
2	17:14:38.028	Custom indicator USAIN-BOLT EURJPY,M15: loaded successfully
2	17:14:38.129	Custom indicator HolyCandleTime EURNZD,M15: loaded successfully
2	17:14:38.207	Custom indicator USAIN-BOLT EURNZD,M15: loaded successfully
2	17:14:38.306	Custom indicator HolyCandleTime EURCHF,M15: loaded successfully
2	17:14:38.382	Custom indicator USAIN-BOLT EURCHF,M15: loaded successfully
2	17:14:38.479	Custom indicator HolyCandleTime GBPUSD,M15: loaded successfully
2	17:14:38.554	Custom indicator USAIN-BOLT GBPUSD,M15: loaded successfully
2	17:14:38.649	Custom indicator HolyCandleTime GBPAUD,M15: loaded successfully
2	17:14:38.723	Custom indicator USAIN-BOLT GBPAUD,M15: loaded successfully
2	17:14:38.827	Custom indicator HolyCandleTime GBPCAD,M15: loaded successfully
2	17:14:38.900	Custom indicator USAIN-BOLT GBPCAD,M15: loaded successfully
2	17:14:38.995	Custom indicator HolyCandleTime GBPJPY,M15: loaded successfully
2	17:14:39.080	Custom indicator USAIN-BOLT GBPJPY,M15: loaded successfully
2	17:14:39.175	Custom indicator HolyCandleTime GBPNZD,M15: loaded successfully
2	17:14:39.248	Custom indicator USAIN-BOLT GBPNZD,M15: loaded successfully
2	17:14:39.351	Custom indicator HolyCandleTime GBPCHF,M15: loaded successfully
2	17:14:39.423	Custom indicator USAIN-BOLT GBPCHF,M15: loaded successfully
2	17:14:39.514	Custom indicator HolyCandleTime NZDCAD,M15: loaded successfully
2	17:14:39.585	Custom indicator USAIN-BOLT NZDCAD,M15: loaded successfully
2	17:14:39.679	Custom indicator HolyCandleTime NZDJPY,M15: loaded successfully
2	17:14:39.776	Custom indicator USAIN-BOLT NZDJPY,M15: loaded successfully
2	17:14:39.889	Custom indicator HolyCandleTime NZDUSD,M15: loaded successfully
2	17:14:39.971	Custom indicator USAIN-BOLT NZDUSD,M15: loaded successfully
2	17:14:40.076	Custom indicator HolyCandleTime NZDCHF,M15: loaded successfully
2	17:14:40.155	Custom indicator USAIN-BOLT NZDCHF,M15: loaded successfully
2	17:14:40.261	Custom indicator HolyCandleTime USDJPY,M15: loaded successfully
2	17:14:40.334	Custom indicator USAIN-BOLT USDJPY,M15: loaded successfully
2	17:14:40.427	Custom indicator HolyCandleTime USDCAD,M15: loaded successfully
2	17:14:40.518	Custom indicator USAIN-BOLT USDCAD,M15: loaded successfully
2	17:14:40.631	Custom indicator HolyCandleTime USDCHF,M15: loaded successfully
2	17:14:40.711	Custom indicator USAIN-BOLT USDCHF,M15: loaded successfully
2	17:14:40.749	Custom indicator smart binary system AUDCAD,M1: loaded successfully
2	17:14:40.798	Custom indicator 1-2-3 Trading Signals Panel v1 AUDJPY,M30: loaded successfully
2	17:14:40.810	Custom indicator AGATA5_fix AUDJPY,M30: loaded successfully
2	17:14:42.250	Custom indicator Trend_Imperator_V2e BTCUSD,M5: loaded successfully
2	17:14:42.293	Library Trend_Imperator_V2 BTCUSD,M5: loaded successfully
2	17:14:42.396	Expert Hyper EA Pro 2.3 EURUSD,M15: loaded successfully
2	17:14:42.544	Custom indicator Trend_Imperator_V2e EURUSD,H1: loaded successfully
2	17:14:42.586	Library Trend_Imperator_V2 EURUSD,H1: loaded successfully
0	17:14:45.251	'23842653': login on AdmiralMarkets-Demo through Access Point #1 (ping: 257.40 ms)
0	17:14:49.700	'23842653': login datacenter on AdmiralMarkets-Demo through Access Point #1 (ping: 257.40 ms)
0	17:14:50.319	'23842653': previous successful authorization performed from 154.126.98.137
0	17:14:59.408	'23842653': ping to current access point Access Point #1 is 234.50 ms
2	17:15:00.775	Custom indicator HolyCandleTime AUDJPY,M5: removed
2	17:15:00.775	Custom indicator USAIN-BOLT AUDJPY,M5: removed
2	17:15:00.777	Custom indicator HolyCandleTime AUDNZD,M1: removed
2	17:15:00.778	Custom indicator USAIN-BOLT AUDNZD,M1: removed
2	17:15:00.779	Custom indicator HolyCandleTime AUDUSD,M15: removed
2	17:15:00.779	Custom indicator USAIN-BOLT AUDUSD,M15: removed
2	17:15:00.781	Custom indicator HolyCandleTime AUDCHF,M15: removed
2	17:15:00.781	Custom indicator USAIN-BOLT AUDCHF,M15: removed
2	17:15:00.783	Custom indicator HolyCandleTime CADJPY,M15: removed
2	17:15:00.783	Custom indicator USAIN-BOLT CADJPY,M15: removed
2	17:15:00.787	Custom indicator HolyCandleTime CADCHF,M15: removed
2	17:15:00.787	Custom indicator USAIN-BOLT CADCHF,M15: removed
2	17:15:00.790	Custom indicator HolyCandleTime CHFJPY,M15: removed
2	17:15:00.790	Custom indicator USAIN-BOLT CHFJPY,M15: removed
2	17:15:00.793	Custom indicator HolyCandleTime EURUSD,M15: removed
2	17:15:00.793	Custom indicator USAIN-BOLT EURUSD,M15: removed
2	17:15:00.796	Custom indicator HolyCandleTime EURAUD,M15: removed
2	17:15:00.796	Custom indicator USAIN-BOLT EURAUD,M15: removed
2	17:15:00.798	Custom indicator HolyCandleTime EURGBP,M15: removed
2	17:15:00.798	Custom indicator USAIN-BOLT EURGBP,M15: removed
2	17:15:00.800	Custom indicator HolyCandleTime EURCAD,M15: removed
2	17:15:00.800	Custom indicator USAIN-BOLT EURCAD,M15: removed
2	17:15:00.804	Custom indicator HolyCandleTime EURJPY,M15: removed
2	17:15:00.804	Custom indicator USAIN-BOLT EURJPY,M15: removed
2	17:15:00.806	Custom indicator HolyCandleTime EURNZD,M15: removed
2	17:15:00.806	Custom indicator USAIN-BOLT EURNZD,M15: removed
2	17:15:00.807	Custom indicator HolyCandleTime EURCHF,M15: removed
2	17:15:00.807	Custom indicator USAIN-BOLT EURCHF,M15: removed
2	17:15:00.808	Custom indicator HolyCandleTime GBPUSD,M15: removed
2	17:15:00.808	Custom indicator USAIN-BOLT GBPUSD,M15: removed
2	17:15:00.810	Custom indicator HolyCandleTime GBPAUD,M15: removed
2	17:15:00.810	Custom indicator USAIN-BOLT GBPAUD,M15: removed
2	17:15:00.811	Custom indicator HolyCandleTime GBPCAD,M15: removed
2	17:15:00.811	Custom indicator USAIN-BOLT GBPCAD,M15: removed
2	17:15:00.813	Custom indicator HolyCandleTime GBPJPY,M15: removed
2	17:15:00.813	Custom indicator USAIN-BOLT GBPJPY,M15: removed
2	17:15:00.814	Custom indicator HolyCandleTime GBPNZD,M15: removed
2	17:15:00.814	Custom indicator USAIN-BOLT GBPNZD,M15: removed
2	17:15:00.816	Custom indicator HolyCandleTime GBPCHF,M15: removed
2	17:15:00.816	Custom indicator USAIN-BOLT GBPCHF,M15: removed
2	17:15:00.817	Custom indicator HolyCandleTime NZDCAD,M15: removed
2	17:15:00.817	Custom indicator USAIN-BOLT NZDCAD,M15: removed
2	17:15:00.822	Custom indicator HolyCandleTime NZDJPY,M15: removed
2	17:15:00.822	Custom indicator USAIN-BOLT NZDJPY,M15: removed
2	17:15:00.823	Custom indicator HolyCandleTime NZDUSD,M15: removed
2	17:15:00.823	Custom indicator USAIN-BOLT NZDUSD,M15: removed
2	17:15:00.824	Custom indicator HolyCandleTime NZDCHF,M15: removed
2	17:15:00.825	Custom indicator USAIN-BOLT NZDCHF,M15: removed
2	17:15:00.826	Custom indicator HolyCandleTime USDJPY,M15: removed
2	17:15:00.826	Custom indicator USAIN-BOLT USDJPY,M15: removed
2	17:15:00.827	Custom indicator HolyCandleTime USDCAD,M15: removed
2	17:15:00.827	Custom indicator USAIN-BOLT USDCAD,M15: removed
2	17:15:00.828	Custom indicator HolyCandleTime USDCHF,M15: removed
2	17:15:00.828	Custom indicator USAIN-BOLT USDCHF,M15: removed
2	17:15:00.830	Custom indicator smart binary system AUDCAD,M1: removed
2	17:15:00.833	Custom indicator 1-2-3 Trading Signals Panel v1 AUDJPY,M30: removed
2	17:15:00.836	Custom indicator AGATA5_fix AUDJPY,M30: removed
2	17:15:00.839	Library Trend_Imperator_V2 BTCUSD,M5: removed
2	17:15:00.839	Custom indicator Trend_Imperator_V2e BTCUSD,M5: removed
2	17:15:00.840	Expert Hyper EA Pro 2.3 EURUSD,M15: removed
2	17:15:00.843	Library Trend_Imperator_V2 EURUSD,H1: removed
2	17:15:00.843	Custom indicator Trend_Imperator_V2e EURUSD,H1: removed
0	17:15:01.081	Admiral Markets build 1260 stopped
0	17:17:01.655	Admiral Markets build 1260 started (Admiral Markets Group AS)
0	17:17:01.655	Windows 10 Pro x64, IE 11, UAC, 8 x Intel Core i7-10510U  @ 1.80GHz, Memory: 1099 / 8014 Mb, Disk: 100 / 237 Gb, GMT+3
0	17:17:01.655	Data Folder: C:\Users\SRIE\AppData\Roaming\MetaQuotes\Terminal\51337600F56B69473E15EAFB8A7586B4
0	17:17:06.553	'23842653': login on AdmiralMarkets-Demo through Access Point #1 (ping: 234.50 ms)
0	17:17:09.279	'23842653': login datacenter on AdmiralMarkets-Demo through Access Point #1 (ping: 234.50 ms)
0	17:17:09.847	'23842653': previous successful authorization performed from 154.126.98.137
0	17:17:47.671	Admiral Markets build 1260 stopped
0	17:24:15.579	Admiral Markets build 1260 started (Admiral Markets Group AS)
0	17:24:15.579	Windows 10 Pro x64, IE 11, UAC, 8 x Intel Core i7-10510U  @ 1.80GHz, Memory: 1130 / 8014 Mb, Disk: 100 / 237 Gb, GMT+3
0	17:24:15.579	Data Folder: C:\Users\SRIE\AppData\Roaming\MetaQuotes\Terminal\51337600F56B69473E15EAFB8A7586B4
0	17:24:20.150	'23842653': login on AdmiralMarkets-Demo through Access Point #1 (ping: 234.50 ms)
0	17:24:23.926	'23842653': login datacenter on AdmiralMarkets-Demo through Access Point #1 (ping: 234.50 ms)
0	17:24:25.337	'23842653': previous successful authorization performed from 154.126.98.137
0	17:25:04.511	Admiral Markets build 1260 stopped
0	17:25:47.839	Admiral Markets build 1260 started (Admiral Markets Group AS)
0	17:25:47.839	Windows 10 Pro x64, IE 11, UAC, 8 x Intel Core i7-10510U  @ 1.80GHz, Memory: 1166 / 8014 Mb, Disk: 100 / 237 Gb, GMT+3
0	17:25:47.840	Data Folder: C:\Users\SRIE\AppData\Roaming\MetaQuotes\Terminal\51337600F56B69473E15EAFB8A7586B4
0	17:25:51.702	'23842653': login on AdmiralMarkets-Demo through Access Point #1 (ping: 234.50 ms)
0	17:25:54.668	'23842653': login datacenter on AdmiralMarkets-Demo through Access Point #1 (ping: 234.50 ms)
0	17:25:55.644	'23842653': previous successful authorization performed from 154.126.98.137
0	17:27:14.319	Admiral Markets build 1260 stopped
