0	05:01:55.612	'27143750': login on AdmiralMarkets-Live through Access Point #4 (ping: 199.72 ms)
0	05:02:02.388	'27143750': login datacenter on AdmiralMarkets-Live through Access Point #4 (ping: 199.72 ms)
0	05:02:04.396	'27143750': previous successful authorization performed from 197.149.28.65
0	05:02:24.126	'27143750': auto connecting to a better access point Access Point #5 (ping is 198.39 ms)
0	05:02:24.970	'27143750': login on AdmiralMarkets-Live through Access Point #5 (ping: 198.39 ms)
0	05:02:26.927	'27143750': login datacenter on AdmiralMarkets-Live through Access Point #5 (ping: 198.39 ms)
0	05:02:27.491	'27143750': previous successful authorization performed from 197.149.28.65
0	05:09:17.494	'27143750': modify order #76559946 buy 0.10 [DJI30] at 30402.25 sl: 30334.99 tp: 0.00 -> sl: 30399.86 tp: 0.00
0	05:09:17.796	'27143750': order #76559946 buy 0.10 [DJI30] at 30402.25 was modified -> sl: 30399.86 tp: 0.00
0	05:09:23.017	'27143750': modify order #76559946 buy 0.10 [DJI30] at 30402.25 sl: 30399.86 tp: 0.00 -> sl: 30410.75 tp: 0.00
0	05:09:23.329	'27143750': order #76559946 buy 0.10 [DJI30] at 30402.25 was modified -> sl: 30410.75 tp: 0.00
0	05:17:38.828	'27143750': modify order #76559946 buy 0.10 [DJI30] at 30402.25 sl: 30410.75 tp: 0.00 -> sl: 30482.54 tp: 0.00
0	05:17:39.518	'27143750': order #76559946 buy 0.10 [DJI30] at 30402.25 was modified -> sl: 30482.54 tp: 0.00
0	05:26:30.233	'27143750': modify order #76559946 buy 0.10 [DJI30] at 30402.25 sl: 30482.54 tp: 0.00 -> sl: 30511.72 tp: 0.00
0	05:26:30.548	'27143750': order #76559946 buy 0.10 [DJI30] at 30402.25 was modified -> sl: 30511.72 tp: 0.00
0	05:57:24.745	'27143750': modify order #76559946 buy 0.10 [DJI30] at 30402.25 sl: 30511.72 tp: 0.00 -> sl: 30528.41 tp: 0.00
0	05:57:27.247	'27143750': order #76559946 buy 0.10 [DJI30] at 30402.25 was modified -> sl: 30528.41 tp: 0.00
0	06:08:47.031	'27143750': modify order #76559946 buy 0.10 [DJI30] at 30402.25 sl: 30528.41 tp: 0.00 -> sl: 30539.60 tp: 0.00
0	06:08:47.334	'27143750': order #76559946 buy 0.10 [DJI30] at 30402.25 was modified -> sl: 30539.60 tp: 0.00
0	06:10:00.018	'27143750': order #76559946 buy 0.10 [DJI30] at 30402.25 closed due stop-loss at price 30539.21
0	06:37:57.669	'27143750': order buy market 0.10 [DJI30] sl: 0.00 tp: 0.00
0	06:37:58.276	'27143750': order was opened : #76567543 buy 0.10 [DJI30] at 30535.74 sl: 0.00 tp: 0.00
0	06:38:11.624	'27143750': modify order #76567543 buy 0.10 [DJI30] at 30535.74 sl: 0.00 tp: 0.00 -> sl: 30496.12 tp: 0.00
0	06:38:11.964	'27143750': order #76567543 buy 0.10 [DJI30] at 30535.74 was modified -> sl: 30496.12 tp: 0.00
0	07:44:14.613	'27143750': modify order #76567543 buy 0.10 [DJI30] at 30535.74 sl: 30496.12 tp: 0.00 -> sl: 30535.24 tp: 0.00
0	07:44:14.947	'27143750': order #76567543 buy 0.10 [DJI30] at 30535.74 was modified -> sl: 30535.24 tp: 0.00
0	07:44:17.743	'27143750': modify order #76567543 buy 0.10 [DJI30] at 30535.74 sl: 30535.24 tp: 0.00 -> sl: 30537.24 tp: 0.00
0	07:44:18.119	'27143750': order #76567543 buy 0.10 [DJI30] at 30535.74 was modified -> sl: 30537.24 tp: 0.00
0	08:49:55.732	'27143750': modify order #76567543 buy 0.10 [DJI30] at 30535.74 sl: 30537.24 tp: 0.00 -> sl: 30575.27 tp: 0.00
0	08:49:56.068	'27143750': order #76567543 buy 0.10 [DJI30] at 30535.74 was modified -> sl: 30575.27 tp: 0.00
0	08:51:04.916	'27143750': order #76567543 buy 0.10 [DJI30] at 30535.74 closed due stop-loss at price 30574.81
0	08:58:03.756	'27143750': delete pending order #76487424 buy limit 0.10 [DJI30] at 29830.00 sl: 29423.01 tp: 30600.00
0	08:58:04.136	'27143750': pending order #76487424 was deleted
0	11:32:27.286	'27143750': login on AdmiralMarkets-Live through Access Point #5 (ping: 198.39 ms)
0	11:32:30.162	'27143750': login datacenter on AdmiralMarkets-Live through Access Point #5 (ping: 198.39 ms)
0	11:32:31.288	'27143750': previous successful authorization performed from 154.126.12.190
0	11:32:54.802	'27143750': auto connecting to a better access point Access Point #9 (ping is 198.56 ms)
0	11:32:55.779	'27143750': login on AdmiralMarkets-Live through Access Point #9 (ping: 198.56 ms)
0	11:32:58.045	'27143750': login datacenter on AdmiralMarkets-Live through Access Point #9 (ping: 198.56 ms)
0	11:32:58.820	'27143750': previous successful authorization performed from 197.149.30.210
0	13:26:58.787	'27143750': login on AdmiralMarkets-Live through Access Point #9 (ping: 198.56 ms)
0	13:27:04.521	'27143750': login datacenter on AdmiralMarkets-Live through Access Point #9 (ping: 198.56 ms)
0	13:27:05.177	'27143750': previous successful authorization performed from 197.149.30.210
0	13:27:27.009	'27143750': ping to current access point Access Point #9 is 198.25 ms
1	16:23:52.287	'27143750': connect failed [Connection échouée]
0	16:23:58.085	'27143750': login on AdmiralMarkets-Live through Access Point #6 (ping: 215.56 ms)
0	16:23:59.941	'27143750': login datacenter on AdmiralMarkets-Live through Access Point #6 (ping: 215.56 ms)
0	16:24:00.569	'27143750': previous successful authorization performed from 197.149.30.210
0	16:24:22.646	'27143750': auto connecting to a better access point Access Point #5 (ping is 195.26 ms)
0	16:24:23.443	'27143750': login on AdmiralMarkets-Live through Access Point #5 (ping: 195.26 ms)
0	16:24:25.603	'27143750': login datacenter on AdmiralMarkets-Live through Access Point #5 (ping: 195.26 ms)
0	16:24:26.164	'27143750': previous successful authorization performed from 197.149.30.210
