0	18:07:37.188	Admiral Markets build 1280 started (Admiral Markets Group AS)
0	18:07:37.188	Windows 10 Pro x64, IE 11, UAC, 8 x Intel Core i7-10510U  @ 1.80GHz, Memory: 2785 / 8014 Mb, Disk: 2 / 237 Gb, GMT+3
0	18:07:37.188	Data Folder: C:\Users\SRIE\AppData\Roaming\MetaQuotes\Terminal\51337600F56B69473E15EAFB8A7586B4
2	18:07:42.873	Custom indicator AIMS Levels V2 [DAX30],M1: loaded successfully
2	18:07:42.972	Custom indicator AIMS Entry Alert V1 [DAX30],M1: loaded successfully
2	18:07:42.981	Custom indicator CandleTimer [DAX30],M1: loaded successfully
2	18:07:43.090	Custom indicator #Signal_Bars_v6 [DAX30],M1: loaded successfully
2	18:07:43.103	Custom indicator TrendEnvelopes_v1 [DAX30],M1: loaded successfully
2	18:07:43.114	Custom indicator guppy_multiple_moving_averages [DAX30],M1: loaded successfully
2	18:07:43.127	Custom indicator wedges [DAX30],M1: loaded successfully
2	18:07:43.142	Custom indicator Admiral Pivot [DAX30],M1: loaded successfully
2	18:07:43.155	Custom indicator AutoTrendChannel [DAX30],M1: loaded successfully
2	18:07:43.265	Custom indicator AIMS AO V.2.1 [DAX30],M1: loaded successfully
2	18:07:43.276	Custom indicator IVT_MACD_ZERO_LAG [DAX30],M1: loaded successfully
2	18:07:43.288	Custom indicator RSI Divergence Levels [DAX30],M1: loaded successfully
2	18:07:43.300	Custom indicator JoeChalhoub_FXForecasterV1 [DAX30],M1: loaded successfully
2	18:07:44.614	Custom indicator AIMS Levels V2 [DJI30],M15: loaded successfully
2	18:07:44.705	Custom indicator AIMS Entry Alert V1 [DJI30],M15: loaded successfully
2	18:07:44.713	Custom indicator CandleTimer [DJI30],M15: loaded successfully
2	18:07:44.800	Custom indicator #Signal_Bars_v6 [DJI30],M15: loaded successfully
2	18:07:44.810	Custom indicator TrendEnvelopes_v1 [DJI30],M15: loaded successfully
2	18:07:44.819	Custom indicator guppy_multiple_moving_averages [DJI30],M15: loaded successfully
2	18:07:44.830	Custom indicator wedges [DJI30],M15: loaded successfully
2	18:07:44.918	Custom indicator AIMS AO V.2.1 [DJI30],M15: loaded successfully
2	18:07:44.929	Custom indicator IVT_MACD_ZERO_LAG [DJI30],M15: loaded successfully
2	18:07:44.939	Custom indicator RSI Divergence Levels [DJI30],M15: loaded successfully
2	18:07:44.950	Custom indicator JoeChalhoub_FXForecasterV1 [DJI30],M15: loaded successfully
2	18:07:45.404	Custom indicator AIMS Levels V2 [DJI30],M1: loaded successfully
2	18:07:45.484	Custom indicator AIMS Entry Alert V1 [DJI30],M1: loaded successfully
2	18:07:45.490	Custom indicator CandleTimer [DJI30],M1: loaded successfully
2	18:07:45.572	Custom indicator #Signal_Bars_v6 [DJI30],M1: loaded successfully
2	18:07:45.582	Custom indicator TrendEnvelopes_v1 [DJI30],M1: loaded successfully
2	18:07:45.591	Custom indicator guppy_multiple_moving_averages [DJI30],M1: loaded successfully
2	18:07:45.600	Custom indicator wedges [DJI30],M1: loaded successfully
2	18:07:45.610	Custom indicator Admiral Pivot [DJI30],M1: loaded successfully
2	18:07:45.620	Custom indicator AutoTrendChannel [DJI30],M1: loaded successfully
2	18:07:45.703	Custom indicator AIMS AO V.2.1 [DJI30],M1: loaded successfully
2	18:07:45.712	Custom indicator IVT_MACD_ZERO_LAG [DJI30],M1: loaded successfully
2	18:07:45.722	Custom indicator RSI Divergence Levels [DJI30],M1: loaded successfully
2	18:07:45.733	Custom indicator JoeChalhoub_FXForecasterV1 [DJI30],M1: loaded successfully
2	18:07:46.991	Custom indicator AIMS Levels V2 [DAX30],M1: loaded successfully
2	18:07:47.075	Custom indicator AIMS Entry Alert V1 [DAX30],M1: loaded successfully
2	18:07:47.083	Custom indicator CandleTimer [DAX30],M1: loaded successfully
2	18:07:47.167	Custom indicator #Signal_Bars_v6 [DAX30],M1: loaded successfully
2	18:07:47.176	Custom indicator TrendEnvelopes_v1 [DAX30],M1: loaded successfully
2	18:07:47.184	Custom indicator guppy_multiple_moving_averages [DAX30],M1: loaded successfully
2	18:07:47.194	Custom indicator wedges [DAX30],M1: loaded successfully
2	18:07:47.276	Custom indicator AIMS AO V.2.1 [DAX30],M1: loaded successfully
2	18:07:47.286	Custom indicator IVT_MACD_ZERO_LAG [DAX30],M1: loaded successfully
2	18:07:47.296	Custom indicator RSI Divergence Levels [DAX30],M1: loaded successfully
2	18:07:47.307	Custom indicator JoeChalhoub_FXForecasterV1 [DAX30],M1: loaded successfully
2	18:07:48.466	Expert !!Sentinel PAT Scanner-v1.01 USDJPY,M15: loaded successfully
2	18:07:48.533	Custom indicator Arrow Trend Surfer GBPJPY,Daily: loaded successfully
2	18:07:48.547	Custom indicator FlexNewsIndicator GBPJPY,Daily: loaded successfully
2	18:07:49.986	Custom indicator AIMS Levels V2 GOLD,M5: loaded successfully
2	18:07:50.067	Custom indicator AIMS Entry Alert V1 GOLD,M5: loaded successfully
2	18:07:50.074	Custom indicator CandleTimer GOLD,M5: loaded successfully
2	18:07:50.152	Custom indicator #Signal_Bars_v6 GOLD,M5: loaded successfully
2	18:07:50.161	Custom indicator TrendEnvelopes_v1 GOLD,M5: loaded successfully
2	18:07:50.170	Custom indicator guppy_multiple_moving_averages GOLD,M5: loaded successfully
2	18:07:50.179	Custom indicator wedges GOLD,M5: loaded successfully
2	18:07:50.188	Custom indicator Admiral Pivot GOLD,M5: loaded successfully
2	18:07:50.196	Custom indicator AutoTrendChannel GOLD,M5: loaded successfully
2	18:07:50.277	Custom indicator AIMS AO V.2.1 GOLD,M5: loaded successfully
2	18:07:50.286	Custom indicator IVT_MACD_ZERO_LAG GOLD,M5: loaded successfully
2	18:07:50.295	Custom indicator RSI Divergence Levels GOLD,M5: loaded successfully
2	18:07:50.306	Custom indicator JoeChalhoub_FXForecasterV1 GOLD,M5: loaded successfully
2	18:07:51.117	Custom indicator AIMS Levels V2 [NQ100],M5: loaded successfully
2	18:07:51.205	Custom indicator AIMS Entry Alert V1 [NQ100],M5: loaded successfully
2	18:07:51.213	Custom indicator CandleTimer [NQ100],M5: loaded successfully
2	18:07:51.297	Custom indicator #Signal_Bars_v6 [NQ100],M5: loaded successfully
2	18:07:51.306	Custom indicator TrendEnvelopes_v1 [NQ100],M5: loaded successfully
2	18:07:51.316	Custom indicator guppy_multiple_moving_averages [NQ100],M5: loaded successfully
2	18:07:51.325	Custom indicator wedges [NQ100],M5: loaded successfully
2	18:07:51.335	Custom indicator Admiral Pivot [NQ100],M5: loaded successfully
2	18:07:51.344	Custom indicator AutoTrendChannel [NQ100],M5: loaded successfully
2	18:07:51.427	Custom indicator AIMS AO V.2.1 [NQ100],M5: loaded successfully
2	18:07:51.438	Custom indicator IVT_MACD_ZERO_LAG [NQ100],M5: loaded successfully
2	18:07:51.457	Custom indicator RSI Divergence Levels [NQ100],M5: loaded successfully
2	18:07:51.476	Custom indicator JoeChalhoub_FXForecasterV1 [NQ100],M5: loaded successfully
2	18:07:52.400	Custom indicator AIMS Levels V2 USDCHF,M5: loaded successfully
2	18:07:52.486	Custom indicator AIMS Entry Alert V1 USDCHF,M5: loaded successfully
2	18:07:52.494	Custom indicator CandleTimer USDCHF,M5: loaded successfully
2	18:07:52.583	Custom indicator #Signal_Bars_v6 USDCHF,M5: loaded successfully
2	18:07:52.592	Custom indicator TrendEnvelopes_v1 USDCHF,M5: loaded successfully
2	18:07:52.601	Custom indicator guppy_multiple_moving_averages USDCHF,M5: loaded successfully
2	18:07:52.611	Custom indicator wedges USDCHF,M5: loaded successfully
2	18:07:52.622	Custom indicator Admiral Pivot USDCHF,M5: loaded successfully
2	18:07:52.634	Custom indicator AutoTrendChannel USDCHF,M5: loaded successfully
2	18:07:52.720	Custom indicator AIMS AO V.2.1 USDCHF,M5: loaded successfully
2	18:07:52.730	Custom indicator IVT_MACD_ZERO_LAG USDCHF,M5: loaded successfully
2	18:07:52.740	Custom indicator RSI Divergence Levels USDCHF,M5: loaded successfully
2	18:07:52.751	Custom indicator JoeChalhoub_FXForecasterV1 USDCHF,M5: loaded successfully
2	18:07:53.640	Custom indicator AIMS Levels V2 EURUSD,Daily: loaded successfully
2	18:07:53.733	Custom indicator AIMS Entry Alert V1 EURUSD,Daily: loaded successfully
2	18:07:53.741	Custom indicator CandleTimer EURUSD,Daily: loaded successfully
2	18:07:53.839	Custom indicator #Signal_Bars_v6 EURUSD,Daily: loaded successfully
2	18:07:53.850	Custom indicator TrendEnvelopes_v1 EURUSD,Daily: loaded successfully
2	18:07:53.860	Custom indicator guppy_multiple_moving_averages EURUSD,Daily: loaded successfully
2	18:07:53.872	Custom indicator wedges EURUSD,Daily: loaded successfully
2	18:07:53.887	Custom indicator Admiral Pivot EURUSD,Daily: loaded successfully
2	18:07:53.898	Custom indicator AutoTrendChannel EURUSD,Daily: loaded successfully
2	18:07:53.994	Custom indicator AIMS AO V.2.1 EURUSD,Daily: loaded successfully
2	18:07:54.005	Custom indicator IVT_MACD_ZERO_LAG EURUSD,Daily: loaded successfully
2	18:07:54.017	Custom indicator RSI Divergence Levels EURUSD,Daily: loaded successfully
2	18:07:54.028	Custom indicator JoeChalhoub_FXForecasterV1 EURUSD,Daily: loaded successfully
2	18:07:54.048	Expert Admiral - Mini Terminal EURUSD,Daily: loaded successfully
2	18:07:54.439	Custom indicator AIMS Levels V2 EURCAD,H1: loaded successfully
2	18:07:54.534	Custom indicator AIMS Entry Alert V1 EURCAD,H1: loaded successfully
2	18:07:54.542	Custom indicator CandleTimer EURCAD,H1: loaded successfully
2	18:07:54.643	Custom indicator #Signal_Bars_v6 EURCAD,H1: loaded successfully
2	18:07:54.653	Custom indicator TrendEnvelopes_v1 EURCAD,H1: loaded successfully
2	18:07:54.662	Custom indicator guppy_multiple_moving_averages EURCAD,H1: loaded successfully
2	18:07:54.673	Custom indicator wedges EURCAD,H1: loaded successfully
2	18:07:54.684	Custom indicator Admiral Pivot EURCAD,H1: loaded successfully
2	18:07:54.694	Custom indicator AutoTrendChannel EURCAD,H1: loaded successfully
2	18:07:54.789	Custom indicator AIMS AO V.2.1 EURCAD,H1: loaded successfully
2	18:07:54.800	Custom indicator IVT_MACD_ZERO_LAG EURCAD,H1: loaded successfully
2	18:07:54.811	Custom indicator RSI Divergence Levels EURCAD,H1: loaded successfully
2	18:07:54.823	Custom indicator JoeChalhoub_FXForecasterV1 EURCAD,H1: loaded successfully
0	18:07:56.674	'27131809': login on AdmiralMarkets-Live through Access Point #6 (ping: 213.27 ms)
0	18:07:59.583	'27131809': login datacenter on AdmiralMarkets-Live through Access Point #6 (ping: 213.27 ms)
0	18:08:00.704	'27131809': previous successful authorization performed from 197.149.31.158
0	18:08:41.582	'27131809': ping to current access point Access Point #6 is 216.84 ms
2	18:10:10.670	Custom indicator AIMS Levels V2 CADJPY,H1: loaded successfully
2	18:10:10.770	Custom indicator AIMS Entry Alert V1 CADJPY,H1: loaded successfully
2	18:10:10.780	Custom indicator CandleTimer CADJPY,H1: loaded successfully
2	18:10:10.878	Custom indicator #Signal_Bars_v6 CADJPY,H1: loaded successfully
2	18:10:10.889	Custom indicator TrendEnvelopes_v1 CADJPY,H1: loaded successfully
2	18:10:10.899	Custom indicator guppy_multiple_moving_averages CADJPY,H1: loaded successfully
2	18:10:10.910	Custom indicator wedges CADJPY,H1: loaded successfully
2	18:10:10.922	Custom indicator Admiral Pivot CADJPY,H1: loaded successfully
2	18:10:10.932	Custom indicator AutoTrendChannel CADJPY,H1: loaded successfully
2	18:10:11.027	Custom indicator AIMS AO V.2.1 CADJPY,H1: loaded successfully
2	18:10:11.041	Custom indicator IVT_MACD_ZERO_LAG CADJPY,H1: loaded successfully
2	18:10:11.055	Custom indicator RSI Divergence Levels CADJPY,H1: loaded successfully
2	18:10:11.075	Custom indicator JoeChalhoub_FXForecasterV1 CADJPY,H1: loaded successfully
2	18:11:13.232	Custom indicator AIMS Levels V2 USDCAD,H1: loaded successfully
2	18:11:13.326	Custom indicator AIMS Entry Alert V1 USDCAD,H1: loaded successfully
2	18:11:13.335	Custom indicator CandleTimer USDCAD,H1: loaded successfully
2	18:11:13.437	Custom indicator #Signal_Bars_v6 USDCAD,H1: loaded successfully
2	18:11:13.448	Custom indicator TrendEnvelopes_v1 USDCAD,H1: loaded successfully
2	18:11:13.458	Custom indicator guppy_multiple_moving_averages USDCAD,H1: loaded successfully
2	18:11:13.472	Custom indicator wedges USDCAD,H1: loaded successfully
2	18:11:13.484	Custom indicator Admiral Pivot USDCAD,H1: loaded successfully
2	18:11:13.496	Custom indicator AutoTrendChannel USDCAD,H1: loaded successfully
2	18:11:13.602	Custom indicator AIMS AO V.2.1 USDCAD,H1: loaded successfully
2	18:11:13.614	Custom indicator IVT_MACD_ZERO_LAG USDCAD,H1: loaded successfully
2	18:11:13.628	Custom indicator RSI Divergence Levels USDCAD,H1: loaded successfully
2	18:11:13.647	Custom indicator JoeChalhoub_FXForecasterV1 USDCAD,H1: loaded successfully
2	18:13:02.104	Custom indicator AIMS Levels V2 CHFJPY,H1: loaded successfully
2	18:13:02.203	Custom indicator AIMS Entry Alert V1 CHFJPY,H1: loaded successfully
2	18:13:02.211	Custom indicator CandleTimer CHFJPY,H1: loaded successfully
2	18:13:02.305	Custom indicator #Signal_Bars_v6 CHFJPY,H1: loaded successfully
2	18:13:02.315	Custom indicator TrendEnvelopes_v1 CHFJPY,H1: loaded successfully
2	18:13:02.327	Custom indicator guppy_multiple_moving_averages CHFJPY,H1: loaded successfully
2	18:13:02.338	Custom indicator wedges CHFJPY,H1: loaded successfully
2	18:13:02.348	Custom indicator Admiral Pivot CHFJPY,H1: loaded successfully
2	18:13:02.359	Custom indicator AutoTrendChannel CHFJPY,H1: loaded successfully
2	18:13:02.452	Custom indicator AIMS AO V.2.1 CHFJPY,H1: loaded successfully
2	18:13:02.463	Custom indicator IVT_MACD_ZERO_LAG CHFJPY,H1: loaded successfully
2	18:13:02.474	Custom indicator RSI Divergence Levels CHFJPY,H1: loaded successfully
2	18:13:02.491	Custom indicator JoeChalhoub_FXForecasterV1 CHFJPY,H1: loaded successfully
0	18:15:13.362	Notifications: 'Classical RSI bullish divergence on:  USDCAD' sent to 'A37163A9'
2	18:17:47.511	Custom indicator AIMS Levels V2 USDJPY,H1: loaded successfully
2	18:17:47.577	Custom indicator AIMS Entry Alert V1 USDJPY,H1: loaded successfully
2	18:17:47.583	Custom indicator CandleTimer USDJPY,H1: loaded successfully
2	18:17:47.646	Custom indicator #Signal_Bars_v6 USDJPY,H1: loaded successfully
2	18:17:47.654	Custom indicator TrendEnvelopes_v1 USDJPY,H1: loaded successfully
2	18:17:47.661	Custom indicator guppy_multiple_moving_averages USDJPY,H1: loaded successfully
2	18:17:47.668	Custom indicator wedges USDJPY,H1: loaded successfully
2	18:17:47.675	Custom indicator Admiral Pivot USDJPY,H1: loaded successfully
2	18:17:47.682	Custom indicator AutoTrendChannel USDJPY,H1: loaded successfully
2	18:17:47.745	Custom indicator AIMS AO V.2.1 USDJPY,H1: loaded successfully
2	18:17:47.753	Custom indicator IVT_MACD_ZERO_LAG USDJPY,H1: loaded successfully
2	18:17:47.760	Custom indicator RSI Divergence Levels USDJPY,H1: loaded successfully
2	18:17:47.772	Custom indicator JoeChalhoub_FXForecasterV1 USDJPY,H1: loaded successfully
2	18:26:41.193	Custom indicator AIMS Levels V2 GBPUSD,H1: loaded successfully
2	18:26:41.255	Custom indicator AIMS Entry Alert V1 GBPUSD,H1: loaded successfully
2	18:26:41.261	Custom indicator CandleTimer GBPUSD,H1: loaded successfully
2	18:26:41.322	Custom indicator #Signal_Bars_v6 GBPUSD,H1: loaded successfully
2	18:26:41.329	Custom indicator TrendEnvelopes_v1 GBPUSD,H1: loaded successfully
2	18:26:41.336	Custom indicator guppy_multiple_moving_averages GBPUSD,H1: loaded successfully
2	18:26:41.343	Custom indicator wedges GBPUSD,H1: loaded successfully
2	18:26:41.350	Custom indicator Admiral Pivot GBPUSD,H1: loaded successfully
2	18:26:41.357	Custom indicator AutoTrendChannel GBPUSD,H1: loaded successfully
2	18:26:41.418	Custom indicator AIMS AO V.2.1 GBPUSD,H1: loaded successfully
2	18:26:41.426	Custom indicator IVT_MACD_ZERO_LAG GBPUSD,H1: loaded successfully
2	18:26:41.433	Custom indicator RSI Divergence Levels GBPUSD,H1: loaded successfully
2	18:26:41.444	Custom indicator JoeChalhoub_FXForecasterV1 GBPUSD,H1: loaded successfully
0	18:27:28.737	'27131809': order sell market 0.05 GBPUSD sl: 0.00000 tp: 0.00000
0	18:27:29.175	'27131809': order was opened : #72940934 sell 0.05 GBPUSD at 1.29871 sl: 0.00000 tp: 0.00000
0	18:27:30.038	Notifications: 'order opened #72940934 sell 0.05 GBPUSD at 1.29871' sent to 'A37163A9'
0	18:27:49.411	'27131809': modify order #72940934 sell 0.05 GBPUSD at 1.29871 sl: 0.00000 tp: 0.00000 -> sl: 1.30500 tp: 1.28500
0	18:27:49.699	'27131809': order #72940934 sell 0.05 GBPUSD at 1.29871 was modified -> sl: 1.30500 tp: 1.28500
0	18:27:50.636	Notifications: 'order #72940934 sell 0.05 GBPUSD at 1.29871 modified: sl: 0.00000 tp: 0.00000 -> sl: 1.30500 tp: 1.28500' sent to 'A37163A9'
2	18:28:39.630	Custom indicator AIMS Levels V2 GBPJPY,H1: loaded successfully
2	18:28:39.695	Custom indicator AIMS Entry Alert V1 GBPJPY,H1: loaded successfully
2	18:28:39.701	Custom indicator CandleTimer GBPJPY,H1: loaded successfully
2	18:28:39.765	Custom indicator #Signal_Bars_v6 GBPJPY,H1: loaded successfully
2	18:28:39.772	Custom indicator TrendEnvelopes_v1 GBPJPY,H1: loaded successfully
2	18:28:39.779	Custom indicator guppy_multiple_moving_averages GBPJPY,H1: loaded successfully
2	18:28:39.786	Custom indicator wedges GBPJPY,H1: loaded successfully
2	18:28:39.793	Custom indicator Admiral Pivot GBPJPY,H1: loaded successfully
2	18:28:39.800	Custom indicator AutoTrendChannel GBPJPY,H1: loaded successfully
2	18:28:39.865	Custom indicator AIMS AO V.2.1 GBPJPY,H1: loaded successfully
2	18:28:39.873	Custom indicator IVT_MACD_ZERO_LAG GBPJPY,H1: loaded successfully
2	18:28:39.880	Custom indicator RSI Divergence Levels GBPJPY,H1: loaded successfully
2	18:28:39.892	Custom indicator JoeChalhoub_FXForecasterV1 GBPJPY,H1: loaded successfully
0	18:29:22.320	'27131809': order sell market 0.05 GBPJPY sl: 0.000 tp: 0.000
0	18:29:22.757	'27131809': order was opened : #72941023 sell 0.05 GBPJPY at 136.956 sl: 0.000 tp: 0.000
0	18:29:23.726	Notifications: 'order opened #72941023 sell 0.05 GBPJPY at 136.956' sent to 'A37163A9'
0	18:29:54.202	'27131809': modify order #72941023 sell 0.05 GBPJPY at 136.956 sl: 0.000 tp: 0.000 -> sl: 137.130 tp: 136.005
0	18:29:54.487	'27131809': order #72941023 sell 0.05 GBPJPY at 136.956 was modified -> sl: 137.130 tp: 136.005
0	18:29:55.364	Notifications: 'order #72941023 sell 0.05 GBPJPY at 136.956 modified: sl: 0.000 tp: 0.000 -> sl: 137.130 tp: 136.005' sent to 'A37163A9'
0	18:29:58.444	Notifications: 'Classical RSI bullish divergence on:  [NQ100]' sent to 'A37163A9'
0	18:41:15.738	'27131809': modify order #72940934 sell 0.05 GBPUSD at 1.29871 sl: 1.30500 tp: 1.28500 -> sl: 1.30239 tp: 1.28500
0	18:41:16.059	'27131809': order #72940934 sell 0.05 GBPUSD at 1.29871 was modified -> sl: 1.30239 tp: 1.28500
0	18:41:17.944	Notifications: 'order #72940934 sell 0.05 GBPUSD at 1.29871 modified: sl: 1.30500 tp: 1.28500 -> sl: 1.30239 tp: 1.28500' sent to 'A37163A9'
0	18:44:58.591	Notifications: 'Classical RSI bullish divergence on:  [DJI30]' sent to 'A37163A9'
0	19:09:06.054	'27131809': order buy market 0.30 [DAX30] sl: 0.00 tp: 0.00
0	19:09:07.136	'27131809': order was opened : #72943686 buy 0.30 [DAX30] at 12867.57 sl: 0.00 tp: 0.00
0	19:09:08.077	Notifications: 'order opened #72943686 buy 0.30 [DAX30] at 12867.57' sent to 'A37163A9'
0	19:09:31.239	'27131809': modify order #72943686 buy 0.30 [DAX30] at 12867.57 sl: 0.00 tp: 0.00 -> sl: 12855.95 tp: 0.00
0	19:09:31.551	'27131809': order #72943686 buy 0.30 [DAX30] at 12867.57 was modified -> sl: 12855.95 tp: 0.00
0	19:09:32.448	Notifications: 'order #72943686 buy 0.30 [DAX30] at 12867.57 modified: sl: 0.00 tp: 0.00 -> sl: 12855.95 tp: 0.00' sent to 'A37163A9'
0	19:13:18.792	'27131809': order #72943686 buy 0.30 [DAX30] at 12867.57 closed due stop-loss at price 12854.25
0	19:13:23.940	Notifications: 'order #72943686 buy 0.30 [DAX30] at 12867.57 closed due stop-loss at price 12854.25, profit: -4.71 USD' sent to 'A37163A9'
0	19:14:59.025	Notifications: 'Classical RSI bullish divergence on:  USDCAD' sent to 'A37163A9'
0	19:22:06.713	'27131809': order sell market 0.50 [DAX30] sl: 0.00 tp: 0.00
0	19:22:07.279	'27131809': order was opened : #72944840 sell 0.50 [DAX30] at 12847.73 sl: 0.00 tp: 0.00
0	19:22:08.270	Notifications: 'order opened #72944840 sell 0.50 [DAX30] at 12847.73' sent to 'A37163A9'
0	19:22:13.975	'27131809': modify order #72944840 sell 0.50 [DAX30] at 12847.73 sl: 0.00 tp: 0.00 -> sl: 12854.14 tp: 0.00
0	19:22:14.249	'27131809': order #72944840 sell 0.50 [DAX30] at 12847.73 was modified -> sl: 12854.14 tp: 0.00
0	19:22:15.253	Notifications: 'order #72944840 sell 0.50 [DAX30] at 12847.73 modified: sl: 0.00 tp: 0.00 -> sl: 12854.14 tp: 0.00' sent to 'A37163A9'
0	19:22:28.656	'27131809': modify order #72944840 sell 0.50 [DAX30] at 12847.73 sl: 12854.14 tp: 0.00 -> sl: 12847.54 tp: 0.00
0	19:22:28.956	'27131809': order #72944840 sell 0.50 [DAX30] at 12847.73 was modified -> sl: 12847.54 tp: 0.00
0	19:22:30.032	Notifications: 'order #72944840 sell 0.50 [DAX30] at 12847.73 modified: sl: 12854.14 tp: 0.00 -> sl: 12847.54 tp: 0.00' sent to 'A37163A9'
0	19:23:02.749	'27131809': order #72944840 sell 0.50 [DAX30] at 12847.73 closed due stop-loss at price 12848.28
0	19:23:03.649	Notifications: 'order #72944840 sell 0.50 [DAX30] at 12847.73 closed due stop-loss at price 12848.28, profit: -0.32 USD' sent to 'A37163A9'
0	19:26:04.888	'27131809': order sell market 0.50 [DAX30] sl: 0.00 tp: 0.00
0	19:26:06.246	'27131809': order was opened : #72945175 sell 0.50 [DAX30] at 12848.24 sl: 0.00 tp: 0.00
0	19:26:09.537	Notifications: 'order opened #72945175 sell 0.50 [DAX30] at 12848.24' sent to 'A37163A9'
0	19:26:12.725	'27131809': modify order #72945175 sell 0.50 [DAX30] at 12848.24 sl: 0.00 tp: 0.00 -> sl: 12854.14 tp: 0.00
0	19:26:13.017	'27131809': order #72945175 sell 0.50 [DAX30] at 12848.24 was modified -> sl: 12854.14 tp: 0.00
0	19:26:14.111	Notifications: 'order #72945175 sell 0.50 [DAX30] at 12848.24 modified: sl: 0.00 tp: 0.00 -> sl: 12854.14 tp: 0.00' sent to 'A37163A9'
0	19:29:59.668	'27131809': modify order #72945175 sell 0.50 [DAX30] at 12848.24 sl: 12854.14 tp: 0.00 -> sl: 12848.44 tp: 0.00
0	19:29:59.951	'27131809': order #72945175 sell 0.50 [DAX30] at 12848.24 was modified -> sl: 12848.44 tp: 0.00
0	19:30:01.057	Notifications: 'order #72945175 sell 0.50 [DAX30] at 12848.24 modified: sl: 12854.14 tp: 0.00 -> sl: 12848.44 tp: 0.00' sent to 'A37163A9'
0	19:30:01.172	'27131809': order #72945175 sell 0.50 [DAX30] at 12848.24 closed due stop-loss at price 12848.55
0	19:30:02.637	Notifications: 'order #72945175 sell 0.50 [DAX30] at 12848.24 closed due stop-loss at price 12848.55, profit: -0.18 USD' sent to 'A37163A9'
0	20:43:14.653	Notifications: 'Classical RSI bullish divergence on:  [DAX30]' sent to 'A37163A9'
0	20:55:02.861	Notifications: 'Classical RSI bullish divergence on:  [NQ100]' sent to 'A37163A9'
0	20:55:06.456	Notifications: 'Classical RSI bullish divergence on:  [DAX30]' sent to 'A37163A9'
0	21:03:01.463	Notifications: 'Classical RSI bullish divergence on:  [DAX30]' sent to 'A37163A9'
0	21:08:54.248	'27131809': modify order #72941023 sell 0.05 GBPJPY at 136.956 sl: 137.130 tp: 136.005 -> sl: 136.917 tp: 136.005
0	21:08:54.544	'27131809': order #72941023 sell 0.05 GBPJPY at 136.956 was modified -> sl: 136.917 tp: 136.005
0	21:08:55.409	Notifications: 'order #72941023 sell 0.05 GBPJPY at 136.956 modified: sl: 137.130 tp: 136.005 -> sl: 136.917 tp: 136.005' sent to 'A37163A9'
0	21:09:13.145	'27131809': modify order #72940934 sell 0.05 GBPUSD at 1.29871 sl: 1.30239 tp: 1.28500 -> sl: 1.29832 tp: 1.28500
0	21:09:13.466	'27131809': order #72940934 sell 0.05 GBPUSD at 1.29871 was modified -> sl: 1.29832 tp: 1.28500
0	21:09:15.997	Notifications: 'order #72940934 sell 0.05 GBPUSD at 1.29871 modified: sl: 1.30239 tp: 1.28500 -> sl: 1.29832 tp: 1.28500' sent to 'A37163A9'
0	21:12:23.368	'27131809': modify order #72940934 sell 0.05 GBPUSD at 1.29871 sl: 1.29832 tp: 1.28500 -> sl: 1.29815 tp: 1.28500
0	21:12:23.666	'27131809': order #72940934 sell 0.05 GBPUSD at 1.29871 was modified -> sl: 1.29815 tp: 1.28500
0	21:12:24.624	Notifications: 'order #72940934 sell 0.05 GBPUSD at 1.29871 modified: sl: 1.29832 tp: 1.28500 -> sl: 1.29815 tp: 1.28500' sent to 'A37163A9'
0	21:12:40.975	'27131809': modify order #72941023 sell 0.05 GBPJPY at 136.956 sl: 136.917 tp: 136.005 -> sl: 136.861 tp: 136.005
0	21:12:41.317	'27131809': order #72941023 sell 0.05 GBPJPY at 136.956 was modified -> sl: 136.861 tp: 136.005
0	21:12:44.177	Notifications: 'order #72941023 sell 0.05 GBPJPY at 136.956 modified: sl: 136.917 tp: 136.005 -> sl: 136.861 tp: 136.005' sent to 'A37163A9'
0	21:12:50.697	'27131809': modify order #72941023 sell 0.05 GBPJPY at 136.956 sl: 136.861 tp: 136.005 -> sl: 136.898 tp: 136.005
0	21:12:50.989	'27131809': order #72941023 sell 0.05 GBPJPY at 136.956 was modified -> sl: 136.898 tp: 136.005
0	21:12:51.980	Notifications: 'order #72941023 sell 0.05 GBPJPY at 136.956 modified: sl: 136.861 tp: 136.005 -> sl: 136.898 tp: 136.005' sent to 'A37163A9'
2	21:41:15.897	Custom indicator AIMS Levels V2 GBPCHF,Daily: loaded successfully
2	21:41:15.962	Custom indicator AIMS Entry Alert V1 GBPCHF,Daily: loaded successfully
2	21:41:15.970	Custom indicator CandleTimer GBPCHF,Daily: loaded successfully
2	21:41:16.036	Custom indicator #Signal_Bars_v6 GBPCHF,Daily: loaded successfully
2	21:41:16.046	Custom indicator TrendEnvelopes_v1 GBPCHF,Daily: loaded successfully
2	21:41:16.054	Custom indicator guppy_multiple_moving_averages GBPCHF,Daily: loaded successfully
2	21:41:16.063	Custom indicator wedges GBPCHF,Daily: loaded successfully
2	21:41:16.072	Custom indicator Admiral Pivot GBPCHF,Daily: loaded successfully
2	21:41:16.079	Custom indicator AutoTrendChannel GBPCHF,Daily: loaded successfully
2	21:41:16.143	Custom indicator AIMS AO V.2.1 GBPCHF,Daily: loaded successfully
2	21:41:16.151	Custom indicator IVT_MACD_ZERO_LAG GBPCHF,Daily: loaded successfully
2	21:41:16.161	Custom indicator RSI Divergence Levels GBPCHF,Daily: loaded successfully
2	21:41:16.174	Custom indicator JoeChalhoub_FXForecasterV1 GBPCHF,Daily: loaded successfully
0	21:44:00.769	Notifications: 'Classical RSI bullish divergence on:  [NQ100]' sent to 'A37163A9'
0	21:49:58.180	Notifications: 'Classical RSI bullish divergence on:  [NQ100]' sent to 'A37163A9'
0	21:50:34.841	'27131809': modify order #72940934 sell 0.05 GBPUSD at 1.29871 sl: 1.29815 tp: 1.28500 -> sl: 1.29701 tp: 1.28500
0	21:50:35.129	'27131809': order #72940934 sell 0.05 GBPUSD at 1.29871 was modified -> sl: 1.29701 tp: 1.28500
0	21:50:36.735	Notifications: 'order #72940934 sell 0.05 GBPUSD at 1.29871 modified: sl: 1.29815 tp: 1.28500 -> sl: 1.29701 tp: 1.28500' sent to 'A37163A9'
0	21:50:57.109	'27131809': close order #72941023 sell 0.05 GBPJPY at 136.956 sl: 136.898 tp: 136.005 at price 0.000
0	21:50:57.539	'27131809': order #72941023 sell 0.05 GBPJPY at 136.956 sl: 136.898 tp: 136.005 closed at price 136.574
0	21:50:58.377	'27131809': close order #72940934 sell 0.05 GBPUSD at 1.29871 sl: 1.29701 tp: 1.28500 at price 0.00000
0	21:50:58.670	Notifications: 'order #72941023 sell 0.05 GBPJPY at 136.956 closed at price 136.574, profit: 18.12 USD' sent to 'A37163A9'
0	21:50:59.305	'27131809': order #72940934 sell 0.05 GBPUSD at 1.29871 sl: 1.29701 tp: 1.28500 closed at price 1.29504
0	21:51:00.272	Notifications: 'order #72940934 sell 0.05 GBPUSD at 1.29871 closed at price 1.29504, profit: 18.35 USD' sent to 'A37163A9'
2	21:51:26.378	Custom indicator AIMS Levels V2 GBPCAD,H1: loaded successfully
2	21:51:26.444	Custom indicator AIMS Entry Alert V1 GBPCAD,H1: loaded successfully
2	21:51:26.451	Custom indicator CandleTimer GBPCAD,H1: loaded successfully
2	21:51:26.515	Custom indicator #Signal_Bars_v6 GBPCAD,H1: loaded successfully
2	21:51:26.523	Custom indicator TrendEnvelopes_v1 GBPCAD,H1: loaded successfully
2	21:51:26.530	Custom indicator guppy_multiple_moving_averages GBPCAD,H1: loaded successfully
2	21:51:26.538	Custom indicator wedges GBPCAD,H1: loaded successfully
2	21:51:26.546	Custom indicator Admiral Pivot GBPCAD,H1: loaded successfully
2	21:51:26.553	Custom indicator AutoTrendChannel GBPCAD,H1: loaded successfully
2	21:51:26.617	Custom indicator AIMS AO V.2.1 GBPCAD,H1: loaded successfully
2	21:51:26.625	Custom indicator IVT_MACD_ZERO_LAG GBPCAD,H1: loaded successfully
2	21:51:26.634	Custom indicator RSI Divergence Levels GBPCAD,H1: loaded successfully
2	21:51:26.647	Custom indicator JoeChalhoub_FXForecasterV1 GBPCAD,H1: loaded successfully
0	21:53:09.721	'27131809': order sell market 0.30 [NQ100] sl: 0.00 tp: 0.00
0	21:53:10.444	'27131809': order was opened : #72956031 sell 0.30 [NQ100] at 11686.47 sl: 0.00 tp: 0.00
0	21:53:14.584	Notifications: 'order opened #72956031 sell 0.30 [NQ100] at 11686.47' sent to 'A37163A9'
0	21:53:46.571	'27131809': modify order #72956031 sell 0.30 [NQ100] at 11686.47 sl: 0.00 tp: 0.00 -> sl: 11790.00 tp: 11480.00
0	21:53:46.888	'27131809': order #72956031 sell 0.30 [NQ100] at 11686.47 was modified -> sl: 11790.00 tp: 11480.00
0	21:53:49.669	Notifications: 'order #72956031 sell 0.30 [NQ100] at 11686.47 modified: sl: 0.00 tp: 0.00 -> sl: 11790.00 tp: 11480.00' sent to 'A37163A9'
0	21:54:09.796	'27131809': modify order #72956031 sell 0.30 [NQ100] at 11686.47 sl: 11790.00 tp: 11480.00 -> sl: 11684.74 tp: 11480.00
0	21:54:10.490	'27131809': order #72956031 sell 0.30 [NQ100] at 11686.47 was modified -> sl: 11684.74 tp: 11480.00
0	21:54:11.748	Notifications: 'order #72956031 sell 0.30 [NQ100] at 11686.47 modified: sl: 11790.00 tp: 11480.00 -> sl: 11684.74 tp: 11480.00' sent to 'A37163A9'
0	21:54:36.758	'27131809': order #72956031 sell 0.30 [NQ100] at 11686.47 closed due stop-loss at price 11684.98
0	21:54:38.745	Notifications: 'order #72956031 sell 0.30 [NQ100] at 11686.47 closed due stop-loss at price 11684.98, profit: 0.45 USD' sent to 'A37163A9'
0	21:54:59.319	Notifications: 'Classical RSI bullish divergence on:  [NQ100]' sent to 'A37163A9'
0	21:58:27.872	'27131809': order sell market 0.30 [DJI30] sl: 0.00 tp: 0.00
0	21:58:28.349	'27131809': order was opened : #72956481 sell 0.30 [DJI30] at 28251.03 sl: 0.00 tp: 0.00
0	21:58:29.290	Notifications: 'order opened #72956481 sell 0.30 [DJI30] at 28251.03' sent to 'A37163A9'
0	21:58:37.801	'27131809': close order #72956481 sell 0.30 [DJI30] at 28251.03 sl: 0.00 tp: 0.00 at price 0.00
0	21:58:38.356	'27131809': order #72956481 sell 0.30 [DJI30] at 28251.03 sl: 0.00 tp: 0.00 closed at price 28237.12
0	21:58:40.819	Notifications: 'order #72956481 sell 0.30 [DJI30] at 28251.03 closed at price 28237.12, profit: 4.17 USD' sent to 'A37163A9'
0	21:59:17.120	'27131809': order sell market 0.30 [DJI30] sl: 0.00 tp: 0.00
0	21:59:17.786	'27131809': order was opened : #72956610 sell 0.30 [DJI30] at 28219.81 sl: 0.00 tp: 0.00
0	21:59:21.041	Notifications: 'order opened #72956610 sell 0.30 [DJI30] at 28219.81' sent to 'A37163A9'
0	21:59:27.725	'27131809': modify order #72956610 sell 0.30 [DJI30] at 28219.81 sl: 0.00 tp: 0.00 -> sl: 28242.30 tp: 0.00
0	21:59:28.691	'27131809': order #72956610 sell 0.30 [DJI30] at 28219.81 was modified -> sl: 28242.30 tp: 0.00
0	21:59:31.996	Notifications: 'order #72956610 sell 0.30 [DJI30] at 28219.81 modified: sl: 0.00 tp: 0.00 -> sl: 28242.30 tp: 0.00' sent to 'A37163A9'
0	22:00:24.441	'27131809': modify order #72956610 sell 0.30 [DJI30] at 28219.81 sl: 28242.30 tp: 0.00 -> sl: 28218.50 tp: 0.00
0	22:00:25.928	'27131809': order #72956610 sell 0.30 [DJI30] at 28219.81 was modified -> sl: 28218.50 tp: 0.00
0	22:00:27.945	Notifications: 'order #72956610 sell 0.30 [DJI30] at 28219.81 modified: sl: 28242.30 tp: 0.00 -> sl: 28218.50 tp: 0.00' sent to 'A37163A9'
0	22:00:28.110	'27131809': order #72956610 sell 0.30 [DJI30] at 28219.81 closed due stop-loss at price 28219.79
0	22:00:30.584	Notifications: 'order #72956610 sell 0.30 [DJI30] at 28219.81 closed due stop-loss at price 28219.79, profit: 0.01 USD' sent to 'A37163A9'
0	22:01:43.218	'27131809': order sell market 0.05 CADJPY sl: 0.000 tp: 0.000
0	22:01:43.646	'27131809': order was opened : #72957183 sell 0.05 CADJPY at 79.950 sl: 0.000 tp: 0.000
0	22:01:46.286	Notifications: 'order opened #72957183 sell 0.05 CADJPY at 79.950' sent to 'A37163A9'
0	22:01:49.584	'27131809': modify order #72957183 sell 0.05 CADJPY at 79.950 sl: 0.000 tp: 0.000 -> sl: 80.179 tp: 0.000
0	22:01:49.886	'27131809': order #72957183 sell 0.05 CADJPY at 79.950 was modified -> sl: 80.179 tp: 0.000
0	22:01:51.114	Notifications: 'order #72957183 sell 0.05 CADJPY at 79.950 modified: sl: 0.000 tp: 0.000 -> sl: 80.179 tp: 0.000' sent to 'A37163A9'
2	22:03:26.971	Expert Admiral - Mini Terminal CADJPY,H1: loaded successfully
0	22:03:58.925	Notifications: 'Classical RSI bullish divergence on:  [DAX30]' sent to 'A37163A9'
0	22:04:01.407	Notifications: 'Classical RSI bullish divergence on:  [DJI30]' sent to 'A37163A9'
0	22:07:58.506	Notifications: 'Classical RSI bullish divergence on:  [DAX30]' sent to 'A37163A9'
0	22:08:41.524	'27131809': close order #72957183 sell 0.05 CADJPY at 79.950 sl: 80.179 tp: 0.000 at price 0.000
0	22:08:42.757	'27131809': order #72957183 sell 0.05 CADJPY at 79.950 sl: 80.179 tp: 0.000 closed at price 79.969
0	22:08:43.641	Notifications: 'order #72957183 sell 0.05 CADJPY at 79.950 closed at price 79.969, profit: -0.90 USD' sent to 'A37163A9'
0	22:12:00.243	Notifications: 'Classical RSI bullish divergence on:  CADJPY' sent to 'A37163A9'
0	22:23:58.410	Notifications: 'Classical RSI bullish divergence on:  [NQ100]' sent to 'A37163A9'
0	22:28:34.318	'27131809': order buy market 0.30 [DJI30] sl: 0.00 tp: 0.00
0	22:28:34.947	'27131809': order was opened : #72959025 buy 0.30 [DJI30] at 28192.37 sl: 0.00 tp: 0.00
0	22:28:36.903	Notifications: 'order opened #72959025 buy 0.30 [DJI30] at 28192.37' sent to 'A37163A9'
0	22:28:51.989	'27131809': modify order #72959025 buy 0.30 [DJI30] at 28192.37 sl: 0.00 tp: 0.00 -> sl: 28182.65 tp: 0.00
0	22:28:52.317	'27131809': order #72959025 buy 0.30 [DJI30] at 28192.37 was modified -> sl: 28182.65 tp: 0.00
0	22:28:55.429	Notifications: 'order #72959025 buy 0.30 [DJI30] at 28192.37 modified: sl: 0.00 tp: 0.00 -> sl: 28182.65 tp: 0.00' sent to 'A37163A9'
0	22:28:57.136	'27131809': modify order #72959025 buy 0.30 [DJI30] at 28192.37 sl: 28182.65 tp: 0.00 -> sl: 28196.21 tp: 0.00
0	22:28:57.838	'27131809': order #72959025 buy 0.30 [DJI30] at 28192.37 was modified -> sl: 28196.21 tp: 0.00
0	22:29:00.489	Notifications: 'order #72959025 buy 0.30 [DJI30] at 28192.37 modified: sl: 28182.65 tp: 0.00 -> sl: 28196.21 tp: 0.00' sent to 'A37163A9'
0	22:29:12.083	'27131809': order #72959025 buy 0.30 [DJI30] at 28192.37 closed due stop-loss at price 28194.78
0	22:29:13.095	Notifications: 'order #72959025 buy 0.30 [DJI30] at 28192.37 closed due stop-loss at price 28194.78, profit: 0.72 USD' sent to 'A37163A9'
0	22:29:58.375	Notifications: 'Classical RSI bullish divergence on:  GOLD' sent to 'A37163A9'
0	22:39:28.184	'27131809': order buy market 0.30 [DJI30] sl: 0.00 tp: 0.00
0	22:39:29.219	'27131809': order was opened : #72959486 buy 0.30 [DJI30] at 28256.26 sl: 0.00 tp: 0.00
0	22:39:33.247	Notifications: 'order opened #72959486 buy 0.30 [DJI30] at 28256.26' sent to 'A37163A9'
0	22:39:40.074	'27131809': modify order #72959486 buy 0.30 [DJI30] at 28256.26 sl: 0.00 tp: 0.00 -> sl: 28212.40 tp: 0.00
0	22:39:40.359	'27131809': order #72959486 buy 0.30 [DJI30] at 28256.26 was modified -> sl: 28212.40 tp: 0.00
0	22:39:41.796	Notifications: 'order #72959486 buy 0.30 [DJI30] at 28256.26 modified: sl: 0.00 tp: 0.00 -> sl: 28212.40 tp: 0.00' sent to 'A37163A9'
0	22:41:23.480	'27131809': modify order #72959486 buy 0.30 [DJI30] at 28256.26 sl: 28212.40 tp: 0.00 -> sl: 28210.96 tp: 0.00
0	22:41:23.764	'27131809': order #72959486 buy 0.30 [DJI30] at 28256.26 was modified -> sl: 28210.96 tp: 0.00
0	22:41:28.889	Notifications: 'order #72959486 buy 0.30 [DJI30] at 28256.26 modified: sl: 28212.40 tp: 0.00 -> sl: 28210.96 tp: 0.00' sent to 'A37163A9'
0	22:50:00.306	'27131809': order #72959486 buy 0.30 [DJI30] at 28256.26 closed due stop-loss at price 28208.80
0	22:50:01.310	Notifications: 'order #72959486 buy 0.30 [DJI30] at 28256.26 closed due stop-loss at price 28208.80, profit: -14.24 USD' sent to 'A37163A9'
0	22:51:01.709	'27131809': order sell market 0.30 [DJI30] sl: 0.00 tp: 0.00
0	22:51:02.500	'27131809': order was opened : #72959936 sell 0.30 [DJI30] at 28190.25 sl: 0.00 tp: 0.00
0	22:51:04.697	Notifications: 'order opened #72959936 sell 0.30 [DJI30] at 28190.25' sent to 'A37163A9'
0	22:51:08.603	'27131809': modify order #72959936 sell 0.30 [DJI30] at 28190.25 sl: 0.00 tp: 0.00 -> sl: 28219.28 tp: 0.00
0	22:51:08.933	'27131809': order #72959936 sell 0.30 [DJI30] at 28190.25 was modified -> sl: 28219.28 tp: 0.00
0	22:51:09.942	Notifications: 'order #72959936 sell 0.30 [DJI30] at 28190.25 modified: sl: 0.00 tp: 0.00 -> sl: 28219.28 tp: 0.00' sent to 'A37163A9'
0	22:54:41.617	'27131809': modify order #72959936 sell 0.30 [DJI30] at 28190.25 sl: 28219.28 tp: 0.00 -> sl: 28186.28 tp: 0.00
0	22:54:41.947	'27131809': order #72959936 sell 0.30 [DJI30] at 28190.25 was modified -> sl: 28186.28 tp: 0.00
0	22:54:44.468	Notifications: 'order #72959936 sell 0.30 [DJI30] at 28190.25 modified: sl: 28219.28 tp: 0.00 -> sl: 28186.28 tp: 0.00' sent to 'A37163A9'
0	22:57:51.350	'27131809': order #72959936 sell 0.30 [DJI30] at 28190.25 closed due stop-loss at price 28189.29
0	22:57:53.291	Notifications: 'order #72959936 sell 0.30 [DJI30] at 28190.25 closed due stop-loss at price 28189.29, profit: 0.29 USD' sent to 'A37163A9'
0	22:59:06.236	'27131809': order buy market 0.30 [DJI30] sl: 0.00 tp: 0.00
0	22:59:06.794	'27131809': order was opened : #72960352 buy 0.30 [DJI30] at 28215.76 sl: 0.00 tp: 0.00
0	22:59:07.651	Notifications: 'order opened #72960352 buy 0.30 [DJI30] at 28215.76' sent to 'A37163A9'
0	22:59:12.754	'27131809': modify order #72960352 buy 0.30 [DJI30] at 28215.76 sl: 0.00 tp: 0.00 -> sl: 28185.81 tp: 0.00
0	22:59:13.494	'27131809': order #72960352 buy 0.30 [DJI30] at 28215.76 was modified -> sl: 28185.81 tp: 0.00
0	22:59:14.544	Notifications: 'order #72960352 buy 0.30 [DJI30] at 28215.76 modified: sl: 0.00 tp: 0.00 -> sl: 28185.81 tp: 0.00' sent to 'A37163A9'
0	22:59:26.431	'27131809': modify order #72960352 buy 0.30 [DJI30] at 28215.76 sl: 28185.81 tp: 0.00 -> sl: 28191.16 tp: 0.00
0	22:59:26.744	'27131809': order #72960352 buy 0.30 [DJI30] at 28215.76 was modified -> sl: 28191.16 tp: 0.00
0	22:59:27.879	Notifications: 'order #72960352 buy 0.30 [DJI30] at 28215.76 modified: sl: 28185.81 tp: 0.00 -> sl: 28191.16 tp: 0.00' sent to 'A37163A9'
0	22:59:31.905	'27131809': modify order #72960352 buy 0.30 [DJI30] at 28215.76 sl: 28191.16 tp: 0.00 -> sl: 28184.47 tp: 0.00
0	22:59:32.199	'27131809': order #72960352 buy 0.30 [DJI30] at 28215.76 was modified -> sl: 28184.47 tp: 0.00
0	22:59:33.059	Notifications: 'order #72960352 buy 0.30 [DJI30] at 28215.76 modified: sl: 28191.16 tp: 0.00 -> sl: 28184.47 tp: 0.00' sent to 'A37163A9'
0	22:59:36.810	'27131809': modify order #72960352 buy 0.30 [DJI30] at 28215.76 sl: 28184.47 tp: 0.00 -> sl: 28177.78 tp: 0.00
0	22:59:37.105	'27131809': order #72960352 buy 0.30 [DJI30] at 28215.76 was modified -> sl: 28177.78 tp: 0.00
0	22:59:38.054	Notifications: 'order #72960352 buy 0.30 [DJI30] at 28215.76 modified: sl: 28184.47 tp: 0.00 -> sl: 28177.78 tp: 0.00' sent to 'A37163A9'
2	23:00:00.839	Expert Admiral - Mini Terminal [DJI30],M1: loaded successfully
0	23:00:31.775	'27131809': modify order #72960352 buy 0.30 [DJI30] at 28215.76 sl: 28177.78 tp: 0.00 -> sl: 28217.93 tp: 0.00
0	23:00:32.101	'27131809': order #72960352 buy 0.30 [DJI30] at 28215.76 was modified -> sl: 28217.93 tp: 0.00
0	23:00:34.138	Notifications: 'order #72960352 buy 0.30 [DJI30] at 28215.76 modified: sl: 28177.78 tp: 0.00 -> sl: 28217.93 tp: 0.00' sent to 'A37163A9'
0	23:02:25.723	'27131809': order #72960352 buy 0.30 [DJI30] at 28215.76 closed due stop-loss at price 28217.61
0	23:02:28.167	Notifications: 'order #72960352 buy 0.30 [DJI30] at 28215.76 closed due stop-loss at price 28217.61, profit: 0.56 USD' sent to 'A37163A9'
0	23:03:40.839	'27131809': order buy market 0.30 [DJI30] sl: 0.00 tp: 0.00
0	23:03:41.500	'27131809': order was opened : #72960567 buy 0.30 [DJI30] at 28229.81 sl: 0.00 tp: 0.00
0	23:03:42.603	Notifications: 'order opened #72960567 buy 0.30 [DJI30] at 28229.81' sent to 'A37163A9'
0	23:04:00.978	'27131809': modify order #72960567 buy 0.30 [DJI30] at 28229.81 sl: 0.00 tp: 0.00 -> sl: 28201.87 tp: 0.00
0	23:04:02.353	'27131809': order #72960567 buy 0.30 [DJI30] at 28229.81 was modified -> sl: 28201.87 tp: 0.00
0	23:04:05.480	Notifications: 'order #72960567 buy 0.30 [DJI30] at 28229.81 modified: sl: 0.00 tp: 0.00 -> sl: 28201.87 tp: 0.00' sent to 'A37163A9'
0	23:06:18.032	'27131809': modify order #72960567 buy 0.30 [DJI30] at 28229.81 sl: 28201.87 tp: 0.00 -> sl: 28232.10 tp: 0.00
0	23:06:18.308	'27131809': order #72960567 buy 0.30 [DJI30] at 28229.81 was modified -> sl: 28232.10 tp: 0.00
0	23:06:19.467	Notifications: 'order #72960567 buy 0.30 [DJI30] at 28229.81 modified: sl: 28201.87 tp: 0.00 -> sl: 28232.10 tp: 0.00' sent to 'A37163A9'
0	23:06:45.215	'27131809': order #72960567 buy 0.30 [DJI30] at 28229.81 closed due stop-loss at price 28232.10
0	23:06:46.159	Notifications: 'order #72960567 buy 0.30 [DJI30] at 28229.81 closed due stop-loss at price 28232.10, profit: 0.69 USD' sent to 'A37163A9'
0	23:09:13.489	'27131809': order sell market 0.30 [DJI30] sl: 0.00 tp: 0.00
0	23:09:14.035	'27131809': order was opened : #72960685 sell 0.30 [DJI30] at 28218.12 sl: 0.00 tp: 0.00
0	23:09:19.731	Notifications: 'order opened #72960685 sell 0.30 [DJI30] at 28218.12' sent to 'A37163A9'
0	23:09:23.203	'27131809': modify order #72960685 sell 0.30 [DJI30] at 28218.12 sl: 0.00 tp: 0.00 -> sl: 28245.57 tp: 0.00
0	23:09:23.875	'27131809': order #72960685 sell 0.30 [DJI30] at 28218.12 was modified -> sl: 28245.57 tp: 0.00
0	23:09:25.822	Notifications: 'order #72960685 sell 0.30 [DJI30] at 28218.12 modified: sl: 0.00 tp: 0.00 -> sl: 28245.57 tp: 0.00' sent to 'A37163A9'
0	23:12:08.962	'27131809': modify order #72960685 sell 0.30 [DJI30] at 28218.12 sl: 28245.57 tp: 0.00 -> sl: 28216.88 tp: 0.00
0	23:12:09.624	'27131809': order #72960685 sell 0.30 [DJI30] at 28218.12 was modified -> sl: 28216.88 tp: 0.00
0	23:12:11.635	'27131809': order #72960685 sell 0.30 [DJI30] at 28218.12 closed due stop-loss at price 28219.82
0	23:12:12.273	Notifications: 'order #72960685 sell 0.30 [DJI30] at 28218.12 modified: sl: 28245.57 tp: 0.00 -> sl: 28216.88 tp: 0.00' sent to 'A37163A9'
0	23:12:14.280	Notifications: 'order #72960685 sell 0.30 [DJI30] at 28218.12 closed due stop-loss at price 28219.82, profit: -0.51 USD' sent to 'A37163A9'
0	23:12:58.420	'27131809': order sell market 0.30 [DJI30] sl: 0.00 tp: 0.00
0	23:12:59.705	'27131809': order was opened : #72960744 sell 0.30 [DJI30] at 28215.12 sl: 0.00 tp: 0.00
0	23:13:02.415	Notifications: 'order opened #72960744 sell 0.30 [DJI30] at 28215.12' sent to 'A37163A9'
0	23:13:08.293	'27131809': modify order #72960744 sell 0.30 [DJI30] at 28215.12 sl: 0.00 tp: 0.00 -> sl: 28241.67 tp: 0.00
0	23:13:09.239	'27131809': order #72960744 sell 0.30 [DJI30] at 28215.12 was modified -> sl: 28241.67 tp: 0.00
0	23:13:09.634	Notifications: 'order #72960744 sell 0.30 [DJI30] at 28215.12 modified: sl: 0.00 tp: 0.00 -> sl: 28241.67 tp: 0.00' sent to 'A37163A9'
0	23:14:35.291	'27131809': modify order #72960744 sell 0.30 [DJI30] at 28215.12 sl: 28241.67 tp: 0.00 -> sl: 28212.45 tp: 0.00
0	23:14:36.109	'27131809': order #72960744 sell 0.30 [DJI30] at 28215.12 was modified -> sl: 28212.45 tp: 0.00
0	23:14:37.595	Notifications: 'order #72960744 sell 0.30 [DJI30] at 28215.12 modified: sl: 28241.67 tp: 0.00 -> sl: 28212.45 tp: 0.00' sent to 'A37163A9'
0	23:14:38.589	'27131809': order #72960744 sell 0.30 [DJI30] at 28215.12 closed due stop-loss at price 28213.32
0	23:14:39.562	Notifications: 'order #72960744 sell 0.30 [DJI30] at 28215.12 closed due stop-loss at price 28213.32, profit: 0.54 USD' sent to 'A37163A9'
0	23:31:00.393	'27131809': order buy market 0.30 [DJI30] sl: 0.00 tp: 0.00
0	23:31:00.837	'27131809': order was opened : #72960950 buy 0.30 [DJI30] at 28274.98 sl: 0.00 tp: 0.00
0	23:31:01.811	Notifications: 'order opened #72960950 buy 0.30 [DJI30] at 28274.98' sent to 'A37163A9'
0	23:31:23.187	'27131809': modify order #72960950 buy 0.30 [DJI30] at 28274.98 sl: 0.00 tp: 0.00 -> sl: 28245.35 tp: 0.00
0	23:31:23.499	'27131809': order #72960950 buy 0.30 [DJI30] at 28274.98 was modified -> sl: 28245.35 tp: 0.00
0	23:31:24.595	Notifications: 'order #72960950 buy 0.30 [DJI30] at 28274.98 modified: sl: 0.00 tp: 0.00 -> sl: 28245.35 tp: 0.00' sent to 'A37163A9'
0	23:38:58.298	Notifications: 'Classical RSI bearish divergence on:  [NQ100]' sent to 'A37163A9'
0	23:39:00.301	Notifications: 'Classical RSI bearish divergence on:  [DAX30]' sent to 'A37163A9'
0	23:46:00.905	Notifications: 'Classical RSI bearish divergence on:  [DAX30]' sent to 'A37163A9'
0	23:46:59.076	Notifications: 'Classical RSI bearish divergence on:  [NQ100]' sent to 'A37163A9'
0	23:54:01.217	Notifications: 'Classical RSI bearish divergence on:  [DAX30]' sent to 'A37163A9'
0	23:54:22.724	'27131809': modify order #72960950 buy 0.30 [DJI30] at 28274.98 sl: 28245.35 tp: 0.00 -> sl: 28278.32 tp: 0.00
0	23:54:23.394	'27131809': order #72960950 buy 0.30 [DJI30] at 28274.98 was modified -> sl: 28278.32 tp: 0.00
0	23:54:24.438	Notifications: 'order #72960950 buy 0.30 [DJI30] at 28274.98 modified: sl: 28245.35 tp: 0.00 -> sl: 28278.32 tp: 0.00' sent to 'A37163A9'
0	23:57:07.277	Notifications: 'Classical RSI bearish divergence on:  [DAX30]' sent to 'A37163A9'
