0	00:09:23.981	'14109544': login on Exness-Real4 through DC06 (ping: 369.24 ms)
0	00:09:37.082	'14109544': login datacenter on Exness-Real4 through DC06 (ping: 369.24 ms)
0	00:09:38.424	'14109544': previous successful authorization performed from 220.242.139.10
2	00:10:06.863	Custom indicator AIMS Levels V2 EURUSD,M30: removed
2	00:10:06.864	Custom indicator AIMS Entry Alert V1 EURUSD,M30: removed
2	00:10:06.871	Custom indicator CandleTimer EURUSD,M30: removed
2	00:10:06.874	Custom indicator exp_iCustom_v10 EURUSD,M30: removed
2	00:10:06.874	Custom indicator AIMS AO V.2.1 EURUSD,M30: removed
2	00:10:06.987	Custom indicator FL1 EURUSD,M30: loaded successfully
2	00:10:07.085	Custom indicator FL2 EURUSD,M30: loaded successfully
2	00:10:07.189	Custom indicator FL2 EURUSD,M30: loaded successfully
2	00:10:07.286	Custom indicator FL2 EURUSD,M30: loaded successfully
2	00:10:07.396	Custom indicator FL2 EURUSD,M30: loaded successfully
2	00:10:07.513	Custom indicator FL2 EURUSD,M30: loaded successfully
2	00:10:07.618	Custom indicator FL2 EURUSD,M30: loaded successfully
2	00:10:07.731	Custom indicator FL2 EURUSD,M30: loaded successfully
2	00:10:07.834	Custom indicator FL2 EURUSD,M30: loaded successfully
2	00:10:07.942	Custom indicator Heiken Ashi EURUSD,M30: loaded successfully
2	00:10:07.962	Custom indicator currency-power-meter-indicator EURUSD,M30: loaded successfully
2	00:10:08.064	Custom indicator DXTrade Info v9 EURUSD,M30: loaded successfully
2	00:10:08.076	Custom indicator DDFX_3_BBStop_v4 EURUSD,M30: loaded successfully
2	00:10:08.169	Custom indicator THV3 Market Hours EURUSD,M30: loaded successfully
2	00:10:08.190	Custom indicator Forex Alozard Indicator EURUSD,M30: loaded successfully
2	00:10:08.296	Custom indicator ProfitableStrategy_16 EURUSD,M30: loaded successfully
2	00:10:08.316	Custom indicator Timer-Best EURUSD,M30: loaded successfully
2	00:10:08.326	Custom indicator JokerFilter EURUSD,M30: loaded successfully
0	00:10:22.528	'14109544': ping to current access point DC06 is 361.62 ms
2	00:14:59.323	Custom indicator FL1 EURUSD,M30: removed
2	00:14:59.323	Custom indicator FL2 EURUSD,M30: removed
2	00:14:59.328	Custom indicator FL2 EURUSD,M30: removed
2	00:14:59.328	Custom indicator FL2 EURUSD,M30: removed
2	00:14:59.328	Custom indicator FL2 EURUSD,M30: removed
2	00:14:59.329	Custom indicator FL2 EURUSD,M30: removed
2	00:14:59.329	Custom indicator FL2 EURUSD,M30: removed
2	00:14:59.329	Custom indicator FL2 EURUSD,M30: removed
2	00:14:59.329	Custom indicator FL2 EURUSD,M30: removed
2	00:14:59.329	Custom indicator Heiken Ashi EURUSD,M30: removed
2	00:14:59.331	Custom indicator currency-power-meter-indicator EURUSD,M30: removed
2	00:14:59.331	Custom indicator DXTrade Info v9 EURUSD,M30: removed
2	00:14:59.333	Custom indicator DDFX_3_BBStop_v4 EURUSD,M30: removed
2	00:14:59.333	Custom indicator THV3 Market Hours EURUSD,M30: removed
2	00:14:59.335	Custom indicator Forex Alozard Indicator EURUSD,M30: removed
2	00:14:59.335	Custom indicator ProfitableStrategy_16 EURUSD,M30: removed
2	00:14:59.336	Custom indicator Timer-Best EURUSD,M30: removed
2	00:14:59.338	Custom indicator JokerFilter EURUSD,M30: removed
2	00:14:59.349	Custom indicator CandleTimer_Am EURUSD,M30: loaded successfully
2	00:14:59.421	Custom indicator FX-Agency Advisor 3 EURUSD,M30: loaded successfully
2	00:15:51.230	Custom indicator CandleTimer_Am EURUSD,M30: removed
2	00:15:51.230	Custom indicator FX-Agency Advisor 3 EURUSD,M30: removed
2	00:15:51.304	Custom indicator FL1 EURUSD,M30: loaded successfully
2	00:15:51.379	Custom indicator FL2 EURUSD,M30: loaded successfully
2	00:15:51.464	Custom indicator FL2 EURUSD,M30: loaded successfully
2	00:15:51.539	Custom indicator FL2 EURUSD,M30: loaded successfully
2	00:15:51.609	Custom indicator FL2 EURUSD,M30: loaded successfully
2	00:15:51.678	Custom indicator FL2 EURUSD,M30: loaded successfully
2	00:15:51.745	Custom indicator FL2 EURUSD,M30: loaded successfully
2	00:15:51.813	Custom indicator FL2 EURUSD,M30: loaded successfully
2	00:15:51.881	Custom indicator FL2 EURUSD,M30: loaded successfully
2	00:15:51.948	Custom indicator Heiken Ashi EURUSD,M30: loaded successfully
2	00:15:52.025	Custom indicator BrainTrend2SigALERT5 EURUSD,M30: loaded successfully
2	00:15:52.034	Custom indicator currency-power-meter-indicator EURUSD,M30: loaded successfully
2	00:15:52.104	Custom indicator DXTrade Info v9 EURUSD,M30: loaded successfully
2	00:15:52.113	Custom indicator DDFX_3_BBStop_v4 EURUSD,M30: loaded successfully
2	00:15:52.186	Custom indicator THV3 Market Hours EURUSD,M30: loaded successfully
2	00:15:52.194	Custom indicator JokerFilter EURUSD,M30: loaded successfully
2	00:15:59.516	Custom indicator FL1 EURUSD,M30: removed
2	00:15:59.516	Custom indicator FL2 EURUSD,M30: removed
2	00:15:59.519	Custom indicator FL2 EURUSD,M30: removed
2	00:15:59.519	Custom indicator FL2 EURUSD,M30: removed
2	00:15:59.519	Custom indicator FL2 EURUSD,M30: removed
2	00:15:59.519	Custom indicator FL2 EURUSD,M30: removed
2	00:15:59.519	Custom indicator FL2 EURUSD,M30: removed
2	00:15:59.520	Custom indicator FL2 EURUSD,M30: removed
2	00:15:59.520	Custom indicator FL2 EURUSD,M30: removed
2	00:15:59.520	Custom indicator Heiken Ashi EURUSD,M30: removed
2	00:15:59.520	Custom indicator BrainTrend2SigALERT5 EURUSD,M30: removed
2	00:15:59.522	Custom indicator currency-power-meter-indicator EURUSD,M30: removed
2	00:15:59.522	Custom indicator DXTrade Info v9 EURUSD,M30: removed
2	00:15:59.524	Custom indicator DDFX_3_BBStop_v4 EURUSD,M30: removed
2	00:15:59.524	Custom indicator THV3 Market Hours EURUSD,M30: removed
2	00:15:59.526	Custom indicator JokerFilter EURUSD,M30: removed
2	00:15:59.598	Custom indicator AIMS Levels V2 EURUSD,M30: loaded successfully
2	00:15:59.665	Custom indicator AIMS Entry Alert V1 EURUSD,M30: loaded successfully
2	00:15:59.672	Custom indicator CandleTimer EURUSD,M30: loaded successfully
2	00:15:59.742	Custom indicator #Signal_Bars_v6 EURUSD,M30: loaded successfully
2	00:15:59.752	Custom indicator TrendEnvelopes_v1 EURUSD,M30: loaded successfully
2	00:15:59.819	Custom indicator AIMS AO V.2.1 EURUSD,M30: loaded successfully
2	00:15:59.829	Custom indicator IVT_MACD_ZERO_LAG EURUSD,M30: loaded successfully
2	00:15:59.838	Custom indicator RSI Divergence Levels EURUSD,M30: loaded successfully
2	00:15:59.850	Custom indicator JoeChalhoub_FXForecasterV1 EURUSD,M30: loaded successfully
2	00:20:21.840	Custom indicator AIMS Levels V2 GBPUSD,H1: removed
2	00:20:21.842	Custom indicator AIMS Entry Alert V1 GBPUSD,H1: removed
2	00:20:21.847	Custom indicator CandleTimer GBPUSD,H1: removed
2	00:20:21.848	Custom indicator #Signal_Bars_v6 GBPUSD,H1: removed
2	00:20:21.851	Custom indicator TrendEnvelopes_v1 GBPUSD,H1: removed
2	00:20:21.851	Custom indicator AIMS AO V.2.1 GBPUSD,H1: removed
2	00:20:21.853	Custom indicator IVT_MACD_ZERO_LAG GBPUSD,H1: removed
2	00:20:21.854	Custom indicator RSI Divergence Levels GBPUSD,H1: removed
2	00:20:21.856	Custom indicator JoeChalhoub_FXForecasterV1 GBPUSD,H1: removed
2	00:20:21.866	Custom indicator CandleTimer GBPUSD,H1: loaded successfully
2	00:20:40.989	Custom indicator snorm_forex_widget GBPUSD,H1: loaded successfully
2	00:26:27.842	Custom indicator CandleTimer GBPUSD,H1: removed
2	00:26:27.845	Custom indicator snorm_forex_widget GBPUSD,H1: removed
2	00:26:27.928	Custom indicator AIMS Levels V2 GBPUSD,H1: loaded successfully
2	00:26:28.013	Custom indicator AIMS Entry Alert V1 GBPUSD,H1: loaded successfully
2	00:26:28.022	Custom indicator CandleTimer GBPUSD,H1: loaded successfully
2	00:26:28.113	Custom indicator #Signal_Bars_v6 GBPUSD,H1: loaded successfully
2	00:26:28.124	Custom indicator TrendEnvelopes_v1 GBPUSD,H1: loaded successfully
2	00:26:28.208	Custom indicator AIMS AO V.2.1 GBPUSD,H1: loaded successfully
2	00:26:28.220	Custom indicator IVT_MACD_ZERO_LAG GBPUSD,H1: loaded successfully
2	00:26:28.233	Custom indicator RSI Divergence Levels GBPUSD,H1: loaded successfully
2	00:26:28.248	Custom indicator JoeChalhoub_FXForecasterV1 GBPUSD,H1: loaded successfully
2	00:28:50.930	Custom indicator FL1 DE30,M30: removed
2	00:28:50.930	Custom indicator FL2 DE30,M30: removed
2	00:28:50.930	Custom indicator FL2 DE30,M30: removed
2	00:28:50.931	Custom indicator FL2 DE30,M30: removed
2	00:28:50.931	Custom indicator FL2 DE30,M30: removed
2	00:28:50.932	Custom indicator FL2 DE30,M30: removed
2	00:28:50.932	Custom indicator FL2 DE30,M30: removed
2	00:28:50.933	Custom indicator FL2 DE30,M30: removed
2	00:28:50.933	Custom indicator FL2 DE30,M30: removed
2	00:28:50.933	Custom indicator Heiken Ashi DE30,M30: removed
2	00:28:50.935	Custom indicator currency-power-meter-indicator DE30,M30: removed
2	00:28:50.935	Custom indicator DXTrade Info v9 DE30,M30: removed
2	00:28:50.937	Custom indicator DDFX_3_BBStop_v4 DE30,M30: removed
2	00:28:50.939	Custom indicator THV3 Market Hours DE30,M30: removed
2	00:28:50.940	Custom indicator Forex Alozard Indicator DE30,M30: removed
2	00:28:50.941	Custom indicator ProfitableStrategy_16 DE30,M30: removed
2	00:28:50.943	Custom indicator Timer-Best DE30,M30: removed
2	00:28:50.945	Custom indicator JokerFilter DE30,M30: removed
2	00:28:51.014	Custom indicator AIMS Levels V2 DE30,M30: loaded successfully
2	00:28:51.078	Custom indicator AIMS Entry Alert V1 DE30,M30: loaded successfully
2	00:28:51.085	Custom indicator CandleTimer DE30,M30: loaded successfully
2	00:28:51.154	Custom indicator #Signal_Bars_v6 DE30,M30: loaded successfully
2	00:28:51.163	Custom indicator TrendEnvelopes_v1 DE30,M30: loaded successfully
2	00:28:51.228	Custom indicator AIMS AO V.2.1 DE30,M30: loaded successfully
2	00:28:51.236	Custom indicator IVT_MACD_ZERO_LAG DE30,M30: loaded successfully
2	00:28:51.246	Custom indicator RSI Divergence Levels DE30,M30: loaded successfully
2	00:28:51.260	Custom indicator JoeChalhoub_FXForecasterV1 DE30,M30: loaded successfully
2	00:59:01.393	Custom indicator AIMS Levels V2 US30,M30: removed
2	00:59:01.395	Custom indicator AIMS Entry Alert V1 US30,M30: removed
2	00:59:01.473	Custom indicator AIMS Levels V2 US30,M30: loaded successfully
2	00:59:01.543	Custom indicator AIMS Entry Alert V1 US30,M30: loaded successfully
2	00:59:01.554	Custom indicator CandleTimer US30,M30: loaded successfully
2	00:59:01.623	Custom indicator #Signal_Bars_v6 US30,M30: loaded successfully
2	00:59:01.632	Custom indicator TrendEnvelopes_v1 US30,M30: loaded successfully
2	00:59:01.701	Custom indicator AIMS AO V.2.1 US30,M30: loaded successfully
2	00:59:01.711	Custom indicator IVT_MACD_ZERO_LAG US30,M30: loaded successfully
2	00:59:01.721	Custom indicator RSI Divergence Levels US30,M30: loaded successfully
2	00:59:01.736	Custom indicator JoeChalhoub_FXForecasterV1 US30,M30: loaded successfully
3	01:26:18.575	'EA Studio Data Export script' is not expert and cannot be executed
3	01:26:32.920	'EA Studio Data Export script' is not expert and cannot be executed
3	01:26:33.852	'EA Studio Data Export script' is not expert and cannot be executed
3	01:26:34.118	'EA Studio Data Export script' is not expert and cannot be executed
3	01:26:37.706	'EA Studio Data Export script' is not expert and cannot be executed
3	01:27:03.839	'EA Studio Data Export script' is not expert and cannot be executed
3	01:28:45.557	'EA Studio Data Export script' is not expert and cannot be executed
0	01:30:03.386	'8221994': login on Exness-Trial2 through DC00 (ping: 266.02 ms)
0	01:30:06.336	'8221994': login datacenter on Exness-Trial2 through DC00 (ping: 266.02 ms)
0	01:30:06.904	'8221994': previous successful authorization performed from 154.126.99.7
0	01:30:16.661	'8221994': ping to current access point DC00 is 214.89 ms
3	01:30:22.771	'EA Studio Data Export script' is not expert and cannot be executed
3	01:30:29.662	'EA Studio Data Export script' is not expert and cannot be executed
2	01:31:36.963	Custom indicator EA Studio Data Export script US30,M30: loaded successfully
3	01:31:36.963	Expert 'EA Studio Data Export script' is not custom indicator and will be removed
2	01:31:36.965	Custom indicator EA Studio Data Export script US30,M30: removed
2	01:31:39.828	Custom indicator EA Studio Data Export script US30,M30: loaded successfully
3	01:31:39.828	Expert 'EA Studio Data Export script' is not custom indicator and will be removed
2	01:31:39.829	Custom indicator EA Studio Data Export script US30,M30: removed
2	01:31:41.616	Custom indicator EA Studio Data Export script US30,M30: loaded successfully
3	01:31:41.616	Expert 'EA Studio Data Export script' is not custom indicator and will be removed
2	01:31:41.617	Custom indicator EA Studio Data Export script US30,M30: removed
3	01:31:51.553	'EA Studio Data Export script' is not expert and cannot be executed
2	01:34:20.557	Script EA Studio Data Export script EURUSD,M1: loaded successfully
2	01:34:42.537	Script EA Studio Data Export script EURUSD,M1: removed
0	01:47:21.427	'8221994': instant order sell 0.10 DE30 at 12035.9 sl: 0.0 tp: 0.0
0	01:47:21.930	'8221994': order was opened : #247343364 sell 0.10 DE30 at 12035.9 sl: 0.0 tp: 0.0
0	01:47:22.903	Notifications: 'order opened #247343364 sell 0.10 DE30 at 12035.9' sent to 'A37163A9'
0	01:47:39.743	'8221994': close order #247343364 sell 0.10 DE30 at 12035.9 sl: 0.0 tp: 0.0 at price 12042.2
0	01:47:40.429	'8221994': order #247343364 sell 0.10 DE30 at 12035.9 sl: 0.0 tp: 0.0 closed at price 12042.2
0	01:47:41.352	Notifications: 'order #247343364 sell 0.10 DE30 at 12035.9 closed at price 12042.2, profit: -0.71 USD' sent to 'A37163A9'
0	01:47:46.928	'14109544': login on Exness-Real4 through DC06 (ping: 361.62 ms)
0	01:47:50.171	'14109544': login datacenter on Exness-Real4 through DC06 (ping: 361.62 ms)
0	01:47:50.925	'14109544': previous successful authorization performed from 154.126.99.7
0	01:48:07.911	'14109544': auto connecting to a better access point DC00 (ping is 225.19 ms)
0	01:48:08.982	'14109544': login on Exness-Real4 through DC00 (ping: 225.19 ms)
0	01:48:10.822	'14109544': login datacenter on Exness-Real4 through DC00 (ping: 225.19 ms)
0	01:48:11.375	'14109544': previous successful authorization performed from 154.126.99.7
2	02:05:11.319	Script EA Studio Data Export script DE30,M1: loaded successfully
2	02:05:33.729	Script EA Studio Data Export script DE30,M1: removed
2	02:06:16.784	Script EA Studio Data Export script USTEC,M5: loaded successfully
2	02:06:25.268	Script EA Studio Data Export script USTEC,M5: removed
0	02:11:23.492	'14109544': instant order sell 0.05 EURUSD at 1.12225 sl: 0.00000 tp: 0.00000
0	02:11:23.923	'14109544': order was opened : #190165612 sell 0.05 EURUSD at 1.12225 sl: 0.00000 tp: 0.00000
0	02:11:24.814	Notifications: 'order opened #190165612 sell 0.05 EURUSD at 1.12225' sent to 'A37163A9'
1	02:11:31.334	'14109544': modification of order #190165612 sell 0.05 EURUSD at 1.12225 sl: 0.00000 tp: 0.00000 -> sl: 1.12251 tp: 0.00000 failed [Invalid S/L or T/P]
0	02:11:38.414	'14109544': modify order #190165612 sell 0.05 EURUSD at 1.12225 sl: 0.00000 tp: 0.00000 -> sl: 1.12260 tp: 0.00000
0	02:11:41.899	'14109544': order #190165612 sell 0.05 EURUSD at 1.12225 was modified -> sl: 1.12260 tp: 0.00000
0	02:11:42.825	Notifications: 'order #190165612 sell 0.05 EURUSD at 1.12225 modified: sl: 0.00000 tp: 0.00000 -> sl: 1.12260 tp: 0.00000' sent to 'A37163A9'
0	02:14:35.620	Notifications: 'Classical RSI bullish divergence on:  USOIL' sent to 'A37163A9'
0	02:16:07.410	Notifications: 'Classical RSI bullish divergence on:  USOIL' sent to 'A37163A9'
0	02:29:17.424	'14109544': instant order sell 0.20 USTEC at 9821.26 sl: 0.00 tp: 0.00
0	02:29:17.968	'14109544': order was opened : #190167119 sell 0.20 USTEC at 9821.26 sl: 0.00 tp: 0.00
0	02:29:18.610	Notifications: 'order opened #190167119 sell 0.20 USTEC at 9821.26' sent to 'A37163A9'
1	02:29:26.573	'14109544': modification of order #190167119 sell 0.20 USTEC at 9821.26 sl: 0.00 tp: 0.00 -> sl: 9831.71 tp: 0.00 failed [Invalid S/L or T/P]
0	02:30:19.291	'14109544': modify order #190167119 sell 0.20 USTEC at 9821.26 sl: 0.00 tp: 0.00 -> sl: 9838.75 tp: 0.00
0	02:30:19.571	'14109544': order #190167119 sell 0.20 USTEC at 9821.26 was modified -> sl: 9838.75 tp: 0.00
0	02:30:20.466	Notifications: 'order #190167119 sell 0.20 USTEC at 9821.26 modified: sl: 0.00 tp: 0.00 -> sl: 9838.75 tp: 0.00' sent to 'A37163A9'
0	02:33:46.589	'14109544': close order #190165612 sell 0.05 EURUSD at 1.12225 sl: 1.12260 tp: 0.00000 at price 1.12234
0	02:33:46.892	'14109544': order #190165612 sell 0.05 EURUSD at 1.12225 sl: 1.12260 tp: 0.00000 closed at price 1.12234
0	02:33:47.760	Notifications: 'order #190165612 sell 0.05 EURUSD at 1.12225 closed at price 1.12234, profit: -0.45 USD' sent to 'A37163A9'
0	02:38:16.873	'14109544': order #190167119 sell 0.20 USTEC at 9821.26 closed due stop-loss at price 9838.75
0	02:38:17.756	Notifications: 'order #190167119 sell 0.20 USTEC at 9821.26 closed due stop-loss at price 9838.75, profit: -3.50 USD' sent to 'A37163A9'
0	02:52:36.163	Notifications: 'Classical RSI bearish divergence on:  USTEC' sent to 'A37163A9'
0	02:53:12.883	'14109544': instant order sell 0.50 USTEC at 9844.15 sl: 0.00 tp: 0.00
0	02:53:13.183	'14109544': order was opened : #190169335 sell 0.50 USTEC at 9844.15 sl: 0.00 tp: 0.00
0	02:53:14.082	Notifications: 'order opened #190169335 sell 0.50 USTEC at 9844.15' sent to 'A37163A9'
0	02:53:20.182	'14109544': modify order #190169335 sell 0.50 USTEC at 9844.15 sl: 0.00 tp: 0.00 -> sl: 9859.70 tp: 0.00
0	02:53:23.779	'14109544': order #190169335 sell 0.50 USTEC at 9844.15 was modified -> sl: 9859.70 tp: 0.00
0	02:53:24.709	Notifications: 'order #190169335 sell 0.50 USTEC at 9844.15 modified: sl: 0.00 tp: 0.00 -> sl: 9859.70 tp: 0.00' sent to 'A37163A9'
1	02:53:31.269	'14109544': modification of order #190169335 sell 0.50 USTEC at 9844.15 sl: 9859.70 tp: 0.00 -> sl: 9856.98 tp: 0.00 failed [Invalid S/L or T/P]
0	03:02:48.311	'14109544': instant order sell 0.10 GBPAUD at 1.79836 sl: 0.00000 tp: 0.00000
0	03:02:48.608	'14109544': order was opened : #190170398 sell 0.10 GBPAUD at 1.79836 sl: 0.00000 tp: 0.00000
0	03:02:49.572	Notifications: 'order opened #190170398 sell 0.10 GBPAUD at 1.79836' sent to 'A37163A9'
0	03:02:54.966	'14109544': modify order #190170398 sell 0.10 GBPAUD at 1.79836 sl: 0.00000 tp: 0.00000 -> sl: 0.00000 tp: 1.79544
0	03:02:58.430	'14109544': order #190170398 sell 0.10 GBPAUD at 1.79836 was modified -> sl: 0.00000 tp: 1.79544
0	03:02:59.362	Notifications: 'order #190170398 sell 0.10 GBPAUD at 1.79836 modified: sl: 0.00000 tp: 0.00000 -> sl: 0.00000 tp: 1.79544' sent to 'A37163A9'
0	03:03:02.262	'14109544': modify order #190170398 sell 0.10 GBPAUD at 1.79836 sl: 0.00000 tp: 1.79544 -> sl: 1.80215 tp: 1.79544
0	03:03:02.565	'14109544': order #190170398 sell 0.10 GBPAUD at 1.79836 was modified -> sl: 1.80215 tp: 1.79544
0	03:03:03.425	Notifications: 'order #190170398 sell 0.10 GBPAUD at 1.79836 modified: sl: 0.00000 tp: 1.79544 -> sl: 1.80215 tp: 1.79544' sent to 'A37163A9'
0	03:06:41.665	'14109544': close order #190169335 sell 0.50 USTEC at 9844.15 sl: 9859.70 tp: 0.00 at price 9844.67
0	03:06:41.961	'14109544': requote 9842.39 / 9845.30 for order #190169335 sell 0.50 USTEC closing at 9844.67
0	03:06:58.040	'14109544': close order #190169335 sell 0.50 USTEC at 9844.15 sl: 9859.70 tp: 0.00 at price 9846.73
0	03:06:58.350	'14109544': order #190169335 sell 0.50 USTEC at 9844.15 sl: 9859.70 tp: 0.00 closed at price 9846.73
0	03:06:59.240	Notifications: 'order #190169335 sell 0.50 USTEC at 9844.15 closed at price 9846.73, profit: -1.29 USD' sent to 'A37163A9'
0	03:09:36.572	Notifications: 'Alozard: SELL SIGNAL ON GBPCAD' sent to 'A37163A9'
2	03:10:33.884	Custom indicator Forex Alozard Indicator GBPCAD,M5: removed
2	03:10:33.973	Custom indicator FL1 GBPCAD,M5: loaded successfully
2	03:10:34.042	Custom indicator FL2 GBPCAD,M5: loaded successfully
2	03:10:34.108	Custom indicator FL2 GBPCAD,M5: loaded successfully
2	03:10:34.174	Custom indicator FL2 GBPCAD,M5: loaded successfully
2	03:10:34.238	Custom indicator FL2 GBPCAD,M5: loaded successfully
2	03:10:34.304	Custom indicator FL2 GBPCAD,M5: loaded successfully
2	03:10:34.370	Custom indicator FL2 GBPCAD,M5: loaded successfully
2	03:10:34.448	Custom indicator FL2 GBPCAD,M5: loaded successfully
2	03:10:34.516	Custom indicator FL2 GBPCAD,M5: loaded successfully
2	03:10:34.583	Custom indicator Heiken Ashi GBPCAD,M5: loaded successfully
2	03:10:34.596	Custom indicator currency-power-meter-indicator GBPCAD,M5: loaded successfully
2	03:10:34.663	Custom indicator DXTrade Info v9 GBPCAD,M5: loaded successfully
2	03:10:34.676	Custom indicator DDFX_3_BBStop_v4 GBPCAD,M5: loaded successfully
2	03:10:34.744	Custom indicator THV3 Market Hours GBPCAD,M5: loaded successfully
2	03:10:34.756	Custom indicator Forex Alozard Indicator GBPCAD,M5: loaded successfully
2	03:10:34.825	Custom indicator ProfitableStrategy_16 GBPCAD,M5: loaded successfully
2	03:10:34.837	Custom indicator Timer-Best GBPCAD,M5: loaded successfully
2	03:10:34.845	Custom indicator JokerFilter GBPCAD,M5: loaded successfully
0	03:10:37.888	Notifications: 'Alozard: SELL SIGNAL ON GBPCAD' sent to 'A37163A9'
0	03:13:16.632	'14109544': instant order sell 0.50 USTEC at 9840.80 sl: 0.00 tp: 0.00
0	03:13:17.117	'14109544': order was opened : #190171271 sell 0.50 USTEC at 9840.80 sl: 0.00 tp: 0.00
0	03:13:18.987	Notifications: 'order opened #190171271 sell 0.50 USTEC at 9840.80' sent to 'A37163A9'
0	03:14:54.175	'14109544': close order #190171271 sell 0.50 USTEC at 9840.80 sl: 0.00 tp: 0.00 at price 9838.84
0	03:14:54.476	'14109544': order #190171271 sell 0.50 USTEC at 9840.80 sl: 0.00 tp: 0.00 closed at price 9838.84
0	03:14:56.094	Notifications: 'order #190171271 sell 0.50 USTEC at 9840.80 closed at price 9838.84, profit: 0.98 USD' sent to 'A37163A9'
0	03:15:47.566	'14109544': instant order sell 0.50 USTEC at 9833.49 sl: 0.00 tp: 0.00
0	03:15:48.160	'14109544': order was opened : #190171498 sell 0.50 USTEC at 9833.49 sl: 0.00 tp: 0.00
0	03:15:49.407	Notifications: 'order opened #190171498 sell 0.50 USTEC at 9833.49' sent to 'A37163A9'
0	03:32:21.844	'14109544': login datacenter on Exness-Real4
0	03:32:23.488	'14109544': login on Exness-Real4 through DC06 (ping: 301.76 ms)
0	03:32:27.239	'14109544': login datacenter on Exness-Real4 through DC06 (ping: 301.76 ms)
0	03:32:27.954	'14109544': previous successful authorization performed from 220.242.139.10
0	03:32:45.863	'14109544': auto connecting to a better access point DC00 (ping is 228.78 ms)
0	03:32:46.669	'14109544': login on Exness-Real4 through DC00 (ping: 228.78 ms)
0	03:32:49.919	'14109544': login datacenter on Exness-Real4 through DC00 (ping: 228.78 ms)
0	03:32:50.789	'14109544': previous successful authorization performed from 154.126.99.7
0	03:34:39.064	Notifications: 'Classical RSI bullish divergence on:  USOIL' sent to 'A37163A9'
0	03:38:55.121	'14109544': close order #190171498 sell 0.50 USTEC at 9833.49 sl: 0.00 tp: 0.00 at price 9829.50
0	03:38:55.438	'14109544': order #190171498 sell 0.50 USTEC at 9833.49 sl: 0.00 tp: 0.00 closed at price 9829.50
0	03:38:56.334	Notifications: 'order #190171498 sell 0.50 USTEC at 9833.49 closed at price 9829.50, profit: 2.00 USD' sent to 'A37163A9'
0	03:40:56.936	'14109544': modify order #190170398 sell 0.10 GBPAUD at 1.79836 sl: 1.80215 tp: 1.79544 -> sl: 1.80215 tp: 1.79789
0	03:40:57.297	'14109544': order #190170398 sell 0.10 GBPAUD at 1.79836 was modified -> sl: 1.80215 tp: 1.79789
0	03:40:58.251	Notifications: 'order #190170398 sell 0.10 GBPAUD at 1.79836 modified: sl: 1.80215 tp: 1.79544 -> sl: 1.80215 tp: 1.79789' sent to 'A37163A9'
0	03:41:12.447	'14109544': modify order #190170398 sell 0.10 GBPAUD at 1.79836 sl: 1.80215 tp: 1.79789 -> sl: 1.80215 tp: 1.79825
0	03:41:15.872	'14109544': order #190170398 sell 0.10 GBPAUD at 1.79836 was modified -> sl: 1.80215 tp: 1.79825
0	03:41:16.740	Notifications: 'order #190170398 sell 0.10 GBPAUD at 1.79836 modified: sl: 1.80215 tp: 1.79789 -> sl: 1.80215 tp: 1.79825' sent to 'A37163A9'
0	03:41:18.817	'14109544': order #190170398 sell 0.10 GBPAUD at 1.79836 closed due take-profit at price 1.79825
0	03:41:19.781	Notifications: 'order #190170398 sell 0.10 GBPAUD at 1.79836 closed due take-profit at price 1.79825, profit: 0.75 USD' sent to 'A37163A9'
0	03:44:35.788	Notifications: 'Alozard: BUY SIGNAL ON GBPCAD' sent to 'A37163A9'
0	03:49:35.307	Notifications: 'Classical RSI bullish divergence on:  USOIL' sent to 'A37163A9'
0	03:49:47.082	'14109544': instant order buy 0.50 USTEC at 9846.64 sl: 0.00 tp: 0.00
0	03:49:47.410	'14109544': order was opened : #190173415 buy 0.50 USTEC at 9846.64 sl: 0.00 tp: 0.00
0	03:49:48.348	Notifications: 'order opened #190173415 buy 0.50 USTEC at 9846.64' sent to 'A37163A9'
0	03:54:26.232	'14109544': close order #190173415 buy 0.50 USTEC at 9846.64 sl: 0.00 tp: 0.00 at price 9839.83
0	03:54:26.550	'14109544': order #190173415 buy 0.50 USTEC at 9846.64 sl: 0.00 tp: 0.00 closed at price 9839.83
0	03:54:27.435	Notifications: 'order #190173415 buy 0.50 USTEC at 9846.64 closed at price 9839.83, profit: -3.41 USD' sent to 'A37163A9'
0	03:56:31.142	Notifications: 'Classical RSI bullish divergence on:  USTEC' sent to 'A37163A9'
0	03:58:51.938	'14109544': instant order buy 0.10 EURJPY at 120.446 sl: 0.000 tp: 0.000
0	03:58:52.495	'14109544': order was opened : #190174124 buy 0.10 EURJPY at 120.446 sl: 0.000 tp: 0.000
0	03:58:53.095	Notifications: 'order opened #190174124 buy 0.10 EURJPY at 120.446' sent to 'A37163A9'
0	03:59:57.950	'14109544': modify order #190174124 buy 0.10 EURJPY at 120.446 sl: 0.000 tp: 0.000 -> sl: 119.500 tp: 121.500
0	03:59:58.266	'14109544': order #190174124 buy 0.10 EURJPY at 120.446 was modified -> sl: 119.500 tp: 121.500
0	03:59:59.160	Notifications: 'order #190174124 buy 0.10 EURJPY at 120.446 modified: sl: 0.000 tp: 0.000 -> sl: 119.500 tp: 121.500' sent to 'A37163A9'
2	04:00:42.556	Custom indicator AIMS Levels V2 CADJPY,H4: removed
2	04:00:42.557	Custom indicator AIMS Entry Alert V1 CADJPY,H4: removed
2	04:00:42.560	Custom indicator CandleTimer CADJPY,H4: removed
2	04:00:42.562	Custom indicator #Signal_Bars_v6 CADJPY,H4: removed
2	04:00:42.564	Custom indicator TrendEnvelopes_v1 CADJPY,H4: removed
2	04:00:42.565	Custom indicator AIMS AO V.2.1 CADJPY,H4: removed
2	04:00:42.567	Custom indicator IVT_MACD_ZERO_LAG CADJPY,H4: removed
2	04:00:42.569	Custom indicator RSI Divergence Levels CADJPY,H4: removed
2	04:00:42.570	Custom indicator JoeChalhoub_FXForecasterV1 CADJPY,H4: removed
2	04:00:42.581	Custom indicator CandleTimer_Am CADJPY,H4: loaded successfully
2	04:00:42.648	Custom indicator FX-Agency Advisor 3 CADJPY,H4: loaded successfully
2	04:01:10.347	Custom indicator CandleTimer_Am CADJPY,M30: removed
2	04:01:10.347	Custom indicator FX-Agency Advisor 3 CADJPY,M30: removed
2	04:01:10.430	Custom indicator FL1 CADJPY,M30: loaded successfully
2	04:01:10.512	Custom indicator FL2 CADJPY,M30: loaded successfully
2	04:01:10.589	Custom indicator FL2 CADJPY,M30: loaded successfully
2	04:01:10.681	Custom indicator FL2 CADJPY,M30: loaded successfully
2	04:01:10.759	Custom indicator FL2 CADJPY,M30: loaded successfully
2	04:01:10.834	Custom indicator FL2 CADJPY,M30: loaded successfully
2	04:01:10.901	Custom indicator FL2 CADJPY,M30: loaded successfully
2	04:01:10.978	Custom indicator FL2 CADJPY,M30: loaded successfully
2	04:01:11.054	Custom indicator FL2 CADJPY,M30: loaded successfully
2	04:01:11.129	Custom indicator Heiken Ashi CADJPY,M30: loaded successfully
2	04:01:11.194	Custom indicator BrainTrend2SigALERT5 CADJPY,M30: loaded successfully
2	04:01:11.259	Custom indicator FL03 CADJPY,M30: loaded successfully
2	04:01:11.278	Custom indicator currency-power-meter-indicator CADJPY,M30: loaded successfully
2	04:01:11.347	Custom indicator DXTrade Info v9 CADJPY,M30: loaded successfully
2	04:01:11.414	Custom indicator THV3 Market Hours CADJPY,M30: loaded successfully
2	04:01:11.420	Custom indicator JokerFilter CADJPY,M30: loaded successfully
2	04:01:36.451	Custom indicator FL1 CADJPY,M30: removed
2	04:01:36.451	Custom indicator FL2 CADJPY,M30: removed
2	04:01:36.451	Custom indicator FL2 CADJPY,M30: removed
2	04:01:36.451	Custom indicator FL2 CADJPY,M30: removed
2	04:01:36.452	Custom indicator FL2 CADJPY,M30: removed
2	04:01:36.452	Custom indicator FL2 CADJPY,M30: removed
2	04:01:36.452	Custom indicator FL2 CADJPY,M30: removed
2	04:01:36.452	Custom indicator FL2 CADJPY,M30: removed
2	04:01:36.452	Custom indicator FL2 CADJPY,M30: removed
2	04:01:36.452	Custom indicator Heiken Ashi CADJPY,M30: removed
2	04:01:36.452	Custom indicator BrainTrend2SigALERT5 CADJPY,M30: removed
2	04:01:36.452	Custom indicator FL03 CADJPY,M30: removed
2	04:01:36.454	Custom indicator currency-power-meter-indicator CADJPY,M30: removed
2	04:01:36.454	Custom indicator DXTrade Info v9 CADJPY,M30: removed
2	04:01:36.454	Custom indicator THV3 Market Hours CADJPY,M30: removed
2	04:01:36.456	Custom indicator JokerFilter CADJPY,M30: removed
2	04:01:36.540	Custom indicator FL1 CADJPY,M30: loaded successfully
2	04:01:36.603	Custom indicator FL2 CADJPY,M30: loaded successfully
2	04:01:36.667	Custom indicator FL2 CADJPY,M30: loaded successfully
2	04:01:36.732	Custom indicator FL2 CADJPY,M30: loaded successfully
2	04:01:36.797	Custom indicator FL2 CADJPY,M30: loaded successfully
2	04:01:36.862	Custom indicator FL2 CADJPY,M30: loaded successfully
2	04:01:36.924	Custom indicator FL2 CADJPY,M30: loaded successfully
2	04:01:36.985	Custom indicator FL2 CADJPY,M30: loaded successfully
2	04:01:37.047	Custom indicator FL2 CADJPY,M30: loaded successfully
2	04:01:37.111	Custom indicator Heiken Ashi CADJPY,M30: loaded successfully
2	04:01:37.120	Custom indicator currency-power-meter-indicator CADJPY,M30: loaded successfully
2	04:01:37.183	Custom indicator DXTrade Info v9 CADJPY,M30: loaded successfully
2	04:01:37.194	Custom indicator DDFX_3_BBStop_v4 CADJPY,M30: loaded successfully
2	04:01:37.259	Custom indicator THV3 Market Hours CADJPY,M30: loaded successfully
2	04:01:37.267	Custom indicator Forex Alozard Indicator CADJPY,M30: loaded successfully
2	04:01:37.333	Custom indicator ProfitableStrategy_16 CADJPY,M30: loaded successfully
2	04:01:37.342	Custom indicator Timer-Best CADJPY,M30: loaded successfully
2	04:01:37.349	Custom indicator JokerFilter CADJPY,M30: loaded successfully
0	04:07:35.611	Notifications: 'Classical RSI bearish divergence on:  US30' sent to 'A37163A9'
0	04:10:36.444	Notifications: 'Classical RSI bearish divergence on:  US30' sent to 'A37163A9'
0	04:12:02.876	'14109544': pending order buy stop 0.10 EURUSD at 1.13060 sl: 1.12500 tp: 1.14240
0	04:12:03.157	'14109544': order was opened : #190175346 buy stop 0.10 EURUSD at 1.13060 sl: 1.12500 tp: 1.14240
0	04:12:04.046	Notifications: 'pending order opened #190175346 buy stop 0.10 EURUSD at 1.13060 sl: 1.12500 tp: 1.14240' sent to 'A37163A9'
0	04:14:31.864	'14109544': pending order sell stop 0.10 EURUSD at 1.11800 sl: 1.12500 tp: 1.10900
0	04:14:32.250	'14109544': order was opened : #190175654 sell stop 0.10 EURUSD at 1.11800 sl: 1.12500 tp: 1.10900
0	04:14:33.136	Notifications: 'pending order opened #190175654 sell stop 0.10 EURUSD at 1.11800 sl: 1.12500 tp: 1.10900' sent to 'A37163A9'
0	04:16:35.947	Notifications: 'Classical RSI bullish divergence on:  XAUUSD' sent to 'A37163A9'
2	04:17:00.593	Custom indicator FL1 CADJPY,M30: removed
2	04:17:00.593	Custom indicator FL2 CADJPY,M30: removed
2	04:17:00.593	Custom indicator FL2 CADJPY,M30: removed
2	04:17:00.593	Custom indicator FL2 CADJPY,M30: removed
2	04:17:00.594	Custom indicator FL2 CADJPY,M30: removed
2	04:17:00.594	Custom indicator FL2 CADJPY,M30: removed
2	04:17:00.594	Custom indicator FL2 CADJPY,M30: removed
2	04:17:00.595	Custom indicator FL2 CADJPY,M30: removed
2	04:17:00.595	Custom indicator FL2 CADJPY,M30: removed
2	04:17:00.595	Custom indicator Heiken Ashi CADJPY,M30: removed
2	04:17:00.597	Custom indicator currency-power-meter-indicator CADJPY,M30: removed
2	04:17:00.597	Custom indicator DXTrade Info v9 CADJPY,M30: removed
2	04:17:00.598	Custom indicator DDFX_3_BBStop_v4 CADJPY,M30: removed
2	04:17:00.599	Custom indicator THV3 Market Hours CADJPY,M30: removed
2	04:17:00.601	Custom indicator Forex Alozard Indicator CADJPY,M30: removed
2	04:17:00.602	Custom indicator ProfitableStrategy_16 CADJPY,M30: removed
2	04:17:00.604	Custom indicator Timer-Best CADJPY,M30: removed
2	04:17:00.607	Custom indicator JokerFilter CADJPY,M30: removed
2	04:17:00.680	Custom indicator AIMS Levels V2 CADJPY,M30: loaded successfully
2	04:17:00.747	Custom indicator AIMS Entry Alert V1 CADJPY,M30: loaded successfully
2	04:17:00.755	Custom indicator CandleTimer CADJPY,M30: loaded successfully
2	04:17:00.820	Custom indicator #Signal_Bars_v6 CADJPY,M30: loaded successfully
2	04:17:00.830	Custom indicator TrendEnvelopes_v1 CADJPY,M30: loaded successfully
2	04:17:00.893	Custom indicator AIMS AO V.2.1 CADJPY,M30: loaded successfully
2	04:17:00.904	Custom indicator IVT_MACD_ZERO_LAG CADJPY,M30: loaded successfully
2	04:17:00.913	Custom indicator RSI Divergence Levels CADJPY,M30: loaded successfully
2	04:17:00.927	Custom indicator JoeChalhoub_FXForecasterV1 CADJPY,M30: loaded successfully
2	04:20:48.510	Custom indicator AIMS Levels V2 BTCUSD,H4: removed
2	04:20:48.511	Custom indicator AIMS Entry Alert V1 BTCUSD,H4: removed
2	04:20:48.514	Custom indicator CandleTimer BTCUSD,H4: removed
2	04:20:48.517	Custom indicator #Signal_Bars_v6 BTCUSD,H4: removed
2	04:20:48.519	Custom indicator TrendEnvelopes_v1 BTCUSD,H4: removed
2	04:20:48.521	Custom indicator AIMS AO V.2.1 BTCUSD,H4: removed
2	04:20:48.526	Custom indicator IVT_MACD_ZERO_LAG BTCUSD,H4: removed
2	04:20:48.530	Custom indicator RSI Divergence Levels BTCUSD,H4: removed
2	04:20:48.534	Custom indicator JoeChalhoub_FXForecasterV1 BTCUSD,H4: removed
2	04:21:08.870	Custom indicator AIMS Levels V2 AUDJPY,H1: loaded successfully
2	04:21:08.955	Custom indicator AIMS Entry Alert V1 AUDJPY,H1: loaded successfully
2	04:21:08.965	Custom indicator CandleTimer AUDJPY,H1: loaded successfully
2	04:21:09.059	Custom indicator #Signal_Bars_v6 AUDJPY,H1: loaded successfully
2	04:21:09.076	Custom indicator TrendEnvelopes_v1 AUDJPY,H1: loaded successfully
2	04:21:09.160	Custom indicator AIMS AO V.2.1 AUDJPY,H1: loaded successfully
2	04:21:09.169	Custom indicator IVT_MACD_ZERO_LAG AUDJPY,H1: loaded successfully
2	04:21:09.183	Custom indicator RSI Divergence Levels AUDJPY,H1: loaded successfully
2	04:21:09.200	Custom indicator JoeChalhoub_FXForecasterV1 AUDJPY,H1: loaded successfully
0	04:21:53.176	'14109544': instant order buy 0.10 AUDJPY at 73.709 sl: 0.000 tp: 0.000
0	04:21:53.496	'14109544': order was opened : #190176514 buy 0.10 AUDJPY at 73.709 sl: 0.000 tp: 0.000
0	04:21:54.383	Notifications: 'order opened #190176514 buy 0.10 AUDJPY at 73.709' sent to 'A37163A9'
0	04:22:35.460	'14109544': modify order #190176514 buy 0.10 AUDJPY at 73.709 sl: 0.000 tp: 0.000 -> sl: 72.635 tp: 76.333
0	04:22:36.065	'14109544': order #190176514 buy 0.10 AUDJPY at 73.709 was modified -> sl: 72.635 tp: 76.333
0	04:22:36.690	Notifications: 'order #190176514 buy 0.10 AUDJPY at 73.709 modified: sl: 0.000 tp: 0.000 -> sl: 72.635 tp: 76.333' sent to 'A37163A9'
0	04:31:36.357	Notifications: 'Classical RSI bearish divergence on:  US30' sent to 'A37163A9'
0	05:20:30.300	'14109544': instant order buy 0.10 GBPJPY at 132.624 sl: 0.000 tp: 0.000
0	05:20:30.609	'14109544': order was opened : #190181829 buy 0.10 GBPJPY at 132.624 sl: 0.000 tp: 0.000
0	05:20:31.499	Notifications: 'order opened #190181829 buy 0.10 GBPJPY at 132.624' sent to 'A37163A9'
0	05:30:15.559	'14109544': modify order #190181829 buy 0.10 GBPJPY at 132.624 sl: 0.000 tp: 0.000 -> sl: 131.650 tp: 0.000
0	05:30:16.141	'14109544': order #190181829 buy 0.10 GBPJPY at 132.624 was modified -> sl: 131.650 tp: 0.000
0	05:30:16.906	Notifications: 'order #190181829 buy 0.10 GBPJPY at 132.624 modified: sl: 0.000 tp: 0.000 -> sl: 131.650 tp: 0.000' sent to 'A37163A9'
0	05:30:38.209	'14109544': modify order #190181829 buy 0.10 GBPJPY at 132.624 sl: 131.650 tp: 0.000 -> sl: 131.650 tp: 134.262
0	05:30:38.528	'14109544': order #190181829 buy 0.10 GBPJPY at 132.624 was modified -> sl: 131.650 tp: 134.262
0	05:30:39.512	Notifications: 'order #190181829 buy 0.10 GBPJPY at 132.624 modified: sl: 131.650 tp: 0.000 -> sl: 131.650 tp: 134.262' sent to 'A37163A9'
0	05:54:35.268	Notifications: 'Classical RSI bearish divergence on:  XAUUSD' sent to 'A37163A9'
0	05:54:48.282	'14109544': close order #190181829 buy 0.10 GBPJPY at 132.624 sl: 131.650 tp: 134.262 at price 132.538
0	05:54:48.582	'14109544': order #190181829 buy 0.10 GBPJPY at 132.624 sl: 131.650 tp: 134.262 closed at price 132.538
0	05:54:49.455	Notifications: 'order #190181829 buy 0.10 GBPJPY at 132.624 closed at price 132.538, profit: -8.03 USD' sent to 'A37163A9'
0	06:32:35.387	Notifications: 'Classical RSI bullish divergence on:  US30' sent to 'A37163A9'
2	06:37:03.756	Custom indicator ZUP_v102 BTCUSD,M1: removed
0	06:37:34.050	'14109544': instant order buy 0.10 AUDCAD at 0.93969 sl: 0.00000 tp: 0.00000
0	06:37:34.375	'14109544': order was opened : #190188532 buy 0.10 AUDCAD at 0.93969 sl: 0.00000 tp: 0.00000
0	06:37:35.313	Notifications: 'order opened #190188532 buy 0.10 AUDCAD at 0.93969' sent to 'A37163A9'
0	06:38:31.060	'14109544': modify order #190188532 buy 0.10 AUDCAD at 0.93969 sl: 0.00000 tp: 0.00000 -> sl: 0.93500 tp: 0.94500
0	06:38:31.359	'14109544': order #190188532 buy 0.10 AUDCAD at 0.93969 was modified -> sl: 0.93500 tp: 0.94500
0	06:38:32.324	Notifications: 'order #190188532 buy 0.10 AUDCAD at 0.93969 modified: sl: 0.00000 tp: 0.00000 -> sl: 0.93500 tp: 0.94500' sent to 'A37163A9'
0	06:51:35.816	Notifications: 'Classical RSI bullish divergence on:  US30' sent to 'A37163A9'
0	06:59:35.636	Notifications: 'Alozard: BUY SIGNAL ON GBPCAD' sent to 'A37163A9'
0	07:41:40.863	'14109544': login datacenter on Exness-Real4
0	07:41:42.144	'14109544': login on Exness-Real4 through DC06 (ping: 315.10 ms)
0	07:41:44.712	'14109544': login datacenter on Exness-Real4 through DC06 (ping: 315.10 ms)
0	07:41:45.411	'14109544': previous successful authorization performed from 163.171.128.146
0	07:42:02.802	'14109544': auto connecting to a better access point DC00 (ping is 219.58 ms)
0	07:42:03.869	'14109544': login on Exness-Real4 through DC00 (ping: 219.58 ms)
0	07:42:05.733	'14109544': login datacenter on Exness-Real4 through DC00 (ping: 219.58 ms)
0	07:42:06.710	'14109544': previous successful authorization performed from 154.126.99.7
2	08:09:01.598	Custom indicator AIMS BRN US30,M1: loaded successfully
2	08:09:57.455	Custom indicator AIMS BRN AUDJPY,M1: loaded successfully
2	08:10:38.342	Custom indicator AIMS BRN AUDJPY,M1: removed
0	08:15:35.481	Notifications: 'Classical RSI bearish divergence on:  EURJPY' sent to 'A37163A9'
0	08:23:35.137	Notifications: 'Classical RSI bearish divergence on:  GBPJPY' sent to 'A37163A9'
0	08:27:50.097	Notifications: 'Classical RSI bearish divergence on:  EURJPY' sent to 'A37163A9'
0	08:30:35.258	Notifications: 'Classical RSI bearish divergence on:  EURJPY' sent to 'A37163A9'
0	08:38:34.934	Notifications: 'Classical RSI bearish divergence on:  GBPJPY' sent to 'A37163A9'
0	09:04:34.777	Notifications: 'Classical RSI bullish divergence on:  US30' sent to 'A37163A9'
0	09:08:34.954	Notifications: 'Classical RSI bullish divergence on:  US30' sent to 'A37163A9'
0	09:34:35.643	Notifications: 'Classical RSI bearish divergence on:  EURCAD' sent to 'A37163A9'
0	09:34:37.635	Notifications: 'Classical RSI bearish divergence on:  EURCHF' sent to 'A37163A9'
0	09:36:42.464	'14109544': login datacenter on Exness-Real4
0	09:36:45.236	'14109544': login on Exness-Real4 through DC06 (ping: 299.34 ms)
0	09:36:55.282	'14109544': login datacenter on Exness-Real4 through DC06 (ping: 299.34 ms)
0	09:36:56.687	'14109544': previous successful authorization performed from 220.242.138.56
0	09:37:33.816	'14109544': auto connecting to a better access point DC00 (ping is 235.00 ms)
0	09:37:34.547	'14109544': login on Exness-Real4 through DC00 (ping: 235.00 ms)
0	09:37:36.505	'14109544': login datacenter on Exness-Real4 through DC00 (ping: 235.00 ms)
0	09:37:37.589	'14109544': previous successful authorization performed from 154.126.99.7
1	09:38:53.843	'14109544': datacenter connecting failed [6]
0	09:38:54.871	'14109544': login on Exness-Real4 through DC06 (ping: 301.96 ms)
0	09:38:58.085	'14109544': login datacenter on Exness-Real4 through DC06 (ping: 301.96 ms)
0	09:38:59.494	'14109544': previous successful authorization performed from 163.171.132.139
1	09:42:20.354	'14109544': datacenter connecting failed [6]
0	09:42:23.808	'14109544': login on Exness-Real4 through DC05 (ping: 545.46 ms)
0	09:42:31.644	'14109544': login datacenter on Exness-Real4 through DC05 (ping: 545.46 ms)
0	09:42:32.757	'14109544': previous successful authorization performed from 154.126.99.7
0	09:44:30.127	'14109544': login datacenter on Exness-Real4
0	09:44:32.492	'14109544': login on Exness-Real4 through DC09 (ping: 637.89 ms)
0	09:45:34.403	'14109544': login datacenter on Exness-Real4
0	09:45:41.934	'14109544': login on Exness-Real4 through DC15 (ping: 679.35 ms)
0	09:46:01.916	'14109544': login datacenter on Exness-Real4 through DC15 (ping: 679.35 ms)
0	09:46:05.204	'14109544': previous successful authorization performed from 163.171.132.139
1	09:50:17.392	'14109544': connect failed [Connection échouée]
0	09:50:23.392	'14109544': login on Exness-Real4 through DC06 (ping: n/a)
0	09:50:25.970	'14109544': login datacenter on Exness-Real4 through DC06 (ping: n/a)
0	09:50:26.697	'14109544': previous successful authorization performed from 154.126.99.7
0	09:51:00.246	'14109544': ping to current access point DC06 is 305.60 ms
1	09:55:48.593	'14109544': datacenter connecting failed [6]
0	09:55:50.196	'14109544': login on Exness-Real4 through DC05 (ping: 564.94 ms)
0	09:56:47.032	'14109544': login datacenter on Exness-Real4 through DC05 (ping: 564.94 ms)
0	09:56:48.107	'14109544': previous successful authorization performed from 154.126.99.7
2	10:01:02.046	Custom indicator AIMS Levels V2 DE30,M1: removed
2	10:01:02.046	Custom indicator AIMS Entry Alert V1 DE30,M1: removed
2	10:01:02.050	Custom indicator CandleTimer DE30,M1: removed
2	10:01:02.050	Custom indicator #Signal_Bars_v6 DE30,M1: removed
2	10:01:02.052	Custom indicator TrendEnvelopes_v1 DE30,M1: removed
2	10:01:02.054	Custom indicator AIMS AO V.2.1 DE30,M1: removed
2	10:01:02.056	Custom indicator IVT_MACD_ZERO_LAG DE30,M1: removed
2	10:01:02.059	Custom indicator RSI Divergence Levels DE30,M1: removed
2	10:01:02.062	Custom indicator JoeChalhoub_FXForecasterV1 DE30,M1: removed
2	10:01:02.133	Custom indicator Heiken Ashi DE30,M1: loaded successfully
2	10:01:02.198	Custom indicator CHANNEL DE30,M1: loaded successfully
2	10:01:02.259	Custom indicator TARGET_LINES DE30,M1: loaded successfully
2	10:01:02.323	Custom indicator TREND-REVERS DE30,M1: loaded successfully
2	10:01:02.387	Custom indicator S&R DE30,M1: loaded successfully
2	10:01:02.454	Custom indicator ARROWS DE30,M1: loaded successfully
2	10:01:08.992	Custom indicator Heiken Ashi DE30,M1: removed
2	10:01:08.992	Custom indicator CHANNEL DE30,M1: removed
2	10:01:08.992	Custom indicator TARGET_LINES DE30,M1: removed
2	10:01:08.993	Custom indicator TREND-REVERS DE30,M1: removed
2	10:01:08.993	Custom indicator S&R DE30,M1: removed
2	10:01:08.993	Custom indicator ARROWS DE30,M1: removed
2	10:01:09.065	Custom indicator AIMS Levels V2 DE30,M1: loaded successfully
2	10:01:09.129	Custom indicator AIMS Entry Alert V1 DE30,M1: loaded successfully
2	10:01:09.136	Custom indicator CandleTimer DE30,M1: loaded successfully
2	10:01:09.198	Custom indicator #Signal_Bars_v6 DE30,M1: loaded successfully
2	10:01:09.207	Custom indicator TrendEnvelopes_v1 DE30,M1: loaded successfully
2	10:01:09.270	Custom indicator AIMS AO V.2.1 DE30,M1: loaded successfully
2	10:01:09.279	Custom indicator IVT_MACD_ZERO_LAG DE30,M1: loaded successfully
2	10:01:09.288	Custom indicator RSI Divergence Levels DE30,M1: loaded successfully
2	10:01:09.298	Custom indicator JoeChalhoub_FXForecasterV1 DE30,M1: loaded successfully
1	10:01:20.360	'14109544': datacenter connecting failed [6]
0	10:01:23.073	'14109544': login on Exness-Real4 through DC15 (ping: 667.61 ms)
0	10:02:24.348	'14109544': login datacenter on Exness-Real4
0	10:02:31.704	'14109544': login on Exness-Real4 through DC09 (ping: 676.88 ms)
0	10:03:00.025	'14109544': ping to current access point DC09 is 683.45 ms
0	10:03:33.333	'14109544': login datacenter on Exness-Real4
0	10:03:49.189	'14109544': login on Exness-Real4 through DC06 (ping: 305.19 ms)
0	10:04:49.879	'14109544': login datacenter on Exness-Real4
0	10:05:01.282	'14109544': login on Exness-Real4 through DC05 (ping: 548.99 ms)
0	10:05:14.756	'14109544': login datacenter on Exness-Real4 through DC05 (ping: 548.99 ms)
0	10:05:16.626	'14109544': previous successful authorization performed from 154.126.99.7
0	10:05:49.655	'14109544': ping to current access point DC05 is 548.88 ms
0	10:06:48.062	'14109544': login on Exness-Real4 through DC05 (ping: 548.88 ms)
0	10:07:49.131	'14109544': login datacenter on Exness-Real4
0	10:07:56.638	'14109544': login on Exness-Real4 through DC00 (ping: 246.02 ms)
0	10:07:59.544	'14109544': login datacenter on Exness-Real4 through DC00 (ping: 246.02 ms)
0	10:08:00.399	'14109544': previous successful authorization performed from 154.126.99.7
0	10:08:34.763	Notifications: 'Classical RSI bullish divergence on:  XAUUSD' sent to 'A37163A9'
0	10:13:35.465	Notifications: 'Classical RSI bearish divergence on:  USOIL' sent to 'A37163A9'
0	10:15:17.373	'14109544': instant order sell 0.60 DE30 at 12141.7 sl: 0.0 tp: 0.0
0	10:15:18.088	'14109544': order was opened : #190205435 sell 0.60 DE30 at 12141.7 sl: 0.0 tp: 0.0
0	10:15:18.714	Notifications: 'order opened #190205435 sell 0.60 DE30 at 12141.7' sent to 'A37163A9'
0	10:15:53.344	'14109544': instant order sell 0.60 DE30 at 12133.9 sl: 0.0 tp: 0.0
0	10:15:53.634	'14109544': order was opened : #190205496 sell 0.60 DE30 at 12133.9 sl: 0.0 tp: 0.0
0	10:15:54.522	Notifications: 'order opened #190205496 sell 0.60 DE30 at 12133.9' sent to 'A37163A9'
0	10:17:38.569	'14109544': close order #190205435 sell 0.60 DE30 at 12141.7 sl: 0.0 tp: 0.0 at price 12129.1
0	10:17:38.874	'14109544': order #190205435 sell 0.60 DE30 at 12141.7 sl: 0.0 tp: 0.0 closed at price 12129.1
0	10:17:39.756	Notifications: 'order #190205435 sell 0.60 DE30 at 12141.7 closed at price 12129.1, profit: 8.51 USD' sent to 'A37163A9'
0	10:21:01.804	'14109544': close order #190205496 sell 0.60 DE30 at 12133.9 sl: 0.0 tp: 0.0 at price 12167.3
0	10:21:02.107	'14109544': order #190205496 sell 0.60 DE30 at 12133.9 sl: 0.0 tp: 0.0 closed at price 12167.3
0	10:21:03.002	Notifications: 'order #190205496 sell 0.60 DE30 at 12133.9 closed at price 12167.3, profit: -22.55 USD' sent to 'A37163A9'
0	10:22:34.605	Notifications: 'Classical RSI bearish divergence on:  US30' sent to 'A37163A9'
0	10:22:35.504	Notifications: 'Classical RSI bearish divergence on:  DE30' sent to 'A37163A9'
0	10:23:27.872	'14109544': instant order sell 0.60 DE30 at 12144.4 sl: 0.0 tp: 0.0
0	10:23:28.189	'14109544': order was opened : #190206409 sell 0.60 DE30 at 12144.4 sl: 0.0 tp: 0.0
0	10:23:29.092	Notifications: 'order opened #190206409 sell 0.60 DE30 at 12144.4' sent to 'A37163A9'
0	10:25:52.970	'14109544': close order #190206409 sell 0.60 DE30 at 12144.4 sl: 0.0 tp: 0.0 at price 12170.8
0	10:25:53.290	'14109544': order #190206409 sell 0.60 DE30 at 12144.4 sl: 0.0 tp: 0.0 closed at price 12170.8
0	10:25:54.170	Notifications: 'order #190206409 sell 0.60 DE30 at 12144.4 closed at price 12170.8, profit: -17.82 USD' sent to 'A37163A9'
0	10:26:36.245	Notifications: 'Classical RSI bearish divergence on:  DE30' sent to 'A37163A9'
0	10:27:32.633	'14109544': instant order sell 0.60 DE30 at 12149.1 sl: 0.0 tp: 0.0
0	10:27:32.929	'14109544': requote 12148.1 / 12152.6 for open sell 0.60 DE30 at 12149.1 sl: 0.0 tp: 0.0
0	10:27:34.725	'14109544': instant order sell 0.60 DE30 at 12149.2 sl: 0.0 tp: 0.0
0	10:27:35.268	'14109544': order was opened : #190206845 sell 0.60 DE30 at 12149.2 sl: 0.0 tp: 0.0
0	10:27:36.156	Notifications: 'order opened #190206845 sell 0.60 DE30 at 12149.2' sent to 'A37163A9'
0	10:29:35.684	Notifications: 'Classical RSI bearish divergence on:  EURCHF' sent to 'A37163A9'
0	10:33:35.598	Notifications: 'Classical RSI bullish divergence on:  CHFJPY' sent to 'A37163A9'
0	10:44:23.423	'14109544': modify order #190206845 sell 0.60 DE30 at 12149.2 sl: 0.0 tp: 0.0 -> sl: 12152.3 tp: 0.0
0	10:44:23.717	'14109544': order #190206845 sell 0.60 DE30 at 12149.2 was modified -> sl: 12152.3 tp: 0.0
0	10:44:24.601	Notifications: 'order #190206845 sell 0.60 DE30 at 12149.2 modified: sl: 0.0 tp: 0.0 -> sl: 12152.3 tp: 0.0' sent to 'A37163A9'
0	10:44:53.782	'14109544': close order #190206845 sell 0.60 DE30 at 12149.2 sl: 12152.3 tp: 0.0 at price 12127.4
0	10:44:54.079	'14109544': order #190206845 sell 0.60 DE30 at 12149.2 sl: 12152.3 tp: 0.0 closed at price 12127.4
0	10:44:55.269	Notifications: 'order #190206845 sell 0.60 DE30 at 12149.2 closed at price 12127.4, profit: 14.71 USD' sent to 'A37163A9'
0	10:45:24.993	'14109544': instant order sell 0.60 DE30 at 12112.6 sl: 0.0 tp: 0.0
0	10:45:25.422	'14109544': order was opened : #190208961 sell 0.60 DE30 at 12112.6 sl: 0.0 tp: 0.0
0	10:45:26.305	Notifications: 'order opened #190208961 sell 0.60 DE30 at 12112.6' sent to 'A37163A9'
0	10:49:13.952	'14109544': close order #190208961 sell 0.60 DE30 at 12112.6 sl: 0.0 tp: 0.0 at price 12073.0
0	10:49:14.250	'14109544': order #190208961 sell 0.60 DE30 at 12112.6 sl: 0.0 tp: 0.0 closed at price 12073.0
0	10:49:15.118	Notifications: 'order #190208961 sell 0.60 DE30 at 12112.6 closed at price 12073.0, profit: 26.72 USD' sent to 'A37163A9'
0	11:00:27.459	'14109544': instant order sell 0.60 DE30 at 12096.8 sl: 0.0 tp: 0.0
0	11:00:27.762	'14109544': requote 12095.8 / 12099.9 for open sell 0.60 DE30 at 12096.8 sl: 0.0 tp: 0.0
0	11:00:28.995	'14109544': instant order sell 0.60 DE30 at 12094.8 sl: 0.0 tp: 0.0
0	11:00:29.309	'14109544': order was opened : #190210610 sell 0.60 DE30 at 12094.8 sl: 0.0 tp: 0.0
0	11:00:30.185	Notifications: 'order opened #190210610 sell 0.60 DE30 at 12094.8' sent to 'A37163A9'
0	11:01:40.566	'14109544': close order #190210610 sell 0.60 DE30 at 12094.8 sl: 0.0 tp: 0.0 at price 12085.4
0	11:01:41.297	'14109544': requote 12082.6 / 12086.7 for order #190210610 sell 0.60 DE30 closing at 12085.4
0	11:04:28.280	'14109544': close order #190210610 sell 0.60 DE30 at 12094.8 sl: 0.0 tp: 0.0 at price 12079.1
0	11:04:28.588	'14109544': order #190210610 sell 0.60 DE30 at 12094.8 sl: 0.0 tp: 0.0 closed at price 12079.1
0	11:04:29.516	Notifications: 'order #190210610 sell 0.60 DE30 at 12094.8 closed at price 12079.1, profit: 10.59 USD' sent to 'A37163A9'
0	11:13:35.170	Notifications: 'Classical RSI bullish divergence on:  GBPJPY' sent to 'A37163A9'
0	11:13:42.200	'14109544': instant order sell 0.60 DE30 at 12036.1 sl: 0.0 tp: 0.0
0	11:13:42.522	'14109544': order was opened : #190212355 sell 0.60 DE30 at 12036.1 sl: 0.0 tp: 0.0
0	11:13:43.844	Notifications: 'order opened #190212355 sell 0.60 DE30 at 12036.1' sent to 'A37163A9'
0	11:18:34.838	Notifications: 'Classical RSI bearish divergence on:  CHFJPY' sent to 'A37163A9'
0	11:29:35.847	Notifications: 'Alozard: SELL SIGNAL ON GBPCAD' sent to 'A37163A9'
0	11:32:43.845	Notifications: 'Classical RSI bearish divergence on:  CHFJPY' sent to 'A37163A9'
0	11:40:09.234	'14109544': modify order #190212355 sell 0.60 DE30 at 12036.1 sl: 0.0 tp: 0.0 -> sl: 0.0 tp: 12036.0
0	11:40:09.569	'14109544': order #190212355 sell 0.60 DE30 at 12036.1 was modified -> sl: 0.0 tp: 12036.0
0	11:40:10.957	Notifications: 'order #190212355 sell 0.60 DE30 at 12036.1 modified: sl: 0.0 tp: 0.0 -> sl: 0.0 tp: 12036.0' sent to 'A37163A9'
0	11:41:39.141	'14109544': modify order #190212355 sell 0.60 DE30 at 12036.1 sl: 0.0 tp: 12036.0 -> sl: 0.0 tp: 11996.4
0	11:41:39.453	'14109544': order #190212355 sell 0.60 DE30 at 12036.1 was modified -> sl: 0.0 tp: 11996.4
0	11:41:40.590	Notifications: 'order #190212355 sell 0.60 DE30 at 12036.1 modified: sl: 0.0 tp: 12036.0 -> sl: 0.0 tp: 11996.4' sent to 'A37163A9'
0	11:44:36.024	Notifications: 'Classical RSI bearish divergence on:  EURJPY' sent to 'A37163A9'
0	11:54:35.294	Notifications: 'Classical RSI bearish divergence on:  US30' sent to 'A37163A9'
2	11:58:48.058	Custom indicator Admiral Pivot DE30,M1: loaded successfully
0	12:00:01.095	'14109544': login datacenter on Exness-Real4
0	12:00:02.975	'14109544': login on Exness-Real4 through DC06 (ping: 305.36 ms)
0	12:00:08.198	'14109544': login datacenter on Exness-Real4 through DC06 (ping: 305.36 ms)
0	12:00:08.958	'14109544': previous successful authorization performed from 220.242.139.62
0	12:00:33.599	'14109544': auto connecting to a better access point DC00 (ping is 215.31 ms)
0	12:00:35.387	'14109544': login on Exness-Real4 through DC00 (ping: 215.31 ms)
0	12:00:49.304	'14109544': login datacenter on Exness-Real4 through DC00 (ping: 215.31 ms)
0	12:00:50.101	'14109544': previous successful authorization performed from 154.126.99.7
1	12:01:48.285	'14109544': datacenter connecting failed [6]
0	12:01:49.331	'14109544': login on Exness-Real4 through DC06 (ping: 317.55 ms)
0	12:01:52.386	'14109544': login datacenter on Exness-Real4 through DC06 (ping: 317.55 ms)
0	12:01:53.603	'14109544': previous successful authorization performed from 220.242.139.10
1	12:03:26.372	'14109544': datacenter connecting failed [6]
0	12:03:27.905	'14109544': login on Exness-Real4 through DC05 (ping: 565.39 ms)
0	12:03:31.890	'14109544': login datacenter on Exness-Real4 through DC05 (ping: 565.39 ms)
0	12:03:33.374	'14109544': previous successful authorization performed from 163.171.130.55
0	12:17:35.824	Notifications: 'Classical RSI bullish divergence on:  GBPJPY' sent to 'A37163A9'
0	12:28:06.512	'14109544': login on Exness-Real4 through DC15 (ping: 617.83 ms)
0	12:29:08.187	'14109544': login datacenter on Exness-Real4
0	12:29:15.397	'14109544': login on Exness-Real4 through DC09 (ping: 689.03 ms)
0	12:29:43.144	'14109544': ping to current access point DC09 is 700.11 ms
0	12:29:56.289	'14109544': login datacenter on Exness-Real4 through DC00 (ping: 222.73 ms)
0	12:30:05.505	'14109544': login on Exness-Real4 through DC00 (ping: 222.73 ms)
0	12:30:35.269	'14109544': login datacenter on Exness-Real4 through DC00 (ping: 222.73 ms)
0	12:30:36.078	'14109544': previous successful authorization performed from 154.126.99.7
0	12:33:34.726	Notifications: 'Classical RSI bullish divergence on:  XAUUSD' sent to 'A37163A9'
0	12:35:34.335	Notifications: 'Classical RSI bearish divergence on:  EURJPY' sent to 'A37163A9'
0	12:35:35.232	Notifications: 'Classical RSI bearish divergence on:  CHFJPY' sent to 'A37163A9'
0	12:36:35.918	Notifications: 'Classical RSI bearish divergence on:  USOIL' sent to 'A37163A9'
0	12:50:34.605	Notifications: 'Classical RSI bearish divergence on:  US30' sent to 'A37163A9'
0	12:50:35.588	Notifications: 'Classical RSI bearish divergence on:  USOIL' sent to 'A37163A9'
0	12:50:37.138	Notifications: 'Classical RSI bearish divergence on:  EURJPY' sent to 'A37163A9'
0	12:50:38.110	Notifications: 'Classical RSI bearish divergence on:  CHFJPY' sent to 'A37163A9'
0	12:53:34.437	Notifications: 'Classical RSI bearish divergence on:  US30' sent to 'A37163A9'
0	12:53:35.321	Notifications: 'Classical RSI bearish divergence on:  USOIL' sent to 'A37163A9'
1	12:55:56.926	'14109544': ping failed
1	12:56:07.951	'14109544': datacenter connecting failed [6]
1	12:57:09.383	'14109544': connect failed [Connection échouée]
0	13:13:41.994	'14109544': login on Exness-Real4 through DC15 (ping: n/a)
0	13:13:47.068	'14109544': login datacenter on Exness-Real4 through DC15 (ping: n/a)
0	13:13:48.244	'14109544': previous successful authorization performed from 197.149.44.93
0	13:14:09.667	'14109544': ping to current access point DC15 is 605.25 ms
0	13:14:18.946	Notifications: 'Classical RSI bearish divergence on:  CHFJPY' sent to 'A37163A9'
1	13:16:27.613	'14109544': ping failed
1	13:16:27.615	'14109544': datacenter connecting failed [6]
1	13:17:28.387	'14109544': connect failed [Connection échouée]
0	13:44:24.634	'14109544': login on Exness-Real4 through DC06 (ping: n/a)
0	13:44:27.319	'14109544': login datacenter on Exness-Real4 through DC06 (ping: n/a)
0	13:44:28.076	'14109544': previous successful authorization performed from 197.149.44.93
0	13:44:28.864	Notifications: 'Classical RSI bullish divergence on:  GBPAUD' sent to 'A37163A9'
0	13:44:29.737	Notifications: 'Classical RSI bearish divergence on:  XAUUSD' sent to 'A37163A9'
0	13:44:54.508	'14109544': ping to current access point DC06 is 297.78 ms
0	13:52:34.592	Notifications: 'Classical RSI bearish divergence on:  USOIL' sent to 'A37163A9'
0	13:56:35.125	Notifications: 'Classical RSI bearish divergence on:  USOIL' sent to 'A37163A9'
0	14:34:34.935	Notifications: 'Classical RSI bullish divergence on:  GBPAUD' sent to 'A37163A9'
0	14:35:36.125	Notifications: 'Classical RSI bullish divergence on:  CHFJPY' sent to 'A37163A9'
0	14:36:35.252	Notifications: 'Classical RSI bearish divergence on:  XAUUSD' sent to 'A37163A9'
0	15:02:34.382	Notifications: 'Classical RSI bearish divergence on:  USOIL' sent to 'A37163A9'
0	15:08:35.984	Notifications: 'Classical RSI bearish divergence on:  USOIL' sent to 'A37163A9'
0	15:13:36.368	Notifications: 'Classical RSI bearish divergence on:  USOIL' sent to 'A37163A9'
0	15:19:34.463	Notifications: 'Classical RSI bearish divergence on:  EURCHF' sent to 'A37163A9'
0	15:36:35.709	Notifications: 'Classical RSI bullish divergence on:  XAUUSD' sent to 'A37163A9'
0	15:39:40.006	Notifications: 'Classical RSI bearish divergence on:  EURCHF' sent to 'A37163A9'
0	15:57:34.789	Notifications: 'Classical RSI bullish divergence on:  DE30' sent to 'A37163A9'
0	15:59:35.011	Notifications: 'Classical RSI bearish divergence on:  EURCHF' sent to 'A37163A9'
0	16:14:37.307	Notifications: 'Classical RSI bearish divergence on:  EURCHF' sent to 'A37163A9'
0	16:34:34.273	Notifications: 'Classical RSI bearish divergence on:  EURCHF' sent to 'A37163A9'
1	16:40:56.395	'14109544': ping failed
0	16:40:57.232	'14109544': login on Exness-Real4 through DC06 (ping: 297.78 ms)
0	16:41:01.034	'14109544': login datacenter on Exness-Real4 through DC06 (ping: 297.78 ms)
0	16:41:01.745	'14109544': previous successful authorization performed from 197.149.44.93
0	16:41:21.566	'14109544': ping to current access point DC06 is 306.17 ms
0	16:59:36.038	Notifications: 'Classical RSI bearish divergence on:  EURCHF' sent to 'A37163A9'
0	16:59:36.925	Notifications: 'Alozard: BUY SIGNAL ON USDCAD' sent to 'A37163A9'
0	17:14:34.009	Notifications: 'Classical RSI bearish divergence on:  US30' sent to 'A37163A9'
0	17:14:35.021	Notifications: 'Classical RSI bearish divergence on:  CHFJPY' sent to 'A37163A9'
0	17:18:38.100	Notifications: 'Classical RSI bearish divergence on:  GBPJPY' sent to 'A37163A9'
0	17:20:33.938	Notifications: 'Classical RSI bearish divergence on:  US30' sent to 'A37163A9'
0	17:22:34.477	Notifications: 'Classical RSI bearish divergence on:  USOIL' sent to 'A37163A9'
0	17:24:33.821	Notifications: 'Classical RSI bearish divergence on:  DE30' sent to 'A37163A9'
0	17:24:35.832	Notifications: 'Classical RSI bearish divergence on:  US30' sent to 'A37163A9'
0	17:24:36.722	Notifications: 'Classical RSI bearish divergence on:  USOIL' sent to 'A37163A9'
0	17:27:34.547	Notifications: 'Classical RSI bearish divergence on:  US30' sent to 'A37163A9'
0	17:27:35.911	Notifications: 'Classical RSI bearish divergence on:  USOIL' sent to 'A37163A9'
0	17:32:33.801	Notifications: 'Classical RSI bearish divergence on:  DE30' sent to 'A37163A9'
0	17:36:34.332	Notifications: 'Classical RSI bearish divergence on:  DE30' sent to 'A37163A9'
0	17:40:11.356	'14109544': order #190212355 sell 0.60 DE30 at 12036.1 closed due stop-loss at price 12282.0
0	17:40:12.306	Notifications: 'order #190212355 sell 0.60 DE30 at 12036.1 closed due stop-loss at price 12282.0, profit: -165.88 USD' sent to 'A37163A9'
0	18:06:35.508	Notifications: 'Classical RSI bullish divergence on:  GBPJPY' sent to 'A37163A9'
0	18:34:35.892	Notifications: 'Classical RSI bearish divergence on:  EURCHF' sent to 'A37163A9'
0	18:38:34.333	Notifications: 'Classical RSI bullish divergence on:  XAUUSD' sent to 'A37163A9'
0	19:00:34.405	Notifications: 'Classical RSI bearish divergence on:  GBPJPY' sent to 'A37163A9'
0	19:11:35.490	Notifications: 'Classical RSI bullish divergence on:  CHFJPY' sent to 'A37163A9'
0	19:15:40.009	Notifications: 'Classical RSI bullish divergence on:  CHFJPY' sent to 'A37163A9'
0	19:18:33.722	Notifications: 'Classical RSI bullish divergence on:  CHFJPY' sent to 'A37163A9'
0	19:27:34.663	Notifications: 'Classical RSI bearish divergence on:  GBPJPY' sent to 'A37163A9'
0	19:30:34.043	Notifications: 'Classical RSI bearish divergence on:  GBPJPY' sent to 'A37163A9'
1	19:32:02.413	'14109544': datacenter connecting failed [6]
1	19:33:04.397	'14109544': connect failed [Connection échouée]
0	19:59:48.860	'14109544': login on Exness-Real4 through DC05 (ping: n/a)
0	19:59:53.177	'14109544': login datacenter on Exness-Real4 through DC05 (ping: n/a)
0	19:59:54.276	'14109544': previous successful authorization performed from 197.149.44.93
0	19:59:54.868	Notifications: 'Classical RSI bearish divergence on:  DE30' sent to 'A37163A9'
0	20:00:17.787	'14109544': auto connecting to a better access point DC00 (ping is 218.60 ms)
0	20:00:18.571	'14109544': login on Exness-Real4 through DC00 (ping: 218.60 ms)
0	20:00:20.413	'14109544': login datacenter on Exness-Real4 through DC00 (ping: 218.60 ms)
0	20:00:21.491	'14109544': previous successful authorization performed from 197.149.21.122
0	20:00:33.880	Notifications: 'Classical RSI bearish divergence on:  USOIL' sent to 'A37163A9'
0	20:05:34.347	Notifications: 'Classical RSI bullish divergence on:  US30' sent to 'A37163A9'
0	20:39:05.490	'14109544': close order #190174124 buy 0.10 EURJPY at 120.446 sl: 119.500 tp: 121.500 at price 121.012
0	20:39:05.802	'14109544': order #190174124 buy 0.10 EURJPY at 120.446 sl: 119.500 tp: 121.500 closed at price 121.012
0	20:39:06.720	Notifications: 'order #190174124 buy 0.10 EURJPY at 120.446 closed at price 121.012, profit: 52.54 USD' sent to 'A37163A9'
0	20:59:34.426	Notifications: 'Classical RSI bullish divergence on:  GBPCAD' sent to 'A37163A9'
2	20:59:52.820	Custom indicator AIMS Levels V2 EURGBP,H1: loaded successfully
2	20:59:52.914	Custom indicator AIMS Entry Alert V1 EURGBP,H1: loaded successfully
2	20:59:52.935	Custom indicator CandleTimer EURGBP,H1: loaded successfully
2	20:59:53.026	Custom indicator #Signal_Bars_v6 EURGBP,H1: loaded successfully
2	20:59:53.044	Custom indicator TrendEnvelopes_v1 EURGBP,H1: loaded successfully
2	20:59:53.141	Custom indicator AIMS AO V.2.1 EURGBP,H1: loaded successfully
2	20:59:53.163	Custom indicator IVT_MACD_ZERO_LAG EURGBP,H1: loaded successfully
2	20:59:53.178	Custom indicator RSI Divergence Levels EURGBP,H1: loaded successfully
2	20:59:53.202	Custom indicator JoeChalhoub_FXForecasterV1 EURGBP,H1: loaded successfully
2	21:21:42.070	Custom indicator AIMS Levels V2 GBPUSD,H1: loaded successfully
2	21:21:42.139	Custom indicator AIMS Entry Alert V1 GBPUSD,H1: loaded successfully
2	21:21:42.148	Custom indicator CandleTimer GBPUSD,H1: loaded successfully
2	21:21:42.219	Custom indicator #Signal_Bars_v6 GBPUSD,H1: loaded successfully
2	21:21:42.232	Custom indicator TrendEnvelopes_v1 GBPUSD,H1: loaded successfully
2	21:21:42.300	Custom indicator AIMS AO V.2.1 GBPUSD,H1: loaded successfully
2	21:21:42.310	Custom indicator IVT_MACD_ZERO_LAG GBPUSD,H1: loaded successfully
2	21:21:42.321	Custom indicator RSI Divergence Levels GBPUSD,H1: loaded successfully
2	21:21:42.342	Custom indicator JoeChalhoub_FXForecasterV1 GBPUSD,H1: loaded successfully
0	21:22:03.890	'14109544': instant order sell 0.10 GBPUSD at 1.22891 sl: 0.00000 tp: 0.00000
0	21:22:04.195	'14109544': order was opened : #190282752 sell 0.10 GBPUSD at 1.22891 sl: 0.00000 tp: 0.00000
0	21:22:05.371	Notifications: 'order opened #190282752 sell 0.10 GBPUSD at 1.22891' sent to 'A37163A9'
0	21:23:06.444	'14109544': modify order #190282752 sell 0.10 GBPUSD at 1.22891 sl: 0.00000 tp: 0.00000 -> sl: 1.24100 tp: 1.20850
0	21:23:06.736	'14109544': order #190282752 sell 0.10 GBPUSD at 1.22891 was modified -> sl: 1.24100 tp: 1.20850
0	21:23:07.716	Notifications: 'order #190282752 sell 0.10 GBPUSD at 1.22891 modified: sl: 0.00000 tp: 0.00000 -> sl: 1.24100 tp: 1.20850' sent to 'A37163A9'
2	21:26:33.654	Custom indicator AIMS Levels V2 FB,H1: loaded successfully
2	21:26:33.726	Custom indicator AIMS Entry Alert V1 FB,H1: loaded successfully
2	21:26:33.736	Custom indicator CandleTimer FB,H1: loaded successfully
2	21:26:33.817	Custom indicator #Signal_Bars_v6 FB,H1: loaded successfully
2	21:26:33.827	Custom indicator TrendEnvelopes_v1 FB,H1: loaded successfully
2	21:26:33.906	Custom indicator AIMS AO V.2.1 FB,H1: loaded successfully
2	21:26:33.917	Custom indicator IVT_MACD_ZERO_LAG FB,H1: loaded successfully
2	21:26:33.928	Custom indicator RSI Divergence Levels FB,H1: loaded successfully
2	21:26:33.945	Custom indicator JoeChalhoub_FXForecasterV1 FB,H1: loaded successfully
0	21:28:30.189	'8221994': login on Exness-Trial2 through DC00 (ping: 214.89 ms)
0	21:28:32.855	'8221994': login datacenter on Exness-Trial2 through DC00 (ping: 214.89 ms)
0	21:28:33.662	'8221994': previous successful authorization performed from 154.126.99.7
0	21:28:43.400	'8221994': ping to current access point DC00 is 216.89 ms
1	21:29:28.243	'8221994': order sell 1.00 FB opening at 219.51 sl: 0.00 tp: 0.00 failed [Not enough money]
1	21:29:28.243	'8221994': order #0 sell 1.00 FB at 219.51 failed [Not enough money]
1	21:29:33.277	'8221994': order sell 1.00 FB opening at 219.46 sl: 0.00 tp: 0.00 failed [Not enough money]
1	21:29:33.277	'8221994': order #0 sell 1.00 FB at 219.46 failed [Not enough money]
1	21:29:34.577	'8221994': order sell 1.00 FB opening at 219.47 sl: 0.00 tp: 0.00 failed [Not enough money]
1	21:29:34.577	'8221994': order #0 sell 1.00 FB at 219.47 failed [Not enough money]
1	21:29:35.928	'8221994': order sell 1.00 FB opening at 219.47 sl: 0.00 tp: 0.00 failed [Not enough money]
1	21:29:35.928	'8221994': order #0 sell 1.00 FB at 219.47 failed [Not enough money]
1	21:29:43.680	'8221994': order sell 1.00 FB opening at 219.50 sl: 0.00 tp: 0.00 failed [Not enough money]
1	21:29:43.680	'8221994': order #0 sell 1.00 FB at 219.50 failed [Not enough money]
0	21:29:48.547	'8221994': instant order sell 0.50 FB at 219.61 sl: 0.00 tp: 0.00
0	21:29:49.258	'8221994': order was opened : #247528384 sell 0.50 FB at 219.61 sl: 0.00 tp: 0.00
0	21:29:50.142	Notifications: 'order opened #247528384 sell 0.50 FB at 219.61' sent to 'A37163A9'
0	21:29:57.835	'8221994': close order #247528384 sell 0.50 FB at 219.61 sl: 0.00 tp: 0.00 at price 219.77
0	21:29:58.352	'8221994': order #247528384 sell 0.50 FB at 219.61 sl: 0.00 tp: 0.00 closed at price 219.77
0	21:29:59.226	Notifications: 'order #247528384 sell 0.50 FB at 219.61 closed at price 219.77, profit: -8.00 USD' sent to 'A37163A9'
0	21:30:05.914	'8221994': instant order sell 0.10 FB at 219.66 sl: 0.00 tp: 0.00
0	21:30:06.462	'8221994': order was opened : #247528400 sell 0.10 FB at 219.66 sl: 0.00 tp: 0.00
0	21:30:07.356	Notifications: 'order opened #247528400 sell 0.10 FB at 219.66' sent to 'A37163A9'
0	21:30:37.419	'8221994': instant order sell 0.20 FB at 219.67 sl: 0.00 tp: 0.00
0	21:30:37.965	'8221994': requote 219.62 / 219.71 for open sell 0.20 FB at 219.67 sl: 0.00 tp: 0.00
0	21:30:39.167	'8221994': instant order sell 0.20 FB at 219.60 sl: 0.00 tp: 0.00
0	21:30:39.655	'8221994': order was opened : #247528441 sell 0.20 FB at 219.60 sl: 0.00 tp: 0.00
0	21:30:40.613	Notifications: 'order opened #247528441 sell 0.20 FB at 219.60' sent to 'A37163A9'
0	21:30:42.939	'8221994': close order #247528400 sell 0.10 FB at 219.66 sl: 0.00 tp: 0.00 at price 219.69
0	21:30:43.515	'8221994': order #247528400 sell 0.10 FB at 219.66 sl: 0.00 tp: 0.00 closed at price 219.69
0	21:30:44.481	Notifications: 'order #247528400 sell 0.10 FB at 219.66 closed at price 219.69, profit: -0.30 USD' sent to 'A37163A9'
0	21:30:44.612	'8221994': close order #247528441 sell 0.20 FB at 219.60 sl: 0.00 tp: 0.00 at price 219.72
0	21:30:45.213	'8221994': order #247528441 sell 0.20 FB at 219.60 sl: 0.00 tp: 0.00 closed at price 219.72
0	21:30:46.096	Notifications: 'order #247528441 sell 0.20 FB at 219.60 closed at price 219.72, profit: -2.40 USD' sent to 'A37163A9'
0	21:30:47.665	'8221994': instant order sell 0.20 FB at 219.65 sl: 0.00 tp: 0.00
0	21:30:48.174	'8221994': order was opened : #247528453 sell 0.20 FB at 219.65 sl: 0.00 tp: 0.00
0	21:30:49.090	Notifications: 'order opened #247528453 sell 0.20 FB at 219.65' sent to 'A37163A9'
0	21:30:51.312	'8221994': close order #247528453 sell 0.20 FB at 219.65 sl: 0.00 tp: 0.00 at price 219.77
0	21:30:51.847	'8221994': order #247528453 sell 0.20 FB at 219.65 sl: 0.00 tp: 0.00 closed at price 219.77
0	21:30:52.791	Notifications: 'order #247528453 sell 0.20 FB at 219.65 closed at price 219.77, profit: -2.40 USD' sent to 'A37163A9'
0	21:30:57.252	'8221994': instant order sell 0.25 FB at 219.70 sl: 0.00 tp: 0.00
0	21:30:57.847	'8221994': order was opened : #247528468 sell 0.25 FB at 219.70 sl: 0.00 tp: 0.00
0	21:30:58.754	Notifications: 'order opened #247528468 sell 0.25 FB at 219.70' sent to 'A37163A9'
0	21:31:07.330	'8221994': close order #247528468 sell 0.25 FB at 219.70 sl: 0.00 tp: 0.00 at price 219.85
0	21:31:07.826	'8221994': order #247528468 sell 0.25 FB at 219.70 sl: 0.00 tp: 0.00 closed at price 219.85
0	21:31:08.703	Notifications: 'order #247528468 sell 0.25 FB at 219.70 closed at price 219.85, profit: -3.75 USD' sent to 'A37163A9'
0	21:31:24.494	'14109544': login on Exness-Real4 through DC00 (ping: 218.60 ms)
0	21:31:27.226	'14109544': login datacenter on Exness-Real4 through DC00 (ping: 218.60 ms)
0	21:31:28.252	'14109544': previous successful authorization performed from 197.149.44.93
0	21:31:47.405	'14109544': ping to current access point DC00 is 223.05 ms
0	21:33:58.185	'14109544': instant order sell 0.25 FB at 219.75 sl: 0.00 tp: 0.00
1	21:33:58.479	'14109544': order sell 0.25 FB opening at 219.75 sl: 0.00 tp: 0.00 failed [Not enough money]
0	21:34:12.846	'14109544': instant order sell 0.25 FB at 219.71 sl: 0.00 tp: 0.00
1	21:34:13.126	'14109544': order sell 0.25 FB opening at 219.71 sl: 0.00 tp: 0.00 failed [Not enough money]
0	21:34:26.384	'14109544': instant order sell 0.25 FB at 219.73 sl: 0.00 tp: 0.00
1	21:34:26.679	'14109544': order sell 0.25 FB opening at 219.73 sl: 0.00 tp: 0.00 failed [Not enough money]
0	21:34:33.645	'14109544': instant order sell 0.20 FB at 219.74 sl: 0.00 tp: 0.00
1	21:34:33.965	'14109544': order sell 0.20 FB opening at 219.74 sl: 0.00 tp: 0.00 failed [Not enough money]
0	21:34:41.057	'14109544': instant order sell 0.10 FB at 219.75 sl: 0.00 tp: 0.00
0	21:34:41.360	'14109544': order was opened : #190283066 sell 0.10 FB at 219.75 sl: 0.00 tp: 0.00
0	21:34:42.299	Notifications: 'order opened #190283066 sell 0.10 FB at 219.75' sent to 'A37163A9'
0	21:35:21.181	'14109544': modify order #190283066 sell 0.10 FB at 219.75 sl: 0.00 tp: 0.00 -> sl: 221.29 tp: 195.00
0	21:35:21.443	'14109544': order #190283066 sell 0.10 FB at 219.75 was modified -> sl: 221.29 tp: 195.00
0	21:35:22.324	Notifications: 'order #190283066 sell 0.10 FB at 219.75 modified: sl: 0.00 tp: 0.00 -> sl: 221.29 tp: 195.00' sent to 'A37163A9'
0	21:37:34.800	Notifications: 'Classical RSI bullish divergence on:  DE30' sent to 'A37163A9'
0	21:38:51.735	'14109544': pending order buy limit 0.10 EURGBP at 0.91232 sl: 0.90610 tp: 0.92043
0	21:38:51.998	'14109544': order was opened : #190283123 buy limit 0.10 EURGBP at 0.91232 sl: 0.90610 tp: 0.92043
0	21:38:52.943	Notifications: 'pending order opened #190283123 buy limit 0.10 EURGBP at 0.91232 sl: 0.90610 tp: 0.92043' sent to 'A37163A9'
2	21:40:25.779	Custom indicator AIMS Levels V2 DE30,M1: removed
2	21:40:25.780	Custom indicator AIMS Entry Alert V1 DE30,M1: removed
2	21:40:25.784	Custom indicator CandleTimer DE30,M1: removed
2	21:40:25.789	Custom indicator #Signal_Bars_v6 DE30,M1: removed
2	21:40:25.791	Custom indicator TrendEnvelopes_v1 DE30,M1: removed
2	21:40:25.793	Custom indicator Admiral Pivot DE30,M1: removed
2	21:40:25.793	Custom indicator AIMS AO V.2.1 DE30,M1: removed
2	21:40:25.795	Custom indicator IVT_MACD_ZERO_LAG DE30,M1: removed
2	21:40:25.796	Custom indicator RSI Divergence Levels DE30,M1: removed
2	21:40:25.801	Custom indicator JoeChalhoub_FXForecasterV1 DE30,M1: removed
2	21:40:25.805	Custom indicator AIMS Levels V2 US30,M1: removed
2	21:40:25.805	Custom indicator AIMS Entry Alert V1 US30,M1: removed
2	21:40:25.807	Custom indicator CandleTimer US30,M1: removed
2	21:40:25.808	Custom indicator #Signal_Bars_v6 US30,M1: removed
2	21:40:25.809	Custom indicator TrendEnvelopes_v1 US30,M1: removed
2	21:40:25.811	Custom indicator AIMS BRN US30,M1: removed
2	21:40:25.811	Custom indicator AIMS AO V.2.1 US30,M1: removed
2	21:40:25.813	Custom indicator IVT_MACD_ZERO_LAG US30,M1: removed
2	21:40:25.819	Custom indicator RSI Divergence Levels US30,M1: removed
2	21:40:25.821	Custom indicator JoeChalhoub_FXForecasterV1 US30,M1: removed
2	21:40:25.826	Custom indicator AIMS Levels V2 FR40,M5: removed
2	21:40:25.826	Custom indicator AIMS Entry Alert V1 FR40,M5: removed
2	21:40:25.828	Custom indicator CandleTimer FR40,M5: removed
2	21:40:25.829	Custom indicator #Signal_Bars_v6 FR40,M5: removed
2	21:40:25.829	Custom indicator AIMS AO V.2.1 FR40,M5: removed
2	21:40:25.831	Custom indicator IVT_MACD_ZERO_LAG FR40,M5: removed
2	21:40:25.835	Custom indicator RSI Divergence Levels FR40,M5: removed
2	21:40:25.838	Custom indicator AIMS Levels V2 USTEC,H1: removed
2	21:40:25.839	Custom indicator AIMS Entry Alert V1 USTEC,H1: removed
2	21:40:25.843	Custom indicator CandleTimer USTEC,H1: removed
2	21:40:25.844	Custom indicator #Signal_Bars_v6 USTEC,H1: removed
2	21:40:25.846	Custom indicator TrendEnvelopes_v1 USTEC,H1: removed
2	21:40:25.846	Custom indicator AIMS AO V.2.1 USTEC,H1: removed
2	21:40:25.851	Custom indicator IVT_MACD_ZERO_LAG USTEC,H1: removed
2	21:40:25.854	Custom indicator RSI Divergence Levels USTEC,H1: removed
2	21:40:25.857	Custom indicator JoeChalhoub_FXForecasterV1 USTEC,H1: removed
2	21:40:25.860	Custom indicator AIMS Levels V2 USOIL,M1: removed
2	21:40:25.861	Custom indicator AIMS Entry Alert V1 USOIL,M1: removed
2	21:40:25.863	Custom indicator CandleTimer USOIL,M1: removed
2	21:40:25.867	Custom indicator #Signal_Bars_v6 USOIL,M1: removed
2	21:40:25.869	Custom indicator TrendEnvelopes_v1 USOIL,M1: removed
2	21:40:25.869	Custom indicator AIMS AO V.2.1 USOIL,M1: removed
2	21:40:25.871	Custom indicator IVT_MACD_ZERO_LAG USOIL,M1: removed
2	21:40:25.874	Custom indicator RSI Divergence Levels USOIL,M1: removed
2	21:40:25.876	Custom indicator JoeChalhoub_FXForecasterV1 USOIL,M1: removed
2	21:40:25.879	Custom indicator AIMS Levels V2 XAUUSD,M1: removed
2	21:40:25.879	Custom indicator AIMS Entry Alert V1 XAUUSD,M1: removed
2	21:40:25.881	Custom indicator CandleTimer XAUUSD,M1: removed
2	21:40:25.882	Custom indicator #Signal_Bars_v6 XAUUSD,M1: removed
2	21:40:25.886	Custom indicator TrendEnvelopes_v1 XAUUSD,M1: removed
2	21:40:25.887	Custom indicator AIMS AO V.2.1 XAUUSD,M1: removed
2	21:40:25.888	Custom indicator IVT_MACD_ZERO_LAG XAUUSD,M1: removed
2	21:40:25.890	Custom indicator RSI Divergence Levels XAUUSD,M1: removed
2	21:40:25.892	Custom indicator JoeChalhoub_FXForecasterV1 XAUUSD,M1: removed
2	21:40:25.896	Custom indicator AIMS Levels V2 EURUSD,H4: removed
2	21:40:25.897	Custom indicator AIMS Entry Alert V1 EURUSD,H4: removed
2	21:40:25.901	Custom indicator CandleTimer EURUSD,H4: removed
2	21:40:25.902	Custom indicator #Signal_Bars_v6 EURUSD,H4: removed
2	21:40:25.903	Custom indicator TrendEnvelopes_v1 EURUSD,H4: removed
2	21:40:25.904	Custom indicator AIMS AO V.2.1 EURUSD,H4: removed
2	21:40:25.907	Custom indicator IVT_MACD_ZERO_LAG EURUSD,H4: removed
2	21:40:25.909	Custom indicator RSI Divergence Levels EURUSD,H4: removed
2	21:40:25.911	Custom indicator JoeChalhoub_FXForecasterV1 EURUSD,H4: removed
2	21:40:25.920	Custom indicator AIMS Levels V2 GBPUSD,H1: removed
2	21:40:25.920	Custom indicator AIMS Entry Alert V1 GBPUSD,H1: removed
2	21:40:25.922	Custom indicator CandleTimer GBPUSD,H1: removed
2	21:40:25.922	Custom indicator #Signal_Bars_v6 GBPUSD,H1: removed
2	21:40:25.924	Custom indicator TrendEnvelopes_v1 GBPUSD,H1: removed
2	21:40:25.924	Custom indicator AIMS AO V.2.1 GBPUSD,H1: removed
2	21:40:25.925	Custom indicator IVT_MACD_ZERO_LAG GBPUSD,H1: removed
2	21:40:25.928	Custom indicator RSI Divergence Levels GBPUSD,H1: removed
2	21:40:25.929	Custom indicator JoeChalhoub_FXForecasterV1 GBPUSD,H1: removed
2	21:40:25.933	Custom indicator AIMS Levels V2 CADJPY,M30: removed
2	21:40:25.933	Custom indicator AIMS Entry Alert V1 CADJPY,M30: removed
2	21:40:25.935	Custom indicator CandleTimer CADJPY,M30: removed
2	21:40:25.936	Custom indicator #Signal_Bars_v6 CADJPY,M30: removed
2	21:40:25.937	Custom indicator TrendEnvelopes_v1 CADJPY,M30: removed
2	21:40:25.937	Custom indicator AIMS AO V.2.1 CADJPY,M30: removed
2	21:40:25.939	Custom indicator IVT_MACD_ZERO_LAG CADJPY,M30: removed
2	21:40:25.941	Custom indicator RSI Divergence Levels CADJPY,M30: removed
2	21:40:25.943	Custom indicator JoeChalhoub_FXForecasterV1 CADJPY,M30: removed
2	21:40:25.949	Custom indicator AIMS Levels V2 EURJPY,M1: removed
2	21:40:25.949	Custom indicator AIMS Entry Alert V1 EURJPY,M1: removed
2	21:40:25.951	Custom indicator CandleTimer EURJPY,M1: removed
2	21:40:25.951	Custom indicator #Signal_Bars_v6 EURJPY,M1: removed
2	21:40:25.951	Custom indicator AIMS AO V.2.1 EURJPY,M1: removed
2	21:40:25.953	Custom indicator IVT_MACD_ZERO_LAG EURJPY,M1: removed
2	21:40:25.955	Custom indicator RSI Divergence Levels EURJPY,M1: removed
2	21:40:25.959	Custom indicator AIMS Levels V2 GBPJPY,H1: removed
2	21:40:25.960	Custom indicator AIMS Entry Alert V1 GBPJPY,H1: removed
2	21:40:25.961	Custom indicator CandleTimer GBPJPY,H1: removed
2	21:40:25.963	Custom indicator #Signal_Bars_v6 GBPJPY,H1: removed
2	21:40:25.965	Custom indicator TrendEnvelopes_v1 GBPJPY,H1: removed
2	21:40:25.965	Custom indicator AIMS AO V.2.1 GBPJPY,H1: removed
2	21:40:25.967	Custom indicator IVT_MACD_ZERO_LAG GBPJPY,H1: removed
2	21:40:25.968	Custom indicator RSI Divergence Levels GBPJPY,H1: removed
2	21:40:25.970	Custom indicator JoeChalhoub_FXForecasterV1 GBPJPY,H1: removed
2	21:40:25.974	Custom indicator FL1 USDCAD,M30: removed
2	21:40:25.974	Custom indicator FL2 USDCAD,M30: removed
2	21:40:25.974	Custom indicator FL2 USDCAD,M30: removed
2	21:40:25.975	Custom indicator FL2 USDCAD,M30: removed
2	21:40:25.975	Custom indicator FL2 USDCAD,M30: removed
2	21:40:25.976	Custom indicator FL2 USDCAD,M30: removed
2	21:40:25.976	Custom indicator FL2 USDCAD,M30: removed
2	21:40:25.976	Custom indicator FL2 USDCAD,M30: removed
2	21:40:25.976	Custom indicator FL2 USDCAD,M30: removed
2	21:40:25.977	Custom indicator Heiken Ashi USDCAD,M30: removed
2	21:40:25.979	Custom indicator currency-power-meter-indicator USDCAD,M30: removed
2	21:40:25.980	Custom indicator DXTrade Info v9 USDCAD,M30: removed
2	21:40:25.983	Custom indicator DDFX_3_BBStop_v4 USDCAD,M30: removed
2	21:40:25.984	Custom indicator THV3 Market Hours USDCAD,M30: removed
2	21:40:25.986	Custom indicator Forex Alozard Indicator USDCAD,M30: removed
2	21:40:25.986	Custom indicator ProfitableStrategy_16 USDCAD,M30: removed
2	21:40:25.988	Custom indicator Timer-Best USDCAD,M30: removed
2	21:40:25.990	Custom indicator JokerFilter USDCAD,M30: removed
2	21:40:25.992	Custom indicator AIMS Levels V2 EURNZD,H1: removed
2	21:40:25.993	Custom indicator AIMS Entry Alert V1 EURNZD,H1: removed
2	21:40:25.994	Custom indicator CandleTimer EURNZD,H1: removed
2	21:40:25.994	Custom indicator #Signal_Bars_v6 EURNZD,H1: removed
2	21:40:25.995	Custom indicator AIMS AO V.2.1 EURNZD,H1: removed
2	21:40:25.996	Custom indicator IVT_MACD_ZERO_LAG EURNZD,H1: removed
2	21:40:25.998	Custom indicator RSI Divergence Levels EURNZD,H1: removed
2	21:40:26.001	Custom indicator AIMS Levels V2 EURCAD,M5: removed
2	21:40:26.001	Custom indicator AIMS Entry Alert V1 EURCAD,M5: removed
2	21:40:26.004	Custom indicator CandleTimer EURCAD,M5: removed
2	21:40:26.004	Custom indicator #Signal_Bars_v6 EURCAD,M5: removed
2	21:40:26.007	Custom indicator AIMS AO V.2.1 EURCAD,M5: removed
2	21:40:26.008	Custom indicator IVT_MACD_ZERO_LAG EURCAD,M5: removed
2	21:40:26.010	Custom indicator RSI Divergence Levels EURCAD,M5: removed
2	21:40:26.012	Custom indicator AIMS Levels V2 AUDUSD,H1: removed
2	21:40:26.012	Custom indicator AIMS Entry Alert V1 AUDUSD,H1: removed
2	21:40:26.014	Custom indicator CandleTimer AUDUSD,H1: removed
2	21:40:26.015	Custom indicator #Signal_Bars_v6 AUDUSD,H1: removed
2	21:40:26.017	Custom indicator TrendEnvelopes_v1 AUDUSD,H1: removed
2	21:40:26.017	Custom indicator AIMS AO V.2.1 AUDUSD,H1: removed
2	21:40:26.018	Custom indicator IVT_MACD_ZERO_LAG AUDUSD,H1: removed
2	21:40:26.020	Custom indicator RSI Divergence Levels AUDUSD,H1: removed
2	21:40:26.024	Custom indicator FL1 GBPCAD,M30: removed
2	21:40:26.024	Custom indicator FL2 GBPCAD,M30: removed
2	21:40:26.024	Custom indicator FL2 GBPCAD,M30: removed
2	21:40:26.025	Custom indicator FL2 GBPCAD,M30: removed
2	21:40:26.025	Custom indicator FL2 GBPCAD,M30: removed
2	21:40:26.026	Custom indicator FL2 GBPCAD,M30: removed
2	21:40:26.026	Custom indicator FL2 GBPCAD,M30: removed
2	21:40:26.027	Custom indicator FL2 GBPCAD,M30: removed
2	21:40:26.027	Custom indicator FL2 GBPCAD,M30: removed
2	21:40:26.027	Custom indicator Heiken Ashi GBPCAD,M30: removed
2	21:40:26.029	Custom indicator currency-power-meter-indicator GBPCAD,M30: removed
2	21:40:26.029	Custom indicator DXTrade Info v9 GBPCAD,M30: removed
2	21:40:26.031	Custom indicator DDFX_3_BBStop_v4 GBPCAD,M30: removed
2	21:40:26.031	Custom indicator THV3 Market Hours GBPCAD,M30: removed
2	21:40:26.033	Custom indicator Forex Alozard Indicator GBPCAD,M30: removed
2	21:40:26.033	Custom indicator ProfitableStrategy_16 GBPCAD,M30: removed
2	21:40:26.035	Custom indicator Timer-Best GBPCAD,M30: removed
2	21:40:26.036	Custom indicator JokerFilter GBPCAD,M30: removed
2	21:40:26.038	Custom indicator AIMS Levels V2 USDCHF,H4: removed
2	21:40:26.038	Custom indicator AIMS Entry Alert V1 USDCHF,H4: removed
2	21:40:26.040	Custom indicator CandleTimer USDCHF,H4: removed
2	21:40:26.041	Custom indicator #Signal_Bars_v6 USDCHF,H4: removed
2	21:40:26.041	Custom indicator AIMS AO V.2.1 USDCHF,H4: removed
2	21:40:26.042	Custom indicator IVT_MACD_ZERO_LAG USDCHF,H4: removed
2	21:40:26.044	Custom indicator RSI Divergence Levels USDCHF,H4: removed
2	21:40:26.047	Custom indicator AIMS Levels V2 EURJPY,H4: removed
2	21:40:26.047	Custom indicator AIMS Entry Alert V1 EURJPY,H4: removed
2	21:40:26.049	Custom indicator CandleTimer EURJPY,H4: removed
2	21:40:26.049	Custom indicator #Signal_Bars_v6 EURJPY,H4: removed
2	21:40:26.049	Custom indicator AIMS AO V.2.1 EURJPY,H4: removed
2	21:40:26.051	Custom indicator IVT_MACD_ZERO_LAG EURJPY,H4: removed
2	21:40:26.053	Custom indicator RSI Divergence Levels EURJPY,H4: removed
2	21:40:26.055	Custom indicator AIMS Levels V2 EURCHF,M5: removed
2	21:40:26.056	Custom indicator AIMS Entry Alert V1 EURCHF,M5: removed
2	21:40:26.058	Custom indicator CandleTimer EURCHF,M5: removed
2	21:40:26.058	Custom indicator #Signal_Bars_v6 EURCHF,M5: removed
2	21:40:26.060	Custom indicator TrendEnvelopes_v1 EURCHF,M5: removed
2	21:40:26.060	Custom indicator AIMS AO V.2.1 EURCHF,M5: removed
2	21:40:26.061	Custom indicator IVT_MACD_ZERO_LAG EURCHF,M5: removed
2	21:40:26.064	Custom indicator RSI Divergence Levels EURCHF,M5: removed
2	21:40:26.066	Custom indicator JoeChalhoub_FXForecasterV1 EURCHF,M5: removed
2	21:40:26.069	Custom indicator AIMS Levels V2 USDJPY,H1: removed
2	21:40:26.069	Custom indicator AIMS Entry Alert V1 USDJPY,H1: removed
2	21:40:26.071	Custom indicator CandleTimer USDJPY,H1: removed
2	21:40:26.072	Custom indicator #Signal_Bars_v6 USDJPY,H1: removed
2	21:40:26.072	Custom indicator AIMS AO V.2.1 USDJPY,H1: removed
2	21:40:26.074	Custom indicator IVT_MACD_ZERO_LAG USDJPY,H1: removed
2	21:40:26.076	Custom indicator RSI Divergence Levels USDJPY,H1: removed
2	21:40:26.078	Custom indicator AIMS Levels V2 GBPCAD,H1: removed
2	21:40:26.078	Custom indicator AIMS Entry Alert V1 GBPCAD,H1: removed
2	21:40:26.080	Custom indicator CandleTimer GBPCAD,H1: removed
2	21:40:26.080	Custom indicator #Signal_Bars_v6 GBPCAD,H1: removed
2	21:40:26.080	Custom indicator AIMS AO V.2.1 GBPCAD,H1: removed
2	21:40:26.083	Custom indicator IVT_MACD_ZERO_LAG GBPCAD,H1: removed
2	21:40:26.084	Custom indicator RSI Divergence Levels GBPCAD,H1: removed
2	21:40:26.086	Custom indicator AIMS Levels V2 EURGBP,Daily: removed
2	21:40:26.087	Custom indicator AIMS Entry Alert V1 EURGBP,Daily: removed
2	21:40:26.089	Custom indicator CandleTimer EURGBP,Daily: removed
2	21:40:26.089	Custom indicator #Signal_Bars_v6 EURGBP,Daily: removed
2	21:40:26.089	Custom indicator AIMS AO V.2.1 EURGBP,Daily: removed
2	21:40:26.091	Custom indicator IVT_MACD_ZERO_LAG EURGBP,Daily: removed
2	21:40:26.093	Custom indicator RSI Divergence Levels EURGBP,Daily: removed
2	21:40:26.095	Custom indicator AIMS Levels V2 CHFJPY,M1: removed
2	21:40:26.095	Custom indicator AIMS Entry Alert V1 CHFJPY,M1: removed
2	21:40:26.097	Custom indicator CandleTimer CHFJPY,M1: removed
2	21:40:26.098	Custom indicator #Signal_Bars_v6 CHFJPY,M1: removed
2	21:40:26.098	Custom indicator AIMS AO V.2.1 CHFJPY,M1: removed
2	21:40:26.100	Custom indicator IVT_MACD_ZERO_LAG CHFJPY,M1: removed
2	21:40:26.103	Custom indicator RSI Divergence Levels CHFJPY,M1: removed
2	21:40:26.105	Custom indicator AIMS Levels V2 GBPCHF,H1: removed
2	21:40:26.106	Custom indicator AIMS Entry Alert V1 GBPCHF,H1: removed
2	21:40:26.107	Custom indicator CandleTimer GBPCHF,H1: removed
2	21:40:26.107	Custom indicator #Signal_Bars_v6 GBPCHF,H1: removed
2	21:40:26.109	Custom indicator TrendEnvelopes_v1 GBPCHF,H1: removed
2	21:40:26.109	Custom indicator AIMS AO V.2.1 GBPCHF,H1: removed
2	21:40:26.111	Custom indicator IVT_MACD_ZERO_LAG GBPCHF,H1: removed
2	21:40:26.113	Custom indicator RSI Divergence Levels GBPCHF,H1: removed
2	21:40:26.115	Custom indicator JoeChalhoub_FXForecasterV1 GBPCHF,H1: removed
2	21:40:26.118	Custom indicator AIMS Levels V2 AUDCAD,H1: removed
2	21:40:26.119	Custom indicator AIMS Entry Alert V1 AUDCAD,H1: removed
2	21:40:26.120	Custom indicator CandleTimer AUDCAD,H1: removed
2	21:40:26.121	Custom indicator #Signal_Bars_v6 AUDCAD,H1: removed
2	21:40:26.123	Custom indicator TrendEnvelopes_v1 AUDCAD,H1: removed
2	21:40:26.123	Custom indicator AIMS AO V.2.1 AUDCAD,H1: removed
2	21:40:26.125	Custom indicator IVT_MACD_ZERO_LAG AUDCAD,H1: removed
2	21:40:26.126	Custom indicator RSI Divergence Levels AUDCAD,H1: removed
2	21:40:26.128	Custom indicator JoeChalhoub_FXForecasterV1 AUDCAD,H1: removed
2	21:40:26.131	Custom indicator AIMS Levels V2 GBPAUD,M5: removed
2	21:40:26.131	Custom indicator AIMS Entry Alert V1 GBPAUD,M5: removed
2	21:40:26.133	Custom indicator CandleTimer GBPAUD,M5: removed
2	21:40:26.133	Custom indicator #Signal_Bars_v6 GBPAUD,M5: removed
2	21:40:26.135	Custom indicator TrendEnvelopes_v1 GBPAUD,M5: removed
2	21:40:26.135	Custom indicator AIMS AO V.2.1 GBPAUD,M5: removed
2	21:40:26.137	Custom indicator IVT_MACD_ZERO_LAG GBPAUD,M5: removed
2	21:40:26.138	Custom indicator RSI Divergence Levels GBPAUD,M5: removed
2	21:40:26.140	Custom indicator JoeChalhoub_FXForecasterV1 GBPAUD,M5: removed
2	21:40:26.143	Custom indicator AIMS Levels V2 GBPNZD,H4: removed
2	21:40:26.143	Custom indicator AIMS Entry Alert V1 GBPNZD,H4: removed
2	21:40:26.145	Custom indicator CandleTimer GBPNZD,H4: removed
2	21:40:26.145	Custom indicator #Signal_Bars_v6 GBPNZD,H4: removed
2	21:40:26.147	Custom indicator TrendEnvelopes_v1 GBPNZD,H4: removed
2	21:40:26.147	Custom indicator AIMS AO V.2.1 GBPNZD,H4: removed
2	21:40:26.149	Custom indicator IVT_MACD_ZERO_LAG GBPNZD,H4: removed
2	21:40:26.150	Custom indicator RSI Divergence Levels GBPNZD,H4: removed
2	21:40:26.152	Custom indicator JoeChalhoub_FXForecasterV1 GBPNZD,H4: removed
2	21:40:26.154	Custom indicator AIMS Levels V2 EURGBP,H4: removed
2	21:40:26.154	Custom indicator AIMS Entry Alert V1 EURGBP,H4: removed
2	21:40:26.156	Custom indicator CandleTimer EURGBP,H4: removed
2	21:40:26.156	Custom indicator #Signal_Bars_v6 EURGBP,H4: removed
2	21:40:26.158	Custom indicator TrendEnvelopes_v1 EURGBP,H4: removed
2	21:40:26.159	Custom indicator AIMS AO V.2.1 EURGBP,H4: removed
2	21:40:26.160	Custom indicator IVT_MACD_ZERO_LAG EURGBP,H4: removed
2	21:40:26.162	Custom indicator RSI Divergence Levels EURGBP,H4: removed
2	21:40:26.164	Custom indicator JoeChalhoub_FXForecasterV1 EURGBP,H4: removed
2	21:40:26.166	Custom indicator AIMS Levels V2 GBPAUD,H1: removed
2	21:40:26.166	Custom indicator AIMS Entry Alert V1 GBPAUD,H1: removed
2	21:40:26.168	Custom indicator CandleTimer GBPAUD,H1: removed
2	21:40:26.168	Custom indicator #Signal_Bars_v6 GBPAUD,H1: removed
2	21:40:26.170	Custom indicator TrendEnvelopes_v1 GBPAUD,H1: removed
2	21:40:26.170	Custom indicator AIMS AO V.2.1 GBPAUD,H1: removed
2	21:40:26.171	Custom indicator IVT_MACD_ZERO_LAG GBPAUD,H1: removed
2	21:40:26.173	Custom indicator RSI Divergence Levels GBPAUD,H1: removed
2	21:40:26.175	Custom indicator JoeChalhoub_FXForecasterV1 GBPAUD,H1: removed
2	21:40:26.177	Custom indicator AIMS Levels V2 EURAUD,H1: removed
2	21:40:26.177	Custom indicator AIMS Entry Alert V1 EURAUD,H1: removed
2	21:40:26.179	Custom indicator CandleTimer EURAUD,H1: removed
2	21:40:26.179	Custom indicator #Signal_Bars_v6 EURAUD,H1: removed
2	21:40:26.181	Custom indicator TrendEnvelopes_v1 EURAUD,H1: removed
2	21:40:26.181	Custom indicator AIMS AO V.2.1 EURAUD,H1: removed
2	21:40:26.183	Custom indicator IVT_MACD_ZERO_LAG EURAUD,H1: removed
2	21:40:26.185	Custom indicator RSI Divergence Levels EURAUD,H1: removed
2	21:40:26.186	Custom indicator JoeChalhoub_FXForecasterV1 EURAUD,H1: removed
2	21:40:26.189	Custom indicator AIMS Levels V2 AUDJPY,H1: removed
2	21:40:26.189	Custom indicator AIMS Entry Alert V1 AUDJPY,H1: removed
2	21:40:26.191	Custom indicator CandleTimer AUDJPY,H1: removed
2	21:40:26.191	Custom indicator #Signal_Bars_v6 AUDJPY,H1: removed
2	21:40:26.193	Custom indicator TrendEnvelopes_v1 AUDJPY,H1: removed
2	21:40:26.194	Custom indicator AIMS AO V.2.1 AUDJPY,H1: removed
2	21:40:26.196	Custom indicator IVT_MACD_ZERO_LAG AUDJPY,H1: removed
2	21:40:26.197	Custom indicator RSI Divergence Levels AUDJPY,H1: removed
2	21:40:26.199	Custom indicator JoeChalhoub_FXForecasterV1 AUDJPY,H1: removed
2	21:40:26.202	Custom indicator AIMS Levels V2 EURGBP,H1: removed
2	21:40:26.202	Custom indicator AIMS Entry Alert V1 EURGBP,H1: removed
2	21:40:26.203	Custom indicator CandleTimer EURGBP,H1: removed
2	21:40:26.204	Custom indicator #Signal_Bars_v6 EURGBP,H1: removed
2	21:40:26.205	Custom indicator TrendEnvelopes_v1 EURGBP,H1: removed
2	21:40:26.205	Custom indicator AIMS AO V.2.1 EURGBP,H1: removed
2	21:40:26.207	Custom indicator IVT_MACD_ZERO_LAG EURGBP,H1: removed
2	21:40:26.208	Custom indicator RSI Divergence Levels EURGBP,H1: removed
2	21:40:26.210	Custom indicator JoeChalhoub_FXForecasterV1 EURGBP,H1: removed
2	21:40:26.214	Custom indicator AIMS Levels V2 GBPUSD,H1: removed
2	21:40:26.214	Custom indicator AIMS Entry Alert V1 GBPUSD,H1: removed
2	21:40:26.216	Custom indicator CandleTimer GBPUSD,H1: removed
2	21:40:26.216	Custom indicator #Signal_Bars_v6 GBPUSD,H1: removed
2	21:40:26.217	Custom indicator TrendEnvelopes_v1 GBPUSD,H1: removed
2	21:40:26.217	Custom indicator AIMS AO V.2.1 GBPUSD,H1: removed
2	21:40:26.219	Custom indicator IVT_MACD_ZERO_LAG GBPUSD,H1: removed
2	21:40:26.221	Custom indicator RSI Divergence Levels GBPUSD,H1: removed
2	21:40:26.222	Custom indicator JoeChalhoub_FXForecasterV1 GBPUSD,H1: removed
2	21:40:26.227	Custom indicator AIMS Levels V2 FB,M1: removed
2	21:40:26.227	Custom indicator AIMS Entry Alert V1 FB,M1: removed
2	21:40:26.228	Custom indicator CandleTimer FB,M1: removed
2	21:40:26.229	Custom indicator #Signal_Bars_v6 FB,M1: removed
2	21:40:26.230	Custom indicator TrendEnvelopes_v1 FB,M1: removed
2	21:40:26.231	Custom indicator AIMS AO V.2.1 FB,M1: removed
2	21:40:26.232	Custom indicator IVT_MACD_ZERO_LAG FB,M1: removed
2	21:40:26.234	Custom indicator RSI Divergence Levels FB,M1: removed
2	21:40:26.235	Custom indicator JoeChalhoub_FXForecasterV1 FB,M1: removed
0	21:40:26.691	Admiral Markets build 1260 stopped
