0	00:16:52.210	Admiral Markets build 1260 started (Admiral Markets Group AS)
0	00:16:52.211	Windows 10 Pro x64, IE 11, UAC, 8 x Intel Core i7-10510U  @ 1.80GHz, Memory: 667 / 8014 Mb, Disk: 75 / 237 Gb, GMT+3
0	00:16:52.211	Data Folder: C:\Users\SRIE\AppData\Roaming\MetaQuotes\Terminal\51337600F56B69473E15EAFB8A7586B4
2	00:16:55.833	Custom indicator $-ForecastCityIntradayIndicator EURUSD,H1: loaded successfully
2	00:16:55.925	Custom indicator Entry EURUSD,H1: loaded successfully
2	00:16:56.014	Custom indicator Trend EURUSD,H1: loaded successfully
2	00:16:56.325	Custom indicator $-ForecastCityIntradayIndicator GBPUSD,H1: loaded successfully
2	00:16:56.415	Custom indicator Entry GBPUSD,H1: loaded successfully
2	00:16:56.506	Custom indicator Trend GBPUSD,H1: loaded successfully
2	00:16:56.828	Custom indicator $-ForecastCityIntradayIndicator AUDUSD,H1: loaded successfully
2	00:16:56.919	Custom indicator Entry AUDUSD,H1: loaded successfully
2	00:16:57.009	Custom indicator Trend AUDUSD,H1: loaded successfully
2	00:16:57.306	Custom indicator $-ForecastCityIntradayIndicator EURJPY,H1: loaded successfully
2	00:16:57.391	Custom indicator Entry EURJPY,H1: loaded successfully
2	00:16:57.475	Custom indicator Trend EURJPY,H1: loaded successfully
2	00:16:57.773	Custom indicator $-ForecastCityIntradayIndicator GBPJPY,H1: loaded successfully
2	00:16:57.865	Custom indicator Entry GBPJPY,H1: loaded successfully
2	00:16:57.950	Custom indicator Trend GBPJPY,H1: loaded successfully
2	00:16:58.148	Custom indicator $-ForecastCityIntradayIndicator NZDUSD,M1: loaded successfully
2	00:16:58.233	Custom indicator Entry NZDUSD,M1: loaded successfully
2	00:16:58.317	Custom indicator Trend NZDUSD,M1: loaded successfully
2	00:17:00.539	Custom indicator Entry USDCAD,H1: loaded successfully
2	00:17:00.625	Custom indicator Trend USDCAD,H1: loaded successfully
2	00:17:00.933	Custom indicator Entry USDJPY,H1: loaded successfully
2	00:17:01.022	Custom indicator Trend USDJPY,H1: loaded successfully
2	00:17:01.356	Custom indicator Entry USDCHF,H1: loaded successfully
2	00:17:01.439	Custom indicator Trend USDCHF,H1: loaded successfully
2	00:17:01.667	Custom indicator HeikenAshi_DM AUDJPY,H1: loaded successfully
2	00:17:01.677	Custom indicator DM_DSR AUDJPY,H1: loaded successfully
2	00:17:01.687	Custom indicator LJ_SIG AUDJPY,H1: loaded successfully
2	00:17:01.698	Custom indicator #MarketPrice _v1_4 AUDJPY,H1: loaded successfully
2	00:17:01.708	Custom indicator ABT 5M 15M\CandleCountdown AUDJPY,H1: loaded successfully
2	00:17:01.717	Custom indicator LJ_SYNERGY_ID AUDJPY,H1: loaded successfully
2	00:17:01.730	Custom indicator Traders Dynamic Index VISUAL ALERTS AUDJPY,H1: loaded successfully
2	00:17:01.740	Custom indicator DM_Volatility AUDJPY,H1: loaded successfully
2	00:17:01.750	Custom indicator DM_RangeFactor AUDJPY,H1: loaded successfully
2	00:17:01.759	Custom indicator DM_Continuation AUDJPY,H1: loaded successfully
2	00:17:01.769	Custom indicator Status Monitor V1.2 AUDJPY,H1: loaded successfully
2	00:17:02.217	Custom indicator $-ForecastCityIntradayIndicator AUDCHF,H1: loaded successfully
2	00:17:02.303	Custom indicator Entry AUDCHF,H1: loaded successfully
2	00:17:02.386	Custom indicator Trend AUDCHF,H1: loaded successfully
2	00:17:02.396	Custom indicator MACDcorrect AUDCHF,H1: loaded successfully
2	00:17:02.688	Custom indicator HeikenAshi_DM GBPAUD,H1: loaded successfully
2	00:17:02.702	Custom indicator DM_DSR GBPAUD,H1: loaded successfully
2	00:17:02.715	Custom indicator LJ_SIG GBPAUD,H1: loaded successfully
2	00:17:02.727	Custom indicator #MarketPrice _v1_4 GBPAUD,H1: loaded successfully
2	00:17:02.742	Custom indicator ABT 5M 15M\CandleCountdown GBPAUD,H1: loaded successfully
2	00:17:02.756	Custom indicator LJ_SYNERGY_ID GBPAUD,H1: loaded successfully
2	00:17:02.772	Custom indicator Traders Dynamic Index VISUAL ALERTS GBPAUD,H1: loaded successfully
2	00:17:02.785	Custom indicator DM_Volatility GBPAUD,H1: loaded successfully
2	00:17:02.797	Custom indicator DM_RangeFactor GBPAUD,H1: loaded successfully
2	00:17:02.807	Custom indicator DM_Continuation GBPAUD,H1: loaded successfully
2	00:17:02.818	Custom indicator Status Monitor V1.2 GBPAUD,H1: loaded successfully
2	00:17:03.486	Custom indicator HeikenAshi_DM USDCAD,H1: loaded successfully
2	00:17:03.503	Custom indicator DM_DSR USDCAD,H1: loaded successfully
2	00:17:03.525	Custom indicator LJ_SIG USDCAD,H1: loaded successfully
2	00:17:03.546	Custom indicator #MarketPrice _v1_4 USDCAD,H1: loaded successfully
2	00:17:03.568	Custom indicator ABT 5M 15M\CandleCountdown USDCAD,H1: loaded successfully
2	00:17:03.586	Custom indicator LJ_SYNERGY_ID USDCAD,H1: loaded successfully
2	00:17:03.606	Custom indicator Traders Dynamic Index VISUAL ALERTS USDCAD,H1: loaded successfully
2	00:17:03.624	Custom indicator DM_Volatility USDCAD,H1: loaded successfully
2	00:17:03.641	Custom indicator DM_RangeFactor USDCAD,H1: loaded successfully
2	00:17:03.658	Custom indicator DM_Continuation USDCAD,H1: loaded successfully
2	00:17:03.675	Custom indicator Status Monitor V1.2 USDCAD,H1: loaded successfully
2	00:17:04.376	Custom indicator $-ForecastCityIntradayIndicator AUDNZD,H1: loaded successfully
2	00:17:04.508	Custom indicator Entry AUDNZD,H1: loaded successfully
2	00:17:04.650	Custom indicator Trend AUDNZD,H1: loaded successfully
2	00:17:04.960	Custom indicator HeikenAshi_DM GBPNZD,H1: loaded successfully
2	00:17:04.970	Custom indicator DM_DSR GBPNZD,H1: loaded successfully
2	00:17:04.981	Custom indicator LJ_SIG GBPNZD,H1: loaded successfully
2	00:17:04.991	Custom indicator #MarketPrice _v1_4 GBPNZD,H1: loaded successfully
2	00:17:05.001	Custom indicator ABT 5M 15M\CandleCountdown GBPNZD,H1: loaded successfully
2	00:17:05.010	Custom indicator LJ_SYNERGY_ID GBPNZD,H1: loaded successfully
2	00:17:05.020	Custom indicator Traders Dynamic Index VISUAL ALERTS GBPNZD,H1: loaded successfully
2	00:17:05.030	Custom indicator DM_Volatility GBPNZD,H1: loaded successfully
2	00:17:05.040	Custom indicator DM_RangeFactor GBPNZD,H1: loaded successfully
2	00:17:05.052	Custom indicator DM_Continuation GBPNZD,H1: loaded successfully
2	00:17:05.063	Custom indicator Status Monitor V1.2 GBPNZD,H1: loaded successfully
2	00:17:05.454	Custom indicator HeikenAshi_DM AUDJPY,H1: loaded successfully
2	00:17:05.463	Custom indicator DM_DSR AUDJPY,H1: loaded successfully
2	00:17:05.472	Custom indicator LJ_SIG AUDJPY,H1: loaded successfully
2	00:17:05.480	Custom indicator #MarketPrice _v1_4 AUDJPY,H1: loaded successfully
2	00:17:05.489	Custom indicator ABT 5M 15M\CandleCountdown AUDJPY,H1: loaded successfully
2	00:17:05.497	Custom indicator LJ_SYNERGY_ID AUDJPY,H1: loaded successfully
2	00:17:05.506	Custom indicator Traders Dynamic Index VISUAL ALERTS AUDJPY,H1: loaded successfully
2	00:17:05.514	Custom indicator DM_Volatility AUDJPY,H1: loaded successfully
2	00:17:05.523	Custom indicator DM_RangeFactor AUDJPY,H1: loaded successfully
2	00:17:05.531	Custom indicator DM_Continuation AUDJPY,H1: loaded successfully
2	00:17:05.540	Custom indicator Status Monitor V1.2 AUDJPY,H1: loaded successfully
2	00:17:05.890	Custom indicator HeikenAshi_DM AUDCHF,H1: loaded successfully
2	00:17:05.899	Custom indicator DM_DSR AUDCHF,H1: loaded successfully
2	00:17:05.908	Custom indicator LJ_SIG AUDCHF,H1: loaded successfully
2	00:17:05.916	Custom indicator #MarketPrice _v1_4 AUDCHF,H1: loaded successfully
2	00:17:05.925	Custom indicator ABT 5M 15M\CandleCountdown AUDCHF,H1: loaded successfully
2	00:17:05.933	Custom indicator LJ_SYNERGY_ID AUDCHF,H1: loaded successfully
2	00:17:05.943	Custom indicator Traders Dynamic Index VISUAL ALERTS AUDCHF,H1: loaded successfully
2	00:17:05.951	Custom indicator DM_Volatility AUDCHF,H1: loaded successfully
2	00:17:05.960	Custom indicator DM_RangeFactor AUDCHF,H1: loaded successfully
2	00:17:05.969	Custom indicator DM_Continuation AUDCHF,H1: loaded successfully
2	00:17:05.978	Custom indicator Status Monitor V1.2 AUDCHF,H1: loaded successfully
2	00:17:06.356	Custom indicator $-ForecastCityIntradayIndicator BCHUSD,H1: loaded successfully
2	00:17:06.437	Custom indicator Entry BCHUSD,H1: loaded successfully
2	00:17:06.514	Custom indicator Trend BCHUSD,H1: loaded successfully
2	00:17:06.725	Custom indicator HeikenAshi_DM BTCUSD,M15: loaded successfully
2	00:17:06.733	Custom indicator DM_DSR BTCUSD,M15: loaded successfully
2	00:17:06.742	Custom indicator LJ_SIG BTCUSD,M15: loaded successfully
2	00:17:06.751	Custom indicator #MarketPrice _v1_4 BTCUSD,M15: loaded successfully
2	00:17:06.760	Custom indicator ABT 5M 15M\CandleCountdown BTCUSD,M15: loaded successfully
2	00:17:06.769	Custom indicator LJ_SYNERGY_ID BTCUSD,M15: loaded successfully
2	00:17:06.778	Custom indicator Traders Dynamic Index VISUAL ALERTS BTCUSD,M15: loaded successfully
2	00:17:06.786	Custom indicator DM_Volatility BTCUSD,M15: loaded successfully
2	00:17:06.795	Custom indicator DM_RangeFactor BTCUSD,M15: loaded successfully
2	00:17:06.803	Custom indicator DM_Continuation BTCUSD,M15: loaded successfully
2	00:17:06.812	Custom indicator Status Monitor V1.2 BTCUSD,M15: loaded successfully
2	00:17:07.234	Custom indicator $-ForecastCityIntradayIndicator [DAX30],H1: loaded successfully
2	00:17:07.306	Custom indicator Entry [DAX30],H1: loaded successfully
2	00:17:07.378	Custom indicator Trend [DAX30],H1: loaded successfully
0	00:17:12.523	'27123197': login on AdmiralMarkets-Live through Access Point #6 (ping: 258.36 ms)
0	00:17:17.386	'27123197': login datacenter on AdmiralMarkets-Live through Access Point #6 (ping: 258.36 ms)
0	00:17:20.534	'27123197': previous successful authorization performed from 154.126.9.152
0	00:17:59.922	'27123197': auto connecting to a better access point Access Point #5 (ping is 232.95 ms)
0	00:18:01.162	'27123197': login on AdmiralMarkets-Live through Access Point #5 (ping: 232.95 ms)
0	00:18:09.766	'27123197': login datacenter on AdmiralMarkets-Live through Access Point #5 (ping: 232.95 ms)
0	00:18:10.712	'27123197': previous successful authorization performed from 197.149.22.55
2	00:20:08.523	Custom indicator $-ForecastCityIntradayIndicator NZDUSD,M1: removed
2	00:20:08.523	Custom indicator Entry NZDUSD,M1: removed
2	00:20:08.523	Custom indicator Trend NZDUSD,M1: removed
2	00:20:08.538	Custom indicator $-ForecastCityIntradayIndicator NZDUSD,M1: loaded successfully
2	00:20:08.607	Custom indicator Entry NZDUSD,M1: loaded successfully
2	00:20:08.674	Custom indicator Trend NZDUSD,M1: loaded successfully
2	00:22:52.251	Custom indicator $-ForecastCityIntradayIndicator NZDUSD,M1: removed
2	00:22:52.251	Custom indicator Entry NZDUSD,M1: removed
2	00:22:52.251	Custom indicator Trend NZDUSD,M1: removed
2	00:22:52.265	Custom indicator $-ForecastCityIntradayIndicator NZDUSD,M1: loaded successfully
2	00:22:52.334	Custom indicator Entry NZDUSD,M1: loaded successfully
2	00:22:52.398	Custom indicator Trend NZDUSD,M1: loaded successfully
2	00:50:38.897	Custom indicator $-ForecastCityIntradayIndicator AUDNZD,Daily: removed
2	00:50:38.897	Custom indicator Entry AUDNZD,Daily: removed
2	00:50:38.897	Custom indicator Trend AUDNZD,Daily: removed
2	00:50:38.936	Custom indicator RSBot_V7 AUDNZD,Daily: loaded successfully
2	00:51:29.752	Custom indicator RSBot_V7 AUDNZD,Daily: removed
2	00:51:29.763	Custom indicator Admiral Donchian AUDNZD,Daily: loaded successfully
2	00:51:29.773	Custom indicator Admiral High-Low AUDNZD,Daily: loaded successfully
2	00:51:29.783	Custom indicator Admiral Keltner AUDNZD,Daily: loaded successfully
2	00:51:29.793	Custom indicator Admiral Pivot AUDNZD,Daily: loaded successfully
2	00:51:29.808	Custom indicator Admiral Symbol Info AUDNZD,Daily: loaded successfully
2	00:51:29.877	Custom indicator #P4L CandleTime AUDNZD,Daily: loaded successfully
2	00:51:29.892	Expert Admiral - Mini Terminal AUDNZD,Daily: loaded successfully
2	00:52:09.035	Expert Admiral - Mini Terminal AUDNZD,H4: removed
2	01:08:46.769	Custom indicator $-ForecastCityIntradayIndicator NZDUSD,H1: removed
2	01:08:46.769	Custom indicator Entry NZDUSD,H1: removed
2	01:08:46.769	Custom indicator Trend NZDUSD,H1: removed
2	01:08:46.780	Custom indicator Admiral Donchian NZDUSD,H1: loaded successfully
2	01:08:46.789	Custom indicator Admiral High-Low NZDUSD,H1: loaded successfully
2	01:08:46.798	Custom indicator Admiral Keltner NZDUSD,H1: loaded successfully
2	01:08:46.806	Custom indicator Admiral Pivot NZDUSD,H1: loaded successfully
2	01:08:46.819	Custom indicator Admiral Symbol Info NZDUSD,H1: loaded successfully
2	01:08:46.887	Custom indicator #P4L CandleTime NZDUSD,H1: loaded successfully
2	01:08:46.901	Expert Admiral - Mini Terminal NZDUSD,H1: loaded successfully
2	01:08:54.170	Custom indicator Admiral Symbol Info NZDUSD,H1: removed
2	01:09:29.778	Expert Admiral - Mini Terminal NZDUSD,H1: removed
2	01:53:14.618	Custom indicator Admiral Donchian NZDUSD,H1: removed
2	01:53:14.620	Custom indicator Admiral High-Low NZDUSD,H1: removed
2	01:53:14.622	Custom indicator Admiral Keltner NZDUSD,H1: removed
2	01:53:14.623	Custom indicator Admiral Pivot NZDUSD,H1: removed
2	01:53:14.623	Custom indicator #P4L CandleTime NZDUSD,H1: removed
2	01:53:14.636	Custom indicator HeikenAshi_DM NZDUSD,H1: loaded successfully
2	01:53:14.645	Custom indicator DM_DSR NZDUSD,H1: loaded successfully
2	01:53:14.655	Custom indicator LJ_SIG NZDUSD,H1: loaded successfully
2	01:53:14.665	Custom indicator #MarketPrice _v1_4 NZDUSD,H1: loaded successfully
2	01:53:14.675	Custom indicator ABT 5M 15M\CandleCountdown NZDUSD,H1: loaded successfully
2	01:53:14.684	Custom indicator LJ_SYNERGY_ID NZDUSD,H1: loaded successfully
2	01:53:14.693	Custom indicator Traders Dynamic Index VISUAL ALERTS NZDUSD,H1: loaded successfully
2	01:53:14.702	Custom indicator DM_Volatility NZDUSD,H1: loaded successfully
2	01:53:14.712	Custom indicator DM_RangeFactor NZDUSD,H1: loaded successfully
2	01:53:14.721	Custom indicator DM_Continuation NZDUSD,H1: loaded successfully
2	01:53:14.731	Custom indicator Status Monitor V1.2 NZDUSD,H1: loaded successfully
2	02:15:51.758	Custom indicator HeikenAshi_DM BTCUSD,M15: removed
2	02:15:51.761	Custom indicator DM_DSR BTCUSD,M15: removed
2	02:15:51.763	Custom indicator LJ_SIG BTCUSD,M15: removed
2	02:15:51.765	Custom indicator #MarketPrice _v1_4 BTCUSD,M15: removed
2	02:15:51.767	Custom indicator CandleCountdown BTCUSD,M15: removed
2	02:15:51.768	Custom indicator LJ_SYNERGY_ID BTCUSD,M15: removed
2	02:15:51.769	Custom indicator Traders Dynamic Index VISUAL ALERTS BTCUSD,M15: removed
2	02:15:51.771	Custom indicator DM_Volatility BTCUSD,M15: removed
2	02:15:51.772	Custom indicator DM_RangeFactor BTCUSD,M15: removed
2	02:15:51.774	Custom indicator DM_Continuation BTCUSD,M15: removed
2	02:15:51.775	Custom indicator Status Monitor V1.2 BTCUSD,M15: removed
2	02:19:02.002	Custom indicator $-ForecastCityIntradayIndicator [DAX30],H1: removed
2	02:19:02.002	Custom indicator Entry [DAX30],H1: removed
2	02:19:02.003	Custom indicator Trend [DAX30],H1: removed
2	02:25:54.150	Custom indicator HeikenAshi_DM NZDUSD,H4: removed
2	02:25:54.153	Custom indicator DM_DSR NZDUSD,H4: removed
2	02:25:54.154	Custom indicator LJ_SIG NZDUSD,H4: removed
2	02:25:54.155	Custom indicator #MarketPrice _v1_4 NZDUSD,H4: removed
2	02:25:54.157	Custom indicator CandleCountdown NZDUSD,H4: removed
2	02:25:54.158	Custom indicator LJ_SYNERGY_ID NZDUSD,H4: removed
2	02:25:54.160	Custom indicator Traders Dynamic Index VISUAL ALERTS NZDUSD,H4: removed
2	02:25:54.162	Custom indicator DM_Volatility NZDUSD,H4: removed
2	02:25:54.163	Custom indicator DM_RangeFactor NZDUSD,H4: removed
2	02:25:54.165	Custom indicator DM_Continuation NZDUSD,H4: removed
2	02:25:54.166	Custom indicator Status Monitor V1.2 NZDUSD,H4: removed
2	02:25:54.183	Custom indicator $-ForecastCityIntradayIndicator NZDUSD,H4: loaded successfully
2	02:25:54.253	Custom indicator Entry NZDUSD,H4: loaded successfully
2	02:25:54.322	Custom indicator Trend NZDUSD,H4: loaded successfully
2	03:26:37.290	Custom indicator IVT_MACD_ZERO_LAG NZDUSD,H1: loaded successfully
2	03:37:06.403	Custom indicator $-ForecastCityIntradayIndicator GBPJPY,H1: removed
2	03:37:06.405	Custom indicator Entry GBPJPY,H1: removed
2	03:37:06.405	Custom indicator Trend GBPJPY,H1: removed
2	03:37:06.421	Custom indicator $-ForecastCityIntradayIndicator GBPJPY,H1: loaded successfully
2	03:37:06.490	Custom indicator Entry GBPJPY,H1: loaded successfully
2	03:37:06.559	Custom indicator Trend GBPJPY,H1: loaded successfully
2	03:37:06.567	Custom indicator IVT_MACD_ZERO_LAG GBPJPY,H1: loaded successfully
2	03:55:39.878	Custom indicator $-ForecastCityIntradayIndicator GBPJPY,H1: loaded successfully
2	03:55:39.947	Custom indicator Entry GBPJPY,H1: loaded successfully
2	03:55:40.013	Custom indicator Trend GBPJPY,H1: loaded successfully
2	03:55:40.023	Custom indicator IVT_MACD_ZERO_LAG GBPJPY,H1: loaded successfully
2	04:00:34.936	Custom indicator $-ForecastCityIntradayIndicator GBPNZD,H1: loaded successfully
2	04:00:35.006	Custom indicator Entry GBPNZD,H1: loaded successfully
2	04:00:35.079	Custom indicator Trend GBPNZD,H1: loaded successfully
2	04:00:35.087	Custom indicator IVT_MACD_ZERO_LAG GBPNZD,H1: loaded successfully
2	04:01:59.815	Custom indicator $-ForecastCityIntradayIndicator GBPNZD,H1: removed
2	04:01:59.815	Custom indicator Entry GBPNZD,H1: removed
2	04:01:59.815	Custom indicator Trend GBPNZD,H1: removed
2	04:01:59.816	Custom indicator IVT_MACD_ZERO_LAG GBPNZD,H1: removed
2	04:30:35.471	Custom indicator Admiral Pivot GBPJPY,H1: loaded successfully
0	04:32:45.524	'27123197': order sell market 0.10 GBPJPY sl: 131.614 tp: 130.414
0	04:32:45.948	'27123197': order was opened : #66403116 sell 0.10 GBPJPY at 131.046 sl: 131.614 tp: 130.414
2	04:33:49.608	Custom indicator $-ForecastCityIntradayIndicator GBPJPY,H1: removed
2	04:33:49.608	Custom indicator Entry GBPJPY,H1: removed
2	04:33:49.609	Custom indicator Trend GBPJPY,H1: removed
2	04:33:49.610	Custom indicator Admiral Pivot GBPJPY,H1: removed
2	04:33:49.612	Custom indicator IVT_MACD_ZERO_LAG GBPJPY,H1: removed
2	04:33:49.622	Custom indicator HeikenAshi_DM GBPJPY,H1: loaded successfully
2	04:33:49.632	Custom indicator DM_DSR GBPJPY,H1: loaded successfully
2	04:33:49.642	Custom indicator LJ_SIG GBPJPY,H1: loaded successfully
2	04:33:49.651	Custom indicator #MarketPrice _v1_4 GBPJPY,H1: loaded successfully
2	04:33:49.662	Custom indicator ABT 5M 15M\CandleCountdown GBPJPY,H1: loaded successfully
2	04:33:49.671	Custom indicator LJ_SYNERGY_ID GBPJPY,H1: loaded successfully
2	04:33:49.679	Custom indicator Traders Dynamic Index VISUAL ALERTS GBPJPY,H1: loaded successfully
2	04:33:49.689	Custom indicator DM_Volatility GBPJPY,H1: loaded successfully
2	04:33:49.697	Custom indicator DM_RangeFactor GBPJPY,H1: loaded successfully
2	04:33:49.707	Custom indicator DM_Continuation GBPJPY,H1: loaded successfully
2	04:33:49.716	Custom indicator Status Monitor V1.2 GBPJPY,H1: loaded successfully
2	04:34:29.697	Custom indicator HeikenAshi_DM GBPJPY,H1: removed
2	04:34:29.698	Custom indicator DM_DSR GBPJPY,H1: removed
2	04:34:29.700	Custom indicator LJ_SIG GBPJPY,H1: removed
2	04:34:29.701	Custom indicator #MarketPrice _v1_4 GBPJPY,H1: removed
2	04:34:29.704	Custom indicator CandleCountdown GBPJPY,H1: removed
2	04:34:29.706	Custom indicator LJ_SYNERGY_ID GBPJPY,H1: removed
2	04:34:29.707	Custom indicator Traders Dynamic Index VISUAL ALERTS GBPJPY,H1: removed
2	04:34:29.708	Custom indicator DM_Volatility GBPJPY,H1: removed
2	04:34:29.710	Custom indicator DM_RangeFactor GBPJPY,H1: removed
2	04:34:29.711	Custom indicator DM_Continuation GBPJPY,H1: removed
2	04:34:29.712	Custom indicator Status Monitor V1.2 GBPJPY,H1: removed
2	04:34:29.726	Custom indicator $-ForecastCityIntradayIndicator GBPJPY,H1: loaded successfully
2	04:34:29.800	Custom indicator Entry GBPJPY,H1: loaded successfully
2	04:34:29.873	Custom indicator Trend GBPJPY,H1: loaded successfully
2	04:34:29.881	Custom indicator Admiral Pivot GBPJPY,H1: loaded successfully
2	04:34:29.891	Custom indicator IVT_MACD_ZERO_LAG GBPJPY,H1: loaded successfully
1	04:41:23.605	'27123197': ping failed
0	04:41:24.028	'27123197': login datacenter on AdmiralMarkets-Live
0	04:41:37.759	'27123197': login on AdmiralMarkets-Live through Access Point #3 (ping: 260.30 ms)
0	04:41:45.455	'27123197': login datacenter on AdmiralMarkets-Live through Access Point #3 (ping: 260.30 ms)
0	04:41:47.287	'27123197': previous successful authorization performed from 197.149.22.55
0	04:42:08.796	'27123197': ping to current access point Access Point #3 is 223.89 ms
1	04:45:19.424	'27123197': datacenter connecting failed [6]
0	04:45:20.281	'27123197': login on AdmiralMarkets-Live through Access Point #4 (ping: 215.62 ms)
0	04:45:32.139	'27123197': login datacenter on AdmiralMarkets-Live through Access Point #4 (ping: 215.62 ms)
0	04:45:35.364	'27123197': previous successful authorization performed from 197.149.22.55
1	05:37:44.904	'27123197': datacenter connecting failed [6]
0	05:37:45.876	'27123197': login on AdmiralMarkets-Live through Access Point #5 (ping: 206.33 ms)
0	05:37:52.931	'27123197': login datacenter on AdmiralMarkets-Live through Access Point #5 (ping: 206.33 ms)
0	05:37:53.480	'27123197': previous successful authorization performed from 197.149.22.55
1	05:49:49.398	'27123197': datacenter connecting failed [6]
0	05:49:50.274	'27123197': login on AdmiralMarkets-Live through Access Point #6 (ping: 233.69 ms)
0	05:49:52.253	'27123197': login datacenter on AdmiralMarkets-Live through Access Point #6 (ping: 233.69 ms)
0	05:49:52.831	'27123197': previous successful authorization performed from 197.149.22.55
0	05:50:08.611	'27123197': ping to current access point Access Point #6 is 210.80 ms
1	05:54:15.800	'27123197': datacenter connecting failed [6]
0	05:54:16.717	'27123197': login on AdmiralMarkets-Live through Access Point #4 (ping: 210.72 ms)
0	05:54:24.842	'27123197': login datacenter on AdmiralMarkets-Live through Access Point #4 (ping: 210.72 ms)
0	05:54:26.688	'27123197': previous successful authorization performed from 197.149.22.55
2	06:22:59.370	Custom indicator Admiral Donchian AUDNZD,H1: removed
2	06:22:59.372	Custom indicator Admiral High-Low AUDNZD,H1: removed
2	06:22:59.374	Custom indicator Admiral Keltner AUDNZD,H1: removed
2	06:22:59.375	Custom indicator Admiral Pivot AUDNZD,H1: removed
2	06:22:59.378	Custom indicator Admiral Symbol Info AUDNZD,H1: removed
2	06:22:59.379	Custom indicator #P4L CandleTime AUDNZD,H1: removed
2	06:22:59.395	Custom indicator $-ForecastCityIntradayIndicator AUDNZD,H1: loaded successfully
2	06:22:59.469	Custom indicator Entry AUDNZD,H1: loaded successfully
2	06:22:59.537	Custom indicator Trend AUDNZD,H1: loaded successfully
2	06:22:59.548	Custom indicator Admiral Pivot AUDNZD,H1: loaded successfully
2	06:22:59.558	Custom indicator IVT_MACD_ZERO_LAG AUDNZD,H1: loaded successfully
2	06:24:26.969	Custom indicator $-ForecastCityIntradayIndicator AUDNZD,Daily: removed
2	06:24:26.969	Custom indicator Entry AUDNZD,Daily: removed
2	06:24:26.969	Custom indicator Trend AUDNZD,Daily: removed
2	06:24:26.970	Custom indicator Admiral Pivot AUDNZD,Daily: removed
2	06:24:26.972	Custom indicator IVT_MACD_ZERO_LAG AUDNZD,Daily: removed
2	06:24:26.988	Custom indicator HeikenAshi_DM AUDNZD,Daily: loaded successfully
2	06:24:26.999	Custom indicator DM_DSR AUDNZD,Daily: loaded successfully
2	06:24:27.010	Custom indicator LJ_SIG AUDNZD,Daily: loaded successfully
2	06:24:27.021	Custom indicator #MarketPrice _v1_4 AUDNZD,Daily: loaded successfully
2	06:24:27.033	Custom indicator ABT 5M 15M\CandleCountdown AUDNZD,Daily: loaded successfully
2	06:24:27.043	Custom indicator LJ_SYNERGY_ID AUDNZD,Daily: loaded successfully
2	06:24:27.059	Custom indicator Traders Dynamic Index VISUAL ALERTS AUDNZD,Daily: loaded successfully
2	06:24:27.070	Custom indicator DM_Volatility AUDNZD,Daily: loaded successfully
2	06:24:27.081	Custom indicator DM_RangeFactor AUDNZD,Daily: loaded successfully
2	06:24:27.093	Custom indicator DM_Continuation AUDNZD,Daily: loaded successfully
2	06:24:27.104	Custom indicator Status Monitor V1.2 AUDNZD,Daily: loaded successfully
2	06:25:21.658	Custom indicator $-ForecastCityIntradayIndicator GBPJPY,H1: removed
2	06:25:21.658	Custom indicator Entry GBPJPY,H1: removed
2	06:25:21.658	Custom indicator Trend GBPJPY,H1: removed
2	06:25:21.659	Custom indicator Admiral Pivot GBPJPY,H1: removed
2	06:25:21.661	Custom indicator IVT_MACD_ZERO_LAG GBPJPY,H1: removed
2	06:25:21.670	Custom indicator HeikenAshi_DM GBPJPY,H1: loaded successfully
2	06:25:21.679	Custom indicator DM_DSR GBPJPY,H1: loaded successfully
2	06:25:21.688	Custom indicator LJ_SIG GBPJPY,H1: loaded successfully
2	06:25:21.696	Custom indicator #MarketPrice _v1_4 GBPJPY,H1: loaded successfully
2	06:25:21.704	Custom indicator ABT 5M 15M\CandleCountdown GBPJPY,H1: loaded successfully
2	06:25:21.713	Custom indicator LJ_SYNERGY_ID GBPJPY,H1: loaded successfully
2	06:25:21.722	Custom indicator Traders Dynamic Index VISUAL ALERTS GBPJPY,H1: loaded successfully
2	06:25:21.731	Custom indicator DM_Volatility GBPJPY,H1: loaded successfully
2	06:25:21.739	Custom indicator DM_RangeFactor GBPJPY,H1: loaded successfully
2	06:25:21.747	Custom indicator DM_Continuation GBPJPY,H1: loaded successfully
2	06:25:21.757	Custom indicator Status Monitor V1.2 GBPJPY,H1: loaded successfully
2	06:27:50.463	Custom indicator HeikenAshi_DM GBPJPY,H1: removed
2	06:27:50.464	Custom indicator DM_DSR GBPJPY,H1: removed
2	06:27:50.465	Custom indicator LJ_SIG GBPJPY,H1: removed
2	06:27:50.467	Custom indicator #MarketPrice _v1_4 GBPJPY,H1: removed
2	06:27:50.468	Custom indicator CandleCountdown GBPJPY,H1: removed
2	06:27:50.469	Custom indicator LJ_SYNERGY_ID GBPJPY,H1: removed
2	06:27:50.471	Custom indicator Traders Dynamic Index VISUAL ALERTS GBPJPY,H1: removed
2	06:27:50.473	Custom indicator DM_Volatility GBPJPY,H1: removed
2	06:27:50.474	Custom indicator DM_RangeFactor GBPJPY,H1: removed
2	06:27:50.476	Custom indicator DM_Continuation GBPJPY,H1: removed
2	06:27:50.477	Custom indicator Status Monitor V1.2 GBPJPY,H1: removed
2	06:27:50.491	Custom indicator $-ForecastCityIntradayIndicator GBPJPY,H1: loaded successfully
2	06:27:50.556	Custom indicator Entry GBPJPY,H1: loaded successfully
2	06:27:50.623	Custom indicator Trend GBPJPY,H1: loaded successfully
2	06:27:50.632	Custom indicator Admiral Pivot GBPJPY,H1: loaded successfully
2	06:27:50.640	Custom indicator IVT_MACD_ZERO_LAG GBPJPY,H1: loaded successfully
2	06:32:12.291	Custom indicator $-ForecastCityIntradayIndicator EURUSD,H1: removed
2	06:32:12.293	Custom indicator Entry EURUSD,H1: removed
2	06:32:12.293	Custom indicator Trend EURUSD,H1: removed
2	06:32:12.306	Custom indicator $-ForecastCityIntradayIndicator EURUSD,H1: loaded successfully
2	06:32:12.384	Custom indicator Entry EURUSD,H1: loaded successfully
2	06:32:12.464	Custom indicator Trend EURUSD,H1: loaded successfully
2	06:32:12.474	Custom indicator Admiral Pivot EURUSD,H1: loaded successfully
2	06:32:12.485	Custom indicator IVT_MACD_ZERO_LAG EURUSD,H1: loaded successfully
2	06:36:23.628	Custom indicator $-ForecastCityIntradayIndicator EURUSD,H1: removed
2	06:36:23.628	Custom indicator Entry EURUSD,H1: removed
2	06:36:23.628	Custom indicator Trend EURUSD,H1: removed
2	06:36:23.629	Custom indicator Admiral Pivot EURUSD,H1: removed
2	06:36:23.631	Custom indicator IVT_MACD_ZERO_LAG EURUSD,H1: removed
2	06:36:23.673	Custom indicator RSBot_V7 EURUSD,H1: loaded successfully
2	06:38:15.593	Custom indicator RSBot_V7 EURUSD,H1: removed
2	06:38:15.602	Custom indicator CandleTimer EURUSD,H1: loaded successfully
2	06:38:15.672	Custom indicator #P4L CandleTime EURUSD,H1: loaded successfully
2	06:38:15.681	Custom indicator TURBO PLUS+ EURUSD,H1: loaded successfully
2	06:38:15.692	Custom indicator ALERT SIGNAL EURUSD,H1: loaded successfully
2	06:38:15.702	Custom indicator RSI Divergence Levels EURUSD,H1: loaded successfully
2	06:38:15.712	Custom indicator MACD_Volumes-2 EURUSD,H1: loaded successfully
2	06:38:15.866	Custom indicator MBFX Timing EURUSD,H1: loaded successfully
2	06:38:44.437	Custom indicator MBFX Timing EURUSD,H1: removed
2	06:38:44.442	Custom indicator CandleTimer EURUSD,H1: removed
2	06:38:44.442	Custom indicator #P4L CandleTime EURUSD,H1: removed
2	06:38:44.443	Custom indicator TURBO PLUS+ EURUSD,H1: removed
2	06:38:44.445	Custom indicator ALERT SIGNAL EURUSD,H1: removed
2	06:38:44.446	Custom indicator RSI Divergence Levels EURUSD,H1: removed
2	06:38:44.447	Custom indicator MACD_Volumes-2 EURUSD,H1: removed
2	06:38:44.459	Custom indicator !!ZeusArrow-SNR-1 EURUSD,H1: loaded successfully
2	06:38:44.470	Custom indicator !!ZeusArrow-SNR-2 EURUSD,H1: loaded successfully
2	06:38:44.481	Custom indicator !!ZeusArrow-CurrencyPair EURUSD,H1: loaded successfully
2	06:38:44.491	Custom indicator !!ZeusArrow-Reversal EURUSD,H1: loaded successfully
2	06:38:44.504	Custom indicator !!ZeusArrowPremium EURUSD,H1: loaded successfully
2	06:38:44.514	Custom indicator !!ZeusArrowV1.1 EURUSD,H1: loaded successfully
2	06:39:33.194	Custom indicator !!ZeusArrow-SNR-1 EURUSD,M5: removed
2	06:39:33.196	Custom indicator !!ZeusArrow-SNR-2 EURUSD,M5: removed
2	06:39:33.198	Custom indicator !!ZeusArrow-CurrencyPair EURUSD,M5: removed
2	06:39:33.200	Custom indicator !!ZeusArrow-Reversal EURUSD,M5: removed
2	06:39:33.202	Custom indicator !!ZeusArrowPremium EURUSD,M5: removed
2	06:39:33.204	Custom indicator !!ZeusArrowV1.1 EURUSD,M5: removed
2	06:39:33.271	Custom indicator i-Sessions EURUSD,M5: loaded successfully
2	06:39:33.279	Custom indicator P4L CandleTime EURUSD,M5: loaded successfully
2	06:39:33.287	Custom indicator ssc EURUSD,M5: loaded successfully
2	06:39:33.296	Custom indicator Stochastic EURUSD,M5: loaded successfully
2	06:39:33.305	Custom indicator VCustom3 EURUSD,M5: loaded successfully
2	06:40:05.570	Custom indicator $-ForecastCityIntradayIndicator AUDCHF,H1: removed
2	06:40:05.570	Custom indicator Entry AUDCHF,H1: removed
2	06:40:05.570	Custom indicator Trend AUDCHF,H1: removed
2	06:40:05.573	Custom indicator MACDcorrect AUDCHF,H1: removed
2	06:40:13.180	Custom indicator HeikenAshi_DM GBPAUD,H1: removed
2	06:40:13.181	Custom indicator DM_DSR GBPAUD,H1: removed
2	06:40:13.183	Custom indicator LJ_SIG GBPAUD,H1: removed
2	06:40:13.184	Custom indicator #MarketPrice _v1_4 GBPAUD,H1: removed
2	06:40:13.186	Custom indicator CandleCountdown GBPAUD,H1: removed
2	06:40:13.188	Custom indicator LJ_SYNERGY_ID GBPAUD,H1: removed
2	06:40:13.189	Custom indicator Traders Dynamic Index VISUAL ALERTS GBPAUD,H1: removed
2	06:40:13.190	Custom indicator DM_Volatility GBPAUD,H1: removed
2	06:40:13.192	Custom indicator DM_RangeFactor GBPAUD,H1: removed
2	06:40:13.193	Custom indicator DM_Continuation GBPAUD,H1: removed
2	06:40:13.196	Custom indicator Status Monitor V1.2 GBPAUD,H1: removed
1	07:22:41.463	'27123197': ping failed
0	07:22:42.057	'27123197': login datacenter on AdmiralMarkets-Live
0	07:22:43.162	'27123197': login on AdmiralMarkets-Live through Access Point #5 (ping: 209.10 ms)
0	07:22:51.658	'27123197': login datacenter on AdmiralMarkets-Live through Access Point #5 (ping: 209.10 ms)
0	07:22:52.214	'27123197': previous successful authorization performed from 197.149.22.55
0	07:23:21.693	'27123197': auto connecting to a better access point Access Point #6 (ping is 210.84 ms)
0	07:23:22.485	'27123197': login on AdmiralMarkets-Live through Access Point #6 (ping: 210.84 ms)
0	07:23:37.613	'27123197': login datacenter on AdmiralMarkets-Live through Access Point #6 (ping: 210.84 ms)
0	07:23:40.115	'27123197': previous successful authorization performed from 197.149.22.55
0	07:24:05.525	HistoryCenter: synchronize 'GBPJPY60'
0	07:24:09.353	HistoryCenter: 1588 bars imported in 'GBPJPY60'
2	07:49:02.185	Custom indicator $-ForecastCityIntradayIndicator WTI,H1: loaded successfully
2	07:49:02.263	Custom indicator Entry WTI,H1: loaded successfully
2	07:49:02.376	Custom indicator Trend WTI,H1: loaded successfully
2	07:49:15.092	Custom indicator $-ForecastCityIntradayIndicator WTI,H1: removed
2	07:49:15.092	Custom indicator Entry WTI,H1: removed
2	07:49:15.092	Custom indicator Trend WTI,H1: removed
2	07:49:15.104	Custom indicator $-ForecastCityIntradayIndicator WTI,H1: loaded successfully
2	07:49:15.175	Custom indicator Entry WTI,H1: loaded successfully
2	07:49:15.243	Custom indicator Trend WTI,H1: loaded successfully
2	07:49:15.252	Custom indicator Admiral Pivot WTI,H1: loaded successfully
2	07:49:15.261	Custom indicator IVT_MACD_ZERO_LAG WTI,H1: loaded successfully
0	07:50:41.290	'27123197': login datacenter on AdmiralMarkets-Live
0	07:50:42.312	'27123197': login on AdmiralMarkets-Live through Access Point #4 (ping: 208.66 ms)
0	07:51:00.810	'27123197': login datacenter on AdmiralMarkets-Live through Access Point #4 (ping: 208.66 ms)
0	07:51:01.346	'27123197': previous successful authorization performed from 197.149.22.55
0	08:38:40.338	'27123197': login datacenter on AdmiralMarkets-Live
0	08:38:44.717	'27123197': login on AdmiralMarkets-Live through Access Point #3 (ping: 229.33 ms)
0	08:39:45.318	'27123197': login datacenter on AdmiralMarkets-Live
0	08:39:51.399	'27123197': login on AdmiralMarkets-Live through Access Point #5 (ping: 211.68 ms)
0	08:39:53.589	'27123197': login datacenter on AdmiralMarkets-Live through Access Point #5 (ping: 211.68 ms)
0	08:39:54.165	'27123197': previous successful authorization performed from 197.149.22.55
0	08:40:07.074	'27123197': auto connecting to a better access point Access Point #4 (ping is 205.23 ms)
0	08:40:08.008	'27123197': login on AdmiralMarkets-Live through Access Point #4 (ping: 205.23 ms)
0	08:41:02.869	'27123197': login datacenter on AdmiralMarkets-Live through Access Point #4 (ping: 205.23 ms)
0	08:41:03.689	'27123197': previous successful authorization performed from 197.149.22.55
2	08:52:15.868	Custom indicator $-ForecastCityIntradayIndicator GOLD,H1: loaded successfully
2	08:52:15.938	Custom indicator Entry GOLD,H1: loaded successfully
2	08:52:16.007	Custom indicator Trend GOLD,H1: loaded successfully
2	08:52:16.017	Custom indicator Admiral Pivot GOLD,H1: loaded successfully
2	08:52:16.027	Custom indicator IVT_MACD_ZERO_LAG GOLD,H1: loaded successfully
0	08:53:53.288	'23875089': login on AdmiralMarkets-Demo through Access Point #4 (ping: 248.15 ms)
0	08:53:58.546	'23875089': login datacenter on AdmiralMarkets-Demo through Access Point #4 (ping: 248.15 ms)
0	08:54:02.289	'23875089': previous successful authorization performed from 154.126.9.127
0	08:54:26.179	'23875089': ping to current access point Access Point #4 is 214.19 ms
0	08:54:26.663	'23875089': order sell market 0.10 GOLD sl: 0.000 tp: 0.000
0	08:55:11.769	'23875089': login on AdmiralMarkets-Demo through Access Point #6 (ping: 231.02 ms)
0	08:55:13.808	'23875089': login datacenter on AdmiralMarkets-Demo through Access Point #6 (ping: 231.02 ms)
0	08:55:14.706	'23875089': previous successful authorization performed from 197.149.22.55
2	08:55:38.194	Custom indicator i-Sessions EURUSD,H1: removed
2	08:55:38.198	Custom indicator P4L CandleTime EURUSD,H1: removed
2	08:55:38.200	Custom indicator ssc EURUSD,H1: removed
2	08:55:38.202	Custom indicator Stochastic EURUSD,H1: removed
2	08:55:38.203	Custom indicator VCustom3 EURUSD,H1: removed
2	08:55:38.210	Custom indicator $-ForecastCityIntradayIndicator GBPUSD,H1: removed
2	08:55:38.211	Custom indicator Entry GBPUSD,H1: removed
2	08:55:38.211	Custom indicator Trend GBPUSD,H1: removed
2	08:55:38.221	Custom indicator $-ForecastCityIntradayIndicator AUDUSD,H1: removed
2	08:55:38.221	Custom indicator Entry AUDUSD,H1: removed
2	08:55:38.221	Custom indicator Trend AUDUSD,H1: removed
2	08:55:38.228	Custom indicator $-ForecastCityIntradayIndicator EURJPY,H1: removed
2	08:55:38.230	Custom indicator Entry EURJPY,H1: removed
2	08:55:38.230	Custom indicator Trend EURJPY,H1: removed
2	08:55:38.239	Custom indicator $-ForecastCityIntradayIndicator GBPJPY,H1: removed
2	08:55:38.239	Custom indicator Entry GBPJPY,H1: removed
2	08:55:38.239	Custom indicator Trend GBPJPY,H1: removed
2	08:55:38.241	Custom indicator IVT_MACD_ZERO_LAG GBPJPY,H1: removed
2	08:55:38.256	Custom indicator $-ForecastCityIntradayIndicator NZDUSD,H1: removed
2	08:55:38.257	Custom indicator Entry NZDUSD,H1: removed
2	08:55:38.258	Custom indicator Trend NZDUSD,H1: removed
2	08:55:38.261	Custom indicator IVT_MACD_ZERO_LAG NZDUSD,H1: removed
2	08:55:38.269	Custom indicator Entry USDCAD,H1: removed
2	08:55:38.269	Custom indicator Trend USDCAD,H1: removed
2	08:55:38.273	Custom indicator Entry USDJPY,H1: removed
2	08:55:38.274	Custom indicator Trend USDJPY,H1: removed
2	08:55:38.281	Custom indicator Entry USDCHF,H1: removed
2	08:55:38.282	Custom indicator Trend USDCHF,H1: removed
2	08:55:38.289	Custom indicator HeikenAshi_DM AUDJPY,H1: removed
2	08:55:38.291	Custom indicator DM_DSR AUDJPY,H1: removed
2	08:55:38.293	Custom indicator LJ_SIG AUDJPY,H1: removed
2	08:55:38.296	Custom indicator #MarketPrice _v1_4 AUDJPY,H1: removed
2	08:55:38.299	Custom indicator CandleCountdown AUDJPY,H1: removed
2	08:55:38.301	Custom indicator LJ_SYNERGY_ID AUDJPY,H1: removed
2	08:55:38.303	Custom indicator Traders Dynamic Index VISUAL ALERTS AUDJPY,H1: removed
2	08:55:38.304	Custom indicator DM_Volatility AUDJPY,H1: removed
2	08:55:38.306	Custom indicator DM_RangeFactor AUDJPY,H1: removed
2	08:55:38.308	Custom indicator DM_Continuation AUDJPY,H1: removed
2	08:55:38.310	Custom indicator Status Monitor V1.2 AUDJPY,H1: removed
2	08:55:38.322	Custom indicator HeikenAshi_DM USDCAD,H1: removed
2	08:55:38.324	Custom indicator DM_DSR USDCAD,H1: removed
2	08:55:38.326	Custom indicator LJ_SIG USDCAD,H1: removed
2	08:55:38.328	Custom indicator #MarketPrice _v1_4 USDCAD,H1: removed
2	08:55:38.332	Custom indicator CandleCountdown USDCAD,H1: removed
2	08:55:38.334	Custom indicator LJ_SYNERGY_ID USDCAD,H1: removed
2	08:55:38.336	Custom indicator Traders Dynamic Index VISUAL ALERTS USDCAD,H1: removed
2	08:55:38.338	Custom indicator DM_Volatility USDCAD,H1: removed
2	08:55:38.339	Custom indicator DM_RangeFactor USDCAD,H1: removed
2	08:55:38.341	Custom indicator DM_Continuation USDCAD,H1: removed
2	08:55:38.343	Custom indicator Status Monitor V1.2 USDCAD,H1: removed
2	08:55:38.353	Custom indicator HeikenAshi_DM AUDNZD,H1: removed
2	08:55:38.354	Custom indicator DM_DSR AUDNZD,H1: removed
2	08:55:38.356	Custom indicator LJ_SIG AUDNZD,H1: removed
2	08:55:38.358	Custom indicator #MarketPrice _v1_4 AUDNZD,H1: removed
2	08:55:38.360	Custom indicator CandleCountdown AUDNZD,H1: removed
2	08:55:38.361	Custom indicator LJ_SYNERGY_ID AUDNZD,H1: removed
2	08:55:38.364	Custom indicator Traders Dynamic Index VISUAL ALERTS AUDNZD,H1: removed
2	08:55:38.366	Custom indicator DM_Volatility AUDNZD,H1: removed
2	08:55:38.367	Custom indicator DM_RangeFactor AUDNZD,H1: removed
2	08:55:38.369	Custom indicator DM_Continuation AUDNZD,H1: removed
2	08:55:38.370	Custom indicator Status Monitor V1.2 AUDNZD,H1: removed
2	08:55:38.377	Custom indicator HeikenAshi_DM GBPNZD,H1: removed
2	08:55:38.379	Custom indicator DM_DSR GBPNZD,H1: removed
2	08:55:38.381	Custom indicator LJ_SIG GBPNZD,H1: removed
2	08:55:38.382	Custom indicator #MarketPrice _v1_4 GBPNZD,H1: removed
2	08:55:38.384	Custom indicator CandleCountdown GBPNZD,H1: removed
2	08:55:38.385	Custom indicator LJ_SYNERGY_ID GBPNZD,H1: removed
2	08:55:38.386	Custom indicator Traders Dynamic Index VISUAL ALERTS GBPNZD,H1: removed
2	08:55:38.388	Custom indicator DM_Volatility GBPNZD,H1: removed
2	08:55:38.390	Custom indicator DM_RangeFactor GBPNZD,H1: removed
2	08:55:38.391	Custom indicator DM_Continuation GBPNZD,H1: removed
2	08:55:38.393	Custom indicator Status Monitor V1.2 GBPNZD,H1: removed
2	08:55:38.399	Custom indicator HeikenAshi_DM AUDJPY,H1: removed
2	08:55:38.400	Custom indicator DM_DSR AUDJPY,H1: removed
2	08:55:38.401	Custom indicator LJ_SIG AUDJPY,H1: removed
2	08:55:38.403	Custom indicator #MarketPrice _v1_4 AUDJPY,H1: removed
2	08:55:38.404	Custom indicator CandleCountdown AUDJPY,H1: removed
2	08:55:38.406	Custom indicator LJ_SYNERGY_ID AUDJPY,H1: removed
2	08:55:38.407	Custom indicator Traders Dynamic Index VISUAL ALERTS AUDJPY,H1: removed
2	08:55:38.410	Custom indicator DM_Volatility AUDJPY,H1: removed
2	08:55:38.412	Custom indicator DM_RangeFactor AUDJPY,H1: removed
2	08:55:38.414	Custom indicator DM_Continuation AUDJPY,H1: removed
2	08:55:38.415	Custom indicator Status Monitor V1.2 AUDJPY,H1: removed
2	08:55:38.421	Custom indicator HeikenAshi_DM AUDCHF,H1: removed
2	08:55:38.423	Custom indicator DM_DSR AUDCHF,H1: removed
2	08:55:38.425	Custom indicator LJ_SIG AUDCHF,H1: removed
2	08:55:38.427	Custom indicator #MarketPrice _v1_4 AUDCHF,H1: removed
2	08:55:38.428	Custom indicator CandleCountdown AUDCHF,H1: removed
2	08:55:38.430	Custom indicator LJ_SYNERGY_ID AUDCHF,H1: removed
2	08:55:38.431	Custom indicator Traders Dynamic Index VISUAL ALERTS AUDCHF,H1: removed
2	08:55:38.433	Custom indicator DM_Volatility AUDCHF,H1: removed
2	08:55:38.434	Custom indicator DM_RangeFactor AUDCHF,H1: removed
2	08:55:38.435	Custom indicator DM_Continuation AUDCHF,H1: removed
2	08:55:38.437	Custom indicator Status Monitor V1.2 AUDCHF,H1: removed
2	08:55:38.440	Custom indicator $-ForecastCityIntradayIndicator BCHUSD,H1: removed
2	08:55:38.441	Custom indicator Entry BCHUSD,H1: removed
2	08:55:38.441	Custom indicator Trend BCHUSD,H1: removed
2	08:55:38.448	Custom indicator $-ForecastCityIntradayIndicator GBPJPY,H1: removed
2	08:55:38.448	Custom indicator Entry GBPJPY,H1: removed
2	08:55:38.449	Custom indicator Trend GBPJPY,H1: removed
2	08:55:38.451	Custom indicator Admiral Pivot GBPJPY,H1: removed
2	08:55:38.452	Custom indicator IVT_MACD_ZERO_LAG GBPJPY,H1: removed
2	08:55:38.456	Custom indicator $-ForecastCityIntradayIndicator WTI,H1: removed
2	08:55:38.456	Custom indicator Entry WTI,H1: removed
2	08:55:38.456	Custom indicator Trend WTI,H1: removed
2	08:55:38.457	Custom indicator Admiral Pivot WTI,H1: removed
2	08:55:38.458	Custom indicator IVT_MACD_ZERO_LAG WTI,H1: removed
2	08:55:38.464	Custom indicator $-ForecastCityIntradayIndicator GOLD,H1: removed
2	08:55:38.464	Custom indicator Entry GOLD,H1: removed
2	08:55:38.465	Custom indicator Trend GOLD,H1: removed
2	08:55:38.466	Custom indicator Admiral Pivot GOLD,H1: removed
2	08:55:38.468	Custom indicator IVT_MACD_ZERO_LAG GOLD,H1: removed
0	08:55:38.748	Admiral Markets build 1260 stopped
0	09:18:26.570	Admiral Markets build 1260 started (Admiral Markets Group AS)
0	09:18:26.570	Windows 10 Pro x64, IE 11, UAC, 8 x Intel Core i7-10510U  @ 1.80GHz, Memory: 1059 / 8014 Mb, Disk: 75 / 237 Gb, GMT+3
0	09:18:26.570	Data Folder: C:\Users\SRIE\AppData\Roaming\MetaQuotes\Terminal\51337600F56B69473E15EAFB8A7586B4
2	09:18:28.622	Custom indicator i-Sessions EURUSD,H1: loaded successfully
2	09:18:28.629	Custom indicator P4L CandleTime EURUSD,H1: loaded successfully
2	09:18:28.636	Custom indicator ssc EURUSD,H1: loaded successfully
2	09:18:28.643	Custom indicator Stochastic EURUSD,H1: loaded successfully
2	09:18:28.650	Custom indicator VCustom3 EURUSD,H1: loaded successfully
2	09:18:29.157	Custom indicator $-ForecastCityIntradayIndicator GBPUSD,H1: loaded successfully
2	09:18:29.220	Custom indicator Entry GBPUSD,H1: loaded successfully
2	09:18:29.282	Custom indicator Trend GBPUSD,H1: loaded successfully
2	09:18:29.548	Custom indicator $-ForecastCityIntradayIndicator AUDUSD,H1: loaded successfully
2	09:18:29.612	Custom indicator Entry AUDUSD,H1: loaded successfully
2	09:18:29.676	Custom indicator Trend AUDUSD,H1: loaded successfully
2	09:18:29.911	Custom indicator $-ForecastCityIntradayIndicator EURJPY,H1: loaded successfully
2	09:18:29.978	Custom indicator Entry EURJPY,H1: loaded successfully
2	09:18:30.042	Custom indicator Trend EURJPY,H1: loaded successfully
2	09:18:30.325	Custom indicator $-ForecastCityIntradayIndicator GBPJPY,H1: loaded successfully
2	09:18:30.388	Custom indicator Entry GBPJPY,H1: loaded successfully
2	09:18:30.449	Custom indicator Trend GBPJPY,H1: loaded successfully
2	09:18:30.458	Custom indicator IVT_MACD_ZERO_LAG GBPJPY,H1: loaded successfully
2	09:18:30.705	Custom indicator $-ForecastCityIntradayIndicator NZDUSD,H1: loaded successfully
2	09:18:30.773	Custom indicator Entry NZDUSD,H1: loaded successfully
2	09:18:30.839	Custom indicator Trend NZDUSD,H1: loaded successfully
2	09:18:30.847	Custom indicator IVT_MACD_ZERO_LAG NZDUSD,H1: loaded successfully
2	09:18:31.241	Custom indicator Entry USDCAD,H1: loaded successfully
2	09:18:31.312	Custom indicator Trend USDCAD,H1: loaded successfully
2	09:18:31.581	Custom indicator Entry USDJPY,H1: loaded successfully
2	09:18:31.648	Custom indicator Trend USDJPY,H1: loaded successfully
2	09:18:31.908	Custom indicator Entry USDCHF,H1: loaded successfully
2	09:18:31.975	Custom indicator Trend USDCHF,H1: loaded successfully
2	09:18:32.190	Custom indicator HeikenAshi_DM AUDJPY,H1: loaded successfully
2	09:18:32.198	Custom indicator DM_DSR AUDJPY,H1: loaded successfully
2	09:18:32.207	Custom indicator LJ_SIG AUDJPY,H1: loaded successfully
2	09:18:32.215	Custom indicator #MarketPrice _v1_4 AUDJPY,H1: loaded successfully
2	09:18:32.223	Custom indicator ABT 5M 15M\CandleCountdown AUDJPY,H1: loaded successfully
2	09:18:32.232	Custom indicator LJ_SYNERGY_ID AUDJPY,H1: loaded successfully
2	09:18:32.241	Custom indicator Traders Dynamic Index VISUAL ALERTS AUDJPY,H1: loaded successfully
2	09:18:32.249	Custom indicator DM_Volatility AUDJPY,H1: loaded successfully
2	09:18:32.257	Custom indicator DM_RangeFactor AUDJPY,H1: loaded successfully
2	09:18:32.265	Custom indicator DM_Continuation AUDJPY,H1: loaded successfully
2	09:18:32.272	Custom indicator Status Monitor V1.2 AUDJPY,H1: loaded successfully
2	09:18:32.656	Custom indicator HeikenAshi_DM USDCAD,H1: loaded successfully
2	09:18:32.665	Custom indicator DM_DSR USDCAD,H1: loaded successfully
2	09:18:32.674	Custom indicator LJ_SIG USDCAD,H1: loaded successfully
2	09:18:32.683	Custom indicator #MarketPrice _v1_4 USDCAD,H1: loaded successfully
2	09:18:32.691	Custom indicator ABT 5M 15M\CandleCountdown USDCAD,H1: loaded successfully
2	09:18:32.700	Custom indicator LJ_SYNERGY_ID USDCAD,H1: loaded successfully
2	09:18:32.708	Custom indicator Traders Dynamic Index VISUAL ALERTS USDCAD,H1: loaded successfully
2	09:18:32.716	Custom indicator DM_Volatility USDCAD,H1: loaded successfully
2	09:18:32.725	Custom indicator DM_RangeFactor USDCAD,H1: loaded successfully
2	09:18:32.733	Custom indicator DM_Continuation USDCAD,H1: loaded successfully
2	09:18:32.740	Custom indicator Status Monitor V1.2 USDCAD,H1: loaded successfully
2	09:18:33.148	Custom indicator HeikenAshi_DM AUDNZD,H1: loaded successfully
2	09:18:33.157	Custom indicator DM_DSR AUDNZD,H1: loaded successfully
2	09:18:33.166	Custom indicator LJ_SIG AUDNZD,H1: loaded successfully
2	09:18:33.175	Custom indicator #MarketPrice _v1_4 AUDNZD,H1: loaded successfully
2	09:18:33.183	Custom indicator ABT 5M 15M\CandleCountdown AUDNZD,H1: loaded successfully
2	09:18:33.192	Custom indicator LJ_SYNERGY_ID AUDNZD,H1: loaded successfully
2	09:18:33.201	Custom indicator Traders Dynamic Index VISUAL ALERTS AUDNZD,H1: loaded successfully
2	09:18:33.222	Custom indicator DM_Volatility AUDNZD,H1: loaded successfully
2	09:18:33.276	Custom indicator DM_RangeFactor AUDNZD,H1: loaded successfully
2	09:18:33.314	Custom indicator DM_Continuation AUDNZD,H1: loaded successfully
2	09:18:33.337	Custom indicator Status Monitor V1.2 AUDNZD,H1: loaded successfully
2	09:18:33.728	Custom indicator HeikenAshi_DM GBPNZD,H1: loaded successfully
2	09:18:33.736	Custom indicator DM_DSR GBPNZD,H1: loaded successfully
2	09:18:33.745	Custom indicator LJ_SIG GBPNZD,H1: loaded successfully
2	09:18:33.753	Custom indicator #MarketPrice _v1_4 GBPNZD,H1: loaded successfully
2	09:18:33.761	Custom indicator ABT 5M 15M\CandleCountdown GBPNZD,H1: loaded successfully
2	09:18:33.769	Custom indicator LJ_SYNERGY_ID GBPNZD,H1: loaded successfully
2	09:18:33.778	Custom indicator Traders Dynamic Index VISUAL ALERTS GBPNZD,H1: loaded successfully
2	09:18:33.787	Custom indicator DM_Volatility GBPNZD,H1: loaded successfully
2	09:18:33.795	Custom indicator DM_RangeFactor GBPNZD,H1: loaded successfully
2	09:18:33.804	Custom indicator DM_Continuation GBPNZD,H1: loaded successfully
2	09:18:33.812	Custom indicator Status Monitor V1.2 GBPNZD,H1: loaded successfully
2	09:18:34.218	Custom indicator HeikenAshi_DM AUDJPY,H1: loaded successfully
2	09:18:34.227	Custom indicator DM_DSR AUDJPY,H1: loaded successfully
2	09:18:34.238	Custom indicator LJ_SIG AUDJPY,H1: loaded successfully
2	09:18:34.246	Custom indicator #MarketPrice _v1_4 AUDJPY,H1: loaded successfully
2	09:18:34.255	Custom indicator ABT 5M 15M\CandleCountdown AUDJPY,H1: loaded successfully
2	09:18:34.265	Custom indicator LJ_SYNERGY_ID AUDJPY,H1: loaded successfully
2	09:18:34.275	Custom indicator Traders Dynamic Index VISUAL ALERTS AUDJPY,H1: loaded successfully
2	09:18:34.292	Custom indicator DM_Volatility AUDJPY,H1: loaded successfully
2	09:18:34.301	Custom indicator DM_RangeFactor AUDJPY,H1: loaded successfully
2	09:18:34.310	Custom indicator DM_Continuation AUDJPY,H1: loaded successfully
2	09:18:34.318	Custom indicator Status Monitor V1.2 AUDJPY,H1: loaded successfully
2	09:18:34.687	Custom indicator HeikenAshi_DM AUDCHF,H1: loaded successfully
2	09:18:34.695	Custom indicator DM_DSR AUDCHF,H1: loaded successfully
2	09:18:34.706	Custom indicator LJ_SIG AUDCHF,H1: loaded successfully
2	09:18:34.715	Custom indicator #MarketPrice _v1_4 AUDCHF,H1: loaded successfully
2	09:18:34.724	Custom indicator ABT 5M 15M\CandleCountdown AUDCHF,H1: loaded successfully
2	09:18:34.732	Custom indicator LJ_SYNERGY_ID AUDCHF,H1: loaded successfully
2	09:18:34.741	Custom indicator Traders Dynamic Index VISUAL ALERTS AUDCHF,H1: loaded successfully
2	09:18:34.748	Custom indicator DM_Volatility AUDCHF,H1: loaded successfully
2	09:18:34.756	Custom indicator DM_RangeFactor AUDCHF,H1: loaded successfully
2	09:18:34.764	Custom indicator DM_Continuation AUDCHF,H1: loaded successfully
2	09:18:34.772	Custom indicator Status Monitor V1.2 AUDCHF,H1: loaded successfully
2	09:18:35.125	Custom indicator $-ForecastCityIntradayIndicator BCHUSD,H1: loaded successfully
2	09:18:35.192	Custom indicator Entry BCHUSD,H1: loaded successfully
2	09:18:35.256	Custom indicator Trend BCHUSD,H1: loaded successfully
2	09:18:35.467	Custom indicator $-ForecastCityIntradayIndicator GBPJPY,H1: loaded successfully
2	09:18:35.533	Custom indicator Entry GBPJPY,H1: loaded successfully
2	09:18:35.604	Custom indicator Trend GBPJPY,H1: loaded successfully
2	09:18:35.613	Custom indicator Admiral Pivot GBPJPY,H1: loaded successfully
2	09:18:35.622	Custom indicator IVT_MACD_ZERO_LAG GBPJPY,H1: loaded successfully
2	09:18:35.924	Custom indicator $-ForecastCityIntradayIndicator WTI,H1: loaded successfully
2	09:18:35.989	Custom indicator Entry WTI,H1: loaded successfully
2	09:18:36.059	Custom indicator Trend WTI,H1: loaded successfully
2	09:18:36.068	Custom indicator Admiral Pivot WTI,H1: loaded successfully
2	09:18:36.077	Custom indicator IVT_MACD_ZERO_LAG WTI,H1: loaded successfully
2	09:18:36.320	Custom indicator $-ForecastCityIntradayIndicator GOLD,H1: loaded successfully
2	09:18:36.383	Custom indicator Entry GOLD,H1: loaded successfully
2	09:18:36.450	Custom indicator Trend GOLD,H1: loaded successfully
2	09:18:36.458	Custom indicator Admiral Pivot GOLD,H1: loaded successfully
2	09:18:36.466	Custom indicator IVT_MACD_ZERO_LAG GOLD,H1: loaded successfully
0	09:18:41.215	'23875089': login on AdmiralMarkets-Demo through Access Point #6 (ping: 231.02 ms)
0	09:18:46.006	'23875089': login datacenter on AdmiralMarkets-Demo through Access Point #6 (ping: 231.02 ms)
0	09:18:47.589	'23875089': previous successful authorization performed from 197.149.22.55
0	09:19:16.079	'23875089': order sell market 0.10 GOLD sl: 0.000 tp: 0.000
0	09:19:17.116	'23875089': order was opened : #180891159 sell 0.10 GOLD at 1727.480 sl: 0.000 tp: 0.000
0	09:19:50.338	'23875089': modify order #180891159 sell 0.10 GOLD at 1727.480 sl: 0.000 tp: 0.000 -> sl: 0.000 tp: 1704.965
0	09:19:51.559	'23875089': order #180891159 sell 0.10 GOLD at 1727.480 was modified -> sl: 0.000 tp: 1704.965
0	09:19:59.683	'23875089': modify order #180891159 sell 0.10 GOLD at 1727.480 sl: 0.000 tp: 1704.965 -> sl: 0.000 tp: 1720.603
0	09:19:59.974	'23875089': order #180891159 sell 0.10 GOLD at 1727.480 was modified -> sl: 0.000 tp: 1720.603
0	09:20:03.779	'23875089': close order #180891159 sell 0.10 GOLD at 1727.480 sl: 0.000 tp: 1720.603 at price 0.000
0	09:20:04.100	'23875089': order #180891159 sell 0.10 GOLD at 1727.480 sl: 0.000 tp: 1720.603 closed at price 1728.010
0	09:20:11.662	'23875089': order sell market 0.05 GOLD sl: 0.000 tp: 0.000
0	09:20:12.326	'23875089': order was opened : #180891325 sell 0.05 GOLD at 1727.580 sl: 0.000 tp: 0.000
0	09:20:35.854	'23875089': modify order #180891325 sell 0.05 GOLD at 1727.580 sl: 0.000 tp: 0.000 -> sl: 0.000 tp: 1700.178
0	09:20:36.131	'23875089': order #180891325 sell 0.05 GOLD at 1727.580 was modified -> sl: 0.000 tp: 1700.178
0	09:20:58.950	'23875089': modify order #180891325 sell 0.05 GOLD at 1727.580 sl: 0.000 tp: 1700.178 -> sl: 1770.348 tp: 1700.178
0	09:20:59.233	'23875089': order #180891325 sell 0.05 GOLD at 1727.580 was modified -> sl: 1770.348 tp: 1700.178
0	09:22:02.268	'23875089': close order #180891325 sell 0.05 GOLD at 1727.580 sl: 1770.348 tp: 1700.178 at price 0.000
0	09:22:03.961	'23875089': order #180891325 sell 0.05 GOLD at 1727.580 sl: 1770.348 tp: 1700.178 closed at price 1727.434
0	09:22:10.164	'23875089': order sell market 0.03 GOLD sl: 0.000 tp: 0.000
0	09:22:10.506	'23875089': order was opened : #180891584 sell 0.03 GOLD at 1726.910 sl: 0.000 tp: 0.000
0	09:22:55.551	'23875089': modify order #180891584 sell 0.03 GOLD at 1726.910 sl: 0.000 tp: 0.000 -> sl: 1768.000 tp: 1684.000
0	09:22:55.836	'23875089': order #180891584 sell 0.03 GOLD at 1726.910 was modified -> sl: 1768.000 tp: 1684.000
0	09:23:26.607	'23875089': close order #180891584 sell 0.03 GOLD at 1726.910 sl: 1768.000 tp: 1684.000 at price 0.000
0	09:23:27.355	'23875089': order #180891584 sell 0.03 GOLD at 1726.910 sl: 1768.000 tp: 1684.000 closed at price 1727.600
0	09:23:34.077	'23875089': order sell market 0.02 GOLD sl: 0.000 tp: 0.000
0	09:23:34.976	'23875089': order was opened : #180891689 sell 0.02 GOLD at 1727.150 sl: 0.000 tp: 0.000
0	09:24:15.887	'23875089': modify order #180891689 sell 0.02 GOLD at 1727.150 sl: 0.000 tp: 0.000 -> sl: 1768.000 tp: 1684.000
0	09:24:16.162	'23875089': order #180891689 sell 0.02 GOLD at 1727.150 was modified -> sl: 1768.000 tp: 1684.000
0	09:24:33.409	'23875089': close order #180891689 sell 0.02 GOLD at 1727.150 sl: 1768.000 tp: 1684.000 at price 0.000
0	09:24:34.283	'23875089': order #180891689 sell 0.02 GOLD at 1727.150 sl: 1768.000 tp: 1684.000 closed at price 1727.670
0	09:24:50.043	'27123197': login on AdmiralMarkets-Live through Access Point #4 (ping: 205.23 ms)
0	09:25:25.671	'27123197': login datacenter on AdmiralMarkets-Live through Access Point #4 (ping: 205.23 ms)
0	09:25:26.204	'27123197': previous successful authorization performed from 197.149.22.55
0	09:25:54.373	'23875089': login on AdmiralMarkets-Demo through Access Point #6 (ping: 231.02 ms)
0	09:25:56.585	'23875089': login datacenter on AdmiralMarkets-Demo through Access Point #6 (ping: 231.02 ms)
0	09:25:57.215	'23875089': previous successful authorization performed from 197.149.22.55
0	09:26:40.688	'23875089': order sell market 0.01 GOLD sl: 0.000 tp: 0.000
0	09:26:41.381	'23875089': order was opened : #180891850 sell 0.01 GOLD at 1727.150 sl: 0.000 tp: 0.000
0	09:27:19.514	'23875089': modify order #180891850 sell 0.01 GOLD at 1727.150 sl: 0.000 tp: 0.000 -> sl: 1768.000 tp: 1684.000
0	09:27:19.814	'23875089': order #180891850 sell 0.01 GOLD at 1727.150 was modified -> sl: 1768.000 tp: 1684.000
0	09:27:58.523	'23875089': close order #180891850 sell 0.01 GOLD at 1727.150 sl: 1768.000 tp: 1684.000 at price 0.000
0	09:27:59.244	'23875089': order #180891850 sell 0.01 GOLD at 1727.150 sl: 1768.000 tp: 1684.000 closed at price 1727.420
1	09:27:59.518	'23875089': datacenter connecting failed [6]
0	09:28:00.244	'23875089': login on AdmiralMarkets-Demo through Access Point #1 (ping: 239.69 ms)
0	09:28:02.015	'23875089': login datacenter on AdmiralMarkets-Demo through Access Point #1 (ping: 239.69 ms)
0	09:28:02.970	'23875089': previous successful authorization performed from 197.149.22.55
0	09:28:20.676	'27123197': login on AdmiralMarkets-Live through Access Point #4 (ping: 205.23 ms)
0	09:28:30.438	'27123197': login datacenter on AdmiralMarkets-Live through Access Point #4 (ping: 205.23 ms)
0	09:28:32.074	'27123197': previous successful authorization performed from 197.149.22.55
2	09:29:46.647	Custom indicator $-ForecastCityIntradayIndicator GOLD,H1: removed
2	09:29:46.647	Custom indicator Entry GOLD,H1: removed
2	09:29:46.647	Custom indicator Trend GOLD,H1: removed
2	09:29:46.648	Custom indicator Admiral Pivot GOLD,H1: removed
2	09:29:46.649	Custom indicator IVT_MACD_ZERO_LAG GOLD,H1: removed
2	09:29:46.665	Custom indicator $-ForecastCityIntradayIndicator GOLD,H1: loaded successfully
2	09:29:46.730	Custom indicator Entry GOLD,H1: loaded successfully
2	09:29:46.793	Custom indicator Trend GOLD,H1: loaded successfully
2	09:29:46.802	Custom indicator Admiral Pivot GOLD,H1: loaded successfully
2	09:29:46.811	Custom indicator IVT_MACD_ZERO_LAG GOLD,H1: loaded successfully
2	09:30:03.690	Custom indicator $-ForecastCityIntradayIndicator GOLD,H1: removed
2	09:30:03.690	Custom indicator Entry GOLD,H1: removed
2	09:30:03.690	Custom indicator Trend GOLD,H1: removed
2	09:30:03.691	Custom indicator Admiral Pivot GOLD,H1: removed
2	09:30:03.692	Custom indicator IVT_MACD_ZERO_LAG GOLD,H1: removed
2	09:30:03.704	Custom indicator $-ForecastCityIntradayIndicator GOLD,H1: loaded successfully
2	09:30:03.772	Custom indicator Entry GOLD,H1: loaded successfully
2	09:30:03.833	Custom indicator Trend GOLD,H1: loaded successfully
2	09:30:03.841	Custom indicator Admiral Pivot GOLD,H1: loaded successfully
2	09:30:03.848	Custom indicator IVT_MACD_ZERO_LAG GOLD,H1: loaded successfully
0	09:36:35.105	'27123197': order sell market 0.02 GOLD sl: 1768.000 tp: 1684.000
0	09:36:35.870	'27123197': order was opened : #66406892 sell 0.02 GOLD at 1726.540 sl: 1768.000 tp: 1684.000
2	09:41:29.995	Custom indicator $-ForecastCityIntradayIndicator [DAX30],H1: loaded successfully
2	09:41:30.066	Custom indicator Entry [DAX30],H1: loaded successfully
2	09:41:30.133	Custom indicator Trend [DAX30],H1: loaded successfully
2	09:41:30.142	Custom indicator Admiral Pivot [DAX30],H1: loaded successfully
2	09:41:30.150	Custom indicator IVT_MACD_ZERO_LAG [DAX30],H1: loaded successfully
1	09:51:12.573	'27123197': ping failed
1	09:51:12.575	'27123197': datacenter connecting failed [6]
0	09:51:13.550	'27123197': login on AdmiralMarkets-Live through Access Point #5 (ping: 206.07 ms)
0	09:52:15.566	'27123197': login datacenter on AdmiralMarkets-Live
0	09:52:22.102	'27123197': login on AdmiralMarkets-Live through Access Point #3 (ping: 231.63 ms)
0	09:53:16.352	'27123197': auto connecting to a better access point Access Point #4 (ping is 208.54 ms)
0	09:53:17.089	'27123197': login datacenter on AdmiralMarkets-Live through Access Point #4 (ping: 208.54 ms)
0	09:53:38.371	'27123197': login on AdmiralMarkets-Live through Access Point #4 (ping: 208.54 ms)
0	09:54:12.548	'27123197': login datacenter on AdmiralMarkets-Live through Access Point #4 (ping: 208.54 ms)
0	09:54:28.911	'27123197': previous successful authorization performed from 197.149.22.55
1	09:55:57.513	'27123197': datacenter connecting failed [6]
0	09:55:58.389	'27123197': login on AdmiralMarkets-Live through Access Point #1 (ping: 238.78 ms)
0	09:57:01.218	'27123197': login datacenter on AdmiralMarkets-Live
0	09:57:08.141	'27123197': login on AdmiralMarkets-Live through Access Point #5 (ping: 234.03 ms)
0	09:58:09.387	'27123197': login datacenter on AdmiralMarkets-Live
0	09:58:19.272	'27123197': login on AdmiralMarkets-Live through Access Point #3 (ping: 244.66 ms)
0	09:58:28.604	'27123197': ping to current access point Access Point #3 is 259.36 ms
0	09:59:20.128	'27123197': login datacenter on AdmiralMarkets-Live
0	09:59:26.634	'27123197': login on AdmiralMarkets-Live through Access Point #5 (ping: 207.52 ms)
0	10:00:27.929	'27123197': login datacenter on AdmiralMarkets-Live
0	10:00:35.550	'27123197': login on AdmiralMarkets-Live through Access Point #6 (ping: 222.75 ms)
0	10:00:39.512	'27123197': ping to current access point Access Point #6 is 226.67 ms
0	10:01:38.371	'27123197': login datacenter on AdmiralMarkets-Live
0	10:01:50.584	'27123197': login on AdmiralMarkets-Live through Access Point #5 (ping: 216.67 ms)
0	10:02:52.440	'27123197': login datacenter on AdmiralMarkets-Live
0	10:03:00.475	'27123197': login on AdmiralMarkets-Live through Access Point #4 (ping: 225.22 ms)
0	10:03:04.138	'27123197': ping to current access point Access Point #4 is 214.57 ms
0	10:04:01.164	'27123197': login datacenter on AdmiralMarkets-Live
0	10:04:07.288	'27123197': login on AdmiralMarkets-Live through Access Point #6 (ping: 212.78 ms)
0	10:04:36.381	'27123197': login datacenter on AdmiralMarkets-Live through Access Point #6 (ping: 212.78 ms)
0	10:04:41.131	'27123197': previous successful authorization performed from 197.149.22.55
0	10:05:15.758	'27123197': ping to current access point Access Point #6 is 233.70 ms
0	10:06:29.497	'27123197': login datacenter on AdmiralMarkets-Live
0	10:06:32.628	'27123197': login on AdmiralMarkets-Live through Access Point #5 (ping: 222.81 ms)
0	10:07:35.283	'27123197': login datacenter on AdmiralMarkets-Live
0	10:07:46.971	'27123197': login on AdmiralMarkets-Live through Access Point #3 (ping: 236.55 ms)
0	10:08:13.191	'27123197': login datacenter on AdmiralMarkets-Live through Access Point #3 (ping: 236.55 ms)
0	10:08:14.872	'27123197': previous successful authorization performed from 197.149.22.55
0	10:09:05.275	'27123197': ping to current access point Access Point #3 is 259.35 ms
0	10:10:37.990	'27123197': login datacenter on AdmiralMarkets-Live
0	10:10:39.012	'27123197': login on AdmiralMarkets-Live through Access Point #4 (ping: 217.80 ms)
0	10:10:51.307	'27123197': login datacenter on AdmiralMarkets-Live through Access Point #4 (ping: 217.80 ms)
0	10:10:52.374	'27123197': previous successful authorization performed from 197.149.22.55
0	10:12:17.082	'27123197': login datacenter on AdmiralMarkets-Live
0	10:12:19.851	'27123197': login on AdmiralMarkets-Live through Access Point #5 (ping: 250.60 ms)
0	10:13:21.351	'27123197': login datacenter on AdmiralMarkets-Live
0	10:13:30.095	'27123197': login on AdmiralMarkets-Live through Access Point #1 (ping: 251.80 ms)
0	10:14:31.417	'27123197': login datacenter on AdmiralMarkets-Live
0	10:14:37.977	'27123197': login on AdmiralMarkets-Live through Access Point #6 (ping: 290.66 ms)
0	10:14:49.489	'27123197': login datacenter on AdmiralMarkets-Live through Access Point #6 (ping: 290.66 ms)
0	10:14:51.188	'27123197': ping to current access point Access Point #6 is 395.54 ms
0	10:14:51.233	'27123197': previous successful authorization performed from 197.149.22.55
1	10:16:55.879	'27123197': datacenter connecting failed [6]
0	10:16:56.898	'27123197': login on AdmiralMarkets-Live through Access Point #4 (ping: 210.31 ms)
0	10:17:58.993	'27123197': login datacenter on AdmiralMarkets-Live
0	10:18:05.473	'27123197': login on AdmiralMarkets-Live through Access Point #3 (ping: 228.52 ms)
0	10:19:05.942	'27123197': login datacenter on AdmiralMarkets-Live
0	10:19:12.715	'27123197': login on AdmiralMarkets-Live through Access Point #1 (ping: 237.17 ms)
0	10:19:42.561	'27123197': ping to current access point Access Point #1 is 253.95 ms
0	10:19:58.234	'27123197': login datacenter on AdmiralMarkets-Live through Access Point #1 (ping: 253.95 ms)
0	10:20:00.130	'27123197': previous successful authorization performed from 197.149.22.55
1	10:21:18.515	'27123197': datacenter connecting failed [6]
0	10:21:19.317	'27123197': login on AdmiralMarkets-Live through Access Point #4 (ping: 206.30 ms)
0	10:21:22.562	'27123197': login datacenter on AdmiralMarkets-Live through Access Point #4 (ping: 206.30 ms)
0	10:21:23.117	'27123197': previous successful authorization performed from 197.149.22.55
1	10:22:59.515	'27123197': datacenter connecting failed [6]
0	10:23:00.359	'27123197': login on AdmiralMarkets-Live through Access Point #6 (ping: 217.91 ms)
0	10:23:25.550	'27123197': login datacenter on AdmiralMarkets-Live through Access Point #6 (ping: 217.91 ms)
0	10:23:26.106	'27123197': previous successful authorization performed from 197.149.22.55
1	10:42:20.632	'27123197': connect failed [Connection choue]
0	12:36:32.573	'27123197': login on AdmiralMarkets-Live through Access Point #8 (ping: n/a)
0	12:36:38.156	'27123197': login datacenter on AdmiralMarkets-Live through Access Point #8 (ping: n/a)
0	12:36:39.654	'27123197': previous successful authorization performed from 154.126.10.219
0	12:36:57.764	'27123197': auto connecting to a better access point Access Point #5 (ping is 240.04 ms)
0	12:36:59.616	'27123197': login on AdmiralMarkets-Live through Access Point #5 (ping: 240.04 ms)
0	12:37:03.194	'27123197': login datacenter on AdmiralMarkets-Live through Access Point #5 (ping: 240.04 ms)
0	12:37:04.333	'27123197': previous successful authorization performed from 154.126.10.240
2	12:41:41.064	Custom indicator i-Sessions EURUSD,H1: removed
2	12:41:41.072	Custom indicator P4L CandleTime EURUSD,H1: removed
2	12:41:41.077	Custom indicator ssc EURUSD,H1: removed
2	12:41:41.082	Custom indicator Stochastic EURUSD,H1: removed
2	12:41:41.087	Custom indicator VCustom3 EURUSD,H1: removed
2	12:41:41.133	Custom indicator $-ForecastCityIntradayIndicator EURUSD,H1: loaded successfully
2	12:41:41.271	Custom indicator Entry EURUSD,H1: loaded successfully
2	12:41:41.385	Custom indicator Trend EURUSD,H1: loaded successfully
2	12:58:13.388	Custom indicator $-ForecastCityIntradayIndicator USDCAD,H1: loaded successfully
2	12:58:13.516	Custom indicator Entry USDCAD,H1: loaded successfully
2	12:58:13.631	Custom indicator Trend USDCAD,H1: loaded successfully
2	13:21:21.849	Custom indicator $-ForecastCityIntradayIndicator EURUSD,H1: removed
2	13:21:21.849	Custom indicator Entry EURUSD,H1: removed
2	13:21:21.852	Custom indicator Trend EURUSD,H1: removed
2	13:21:21.873	Custom indicator HeikenAshi_DM EURUSD,H1: loaded successfully
2	13:21:21.889	Custom indicator DM_DSR EURUSD,H1: loaded successfully
2	13:21:21.915	Custom indicator LJ_SIG EURUSD,H1: loaded successfully
2	13:21:21.943	Custom indicator #MarketPrice _v1_4 EURUSD,H1: loaded successfully
2	13:21:21.970	Custom indicator ABT 5M 15M\CandleCountdown EURUSD,H1: loaded successfully
2	13:21:21.998	Custom indicator LJ_SYNERGY_ID EURUSD,H1: loaded successfully
2	13:21:22.030	Custom indicator Traders Dynamic Index VISUAL ALERTS EURUSD,H1: loaded successfully
2	13:21:22.060	Custom indicator DM_Volatility EURUSD,H1: loaded successfully
2	13:21:22.084	Custom indicator DM_RangeFactor EURUSD,H1: loaded successfully
2	13:21:22.112	Custom indicator DM_Continuation EURUSD,H1: loaded successfully
2	13:21:22.139	Custom indicator Status Monitor V1.2 EURUSD,H1: loaded successfully
0	20:41:03.630	Admiral Markets build 1260 started (Admiral Markets Group AS)
0	20:41:03.630	Windows 10 Pro x64, IE 11, UAC, 8 x Intel Core i7-10510U  @ 1.80GHz, Memory: 907 / 8014 Mb, Disk: 75 / 237 Gb, GMT+3
0	20:41:03.630	Data Folder: C:\Users\SRIE\AppData\Roaming\MetaQuotes\Terminal\51337600F56B69473E15EAFB8A7586B4
2	20:41:05.427	Custom indicator HeikenAshi_DM EURUSD,H1: loaded successfully
2	20:41:05.435	Custom indicator DM_DSR EURUSD,H1: loaded successfully
2	20:41:05.442	Custom indicator LJ_SIG EURUSD,H1: loaded successfully
2	20:41:05.450	Custom indicator #MarketPrice _v1_4 EURUSD,H1: loaded successfully
2	20:41:05.458	Custom indicator ABT 5M 15M\CandleCountdown EURUSD,H1: loaded successfully
2	20:41:05.465	Custom indicator LJ_SYNERGY_ID EURUSD,H1: loaded successfully
2	20:41:05.472	Custom indicator Traders Dynamic Index VISUAL ALERTS EURUSD,H1: loaded successfully
2	20:41:05.479	Custom indicator DM_Volatility EURUSD,H1: loaded successfully
2	20:41:05.486	Custom indicator DM_RangeFactor EURUSD,H1: loaded successfully
2	20:41:05.493	Custom indicator DM_Continuation EURUSD,H1: loaded successfully
2	20:41:05.500	Custom indicator Status Monitor V1.2 EURUSD,H1: loaded successfully
2	20:41:05.832	Custom indicator $-ForecastCityIntradayIndicator GBPUSD,H1: loaded successfully
2	20:41:05.894	Custom indicator Entry GBPUSD,H1: loaded successfully
2	20:41:05.951	Custom indicator Trend GBPUSD,H1: loaded successfully
2	20:41:06.164	Custom indicator $-ForecastCityIntradayIndicator AUDUSD,H1: loaded successfully
2	20:41:06.223	Custom indicator Entry AUDUSD,H1: loaded successfully
2	20:41:06.287	Custom indicator Trend AUDUSD,H1: loaded successfully
2	20:41:06.505	Custom indicator $-ForecastCityIntradayIndicator EURJPY,H1: loaded successfully
2	20:41:06.569	Custom indicator Entry EURJPY,H1: loaded successfully
2	20:41:06.630	Custom indicator Trend EURJPY,H1: loaded successfully
2	20:41:06.860	Custom indicator $-ForecastCityIntradayIndicator GBPJPY,H1: loaded successfully
2	20:41:06.921	Custom indicator Entry GBPJPY,H1: loaded successfully
2	20:41:06.979	Custom indicator Trend GBPJPY,H1: loaded successfully
2	20:41:06.986	Custom indicator IVT_MACD_ZERO_LAG GBPJPY,H1: loaded successfully
2	20:41:07.151	Custom indicator $-ForecastCityIntradayIndicator NZDUSD,H1: loaded successfully
2	20:41:07.209	Custom indicator Entry NZDUSD,H1: loaded successfully
2	20:41:07.267	Custom indicator Trend NZDUSD,H1: loaded successfully
2	20:41:07.276	Custom indicator IVT_MACD_ZERO_LAG NZDUSD,H1: loaded successfully
2	20:41:07.561	Custom indicator Entry USDCAD,H1: loaded successfully
2	20:41:07.619	Custom indicator Trend USDCAD,H1: loaded successfully
2	20:41:07.852	Custom indicator Entry USDJPY,H1: loaded successfully
2	20:41:07.910	Custom indicator Trend USDJPY,H1: loaded successfully
2	20:41:08.159	Custom indicator Entry USDCHF,H1: loaded successfully
2	20:41:08.217	Custom indicator Trend USDCHF,H1: loaded successfully
2	20:41:08.392	Custom indicator HeikenAshi_DM AUDJPY,H1: loaded successfully
2	20:41:08.399	Custom indicator DM_DSR AUDJPY,H1: loaded successfully
2	20:41:08.406	Custom indicator LJ_SIG AUDJPY,H1: loaded successfully
2	20:41:08.413	Custom indicator #MarketPrice _v1_4 AUDJPY,H1: loaded successfully
2	20:41:08.420	Custom indicator ABT 5M 15M\CandleCountdown AUDJPY,H1: loaded successfully
2	20:41:08.427	Custom indicator LJ_SYNERGY_ID AUDJPY,H1: loaded successfully
2	20:41:08.434	Custom indicator Traders Dynamic Index VISUAL ALERTS AUDJPY,H1: loaded successfully
2	20:41:08.441	Custom indicator DM_Volatility AUDJPY,H1: loaded successfully
2	20:41:08.448	Custom indicator DM_RangeFactor AUDJPY,H1: loaded successfully
2	20:41:08.455	Custom indicator DM_Continuation AUDJPY,H1: loaded successfully
2	20:41:08.461	Custom indicator Status Monitor V1.2 AUDJPY,H1: loaded successfully
2	20:41:08.797	Custom indicator HeikenAshi_DM USDCAD,H1: loaded successfully
2	20:41:08.805	Custom indicator DM_DSR USDCAD,H1: loaded successfully
2	20:41:08.812	Custom indicator LJ_SIG USDCAD,H1: loaded successfully
2	20:41:08.820	Custom indicator #MarketPrice _v1_4 USDCAD,H1: loaded successfully
2	20:41:08.827	Custom indicator ABT 5M 15M\CandleCountdown USDCAD,H1: loaded successfully
2	20:41:08.835	Custom indicator LJ_SYNERGY_ID USDCAD,H1: loaded successfully
2	20:41:08.843	Custom indicator Traders Dynamic Index VISUAL ALERTS USDCAD,H1: loaded successfully
2	20:41:08.851	Custom indicator DM_Volatility USDCAD,H1: loaded successfully
2	20:41:08.858	Custom indicator DM_RangeFactor USDCAD,H1: loaded successfully
2	20:41:08.865	Custom indicator DM_Continuation USDCAD,H1: loaded successfully
2	20:41:08.871	Custom indicator Status Monitor V1.2 USDCAD,H1: loaded successfully
2	20:41:09.193	Custom indicator HeikenAshi_DM AUDNZD,H1: loaded successfully
2	20:41:09.200	Custom indicator DM_DSR AUDNZD,H1: loaded successfully
2	20:41:09.208	Custom indicator LJ_SIG AUDNZD,H1: loaded successfully
2	20:41:09.217	Custom indicator #MarketPrice _v1_4 AUDNZD,H1: loaded successfully
2	20:41:09.225	Custom indicator ABT 5M 15M\CandleCountdown AUDNZD,H1: loaded successfully
2	20:41:09.233	Custom indicator LJ_SYNERGY_ID AUDNZD,H1: loaded successfully
2	20:41:09.240	Custom indicator Traders Dynamic Index VISUAL ALERTS AUDNZD,H1: loaded successfully
2	20:41:09.247	Custom indicator DM_Volatility AUDNZD,H1: loaded successfully
2	20:41:09.255	Custom indicator DM_RangeFactor AUDNZD,H1: loaded successfully
2	20:41:09.262	Custom indicator DM_Continuation AUDNZD,H1: loaded successfully
2	20:41:09.270	Custom indicator Status Monitor V1.2 AUDNZD,H1: loaded successfully
2	20:41:09.585	Custom indicator HeikenAshi_DM GBPNZD,H1: loaded successfully
2	20:41:09.593	Custom indicator DM_DSR GBPNZD,H1: loaded successfully
2	20:41:09.600	Custom indicator LJ_SIG GBPNZD,H1: loaded successfully
2	20:41:09.607	Custom indicator #MarketPrice _v1_4 GBPNZD,H1: loaded successfully
2	20:41:09.615	Custom indicator ABT 5M 15M\CandleCountdown GBPNZD,H1: loaded successfully
2	20:41:09.622	Custom indicator LJ_SYNERGY_ID GBPNZD,H1: loaded successfully
2	20:41:09.630	Custom indicator Traders Dynamic Index VISUAL ALERTS GBPNZD,H1: loaded successfully
2	20:41:09.638	Custom indicator DM_Volatility GBPNZD,H1: loaded successfully
2	20:41:09.645	Custom indicator DM_RangeFactor GBPNZD,H1: loaded successfully
2	20:41:09.652	Custom indicator DM_Continuation GBPNZD,H1: loaded successfully
2	20:41:09.660	Custom indicator Status Monitor V1.2 GBPNZD,H1: loaded successfully
2	20:41:09.981	Custom indicator HeikenAshi_DM AUDJPY,H1: loaded successfully
2	20:41:09.988	Custom indicator DM_DSR AUDJPY,H1: loaded successfully
2	20:41:09.995	Custom indicator LJ_SIG AUDJPY,H1: loaded successfully
2	20:41:10.003	Custom indicator #MarketPrice _v1_4 AUDJPY,H1: loaded successfully
2	20:41:10.010	Custom indicator ABT 5M 15M\CandleCountdown AUDJPY,H1: loaded successfully
2	20:41:10.016	Custom indicator LJ_SYNERGY_ID AUDJPY,H1: loaded successfully
2	20:41:10.023	Custom indicator Traders Dynamic Index VISUAL ALERTS AUDJPY,H1: loaded successfully
2	20:41:10.030	Custom indicator DM_Volatility AUDJPY,H1: loaded successfully
2	20:41:10.037	Custom indicator DM_RangeFactor AUDJPY,H1: loaded successfully
2	20:41:10.045	Custom indicator DM_Continuation AUDJPY,H1: loaded successfully
2	20:41:10.052	Custom indicator Status Monitor V1.2 AUDJPY,H1: loaded successfully
2	20:41:10.362	Custom indicator HeikenAshi_DM AUDCHF,H1: loaded successfully
2	20:41:10.370	Custom indicator DM_DSR AUDCHF,H1: loaded successfully
2	20:41:10.377	Custom indicator LJ_SIG AUDCHF,H1: loaded successfully
2	20:41:10.385	Custom indicator #MarketPrice _v1_4 AUDCHF,H1: loaded successfully
2	20:41:10.392	Custom indicator ABT 5M 15M\CandleCountdown AUDCHF,H1: loaded successfully
2	20:41:10.399	Custom indicator LJ_SYNERGY_ID AUDCHF,H1: loaded successfully
2	20:41:10.407	Custom indicator Traders Dynamic Index VISUAL ALERTS AUDCHF,H1: loaded successfully
2	20:41:10.414	Custom indicator DM_Volatility AUDCHF,H1: loaded successfully
2	20:41:10.422	Custom indicator DM_RangeFactor AUDCHF,H1: loaded successfully
2	20:41:10.430	Custom indicator DM_Continuation AUDCHF,H1: loaded successfully
2	20:41:10.437	Custom indicator Status Monitor V1.2 AUDCHF,H1: loaded successfully
2	20:41:10.799	Custom indicator $-ForecastCityIntradayIndicator BCHUSD,H1: loaded successfully
2	20:41:10.859	Custom indicator Entry BCHUSD,H1: loaded successfully
2	20:41:10.920	Custom indicator Trend BCHUSD,H1: loaded successfully
2	20:41:11.125	Custom indicator $-ForecastCityIntradayIndicator GBPJPY,H1: loaded successfully
2	20:41:11.185	Custom indicator Entry GBPJPY,H1: loaded successfully
2	20:41:11.243	Custom indicator Trend GBPJPY,H1: loaded successfully
2	20:41:11.252	Custom indicator Admiral Pivot GBPJPY,H1: loaded successfully
2	20:41:11.259	Custom indicator IVT_MACD_ZERO_LAG GBPJPY,H1: loaded successfully
2	20:41:11.442	Custom indicator $-ForecastCityIntradayIndicator WTI,H1: loaded successfully
2	20:41:11.502	Custom indicator Entry WTI,H1: loaded successfully
2	20:41:11.565	Custom indicator Trend WTI,H1: loaded successfully
2	20:41:11.572	Custom indicator Admiral Pivot WTI,H1: loaded successfully
2	20:41:11.580	Custom indicator IVT_MACD_ZERO_LAG WTI,H1: loaded successfully
2	20:41:11.814	Custom indicator $-ForecastCityIntradayIndicator GOLD,H1: loaded successfully
2	20:41:11.873	Custom indicator Entry GOLD,H1: loaded successfully
2	20:41:11.932	Custom indicator Trend GOLD,H1: loaded successfully
2	20:41:11.940	Custom indicator Admiral Pivot GOLD,H1: loaded successfully
2	20:41:11.948	Custom indicator IVT_MACD_ZERO_LAG GOLD,H1: loaded successfully
2	20:41:12.185	Custom indicator $-ForecastCityIntradayIndicator [DAX30],H1: loaded successfully
2	20:41:12.244	Custom indicator Entry [DAX30],H1: loaded successfully
2	20:41:12.302	Custom indicator Trend [DAX30],H1: loaded successfully
2	20:41:12.310	Custom indicator Admiral Pivot [DAX30],H1: loaded successfully
2	20:41:12.318	Custom indicator IVT_MACD_ZERO_LAG [DAX30],H1: loaded successfully
2	20:41:12.565	Custom indicator $-ForecastCityIntradayIndicator USDCAD,H1: loaded successfully
2	20:41:12.627	Custom indicator Entry USDCAD,H1: loaded successfully
2	20:41:12.684	Custom indicator Trend USDCAD,H1: loaded successfully
0	20:41:18.338	'27123197': login on AdmiralMarkets-Live through Access Point #4 (ping: 203.60 ms)
0	20:41:22.078	'27123197': login datacenter on AdmiralMarkets-Live through Access Point #4 (ping: 203.60 ms)
0	20:41:22.707	'27123197': previous successful authorization performed from 197.149.22.55
2	20:42:32.784	Custom indicator HeikenAshi_DM EURUSD,H1: removed
2	20:42:32.786	Custom indicator DM_DSR EURUSD,H1: removed
2	20:42:32.787	Custom indicator LJ_SIG EURUSD,H1: removed
2	20:42:32.788	Custom indicator #MarketPrice _v1_4 EURUSD,H1: removed
2	20:42:32.790	Custom indicator CandleCountdown EURUSD,H1: removed
2	20:42:32.791	Custom indicator LJ_SYNERGY_ID EURUSD,H1: removed
2	20:42:32.792	Custom indicator Traders Dynamic Index VISUAL ALERTS EURUSD,H1: removed
2	20:42:32.795	Custom indicator DM_Volatility EURUSD,H1: removed
2	20:42:32.797	Custom indicator DM_RangeFactor EURUSD,H1: removed
2	20:42:32.798	Custom indicator DM_Continuation EURUSD,H1: removed
2	20:42:32.800	Custom indicator Status Monitor V1.2 EURUSD,H1: removed
2	20:42:32.812	Custom indicator $-ForecastCityIntradayIndicator EURUSD,H1: loaded successfully
2	20:42:32.871	Custom indicator Entry EURUSD,H1: loaded successfully
2	20:42:32.930	Custom indicator Trend EURUSD,H1: loaded successfully
2	20:43:00.346	Custom indicator $-ForecastCityIntradayIndicator GBPUSD,H1: removed
2	20:43:00.346	Custom indicator Entry GBPUSD,H1: removed
2	20:43:00.346	Custom indicator Trend GBPUSD,H1: removed
2	20:43:00.358	Custom indicator $-ForecastCityIntradayIndicator GBPUSD,H1: loaded successfully
2	20:43:00.423	Custom indicator Entry GBPUSD,H1: loaded successfully
2	20:43:00.483	Custom indicator Trend GBPUSD,H1: loaded successfully
2	20:44:48.012	Custom indicator $-ForecastCityIntradayIndicator AUDUSD,H1: removed
2	20:44:48.012	Custom indicator Entry AUDUSD,H1: removed
2	20:44:48.012	Custom indicator Trend AUDUSD,H1: removed
2	20:44:48.023	Custom indicator $-ForecastCityIntradayIndicator AUDUSD,H1: loaded successfully
2	20:44:48.089	Custom indicator Entry AUDUSD,H1: loaded successfully
2	20:44:48.149	Custom indicator Trend AUDUSD,H1: loaded successfully
0	20:45:31.506	HistoryCenter: synchronize 'AUDUSD60'
0	20:45:42.311	HistoryCenter: 2698 bars imported in 'AUDUSD60'
2	20:45:55.593	Custom indicator $-ForecastCityIntradayIndicator EURJPY,H1: removed
2	20:45:55.593	Custom indicator Entry EURJPY,H1: removed
2	20:45:55.593	Custom indicator Trend EURJPY,H1: removed
2	20:45:55.606	Custom indicator $-ForecastCityIntradayIndicator EURJPY,H1: loaded successfully
2	20:45:55.671	Custom indicator Entry EURJPY,H1: loaded successfully
2	20:45:55.731	Custom indicator Trend EURJPY,H1: loaded successfully
2	20:46:40.068	Custom indicator $-ForecastCityIntradayIndicator GBPJPY,H1: removed
2	20:46:40.069	Custom indicator Entry GBPJPY,H1: removed
2	20:46:40.069	Custom indicator Trend GBPJPY,H1: removed
2	20:46:40.070	Custom indicator IVT_MACD_ZERO_LAG GBPJPY,H1: removed
2	20:46:40.082	Custom indicator $-ForecastCityIntradayIndicator GBPJPY,H1: loaded successfully
2	20:46:40.145	Custom indicator Entry GBPJPY,H1: loaded successfully
2	20:46:40.204	Custom indicator Trend GBPJPY,H1: loaded successfully
2	20:46:40.212	Custom indicator Admiral Pivot GBPJPY,H1: loaded successfully
2	20:46:40.220	Custom indicator IVT_MACD_ZERO_LAG GBPJPY,H1: loaded successfully
2	20:46:49.905	Custom indicator $-ForecastCityIntradayIndicator GBPJPY,H1: removed
2	20:46:49.905	Custom indicator Entry GBPJPY,H1: removed
2	20:46:49.905	Custom indicator Trend GBPJPY,H1: removed
2	20:46:49.906	Custom indicator Admiral Pivot GBPJPY,H1: removed
2	20:46:49.908	Custom indicator IVT_MACD_ZERO_LAG GBPJPY,H1: removed
2	20:46:49.920	Custom indicator $-ForecastCityIntradayIndicator GBPJPY,H1: loaded successfully
2	20:46:49.985	Custom indicator Entry GBPJPY,H1: loaded successfully
2	20:46:50.043	Custom indicator Trend GBPJPY,H1: loaded successfully
2	20:59:08.668	Custom indicator $-ForecastCityIntradayIndicator NZDUSD,H1: removed
2	20:59:08.668	Custom indicator Entry NZDUSD,H1: removed
2	20:59:08.668	Custom indicator Trend NZDUSD,H1: removed
2	20:59:08.669	Custom indicator IVT_MACD_ZERO_LAG NZDUSD,H1: removed
2	20:59:08.682	Custom indicator $-ForecastCityIntradayIndicator NZDUSD,H1: loaded successfully
2	20:59:08.748	Custom indicator Entry NZDUSD,H1: loaded successfully
2	20:59:08.812	Custom indicator Trend NZDUSD,H1: loaded successfully
2	20:59:17.047	Custom indicator Entry USDCAD,H1: removed
2	20:59:17.047	Custom indicator Trend USDCAD,H1: removed
2	20:59:17.060	Custom indicator $-ForecastCityIntradayIndicator USDCAD,H1: loaded successfully
2	20:59:17.123	Custom indicator Entry USDCAD,H1: loaded successfully
2	20:59:17.184	Custom indicator Trend USDCAD,H1: loaded successfully
0	21:14:32.618	'27123197': order sell market 0.02 GBPUSD sl: 0.00000 tp: 1.21607
0	21:14:33.561	'27123197': order was opened : #66433594 sell 0.02 GBPUSD at 1.21912 sl: 0.00000 tp: 1.21607
0	21:15:25.502	'27123197': order sell market 0.10 GBPUSD sl: 0.00000 tp: 1.21603
0	21:15:26.316	'27123197': order was opened : #66433603 sell 0.10 GBPUSD at 1.21916 sl: 0.00000 tp: 1.21603
0	21:15:59.298	'27123197': modify order #66433594 sell 0.02 GBPUSD at 1.21912 sl: 0.00000 tp: 1.21607 -> sl: 0.00000 tp: 1.21918
0	21:16:00.091	'27123197': order #66433594 sell 0.02 GBPUSD at 1.21912 was modified -> sl: 0.00000 tp: 1.21918
2	21:16:51.671	Custom indicator IVT_MACD_ZERO_LAG GBPUSD,H1: loaded successfully
0	21:17:36.471	'27123197': order sell market 0.10 GBPUSD sl: 0.00000 tp: 0.00000
0	21:17:37.567	'27123197': order was opened : #66433618 sell 0.10 GBPUSD at 1.21913 sl: 0.00000 tp: 0.00000
2	21:19:25.593	Custom indicator $-ForecastCityIntradayIndicator AUDUSD,H1: removed
2	21:19:25.593	Custom indicator Entry AUDUSD,H1: removed
2	21:19:25.593	Custom indicator Trend AUDUSD,H1: removed
2	21:19:25.604	Custom indicator $-ForecastCityIntradayIndicator AUDUSD,H1: loaded successfully
2	21:19:25.670	Custom indicator Entry AUDUSD,H1: loaded successfully
2	21:19:25.732	Custom indicator Trend AUDUSD,H1: loaded successfully
2	21:19:25.741	Custom indicator IVT_MACD_ZERO_LAG AUDUSD,H1: loaded successfully
2	21:19:55.044	Custom indicator $-ForecastCityIntradayIndicator EURJPY,H1: removed
2	21:19:55.044	Custom indicator Entry EURJPY,H1: removed
2	21:19:55.044	Custom indicator Trend EURJPY,H1: removed
2	21:19:55.056	Custom indicator $-ForecastCityIntradayIndicator EURJPY,H1: loaded successfully
2	21:19:55.123	Custom indicator Entry EURJPY,H1: loaded successfully
2	21:19:55.190	Custom indicator Trend EURJPY,H1: loaded successfully
2	21:19:55.198	Custom indicator IVT_MACD_ZERO_LAG EURJPY,H1: loaded successfully
2	21:20:22.240	Custom indicator $-ForecastCityIntradayIndicator GBPJPY,H1: removed
2	21:20:22.240	Custom indicator Entry GBPJPY,H1: removed
2	21:20:22.240	Custom indicator Trend GBPJPY,H1: removed
2	21:20:22.252	Custom indicator $-ForecastCityIntradayIndicator GBPJPY,H1: loaded successfully
2	21:20:22.318	Custom indicator Entry GBPJPY,H1: loaded successfully
2	21:20:22.392	Custom indicator Trend GBPJPY,H1: loaded successfully
2	21:20:22.400	Custom indicator IVT_MACD_ZERO_LAG GBPJPY,H1: loaded successfully
0	21:22:25.436	'27123197': modify order #66403116 sell 0.10 GBPJPY at 131.046 sl: 131.790 tp: 130.414 -> sl: 131.790 tp: 131.337
0	21:22:25.903	'27123197': order #66403116 sell 0.10 GBPJPY at 131.046 was modified -> sl: 131.790 tp: 131.337
0	21:23:29.237	'27123197': modify order #66403116 sell 0.10 GBPJPY at 131.046 sl: 131.790 tp: 131.337 -> sl: 131.790 tp: 131.024
0	21:23:41.204	'27123197': order #66403116 sell 0.10 GBPJPY at 131.046 was modified -> sl: 131.790 tp: 131.024
0	21:26:03.578	'27123197': modify order #66433618 sell 0.10 GBPUSD at 1.21913 sl: 0.00000 tp: 0.00000 -> sl: 0.00000 tp: 1.21920
0	21:26:03.982	'27123197': order #66433618 sell 0.10 GBPUSD at 1.21913 was modified -> sl: 0.00000 tp: 1.21920
0	21:36:42.262	'27123197': order #66433618 sell 0.10 GBPUSD at 1.21913 closed due take-profit at price 1.21919
0	21:36:42.434	'27123197': order #66433594 sell 0.02 GBPUSD at 1.21912 closed due take-profit at price 1.21916
0	21:39:39.655	'27123197': modify order #66433603 sell 0.10 GBPUSD at 1.21916 sl: 0.00000 tp: 1.21603 -> sl: 1.22348 tp: 1.21603
0	21:39:39.931	'27123197': order #66433603 sell 0.10 GBPUSD at 1.21916 was modified -> sl: 1.22348 tp: 1.21603
2	21:40:37.638	Custom indicator $-ForecastCityIntradayIndicator NZDUSD,H1: removed
2	21:40:37.638	Custom indicator Entry NZDUSD,H1: removed
2	21:40:37.638	Custom indicator Trend NZDUSD,H1: removed
2	21:40:37.652	Custom indicator $-ForecastCityIntradayIndicator NZDUSD,H1: loaded successfully
2	21:40:37.719	Custom indicator Entry NZDUSD,H1: loaded successfully
2	21:40:37.782	Custom indicator Trend NZDUSD,H1: loaded successfully
2	21:40:37.790	Custom indicator IVT_MACD_ZERO_LAG NZDUSD,H1: loaded successfully
2	21:41:37.098	Custom indicator $-ForecastCityIntradayIndicator USDCAD,H1: removed
2	21:41:37.098	Custom indicator Entry USDCAD,H1: removed
2	21:41:37.098	Custom indicator Trend USDCAD,H1: removed
2	21:41:37.113	Custom indicator $-ForecastCityIntradayIndicator USDCAD,H1: loaded successfully
2	21:41:37.176	Custom indicator Entry USDCAD,H1: loaded successfully
2	21:41:37.241	Custom indicator Trend USDCAD,H1: loaded successfully
2	21:41:37.249	Custom indicator IVT_MACD_ZERO_LAG USDCAD,H1: loaded successfully
2	21:42:07.809	Custom indicator Entry USDJPY,H1: removed
2	21:42:07.809	Custom indicator Trend USDJPY,H1: removed
2	21:42:07.821	Custom indicator $-ForecastCityIntradayIndicator USDJPY,H1: loaded successfully
2	21:42:07.889	Custom indicator Entry USDJPY,H1: loaded successfully
2	21:42:07.955	Custom indicator Trend USDJPY,H1: loaded successfully
2	21:42:07.963	Custom indicator IVT_MACD_ZERO_LAG USDJPY,H1: loaded successfully
2	21:42:32.801	Custom indicator Entry USDCHF,H1: removed
2	21:42:32.801	Custom indicator Trend USDCHF,H1: removed
2	21:42:32.812	Custom indicator $-ForecastCityIntradayIndicator USDCHF,H1: loaded successfully
2	21:42:32.880	Custom indicator Entry USDCHF,H1: loaded successfully
2	21:42:32.944	Custom indicator Trend USDCHF,H1: loaded successfully
2	21:42:32.951	Custom indicator IVT_MACD_ZERO_LAG USDCHF,H1: loaded successfully
2	21:43:26.393	Custom indicator HeikenAshi_DM AUDJPY,H1: removed
2	21:43:26.394	Custom indicator DM_DSR AUDJPY,H1: removed
2	21:43:26.396	Custom indicator LJ_SIG AUDJPY,H1: removed
2	21:43:26.397	Custom indicator #MarketPrice _v1_4 AUDJPY,H1: removed
2	21:43:26.398	Custom indicator CandleCountdown AUDJPY,H1: removed
2	21:43:26.400	Custom indicator LJ_SYNERGY_ID AUDJPY,H1: removed
2	21:43:26.401	Custom indicator Traders Dynamic Index VISUAL ALERTS AUDJPY,H1: removed
2	21:43:26.403	Custom indicator DM_Volatility AUDJPY,H1: removed
2	21:43:26.404	Custom indicator DM_RangeFactor AUDJPY,H1: removed
2	21:43:26.406	Custom indicator DM_Continuation AUDJPY,H1: removed
2	21:43:26.407	Custom indicator Status Monitor V1.2 AUDJPY,H1: removed
2	21:43:26.419	Custom indicator $-ForecastCityIntradayIndicator AUDJPY,H1: loaded successfully
2	21:43:26.483	Custom indicator Entry AUDJPY,H1: loaded successfully
2	21:43:26.548	Custom indicator Trend AUDJPY,H1: loaded successfully
2	21:43:26.556	Custom indicator IVT_MACD_ZERO_LAG AUDJPY,H1: loaded successfully
2	21:46:07.143	Custom indicator $-ForecastCityIntradayIndicator AUDJPY,H1: removed
2	21:46:07.143	Custom indicator Entry AUDJPY,H1: removed
2	21:46:07.143	Custom indicator Trend AUDJPY,H1: removed
2	21:46:07.144	Custom indicator IVT_MACD_ZERO_LAG AUDJPY,H1: removed
2	21:46:07.155	Custom indicator $-ForecastCityIntradayIndicator AUDJPY,H1: loaded successfully
2	21:46:07.222	Custom indicator Entry AUDJPY,H1: loaded successfully
2	21:46:07.285	Custom indicator Trend AUDJPY,H1: loaded successfully
2	21:46:07.293	Custom indicator IVT_MACD_ZERO_LAG AUDJPY,H1: loaded successfully
2	21:46:18.945	Custom indicator HeikenAshi_DM USDCAD,H1: removed
2	21:46:18.947	Custom indicator DM_DSR USDCAD,H1: removed
2	21:46:18.948	Custom indicator LJ_SIG USDCAD,H1: removed
2	21:46:18.950	Custom indicator #MarketPrice _v1_4 USDCAD,H1: removed
2	21:46:18.951	Custom indicator CandleCountdown USDCAD,H1: removed
2	21:46:18.953	Custom indicator LJ_SYNERGY_ID USDCAD,H1: removed
2	21:46:18.954	Custom indicator Traders Dynamic Index VISUAL ALERTS USDCAD,H1: removed
2	21:46:18.955	Custom indicator DM_Volatility USDCAD,H1: removed
2	21:46:18.957	Custom indicator DM_RangeFactor USDCAD,H1: removed
2	21:46:18.958	Custom indicator DM_Continuation USDCAD,H1: removed
2	21:46:18.959	Custom indicator Status Monitor V1.2 USDCAD,H1: removed
2	21:46:18.972	Custom indicator $-ForecastCityIntradayIndicator USDCAD,H1: loaded successfully
2	21:46:19.038	Custom indicator Entry USDCAD,H1: loaded successfully
2	21:46:19.102	Custom indicator Trend USDCAD,H1: loaded successfully
2	21:46:19.110	Custom indicator IVT_MACD_ZERO_LAG USDCAD,H1: loaded successfully
2	21:46:42.278	Custom indicator HeikenAshi_DM AUDNZD,H1: removed
2	21:46:42.280	Custom indicator DM_DSR AUDNZD,H1: removed
2	21:46:42.281	Custom indicator LJ_SIG AUDNZD,H1: removed
2	21:46:42.283	Custom indicator #MarketPrice _v1_4 AUDNZD,H1: removed
2	21:46:42.284	Custom indicator CandleCountdown AUDNZD,H1: removed
2	21:46:42.286	Custom indicator LJ_SYNERGY_ID AUDNZD,H1: removed
2	21:46:42.288	Custom indicator Traders Dynamic Index VISUAL ALERTS AUDNZD,H1: removed
2	21:46:42.289	Custom indicator DM_Volatility AUDNZD,H1: removed
2	21:46:42.290	Custom indicator DM_RangeFactor AUDNZD,H1: removed
2	21:46:42.292	Custom indicator DM_Continuation AUDNZD,H1: removed
2	21:46:42.293	Custom indicator Status Monitor V1.2 AUDNZD,H1: removed
2	21:46:42.305	Custom indicator $-ForecastCityIntradayIndicator AUDNZD,H1: loaded successfully
2	21:46:42.368	Custom indicator Entry AUDNZD,H1: loaded successfully
2	21:46:42.432	Custom indicator Trend AUDNZD,H1: loaded successfully
2	21:46:42.441	Custom indicator IVT_MACD_ZERO_LAG AUDNZD,H1: loaded successfully
2	21:46:55.553	Custom indicator HeikenAshi_DM GBPNZD,H1: removed
2	21:46:55.554	Custom indicator DM_DSR GBPNZD,H1: removed
2	21:46:55.555	Custom indicator LJ_SIG GBPNZD,H1: removed
2	21:46:55.556	Custom indicator #MarketPrice _v1_4 GBPNZD,H1: removed
2	21:46:55.557	Custom indicator CandleCountdown GBPNZD,H1: removed
2	21:46:55.559	Custom indicator LJ_SYNERGY_ID GBPNZD,H1: removed
2	21:46:55.560	Custom indicator Traders Dynamic Index VISUAL ALERTS GBPNZD,H1: removed
2	21:46:55.561	Custom indicator DM_Volatility GBPNZD,H1: removed
2	21:46:55.563	Custom indicator DM_RangeFactor GBPNZD,H1: removed
2	21:46:55.564	Custom indicator DM_Continuation GBPNZD,H1: removed
2	21:46:55.566	Custom indicator Status Monitor V1.2 GBPNZD,H1: removed
2	21:46:55.576	Custom indicator $-ForecastCityIntradayIndicator GBPNZD,H1: loaded successfully
2	21:46:55.642	Custom indicator Entry GBPNZD,H1: loaded successfully
2	21:46:55.704	Custom indicator Trend GBPNZD,H1: loaded successfully
2	21:46:55.712	Custom indicator IVT_MACD_ZERO_LAG GBPNZD,H1: loaded successfully
2	21:47:42.145	Custom indicator HeikenAshi_DM AUDJPY,H1: removed
2	21:47:42.147	Custom indicator DM_DSR AUDJPY,H1: removed
2	21:47:42.148	Custom indicator LJ_SIG AUDJPY,H1: removed
2	21:47:42.149	Custom indicator #MarketPrice _v1_4 AUDJPY,H1: removed
2	21:47:42.151	Custom indicator CandleCountdown AUDJPY,H1: removed
2	21:47:42.152	Custom indicator LJ_SYNERGY_ID AUDJPY,H1: removed
2	21:47:42.153	Custom indicator Traders Dynamic Index VISUAL ALERTS AUDJPY,H1: removed
2	21:47:42.155	Custom indicator DM_Volatility AUDJPY,H1: removed
2	21:47:42.156	Custom indicator DM_RangeFactor AUDJPY,H1: removed
2	21:47:42.158	Custom indicator DM_Continuation AUDJPY,H1: removed
2	21:47:42.159	Custom indicator Status Monitor V1.2 AUDJPY,H1: removed
2	21:47:42.171	Custom indicator $-ForecastCityIntradayIndicator AUDJPY,H1: loaded successfully
2	21:47:42.237	Custom indicator Entry AUDJPY,H1: loaded successfully
2	21:47:42.300	Custom indicator Trend AUDJPY,H1: loaded successfully
2	21:47:42.308	Custom indicator IVT_MACD_ZERO_LAG AUDJPY,H1: loaded successfully
