0	00:03:41.458	Sources recompilation started
2	00:04:00.825	Custom indicator GAP Finder MT4 Indicator AUDJPY,H1: loaded successfully
2	00:04:23.714	Custom indicator GAP Finder MT4 Indicator AUDJPY,M15: loaded successfully
0	00:14:58.118	Notifications: 'Classical RSI bearish divergence on:  GBPUSD' sent to 'A37163A9'
2	00:15:28.934	Custom indicator AIMS Levels V2 GBPUSD,M15: removed
2	00:15:28.934	Custom indicator AIMS Entry Alert V1 GBPUSD,M15: removed
2	00:15:28.936	Custom indicator CandleTimer GBPUSD,M15: removed
2	00:15:28.936	Custom indicator #Signal_Bars_v6 GBPUSD,M15: removed
2	00:15:28.937	Custom indicator TrendEnvelopes_v1 GBPUSD,M15: removed
2	00:15:28.938	Custom indicator guppy_multiple_moving_averages GBPUSD,M15: removed
2	00:15:28.940	Custom indicator wedges GBPUSD,M15: removed
2	00:15:28.941	Custom indicator Admiral Pivot GBPUSD,M15: removed
2	00:15:28.943	Custom indicator AutoTrendChannel GBPUSD,M15: removed
2	00:15:28.943	Custom indicator AIMS AO V.2.1 GBPUSD,M15: removed
2	00:15:28.945	Custom indicator IVT_MACD_ZERO_LAG GBPUSD,M15: removed
2	00:15:28.948	Custom indicator RSI Divergence Levels GBPUSD,M15: removed
2	00:15:28.949	Custom indicator JoeChalhoub_FXForecasterV1 GBPUSD,M15: removed
2	00:15:29.016	Custom indicator AIMS Levels V2 GBPUSD,M15: loaded successfully
2	00:15:29.081	Custom indicator AIMS Entry Alert V1 GBPUSD,M15: loaded successfully
2	00:15:29.087	Custom indicator CandleTimer GBPUSD,M15: loaded successfully
2	00:15:29.146	Custom indicator #Signal_Bars_v6 GBPUSD,M15: loaded successfully
2	00:15:29.156	Custom indicator TrendEnvelopes_v1 GBPUSD,M15: loaded successfully
2	00:15:29.164	Custom indicator guppy_multiple_moving_averages GBPUSD,M15: loaded successfully
2	00:15:29.172	Custom indicator wedges GBPUSD,M15: loaded successfully
2	00:15:29.180	Custom indicator Admiral Pivot GBPUSD,M15: loaded successfully
2	00:15:29.188	Custom indicator AutoTrendChannel GBPUSD,M15: loaded successfully
2	00:15:29.196	Custom indicator GAP Finder MT4 Indicator GBPUSD,M15: loaded successfully
2	00:15:29.203	Custom indicator GAP Finder MT4 Indicator GBPUSD,M15: loaded successfully
2	00:15:29.267	Custom indicator AIMS AO V.2.1 GBPUSD,M15: loaded successfully
2	00:15:29.275	Custom indicator IVT_MACD_ZERO_LAG GBPUSD,M15: loaded successfully
2	00:15:29.283	Custom indicator RSI Divergence Levels GBPUSD,M15: loaded successfully
2	00:15:29.293	Custom indicator JoeChalhoub_FXForecasterV1 GBPUSD,M15: loaded successfully
0	00:15:31.067	Notifications: 'Classical RSI bearish divergence on:  GBPUSD' sent to 'A37163A9'
2	00:16:39.170	Custom indicator AIMS Levels V2 [NQ100],H1: loaded successfully
2	00:16:39.228	Custom indicator AIMS Entry Alert V1 [NQ100],H1: loaded successfully
2	00:16:39.235	Custom indicator CandleTimer [NQ100],H1: loaded successfully
2	00:16:39.296	Custom indicator #Signal_Bars_v6 [NQ100],H1: loaded successfully
2	00:16:39.304	Custom indicator TrendEnvelopes_v1 [NQ100],H1: loaded successfully
2	00:16:39.310	Custom indicator guppy_multiple_moving_averages [NQ100],H1: loaded successfully
2	00:16:39.318	Custom indicator wedges [NQ100],H1: loaded successfully
2	00:16:39.325	Custom indicator Admiral Pivot [NQ100],H1: loaded successfully
2	00:16:39.331	Custom indicator AutoTrendChannel [NQ100],H1: loaded successfully
2	00:16:39.338	Custom indicator GAP Finder MT4 Indicator [NQ100],H1: loaded successfully
2	00:16:39.346	Custom indicator GAP Finder MT4 Indicator [NQ100],H1: loaded successfully
2	00:16:39.409	Custom indicator AIMS AO V.2.1 [NQ100],H1: loaded successfully
2	00:16:39.416	Custom indicator IVT_MACD_ZERO_LAG [NQ100],H1: loaded successfully
2	00:16:39.423	Custom indicator RSI Divergence Levels [NQ100],H1: loaded successfully
2	00:16:39.431	Custom indicator JoeChalhoub_FXForecasterV1 [NQ100],H1: loaded successfully
2	00:17:19.492	Custom indicator GAP Finder MT4 Indicator [NQ100],M1: removed
2	00:17:24.475	Custom indicator GAP Finder MT4 Indicator [NQ100],M1: removed
0	00:18:16.317	Notifications: 'Classical RSI bearish divergence on:  GBPUSD' sent to 'A37163A9'
2	00:18:30.833	Custom indicator AIMS Levels V2 [DAX30],M1: loaded successfully
2	00:18:30.893	Custom indicator AIMS Entry Alert V1 [DAX30],M1: loaded successfully
2	00:18:30.900	Custom indicator CandleTimer [DAX30],M1: loaded successfully
2	00:18:30.960	Custom indicator #Signal_Bars_v6 [DAX30],M1: loaded successfully
2	00:18:30.967	Custom indicator TrendEnvelopes_v1 [DAX30],M1: loaded successfully
2	00:18:30.974	Custom indicator guppy_multiple_moving_averages [DAX30],M1: loaded successfully
2	00:18:30.981	Custom indicator wedges [DAX30],M1: loaded successfully
2	00:18:30.988	Custom indicator Admiral Pivot [DAX30],M1: loaded successfully
2	00:18:30.995	Custom indicator AutoTrendChannel [DAX30],M1: loaded successfully
2	00:18:31.058	Custom indicator AIMS AO V.2.1 [DAX30],M1: loaded successfully
2	00:18:31.065	Custom indicator IVT_MACD_ZERO_LAG [DAX30],M1: loaded successfully
2	00:18:31.073	Custom indicator RSI Divergence Levels [DAX30],M1: loaded successfully
2	00:18:31.083	Custom indicator JoeChalhoub_FXForecasterV1 [DAX30],M1: loaded successfully
2	00:18:36.609	Custom indicator AIMS Levels V2 [DJI30],M1: loaded successfully
2	00:18:36.681	Custom indicator AIMS Entry Alert V1 [DJI30],M1: loaded successfully
2	00:18:36.687	Custom indicator CandleTimer [DJI30],M1: loaded successfully
2	00:18:36.758	Custom indicator #Signal_Bars_v6 [DJI30],M1: loaded successfully
2	00:18:36.765	Custom indicator TrendEnvelopes_v1 [DJI30],M1: loaded successfully
2	00:18:36.772	Custom indicator guppy_multiple_moving_averages [DJI30],M1: loaded successfully
2	00:18:36.780	Custom indicator wedges [DJI30],M1: loaded successfully
2	00:18:36.787	Custom indicator Admiral Pivot [DJI30],M1: loaded successfully
2	00:18:36.794	Custom indicator AutoTrendChannel [DJI30],M1: loaded successfully
2	00:18:36.855	Custom indicator AIMS AO V.2.1 [DJI30],M1: loaded successfully
2	00:18:36.862	Custom indicator IVT_MACD_ZERO_LAG [DJI30],M1: loaded successfully
2	00:18:36.870	Custom indicator RSI Divergence Levels [DJI30],M1: loaded successfully
2	00:18:36.879	Custom indicator JoeChalhoub_FXForecasterV1 [DJI30],M1: loaded successfully
2	00:21:47.046	Expert Admiral - Session Map [DAX30],M5: loaded successfully
2	00:23:27.870	Custom indicator AIMS Levels V2 EURUSD,Daily: loaded successfully
2	00:23:27.933	Custom indicator AIMS Entry Alert V1 EURUSD,Daily: loaded successfully
2	00:23:27.939	Custom indicator CandleTimer EURUSD,Daily: loaded successfully
2	00:23:28.002	Custom indicator #Signal_Bars_v6 EURUSD,Daily: loaded successfully
2	00:23:28.009	Custom indicator TrendEnvelopes_v1 EURUSD,Daily: loaded successfully
2	00:23:28.016	Custom indicator guppy_multiple_moving_averages EURUSD,Daily: loaded successfully
2	00:23:28.023	Custom indicator wedges EURUSD,Daily: loaded successfully
2	00:23:28.031	Custom indicator Admiral Pivot EURUSD,Daily: loaded successfully
2	00:23:28.038	Custom indicator AutoTrendChannel EURUSD,Daily: loaded successfully
2	00:23:28.099	Custom indicator AIMS AO V.2.1 EURUSD,Daily: loaded successfully
2	00:23:28.106	Custom indicator IVT_MACD_ZERO_LAG EURUSD,Daily: loaded successfully
2	00:23:28.114	Custom indicator RSI Divergence Levels EURUSD,Daily: loaded successfully
2	00:23:28.125	Custom indicator JoeChalhoub_FXForecasterV1 EURUSD,Daily: loaded successfully
2	00:23:56.138	Custom indicator AIMS Levels V2 AUDJPY,M15: removed
2	00:23:56.138	Custom indicator AIMS Entry Alert V1 AUDJPY,M15: removed
2	00:23:56.139	Custom indicator CandleTimer AUDJPY,M15: removed
2	00:23:56.139	Custom indicator #Signal_Bars_v6 AUDJPY,M15: removed
2	00:23:56.141	Custom indicator TrendEnvelopes_v1 AUDJPY,M15: removed
2	00:23:56.142	Custom indicator guppy_multiple_moving_averages AUDJPY,M15: removed
2	00:23:56.143	Custom indicator wedges AUDJPY,M15: removed
2	00:23:56.145	Custom indicator Admiral Pivot AUDJPY,M15: removed
2	00:23:56.146	Custom indicator AutoTrendChannel AUDJPY,M15: removed
2	00:23:56.147	Custom indicator GAP Finder MT4 Indicator AUDJPY,M15: removed
2	00:23:56.148	Custom indicator GAP Finder MT4 Indicator AUDJPY,M15: removed
2	00:23:56.148	Custom indicator AIMS AO V.2.1 AUDJPY,M15: removed
2	00:23:56.149	Custom indicator IVT_MACD_ZERO_LAG AUDJPY,M15: removed
2	00:23:56.151	Custom indicator RSI Divergence Levels AUDJPY,M15: removed
2	00:23:56.152	Custom indicator JoeChalhoub_FXForecasterV1 AUDJPY,M15: removed
2	00:23:59.511	Custom indicator AIMS Levels V2 GBPUSD,M15: removed
2	00:23:59.512	Custom indicator AIMS Entry Alert V1 GBPUSD,M15: removed
2	00:23:59.513	Custom indicator CandleTimer GBPUSD,M15: removed
2	00:23:59.513	Custom indicator #Signal_Bars_v6 GBPUSD,M15: removed
2	00:23:59.514	Custom indicator TrendEnvelopes_v1 GBPUSD,M15: removed
2	00:23:59.515	Custom indicator guppy_multiple_moving_averages GBPUSD,M15: removed
2	00:23:59.517	Custom indicator wedges GBPUSD,M15: removed
2	00:23:59.519	Custom indicator Admiral Pivot GBPUSD,M15: removed
2	00:23:59.520	Custom indicator AutoTrendChannel GBPUSD,M15: removed
2	00:23:59.522	Custom indicator GAP Finder MT4 Indicator GBPUSD,M15: removed
2	00:23:59.523	Custom indicator GAP Finder MT4 Indicator GBPUSD,M15: removed
2	00:23:59.523	Custom indicator AIMS AO V.2.1 GBPUSD,M15: removed
2	00:23:59.525	Custom indicator IVT_MACD_ZERO_LAG GBPUSD,M15: removed
2	00:23:59.526	Custom indicator RSI Divergence Levels GBPUSD,M15: removed
2	00:23:59.528	Custom indicator JoeChalhoub_FXForecasterV1 GBPUSD,M15: removed
2	00:24:29.426	Custom indicator AIMS Levels V2 CADJPY,Daily: loaded successfully
2	00:24:29.490	Custom indicator AIMS Entry Alert V1 CADJPY,Daily: loaded successfully
2	00:24:29.496	Custom indicator CandleTimer CADJPY,Daily: loaded successfully
2	00:24:29.555	Custom indicator #Signal_Bars_v6 CADJPY,Daily: loaded successfully
2	00:24:29.562	Custom indicator TrendEnvelopes_v1 CADJPY,Daily: loaded successfully
2	00:24:29.569	Custom indicator guppy_multiple_moving_averages CADJPY,Daily: loaded successfully
2	00:24:29.576	Custom indicator wedges CADJPY,Daily: loaded successfully
2	00:24:29.584	Custom indicator Admiral Pivot CADJPY,Daily: loaded successfully
2	00:24:29.590	Custom indicator AutoTrendChannel CADJPY,Daily: loaded successfully
2	00:24:29.653	Custom indicator AIMS AO V.2.1 CADJPY,Daily: loaded successfully
2	00:24:29.660	Custom indicator IVT_MACD_ZERO_LAG CADJPY,Daily: loaded successfully
2	00:24:29.669	Custom indicator RSI Divergence Levels CADJPY,Daily: loaded successfully
2	00:24:29.679	Custom indicator JoeChalhoub_FXForecasterV1 CADJPY,Daily: loaded successfully
2	00:26:10.492	Expert Admiral - Session Map [DAX30],M5: removed
2	00:26:14.986	Expert Acuity Linear Gauge CADJPY,M15: loaded successfully
2	00:26:59.507	Expert Acuity Linear Gauge CADJPY,M15: removed
2	00:27:08.819	Expert Admiral - Alarm Manager CADJPY,M15: loaded successfully
2	00:28:14.725	Expert Admiral - Alarm Manager CADJPY,M15: removed
2	00:30:58.036	Expert Admiral - Correlation Trader CADJPY,M15: loaded successfully
2	00:33:48.725	Expert Admiral - Correlation Trader CADJPY,M15: removed
2	00:33:57.007	Expert Admiral - Correlation Matrix CADJPY,M15: loaded successfully
2	00:40:09.989	Expert Admiral - Correlation Matrix CADJPY,M15: removed
2	00:40:21.907	Expert Admiral - Correlation Trader CADJPY,M15: loaded successfully
2	00:41:58.878	Expert Admiral - Correlation Trader CADJPY,M15: removed
2	00:42:13.213	Expert Admiral - Connect CADJPY,M15: loaded successfully
2	00:47:35.603	Custom indicator AIMS Levels V2 [SP500],H1: loaded successfully
2	00:47:35.679	Custom indicator AIMS Entry Alert V1 [SP500],H1: loaded successfully
2	00:47:35.685	Custom indicator CandleTimer [SP500],H1: loaded successfully
2	00:47:35.764	Custom indicator #Signal_Bars_v6 [SP500],H1: loaded successfully
2	00:47:35.772	Custom indicator TrendEnvelopes_v1 [SP500],H1: loaded successfully
2	00:47:35.781	Custom indicator guppy_multiple_moving_averages [SP500],H1: loaded successfully
2	00:47:35.789	Custom indicator wedges [SP500],H1: loaded successfully
2	00:47:35.799	Custom indicator Admiral Pivot [SP500],H1: loaded successfully
2	00:47:35.810	Custom indicator AutoTrendChannel [SP500],H1: loaded successfully
2	00:47:35.894	Custom indicator AIMS AO V.2.1 [SP500],H1: loaded successfully
2	00:47:35.902	Custom indicator IVT_MACD_ZERO_LAG [SP500],H1: loaded successfully
2	00:47:35.913	Custom indicator RSI Divergence Levels [SP500],H1: loaded successfully
2	00:47:35.927	Custom indicator JoeChalhoub_FXForecasterV1 [SP500],H1: loaded successfully
0	00:59:57.944	Notifications: 'Classical RSI bullish divergence on:  EURUSD' sent to 'A37163A9'
0	01:08:15.235	'27131809': order buy market 0.10 [NQ100] sl: 0.00 tp: 0.00
0	01:08:15.690	'27131809': order was opened : #72558766 buy 0.10 [NQ100] at 11739.94 sl: 0.00 tp: 0.00
0	01:08:16.644	Notifications: 'order opened #72558766 buy 0.10 [NQ100] at 11739.94' sent to 'A37163A9'
0	01:08:33.816	'27131809': modify order #72558766 buy 0.10 [NQ100] at 11739.94 sl: 0.00 tp: 0.00 -> sl: 11706.24 tp: 0.00
0	01:08:34.116	'27131809': order #72558766 buy 0.10 [NQ100] at 11739.94 was modified -> sl: 11706.24 tp: 0.00
0	01:08:34.971	Notifications: 'order #72558766 buy 0.10 [NQ100] at 11739.94 modified: sl: 0.00 tp: 0.00 -> sl: 11706.24 tp: 0.00' sent to 'A37163A9'
0	01:19:59.028	Notifications: 'Classical RSI bullish divergence on:  EURUSD' sent to 'A37163A9'
0	01:20:13.814	'27131809': modify order #72558766 buy 0.10 [NQ100] at 11739.94 sl: 11706.24 tp: 0.00 -> sl: 11740.41 tp: 0.00
0	01:20:14.081	'27131809': order #72558766 buy 0.10 [NQ100] at 11739.94 was modified -> sl: 11740.41 tp: 0.00
0	01:20:14.930	Notifications: 'order #72558766 buy 0.10 [NQ100] at 11739.94 modified: sl: 11706.24 tp: 0.00 -> sl: 11740.41 tp: 0.00' sent to 'A37163A9'
0	01:30:11.210	'27131809': modify order #72558766 buy 0.10 [NQ100] at 11739.94 sl: 11740.41 tp: 0.00 -> sl: 11748.66 tp: 0.00
0	01:30:11.475	'27131809': order #72558766 buy 0.10 [NQ100] at 11739.94 was modified -> sl: 11748.66 tp: 0.00
0	01:30:12.349	Notifications: 'order #72558766 buy 0.10 [NQ100] at 11739.94 modified: sl: 11740.41 tp: 0.00 -> sl: 11748.66 tp: 0.00' sent to 'A37163A9'
0	01:31:55.101	'27131809': order #72558766 buy 0.10 [NQ100] at 11739.94 closed due stop-loss at price 11748.44
0	01:31:56.544	Notifications: 'order #72558766 buy 0.10 [NQ100] at 11739.94 closed due stop-loss at price 11748.44, profit: 0.85 USD' sent to 'A37163A9'
0	02:21:57.695	Notifications: 'Classical RSI bullish divergence on:  [DJI30]' sent to 'A37163A9'
0	04:45:59.262	Notifications: 'Classical RSI bearish divergence on:  [DJI30]' sent to 'A37163A9'
0	05:01:57.684	Notifications: 'Classical RSI bearish divergence on:  [NQ100]' sent to 'A37163A9'
2	05:26:53.941	Custom indicator AIMS Levels V2 USDJPY,H1: loaded successfully
2	05:26:54.024	Custom indicator AIMS Entry Alert V1 USDJPY,H1: loaded successfully
2	05:26:54.072	Custom indicator CandleTimer USDJPY,H1: loaded successfully
2	05:26:54.138	Custom indicator #Signal_Bars_v6 USDJPY,H1: loaded successfully
2	05:26:54.146	Custom indicator TrendEnvelopes_v1 USDJPY,H1: loaded successfully
2	05:26:54.176	Custom indicator guppy_multiple_moving_averages USDJPY,H1: loaded successfully
2	05:26:54.187	Custom indicator wedges USDJPY,H1: loaded successfully
2	05:26:54.196	Custom indicator Admiral Pivot USDJPY,H1: loaded successfully
2	05:26:54.204	Custom indicator AutoTrendChannel USDJPY,H1: loaded successfully
2	05:26:54.264	Custom indicator AIMS AO V.2.1 USDJPY,H1: loaded successfully
2	05:26:54.289	Custom indicator IVT_MACD_ZERO_LAG USDJPY,H1: loaded successfully
2	05:26:54.328	Custom indicator RSI Divergence Levels USDJPY,H1: loaded successfully
2	05:26:54.340	Custom indicator JoeChalhoub_FXForecasterV1 USDJPY,H1: loaded successfully
0	05:28:17.072	'27131809': order sell market 0.02 USDJPY sl: 0.000 tp: 0.000
0	05:28:17.481	'27131809': order was opened : #72561377 sell 0.02 USDJPY at 105.567 sl: 0.000 tp: 0.000
0	05:28:18.337	Notifications: 'order opened #72561377 sell 0.02 USDJPY at 105.567' sent to 'A37163A9'
0	05:28:35.494	'27131809': modify order #72561377 sell 0.02 USDJPY at 105.567 sl: 0.000 tp: 0.000 -> sl: 105.953 tp: 0.000
0	05:28:35.777	'27131809': order #72561377 sell 0.02 USDJPY at 105.567 was modified -> sl: 105.953 tp: 0.000
0	05:28:36.786	Notifications: 'order #72561377 sell 0.02 USDJPY at 105.567 modified: sl: 0.000 tp: 0.000 -> sl: 105.953 tp: 0.000' sent to 'A37163A9'
0	05:29:21.961	'27131809': modify order #72561377 sell 0.02 USDJPY at 105.567 sl: 105.953 tp: 0.000 -> sl: 105.953 tp: 104.514
0	05:29:22.228	'27131809': order #72561377 sell 0.02 USDJPY at 105.567 was modified -> sl: 105.953 tp: 104.514
0	05:29:23.074	Notifications: 'order #72561377 sell 0.02 USDJPY at 105.567 modified: sl: 105.953 tp: 0.000 -> sl: 105.953 tp: 104.514' sent to 'A37163A9'
2	05:44:47.214	Custom indicator AIMS Levels V2 NZDCAD,H1: loaded successfully
2	05:44:47.279	Custom indicator AIMS Entry Alert V1 NZDCAD,H1: loaded successfully
2	05:44:47.285	Custom indicator CandleTimer NZDCAD,H1: loaded successfully
2	05:44:47.349	Custom indicator #Signal_Bars_v6 NZDCAD,H1: loaded successfully
2	05:44:47.357	Custom indicator TrendEnvelopes_v1 NZDCAD,H1: loaded successfully
2	05:44:47.363	Custom indicator guppy_multiple_moving_averages NZDCAD,H1: loaded successfully
2	05:44:47.384	Custom indicator wedges NZDCAD,H1: loaded successfully
2	05:44:47.391	Custom indicator Admiral Pivot NZDCAD,H1: loaded successfully
2	05:44:47.398	Custom indicator AutoTrendChannel NZDCAD,H1: loaded successfully
2	05:44:47.461	Custom indicator AIMS AO V.2.1 NZDCAD,H1: loaded successfully
2	05:44:47.468	Custom indicator IVT_MACD_ZERO_LAG NZDCAD,H1: loaded successfully
2	05:44:47.476	Custom indicator RSI Divergence Levels NZDCAD,H1: loaded successfully
2	05:44:47.487	Custom indicator JoeChalhoub_FXForecasterV1 NZDCAD,H1: loaded successfully
2	05:45:51.873	Expert Admiral - Mini Terminal NZDCAD,H1: loaded successfully
0	05:47:36.456	'27131809': order sell market 0.03 NZDCAD sl: 0.00000 tp: 0.00000
0	05:47:36.934	Trades: use hosting service to speed up the execution - 2.49 ms via 'MQL5 London 01 (MQL5.community)' instead of 217.48 ms
0	05:47:36.934	'27131809': order was opened : #72561487 sell 0.03 NZDCAD at 0.87479 sl: 0.00000 tp: 0.00000
0	05:47:37.889	Notifications: 'order opened #72561487 sell 0.03 NZDCAD at 0.87479' sent to 'A37163A9'
0	05:48:17.399	'27131809': modify order #72561487 sell 0.03 NZDCAD at 0.87479 sl: 0.00000 tp: 0.00000 -> sl: 0.88130 tp: 0.85880
0	05:48:17.664	'27131809': order #72561487 sell 0.03 NZDCAD at 0.87479 was modified -> sl: 0.88130 tp: 0.85880
0	05:48:18.532	Notifications: 'order #72561487 sell 0.03 NZDCAD at 0.87479 modified: sl: 0.00000 tp: 0.00000 -> sl: 0.88130 tp: 0.85880' sent to 'A37163A9'
2	05:49:27.036	Custom indicator AIMS Levels V2 USDCHF,H1: loaded successfully
2	05:49:27.104	Custom indicator AIMS Entry Alert V1 USDCHF,H1: loaded successfully
2	05:49:27.110	Custom indicator CandleTimer USDCHF,H1: loaded successfully
2	05:49:27.178	Custom indicator #Signal_Bars_v6 USDCHF,H1: loaded successfully
2	05:49:27.185	Custom indicator TrendEnvelopes_v1 USDCHF,H1: loaded successfully
2	05:49:27.193	Custom indicator guppy_multiple_moving_averages USDCHF,H1: loaded successfully
2	05:49:27.204	Custom indicator wedges USDCHF,H1: loaded successfully
2	05:49:27.214	Custom indicator Admiral Pivot USDCHF,H1: loaded successfully
2	05:49:27.222	Custom indicator AutoTrendChannel USDCHF,H1: loaded successfully
2	05:49:27.391	Custom indicator AIMS AO V.2.1 USDCHF,H1: loaded successfully
2	05:49:27.399	Custom indicator IVT_MACD_ZERO_LAG USDCHF,H1: loaded successfully
2	05:49:27.408	Custom indicator RSI Divergence Levels USDCHF,H1: loaded successfully
2	05:49:27.420	Custom indicator JoeChalhoub_FXForecasterV1 USDCHF,H1: loaded successfully
2	06:04:27.992	Custom indicator AIMS Levels V2 AUDCAD,H1: loaded successfully
2	06:04:28.058	Custom indicator AIMS Entry Alert V1 AUDCAD,H1: loaded successfully
2	06:04:28.065	Custom indicator CandleTimer AUDCAD,H1: loaded successfully
2	06:04:28.131	Custom indicator #Signal_Bars_v6 AUDCAD,H1: loaded successfully
2	06:04:28.139	Custom indicator TrendEnvelopes_v1 AUDCAD,H1: loaded successfully
2	06:04:28.146	Custom indicator guppy_multiple_moving_averages AUDCAD,H1: loaded successfully
2	06:04:28.154	Custom indicator wedges AUDCAD,H1: loaded successfully
2	06:04:28.162	Custom indicator Admiral Pivot AUDCAD,H1: loaded successfully
2	06:04:28.169	Custom indicator AutoTrendChannel AUDCAD,H1: loaded successfully
2	06:04:28.231	Custom indicator AIMS AO V.2.1 AUDCAD,H1: loaded successfully
2	06:04:28.239	Custom indicator IVT_MACD_ZERO_LAG AUDCAD,H1: loaded successfully
2	06:04:28.248	Custom indicator RSI Divergence Levels AUDCAD,H1: loaded successfully
2	06:04:28.261	Custom indicator JoeChalhoub_FXForecasterV1 AUDCAD,H1: loaded successfully
2	06:16:41.167	Custom indicator AIMS Levels V2 NZDJPY,M5: loaded successfully
2	06:16:41.235	Custom indicator AIMS Entry Alert V1 NZDJPY,M5: loaded successfully
2	06:16:41.241	Custom indicator CandleTimer NZDJPY,M5: loaded successfully
2	06:16:41.311	Custom indicator #Signal_Bars_v6 NZDJPY,M5: loaded successfully
2	06:16:41.320	Custom indicator TrendEnvelopes_v1 NZDJPY,M5: loaded successfully
2	06:16:41.327	Custom indicator guppy_multiple_moving_averages NZDJPY,M5: loaded successfully
2	06:16:41.337	Custom indicator wedges NZDJPY,M5: loaded successfully
2	06:16:41.346	Custom indicator Admiral Pivot NZDJPY,M5: loaded successfully
2	06:16:41.354	Custom indicator AutoTrendChannel NZDJPY,M5: loaded successfully
2	06:16:41.433	Custom indicator AIMS AO V.2.1 NZDJPY,M5: loaded successfully
2	06:16:41.465	Custom indicator IVT_MACD_ZERO_LAG NZDJPY,M5: loaded successfully
2	06:16:41.474	Custom indicator RSI Divergence Levels NZDJPY,M5: loaded successfully
2	06:16:41.487	Custom indicator JoeChalhoub_FXForecasterV1 NZDJPY,M5: loaded successfully
0	06:32:57.999	Notifications: 'Classical RSI bearish divergence on:  [NQ100]' sent to 'A37163A9'
0	06:39:00.030	Notifications: 'Classical RSI bearish divergence on:  [DAX30]' sent to 'A37163A9'
0	07:23:59.246	Notifications: 'Classical RSI bearish divergence on:  [DJI30]' sent to 'A37163A9'
0	07:31:19.657	'27131809': order sell market 0.20 [DAX30] sl: 0.00 tp: 0.00
0	07:31:20.197	'27131809': order was opened : #72562209 sell 0.20 [DAX30] at 13104.88 sl: 0.00 tp: 0.00
0	07:31:21.041	Notifications: 'order opened #72562209 sell 0.20 [DAX30] at 13104.88' sent to 'A37163A9'
0	07:31:31.376	'27131809': modify order #72562209 sell 0.20 [DAX30] at 13104.88 sl: 0.00 tp: 0.00 -> sl: 13114.85 tp: 0.00
0	07:31:31.661	'27131809': order #72562209 sell 0.20 [DAX30] at 13104.88 was modified -> sl: 13114.85 tp: 0.00
0	07:31:32.651	Notifications: 'order #72562209 sell 0.20 [DAX30] at 13104.88 modified: sl: 0.00 tp: 0.00 -> sl: 13114.85 tp: 0.00' sent to 'A37163A9'
0	07:42:29.304	'27131809': order #72562209 sell 0.20 [DAX30] at 13104.88 closed due stop-loss at price 13114.38
0	07:42:31.257	Notifications: 'order #72562209 sell 0.20 [DAX30] at 13104.88 closed due stop-loss at price 13114.38, profit: -2.25 USD' sent to 'A37163A9'
0	07:43:05.169	Notifications: 'Classical RSI bearish divergence on:  [NQ100]' sent to 'A37163A9'
0	07:43:35.395	'27131809': close order #72561377 sell 0.02 USDJPY at 105.567 sl: 105.953 tp: 104.514 at price 0.000
0	07:43:35.827	'27131809': order #72561377 sell 0.02 USDJPY at 105.567 sl: 105.953 tp: 104.514 closed at price 105.444
0	07:43:36.831	Notifications: 'order #72561377 sell 0.02 USDJPY at 105.567 closed at price 105.444, profit: 2.33 USD' sent to 'A37163A9'
0	07:57:05.877	'27131809': modify order #72561487 sell 0.03 NZDCAD at 0.87479 sl: 0.88130 tp: 0.85880 -> sl: 0.88130 tp: 0.87479
0	07:57:06.183	'27131809': order #72561487 sell 0.03 NZDCAD at 0.87479 was modified -> sl: 0.88130 tp: 0.87479
0	07:57:07.070	Notifications: 'order #72561487 sell 0.03 NZDCAD at 0.87479 modified: sl: 0.88130 tp: 0.85880 -> sl: 0.88130 tp: 0.87479' sent to 'A37163A9'
0	08:16:56.771	Notifications: 'Classical RSI bearish divergence on:  [DJI30]' sent to 'A37163A9'
2	08:19:15.817	Custom indicator AIMS Levels V2 CADJPY,H1: loaded successfully
2	08:19:15.883	Custom indicator AIMS Entry Alert V1 CADJPY,H1: loaded successfully
2	08:19:15.891	Custom indicator CandleTimer CADJPY,H1: loaded successfully
2	08:19:15.956	Custom indicator #Signal_Bars_v6 CADJPY,H1: loaded successfully
2	08:19:15.965	Custom indicator TrendEnvelopes_v1 CADJPY,H1: loaded successfully
2	08:19:15.972	Custom indicator guppy_multiple_moving_averages CADJPY,H1: loaded successfully
2	08:19:15.981	Custom indicator wedges CADJPY,H1: loaded successfully
2	08:19:15.989	Custom indicator Admiral Pivot CADJPY,H1: loaded successfully
2	08:19:15.997	Custom indicator AutoTrendChannel CADJPY,H1: loaded successfully
2	08:19:16.064	Custom indicator AIMS AO V.2.1 CADJPY,H1: loaded successfully
2	08:19:16.073	Custom indicator IVT_MACD_ZERO_LAG CADJPY,H1: loaded successfully
2	08:19:16.085	Custom indicator RSI Divergence Levels CADJPY,H1: loaded successfully
2	08:19:16.133	Custom indicator JoeChalhoub_FXForecasterV1 CADJPY,H1: loaded successfully
0	08:21:25.348	'27131809': order sell market 0.04 CADJPY sl: 0.000 tp: 0.000
0	08:21:25.735	'27131809': order was opened : #72562851 sell 0.04 CADJPY at 80.338 sl: 0.000 tp: 0.000
0	08:21:26.895	Notifications: 'order opened #72562851 sell 0.04 CADJPY at 80.338' sent to 'A37163A9'
0	08:22:07.312	'27131809': modify order #72562851 sell 0.04 CADJPY at 80.338 sl: 0.000 tp: 0.000 -> sl: 80.630 tp: 79.960
0	08:22:07.571	'27131809': order #72562851 sell 0.04 CADJPY at 80.338 was modified -> sl: 80.630 tp: 79.960
0	08:22:08.418	Notifications: 'order #72562851 sell 0.04 CADJPY at 80.338 modified: sl: 0.000 tp: 0.000 -> sl: 80.630 tp: 79.960' sent to 'A37163A9'
0	08:26:58.035	Notifications: 'Classical RSI bearish divergence on:  [DJI30]' sent to 'A37163A9'
0	08:59:56.858	Notifications: 'Classical RSI bullish divergence on:  USDJPY' sent to 'A37163A9'
0	09:10:17.827	'27131809': order #72561487 sell 0.03 NZDCAD at 0.87479 closed due take-profit at price 0.87479
0	09:10:18.697	Notifications: 'order #72561487 sell 0.03 NZDCAD at 0.87479 closed due take-profit at price 0.87479' sent to 'A37163A9'
0	09:14:49.022	'27131809': login datacenter on AdmiralMarkets-Live through Access Point #4 (ping: 217.48 ms)
0	09:14:53.136	'27131809': login on AdmiralMarkets-Live through Access Point #4 (ping: 217.48 ms)
0	09:14:55.511	'27131809': login datacenter on AdmiralMarkets-Live through Access Point #4 (ping: 217.48 ms)
0	09:14:56.873	'27131809': previous successful authorization performed from 197.149.40.31
0	09:15:19.628	'27131809': auto connecting to a better access point Access Point #5 (ping is 203.66 ms)
0	09:15:20.460	'27131809': login on AdmiralMarkets-Live through Access Point #5 (ping: 203.66 ms)
0	09:15:22.962	'27131809': login datacenter on AdmiralMarkets-Live through Access Point #5 (ping: 203.66 ms)
0	09:15:23.513	'27131809': previous successful authorization performed from 197.149.40.31
0	09:15:56.827	Notifications: 'Classical RSI bullish divergence on:  [DAX30]' sent to 'A37163A9'
0	09:17:56.455	Notifications: 'Classical RSI bullish divergence on:  [DJI30]' sent to 'A37163A9'
0	09:17:57.358	Notifications: 'Classical RSI bullish divergence on:  [DAX30]' sent to 'A37163A9'
0	09:23:57.187	Notifications: 'Classical RSI bullish divergence on:  [DAX30]' sent to 'A37163A9'
0	09:27:57.823	Notifications: 'Classical RSI bullish divergence on:  NZDCAD' sent to 'A37163A9'
0	09:27:58.888	Notifications: 'Classical RSI bullish divergence on:  [DJI30]' sent to 'A37163A9'
0	09:29:57.835	Notifications: 'Classical RSI bullish divergence on:  [DJI30]' sent to 'A37163A9'
1	09:41:53.488	'27131809': connect failed [Connection échouée]
2	10:19:39.403	Expert !!Sentinel PAT Scanner-v1.01 GBPCHF,Daily: removed
2	10:19:39.555	Custom indicator AIMS Levels V2 [NQ100],M1: removed
2	10:19:39.556	Custom indicator AIMS Entry Alert V1 [NQ100],M1: removed
2	10:19:39.600	Custom indicator CandleTimer [NQ100],M1: removed
2	10:19:39.658	Custom indicator #Signal_Bars_v6 [NQ100],M1: removed
2	10:19:39.660	Custom indicator TrendEnvelopes_v1 [NQ100],M1: removed
2	10:19:39.686	Custom indicator guppy_multiple_moving_averages [NQ100],M1: removed
2	10:19:39.719	Custom indicator wedges [NQ100],M1: removed
2	10:19:39.750	Custom indicator Admiral Pivot [NQ100],M1: removed
2	10:19:39.752	Custom indicator AutoTrendChannel [NQ100],M1: removed
2	10:19:39.752	Custom indicator AIMS AO V.2.1 [NQ100],M1: removed
2	10:19:39.754	Custom indicator IVT_MACD_ZERO_LAG [NQ100],M1: removed
2	10:19:39.768	Custom indicator RSI Divergence Levels [NQ100],M1: removed
2	10:19:39.825	Custom indicator JoeChalhoub_FXForecasterV1 [NQ100],M1: removed
2	10:19:39.916	Custom indicator AIMS Levels V2 [DJI30],M1: removed
2	10:19:39.969	Custom indicator AIMS Entry Alert V1 [DJI30],M1: removed
2	10:19:40.034	Custom indicator CandleTimer [DJI30],M1: removed
2	10:19:40.099	Custom indicator #Signal_Bars_v6 [DJI30],M1: removed
2	10:19:40.112	Custom indicator TrendEnvelopes_v1 [DJI30],M1: removed
2	10:19:40.162	Custom indicator guppy_multiple_moving_averages [DJI30],M1: removed
2	10:19:40.184	Custom indicator wedges [DJI30],M1: removed
2	10:19:40.284	Custom indicator Admiral Pivot [DJI30],M1: removed
2	10:19:40.285	Custom indicator AutoTrendChannel [DJI30],M1: removed
2	10:19:40.285	Custom indicator AIMS AO V.2.1 [DJI30],M1: removed
2	10:19:40.287	Custom indicator IVT_MACD_ZERO_LAG [DJI30],M1: removed
2	10:19:40.323	Custom indicator RSI Divergence Levels [DJI30],M1: removed
2	10:19:40.326	Custom indicator JoeChalhoub_FXForecasterV1 [DJI30],M1: removed
2	10:19:40.406	Custom indicator AIMS Levels V2 [DAX30],M1: removed
2	10:19:40.451	Custom indicator AIMS Entry Alert V1 [DAX30],M1: removed
2	10:19:40.469	Custom indicator CandleTimer [DAX30],M1: removed
2	10:19:40.501	Custom indicator #Signal_Bars_v6 [DAX30],M1: removed
2	10:19:40.549	Custom indicator TrendEnvelopes_v1 [DAX30],M1: removed
2	10:19:40.551	Custom indicator guppy_multiple_moving_averages [DAX30],M1: removed
2	10:19:40.554	Custom indicator wedges [DAX30],M1: removed
2	10:19:40.603	Custom indicator Admiral Pivot [DAX30],M1: removed
2	10:19:40.636	Custom indicator AutoTrendChannel [DAX30],M1: removed
2	10:19:40.636	Custom indicator AIMS AO V.2.1 [DAX30],M1: removed
2	10:19:40.638	Custom indicator IVT_MACD_ZERO_LAG [DAX30],M1: removed
2	10:19:40.686	Custom indicator RSI Divergence Levels [DAX30],M1: removed
2	10:19:40.689	Custom indicator JoeChalhoub_FXForecasterV1 [DAX30],M1: removed
2	10:19:40.773	Custom indicator AIMS Levels V2 EURUSD,M15: removed
2	10:19:40.791	Custom indicator AIMS Entry Alert V1 EURUSD,M15: removed
2	10:19:40.805	Custom indicator CandleTimer EURUSD,M15: removed
2	10:19:40.852	Custom indicator #Signal_Bars_v6 EURUSD,M15: removed
2	10:19:40.903	Custom indicator TrendEnvelopes_v1 EURUSD,M15: removed
2	10:19:40.908	Custom indicator guppy_multiple_moving_averages EURUSD,M15: removed
2	10:19:41.001	Custom indicator wedges EURUSD,M15: removed
2	10:19:41.015	Custom indicator Admiral Pivot EURUSD,M15: removed
2	10:19:41.077	Custom indicator AutoTrendChannel EURUSD,M15: removed
2	10:19:41.102	Custom indicator AIMS AO V.2.1 EURUSD,M15: removed
2	10:19:41.145	Custom indicator IVT_MACD_ZERO_LAG EURUSD,M15: removed
2	10:19:41.147	Custom indicator RSI Divergence Levels EURUSD,M15: removed
2	10:19:41.170	Custom indicator JoeChalhoub_FXForecasterV1 EURUSD,M15: removed
2	10:19:41.213	Expert Admiral - Connect CADJPY,M15: removed
2	10:20:24.239	Custom indicator AIMS Levels V2 CADJPY,M15: removed
2	10:20:24.239	Custom indicator AIMS Entry Alert V1 CADJPY,M15: removed
2	10:20:24.241	Custom indicator CandleTimer CADJPY,M15: removed
2	10:20:24.263	Custom indicator #Signal_Bars_v6 CADJPY,M15: removed
2	10:20:24.288	Custom indicator TrendEnvelopes_v1 CADJPY,M15: removed
2	10:20:24.290	Custom indicator guppy_multiple_moving_averages CADJPY,M15: removed
2	10:20:24.310	Custom indicator wedges CADJPY,M15: removed
2	10:20:24.358	Custom indicator Admiral Pivot CADJPY,M15: removed
2	10:20:24.359	Custom indicator AutoTrendChannel CADJPY,M15: removed
2	10:20:24.359	Custom indicator AIMS AO V.2.1 CADJPY,M15: removed
2	10:20:24.382	Custom indicator IVT_MACD_ZERO_LAG CADJPY,M15: removed
2	10:20:24.383	Custom indicator RSI Divergence Levels CADJPY,M15: removed
2	10:20:24.385	Custom indicator JoeChalhoub_FXForecasterV1 CADJPY,M15: removed
2	10:20:24.450	Custom indicator AIMS Levels V2 [SP500],M15: removed
2	10:20:24.450	Custom indicator AIMS Entry Alert V1 [SP500],M15: removed
2	10:20:24.452	Custom indicator CandleTimer [SP500],M15: removed
2	10:20:24.465	Custom indicator #Signal_Bars_v6 [SP500],M15: removed
2	10:20:24.466	Custom indicator TrendEnvelopes_v1 [SP500],M15: removed
2	10:20:24.537	Custom indicator guppy_multiple_moving_averages [SP500],M15: removed
2	10:20:24.539	Custom indicator wedges [SP500],M15: removed
2	10:20:24.582	Custom indicator Admiral Pivot [SP500],M15: removed
2	10:20:24.586	Custom indicator AutoTrendChannel [SP500],M15: removed
2	10:20:24.586	Custom indicator AIMS AO V.2.1 [SP500],M15: removed
2	10:20:24.617	Custom indicator IVT_MACD_ZERO_LAG [SP500],M15: removed
2	10:20:24.619	Custom indicator RSI Divergence Levels [SP500],M15: removed
2	10:20:24.620	Custom indicator JoeChalhoub_FXForecasterV1 [SP500],M15: removed
2	10:20:24.623	Custom indicator AIMS Levels V2 USDJPY,M15: removed
2	10:20:24.709	Custom indicator AIMS Entry Alert V1 USDJPY,M15: removed
2	10:20:24.710	Custom indicator CandleTimer USDJPY,M15: removed
2	10:20:24.710	Custom indicator #Signal_Bars_v6 USDJPY,M15: removed
2	10:20:24.711	Custom indicator TrendEnvelopes_v1 USDJPY,M15: removed
2	10:20:24.713	Custom indicator guppy_multiple_moving_averages USDJPY,M15: removed
2	10:20:24.714	Custom indicator wedges USDJPY,M15: removed
2	10:20:24.716	Custom indicator Admiral Pivot USDJPY,M15: removed
2	10:20:24.717	Custom indicator AutoTrendChannel USDJPY,M15: removed
2	10:20:24.733	Custom indicator AIMS AO V.2.1 USDJPY,M15: removed
2	10:20:24.741	Custom indicator IVT_MACD_ZERO_LAG USDJPY,M15: removed
2	10:20:24.743	Custom indicator RSI Divergence Levels USDJPY,M15: removed
2	10:20:24.745	Custom indicator JoeChalhoub_FXForecasterV1 USDJPY,M15: removed
2	10:20:24.757	Expert Admiral - Mini Terminal NZDCAD,M1: removed
2	10:20:25.319	Custom indicator AIMS Levels V2 NZDCAD,M1: removed
2	10:20:25.320	Custom indicator AIMS Entry Alert V1 NZDCAD,M1: removed
2	10:20:25.321	Custom indicator CandleTimer NZDCAD,M1: removed
2	10:20:25.322	Custom indicator #Signal_Bars_v6 NZDCAD,M1: removed
2	10:20:25.324	Custom indicator TrendEnvelopes_v1 NZDCAD,M1: removed
2	10:20:25.325	Custom indicator guppy_multiple_moving_averages NZDCAD,M1: removed
2	10:20:25.328	Custom indicator wedges NZDCAD,M1: removed
2	10:20:25.342	Custom indicator Admiral Pivot NZDCAD,M1: removed
2	10:20:25.343	Custom indicator AutoTrendChannel NZDCAD,M1: removed
2	10:20:25.343	Custom indicator AIMS AO V.2.1 NZDCAD,M1: removed
2	10:20:25.356	Custom indicator IVT_MACD_ZERO_LAG NZDCAD,M1: removed
2	10:20:25.358	Custom indicator RSI Divergence Levels NZDCAD,M1: removed
2	10:20:25.360	Custom indicator JoeChalhoub_FXForecasterV1 NZDCAD,M1: removed
2	10:20:25.365	Custom indicator AIMS Levels V2 USDCHF,H1: removed
2	10:20:25.365	Custom indicator AIMS Entry Alert V1 USDCHF,H1: removed
2	10:20:25.367	Custom indicator CandleTimer USDCHF,H1: removed
2	10:20:25.367	Custom indicator #Signal_Bars_v6 USDCHF,H1: removed
2	10:20:25.368	Custom indicator TrendEnvelopes_v1 USDCHF,H1: removed
2	10:20:25.369	Custom indicator guppy_multiple_moving_averages USDCHF,H1: removed
2	10:20:25.399	Custom indicator wedges USDCHF,H1: removed
2	10:20:25.401	Custom indicator Admiral Pivot USDCHF,H1: removed
2	10:20:25.402	Custom indicator AutoTrendChannel USDCHF,H1: removed
2	10:20:25.402	Custom indicator AIMS AO V.2.1 USDCHF,H1: removed
2	10:20:25.403	Custom indicator IVT_MACD_ZERO_LAG USDCHF,H1: removed
2	10:20:25.405	Custom indicator RSI Divergence Levels USDCHF,H1: removed
2	10:20:25.406	Custom indicator JoeChalhoub_FXForecasterV1 USDCHF,H1: removed
2	10:20:25.410	Custom indicator AIMS Levels V2 AUDCAD,H1: removed
2	10:20:25.410	Custom indicator AIMS Entry Alert V1 AUDCAD,H1: removed
2	10:20:25.411	Custom indicator CandleTimer AUDCAD,H1: removed
2	10:20:25.412	Custom indicator #Signal_Bars_v6 AUDCAD,H1: removed
2	10:20:25.413	Custom indicator TrendEnvelopes_v1 AUDCAD,H1: removed
2	10:20:25.414	Custom indicator guppy_multiple_moving_averages AUDCAD,H1: removed
2	10:20:25.416	Custom indicator wedges AUDCAD,H1: removed
2	10:20:25.418	Custom indicator Admiral Pivot AUDCAD,H1: removed
2	10:20:25.419	Custom indicator AutoTrendChannel AUDCAD,H1: removed
2	10:20:25.419	Custom indicator AIMS AO V.2.1 AUDCAD,H1: removed
2	10:20:25.421	Custom indicator IVT_MACD_ZERO_LAG AUDCAD,H1: removed
2	10:20:25.422	Custom indicator RSI Divergence Levels AUDCAD,H1: removed
2	10:20:25.424	Custom indicator JoeChalhoub_FXForecasterV1 AUDCAD,H1: removed
2	10:20:25.427	Custom indicator AIMS Levels V2 NZDJPY,M5: removed
2	10:20:25.427	Custom indicator AIMS Entry Alert V1 NZDJPY,M5: removed
2	10:20:25.428	Custom indicator CandleTimer NZDJPY,M5: removed
2	10:20:25.428	Custom indicator #Signal_Bars_v6 NZDJPY,M5: removed
2	10:20:25.430	Custom indicator TrendEnvelopes_v1 NZDJPY,M5: removed
2	10:20:25.431	Custom indicator guppy_multiple_moving_averages NZDJPY,M5: removed
2	10:20:25.433	Custom indicator wedges NZDJPY,M5: removed
2	10:20:25.435	Custom indicator Admiral Pivot NZDJPY,M5: removed
2	10:20:25.436	Custom indicator AutoTrendChannel NZDJPY,M5: removed
2	10:20:25.436	Custom indicator AIMS AO V.2.1 NZDJPY,M5: removed
2	10:20:25.438	Custom indicator IVT_MACD_ZERO_LAG NZDJPY,M5: removed
2	10:20:25.439	Custom indicator RSI Divergence Levels NZDJPY,M5: removed
2	10:20:25.441	Custom indicator JoeChalhoub_FXForecasterV1 NZDJPY,M5: removed
2	10:20:25.460	Custom indicator AIMS Levels V2 CADJPY,H1: removed
2	10:20:25.460	Custom indicator AIMS Entry Alert V1 CADJPY,H1: removed
2	10:20:25.462	Custom indicator CandleTimer CADJPY,H1: removed
2	10:20:25.462	Custom indicator #Signal_Bars_v6 CADJPY,H1: removed
2	10:20:25.464	Custom indicator TrendEnvelopes_v1 CADJPY,H1: removed
2	10:20:25.465	Custom indicator guppy_multiple_moving_averages CADJPY,H1: removed
2	10:20:25.466	Custom indicator wedges CADJPY,H1: removed
2	10:20:25.468	Custom indicator Admiral Pivot CADJPY,H1: removed
2	10:20:25.469	Custom indicator AutoTrendChannel CADJPY,H1: removed
2	10:20:25.469	Custom indicator AIMS AO V.2.1 CADJPY,H1: removed
2	10:20:25.489	Custom indicator IVT_MACD_ZERO_LAG CADJPY,H1: removed
2	10:20:25.491	Custom indicator RSI Divergence Levels CADJPY,H1: removed
2	10:20:25.492	Custom indicator JoeChalhoub_FXForecasterV1 CADJPY,H1: removed
0	10:20:27.763	Admiral Markets build 1280 stopped
