1	00:04:28.358	MQL5.community: authorization failed
1	00:09:28.030	MQL5.community: authorization failed
1	00:14:28.028	MQL5.community: authorization failed
1	00:19:27.039	MQL5.community: authorization failed
1	00:24:28.354	MQL5.community: authorization failed
1	00:29:28.200	MQL5.community: authorization failed
1	00:34:28.032	MQL5.community: authorization failed
1	00:39:28.037	MQL5.community: authorization failed
1	00:44:28.126	MQL5.community: authorization failed
1	00:49:27.373	MQL5.community: authorization failed
1	00:54:27.045	MQL5.community: authorization failed
1	00:59:28.032	MQL5.community: authorization failed
1	01:04:28.033	MQL5.community: authorization failed
1	01:09:28.029	MQL5.community: authorization failed
1	01:14:27.132	MQL5.community: authorization failed
1	01:19:27.152	MQL5.community: authorization failed
1	01:24:27.160	MQL5.community: authorization failed
1	01:29:27.153	MQL5.community: authorization failed
1	01:34:27.152	MQL5.community: authorization failed
1	01:39:27.164	MQL5.community: authorization failed
1	01:44:27.155	MQL5.community: authorization failed
1	01:49:27.168	MQL5.community: authorization failed
1	01:54:27.154	MQL5.community: authorization failed
1	01:59:27.153	MQL5.community: authorization failed
1	02:04:27.151	MQL5.community: authorization failed
1	02:09:27.155	MQL5.community: authorization failed
1	02:14:27.157	MQL5.community: authorization failed
1	02:19:27.151	MQL5.community: authorization failed
1	02:24:27.157	MQL5.community: authorization failed
1	02:29:27.160	MQL5.community: authorization failed
1	02:34:27.157	MQL5.community: authorization failed
1	02:39:27.158	MQL5.community: authorization failed
1	02:44:27.158	MQL5.community: authorization failed
1	02:49:27.153	MQL5.community: authorization failed
1	02:54:27.155	MQL5.community: authorization failed
1	02:59:27.152	MQL5.community: authorization failed
1	03:04:27.149	MQL5.community: authorization failed
1	03:09:27.273	MQL5.community: authorization failed
1	03:14:27.155	MQL5.community: authorization failed
1	03:19:27.157	MQL5.community: authorization failed
1	03:24:27.153	MQL5.community: authorization failed
1	03:29:27.157	MQL5.community: authorization failed
1	03:34:27.156	MQL5.community: authorization failed
1	03:39:27.157	MQL5.community: authorization failed
1	03:44:27.161	MQL5.community: authorization failed
1	03:49:27.153	MQL5.community: authorization failed
1	03:54:27.161	MQL5.community: authorization failed
1	03:59:27.163	MQL5.community: authorization failed
1	04:04:27.157	MQL5.community: authorization failed
1	04:09:27.533	MQL5.community: authorization failed
1	04:14:27.151	MQL5.community: authorization failed
1	04:19:27.293	MQL5.community: authorization failed
1	04:24:27.516	MQL5.community: authorization failed
1	04:29:27.152	MQL5.community: authorization failed
1	04:34:27.161	MQL5.community: authorization failed
1	04:39:27.158	MQL5.community: authorization failed
1	04:44:27.162	MQL5.community: authorization failed
1	04:49:27.156	MQL5.community: authorization failed
1	04:54:27.196	MQL5.community: authorization failed
1	04:59:27.161	MQL5.community: authorization failed
1	05:04:27.159	MQL5.community: authorization failed
1	05:09:27.152	MQL5.community: authorization failed
1	05:14:27.163	MQL5.community: authorization failed
1	05:19:27.162	MQL5.community: authorization failed
1	05:24:27.508	MQL5.community: authorization failed
1	05:29:27.160	MQL5.community: authorization failed
1	05:34:27.165	MQL5.community: authorization failed
1	05:39:27.158	MQL5.community: authorization failed
1	05:44:27.158	MQL5.community: authorization failed
1	05:49:27.155	MQL5.community: authorization failed
1	05:54:27.488	MQL5.community: authorization failed
1	05:59:27.152	MQL5.community: authorization failed
1	06:04:27.156	MQL5.community: authorization failed
1	06:09:27.155	MQL5.community: authorization failed
1	06:14:27.151	MQL5.community: authorization failed
1	06:19:27.154	MQL5.community: authorization failed
1	06:24:27.152	MQL5.community: authorization failed
1	06:29:27.154	MQL5.community: authorization failed
1	06:34:27.248	MQL5.community: authorization failed
1	06:56:50.584	MQL5.community: authorization failed
1	07:56:16.065	MQL5.community: authorization failed
0	07:56:36.120	'27134140': login on AdmiralMarkets-Live through Access Point #8 (ping: n/a)
0	07:56:44.030	'27134140': login datacenter on AdmiralMarkets-Live through Access Point #8 (ping: n/a)
0	07:56:51.630	'27134140': previous successful authorization performed from 154.126.12.132
0	07:57:05.051	'27134140': auto connecting to a better access point Access Point #6 (ping is 212.63 ms)
0	07:57:05.899	'27134140': login on AdmiralMarkets-Live through Access Point #6 (ping: 212.63 ms)
0	07:57:08.205	'27134140': login datacenter on AdmiralMarkets-Live through Access Point #6 (ping: 212.63 ms)
0	07:57:08.765	'27134140': previous successful authorization performed from 197.149.29.146
0	07:58:25.193	Notifications: 'Classical RSI bearish divergence on:  GBPNZD' sent to 'A37163A9'
0	08:02:57.563	Notifications: 'Classical RSI bearish divergence on:  EURUSD' sent to 'A37163A9'
0	08:07:33.038	'27134140': order buy market 1.00 [DJI30] sl: 0.00 tp: 0.00
0	08:07:33.878	'27134140': order was opened : #71463872 buy 1.00 [DJI30] at 27792.50 sl: 0.00 tp: 0.00
0	08:07:34.687	'27134140': order buy market 1.00 [DJI30] sl: 0.00 tp: 0.00
0	08:07:34.922	Notifications: 'order opened #71463872 buy 1.00 [DJI30] at 27792.50' sent to 'A37163A9'
0	08:07:35.275	'27134140': order was opened : #71463873 buy 1.00 [DJI30] at 27792.50 sl: 0.00 tp: 0.00
0	08:07:36.157	Notifications: 'order opened #71463873 buy 1.00 [DJI30] at 27792.50' sent to 'A37163A9'
0	08:14:48.987	'27134140': modify order #71463872 buy 1.00 [DJI30] at 27792.50 sl: 0.00 tp: 0.00 -> sl: 27791.70 tp: 0.00
0	08:14:49.278	'27134140': order #71463872 buy 1.00 [DJI30] at 27792.50 was modified -> sl: 27791.70 tp: 0.00
0	08:14:50.325	Notifications: 'order #71463872 buy 1.00 [DJI30] at 27792.50 modified: sl: 0.00 tp: 0.00 -> sl: 27791.70 tp: 0.00' sent to 'A37163A9'
0	08:14:53.488	'27134140': modify order #71463872 buy 1.00 [DJI30] at 27792.50 sl: 27791.70 tp: 0.00 -> sl: 27790.41 tp: 0.00
0	08:14:53.778	'27134140': order #71463872 buy 1.00 [DJI30] at 27792.50 was modified -> sl: 27790.41 tp: 0.00
0	08:14:54.672	Notifications: 'order #71463872 buy 1.00 [DJI30] at 27792.50 modified: sl: 27791.70 tp: 0.00 -> sl: 27790.41 tp: 0.00' sent to 'A37163A9'
0	08:14:58.439	'27134140': modify order #71463872 buy 1.00 [DJI30] at 27792.50 sl: 27790.41 tp: 0.00 -> sl: 27791.49 tp: 0.00
0	08:14:58.749	'27134140': order #71463872 buy 1.00 [DJI30] at 27792.50 was modified -> sl: 27791.49 tp: 0.00
0	08:14:59.684	Notifications: 'order #71463872 buy 1.00 [DJI30] at 27792.50 modified: sl: 27790.41 tp: 0.00 -> sl: 27791.49 tp: 0.00' sent to 'A37163A9'
0	08:15:31.818	'27134140': modify order #71463873 buy 1.00 [DJI30] at 27792.50 sl: 0.00 tp: 0.00 -> sl: 27790.00 tp: 0.00
0	08:15:32.110	'27134140': order #71463873 buy 1.00 [DJI30] at 27792.50 was modified -> sl: 27790.00 tp: 0.00
0	08:15:32.986	Notifications: 'order #71463873 buy 1.00 [DJI30] at 27792.50 modified: sl: 0.00 tp: 0.00 -> sl: 27790.00 tp: 0.00' sent to 'A37163A9'
0	08:16:44.916	'27134140': modify order #71463873 buy 1.00 [DJI30] at 27792.50 sl: 27790.00 tp: 0.00 -> sl: 27781.37 tp: 0.00
0	08:16:45.218	'27134140': order #71463873 buy 1.00 [DJI30] at 27792.50 was modified -> sl: 27781.37 tp: 0.00
0	08:16:46.113	Notifications: 'order #71463873 buy 1.00 [DJI30] at 27792.50 modified: sl: 27790.00 tp: 0.00 -> sl: 27781.37 tp: 0.00' sent to 'A37163A9'
0	08:16:49.608	'27134140': modify order #71463872 buy 1.00 [DJI30] at 27792.50 sl: 27791.49 tp: 0.00 -> sl: 27783.74 tp: 0.00
0	08:16:49.907	'27134140': order #71463872 buy 1.00 [DJI30] at 27792.50 was modified -> sl: 27783.74 tp: 0.00
0	08:16:52.244	Notifications: 'order #71463872 buy 1.00 [DJI30] at 27792.50 modified: sl: 27791.49 tp: 0.00 -> sl: 27783.74 tp: 0.00' sent to 'A37163A9'
0	08:17:56.734	Notifications: 'Classical RSI bearish divergence on:  EURUSD' sent to 'A37163A9'
0	08:21:54.811	Notifications: 'Classical RSI bearish divergence on:  AUDCAD' sent to 'A37163A9'
0	08:21:59.435	'27134140': order sell market 1.00 [DJI30] sl: 0.00 tp: 0.00
0	08:22:00.043	'27134140': order was opened : #71464615 sell 1.00 [DJI30] at 27790.49 sl: 0.00 tp: 0.00
0	08:22:00.990	Notifications: 'order opened #71464615 sell 1.00 [DJI30] at 27790.49' sent to 'A37163A9'
0	08:22:01.147	'27134140': order sell market 1.00 [DJI30] sl: 0.00 tp: 0.00
0	08:22:01.720	'27134140': order was opened : #71464618 sell 1.00 [DJI30] at 27790.49 sl: 0.00 tp: 0.00
0	08:22:02.639	Notifications: 'order opened #71464618 sell 1.00 [DJI30] at 27790.49' sent to 'A37163A9'
0	08:22:14.139	'27134140': modify order #71463873 buy 1.00 [DJI30] at 27792.50 sl: 27781.37 tp: 0.00 -> sl: 27768.60 tp: 0.00
0	08:22:14.436	'27134140': order #71463873 buy 1.00 [DJI30] at 27792.50 was modified -> sl: 27768.60 tp: 0.00
0	08:22:15.294	Notifications: 'order #71463873 buy 1.00 [DJI30] at 27792.50 modified: sl: 27781.37 tp: 0.00 -> sl: 27768.60 tp: 0.00' sent to 'A37163A9'
0	08:22:19.606	'27134140': modify order #71463872 buy 1.00 [DJI30] at 27792.50 sl: 27783.74 tp: 0.00 -> sl: 27771.33 tp: 0.00
0	08:22:19.890	'27134140': order #71463872 buy 1.00 [DJI30] at 27792.50 was modified -> sl: 27771.33 tp: 0.00
0	08:22:20.796	Notifications: 'order #71463872 buy 1.00 [DJI30] at 27792.50 modified: sl: 27783.74 tp: 0.00 -> sl: 27771.33 tp: 0.00' sent to 'A37163A9'
0	08:22:38.523	'27134140': modify order #71463873 buy 1.00 [DJI30] at 27792.50 sl: 27768.60 tp: 0.00 -> sl: 27757.47 tp: 0.00
0	08:22:38.812	'27134140': order #71463873 buy 1.00 [DJI30] at 27792.50 was modified -> sl: 27757.47 tp: 0.00
0	08:22:39.853	Notifications: 'order #71463873 buy 1.00 [DJI30] at 27792.50 modified: sl: 27768.60 tp: 0.00 -> sl: 27757.47 tp: 0.00' sent to 'A37163A9'
0	08:22:45.083	'27134140': modify order #71463872 buy 1.00 [DJI30] at 27792.50 sl: 27771.33 tp: 0.00 -> sl: 27759.42 tp: 0.00
0	08:22:45.376	'27134140': order #71463872 buy 1.00 [DJI30] at 27792.50 was modified -> sl: 27759.42 tp: 0.00
0	08:22:47.399	Notifications: 'order #71463872 buy 1.00 [DJI30] at 27792.50 modified: sl: 27771.33 tp: 0.00 -> sl: 27759.42 tp: 0.00' sent to 'A37163A9'
0	08:25:08.376	'27134140': close order #71463873 buy 1.00 [DJI30] at 27792.50 sl: 27757.47 tp: 0.00 at price 0.00
0	08:25:08.827	'27134140': order #71463873 buy 1.00 [DJI30] at 27792.50 sl: 27757.47 tp: 0.00 closed at price 27797.49
0	08:25:09.676	Notifications: 'order #71463873 buy 1.00 [DJI30] at 27792.50 closed at price 27797.49, profit: 4.99 USD' sent to 'A37163A9'
0	08:25:10.476	'27134140': close order #71463872 buy 1.00 [DJI30] at 27792.50 sl: 27759.42 tp: 0.00 at price 0.00
0	08:25:10.986	'27134140': order #71463872 buy 1.00 [DJI30] at 27792.50 sl: 27759.42 tp: 0.00 closed at price 27799.98
0	08:25:12.928	Notifications: 'order #71463872 buy 1.00 [DJI30] at 27792.50 closed at price 27799.98, profit: 7.48 USD' sent to 'A37163A9'
0	08:25:57.768	'27134140': order buy market 1.00 [DJI30] sl: 0.00 tp: 0.00
0	08:25:58.345	'27134140': order was opened : #71464750 buy 1.00 [DJI30] at 27820.97 sl: 0.00 tp: 0.00
0	08:25:59.218	Notifications: 'order opened #71464750 buy 1.00 [DJI30] at 27820.97' sent to 'A37163A9'
0	08:25:59.544	'27134140': order buy market 1.00 [DJI30] sl: 0.00 tp: 0.00
0	08:26:00.145	'27134140': order was opened : #71464755 buy 1.00 [DJI30] at 27819.97 sl: 0.00 tp: 0.00
0	08:26:01.071	Notifications: 'order opened #71464755 buy 1.00 [DJI30] at 27819.97' sent to 'A37163A9'
0	08:26:01.371	'27134140': order buy market 1.00 [DJI30] sl: 0.00 tp: 0.00
0	08:26:01.934	'27134140': order was opened : #71464757 buy 1.00 [DJI30] at 27819.97 sl: 0.00 tp: 0.00
0	08:26:02.785	Notifications: 'order opened #71464757 buy 1.00 [DJI30] at 27819.97' sent to 'A37163A9'
0	08:26:07.265	'27134140': close order #71464618 sell 1.00 [DJI30] at 27790.49 sl: 0.00 tp: 0.00 at price 0.00
0	08:26:07.812	'27134140': order #71464618 sell 1.00 [DJI30] at 27790.49 sl: 0.00 tp: 0.00 closed at price 27819.97
0	08:26:09.758	Notifications: 'order #71464618 sell 1.00 [DJI30] at 27790.49 closed at price 27819.97, profit: -29.48 USD' sent to 'A37163A9'
0	08:26:10.129	'27134140': close order #71464615 sell 1.00 [DJI30] at 27790.49 sl: 0.00 tp: 0.00 at price 0.00
0	08:26:10.658	'27134140': order #71464615 sell 1.00 [DJI30] at 27790.49 sl: 0.00 tp: 0.00 closed at price 27819.97
0	08:26:11.466	Notifications: 'order #71464615 sell 1.00 [DJI30] at 27790.49 closed at price 27819.97, profit: -29.48 USD' sent to 'A37163A9'
0	08:27:56.196	Notifications: 'Classical RSI bearish divergence on:  EURUSD' sent to 'A37163A9'
2	08:29:21.497	Custom indicator AIMS Levels V2 GBPJPY,H1: loaded successfully
2	08:29:21.563	Custom indicator AIMS Entry Alert V1 GBPJPY,H1: loaded successfully
2	08:29:21.674	Custom indicator CandleTimer GBPJPY,H1: loaded successfully
2	08:29:21.738	Custom indicator #Signal_Bars_v6 GBPJPY,H1: loaded successfully
2	08:29:21.779	Custom indicator TrendEnvelopes_v1 GBPJPY,H1: loaded successfully
2	08:29:21.802	Custom indicator guppy_multiple_moving_averages GBPJPY,H1: loaded successfully
2	08:29:21.817	Custom indicator wedges GBPJPY,H1: loaded successfully
2	08:29:21.879	Custom indicator AIMS AO V.2.1 GBPJPY,H1: loaded successfully
2	08:29:21.888	Custom indicator IVT_MACD_ZERO_LAG GBPJPY,H1: loaded successfully
2	08:29:21.941	Custom indicator RSI Divergence Levels GBPJPY,H1: loaded successfully
2	08:29:22.004	Custom indicator JoeChalhoub_FXForecasterV1 GBPJPY,H1: loaded successfully
0	08:30:40.933	'27134140': order buy market 0.10 GBPJPY sl: 0.000 tp: 0.000
0	08:30:41.350	'27134140': order was opened : #71464977 buy 0.10 GBPJPY at 135.827 sl: 0.000 tp: 0.000
0	08:30:42.355	Notifications: 'order opened #71464977 buy 0.10 GBPJPY at 135.827' sent to 'A37163A9'
0	08:30:55.099	Notifications: 'Classical RSI bearish divergence on:  EURUSD' sent to 'A37163A9'
0	08:31:25.178	'27134140': modify order #71464977 buy 0.10 GBPJPY at 135.827 sl: 0.000 tp: 0.000 -> sl: 134.500 tp: 142.500
0	08:31:25.482	'27134140': order #71464977 buy 0.10 GBPJPY at 135.827 was modified -> sl: 134.500 tp: 142.500
0	08:31:26.355	Notifications: 'order #71464977 buy 0.10 GBPJPY at 135.827 modified: sl: 0.000 tp: 0.000 -> sl: 134.500 tp: 142.500' sent to 'A37163A9'
0	08:35:39.565	'27134140': order buy market 0.10 EURUSD sl: 0.00000 tp: 0.00000
0	08:35:40.002	'27134140': order was opened : #71465129 buy 0.10 EURUSD at 1.17678 sl: 0.00000 tp: 0.00000
0	08:35:40.963	Notifications: 'order opened #71465129 buy 0.10 EURUSD at 1.17678' sent to 'A37163A9'
0	08:35:59.058	'27134140': modify order #71465129 buy 0.10 EURUSD at 1.17678 sl: 0.00000 tp: 0.00000 -> sl: 1.17000 tp: 1.18100
0	08:35:59.348	'27134140': order #71465129 buy 0.10 EURUSD at 1.17678 was modified -> sl: 1.17000 tp: 1.18100
0	08:36:00.741	Notifications: 'order #71465129 buy 0.10 EURUSD at 1.17678 modified: sl: 0.00000 tp: 0.00000 -> sl: 1.17000 tp: 1.18100' sent to 'A37163A9'
0	08:36:55.525	'27134140': order sell market 0.10 GBPUSD sl: 0.00000 tp: 0.00000
0	08:36:55.971	'27134140': order was opened : #71465159 sell 0.10 GBPUSD at 1.29300 sl: 0.00000 tp: 0.00000
0	08:36:57.356	Notifications: 'order opened #71465159 sell 0.10 GBPUSD at 1.29300' sent to 'A37163A9'
0	08:37:22.084	'27134140': modify order #71465159 sell 0.10 GBPUSD at 1.29300 sl: 0.00000 tp: 0.00000 -> sl: 1.30700 tp: 1.29000
0	08:37:22.376	'27134140': order #71465159 sell 0.10 GBPUSD at 1.29300 was modified -> sl: 1.30700 tp: 1.29000
0	08:37:23.277	Notifications: 'order #71465159 sell 0.10 GBPUSD at 1.29300 modified: sl: 0.00000 tp: 0.00000 -> sl: 1.30700 tp: 1.29000' sent to 'A37163A9'
2	08:39:13.318	Custom indicator AIMS Levels V2 EURJPY,H1: loaded successfully
2	08:39:13.443	Custom indicator AIMS Entry Alert V1 EURJPY,H1: loaded successfully
2	08:39:13.496	Custom indicator CandleTimer EURJPY,H1: loaded successfully
2	08:39:13.585	Custom indicator #Signal_Bars_v6 EURJPY,H1: loaded successfully
2	08:39:13.594	Custom indicator TrendEnvelopes_v1 EURJPY,H1: loaded successfully
2	08:39:13.603	Custom indicator guppy_multiple_moving_averages EURJPY,H1: loaded successfully
2	08:39:13.705	Custom indicator wedges EURJPY,H1: loaded successfully
2	08:39:13.784	Custom indicator AIMS AO V.2.1 EURJPY,H1: loaded successfully
2	08:39:13.792	Custom indicator IVT_MACD_ZERO_LAG EURJPY,H1: loaded successfully
2	08:39:13.802	Custom indicator RSI Divergence Levels EURJPY,H1: loaded successfully
2	08:39:13.861	Custom indicator JoeChalhoub_FXForecasterV1 EURJPY,H1: loaded successfully
0	08:43:18.742	Notifications: 'Classical RSI bearish divergence on:  AUDCAD' sent to 'A37163A9'
0	08:44:11.012	'27134140': order buy market 0.08 GOLD sl: 0.000 tp: 0.000
0	08:44:11.410	'27134140': order was opened : #71465364 buy 0.08 GOLD at 1945.880 sl: 0.000 tp: 0.000
0	08:44:12.309	Notifications: 'order opened #71465364 buy 0.08 GOLD at 1945.880' sent to 'A37163A9'
0	08:49:51.890	'27134140': modify order #71465364 buy 0.08 GOLD at 1945.880 sl: 0.000 tp: 0.000 -> sl: 1937.000 tp: 1970.000
0	08:49:52.188	'27134140': order #71465364 buy 0.08 GOLD at 1945.880 was modified -> sl: 1937.000 tp: 1970.000
0	08:49:53.880	Notifications: 'order #71465364 buy 0.08 GOLD at 1945.880 modified: sl: 0.000 tp: 0.000 -> sl: 1937.000 tp: 1970.000' sent to 'A37163A9'
1	09:09:33.375	'27134140': datacenter connecting failed [6]
0	09:09:34.510	'27134140': login on AdmiralMarkets-Live through Access Point #3 (ping: 225.96 ms)
0	09:09:41.877	'27134140': login datacenter on AdmiralMarkets-Live through Access Point #3 (ping: 225.96 ms)
0	09:09:45.437	'27134140': previous successful authorization performed from 197.149.29.146
0	09:10:36.032	'27134140': auto connecting to a better access point Access Point #6 (ping is 232.90 ms)
0	09:10:37.970	'27134140': login on AdmiralMarkets-Live through Access Point #6 (ping: 232.90 ms)
0	09:10:47.108	'27134140': login datacenter on AdmiralMarkets-Live through Access Point #6 (ping: 232.90 ms)
0	09:10:50.620	'27134140': previous successful authorization performed from 197.149.29.146
0	09:10:57.624	Notifications: 'margin call reached ml 91.96%, equity: 283.69 USD, margin: 308.50 USD, profit: -416.37 USD' sent to 'A37163A9'
0	09:11:55.595	Notifications: 'Classical RSI bullish divergence on:  WTI' sent to 'A37163A9'
0	09:15:02.106	Notifications: 'Classical RSI bullish divergence on:  [NQ100]' sent to 'A37163A9'
0	09:17:05.774	Notifications: 'order #71464750 buy 1.00 [DJI30] at 27820.97 closed at price 27628.79, so: 29.8%/91.9/308.5, profit: -192.18 USD' sent to 'A37163A9'
0	09:17:24.030	Notifications: 'order #71464755 buy 1.00 [DJI30] at 27819.97 closed at price 27616.76, so: 29.7%/75.2/252.9, profit: -203.21 USD' sent to 'A37163A9'
0	09:17:25.445	Notifications: 'order #71464757 buy 1.00 [DJI30] at 27819.97 closed at price 27616.26, so: 29.9%/59.1/197.2, profit: -203.71 USD' sent to 'A37163A9'
0	09:18:54.699	Notifications: 'Classical RSI bullish divergence on:  [NQ100]' sent to 'A37163A9'
0	09:18:55.714	Notifications: 'Classical RSI bullish divergence on:  [CAC40]' sent to 'A37163A9'
0	09:23:54.593	Notifications: 'Classical RSI bullish divergence on:  SILVER' sent to 'A37163A9'
0	09:23:55.640	Notifications: 'Classical RSI bullish divergence on:  [DJI30]' sent to 'A37163A9'
0	09:23:56.505	Notifications: 'Classical RSI bullish divergence on:  [NQ100]' sent to 'A37163A9'
0	09:24:14.458	'27134140': close order #71459040 buy 0.10 USDCHF at 0.91198 sl: 0.90500 tp: 0.93260 at price 0.00000
0	09:24:14.901	'27134140': order #71459040 buy 0.10 USDCHF at 0.91198 sl: 0.90500 tp: 0.93260 closed at price 0.91329
0	09:24:15.885	Notifications: 'order #71459040 buy 0.10 USDCHF at 0.91198 closed at price 0.91329, profit: 14.34 USD' sent to 'A37163A9'
0	09:26:58.758	Notifications: 'Classical RSI bullish divergence on:  [NQ100]' sent to 'A37163A9'
0	09:27:00.546	Notifications: 'Classical RSI bullish divergence on:  [CAC40]' sent to 'A37163A9'
0	09:27:22.417	Notifications: 'Classical RSI bullish divergence on:  SILVER' sent to 'A37163A9'
0	09:27:23.884	Notifications: 'Classical RSI bullish divergence on:  [DJI30]' sent to 'A37163A9'
0	09:27:27.756	Notifications: 'Classical RSI bullish divergence on:  AUDCAD' sent to 'A37163A9'
0	09:31:55.847	Notifications: 'Classical RSI bullish divergence on:  [NQ100]' sent to 'A37163A9'
0	09:33:35.151	'27134140': order buy market 1.00 [DJI30] sl: 0.00 tp: 0.00
1	09:33:35.748	'27134140': order buy 1.00 [DJI30] opening at market sl: 0.00 tp: 0.00 failed [Not enough money]
1	09:38:09.384	'27134140': datacenter connecting failed [6]
0	09:38:10.249	'27134140': login on AdmiralMarkets-Live through Access Point #1 (ping: 235.94 ms)
0	09:38:17.520	'27134140': login datacenter on AdmiralMarkets-Live through Access Point #1 (ping: 235.94 ms)
2	09:38:17.928	Custom indicator AIMS Levels V2 EURJPY,H1: removed
2	09:38:17.928	Custom indicator AIMS Entry Alert V1 EURJPY,H1: removed
2	09:38:17.930	Custom indicator CandleTimer EURJPY,H1: removed
2	09:38:17.930	Custom indicator #Signal_Bars_v6 EURJPY,H1: removed
2	09:38:17.932	Custom indicator TrendEnvelopes_v1 EURJPY,H1: removed
2	09:38:17.964	Custom indicator guppy_multiple_moving_averages EURJPY,H1: removed
2	09:38:17.967	Custom indicator wedges EURJPY,H1: removed
2	09:38:17.967	Custom indicator AIMS AO V.2.1 EURJPY,H1: removed
2	09:38:17.968	Custom indicator IVT_MACD_ZERO_LAG EURJPY,H1: removed
2	09:38:17.969	Custom indicator RSI Divergence Levels EURJPY,H1: removed
2	09:38:17.970	Custom indicator JoeChalhoub_FXForecasterV1 EURJPY,H1: removed
0	09:38:18.529	'27134140': previous successful authorization performed from 154.126.12.132
0	09:38:53.153	'27134140': modify order #71465364 buy 0.08 GOLD at 1945.880 sl: 1937.000 tp: 1970.000 -> sl: 1937.000 tp: 0.000
0	09:38:53.480	'27134140': order #71465364 buy 0.08 GOLD at 1945.880 was modified -> sl: 1937.000 tp: 0.000
0	09:38:54.380	Notifications: 'order #71465364 buy 0.08 GOLD at 1945.880 modified: sl: 1937.000 tp: 1970.000 -> sl: 1937.000 tp: 0.000' sent to 'A37163A9'
0	09:39:06.220	'27134140': modify order #71465159 sell 0.10 GBPUSD at 1.29300 sl: 1.30700 tp: 1.29000 -> sl: 1.30700 tp: 0.00000
0	09:39:08.245	'27134140': order #71465159 sell 0.10 GBPUSD at 1.29300 was modified -> sl: 1.30700 tp: 0.00000
0	09:39:09.753	Notifications: 'order #71465159 sell 0.10 GBPUSD at 1.29300 modified: sl: 1.30700 tp: 1.29000 -> sl: 1.30700 tp: 0.00000' sent to 'A37163A9'
0	09:39:20.920	'27134140': modify order #71465129 buy 0.10 EURUSD at 1.17678 sl: 1.17000 tp: 1.18100 -> sl: 1.17000 tp: 0.00000
0	09:39:21.232	'27134140': order #71465129 buy 0.10 EURUSD at 1.17678 was modified -> sl: 1.17000 tp: 0.00000
0	09:39:23.212	Notifications: 'order #71465129 buy 0.10 EURUSD at 1.17678 modified: sl: 1.17000 tp: 1.18100 -> sl: 1.17000 tp: 0.00000' sent to 'A37163A9'
0	09:39:44.664	'27134140': modify order #71464977 buy 0.10 GBPJPY at 135.827 sl: 134.500 tp: 142.500 -> sl: 134.500 tp: 0.000
0	09:39:45.356	'27134140': order #71464977 buy 0.10 GBPJPY at 135.827 was modified -> sl: 134.500 tp: 0.000
0	09:39:46.631	Notifications: 'order #71464977 buy 0.10 GBPJPY at 135.827 modified: sl: 134.500 tp: 142.500 -> sl: 134.500 tp: 0.000' sent to 'A37163A9'
0	09:39:57.474	Notifications: 'Classical RSI bearish divergence on:  GBPCHF' sent to 'A37163A9'
0	09:40:17.415	'27134140': modify order #71440307 buy 0.10 CADCHF at 0.69032 sl: 0.68885 tp: 0.69258 -> sl: 0.68885 tp: 0.00000
0	09:40:17.733	'27134140': order #71440307 buy 0.10 CADCHF at 0.69032 was modified -> sl: 0.68885 tp: 0.00000
0	11:08:03.399	Admiral Markets build 1280 started (Admiral Markets Group AS)
0	11:08:03.399	Windows 10 Pro x64, IE 11, UAC, 8 x Intel Core i7-10510U  @ 1.80GHz, Memory: 3201 / 8014 Mb, Disk: 13 / 237 Gb, GMT+3
0	11:08:03.399	Data Folder: C:\Users\SRIE\AppData\Roaming\MetaQuotes\Terminal\51337600F56B69473E15EAFB8A7586B4
2	11:08:12.744	Custom indicator CandleTimer_Am [DAX30],M1: loaded successfully
2	11:08:12.955	Custom indicator FX-Agency Advisor 3 [DAX30],M1: loaded successfully
2	11:08:13.164	Custom indicator AIMS Levels V2 [DAX30],M1: loaded successfully
2	11:08:13.437	Custom indicator AIMS Entry Alert V1 [DAX30],M1: loaded successfully
2	11:08:13.467	Custom indicator CandleTimer [DAX30],M1: loaded successfully
2	11:08:13.688	Custom indicator #Signal_Bars_v6 [DAX30],M1: loaded successfully
2	11:08:13.703	Custom indicator TrendEnvelopes_v1 [DAX30],M1: loaded successfully
2	11:08:13.720	Custom indicator guppy_multiple_moving_averages [DAX30],M1: loaded successfully
2	11:08:13.738	Custom indicator wedges [DAX30],M1: loaded successfully
2	11:08:13.876	Custom indicator AIMS AO V.2.1 [DAX30],M1: loaded successfully
2	11:08:13.891	Custom indicator IVT_MACD_ZERO_LAG [DAX30],M1: loaded successfully
2	11:08:13.910	Custom indicator RSI Divergence Levels [DAX30],M1: loaded successfully
2	11:08:13.929	Custom indicator JoeChalhoub_FXForecasterV1 [DAX30],M1: loaded successfully
2	11:08:14.176	Custom indicator CandleTimer_Am [DJI30],M1: loaded successfully
2	11:08:14.342	Custom indicator FX-Agency Advisor 3 [DJI30],M1: loaded successfully
2	11:08:14.543	Custom indicator AIMS Levels V2 [DJI30],M1: loaded successfully
2	11:08:14.721	Custom indicator AIMS Entry Alert V1 [DJI30],M1: loaded successfully
2	11:08:14.738	Custom indicator CandleTimer [DJI30],M1: loaded successfully
2	11:08:14.951	Custom indicator #Signal_Bars_v6 [DJI30],M1: loaded successfully
2	11:08:14.977	Custom indicator TrendEnvelopes_v1 [DJI30],M1: loaded successfully
2	11:08:14.994	Custom indicator guppy_multiple_moving_averages [DJI30],M1: loaded successfully
2	11:08:15.020	Custom indicator wedges [DJI30],M1: loaded successfully
2	11:08:15.152	Custom indicator AIMS AO V.2.1 [DJI30],M1: loaded successfully
2	11:08:15.177	Custom indicator IVT_MACD_ZERO_LAG [DJI30],M1: loaded successfully
2	11:08:15.218	Custom indicator RSI Divergence Levels [DJI30],M1: loaded successfully
2	11:08:15.260	Custom indicator JoeChalhoub_FXForecasterV1 [DJI30],M1: loaded successfully
2	11:08:15.821	Custom indicator AIMS Levels V2 [NQ100],M1: loaded successfully
2	11:08:15.965	Custom indicator AIMS Entry Alert V1 [NQ100],M1: loaded successfully
2	11:08:15.977	Custom indicator CandleTimer [NQ100],M1: loaded successfully
2	11:08:16.108	Custom indicator #Signal_Bars_v6 [NQ100],M1: loaded successfully
2	11:08:16.130	Custom indicator TrendEnvelopes_v1 [NQ100],M1: loaded successfully
2	11:08:16.149	Custom indicator guppy_multiple_moving_averages [NQ100],M1: loaded successfully
2	11:08:16.164	Custom indicator wedges [NQ100],M1: loaded successfully
2	11:08:16.312	Custom indicator AIMS AO V.2.1 [NQ100],M1: loaded successfully
2	11:08:16.331	Custom indicator IVT_MACD_ZERO_LAG [NQ100],M1: loaded successfully
2	11:08:16.351	Custom indicator RSI Divergence Levels [NQ100],M1: loaded successfully
2	11:08:16.367	Custom indicator JoeChalhoub_FXForecasterV1 [NQ100],M1: loaded successfully
2	11:08:16.815	Custom indicator AIMS Levels V2 WTI,M1: loaded successfully
2	11:08:17.024	Custom indicator AIMS Entry Alert V1 WTI,M1: loaded successfully
2	11:08:17.045	Custom indicator CandleTimer WTI,M1: loaded successfully
2	11:08:17.283	Custom indicator #Signal_Bars_v6 WTI,M1: loaded successfully
2	11:08:17.303	Custom indicator TrendEnvelopes_v1 WTI,M1: loaded successfully
2	11:08:17.320	Custom indicator guppy_multiple_moving_averages WTI,M1: loaded successfully
2	11:08:17.373	Custom indicator wedges WTI,M1: loaded successfully
2	11:08:17.582	Custom indicator AIMS AO V.2.1 WTI,M1: loaded successfully
2	11:08:17.605	Custom indicator IVT_MACD_ZERO_LAG WTI,M1: loaded successfully
2	11:08:17.631	Custom indicator RSI Divergence Levels WTI,M1: loaded successfully
2	11:08:17.659	Custom indicator JoeChalhoub_FXForecasterV1 WTI,M1: loaded successfully
2	11:08:18.131	Custom indicator AIMS Levels V2 SILVER,M1: loaded successfully
2	11:08:18.313	Custom indicator AIMS Entry Alert V1 SILVER,M1: loaded successfully
2	11:08:18.334	Custom indicator CandleTimer SILVER,M1: loaded successfully
2	11:08:18.510	Custom indicator #Signal_Bars_v6 SILVER,M1: loaded successfully
2	11:08:18.535	Custom indicator TrendEnvelopes_v1 SILVER,M1: loaded successfully
2	11:08:18.554	Custom indicator guppy_multiple_moving_averages SILVER,M1: loaded successfully
2	11:08:18.571	Custom indicator wedges SILVER,M1: loaded successfully
2	11:08:18.750	Custom indicator AIMS AO V.2.1 SILVER,M1: loaded successfully
2	11:08:18.778	Custom indicator IVT_MACD_ZERO_LAG SILVER,M1: loaded successfully
2	11:08:18.799	Custom indicator RSI Divergence Levels SILVER,M1: loaded successfully
2	11:08:18.821	Custom indicator JoeChalhoub_FXForecasterV1 SILVER,M1: loaded successfully
2	11:08:19.269	Custom indicator AIMS Levels V2 [CAC40],M1: loaded successfully
2	11:08:19.436	Custom indicator AIMS Entry Alert V1 [CAC40],M1: loaded successfully
2	11:08:19.455	Custom indicator CandleTimer [CAC40],M1: loaded successfully
2	11:08:19.640	Custom indicator #Signal_Bars_v6 [CAC40],M1: loaded successfully
2	11:08:19.658	Custom indicator TrendEnvelopes_v1 [CAC40],M1: loaded successfully
2	11:08:19.675	Custom indicator guppy_multiple_moving_averages [CAC40],M1: loaded successfully
2	11:08:19.698	Custom indicator wedges [CAC40],M1: loaded successfully
2	11:08:19.916	Custom indicator AIMS AO V.2.1 [CAC40],M1: loaded successfully
2	11:08:19.934	Custom indicator IVT_MACD_ZERO_LAG [CAC40],M1: loaded successfully
2	11:08:19.955	Custom indicator RSI Divergence Levels [CAC40],M1: loaded successfully
2	11:08:19.978	Custom indicator JoeChalhoub_FXForecasterV1 [CAC40],M1: loaded successfully
2	11:08:20.272	Custom indicator CandleTimer_Am [SP500],M1: loaded successfully
2	11:08:20.452	Custom indicator FX-Agency Advisor 3 [SP500],M1: loaded successfully
2	11:08:20.658	Custom indicator AIMS Levels V2 GOLD,H1: loaded successfully
2	11:08:20.815	Custom indicator AIMS Entry Alert V1 GOLD,H1: loaded successfully
2	11:08:20.829	Custom indicator CandleTimer GOLD,H1: loaded successfully
2	11:08:21.003	Custom indicator #Signal_Bars_v6 GOLD,H1: loaded successfully
2	11:08:21.025	Custom indicator TrendEnvelopes_v1 GOLD,H1: loaded successfully
2	11:08:21.042	Custom indicator guppy_multiple_moving_averages GOLD,H1: loaded successfully
2	11:08:21.062	Custom indicator wedges GOLD,H1: loaded successfully
2	11:08:21.261	Custom indicator AIMS AO V.2.1 GOLD,H1: loaded successfully
2	11:08:21.281	Custom indicator IVT_MACD_ZERO_LAG GOLD,H1: loaded successfully
2	11:08:21.297	Custom indicator RSI Divergence Levels GOLD,H1: loaded successfully
2	11:08:21.328	Custom indicator JoeChalhoub_FXForecasterV1 GOLD,H1: loaded successfully
2	11:08:21.362	Expert Admiral - Mini Terminal GOLD,H1: loaded successfully
2	11:08:21.936	Custom indicator AIMS Levels V2 EURUSD,M1: loaded successfully
2	11:08:22.116	Custom indicator AIMS Entry Alert V1 EURUSD,M1: loaded successfully
2	11:08:22.139	Custom indicator CandleTimer EURUSD,M1: loaded successfully
2	11:08:22.359	Custom indicator #Signal_Bars_v6 EURUSD,M1: loaded successfully
2	11:08:22.389	Custom indicator TrendEnvelopes_v1 EURUSD,M1: loaded successfully
2	11:08:22.415	Custom indicator guppy_multiple_moving_averages EURUSD,M1: loaded successfully
2	11:08:22.445	Custom indicator wedges EURUSD,M1: loaded successfully
2	11:08:22.646	Custom indicator AIMS AO V.2.1 EURUSD,M1: loaded successfully
2	11:08:22.678	Custom indicator IVT_MACD_ZERO_LAG EURUSD,M1: loaded successfully
2	11:08:22.706	Custom indicator RSI Divergence Levels EURUSD,M1: loaded successfully
2	11:08:22.737	Custom indicator JoeChalhoub_FXForecasterV1 EURUSD,M1: loaded successfully
2	11:08:24.333	Custom indicator AIMS Levels V2 GBPUSD,M30: loaded successfully
2	11:08:24.613	Custom indicator AIMS Entry Alert V1 GBPUSD,M30: loaded successfully
2	11:08:24.633	Custom indicator CandleTimer GBPUSD,M30: loaded successfully
2	11:08:24.801	Custom indicator #Signal_Bars_v6 GBPUSD,M30: loaded successfully
2	11:08:24.820	Custom indicator TrendEnvelopes_v1 GBPUSD,M30: loaded successfully
2	11:08:24.838	Custom indicator guppy_multiple_moving_averages GBPUSD,M30: loaded successfully
2	11:08:24.855	Custom indicator wedges GBPUSD,M30: loaded successfully
2	11:08:25.025	Custom indicator AIMS AO V.2.1 GBPUSD,M30: loaded successfully
2	11:08:25.044	Custom indicator IVT_MACD_ZERO_LAG GBPUSD,M30: loaded successfully
2	11:08:25.089	Custom indicator RSI Divergence Levels GBPUSD,M30: loaded successfully
2	11:08:25.113	Custom indicator JoeChalhoub_FXForecasterV1 GBPUSD,M30: loaded successfully
2	11:08:25.752	Custom indicator AIMS Levels V2 AUDCAD,H1: loaded successfully
2	11:08:25.932	Custom indicator AIMS Entry Alert V1 AUDCAD,H1: loaded successfully
2	11:08:25.948	Custom indicator CandleTimer AUDCAD,H1: loaded successfully
2	11:08:26.088	Custom indicator #Signal_Bars_v6 AUDCAD,H1: loaded successfully
2	11:08:26.105	Custom indicator TrendEnvelopes_v1 AUDCAD,H1: loaded successfully
2	11:08:26.121	Custom indicator guppy_multiple_moving_averages AUDCAD,H1: loaded successfully
2	11:08:26.138	Custom indicator wedges AUDCAD,H1: loaded successfully
2	11:08:26.310	Custom indicator AIMS AO V.2.1 AUDCAD,H1: loaded successfully
2	11:08:26.328	Custom indicator IVT_MACD_ZERO_LAG AUDCAD,H1: loaded successfully
2	11:08:26.347	Custom indicator RSI Divergence Levels AUDCAD,H1: loaded successfully
2	11:08:26.366	Custom indicator JoeChalhoub_FXForecasterV1 AUDCAD,H1: loaded successfully
2	11:08:26.401	Expert Admiral - Mini Terminal AUDCAD,H1: loaded successfully
2	11:08:26.912	Custom indicator AIMS Levels V2 GBPCHF,M5: loaded successfully
2	11:08:27.138	Custom indicator AIMS Entry Alert V1 GBPCHF,M5: loaded successfully
2	11:08:27.159	Custom indicator CandleTimer GBPCHF,M5: loaded successfully
2	11:08:27.332	Custom indicator #Signal_Bars_v6 GBPCHF,M5: loaded successfully
2	11:08:27.347	Custom indicator TrendEnvelopes_v1 GBPCHF,M5: loaded successfully
2	11:08:27.363	Custom indicator guppy_multiple_moving_averages GBPCHF,M5: loaded successfully
2	11:08:27.397	Custom indicator wedges GBPCHF,M5: loaded successfully
2	11:08:27.749	Custom indicator AIMS AO V.2.1 GBPCHF,M5: loaded successfully
2	11:08:27.791	Custom indicator IVT_MACD_ZERO_LAG GBPCHF,M5: loaded successfully
2	11:08:27.873	Custom indicator RSI Divergence Levels GBPCHF,M5: loaded successfully
2	11:08:27.917	Custom indicator JoeChalhoub_FXForecasterV1 GBPCHF,M5: loaded successfully
2	11:08:28.591	Custom indicator AIMS Levels V2 AUDCAD,M1: loaded successfully
2	11:08:28.769	Custom indicator AIMS Entry Alert V1 AUDCAD,M1: loaded successfully
2	11:08:28.786	Custom indicator CandleTimer AUDCAD,M1: loaded successfully
2	11:08:28.949	Custom indicator #Signal_Bars_v6 AUDCAD,M1: loaded successfully
2	11:08:28.967	Custom indicator TrendEnvelopes_v1 AUDCAD,M1: loaded successfully
2	11:08:28.986	Custom indicator guppy_multiple_moving_averages AUDCAD,M1: loaded successfully
2	11:08:29.004	Custom indicator wedges AUDCAD,M1: loaded successfully
2	11:08:29.152	Custom indicator AIMS AO V.2.1 AUDCAD,M1: loaded successfully
2	11:08:29.173	Custom indicator IVT_MACD_ZERO_LAG AUDCAD,M1: loaded successfully
2	11:08:29.193	Custom indicator RSI Divergence Levels AUDCAD,M1: loaded successfully
2	11:08:29.211	Custom indicator JoeChalhoub_FXForecasterV1 AUDCAD,M1: loaded successfully
2	11:08:29.598	Custom indicator AIMS Levels V2 GBPNZD,M1: loaded successfully
2	11:08:29.832	Custom indicator AIMS Entry Alert V1 GBPNZD,M1: loaded successfully
2	11:08:29.846	Custom indicator CandleTimer GBPNZD,M1: loaded successfully
2	11:08:30.006	Custom indicator #Signal_Bars_v6 GBPNZD,M1: loaded successfully
2	11:08:30.023	Custom indicator TrendEnvelopes_v1 GBPNZD,M1: loaded successfully
2	11:08:30.039	Custom indicator guppy_multiple_moving_averages GBPNZD,M1: loaded successfully
2	11:08:30.060	Custom indicator wedges GBPNZD,M1: loaded successfully
2	11:08:30.218	Custom indicator AIMS AO V.2.1 GBPNZD,M1: loaded successfully
2	11:08:30.237	Custom indicator IVT_MACD_ZERO_LAG GBPNZD,M1: loaded successfully
2	11:08:30.256	Custom indicator RSI Divergence Levels GBPNZD,M1: loaded successfully
2	11:08:30.278	Custom indicator JoeChalhoub_FXForecasterV1 GBPNZD,M1: loaded successfully
2	11:08:30.808	Custom indicator CandleTimer_Am [NQ100],M1: loaded successfully
2	11:08:31.013	Custom indicator FX-Agency Advisor 3 [NQ100],M1: loaded successfully
2	11:08:31.296	Custom indicator AIMS Levels V2 NZDUSD,H1: loaded successfully
2	11:08:31.454	Custom indicator AIMS Entry Alert V1 NZDUSD,H1: loaded successfully
2	11:08:31.477	Custom indicator CandleTimer NZDUSD,H1: loaded successfully
2	11:08:31.680	Custom indicator #Signal_Bars_v6 NZDUSD,H1: loaded successfully
2	11:08:31.702	Custom indicator TrendEnvelopes_v1 NZDUSD,H1: loaded successfully
2	11:08:31.723	Custom indicator guppy_multiple_moving_averages NZDUSD,H1: loaded successfully
2	11:08:31.752	Custom indicator wedges NZDUSD,H1: loaded successfully
2	11:08:31.948	Custom indicator AIMS AO V.2.1 NZDUSD,H1: loaded successfully
2	11:08:31.966	Custom indicator IVT_MACD_ZERO_LAG NZDUSD,H1: loaded successfully
2	11:08:31.984	Custom indicator RSI Divergence Levels NZDUSD,H1: loaded successfully
2	11:08:32.007	Custom indicator JoeChalhoub_FXForecasterV1 NZDUSD,H1: loaded successfully
2	11:08:32.595	Custom indicator AIMS Levels V2 GBPUSD,H1: loaded successfully
2	11:08:32.757	Custom indicator AIMS Entry Alert V1 GBPUSD,H1: loaded successfully
2	11:08:32.775	Custom indicator CandleTimer GBPUSD,H1: loaded successfully
2	11:08:32.967	Custom indicator #Signal_Bars_v6 GBPUSD,H1: loaded successfully
2	11:08:32.984	Custom indicator TrendEnvelopes_v1 GBPUSD,H1: loaded successfully
2	11:08:33.001	Custom indicator guppy_multiple_moving_averages GBPUSD,H1: loaded successfully
2	11:08:33.025	Custom indicator wedges GBPUSD,H1: loaded successfully
2	11:08:33.298	Custom indicator AIMS AO V.2.1 GBPUSD,H1: loaded successfully
2	11:08:33.319	Custom indicator IVT_MACD_ZERO_LAG GBPUSD,H1: loaded successfully
2	11:08:33.337	Custom indicator RSI Divergence Levels GBPUSD,H1: loaded successfully
2	11:08:33.360	Custom indicator JoeChalhoub_FXForecasterV1 GBPUSD,H1: loaded successfully
2	11:08:33.919	Custom indicator AIMS Levels V2 EURAUD,H1: loaded successfully
2	11:08:34.091	Custom indicator AIMS Entry Alert V1 EURAUD,H1: loaded successfully
2	11:08:34.109	Custom indicator CandleTimer EURAUD,H1: loaded successfully
2	11:08:34.258	Custom indicator #Signal_Bars_v6 EURAUD,H1: loaded successfully
2	11:08:34.273	Custom indicator TrendEnvelopes_v1 EURAUD,H1: loaded successfully
2	11:08:34.289	Custom indicator guppy_multiple_moving_averages EURAUD,H1: loaded successfully
2	11:08:34.305	Custom indicator wedges EURAUD,H1: loaded successfully
2	11:08:34.502	Custom indicator AIMS AO V.2.1 EURAUD,H1: loaded successfully
2	11:08:34.528	Custom indicator IVT_MACD_ZERO_LAG EURAUD,H1: loaded successfully
2	11:08:34.577	Custom indicator RSI Divergence Levels EURAUD,H1: loaded successfully
2	11:08:34.605	Custom indicator JoeChalhoub_FXForecasterV1 EURAUD,H1: loaded successfully
2	11:08:35.232	Custom indicator AIMS Levels V2 EURGBP,H1: loaded successfully
2	11:08:35.379	Custom indicator AIMS Entry Alert V1 EURGBP,H1: loaded successfully
2	11:08:35.399	Custom indicator CandleTimer EURGBP,H1: loaded successfully
2	11:08:35.575	Custom indicator #Signal_Bars_v6 EURGBP,H1: loaded successfully
2	11:08:35.593	Custom indicator TrendEnvelopes_v1 EURGBP,H1: loaded successfully
2	11:08:35.609	Custom indicator guppy_multiple_moving_averages EURGBP,H1: loaded successfully
2	11:08:35.629	Custom indicator wedges EURGBP,H1: loaded successfully
2	11:08:35.787	Custom indicator AIMS AO V.2.1 EURGBP,H1: loaded successfully
2	11:08:35.810	Custom indicator IVT_MACD_ZERO_LAG EURGBP,H1: loaded successfully
2	11:08:35.831	Custom indicator RSI Divergence Levels EURGBP,H1: loaded successfully
2	11:08:35.859	Custom indicator JoeChalhoub_FXForecasterV1 EURGBP,H1: loaded successfully
2	11:08:36.667	Custom indicator AIMS Levels V2 GBPCAD,H1: loaded successfully
2	11:08:36.876	Custom indicator AIMS Entry Alert V1 GBPCAD,H1: loaded successfully
2	11:08:36.897	Custom indicator CandleTimer GBPCAD,H1: loaded successfully
2	11:08:37.076	Custom indicator #Signal_Bars_v6 GBPCAD,H1: loaded successfully
2	11:08:37.093	Custom indicator TrendEnvelopes_v1 GBPCAD,H1: loaded successfully
2	11:08:37.110	Custom indicator guppy_multiple_moving_averages GBPCAD,H1: loaded successfully
2	11:08:37.132	Custom indicator wedges GBPCAD,H1: loaded successfully
2	11:08:37.334	Custom indicator AIMS AO V.2.1 GBPCAD,H1: loaded successfully
2	11:08:37.360	Custom indicator IVT_MACD_ZERO_LAG GBPCAD,H1: loaded successfully
2	11:08:37.383	Custom indicator RSI Divergence Levels GBPCAD,H1: loaded successfully
2	11:08:37.406	Custom indicator JoeChalhoub_FXForecasterV1 GBPCAD,H1: loaded successfully
2	11:08:38.014	Custom indicator AIMS Levels V2 GBPJPY,H1: loaded successfully
2	11:08:38.242	Custom indicator AIMS Entry Alert V1 GBPJPY,H1: loaded successfully
2	11:08:38.261	Custom indicator CandleTimer GBPJPY,H1: loaded successfully
2	11:08:38.492	Custom indicator #Signal_Bars_v6 GBPJPY,H1: loaded successfully
2	11:08:38.517	Custom indicator TrendEnvelopes_v1 GBPJPY,H1: loaded successfully
2	11:08:38.538	Custom indicator guppy_multiple_moving_averages GBPJPY,H1: loaded successfully
2	11:08:38.563	Custom indicator wedges GBPJPY,H1: loaded successfully
2	11:08:38.798	Custom indicator AIMS AO V.2.1 GBPJPY,H1: loaded successfully
2	11:08:38.821	Custom indicator IVT_MACD_ZERO_LAG GBPJPY,H1: loaded successfully
2	11:08:38.850	Custom indicator RSI Divergence Levels GBPJPY,H1: loaded successfully
2	11:08:38.881	Custom indicator JoeChalhoub_FXForecasterV1 GBPJPY,H1: loaded successfully
0	11:08:43.349	'267757': login on SuperForex-Real through Real (ping: 1154.60 ms)
0	11:08:46.430	'267757': investor mode [trades are not allowed]
0	11:20:09.215	Notifications: 'Classical RSI bullish divergence on:  GBPNZD' sent to 'A37163A9'
0	11:22:02.511	Notifications: 'Classical RSI bearish divergence on:  EURUSD' sent to 'A37163A9'
0	11:27:01.849	Notifications: 'Classical RSI bullish divergence on:  GBPNZD' sent to 'A37163A9'
0	11:32:00.754	Notifications: 'Classical RSI bullish divergence on:  GBPNZD' sent to 'A37163A9'
0	11:32:04.042	Notifications: 'Classical RSI bearish divergence on:  AUDCAD' sent to 'A37163A9'
1	11:52:19.547	'267757': ping failed
1	11:52:21.874	'267757': connect failed [Connection échouée]
0	16:56:25.927	'267757': login on SuperForex-Real through Real (ping: n/a)
0	16:56:37.875	'267757': investor mode [trades are not allowed]
1	16:56:39.611	'267757': connect failed [Connection échouée]
0	16:56:44.192	'267757': ping to current access point Real is 227.03 ms
0	16:56:45.589	'267757': login on SuperForex-Real through Real (ping: 227.03 ms)
0	16:56:48.590	'267757': investor mode [trades are not allowed]
2	17:04:06.918	Custom indicator CandleTimer_Am [DAX30],M1: removed
2	17:04:06.918	Custom indicator FX-Agency Advisor 3 [DAX30],M1: removed
2	17:04:06.924	Custom indicator AIMS Levels V2 [DAX30],M1: removed
2	17:04:06.924	Custom indicator AIMS Entry Alert V1 [DAX30],M1: removed
2	17:04:06.929	Custom indicator CandleTimer [DAX30],M1: removed
2	17:04:06.929	Custom indicator #Signal_Bars_v6 [DAX30],M1: removed
2	17:04:06.932	Custom indicator TrendEnvelopes_v1 [DAX30],M1: removed
2	17:04:06.935	Custom indicator guppy_multiple_moving_averages [DAX30],M1: removed
2	17:04:06.938	Custom indicator wedges [DAX30],M1: removed
2	17:04:06.939	Custom indicator AIMS AO V.2.1 [DAX30],M1: removed
2	17:04:06.945	Custom indicator IVT_MACD_ZERO_LAG [DAX30],M1: removed
2	17:04:06.951	Custom indicator RSI Divergence Levels [DAX30],M1: removed
2	17:04:06.955	Custom indicator JoeChalhoub_FXForecasterV1 [DAX30],M1: removed
2	17:04:06.971	Custom indicator CandleTimer_Am [DJI30],M1: removed
2	17:04:06.971	Custom indicator FX-Agency Advisor 3 [DJI30],M1: removed
2	17:04:06.981	Custom indicator AIMS Levels V2 [DJI30],M1: removed
2	17:04:06.981	Custom indicator AIMS Entry Alert V1 [DJI30],M1: removed
2	17:04:06.984	Custom indicator CandleTimer [DJI30],M1: removed
2	17:04:06.984	Custom indicator #Signal_Bars_v6 [DJI30],M1: removed
2	17:04:06.989	Custom indicator TrendEnvelopes_v1 [DJI30],M1: removed
2	17:04:06.992	Custom indicator guppy_multiple_moving_averages [DJI30],M1: removed
2	17:04:06.996	Custom indicator wedges [DJI30],M1: removed
2	17:04:06.996	Custom indicator AIMS AO V.2.1 [DJI30],M1: removed
2	17:04:07.001	Custom indicator IVT_MACD_ZERO_LAG [DJI30],M1: removed
2	17:04:07.007	Custom indicator RSI Divergence Levels [DJI30],M1: removed
2	17:04:07.010	Custom indicator JoeChalhoub_FXForecasterV1 [DJI30],M1: removed
2	17:04:07.018	Custom indicator AIMS Levels V2 [NQ100],M1: removed
2	17:04:07.019	Custom indicator AIMS Entry Alert V1 [NQ100],M1: removed
2	17:04:07.023	Custom indicator CandleTimer [NQ100],M1: removed
2	17:04:07.023	Custom indicator #Signal_Bars_v6 [NQ100],M1: removed
2	17:04:07.027	Custom indicator TrendEnvelopes_v1 [NQ100],M1: removed
2	17:04:07.030	Custom indicator guppy_multiple_moving_averages [NQ100],M1: removed
2	17:04:07.033	Custom indicator wedges [NQ100],M1: removed
2	17:04:07.033	Custom indicator AIMS AO V.2.1 [NQ100],M1: removed
2	17:04:07.036	Custom indicator IVT_MACD_ZERO_LAG [NQ100],M1: removed
2	17:04:07.041	Custom indicator RSI Divergence Levels [NQ100],M1: removed
2	17:04:07.046	Custom indicator JoeChalhoub_FXForecasterV1 [NQ100],M1: removed
2	17:04:07.051	Custom indicator AIMS Levels V2 WTI,M1: removed
2	17:04:07.051	Custom indicator AIMS Entry Alert V1 WTI,M1: removed
2	17:04:07.055	Custom indicator CandleTimer WTI,M1: removed
2	17:04:07.055	Custom indicator #Signal_Bars_v6 WTI,M1: removed
2	17:04:07.060	Custom indicator TrendEnvelopes_v1 WTI,M1: removed
2	17:04:07.060	Custom indicator guppy_multiple_moving_averages WTI,M1: removed
2	17:04:07.067	Custom indicator wedges WTI,M1: removed
2	17:04:07.067	Custom indicator AIMS AO V.2.1 WTI,M1: removed
2	17:04:07.072	Custom indicator IVT_MACD_ZERO_LAG WTI,M1: removed
2	17:04:07.076	Custom indicator RSI Divergence Levels WTI,M1: removed
2	17:04:07.080	Custom indicator JoeChalhoub_FXForecasterV1 WTI,M1: removed
2	17:04:07.089	Custom indicator AIMS Levels V2 SILVER,M1: removed
2	17:04:07.090	Custom indicator AIMS Entry Alert V1 SILVER,M1: removed
2	17:04:07.097	Custom indicator CandleTimer SILVER,M1: removed
2	17:04:07.097	Custom indicator #Signal_Bars_v6 SILVER,M1: removed
2	17:04:07.100	Custom indicator TrendEnvelopes_v1 SILVER,M1: removed
2	17:04:07.111	Custom indicator guppy_multiple_moving_averages SILVER,M1: removed
2	17:04:07.119	Custom indicator wedges SILVER,M1: removed
2	17:04:07.120	Custom indicator AIMS AO V.2.1 SILVER,M1: removed
2	17:04:07.130	Custom indicator IVT_MACD_ZERO_LAG SILVER,M1: removed
2	17:04:07.137	Custom indicator RSI Divergence Levels SILVER,M1: removed
2	17:04:07.147	Custom indicator JoeChalhoub_FXForecasterV1 SILVER,M1: removed
2	17:04:07.159	Custom indicator AIMS Levels V2 [CAC40],M1: removed
2	17:04:07.159	Custom indicator AIMS Entry Alert V1 [CAC40],M1: removed
2	17:04:07.167	Custom indicator CandleTimer [CAC40],M1: removed
2	17:04:07.167	Custom indicator #Signal_Bars_v6 [CAC40],M1: removed
2	17:04:07.179	Custom indicator TrendEnvelopes_v1 [CAC40],M1: removed
2	17:04:07.187	Custom indicator guppy_multiple_moving_averages [CAC40],M1: removed
2	17:04:07.194	Custom indicator wedges [CAC40],M1: removed
2	17:04:07.194	Custom indicator AIMS AO V.2.1 [CAC40],M1: removed
2	17:04:07.197	Custom indicator IVT_MACD_ZERO_LAG [CAC40],M1: removed
2	17:04:07.198	Custom indicator RSI Divergence Levels [CAC40],M1: removed
2	17:04:07.198	Custom indicator JoeChalhoub_FXForecasterV1 [CAC40],M1: removed
2	17:04:07.210	Custom indicator CandleTimer_Am [SP500],M1: removed
2	17:04:07.210	Custom indicator FX-Agency Advisor 3 [SP500],M1: removed
2	17:04:07.216	Expert Admiral - Mini Terminal GOLD,H1: removed
2	17:04:07.545	Custom indicator AIMS Levels V2 GOLD,H1: removed
2	17:04:07.545	Custom indicator AIMS Entry Alert V1 GOLD,H1: removed
2	17:04:07.547	Custom indicator CandleTimer GOLD,H1: removed
2	17:04:07.547	Custom indicator #Signal_Bars_v6 GOLD,H1: removed
2	17:04:07.547	Custom indicator TrendEnvelopes_v1 GOLD,H1: removed
2	17:04:07.556	Custom indicator guppy_multiple_moving_averages GOLD,H1: removed
2	17:04:07.562	Custom indicator wedges GOLD,H1: removed
2	17:04:07.562	Custom indicator AIMS AO V.2.1 GOLD,H1: removed
2	17:04:07.566	Custom indicator IVT_MACD_ZERO_LAG GOLD,H1: removed
2	17:04:07.568	Custom indicator RSI Divergence Levels GOLD,H1: removed
2	17:04:07.573	Custom indicator JoeChalhoub_FXForecasterV1 GOLD,H1: removed
2	17:04:07.578	Custom indicator AIMS Levels V2 EURUSD,M1: removed
2	17:04:07.578	Custom indicator AIMS Entry Alert V1 EURUSD,M1: removed
2	17:04:07.582	Custom indicator CandleTimer EURUSD,M1: removed
2	17:04:07.582	Custom indicator #Signal_Bars_v6 EURUSD,M1: removed
2	17:04:07.585	Custom indicator TrendEnvelopes_v1 EURUSD,M1: removed
2	17:04:07.589	Custom indicator guppy_multiple_moving_averages EURUSD,M1: removed
2	17:04:07.590	Custom indicator wedges EURUSD,M1: removed
2	17:04:07.590	Custom indicator AIMS AO V.2.1 EURUSD,M1: removed
2	17:04:07.598	Custom indicator IVT_MACD_ZERO_LAG EURUSD,M1: removed
2	17:04:07.598	Custom indicator RSI Divergence Levels EURUSD,M1: removed
2	17:04:07.606	Custom indicator JoeChalhoub_FXForecasterV1 EURUSD,M1: removed
2	17:04:07.611	Custom indicator AIMS Levels V2 GBPUSD,M30: removed
2	17:04:07.611	Custom indicator AIMS Entry Alert V1 GBPUSD,M30: removed
2	17:04:07.614	Custom indicator CandleTimer GBPUSD,M30: removed
2	17:04:07.614	Custom indicator #Signal_Bars_v6 GBPUSD,M30: removed
2	17:04:07.617	Custom indicator TrendEnvelopes_v1 GBPUSD,M30: removed
2	17:04:07.621	Custom indicator guppy_multiple_moving_averages GBPUSD,M30: removed
2	17:04:07.621	Custom indicator wedges GBPUSD,M30: removed
2	17:04:07.621	Custom indicator AIMS AO V.2.1 GBPUSD,M30: removed
2	17:04:07.627	Custom indicator IVT_MACD_ZERO_LAG GBPUSD,M30: removed
2	17:04:07.631	Custom indicator RSI Divergence Levels GBPUSD,M30: removed
2	17:04:07.631	Custom indicator JoeChalhoub_FXForecasterV1 GBPUSD,M30: removed
2	17:04:07.637	Expert Admiral - Mini Terminal AUDCAD,H1: removed
2	17:04:07.814	Custom indicator AIMS Levels V2 AUDCAD,H1: removed
2	17:04:07.814	Custom indicator AIMS Entry Alert V1 AUDCAD,H1: removed
2	17:04:07.817	Custom indicator CandleTimer AUDCAD,H1: removed
2	17:04:07.817	Custom indicator #Signal_Bars_v6 AUDCAD,H1: removed
2	17:04:07.818	Custom indicator TrendEnvelopes_v1 AUDCAD,H1: removed
2	17:04:07.822	Custom indicator guppy_multiple_moving_averages AUDCAD,H1: removed
2	17:04:07.825	Custom indicator wedges AUDCAD,H1: removed
2	17:04:07.825	Custom indicator AIMS AO V.2.1 AUDCAD,H1: removed
2	17:04:07.828	Custom indicator IVT_MACD_ZERO_LAG AUDCAD,H1: removed
2	17:04:07.831	Custom indicator RSI Divergence Levels AUDCAD,H1: removed
2	17:04:07.834	Custom indicator JoeChalhoub_FXForecasterV1 AUDCAD,H1: removed
2	17:04:07.837	Custom indicator AIMS Levels V2 GBPCHF,M5: removed
2	17:04:07.838	Custom indicator AIMS Entry Alert V1 GBPCHF,M5: removed
2	17:04:07.842	Custom indicator CandleTimer GBPCHF,M5: removed
2	17:04:07.843	Custom indicator #Signal_Bars_v6 GBPCHF,M5: removed
2	17:04:07.848	Custom indicator TrendEnvelopes_v1 GBPCHF,M5: removed
2	17:04:07.853	Custom indicator guppy_multiple_moving_averages GBPCHF,M5: removed
2	17:04:07.857	Custom indicator wedges GBPCHF,M5: removed
2	17:04:07.857	Custom indicator AIMS AO V.2.1 GBPCHF,M5: removed
2	17:04:07.860	Custom indicator IVT_MACD_ZERO_LAG GBPCHF,M5: removed
2	17:04:07.864	Custom indicator RSI Divergence Levels GBPCHF,M5: removed
2	17:04:07.868	Custom indicator JoeChalhoub_FXForecasterV1 GBPCHF,M5: removed
2	17:04:07.881	Custom indicator AIMS Levels V2 AUDCAD,M1: removed
2	17:04:07.882	Custom indicator AIMS Entry Alert V1 AUDCAD,M1: removed
2	17:04:07.885	Custom indicator CandleTimer AUDCAD,M1: removed
2	17:04:07.886	Custom indicator #Signal_Bars_v6 AUDCAD,M1: removed
2	17:04:07.891	Custom indicator TrendEnvelopes_v1 AUDCAD,M1: removed
2	17:04:07.895	Custom indicator guppy_multiple_moving_averages AUDCAD,M1: removed
2	17:04:07.899	Custom indicator wedges AUDCAD,M1: removed
2	17:04:07.899	Custom indicator AIMS AO V.2.1 AUDCAD,M1: removed
2	17:04:07.902	Custom indicator IVT_MACD_ZERO_LAG AUDCAD,M1: removed
2	17:04:07.907	Custom indicator RSI Divergence Levels AUDCAD,M1: removed
2	17:04:07.913	Custom indicator JoeChalhoub_FXForecasterV1 AUDCAD,M1: removed
2	17:04:07.943	Custom indicator AIMS Levels V2 GBPNZD,M1: removed
2	17:04:07.944	Custom indicator AIMS Entry Alert V1 GBPNZD,M1: removed
2	17:04:07.949	Custom indicator CandleTimer GBPNZD,M1: removed
2	17:04:07.949	Custom indicator #Signal_Bars_v6 GBPNZD,M1: removed
2	17:04:07.951	Custom indicator TrendEnvelopes_v1 GBPNZD,M1: removed
2	17:04:07.958	Custom indicator guppy_multiple_moving_averages GBPNZD,M1: removed
2	17:04:07.964	Custom indicator wedges GBPNZD,M1: removed
2	17:04:07.965	Custom indicator AIMS AO V.2.1 GBPNZD,M1: removed
2	17:04:07.967	Custom indicator IVT_MACD_ZERO_LAG GBPNZD,M1: removed
2	17:04:07.972	Custom indicator RSI Divergence Levels GBPNZD,M1: removed
2	17:04:07.979	Custom indicator JoeChalhoub_FXForecasterV1 GBPNZD,M1: removed
2	17:04:07.990	Custom indicator CandleTimer_Am [NQ100],M1: removed
2	17:04:07.990	Custom indicator FX-Agency Advisor 3 [NQ100],M1: removed
2	17:04:08.012	Custom indicator AIMS Levels V2 NZDUSD,H1: removed
2	17:04:08.012	Custom indicator AIMS Entry Alert V1 NZDUSD,H1: removed
2	17:04:08.015	Custom indicator CandleTimer NZDUSD,H1: removed
2	17:04:08.016	Custom indicator #Signal_Bars_v6 NZDUSD,H1: removed
2	17:04:08.018	Custom indicator TrendEnvelopes_v1 NZDUSD,H1: removed
2	17:04:08.021	Custom indicator guppy_multiple_moving_averages NZDUSD,H1: removed
2	17:04:08.026	Custom indicator wedges NZDUSD,H1: removed
2	17:04:08.026	Custom indicator AIMS AO V.2.1 NZDUSD,H1: removed
2	17:04:08.029	Custom indicator IVT_MACD_ZERO_LAG NZDUSD,H1: removed
2	17:04:08.031	Custom indicator RSI Divergence Levels NZDUSD,H1: removed
2	17:04:08.035	Custom indicator JoeChalhoub_FXForecasterV1 NZDUSD,H1: removed
2	17:04:08.042	Custom indicator AIMS Levels V2 GBPUSD,H1: removed
2	17:04:08.043	Custom indicator AIMS Entry Alert V1 GBPUSD,H1: removed
2	17:04:08.047	Custom indicator CandleTimer GBPUSD,H1: removed
2	17:04:08.047	Custom indicator #Signal_Bars_v6 GBPUSD,H1: removed
2	17:04:08.050	Custom indicator TrendEnvelopes_v1 GBPUSD,H1: removed
2	17:04:08.052	Custom indicator guppy_multiple_moving_averages GBPUSD,H1: removed
2	17:04:08.057	Custom indicator wedges GBPUSD,H1: removed
2	17:04:08.057	Custom indicator AIMS AO V.2.1 GBPUSD,H1: removed
2	17:04:08.060	Custom indicator IVT_MACD_ZERO_LAG GBPUSD,H1: removed
2	17:04:08.063	Custom indicator RSI Divergence Levels GBPUSD,H1: removed
2	17:04:08.066	Custom indicator JoeChalhoub_FXForecasterV1 GBPUSD,H1: removed
2	17:04:08.073	Custom indicator AIMS Levels V2 EURAUD,H1: removed
2	17:04:08.073	Custom indicator AIMS Entry Alert V1 EURAUD,H1: removed
2	17:04:08.077	Custom indicator CandleTimer EURAUD,H1: removed
2	17:04:08.078	Custom indicator #Signal_Bars_v6 EURAUD,H1: removed
2	17:04:08.080	Custom indicator TrendEnvelopes_v1 EURAUD,H1: removed
2	17:04:08.082	Custom indicator guppy_multiple_moving_averages EURAUD,H1: removed
2	17:04:08.085	Custom indicator wedges EURAUD,H1: removed
2	17:04:08.086	Custom indicator AIMS AO V.2.1 EURAUD,H1: removed
2	17:04:08.088	Custom indicator IVT_MACD_ZERO_LAG EURAUD,H1: removed
2	17:04:08.092	Custom indicator RSI Divergence Levels EURAUD,H1: removed
2	17:04:08.095	Custom indicator JoeChalhoub_FXForecasterV1 EURAUD,H1: removed
2	17:04:08.099	Custom indicator AIMS Levels V2 EURGBP,H1: removed
2	17:04:08.099	Custom indicator AIMS Entry Alert V1 EURGBP,H1: removed
2	17:04:08.102	Custom indicator CandleTimer EURGBP,H1: removed
2	17:04:08.102	Custom indicator #Signal_Bars_v6 EURGBP,H1: removed
2	17:04:08.106	Custom indicator TrendEnvelopes_v1 EURGBP,H1: removed
2	17:04:08.113	Custom indicator guppy_multiple_moving_averages EURGBP,H1: removed
2	17:04:08.119	Custom indicator wedges EURGBP,H1: removed
2	17:04:08.120	Custom indicator AIMS AO V.2.1 EURGBP,H1: removed
2	17:04:08.127	Custom indicator IVT_MACD_ZERO_LAG EURGBP,H1: removed
2	17:04:08.134	Custom indicator RSI Divergence Levels EURGBP,H1: removed
2	17:04:08.142	Custom indicator JoeChalhoub_FXForecasterV1 EURGBP,H1: removed
2	17:04:08.155	Custom indicator AIMS Levels V2 GBPCAD,H1: removed
2	17:04:08.155	Custom indicator AIMS Entry Alert V1 GBPCAD,H1: removed
2	17:04:08.165	Custom indicator CandleTimer GBPCAD,H1: removed
2	17:04:08.166	Custom indicator #Signal_Bars_v6 GBPCAD,H1: removed
2	17:04:08.179	Custom indicator TrendEnvelopes_v1 GBPCAD,H1: removed
2	17:04:08.190	Custom indicator guppy_multiple_moving_averages GBPCAD,H1: removed
2	17:04:08.198	Custom indicator wedges GBPCAD,H1: removed
2	17:04:08.198	Custom indicator AIMS AO V.2.1 GBPCAD,H1: removed
2	17:04:08.208	Custom indicator IVT_MACD_ZERO_LAG GBPCAD,H1: removed
2	17:04:08.215	Custom indicator RSI Divergence Levels GBPCAD,H1: removed
2	17:04:08.223	Custom indicator JoeChalhoub_FXForecasterV1 GBPCAD,H1: removed
2	17:04:08.233	Custom indicator AIMS Levels V2 GBPJPY,H1: removed
2	17:04:08.233	Custom indicator AIMS Entry Alert V1 GBPJPY,H1: removed
2	17:04:08.243	Custom indicator CandleTimer GBPJPY,H1: removed
2	17:04:08.243	Custom indicator #Signal_Bars_v6 GBPJPY,H1: removed
2	17:04:08.252	Custom indicator TrendEnvelopes_v1 GBPJPY,H1: removed
2	17:04:08.260	Custom indicator guppy_multiple_moving_averages GBPJPY,H1: removed
2	17:04:08.267	Custom indicator wedges GBPJPY,H1: removed
2	17:04:08.267	Custom indicator AIMS AO V.2.1 GBPJPY,H1: removed
2	17:04:08.341	Custom indicator IVT_MACD_ZERO_LAG GBPJPY,H1: removed
2	17:04:08.349	Custom indicator RSI Divergence Levels GBPJPY,H1: removed
2	17:04:08.359	Custom indicator JoeChalhoub_FXForecasterV1 GBPJPY,H1: removed
0	17:04:09.782	Admiral Markets build 1280 stopped
