0	10:52:20.891	Admiral Markets build 1320 started (Admiral Markets Group AS)
0	10:52:20.891	Windows 10 Pro x64, IE 11, UAC, 8 x Intel Core i7-10510U  @ 1.80GHz, Memory: 579 / 8014 Mb, Disk: 11 / 237 Gb, GMT+3
0	10:52:20.891	Data Folder: C:\Users\SRIE\AppData\Roaming\MetaQuotes\Terminal\51337600F56B69473E15EAFB8A7586B4
2	10:52:31.657	Custom indicator AIMS Levels V2 CHFJPY,H1: loaded successfully
2	10:52:31.728	Custom indicator AIMS Entry Alert V1 CHFJPY,H1: loaded successfully
2	10:52:31.735	Custom indicator CandleTimer CHFJPY,H1: loaded successfully
2	10:52:31.805	Custom indicator #Signal_Bars_v6 CHFJPY,H1: loaded successfully
2	10:52:31.812	Custom indicator TrendEnvelopes_v1 CHFJPY,H1: loaded successfully
2	10:52:31.819	Custom indicator guppy_multiple_moving_averages CHFJPY,H1: loaded successfully
2	10:52:31.827	Custom indicator wedges CHFJPY,H1: loaded successfully
2	10:52:31.834	Custom indicator Admiral Pivot CHFJPY,H1: loaded successfully
2	10:52:31.841	Custom indicator AutoTrendChannel CHFJPY,H1: loaded successfully
2	10:52:31.851	Custom indicator FRZ Channel Auto Plotter CHFJPY,H1: loaded successfully
2	10:52:31.860	Custom indicator FRZ News Indicator MT4 CHFJPY,H1: loaded successfully
2	10:52:31.867	Custom indicator Forex Uranus direction CHFJPY,H1: loaded successfully
2	10:52:31.875	Custom indicator Quadrilateral CHFJPY,H1: loaded successfully
2	10:52:31.942	Custom indicator AIMS AO V.2.1 CHFJPY,H1: loaded successfully
2	10:52:31.950	Custom indicator IVT_MACD_ZERO_LAG CHFJPY,H1: loaded successfully
2	10:52:31.977	Custom indicator RSI Divergence Levels CHFJPY,H1: loaded successfully
2	10:52:31.984	Custom indicator FRZ Forex Market Session Indicator CHFJPY,H1: loaded successfully
0	10:52:34.718	'2100259053': login on FTMO-Demo through DC2 (ping: 279.65 ms)
0	10:52:35.088	LiveUpdate: new version 4.00 build 1330 is available
0	10:52:38.112	'2100259053': login datacenter on FTMO-Demo through DC2 (ping: 279.65 ms)
0	10:52:39.134	'2100259053': previous successful authorization performed from 197.149.50.189
0	10:53:05.007	'2100259053': ping to current access point DC2 is 374.01 ms
0	10:54:56.766	'888352614': login on Tickmill02-Live through Live DC - London 7 (ping: 209.28 ms)
0	10:55:10.879	'888352614': login datacenter on Tickmill02-Live through Live DC - London 7 (ping: 209.28 ms)
2	10:56:08.550	Custom indicator AIMS Levels V2 CHFJPY,H1: removed
2	10:56:08.550	Custom indicator AIMS Entry Alert V1 CHFJPY,H1: removed
2	10:56:08.552	Custom indicator CandleTimer CHFJPY,H1: removed
2	10:56:08.552	Custom indicator #Signal_Bars_v6 CHFJPY,H1: removed
2	10:56:08.553	Custom indicator TrendEnvelopes_v1 CHFJPY,H1: removed
2	10:56:08.554	Custom indicator guppy_multiple_moving_averages CHFJPY,H1: removed
2	10:56:08.556	Custom indicator wedges CHFJPY,H1: removed
2	10:56:08.557	Custom indicator Admiral Pivot CHFJPY,H1: removed
2	10:56:08.559	Custom indicator AutoTrendChannel CHFJPY,H1: removed
2	10:56:08.560	Custom indicator FRZ Channel Auto Plotter CHFJPY,H1: removed
2	10:56:08.561	Custom indicator FRZ News Indicator MT4 CHFJPY,H1: removed
2	10:56:08.562	Custom indicator Forex Uranus direction CHFJPY,H1: removed
2	10:56:08.563	Custom indicator Quadrilateral CHFJPY,H1: removed
2	10:56:08.563	Custom indicator AIMS AO V.2.1 CHFJPY,H1: removed
2	10:56:08.564	Custom indicator IVT_MACD_ZERO_LAG CHFJPY,H1: removed
2	10:56:08.565	Custom indicator RSI Divergence Levels CHFJPY,H1: removed
2	10:56:08.566	Custom indicator FRZ Forex Market Session Indicator CHFJPY,H1: removed
2	10:57:50.163	Custom indicator AIMS Levels V2 US30,H1: loaded successfully
2	10:57:50.264	Custom indicator AIMS Entry Alert V1 US30,H1: loaded successfully
2	10:57:50.271	Custom indicator CandleTimer US30,H1: loaded successfully
2	10:57:50.347	Custom indicator #Signal_Bars_v6 US30,H1: loaded successfully
2	10:57:50.355	Custom indicator TrendEnvelopes_v1 US30,H1: loaded successfully
2	10:57:50.364	Custom indicator guppy_multiple_moving_averages US30,H1: loaded successfully
2	10:57:50.372	Custom indicator wedges US30,H1: loaded successfully
2	10:57:50.381	Custom indicator Admiral Pivot US30,H1: loaded successfully
2	10:57:50.389	Custom indicator AutoTrendChannel US30,H1: loaded successfully
2	10:57:50.397	Custom indicator FRZ Channel Auto Plotter US30,H1: loaded successfully
2	10:57:50.407	Custom indicator FRZ News Indicator MT4 US30,H1: loaded successfully
2	10:57:50.415	Custom indicator Forex Uranus direction US30,H1: loaded successfully
2	10:57:50.426	Custom indicator Quadrilateral US30,H1: loaded successfully
2	10:57:50.499	Custom indicator AIMS AO V.2.1 US30,H1: loaded successfully
2	10:57:50.509	Custom indicator IVT_MACD_ZERO_LAG US30,H1: loaded successfully
2	10:57:50.518	Custom indicator RSI Divergence Levels US30,H1: loaded successfully
2	10:57:50.526	Custom indicator FRZ Forex Market Session Indicator US30,H1: loaded successfully
0	10:59:14.741	'888352614': auto connecting to a better access point Live DC - South Africa 1 (ping is 229.14 ms)
0	10:59:16.323	'888352614': login on Tickmill02-Live through Live DC - South Africa 1 (ping: 229.14 ms)
0	10:59:19.859	'888352614': login datacenter on Tickmill02-Live through Live DC - South Africa 1 (ping: 229.14 ms)
0	10:59:20.579	'888352614': previous successful authorization performed from 154.126.98.14
0	11:03:29.179	'888352614': one click trading has been enabled
0	11:03:31.732	'888352614': order sell market 0.50 US30 sl: 0.00 tp: 0.00
1	11:03:32.108	'888352614': order sell 0.50 US30 opening at market sl: 0.00 tp: 0.00 failed [Not enough money]
0	11:03:40.376	'888352614': order sell market 0.30 US30 sl: 0.00 tp: 0.00
1	11:03:40.984	'888352614': order sell 0.30 US30 opening at market sl: 0.00 tp: 0.00 failed [Not enough money]
0	11:03:45.935	'888352614': order sell market 0.20 US30 sl: 0.00 tp: 0.00
1	11:03:46.263	'888352614': order sell 0.20 US30 opening at market sl: 0.00 tp: 0.00 failed [Not enough money]
0	11:03:51.739	'888352614': order sell market 0.20 US30 sl: 0.00 tp: 0.00
1	11:03:52.560	'888352614': order sell 0.20 US30 opening at market sl: 0.00 tp: 0.00 failed [Not enough money]
0	11:03:56.822	'888352614': order sell market 0.10 US30 sl: 0.00 tp: 0.00
1	11:03:57.154	'888352614': order sell 0.10 US30 opening at market sl: 0.00 tp: 0.00 failed [Not enough money]
0	11:04:05.094	'888352614': order sell market 0.07 US30 sl: 0.00 tp: 0.00
0	11:04:05.671	'888352614': order was opened : #15140665 sell 0.07 US30 at 32447.40 sl: 0.00 tp: 0.00
0	11:04:11.479	'888352614': order sell market 0.07 US30 sl: 0.00 tp: 0.00
1	11:04:11.809	'888352614': order sell 0.07 US30 opening at market sl: 0.00 tp: 0.00 failed [Not enough money]
0	11:04:18.582	'888352614': order sell market 0.05 US30 sl: 0.00 tp: 0.00
1	11:04:19.309	'888352614': order sell 0.05 US30 opening at market sl: 0.00 tp: 0.00 failed [Not enough money]
0	11:04:24.394	'888352614': order sell market 0.04 US30 sl: 0.00 tp: 0.00
1	11:04:24.735	'888352614': order sell 0.04 US30 opening at market sl: 0.00 tp: 0.00 failed [Not enough money]
0	11:04:29.401	'888352614': order sell market 0.03 US30 sl: 0.00 tp: 0.00
1	11:04:29.763	'888352614': order sell 0.03 US30 opening at market sl: 0.00 tp: 0.00 failed [Not enough money]
0	11:04:34.713	'888352614': order sell market 0.02 US30 sl: 0.00 tp: 0.00
0	11:04:35.334	'888352614': order was opened : #15140671 sell 0.02 US30 at 32445.90 sl: 0.00 tp: 0.00
2	11:05:13.780	Custom indicator AIMS Levels V2 USTEC,H1: loaded successfully
2	11:05:13.852	Custom indicator AIMS Entry Alert V1 USTEC,H1: loaded successfully
2	11:05:13.859	Custom indicator CandleTimer USTEC,H1: loaded successfully
2	11:05:13.930	Custom indicator #Signal_Bars_v6 USTEC,H1: loaded successfully
2	11:05:13.939	Custom indicator TrendEnvelopes_v1 USTEC,H1: loaded successfully
2	11:05:13.946	Custom indicator guppy_multiple_moving_averages USTEC,H1: loaded successfully
2	11:05:13.955	Custom indicator wedges USTEC,H1: loaded successfully
2	11:05:13.964	Custom indicator Admiral Pivot USTEC,H1: loaded successfully
2	11:05:13.972	Custom indicator AutoTrendChannel USTEC,H1: loaded successfully
2	11:05:13.981	Custom indicator FRZ Channel Auto Plotter USTEC,H1: loaded successfully
2	11:05:13.990	Custom indicator FRZ News Indicator MT4 USTEC,H1: loaded successfully
2	11:05:13.999	Custom indicator Forex Uranus direction USTEC,H1: loaded successfully
2	11:05:14.007	Custom indicator Quadrilateral USTEC,H1: loaded successfully
2	11:05:14.079	Custom indicator AIMS AO V.2.1 USTEC,H1: loaded successfully
2	11:05:14.087	Custom indicator IVT_MACD_ZERO_LAG USTEC,H1: loaded successfully
2	11:05:14.096	Custom indicator RSI Divergence Levels USTEC,H1: loaded successfully
2	11:05:14.105	Custom indicator FRZ Forex Market Session Indicator USTEC,H1: loaded successfully
0	11:07:04.857	'888352614': order sell market 1.00 USTEC sl: 0.00 tp: 0.00
1	11:07:05.182	'888352614': order sell 1.00 USTEC opening at market sl: 0.00 tp: 0.00 failed [Not enough money]
0	11:07:14.206	'888352614': order sell market 0.50 USTEC sl: 0.00 tp: 0.00
1	11:07:14.522	'888352614': order sell 0.50 USTEC opening at market sl: 0.00 tp: 0.00 failed [Not enough money]
0	11:07:20.063	'888352614': order sell market 0.40 USTEC sl: 0.00 tp: 0.00
1	11:07:20.413	'888352614': order sell 0.40 USTEC opening at market sl: 0.00 tp: 0.00 failed [Not enough money]
0	11:07:24.894	'888352614': order sell market 0.30 USTEC sl: 0.00 tp: 0.00
1	11:07:25.227	'888352614': order sell 0.30 USTEC opening at market sl: 0.00 tp: 0.00 failed [Not enough money]
0	11:07:29.320	'888352614': order sell market 0.20 USTEC sl: 0.00 tp: 0.00
1	11:07:29.664	'888352614': order sell 0.20 USTEC opening at market sl: 0.00 tp: 0.00 failed [Not enough money]
0	11:07:34.119	'888352614': order sell market 0.10 USTEC sl: 0.00 tp: 0.00
1	11:07:34.476	'888352614': order sell 0.10 USTEC opening at market sl: 0.00 tp: 0.00 failed [Not enough money]
0	11:07:38.627	'888352614': order sell market 0.05 USTEC sl: 0.00 tp: 0.00
1	11:07:38.991	'888352614': order sell 0.05 USTEC opening at market sl: 0.00 tp: 0.00 failed [Not enough money]
2	11:07:49.346	Custom indicator AIMS Levels V2 US30,M5: loaded successfully
2	11:07:49.421	Custom indicator AIMS Entry Alert V1 US30,M5: loaded successfully
2	11:07:49.426	Custom indicator CandleTimer US30,M5: loaded successfully
2	11:07:49.498	Custom indicator #Signal_Bars_v6 US30,M5: loaded successfully
2	11:07:49.506	Custom indicator TrendEnvelopes_v1 US30,M5: loaded successfully
2	11:07:49.512	Custom indicator guppy_multiple_moving_averages US30,M5: loaded successfully
2	11:07:49.519	Custom indicator wedges US30,M5: loaded successfully
2	11:07:49.527	Custom indicator Admiral Pivot US30,M5: loaded successfully
2	11:07:49.535	Custom indicator AutoTrendChannel US30,M5: loaded successfully
2	11:07:49.542	Custom indicator FRZ Channel Auto Plotter US30,M5: loaded successfully
2	11:07:49.550	Custom indicator FRZ News Indicator MT4 US30,M5: loaded successfully
2	11:07:49.557	Custom indicator Forex Uranus direction US30,M5: loaded successfully
2	11:07:49.565	Custom indicator Quadrilateral US30,M5: loaded successfully
2	11:07:49.636	Custom indicator AIMS AO V.2.1 US30,M5: loaded successfully
2	11:07:49.644	Custom indicator IVT_MACD_ZERO_LAG US30,M5: loaded successfully
2	11:07:49.651	Custom indicator RSI Divergence Levels US30,M5: loaded successfully
2	11:07:49.659	Custom indicator FRZ Forex Market Session Indicator US30,M5: loaded successfully
0	11:14:35.204	'888352614': close order #15140671 sell 0.02 US30 at 32445.90 sl: 0.00 tp: 0.00 at price 0.00
0	11:14:35.777	'888352614': order #15140671 sell 0.02 US30 at 32445.90 sl: 0.00 tp: 0.00 closed at price 32507.55
0	11:14:41.567	'888352614': close order #15140665 sell 0.07 US30 at 32447.40 sl: 0.00 tp: 0.00 at price 0.00
0	11:14:42.136	'888352614': order #15140665 sell 0.07 US30 at 32447.40 sl: 0.00 tp: 0.00 closed at price 32504.56
2	11:15:24.024	Custom indicator AIMS Levels V2 XAUUSD,H1: loaded successfully
2	11:15:24.097	Custom indicator AIMS Entry Alert V1 XAUUSD,H1: loaded successfully
2	11:15:24.103	Custom indicator CandleTimer XAUUSD,H1: loaded successfully
2	11:15:24.171	Custom indicator #Signal_Bars_v6 XAUUSD,H1: loaded successfully
2	11:15:24.178	Custom indicator TrendEnvelopes_v1 XAUUSD,H1: loaded successfully
2	11:15:24.185	Custom indicator guppy_multiple_moving_averages XAUUSD,H1: loaded successfully
2	11:15:24.193	Custom indicator wedges XAUUSD,H1: loaded successfully
2	11:15:24.200	Custom indicator Admiral Pivot XAUUSD,H1: loaded successfully
2	11:15:24.208	Custom indicator AutoTrendChannel XAUUSD,H1: loaded successfully
2	11:15:24.214	Custom indicator FRZ Channel Auto Plotter XAUUSD,H1: loaded successfully
2	11:15:24.223	Custom indicator FRZ News Indicator MT4 XAUUSD,H1: loaded successfully
2	11:15:24.231	Custom indicator Forex Uranus direction XAUUSD,H1: loaded successfully
2	11:15:24.237	Custom indicator Quadrilateral XAUUSD,H1: loaded successfully
2	11:15:24.310	Custom indicator AIMS AO V.2.1 XAUUSD,H1: loaded successfully
2	11:15:24.317	Custom indicator IVT_MACD_ZERO_LAG XAUUSD,H1: loaded successfully
2	11:15:24.326	Custom indicator RSI Divergence Levels XAUUSD,H1: loaded successfully
2	11:15:24.334	Custom indicator FRZ Forex Market Session Indicator XAUUSD,H1: loaded successfully
0	11:16:19.356	'888352614': order buy market 0.05 XAUUSD sl: 0.00 tp: 0.00
0	11:16:19.957	'888352614': order was opened : #15140806 buy 0.05 XAUUSD at 1731.07 sl: 0.00 tp: 0.00
0	11:16:28.609	'888352614': modify order #15140806 buy 0.05 XAUUSD at 1731.07 sl: 0.00 tp: 0.00 -> sl: 1726.65 tp: 0.00
0	11:16:28.966	'888352614': order #15140806 buy 0.05 XAUUSD at 1731.07 was modified -> sl: 1726.65 tp: 0.00
0	11:16:51.428	'888352614': modify order #15140806 buy 0.05 XAUUSD at 1731.07 sl: 1726.65 tp: 0.00 -> sl: 1729.00 tp: 0.00
0	11:16:51.860	'888352614': order #15140806 buy 0.05 XAUUSD at 1731.07 was modified -> sl: 1729.00 tp: 0.00
0	11:22:22.154	'888352614': modify order #15140806 buy 0.05 XAUUSD at 1731.07 sl: 1729.00 tp: 0.00 -> sl: 1729.00 tp: 1746.65
0	11:22:22.498	'888352614': order #15140806 buy 0.05 XAUUSD at 1731.07 was modified -> sl: 1729.00 tp: 1746.65
0	11:26:42.305	'888352614': order #15140806 buy 0.05 XAUUSD at 1731.07 closed due stop-loss at price 1729.00
2	11:29:28.596	Custom indicator AIMS Levels V2 DE30,H1: loaded successfully
2	11:29:28.670	Custom indicator AIMS Entry Alert V1 DE30,H1: loaded successfully
2	11:29:28.677	Custom indicator CandleTimer DE30,H1: loaded successfully
2	11:29:28.749	Custom indicator #Signal_Bars_v6 DE30,H1: loaded successfully
2	11:29:28.756	Custom indicator TrendEnvelopes_v1 DE30,H1: loaded successfully
2	11:29:28.764	Custom indicator guppy_multiple_moving_averages DE30,H1: loaded successfully
2	11:29:28.772	Custom indicator wedges DE30,H1: loaded successfully
2	11:29:28.780	Custom indicator Admiral Pivot DE30,H1: loaded successfully
2	11:29:28.787	Custom indicator AutoTrendChannel DE30,H1: loaded successfully
2	11:29:28.794	Custom indicator FRZ Channel Auto Plotter DE30,H1: loaded successfully
2	11:29:28.803	Custom indicator FRZ News Indicator MT4 DE30,H1: loaded successfully
2	11:29:28.812	Custom indicator Forex Uranus direction DE30,H1: loaded successfully
2	11:29:28.820	Custom indicator Quadrilateral DE30,H1: loaded successfully
2	11:29:28.889	Custom indicator AIMS AO V.2.1 DE30,H1: loaded successfully
2	11:29:28.897	Custom indicator IVT_MACD_ZERO_LAG DE30,H1: loaded successfully
2	11:29:28.905	Custom indicator RSI Divergence Levels DE30,H1: loaded successfully
2	11:29:28.913	Custom indicator FRZ Forex Market Session Indicator DE30,H1: loaded successfully
2	11:29:38.618	Custom indicator AIMS Levels V2 DE30,H1: loaded successfully
2	11:29:38.689	Custom indicator AIMS Entry Alert V1 DE30,H1: loaded successfully
2	11:29:38.695	Custom indicator CandleTimer DE30,H1: loaded successfully
2	11:29:38.767	Custom indicator #Signal_Bars_v6 DE30,H1: loaded successfully
2	11:29:38.774	Custom indicator TrendEnvelopes_v1 DE30,H1: loaded successfully
2	11:29:38.781	Custom indicator guppy_multiple_moving_averages DE30,H1: loaded successfully
2	11:29:38.789	Custom indicator wedges DE30,H1: loaded successfully
2	11:29:38.795	Custom indicator Admiral Pivot DE30,H1: loaded successfully
2	11:29:38.802	Custom indicator AutoTrendChannel DE30,H1: loaded successfully
2	11:29:38.810	Custom indicator FRZ Channel Auto Plotter DE30,H1: loaded successfully
2	11:29:38.819	Custom indicator FRZ News Indicator MT4 DE30,H1: loaded successfully
2	11:29:38.826	Custom indicator Forex Uranus direction DE30,H1: loaded successfully
2	11:29:38.833	Custom indicator Quadrilateral DE30,H1: loaded successfully
2	11:29:38.915	Custom indicator AIMS AO V.2.1 DE30,H1: loaded successfully
2	11:29:38.935	Custom indicator IVT_MACD_ZERO_LAG DE30,H1: loaded successfully
2	11:29:38.943	Custom indicator RSI Divergence Levels DE30,H1: loaded successfully
2	11:29:38.951	Custom indicator FRZ Forex Market Session Indicator DE30,H1: loaded successfully
0	11:35:19.102	'888352614': order buy market 0.05 XAUUSD sl: 0.00 tp: 0.00
1	11:35:19.447	'888352614': order buy 0.05 XAUUSD opening at market sl: 0.00 tp: 0.00 failed [Not enough money]
0	11:35:26.153	'888352614': order buy market 0.03 XAUUSD sl: 0.00 tp: 0.00
0	11:35:27.024	'888352614': order was opened : #15141088 buy 0.03 XAUUSD at 1730.51 sl: 0.00 tp: 0.00
0	11:35:35.388	'888352614': modify order #15141088 buy 0.03 XAUUSD at 1730.51 sl: 0.00 tp: 0.00 -> sl: 1726.65 tp: 0.00
0	11:35:35.757	'888352614': order #15141088 buy 0.03 XAUUSD at 1730.51 was modified -> sl: 1726.65 tp: 0.00
0	13:19:46.644	'888352614': login on Tickmill02-Live through Live DC - Poland 1 (ping: 285.45 ms)
0	13:19:59.075	'888352614': login datacenter on Tickmill02-Live through Live DC - Poland 1 (ping: 285.45 ms)
0	13:20:08.905	'888352614': previous successful authorization performed from 154.126.98.14
0	13:23:08.671	'888352614': auto connecting to a better access point Live DC - London 7 (ping is 212.18 ms)
0	13:23:09.492	'888352614': login on Tickmill02-Live through Live DC - London 7 (ping: 212.18 ms)
0	13:23:12.788	'888352614': login datacenter on Tickmill02-Live through Live DC - London 7 (ping: 212.18 ms)
0	13:23:13.383	'888352614': previous successful authorization performed from 154.126.98.14
0	15:54:02.569	'888352614': login datacenter on Tickmill02-Live
0	15:54:06.169	'888352614': login on Tickmill02-Live through Live DC - London 2 (ping: 217.51 ms)
0	15:54:11.916	'888352614': login datacenter on Tickmill02-Live through Live DC - London 2 (ping: 217.51 ms)
0	15:54:13.605	'888352614': previous successful authorization performed from 154.126.98.14
0	15:57:17.161	'888352614': auto connecting to a better access point Live DC - London 4 (ping is 225.25 ms)
0	15:57:28.681	'888352614': login on Tickmill02-Live through Live DC - London 4 (ping: 225.25 ms)
0	15:57:32.629	'888352614': login datacenter on Tickmill02-Live through Live DC - London 4 (ping: 225.25 ms)
0	15:57:33.493	'888352614': previous successful authorization performed from 154.126.98.14
0	16:10:43.654	'888352614': order buy market 0.03 XAUUSD sl: 0.00 tp: 0.00
0	16:10:44.195	'888352614': order was opened : #15144930 buy 0.03 XAUUSD at 1733.19 sl: 0.00 tp: 0.00
0	17:30:08.076	'888352614': close order #15141088 buy 0.03 XAUUSD at 1730.51 sl: 1726.65 tp: 0.00 at price 0.00
0	17:30:09.397	'888352614': order #15141088 buy 0.03 XAUUSD at 1730.51 sl: 1726.65 tp: 0.00 closed at price 1736.15
0	17:35:09.883	'888352614': order buy market 0.05 XAUUSD sl: 0.00 tp: 0.00
0	17:35:10.602	'888352614': order was opened : #15146731 buy 0.05 XAUUSD at 1736.40 sl: 0.00 tp: 0.00
2	17:35:41.174	Custom indicator AIMS Levels V2 BRENT,H1: loaded successfully
2	17:35:41.330	Custom indicator AIMS Entry Alert V1 BRENT,H1: loaded successfully
2	17:35:41.386	Custom indicator CandleTimer BRENT,H1: loaded successfully
2	17:35:41.489	Custom indicator #Signal_Bars_v6 BRENT,H1: loaded successfully
2	17:35:41.846	Custom indicator TrendEnvelopes_v1 BRENT,H1: loaded successfully
2	17:35:41.949	Custom indicator guppy_multiple_moving_averages BRENT,H1: loaded successfully
2	17:35:42.026	Custom indicator wedges BRENT,H1: loaded successfully
2	17:35:42.149	Custom indicator Admiral Pivot BRENT,H1: loaded successfully
2	17:35:42.285	Custom indicator AutoTrendChannel BRENT,H1: loaded successfully
2	17:35:42.440	Custom indicator FRZ Channel Auto Plotter BRENT,H1: loaded successfully
2	17:35:42.680	Custom indicator FRZ News Indicator MT4 BRENT,H1: loaded successfully
2	17:35:42.799	Custom indicator Forex Uranus direction BRENT,H1: loaded successfully
2	17:35:42.845	Custom indicator Quadrilateral BRENT,H1: loaded successfully
2	17:35:42.940	Custom indicator AIMS AO V.2.1 BRENT,H1: loaded successfully
2	17:35:42.953	Custom indicator IVT_MACD_ZERO_LAG BRENT,H1: loaded successfully
2	17:35:43.016	Custom indicator RSI Divergence Levels BRENT,H1: loaded successfully
2	17:35:43.024	Custom indicator FRZ Forex Market Session Indicator BRENT,H1: loaded successfully
0	17:36:10.987	'888352614': order buy market 1.00 BRENT sl: 0.00 tp: 0.00
0	17:36:11.600	'888352614': order was opened : #15146737 buy 1.00 BRENT at 65.01 sl: 0.00 tp: 0.00
0	17:52:57.135	'888352614': close order #15146731 buy 0.05 XAUUSD at 1736.40 sl: 0.00 tp: 0.00 at price 0.00
0	17:53:01.371	'888352614': order #15146731 buy 0.05 XAUUSD at 1736.40 sl: 0.00 tp: 0.00 closed at price 1737.67
0	17:57:11.494	'888352614': order sell market 0.08 US30 sl: 0.00 tp: 0.00
0	17:57:13.117	'888352614': order was opened : #15147086 sell 0.08 US30 at 32676.36 sl: 0.00 tp: 0.00
0	18:15:33.116	'888352614': modify order #15147086 sell 0.08 US30 at 32676.36 sl: 0.00 tp: 0.00 -> sl: 0.00 tp: 32465.00
0	18:15:39.462	'888352614': order #15147086 sell 0.08 US30 at 32676.36 was modified -> sl: 0.00 tp: 32465.00
0	18:30:26.778	Admiral Markets build 1320 started (Admiral Markets Group AS)
0	18:30:26.779	Windows 10 Pro x64, IE 11, UAC, 8 x Intel Core i7-10510U  @ 1.80GHz, Memory: 2076 / 8014 Mb, Disk: 10 / 237 Gb, GMT+3
0	18:30:26.779	Data Folder: C:\Users\SRIE\AppData\Roaming\MetaQuotes\Terminal\51337600F56B69473E15EAFB8A7586B4
2	18:30:34.420	Custom indicator AIMS Levels V2 DE30,H1: loaded successfully
2	18:30:34.498	Custom indicator AIMS Entry Alert V1 DE30,H1: loaded successfully
2	18:30:34.504	Custom indicator CandleTimer DE30,H1: loaded successfully
2	18:30:34.574	Custom indicator #Signal_Bars_v6 DE30,H1: loaded successfully
2	18:30:34.581	Custom indicator TrendEnvelopes_v1 DE30,H1: loaded successfully
2	18:30:34.588	Custom indicator guppy_multiple_moving_averages DE30,H1: loaded successfully
2	18:30:34.595	Custom indicator wedges DE30,H1: loaded successfully
2	18:30:34.602	Custom indicator Admiral Pivot DE30,H1: loaded successfully
2	18:30:34.608	Custom indicator AutoTrendChannel DE30,H1: loaded successfully
2	18:30:34.615	Custom indicator FRZ Channel Auto Plotter DE30,H1: loaded successfully
2	18:30:34.623	Custom indicator FRZ News Indicator MT4 DE30,H1: loaded successfully
2	18:30:34.631	Custom indicator Forex Uranus direction DE30,H1: loaded successfully
2	18:30:34.637	Custom indicator Quadrilateral DE30,H1: loaded successfully
2	18:30:34.708	Custom indicator AIMS AO V.2.1 DE30,H1: loaded successfully
2	18:30:34.715	Custom indicator IVT_MACD_ZERO_LAG DE30,H1: loaded successfully
2	18:30:34.723	Custom indicator RSI Divergence Levels DE30,H1: loaded successfully
2	18:30:34.731	Custom indicator FRZ Forex Market Session Indicator DE30,H1: loaded successfully
2	18:30:58.966	Custom indicator Quadrilateral DE30,H1: removed
2	18:30:59.615	Custom indicator AIMS Levels V2 DE30,H1: loaded successfully
2	18:30:59.690	Custom indicator AIMS Entry Alert V1 DE30,H1: loaded successfully
2	18:30:59.695	Custom indicator CandleTimer DE30,H1: loaded successfully
2	18:30:59.774	Custom indicator #Signal_Bars_v6 DE30,H1: loaded successfully
2	18:30:59.780	Custom indicator TrendEnvelopes_v1 DE30,H1: loaded successfully
2	18:30:59.786	Custom indicator guppy_multiple_moving_averages DE30,H1: loaded successfully
2	18:30:59.794	Custom indicator wedges DE30,H1: loaded successfully
2	18:30:59.800	Custom indicator Admiral Pivot DE30,H1: loaded successfully
2	18:30:59.805	Custom indicator AutoTrendChannel DE30,H1: loaded successfully
2	18:30:59.813	Custom indicator FRZ Channel Auto Plotter DE30,H1: loaded successfully
2	18:30:59.820	Custom indicator FRZ News Indicator MT4 DE30,H1: loaded successfully
2	18:30:59.825	Custom indicator Forex Uranus direction DE30,H1: loaded successfully
2	18:30:59.836	Custom indicator Quadrilateral DE30,H1: loaded successfully
2	18:30:59.908	Custom indicator AIMS AO V.2.1 DE30,H1: loaded successfully
2	18:30:59.918	Custom indicator IVT_MACD_ZERO_LAG DE30,H1: loaded successfully
2	18:30:59.926	Custom indicator RSI Divergence Levels DE30,H1: loaded successfully
2	18:30:59.928	Custom indicator FRZ Forex Market Session Indicator DE30,H1: loaded successfully
2	18:31:21.082	Custom indicator Quadrilateral DE30,H1: removed
2	18:31:21.726	Custom indicator AIMS Levels V2 US30,M1: loaded successfully
2	18:31:21.789	Custom indicator AIMS Entry Alert V1 US30,M1: loaded successfully
2	18:31:21.804	Custom indicator CandleTimer US30,M1: loaded successfully
2	18:31:21.867	Custom indicator #Signal_Bars_v6 US30,M1: loaded successfully
2	18:31:21.867	Custom indicator TrendEnvelopes_v1 US30,M1: loaded successfully
2	18:31:21.882	Custom indicator guppy_multiple_moving_averages US30,M1: loaded successfully
2	18:31:21.882	Custom indicator wedges US30,M1: loaded successfully
2	18:31:21.882	Custom indicator Admiral Pivot US30,M1: loaded successfully
2	18:31:21.898	Custom indicator AutoTrendChannel US30,M1: loaded successfully
2	18:31:21.898	Custom indicator FRZ Channel Auto Plotter US30,M1: loaded successfully
2	18:31:21.914	Custom indicator FRZ News Indicator MT4 US30,M1: loaded successfully
2	18:31:21.914	Custom indicator Forex Uranus direction US30,M1: loaded successfully
2	18:31:21.929	Custom indicator Quadrilateral US30,M1: loaded successfully
2	18:31:21.992	Custom indicator AIMS AO V.2.1 US30,M1: loaded successfully
2	18:31:21.992	Custom indicator IVT_MACD_ZERO_LAG US30,M1: loaded successfully
2	18:31:21.992	Custom indicator RSI Divergence Levels US30,M1: loaded successfully
2	18:31:22.007	Custom indicator FRZ Forex Market Session Indicator US30,M1: loaded successfully
2	18:31:26.217	Custom indicator Quadrilateral US30,M1: removed
2	18:31:37.272	Custom indicator AIMS Levels V2 US30,M5: loaded successfully
2	18:31:37.397	Custom indicator AIMS Entry Alert V1 US30,M5: loaded successfully
2	18:31:37.412	Custom indicator CandleTimer US30,M5: loaded successfully
2	18:31:37.522	Custom indicator #Signal_Bars_v6 US30,M5: loaded successfully
2	18:31:37.537	Custom indicator TrendEnvelopes_v1 US30,M5: loaded successfully
2	18:31:37.537	Custom indicator guppy_multiple_moving_averages US30,M5: loaded successfully
2	18:31:37.553	Custom indicator wedges US30,M5: loaded successfully
2	18:31:37.569	Custom indicator Admiral Pivot US30,M5: loaded successfully
2	18:31:37.569	Custom indicator AutoTrendChannel US30,M5: loaded successfully
2	18:31:37.584	Custom indicator FRZ Channel Auto Plotter US30,M5: loaded successfully
2	18:31:37.600	Custom indicator FRZ News Indicator MT4 US30,M5: loaded successfully
2	18:31:37.616	Custom indicator Forex Uranus direction US30,M5: loaded successfully
2	18:31:37.616	Custom indicator Quadrilateral US30,M5: loaded successfully
2	18:31:37.725	Custom indicator AIMS AO V.2.1 US30,M5: loaded successfully
2	18:31:37.740	Custom indicator IVT_MACD_ZERO_LAG US30,M5: loaded successfully
2	18:31:37.756	Custom indicator RSI Divergence Levels US30,M5: loaded successfully
2	18:31:37.756	Custom indicator FRZ Forex Market Session Indicator US30,M5: loaded successfully
2	18:31:40.247	Custom indicator Quadrilateral US30,M5: removed
2	18:31:43.919	Custom indicator AIMS Levels V2 USTEC,M15: loaded successfully
2	18:31:44.023	Custom indicator AIMS Entry Alert V1 USTEC,M15: loaded successfully
2	18:31:44.031	Custom indicator CandleTimer USTEC,M15: loaded successfully
2	18:31:44.138	Custom indicator #Signal_Bars_v6 USTEC,M15: loaded successfully
2	18:31:44.149	Custom indicator TrendEnvelopes_v1 USTEC,M15: loaded successfully
2	18:31:44.191	Custom indicator guppy_multiple_moving_averages USTEC,M15: loaded successfully
2	18:31:44.211	Custom indicator wedges USTEC,M15: loaded successfully
2	18:31:44.230	Custom indicator Admiral Pivot USTEC,M15: loaded successfully
2	18:31:44.242	Custom indicator AutoTrendChannel USTEC,M15: loaded successfully
2	18:31:44.253	Custom indicator FRZ Channel Auto Plotter USTEC,M15: loaded successfully
2	18:31:44.272	Custom indicator FRZ News Indicator MT4 USTEC,M15: loaded successfully
2	18:31:44.286	Custom indicator Forex Uranus direction USTEC,M15: loaded successfully
2	18:31:44.301	Custom indicator Quadrilateral USTEC,M15: loaded successfully
2	18:31:44.417	Custom indicator AIMS AO V.2.1 USTEC,M15: loaded successfully
2	18:31:44.428	Custom indicator IVT_MACD_ZERO_LAG USTEC,M15: loaded successfully
2	18:31:44.440	Custom indicator RSI Divergence Levels USTEC,M15: loaded successfully
2	18:31:44.450	Custom indicator FRZ Forex Market Session Indicator USTEC,M15: loaded successfully
2	18:32:13.055	Custom indicator Quadrilateral USTEC,M15: removed
2	18:32:14.278	Custom indicator AIMS Levels V2 XAUUSD,M1: loaded successfully
2	18:32:14.350	Custom indicator AIMS Entry Alert V1 XAUUSD,M1: loaded successfully
2	18:32:14.356	Custom indicator CandleTimer XAUUSD,M1: loaded successfully
2	18:32:14.427	Custom indicator #Signal_Bars_v6 XAUUSD,M1: loaded successfully
2	18:32:14.434	Custom indicator TrendEnvelopes_v1 XAUUSD,M1: loaded successfully
2	18:32:14.441	Custom indicator guppy_multiple_moving_averages XAUUSD,M1: loaded successfully
2	18:32:14.448	Custom indicator wedges XAUUSD,M1: loaded successfully
2	18:32:14.455	Custom indicator Admiral Pivot XAUUSD,M1: loaded successfully
2	18:32:14.462	Custom indicator AutoTrendChannel XAUUSD,M1: loaded successfully
2	18:32:14.469	Custom indicator FRZ Channel Auto Plotter XAUUSD,M1: loaded successfully
2	18:32:14.477	Custom indicator FRZ News Indicator MT4 XAUUSD,M1: loaded successfully
2	18:32:14.485	Custom indicator Forex Uranus direction XAUUSD,M1: loaded successfully
2	18:32:14.492	Custom indicator Quadrilateral XAUUSD,M1: loaded successfully
2	18:32:14.562	Custom indicator AIMS AO V.2.1 XAUUSD,M1: loaded successfully
2	18:32:14.569	Custom indicator IVT_MACD_ZERO_LAG XAUUSD,M1: loaded successfully
2	18:32:14.576	Custom indicator RSI Divergence Levels XAUUSD,M1: loaded successfully
2	18:32:14.584	Custom indicator FRZ Forex Market Session Indicator XAUUSD,M1: loaded successfully
2	18:32:16.248	Custom indicator Quadrilateral XAUUSD,M1: removed
2	18:32:28.358	Custom indicator AIMS Levels V2 BRENT,H1: loaded successfully
2	18:32:28.447	Custom indicator AIMS Entry Alert V1 BRENT,H1: loaded successfully
2	18:32:28.455	Custom indicator CandleTimer BRENT,H1: loaded successfully
2	18:32:28.537	Custom indicator #Signal_Bars_v6 BRENT,H1: loaded successfully
2	18:32:28.545	Custom indicator TrendEnvelopes_v1 BRENT,H1: loaded successfully
2	18:32:28.554	Custom indicator guppy_multiple_moving_averages BRENT,H1: loaded successfully
2	18:32:28.563	Custom indicator wedges BRENT,H1: loaded successfully
2	18:32:28.572	Custom indicator Admiral Pivot BRENT,H1: loaded successfully
2	18:32:28.579	Custom indicator AutoTrendChannel BRENT,H1: loaded successfully
2	18:32:28.588	Custom indicator FRZ Channel Auto Plotter BRENT,H1: loaded successfully
2	18:32:28.597	Custom indicator FRZ News Indicator MT4 BRENT,H1: loaded successfully
2	18:32:28.606	Custom indicator Forex Uranus direction BRENT,H1: loaded successfully
2	18:32:28.614	Custom indicator Quadrilateral BRENT,H1: loaded successfully
2	18:32:28.694	Custom indicator AIMS AO V.2.1 BRENT,H1: loaded successfully
2	18:32:28.703	Custom indicator IVT_MACD_ZERO_LAG BRENT,H1: loaded successfully
2	18:32:28.711	Custom indicator RSI Divergence Levels BRENT,H1: loaded successfully
2	18:32:28.719	Custom indicator FRZ Forex Market Session Indicator BRENT,H1: loaded successfully
2	18:32:31.192	Custom indicator Quadrilateral BRENT,H1: removed
0	18:32:34.698	'888352614': login on Tickmill02-Live through Live DC - London 4 (ping: 225.25 ms)
0	18:33:11.534	'888352614': login datacenter on Tickmill02-Live through Live DC - London 4 (ping: 225.25 ms)
0	18:33:31.569	'888352614': login on Tickmill02-Live through Live DC - London 4 (ping: 225.25 ms)
0	18:34:47.246	'888352614': login datacenter on Tickmill02-Live
0	18:35:16.403	'888352614': login on Tickmill02-Live through Live DC - London 5 (ping: 231.19 ms)
0	18:35:31.232	'888352614': login datacenter on Tickmill02-Live through Live DC - London 5 (ping: 231.19 ms)
0	18:35:39.081	'888352614': previous successful authorization performed from 154.126.12.230
0	18:37:49.186	'888352614': login datacenter on Tickmill02-Live
0	18:37:51.811	'888352614': login on Tickmill02-Live through Live DC - London 6 (ping: 232.20 ms)
0	18:38:06.958	'888352614': login datacenter on Tickmill02-Live through Live DC - London 6 (ping: 232.20 ms)
0	18:38:33.170	'888352614': previous successful authorization performed from 154.126.11.69
0	18:41:57.651	'888352614': modify order #15147086 sell 0.08 US30 at 32676.36 sl: 0.00 tp: 32465.00 -> sl: 32703.42 tp: 32465.00
0	18:41:59.716	'888352614': order #15147086 sell 0.08 US30 at 32676.36 was modified -> sl: 32703.42 tp: 32465.00
0	18:42:02.558	'888352614': modify order #15147086 sell 0.08 US30 at 32676.36 sl: 32703.42 tp: 32465.00 -> sl: 32705.68 tp: 32465.00
0	18:42:03.057	'888352614': order #15147086 sell 0.08 US30 at 32676.36 was modified -> sl: 32705.68 tp: 32465.00
0	18:42:53.131	'888352614': order buy market 0.05 USTEC sl: 0.00 tp: 0.00
0	18:42:53.895	'888352614': auto connecting to a better access point Live DC - London 5 (ping is 310.56 ms)
0	18:42:57.315	'888352614': login on Tickmill02-Live through Live DC - London 5 (ping: 310.56 ms)
0	18:43:13.350	'888352614': login datacenter on Tickmill02-Live through Live DC - London 5 (ping: 310.56 ms)
0	18:43:14.183	'888352614': previous successful authorization performed from 154.126.12.70
0	18:43:39.297	'888352614': order buy market 0.03 USTEC sl: 0.00 tp: 0.00
1	18:43:44.010	'888352614': order buy 0.03 USTEC opening at market sl: 0.00 tp: 0.00 failed [Not enough money]
0	18:43:49.089	'888352614': order buy market 0.02 USTEC sl: 0.00 tp: 0.00
1	18:44:33.802	'888352614': order buy 0.02 USTEC opening at market sl: 0.00 tp: 0.00 failed [Not enough money]
0	18:44:39.800	'888352614': order buy market 0.01 USTEC sl: 0.00 tp: 0.00
0	18:44:45.718	'888352614': order #15147086 sell 0.08 US30 at 32676.36 closed due stop-loss at price 32705.76
0	18:44:59.474	'888352614': order was opened : #15147720 buy 0.01 USTEC at 13097.12 sl: 0.00 tp: 0.00
0	18:45:16.724	'888352614': order buy market 0.05 USTEC sl: 0.00 tp: 0.00
0	18:45:28.458	'888352614': close order #15147720 buy 0.01 USTEC at 13097.12 sl: 0.00 tp: 0.00 at price 0.00
0	18:45:44.765	'888352614': order was opened : #15147735 buy 0.05 USTEC at 13097.10 sl: 0.00 tp: 0.00
0	18:45:52.881	'888352614': order #15147720 buy 0.01 USTEC at 13097.12 sl: 0.00 tp: 0.00 closed at price 13095.37
0	18:46:39.637	'888352614': close order #15147735 buy 0.05 USTEC at 13097.10 sl: 0.00 tp: 0.00 at price 0.00
0	18:47:09.569	'888352614': order #15147735 buy 0.05 USTEC at 13097.10 sl: 0.00 tp: 0.00 closed at price 13092.72
0	18:47:14.969	'888352614': order buy market 0.30 USTEC sl: 0.00 tp: 0.00
1	18:47:31.120	'888352614': order buy 0.30 USTEC opening at market sl: 0.00 tp: 0.00 failed [Not enough money]
1	18:47:40.904	'888352614': datacenter connecting failed [6]
0	18:47:59.394	'888352614': login on Tickmill02-Live through Live DC - Finland 1 (ping: 425.24 ms)
0	18:48:10.437	'888352614': order buy market 0.20 USTEC sl: 0.00 tp: 0.00
0	18:48:45.940	'888352614': login datacenter on Tickmill02-Live through Live DC - Finland 1 (ping: 425.24 ms)
0	18:48:47.288	'888352614': previous successful authorization performed from 154.126.11.69
0	18:48:54.212	'888352614': order buy market 0.20 USTEC sl: 0.00 tp: 0.00
1	18:48:54.713	'888352614': order buy 0.20 USTEC opening at market sl: 0.00 tp: 0.00 failed [Not enough money]
0	18:49:02.243	'888352614': order buy market 0.10 USTEC sl: 0.00 tp: 0.00
0	18:49:08.419	'888352614': order was opened : #15147785 buy 0.10 USTEC at 13097.20 sl: 0.00 tp: 0.00
2	18:50:26.032	Custom indicator AIMS Levels V2 DE30,H1: removed
2	18:50:26.032	Custom indicator AIMS Entry Alert V1 DE30,H1: removed
2	18:50:26.032	Custom indicator CandleTimer DE30,H1: removed
2	18:50:26.032	Custom indicator #Signal_Bars_v6 DE30,H1: removed
2	18:50:26.032	Custom indicator TrendEnvelopes_v1 DE30,H1: removed
2	18:50:26.032	Custom indicator guppy_multiple_moving_averages DE30,H1: removed
2	18:50:26.032	Custom indicator wedges DE30,H1: removed
2	18:50:26.032	Custom indicator Admiral Pivot DE30,H1: removed
2	18:50:26.032	Custom indicator AutoTrendChannel DE30,H1: removed
2	18:50:26.032	Custom indicator FRZ Channel Auto Plotter DE30,H1: removed
2	18:50:26.032	Custom indicator FRZ News Indicator MT4 DE30,H1: removed
2	18:50:26.048	Custom indicator Forex Uranus direction DE30,H1: removed
2	18:50:26.048	Custom indicator AIMS AO V.2.1 DE30,H1: removed
2	18:50:26.048	Custom indicator IVT_MACD_ZERO_LAG DE30,H1: removed
2	18:50:26.048	Custom indicator RSI Divergence Levels DE30,H1: removed
2	18:50:26.048	Custom indicator FRZ Forex Market Session Indicator DE30,H1: removed
2	18:50:26.048	Custom indicator AIMS Levels V2 DE30,H1: removed
2	18:50:26.048	Custom indicator AIMS Entry Alert V1 DE30,H1: removed
2	18:50:26.048	Custom indicator CandleTimer DE30,H1: removed
2	18:50:26.048	Custom indicator #Signal_Bars_v6 DE30,H1: removed
2	18:50:26.048	Custom indicator TrendEnvelopes_v1 DE30,H1: removed
2	18:50:26.048	Custom indicator guppy_multiple_moving_averages DE30,H1: removed
2	18:50:26.048	Custom indicator wedges DE30,H1: removed
2	18:50:26.048	Custom indicator Admiral Pivot DE30,H1: removed
2	18:50:26.048	Custom indicator AutoTrendChannel DE30,H1: removed
2	18:50:26.048	Custom indicator FRZ Channel Auto Plotter DE30,H1: removed
2	18:50:26.048	Custom indicator FRZ News Indicator MT4 DE30,H1: removed
2	18:50:26.063	Custom indicator Forex Uranus direction DE30,H1: removed
2	18:50:26.063	Custom indicator AIMS AO V.2.1 DE30,H1: removed
2	18:50:26.063	Custom indicator IVT_MACD_ZERO_LAG DE30,H1: removed
2	18:50:26.063	Custom indicator RSI Divergence Levels DE30,H1: removed
2	18:50:26.063	Custom indicator FRZ Forex Market Session Indicator DE30,H1: removed
2	18:50:26.063	Custom indicator AIMS Levels V2 US30,M1: removed
2	18:50:26.063	Custom indicator AIMS Entry Alert V1 US30,M1: removed
2	18:50:26.063	Custom indicator CandleTimer US30,M1: removed
2	18:50:26.063	Custom indicator #Signal_Bars_v6 US30,M1: removed
2	18:50:26.063	Custom indicator TrendEnvelopes_v1 US30,M1: removed
2	18:50:26.063	Custom indicator guppy_multiple_moving_averages US30,M1: removed
2	18:50:26.079	Custom indicator wedges US30,M1: removed
2	18:50:26.079	Custom indicator Admiral Pivot US30,M1: removed
2	18:50:26.079	Custom indicator AutoTrendChannel US30,M1: removed
2	18:50:26.079	Custom indicator FRZ Channel Auto Plotter US30,M1: removed
2	18:50:26.079	Custom indicator FRZ News Indicator MT4 US30,M1: removed
2	18:50:26.079	Custom indicator Forex Uranus direction US30,M1: removed
2	18:50:26.079	Custom indicator AIMS AO V.2.1 US30,M1: removed
2	18:50:26.079	Custom indicator IVT_MACD_ZERO_LAG US30,M1: removed
2	18:50:26.079	Custom indicator RSI Divergence Levels US30,M1: removed
2	18:50:26.079	Custom indicator FRZ Forex Market Session Indicator US30,M1: removed
2	18:50:26.095	Custom indicator AIMS Levels V2 US30,M5: removed
2	18:50:26.095	Custom indicator AIMS Entry Alert V1 US30,M5: removed
2	18:50:26.095	Custom indicator CandleTimer US30,M5: removed
2	18:50:26.095	Custom indicator #Signal_Bars_v6 US30,M5: removed
2	18:50:26.095	Custom indicator TrendEnvelopes_v1 US30,M5: removed
2	18:50:26.095	Custom indicator guppy_multiple_moving_averages US30,M5: removed
2	18:50:26.095	Custom indicator wedges US30,M5: removed
2	18:50:26.095	Custom indicator Admiral Pivot US30,M5: removed
2	18:50:26.095	Custom indicator AutoTrendChannel US30,M5: removed
2	18:50:26.095	Custom indicator FRZ Channel Auto Plotter US30,M5: removed
2	18:50:26.095	Custom indicator FRZ News Indicator MT4 US30,M5: removed
2	18:50:26.095	Custom indicator Forex Uranus direction US30,M5: removed
2	18:50:26.095	Custom indicator AIMS AO V.2.1 US30,M5: removed
2	18:50:26.110	Custom indicator IVT_MACD_ZERO_LAG US30,M5: removed
2	18:50:26.110	Custom indicator RSI Divergence Levels US30,M5: removed
2	18:50:26.110	Custom indicator FRZ Forex Market Session Indicator US30,M5: removed
2	18:50:26.110	Custom indicator AIMS Levels V2 USTEC,M15: removed
2	18:50:26.110	Custom indicator AIMS Entry Alert V1 USTEC,M15: removed
2	18:50:26.126	Custom indicator CandleTimer USTEC,M15: removed
2	18:50:26.126	Custom indicator #Signal_Bars_v6 USTEC,M15: removed
2	18:50:26.126	Custom indicator TrendEnvelopes_v1 USTEC,M15: removed
2	18:50:26.126	Custom indicator guppy_multiple_moving_averages USTEC,M15: removed
2	18:50:26.126	Custom indicator wedges USTEC,M15: removed
2	18:50:26.126	Custom indicator Admiral Pivot USTEC,M15: removed
2	18:50:26.126	Custom indicator AutoTrendChannel USTEC,M15: removed
2	18:50:26.126	Custom indicator FRZ Channel Auto Plotter USTEC,M15: removed
2	18:50:26.126	Custom indicator FRZ News Indicator MT4 USTEC,M15: removed
2	18:50:26.126	Custom indicator Forex Uranus direction USTEC,M15: removed
2	18:50:26.126	Custom indicator AIMS AO V.2.1 USTEC,M15: removed
2	18:50:26.126	Custom indicator IVT_MACD_ZERO_LAG USTEC,M15: removed
2	18:50:26.126	Custom indicator RSI Divergence Levels USTEC,M15: removed
2	18:50:26.126	Custom indicator FRZ Forex Market Session Indicator USTEC,M15: removed
2	18:50:26.173	Custom indicator AIMS Levels V2 XAUUSD,M1: removed
2	18:50:26.173	Custom indicator AIMS Entry Alert V1 XAUUSD,M1: removed
2	18:50:26.188	Custom indicator CandleTimer XAUUSD,M1: removed
2	18:50:26.188	Custom indicator #Signal_Bars_v6 XAUUSD,M1: removed
2	18:50:26.188	Custom indicator TrendEnvelopes_v1 XAUUSD,M1: removed
2	18:50:26.188	Custom indicator guppy_multiple_moving_averages XAUUSD,M1: removed
2	18:50:26.188	Custom indicator wedges XAUUSD,M1: removed
2	18:50:26.188	Custom indicator Admiral Pivot XAUUSD,M1: removed
2	18:50:26.188	Custom indicator AutoTrendChannel XAUUSD,M1: removed
2	18:50:26.204	Custom indicator FRZ Channel Auto Plotter XAUUSD,M1: removed
2	18:50:26.204	Custom indicator FRZ News Indicator MT4 XAUUSD,M1: removed
2	18:50:26.204	Custom indicator Forex Uranus direction XAUUSD,M1: removed
2	18:50:26.204	Custom indicator AIMS AO V.2.1 XAUUSD,M1: removed
2	18:50:26.204	Custom indicator IVT_MACD_ZERO_LAG XAUUSD,M1: removed
2	18:50:26.204	Custom indicator RSI Divergence Levels XAUUSD,M1: removed
2	18:50:26.204	Custom indicator FRZ Forex Market Session Indicator XAUUSD,M1: removed
2	18:50:26.204	Custom indicator AIMS Levels V2 BRENT,H1: removed
2	18:50:26.204	Custom indicator AIMS Entry Alert V1 BRENT,H1: removed
2	18:50:26.204	Custom indicator CandleTimer BRENT,H1: removed
2	18:50:26.204	Custom indicator #Signal_Bars_v6 BRENT,H1: removed
2	18:50:26.220	Custom indicator TrendEnvelopes_v1 BRENT,H1: removed
2	18:50:26.220	Custom indicator guppy_multiple_moving_averages BRENT,H1: removed
2	18:50:26.220	Custom indicator wedges BRENT,H1: removed
2	18:50:26.220	Custom indicator Admiral Pivot BRENT,H1: removed
2	18:50:26.220	Custom indicator AutoTrendChannel BRENT,H1: removed
2	18:50:26.220	Custom indicator FRZ Channel Auto Plotter BRENT,H1: removed
2	18:50:26.220	Custom indicator FRZ News Indicator MT4 BRENT,H1: removed
2	18:50:26.220	Custom indicator Forex Uranus direction BRENT,H1: removed
2	18:50:26.220	Custom indicator AIMS AO V.2.1 BRENT,H1: removed
2	18:50:26.220	Custom indicator IVT_MACD_ZERO_LAG BRENT,H1: removed
2	18:50:26.220	Custom indicator RSI Divergence Levels BRENT,H1: removed
2	18:50:26.220	Custom indicator FRZ Forex Market Session Indicator BRENT,H1: removed
0	18:50:26.563	Admiral Markets build 1320 stopped
0	22:30:44.653	Admiral Markets build 1320 started (Admiral Markets Group AS)
0	22:30:44.654	Windows 10 Pro x64, IE 11, UAC, 8 x Intel Core i7-10510U  @ 1.80GHz, Memory: 1946 / 8014 Mb, Disk: 11 / 237 Gb, GMT+3
0	22:30:44.654	Data Folder: C:\Users\SRIE\AppData\Roaming\MetaQuotes\Terminal\51337600F56B69473E15EAFB8A7586B4
2	22:30:49.000	Custom indicator AIMS Levels V2 DE30,H1: loaded successfully
2	22:30:49.067	Custom indicator AIMS Entry Alert V1 DE30,H1: loaded successfully
2	22:30:49.073	Custom indicator CandleTimer DE30,H1: loaded successfully
2	22:30:49.138	Custom indicator #Signal_Bars_v6 DE30,H1: loaded successfully
2	22:30:49.145	Custom indicator TrendEnvelopes_v1 DE30,H1: loaded successfully
2	22:30:49.152	Custom indicator guppy_multiple_moving_averages DE30,H1: loaded successfully
2	22:30:49.160	Custom indicator wedges DE30,H1: loaded successfully
2	22:30:49.167	Custom indicator Admiral Pivot DE30,H1: loaded successfully
2	22:30:49.173	Custom indicator AutoTrendChannel DE30,H1: loaded successfully
2	22:30:49.179	Custom indicator FRZ Channel Auto Plotter DE30,H1: loaded successfully
2	22:30:49.187	Custom indicator FRZ News Indicator MT4 DE30,H1: loaded successfully
2	22:30:49.194	Custom indicator Forex Uranus direction DE30,H1: loaded successfully
2	22:30:49.262	Custom indicator AIMS AO V.2.1 DE30,H1: loaded successfully
2	22:30:49.269	Custom indicator IVT_MACD_ZERO_LAG DE30,H1: loaded successfully
2	22:30:49.276	Custom indicator RSI Divergence Levels DE30,H1: loaded successfully
2	22:30:49.282	Custom indicator FRZ Forex Market Session Indicator DE30,H1: loaded successfully
2	22:30:50.244	Custom indicator AIMS Levels V2 DE30,H1: loaded successfully
2	22:30:50.316	Custom indicator AIMS Entry Alert V1 DE30,H1: loaded successfully
2	22:30:50.322	Custom indicator CandleTimer DE30,H1: loaded successfully
2	22:30:50.393	Custom indicator #Signal_Bars_v6 DE30,H1: loaded successfully
2	22:30:50.401	Custom indicator TrendEnvelopes_v1 DE30,H1: loaded successfully
2	22:30:50.407	Custom indicator guppy_multiple_moving_averages DE30,H1: loaded successfully
2	22:30:50.414	Custom indicator wedges DE30,H1: loaded successfully
2	22:30:50.421	Custom indicator Admiral Pivot DE30,H1: loaded successfully
2	22:30:50.428	Custom indicator AutoTrendChannel DE30,H1: loaded successfully
2	22:30:50.436	Custom indicator FRZ Channel Auto Plotter DE30,H1: loaded successfully
2	22:30:50.445	Custom indicator FRZ News Indicator MT4 DE30,H1: loaded successfully
2	22:30:50.452	Custom indicator Forex Uranus direction DE30,H1: loaded successfully
2	22:30:50.519	Custom indicator AIMS AO V.2.1 DE30,H1: loaded successfully
2	22:30:50.527	Custom indicator IVT_MACD_ZERO_LAG DE30,H1: loaded successfully
2	22:30:50.535	Custom indicator RSI Divergence Levels DE30,H1: loaded successfully
2	22:30:50.542	Custom indicator FRZ Forex Market Session Indicator DE30,H1: loaded successfully
2	22:30:51.368	Custom indicator AIMS Levels V2 US30,M1: loaded successfully
2	22:30:51.451	Custom indicator AIMS Entry Alert V1 US30,M1: loaded successfully
2	22:30:51.456	Custom indicator CandleTimer US30,M1: loaded successfully
2	22:30:51.520	Custom indicator #Signal_Bars_v6 US30,M1: loaded successfully
2	22:30:51.528	Custom indicator TrendEnvelopes_v1 US30,M1: loaded successfully
2	22:30:51.535	Custom indicator guppy_multiple_moving_averages US30,M1: loaded successfully
2	22:30:51.542	Custom indicator wedges US30,M1: loaded successfully
2	22:30:51.550	Custom indicator Admiral Pivot US30,M1: loaded successfully
2	22:30:51.556	Custom indicator AutoTrendChannel US30,M1: loaded successfully
2	22:30:51.563	Custom indicator FRZ Channel Auto Plotter US30,M1: loaded successfully
2	22:30:51.571	Custom indicator FRZ News Indicator MT4 US30,M1: loaded successfully
2	22:30:51.578	Custom indicator Forex Uranus direction US30,M1: loaded successfully
2	22:30:51.649	Custom indicator AIMS AO V.2.1 US30,M1: loaded successfully
2	22:30:51.656	Custom indicator IVT_MACD_ZERO_LAG US30,M1: loaded successfully
2	22:30:51.663	Custom indicator RSI Divergence Levels US30,M1: loaded successfully
2	22:30:51.670	Custom indicator FRZ Forex Market Session Indicator US30,M1: loaded successfully
2	22:31:03.295	Custom indicator AIMS Levels V2 US30,M5: loaded successfully
2	22:31:03.372	Custom indicator AIMS Entry Alert V1 US30,M5: loaded successfully
2	22:31:03.380	Custom indicator CandleTimer US30,M5: loaded successfully
2	22:31:03.460	Custom indicator #Signal_Bars_v6 US30,M5: loaded successfully
2	22:31:03.468	Custom indicator TrendEnvelopes_v1 US30,M5: loaded successfully
2	22:31:03.475	Custom indicator guppy_multiple_moving_averages US30,M5: loaded successfully
2	22:31:03.483	Custom indicator wedges US30,M5: loaded successfully
2	22:31:03.491	Custom indicator Admiral Pivot US30,M5: loaded successfully
2	22:31:03.499	Custom indicator AutoTrendChannel US30,M5: loaded successfully
2	22:31:03.507	Custom indicator FRZ Channel Auto Plotter US30,M5: loaded successfully
2	22:31:03.520	Custom indicator FRZ News Indicator MT4 US30,M5: loaded successfully
2	22:31:03.529	Custom indicator Forex Uranus direction US30,M5: loaded successfully
2	22:31:03.607	Custom indicator AIMS AO V.2.1 US30,M5: loaded successfully
2	22:31:03.616	Custom indicator IVT_MACD_ZERO_LAG US30,M5: loaded successfully
2	22:31:03.624	Custom indicator RSI Divergence Levels US30,M5: loaded successfully
2	22:31:03.631	Custom indicator FRZ Forex Market Session Indicator US30,M5: loaded successfully
2	22:31:06.942	Custom indicator AIMS Levels V2 USTEC,M15: loaded successfully
2	22:31:07.016	Custom indicator AIMS Entry Alert V1 USTEC,M15: loaded successfully
2	22:31:07.022	Custom indicator CandleTimer USTEC,M15: loaded successfully
2	22:31:07.095	Custom indicator #Signal_Bars_v6 USTEC,M15: loaded successfully
2	22:31:07.102	Custom indicator TrendEnvelopes_v1 USTEC,M15: loaded successfully
2	22:31:07.109	Custom indicator guppy_multiple_moving_averages USTEC,M15: loaded successfully
2	22:31:07.116	Custom indicator wedges USTEC,M15: loaded successfully
2	22:31:07.123	Custom indicator Admiral Pivot USTEC,M15: loaded successfully
2	22:31:07.130	Custom indicator AutoTrendChannel USTEC,M15: loaded successfully
2	22:31:07.137	Custom indicator FRZ Channel Auto Plotter USTEC,M15: loaded successfully
2	22:31:07.145	Custom indicator FRZ News Indicator MT4 USTEC,M15: loaded successfully
2	22:31:07.153	Custom indicator Forex Uranus direction USTEC,M15: loaded successfully
2	22:31:07.224	Custom indicator AIMS AO V.2.1 USTEC,M15: loaded successfully
2	22:31:07.231	Custom indicator IVT_MACD_ZERO_LAG USTEC,M15: loaded successfully
2	22:31:07.239	Custom indicator RSI Divergence Levels USTEC,M15: loaded successfully
2	22:31:07.246	Custom indicator FRZ Forex Market Session Indicator USTEC,M15: loaded successfully
2	22:31:08.814	Custom indicator AIMS Levels V2 XAUUSD,M1: loaded successfully
2	22:31:08.891	Custom indicator AIMS Entry Alert V1 XAUUSD,M1: loaded successfully
2	22:31:08.897	Custom indicator CandleTimer XAUUSD,M1: loaded successfully
2	22:31:08.971	Custom indicator #Signal_Bars_v6 XAUUSD,M1: loaded successfully
2	22:31:08.978	Custom indicator TrendEnvelopes_v1 XAUUSD,M1: loaded successfully
2	22:31:08.985	Custom indicator guppy_multiple_moving_averages XAUUSD,M1: loaded successfully
2	22:31:08.993	Custom indicator wedges XAUUSD,M1: loaded successfully
2	22:31:09.000	Custom indicator Admiral Pivot XAUUSD,M1: loaded successfully
2	22:31:09.007	Custom indicator AutoTrendChannel XAUUSD,M1: loaded successfully
2	22:31:09.015	Custom indicator FRZ Channel Auto Plotter XAUUSD,M1: loaded successfully
2	22:31:09.023	Custom indicator FRZ News Indicator MT4 XAUUSD,M1: loaded successfully
2	22:31:09.031	Custom indicator Forex Uranus direction XAUUSD,M1: loaded successfully
2	22:31:09.104	Custom indicator AIMS AO V.2.1 XAUUSD,M1: loaded successfully
2	22:31:09.112	Custom indicator IVT_MACD_ZERO_LAG XAUUSD,M1: loaded successfully
2	22:31:09.119	Custom indicator RSI Divergence Levels XAUUSD,M1: loaded successfully
2	22:31:09.126	Custom indicator FRZ Forex Market Session Indicator XAUUSD,M1: loaded successfully
2	22:31:21.303	Custom indicator AIMS Levels V2 BRENT,H1: loaded successfully
2	22:31:21.379	Custom indicator AIMS Entry Alert V1 BRENT,H1: loaded successfully
2	22:31:21.385	Custom indicator CandleTimer BRENT,H1: loaded successfully
2	22:31:21.460	Custom indicator #Signal_Bars_v6 BRENT,H1: loaded successfully
2	22:31:21.468	Custom indicator TrendEnvelopes_v1 BRENT,H1: loaded successfully
2	22:31:21.475	Custom indicator guppy_multiple_moving_averages BRENT,H1: loaded successfully
2	22:31:21.483	Custom indicator wedges BRENT,H1: loaded successfully
2	22:31:21.490	Custom indicator Admiral Pivot BRENT,H1: loaded successfully
2	22:31:21.497	Custom indicator AutoTrendChannel BRENT,H1: loaded successfully
2	22:31:21.505	Custom indicator FRZ Channel Auto Plotter BRENT,H1: loaded successfully
2	22:31:21.514	Custom indicator FRZ News Indicator MT4 BRENT,H1: loaded successfully
2	22:31:21.521	Custom indicator Forex Uranus direction BRENT,H1: loaded successfully
2	22:31:21.594	Custom indicator AIMS AO V.2.1 BRENT,H1: loaded successfully
2	22:31:21.602	Custom indicator IVT_MACD_ZERO_LAG BRENT,H1: loaded successfully
2	22:31:21.609	Custom indicator RSI Divergence Levels BRENT,H1: loaded successfully
2	22:31:21.617	Custom indicator FRZ Forex Market Session Indicator BRENT,H1: loaded successfully
0	22:31:24.507	'888352614': login on Tickmill02-Live through Live DC - Finland 1 (ping: 425.24 ms)
0	22:31:27.363	'888352614': login datacenter on Tickmill02-Live through Live DC - Finland 1 (ping: 425.24 ms)
0	22:31:30.561	'888352614': previous successful authorization performed from 154.126.12.46
0	22:32:35.388	'888352614': modify order #15147785 buy 0.10 USTEC at 13097.20 sl: 0.00 tp: 0.00 -> sl: 0.00 tp: 13178.41
0	22:32:35.767	'888352614': order #15147785 buy 0.10 USTEC at 13097.20 was modified -> sl: 0.00 tp: 13178.41
0	22:32:43.676	'888352614': close order #15147785 buy 0.10 USTEC at 13097.20 sl: 0.00 tp: 13178.41 at price 0.00
0	22:32:44.289	'888352614': order #15147785 buy 0.10 USTEC at 13097.20 sl: 0.00 tp: 13178.41 closed at price 13118.93
0	22:34:40.846	'888352614': auto connecting to a better access point Live DC - London 5 (ping is 208.60 ms)
0	22:34:42.030	'888352614': login on Tickmill02-Live through Live DC - London 5 (ping: 208.60 ms)
0	22:34:50.998	'888352614': login datacenter on Tickmill02-Live through Live DC - London 5 (ping: 208.60 ms)
0	22:34:56.626	'888352614': previous successful authorization performed from 197.149.36.90
0	22:36:13.113	'888352614': modify order #15146737 buy 1.00 BRENT at 65.01 sl: 0.00 tp: 0.00 -> sl: 0.00 tp: 70.69
0	22:36:13.713	'888352614': order #15146737 buy 1.00 BRENT at 65.01 was modified -> sl: 0.00 tp: 70.69
0	22:38:21.523	'888352614': order sell market 0.20 US30 sl: 0.00 tp: 0.00
1	22:38:21.817	'888352614': order sell 0.20 US30 opening at market sl: 0.00 tp: 0.00 failed [Not enough money]
0	22:38:35.047	'888352614': order sell market 0.10 US30 sl: 0.00 tp: 0.00
1	22:38:35.358	'888352614': order sell 0.10 US30 opening at market sl: 0.00 tp: 0.00 failed [Not enough money]
0	22:38:42.551	'888352614': order sell market 0.09 US30 sl: 0.00 tp: 0.00
1	22:38:42.853	'888352614': order sell 0.09 US30 opening at market sl: 0.00 tp: 0.00 failed [Not enough money]
0	22:38:50.380	'888352614': order sell market 0.08 US30 sl: 0.00 tp: 0.00
0	22:38:50.880	'888352614': order was opened : #15149678 sell 0.08 US30 at 32750.59 sl: 0.00 tp: 0.00
0	22:39:02.477	'888352614': modify order #15149678 sell 0.08 US30 at 32750.59 sl: 0.00 tp: 0.00 -> sl: 32818.59 tp: 0.00
0	22:39:02.827	'888352614': order #15149678 sell 0.08 US30 at 32750.59 was modified -> sl: 32818.59 tp: 0.00
2	22:39:36.744	Custom indicator AIMS Levels V2 DE30,H1: loaded successfully
2	22:39:36.810	Custom indicator AIMS Entry Alert V1 DE30,H1: loaded successfully
2	22:39:36.818	Custom indicator CandleTimer DE30,H1: loaded successfully
2	22:39:36.885	Custom indicator #Signal_Bars_v6 DE30,H1: loaded successfully
2	22:39:36.892	Custom indicator TrendEnvelopes_v1 DE30,H1: loaded successfully
2	22:39:36.899	Custom indicator guppy_multiple_moving_averages DE30,H1: loaded successfully
2	22:39:36.906	Custom indicator wedges DE30,H1: loaded successfully
2	22:39:36.912	Custom indicator Admiral Pivot DE30,H1: loaded successfully
2	22:39:36.919	Custom indicator AutoTrendChannel DE30,H1: loaded successfully
2	22:39:36.926	Custom indicator FRZ Channel Auto Plotter DE30,H1: loaded successfully
2	22:39:36.934	Custom indicator FRZ News Indicator MT4 DE30,H1: loaded successfully
2	22:39:36.941	Custom indicator Forex Uranus direction DE30,H1: loaded successfully
2	22:39:36.948	Custom indicator Quadrilateral DE30,H1: loaded successfully
2	22:39:37.014	Custom indicator AIMS AO V.2.1 DE30,H1: loaded successfully
2	22:39:37.021	Custom indicator IVT_MACD_ZERO_LAG DE30,H1: loaded successfully
2	22:39:37.028	Custom indicator RSI Divergence Levels DE30,H1: loaded successfully
2	22:39:37.035	Custom indicator FRZ Forex Market Session Indicator DE30,H1: loaded successfully
2	22:39:43.231	Custom indicator AIMS Levels V2 DE30,H1: loaded successfully
2	22:39:43.301	Custom indicator AIMS Entry Alert V1 DE30,H1: loaded successfully
2	22:39:43.307	Custom indicator CandleTimer DE30,H1: loaded successfully
2	22:39:43.374	Custom indicator #Signal_Bars_v6 DE30,H1: loaded successfully
2	22:39:43.382	Custom indicator TrendEnvelopes_v1 DE30,H1: loaded successfully
2	22:39:43.389	Custom indicator guppy_multiple_moving_averages DE30,H1: loaded successfully
2	22:39:43.396	Custom indicator wedges DE30,H1: loaded successfully
2	22:39:43.404	Custom indicator Admiral Pivot DE30,H1: loaded successfully
2	22:39:43.410	Custom indicator AutoTrendChannel DE30,H1: loaded successfully
2	22:39:43.418	Custom indicator FRZ Channel Auto Plotter DE30,H1: loaded successfully
2	22:39:43.426	Custom indicator FRZ News Indicator MT4 DE30,H1: loaded successfully
2	22:39:43.433	Custom indicator Forex Uranus direction DE30,H1: loaded successfully
2	22:39:43.441	Custom indicator Quadrilateral DE30,H1: loaded successfully
2	22:39:43.509	Custom indicator AIMS AO V.2.1 DE30,H1: loaded successfully
2	22:39:43.515	Custom indicator IVT_MACD_ZERO_LAG DE30,H1: loaded successfully
2	22:39:43.522	Custom indicator RSI Divergence Levels DE30,H1: loaded successfully
2	22:39:43.530	Custom indicator FRZ Forex Market Session Indicator DE30,H1: loaded successfully
2	22:39:55.946	Custom indicator AIMS Levels V2 US30,M15: loaded successfully
2	22:39:56.015	Custom indicator AIMS Entry Alert V1 US30,M15: loaded successfully
2	22:39:56.022	Custom indicator CandleTimer US30,M15: loaded successfully
2	22:39:56.088	Custom indicator #Signal_Bars_v6 US30,M15: loaded successfully
2	22:39:56.095	Custom indicator TrendEnvelopes_v1 US30,M15: loaded successfully
2	22:39:56.101	Custom indicator guppy_multiple_moving_averages US30,M15: loaded successfully
2	22:39:56.109	Custom indicator wedges US30,M15: loaded successfully
2	22:39:56.115	Custom indicator Admiral Pivot US30,M15: loaded successfully
2	22:39:56.122	Custom indicator AutoTrendChannel US30,M15: loaded successfully
2	22:39:56.130	Custom indicator FRZ Channel Auto Plotter US30,M15: loaded successfully
2	22:39:56.138	Custom indicator FRZ News Indicator MT4 US30,M15: loaded successfully
2	22:39:56.145	Custom indicator Forex Uranus direction US30,M15: loaded successfully
2	22:39:56.153	Custom indicator Quadrilateral US30,M15: loaded successfully
2	22:39:56.225	Custom indicator AIMS AO V.2.1 US30,M15: loaded successfully
2	22:39:56.232	Custom indicator IVT_MACD_ZERO_LAG US30,M15: loaded successfully
2	22:39:56.240	Custom indicator RSI Divergence Levels US30,M15: loaded successfully
2	22:39:56.247	Custom indicator FRZ Forex Market Session Indicator US30,M15: loaded successfully
2	22:40:03.776	Custom indicator AIMS Levels V2 US30,H1: loaded successfully
2	22:40:03.843	Custom indicator AIMS Entry Alert V1 US30,H1: loaded successfully
2	22:40:03.849	Custom indicator CandleTimer US30,H1: loaded successfully
2	22:40:03.916	Custom indicator #Signal_Bars_v6 US30,H1: loaded successfully
2	22:40:03.924	Custom indicator TrendEnvelopes_v1 US30,H1: loaded successfully
2	22:40:03.930	Custom indicator guppy_multiple_moving_averages US30,H1: loaded successfully
2	22:40:03.937	Custom indicator wedges US30,H1: loaded successfully
2	22:40:03.944	Custom indicator Admiral Pivot US30,H1: loaded successfully
2	22:40:03.950	Custom indicator AutoTrendChannel US30,H1: loaded successfully
2	22:40:03.957	Custom indicator FRZ Channel Auto Plotter US30,H1: loaded successfully
2	22:40:03.965	Custom indicator FRZ News Indicator MT4 US30,H1: loaded successfully
2	22:40:03.972	Custom indicator Forex Uranus direction US30,H1: loaded successfully
2	22:40:03.980	Custom indicator Quadrilateral US30,H1: loaded successfully
2	22:40:04.046	Custom indicator AIMS AO V.2.1 US30,H1: loaded successfully
2	22:40:04.053	Custom indicator IVT_MACD_ZERO_LAG US30,H1: loaded successfully
2	22:40:04.060	Custom indicator RSI Divergence Levels US30,H1: loaded successfully
2	22:40:04.067	Custom indicator FRZ Forex Market Session Indicator US30,H1: loaded successfully
0	23:00:08.700	'888352614': modify order #15149678 sell 0.08 US30 at 32750.59 sl: 32818.59 tp: 0.00 -> sl: 32752.21 tp: 0.00
0	23:00:08.970	'888352614': order #15149678 sell 0.08 US30 at 32750.59 was modified -> sl: 32752.21 tp: 0.00
0	23:00:25.130	'888352614': order #15149678 sell 0.08 US30 at 32750.59 closed due stop-loss at price 32752.93
0	23:01:24.005	'888352614': order sell market 0.08 US30 sl: 0.00 tp: 0.00
0	23:01:24.557	'888352614': order was opened : #15149779 sell 0.08 US30 at 32744.43 sl: 0.00 tp: 0.00
0	23:01:55.363	'888352614': modify order #15149779 sell 0.08 US30 at 32744.43 sl: 0.00 tp: 0.00 -> sl: 32766.51 tp: 0.00
0	23:01:57.419	'888352614': order #15149779 sell 0.08 US30 at 32744.43 was modified -> sl: 32766.51 tp: 0.00
0	23:32:04.975	'888352614': order #15149779 sell 0.08 US30 at 32744.43 closed due stop-loss at price 32766.62
0	23:39:30.469	'888352614': order sell market 0.08 US30 sl: 0.00 tp: 0.00
1	23:39:30.747	'888352614': order sell 0.08 US30 opening at market sl: 0.00 tp: 0.00 failed [Not enough money]
0	23:39:38.912	'888352614': order sell market 0.07 US30 sl: 0.00 tp: 0.00
0	23:39:39.485	'888352614': order was opened : #15149924 sell 0.07 US30 at 32765.72 sl: 0.00 tp: 0.00
0	23:39:49.538	'888352614': modify order #15149924 sell 0.07 US30 at 32765.72 sl: 0.00 tp: 0.00 -> sl: 32854.76 tp: 0.00
0	23:39:49.857	'888352614': order #15149924 sell 0.07 US30 at 32765.72 was modified -> sl: 32854.76 tp: 0.00
0	23:40:28.880	'2100259053': login on FTMO-Demo through DC2 (ping: 374.01 ms)
0	23:40:31.286	'2100259053': login datacenter on FTMO-Demo through DC2 (ping: 374.01 ms)
0	23:40:32.078	'2100259053': previous successful authorization performed from 154.126.98.14
0	23:40:38.071	'2100259053': ping to current access point DC2 is 250.50 ms
2	23:40:51.881	Custom indicator AIMS Levels V2 US30.cash,H1: loaded successfully
2	23:40:51.951	Custom indicator AIMS Entry Alert V1 US30.cash,H1: loaded successfully
2	23:40:51.957	Custom indicator CandleTimer US30.cash,H1: loaded successfully
2	23:40:52.026	Custom indicator #Signal_Bars_v6 US30.cash,H1: loaded successfully
2	23:40:52.033	Custom indicator TrendEnvelopes_v1 US30.cash,H1: loaded successfully
2	23:40:52.040	Custom indicator guppy_multiple_moving_averages US30.cash,H1: loaded successfully
2	23:40:52.047	Custom indicator wedges US30.cash,H1: loaded successfully
2	23:40:52.054	Custom indicator Admiral Pivot US30.cash,H1: loaded successfully
2	23:40:52.061	Custom indicator AutoTrendChannel US30.cash,H1: loaded successfully
2	23:40:52.068	Custom indicator FRZ Channel Auto Plotter US30.cash,H1: loaded successfully
2	23:40:52.076	Custom indicator FRZ News Indicator MT4 US30.cash,H1: loaded successfully
2	23:40:52.084	Custom indicator Forex Uranus direction US30.cash,H1: loaded successfully
2	23:40:52.092	Custom indicator Quadrilateral US30.cash,H1: loaded successfully
2	23:40:52.164	Custom indicator AIMS AO V.2.1 US30.cash,H1: loaded successfully
2	23:40:52.171	Custom indicator IVT_MACD_ZERO_LAG US30.cash,H1: loaded successfully
2	23:40:52.179	Custom indicator RSI Divergence Levels US30.cash,H1: loaded successfully
2	23:40:52.186	Custom indicator FRZ Forex Market Session Indicator US30.cash,H1: loaded successfully
0	23:41:02.157	'2100259053': order sell market 1.00 US30.cash sl: 0.00 tp: 0.00
0	23:41:02.788	'2100259053': order was opened : #53030539 sell 1.00 US30.cash at 32774.30 sl: 0.00 tp: 0.00
0	23:41:11.542	'2100259053': modify order #53030539 sell 1.00 US30.cash at 32774.30 sl: 0.00 tp: 0.00 -> sl: 32919.95 tp: 0.00
0	23:41:11.929	'2100259053': order #53030539 sell 1.00 US30.cash at 32774.30 was modified -> sl: 32919.95 tp: 0.00
0	23:41:37.735	'2100259053': modify order #53030539 sell 1.00 US30.cash at 32774.30 sl: 32919.95 tp: 0.00 -> sl: 32919.95 tp: 32443.99
0	23:41:38.117	'2100259053': order #53030539 sell 1.00 US30.cash at 32774.30 was modified -> sl: 32919.95 tp: 32443.99
