0	00:52:17.888	'27153390': login on AdmiralMarkets-Live through Access Point #4 (ping: 315.18 ms)
1	00:53:25.807	'27153390': datacenter connecting failed [6]
1	00:53:52.413	'27153390': connect failed [Connection échouée]
0	00:54:25.639	'27153390': auto connecting to a better access point Access Point #7 (ping is n/a)
0	00:56:18.481	'27153390': login on AdmiralMarkets-Live through Access Point #10 (ping: n/a)
1	00:56:51.725	'27153390': datacenter connecting failed [6]
0	00:57:05.472	'27153390': previous successful authorization performed from 197.215.202.57
0	00:57:35.267	'27153390': ping to current access point Access Point #10 is n/a
0	01:06:52.827	'27153390': login on AdmiralMarkets-Live through Access Point #1 (ping: 1825.65 ms)
1	01:07:58.861	'27153390': datacenter connecting failed [6]
1	01:08:04.447	'27153390': connect failed [Connection échouée]
0	01:08:29.091	'27153390': login on AdmiralMarkets-Live through Access Point #10 (ping: n/a)
0	01:08:58.069	'27153390': login datacenter on AdmiralMarkets-Live through Access Point #10 (ping: n/a)
0	01:08:58.824	'27153390': previous successful authorization performed from 197.215.202.57
0	01:09:51.415	'27153390': ping to current access point Access Point #10 is n/a
1	01:15:48.648	'27153390': datacenter connecting failed [6]
0	01:15:56.372	'27153390': login on AdmiralMarkets-Live through Access Point #7 (ping: 653.51 ms)
0	01:16:54.716	'27153390': login datacenter on AdmiralMarkets-Live through Access Point #7 (ping: 653.51 ms)
0	01:16:58.069	'27153390': previous successful authorization performed from 197.215.202.57
1	01:19:39.641	'27153390': datacenter connecting failed [6]
1	01:19:39.711	'27153390': connect failed [Connection échouée]
0	01:19:46.596	'27153390': login on AdmiralMarkets-Live through Access Point #7 (ping: n/a)
1	01:21:31.648	'27153390': datacenter connecting failed [6]
0	01:21:45.385	'27153390': login on AdmiralMarkets-Live through Access Point #10 (ping: n/a)
0	01:21:51.788	'27153390': ping to current access point Access Point #10 is 256.50 ms
0	01:22:08.561	'27153390': login datacenter on AdmiralMarkets-Live through Access Point #10 (ping: 256.50 ms)
0	01:22:09.112	'27153390': previous successful authorization performed from 197.215.202.57
1	01:52:44.854	'27153390': ping failed
1	01:52:44.859	'27153390': datacenter connecting failed [6]
0	01:52:45.811	'27153390': login on AdmiralMarkets-Live through Access Point #6 (ping: 262.44 ms)
0	01:52:47.862	'27153390': login datacenter on AdmiralMarkets-Live through Access Point #6 (ping: 262.44 ms)
0	01:52:48.504	'27153390': previous successful authorization performed from 197.215.202.57
1	01:55:48.293	'27153390': ping failed
1	01:55:48.298	'27153390': datacenter connecting failed [6]
0	01:55:50.525	'27153390': login on AdmiralMarkets-Live through Access Point #4 (ping: 282.03 ms)
0	01:55:58.588	'27153390': login datacenter on AdmiralMarkets-Live through Access Point #4 (ping: 282.03 ms)
0	01:56:03.600	'27153390': previous successful authorization performed from 197.215.202.57
1	04:56:27.564	'27153390': ping failed
1	04:56:28.753	'27153390': connect failed [Connection échouée]
0	04:56:47.564	'27153390': login on AdmiralMarkets-Live through Access Point #10 (ping: n/a)
0	04:56:49.505	'27153390': login datacenter on AdmiralMarkets-Live through Access Point #10 (ping: n/a)
0	04:56:50.130	'27153390': previous successful authorization performed from 197.215.202.57
0	04:57:03.990	'27153390': auto connecting to a better access point Access Point #6 (ping is 213.44 ms)
0	04:57:04.829	'27153390': login on AdmiralMarkets-Live through Access Point #6 (ping: 213.44 ms)
0	04:57:06.705	'27153390': login datacenter on AdmiralMarkets-Live through Access Point #6 (ping: 213.44 ms)
0	04:57:07.273	'27153390': previous successful authorization performed from 154.120.167.1
1	04:59:27.708	'27153390': datacenter connecting failed [6]
0	04:59:28.628	'27153390': login on AdmiralMarkets-Live through Access Point #10 (ping: 205.12 ms)
1	05:00:25.308	'27153390': datacenter connecting failed [6]
0	05:00:25.743	'27153390': previous successful authorization performed from 154.120.167.1
0	05:01:30.566	'27153390': login on AdmiralMarkets-Live through Access Point #4 (ping: 226.58 ms)
0	05:01:37.129	'27153390': login datacenter on AdmiralMarkets-Live through Access Point #4 (ping: 226.58 ms)
0	05:01:38.274	'27153390': previous successful authorization performed from 154.120.167.1
1	05:03:04.701	'27153390': datacenter connecting failed [6]
0	05:03:05.623	'27153390': login on AdmiralMarkets-Live through Access Point #9 (ping: 208.86 ms)
0	05:04:06.881	'27153390': login datacenter on AdmiralMarkets-Live
0	05:04:14.281	'27153390': login on AdmiralMarkets-Live through Access Point #1 (ping: 239.79 ms)
0	05:04:16.940	'27153390': login datacenter on AdmiralMarkets-Live through Access Point #1 (ping: 239.79 ms)
0	05:04:17.601	'27153390': previous successful authorization performed from 154.120.167.1
0	05:04:31.959	'27153390': ping to current access point Access Point #1 is 276.67 ms
1	05:24:53.705	'27153390': datacenter connecting failed [6]
0	05:24:54.797	'27153390': login on AdmiralMarkets-Live through Access Point #9 (ping: 210.82 ms)
0	05:26:04.275	'27153390': login datacenter on AdmiralMarkets-Live
0	05:26:47.040	'27153390': login on AdmiralMarkets-Live through Access Point #10 (ping: 225.70 ms)
0	05:27:54.304	'27153390': login datacenter on AdmiralMarkets-Live
0	05:27:56.251	'27153390': auto connecting to a better access point Access Point #4 (ping is 285.46 ms)
0	05:28:02.137	'27153390': login on AdmiralMarkets-Live through Access Point #4 (ping: 285.46 ms)
0	05:28:11.250	'27153390': login datacenter on AdmiralMarkets-Live through Access Point #4 (ping: 285.46 ms)
0	05:28:12.600	'27153390': previous successful authorization performed from 154.120.167.1
1	05:30:49.700	'27153390': datacenter connecting failed [6]
0	05:30:51.546	'27153390': login on AdmiralMarkets-Live through Access Point #9 (ping: 266.54 ms)
0	05:31:13.572	'27153390': login datacenter on AdmiralMarkets-Live through Access Point #9 (ping: 266.54 ms)
0	05:31:16.714	'27153390': previous successful authorization performed from 154.120.167.1
0	05:33:25.989	'27153390': login on AdmiralMarkets-Live through Access Point #6 (ping: 317.63 ms)
0	05:33:55.270	'27153390': login datacenter on AdmiralMarkets-Live through Access Point #6 (ping: 317.63 ms)
0	05:33:56.883	'27153390': previous successful authorization performed from 154.120.167.1
1	05:41:21.885	'27153390': datacenter connecting failed [6]
0	05:41:25.842	'27153390': login on AdmiralMarkets-Live through Access Point #10 (ping: 352.38 ms)
0	05:41:39.965	'27153390': login datacenter on AdmiralMarkets-Live through Access Point #10 (ping: 352.38 ms)
0	05:41:40.635	'27153390': previous successful authorization performed from 154.120.167.1
0	05:49:18.496	'27153390': login on AdmiralMarkets-Live through Access Point #10 (ping: 352.38 ms)
0	05:49:27.629	'27153390': login datacenter on AdmiralMarkets-Live through Access Point #10 (ping: 352.38 ms)
0	05:49:28.864	'27153390': previous successful authorization performed from 154.120.167.1
1	06:16:08.778	'27153390': datacenter connecting failed [6]
0	06:16:09.644	'27153390': login on AdmiralMarkets-Live through Access Point #1 (ping: 599.88 ms)
0	06:16:43.166	'27153390': login datacenter on AdmiralMarkets-Live through Access Point #1 (ping: 599.88 ms)
0	06:16:44.267	'27153390': previous successful authorization performed from 154.120.167.1
0	06:24:19.094	'27153390': login on AdmiralMarkets-Live through Access Point #1 (ping: 599.88 ms)
0	06:24:26.524	'27153390': login datacenter on AdmiralMarkets-Live through Access Point #1 (ping: 599.88 ms)
0	06:24:27.822	'27153390': previous successful authorization performed from 154.120.167.1
0	07:07:36.970	'27153390': login on AdmiralMarkets-Live through Access Point #1 (ping: 599.88 ms)
0	07:08:14.306	'27153390': login datacenter on AdmiralMarkets-Live through Access Point #1 (ping: 599.88 ms)
0	07:08:14.961	'27153390': previous successful authorization performed from 154.120.167.1
0	07:08:46.221	'27153390': auto connecting to a better access point Access Point #10 (ping is 208.32 ms)
0	07:08:47.303	'27153390': login on AdmiralMarkets-Live through Access Point #10 (ping: 208.32 ms)
0	07:08:52.633	'27153390': login datacenter on AdmiralMarkets-Live through Access Point #10 (ping: 208.32 ms)
0	07:08:53.268	'27153390': previous successful authorization performed from 154.120.167.1
1	07:57:17.124	'27153390': datacenter connecting failed [6]
0	07:57:18.003	'27153390': login on AdmiralMarkets-Live through Access Point #6 (ping: 229.06 ms)
0	07:57:32.469	'27153390': login datacenter on AdmiralMarkets-Live through Access Point #6 (ping: 229.06 ms)
0	07:57:33.244	'27153390': previous successful authorization performed from 154.120.167.1
1	08:08:20.131	'27153390': datacenter connecting failed [6]
0	08:08:23.939	'27153390': login on AdmiralMarkets-Live through Access Point #9 (ping: 229.36 ms)
0	08:08:26.577	'27153390': login datacenter on AdmiralMarkets-Live through Access Point #9 (ping: 229.36 ms)
0	08:08:27.173	'27153390': previous successful authorization performed from 154.120.167.1
1	08:39:54.186	'27153390': datacenter connecting failed [6]
0	08:39:55.088	'27153390': login on AdmiralMarkets-Live through Access Point #1 (ping: 278.42 ms)
0	08:39:57.887	'27153390': login datacenter on AdmiralMarkets-Live through Access Point #1 (ping: 278.42 ms)
0	08:39:58.530	'27153390': previous successful authorization performed from 154.120.167.1
0	08:40:54.165	'27153390': auto connecting to a better access point Access Point #4 (ping is 241.34 ms)
1	08:41:55.183	'27153390': connect failed [Connection échouée]
0	08:42:02.189	'27153390': login on AdmiralMarkets-Live through Access Point #10 (ping: 243.04 ms)
0	08:42:38.308	'27153390': login datacenter on AdmiralMarkets-Live through Access Point #10 (ping: 243.04 ms)
0	08:42:38.928	'27153390': previous successful authorization performed from 154.120.167.1
1	08:45:23.345	'27153390': datacenter connecting failed [6]
0	08:45:31.299	'27153390': login on AdmiralMarkets-Live through Access Point #1 (ping: 257.88 ms)
0	08:45:39.101	'27153390': login datacenter on AdmiralMarkets-Live through Access Point #1 (ping: 257.88 ms)
0	08:45:42.932	'27153390': previous successful authorization performed from 154.120.167.1
2	09:09:24.274	Custom indicator AIMS Levels V2 [DAX30],M15: removed
2	09:09:24.274	Custom indicator AIMS Entry Alert V1 [DAX30],M15: removed
2	09:09:24.279	Custom indicator CandleTimer [DAX30],M15: removed
2	09:09:24.279	Custom indicator #Signal_Bars_v6 [DAX30],M15: removed
2	09:09:24.279	Custom indicator TrendEnvelopes_v1 [DAX30],M15: removed
2	09:09:24.279	Custom indicator guppy_multiple_moving_averages [DAX30],M15: removed
2	09:09:24.284	Custom indicator wedges [DAX30],M15: removed
2	09:09:24.284	Custom indicator Admiral Pivot [DAX30],M15: removed
2	09:09:24.284	Custom indicator AutoTrendChannel [DAX30],M15: removed
2	09:09:24.289	Custom indicator FRZ Channel Auto Plotter [DAX30],M15: removed
2	09:09:24.289	Custom indicator FRZ News Indicator MT4 [DAX30],M15: removed
2	09:09:24.289	Custom indicator Forex Uranus direction [DAX30],M15: removed
2	09:09:24.289	Custom indicator Quadrilateral [DAX30],M15: removed
2	09:09:24.289	Custom indicator AIMS AO V.2.1 [DAX30],M15: removed
2	09:09:24.294	Custom indicator IVT_MACD_ZERO_LAG [DAX30],M15: removed
2	09:09:24.294	Custom indicator RSI Divergence Levels [DAX30],M15: removed
2	09:09:24.299	Custom indicator JoeChalhoub_FXForecasterV1 [DAX30],M15: removed
2	09:09:24.299	Custom indicator TDI-With_Alerts [DAX30],M15: removed
2	09:09:24.299	Custom indicator FRZ Forex Market Session Indicator [DAX30],M15: removed
2	09:09:24.374	Custom indicator AIMS Levels V2 [DAX30],M15: loaded successfully
2	09:09:24.439	Custom indicator AIMS Entry Alert V1 [DAX30],M15: loaded successfully
2	09:09:24.449	Custom indicator CandleTimer [DAX30],M15: loaded successfully
2	09:09:24.514	Custom indicator #Signal_Bars_v6 [DAX30],M15: loaded successfully
2	09:09:24.524	Custom indicator TrendEnvelopes_v1 [DAX30],M15: loaded successfully
2	09:09:24.534	Custom indicator guppy_multiple_moving_averages [DAX30],M15: loaded successfully
2	09:09:24.539	Custom indicator wedges [DAX30],M15: loaded successfully
2	09:09:24.549	Custom indicator Admiral Pivot [DAX30],M15: loaded successfully
2	09:09:24.559	Custom indicator AutoTrendChannel [DAX30],M15: loaded successfully
2	09:09:24.564	Custom indicator FRZ Channel Auto Plotter [DAX30],M15: loaded successfully
2	09:09:24.574	Custom indicator FRZ News Indicator MT4 [DAX30],M15: loaded successfully
2	09:09:24.584	Custom indicator Forex Uranus direction [DAX30],M15: loaded successfully
2	09:09:24.649	Custom indicator aVSA\aVSA clasters [DAX30],M15: loaded successfully
2	09:09:24.664	Custom indicator aVSA\aVSA Golden Zone [DAX30],M15: loaded successfully
2	09:09:24.674	Custom indicator breakout-zones\breakout-zones [DAX30],M15: loaded successfully
2	09:09:24.684	Custom indicator breakout-zones\SL&TP Values [DAX30],M15: loaded successfully
2	09:09:24.749	Custom indicator AIMS AO V.2.1 [DAX30],M15: loaded successfully
2	09:09:24.754	Custom indicator IVT_MACD_ZERO_LAG [DAX30],M15: loaded successfully
2	09:09:24.764	Custom indicator RSI Divergence Levels [DAX30],M15: loaded successfully
2	09:09:24.779	Custom indicator FRZ Forex Market Session Indicator [DAX30],M15: loaded successfully
0	09:30:34.928	'27153390': login on AdmiralMarkets-Live through Access Point #1 (ping: 257.88 ms)
0	09:31:02.356	'27153390': login datacenter on AdmiralMarkets-Live through Access Point #1 (ping: 257.88 ms)
0	09:31:04.109	'27153390': previous successful authorization performed from 154.126.12.158
1	09:38:27.228	'27153390': ping failed
1	09:38:27.233	'27153390': datacenter connecting failed [6]
1	09:38:45.015	'27153390': connect failed [Erreur standard]
0	09:38:51.657	'27153390': login on AdmiralMarkets-Live through Access Point #7 (ping: 651.62 ms)
0	09:38:58.393	'27153390': login datacenter on AdmiralMarkets-Live through Access Point #7 (ping: 651.62 ms)
0	09:38:59.750	'27153390': previous successful authorization performed from 154.120.167.1
1	09:46:06.391	'27153390': datacenter connecting failed [6]
0	09:46:08.299	'27153390': login on AdmiralMarkets-Live through Access Point #2 (ping: 251.75 ms)
0	09:46:36.340	'27153390': login datacenter on AdmiralMarkets-Live through Access Point #2 (ping: 251.75 ms)
0	09:46:50.196	'27153390': previous successful authorization performed from 154.120.167.1
0	09:47:59.959	'27153390': auto connecting to a better access point Access Point #4 (ping is 240.93 ms)
0	09:48:04.070	'27153390': login on AdmiralMarkets-Live through Access Point #4 (ping: 240.93 ms)
0	09:49:11.881	'27153390': login datacenter on AdmiralMarkets-Live
0	09:49:22.066	'27153390': login on AdmiralMarkets-Live through Access Point #9 (ping: 240.38 ms)
0	09:49:45.280	'27153390': login datacenter on AdmiralMarkets-Live through Access Point #9 (ping: 240.38 ms)
0	09:49:46.286	'27153390': previous successful authorization performed from 154.120.167.1
0	09:50:43.384	'27153390': ping to current access point Access Point #9 is 238.60 ms
0	10:00:26.618	'27153390': login datacenter on AdmiralMarkets-Live
1	10:00:37.981	'27153390': connect failed [Connection échouée]
0	10:00:53.544	'27153390': login on AdmiralMarkets-Live through Access Point #1 (ping: 261.62 ms)
0	10:01:15.944	'27153390': login datacenter on AdmiralMarkets-Live through Access Point #1 (ping: 261.62 ms)
0	10:01:25.294	'27153390': previous successful authorization performed from 154.120.167.1
1	12:03:00.744	'27153390': ping failed
1	12:03:00.748	'27153390': datacenter connecting failed [6]
1	12:03:00.989	'27153390': connect failed [Connection échouée]
0	12:03:29.435	'27153390': login on AdmiralMarkets-Live through Access Point #10 (ping: n/a)
0	12:03:40.985	'27153390': login datacenter on AdmiralMarkets-Live through Access Point #10 (ping: n/a)
0	12:03:41.776	'27153390': previous successful authorization performed from 154.120.167.1
0	12:04:13.443	'27153390': ping to current access point Access Point #10 is 221.01 ms
1	12:10:59.868	'27153390': connect failed [Connection échouée]
0	12:33:14.974	'27153390': login on AdmiralMarkets-Live through Access Point #10 (ping: n/a)
0	12:33:16.899	'27153390': login datacenter on AdmiralMarkets-Live through Access Point #10 (ping: n/a)
0	12:33:17.830	'27153390': previous successful authorization performed from 154.120.167.1
0	12:33:31.555	'27153390': ping to current access point Access Point #10 is 204.49 ms
1	12:34:19.398	'27153390': connect failed [Connection échouée]
1	12:34:26.680	MQL5.community: authorization failed
