0	04:44:36.293	Admiral Markets build 1335 started (Admiral Markets Group AS)
0	04:44:36.293	Windows 10 Pro x64, IE 11, UAC, 8 x Intel Core i7-10510U  @ 1.80GHz, Memory: 1672 / 8014 Mb, Disk: 51 / 197 Gb, GMT+3
0	04:44:36.293	Data Folder: C:\Users\SRIE\AppData\Roaming\MetaQuotes\Terminal\51337600F56B69473E15EAFB8A7586B4
2	04:44:42.967	Custom indicator AIMS Entry Alert V1 NAS100,M15: loaded successfully
2	04:44:42.973	Custom indicator CandleTimer NAS100,M15: loaded successfully
2	04:44:43.054	Custom indicator #Signal_Bars_v6 NAS100,M15: loaded successfully
2	04:44:43.064	Custom indicator TrendEnvelopes_v1 NAS100,M15: loaded successfully
2	04:44:43.071	Custom indicator wedges NAS100,M15: loaded successfully
2	04:44:43.081	Custom indicator Admiral Pivot NAS100,M15: loaded successfully
2	04:44:43.088	Custom indicator AutoTrendChannel NAS100,M15: loaded successfully
2	04:44:43.098	Custom indicator FRZ Channel Auto Plotter NAS100,M15: loaded successfully
2	04:44:43.105	Custom indicator Forex Uranus direction NAS100,M15: loaded successfully
2	04:44:43.186	Custom indicator aVSA\aVSA clasters NAS100,M15: loaded successfully
2	04:44:43.204	Custom indicator aVSA\aVSA Golden Zone NAS100,M15: loaded successfully
2	04:44:43.214	Custom indicator breakout-zones\breakout-zones NAS100,M15: loaded successfully
2	04:44:43.221	Custom indicator breakout-zones\SL&TP Values NAS100,M15: loaded successfully
2	04:44:43.238	Custom indicator PositionSizeCalculator NAS100,M15: loaded successfully
2	04:44:43.250	Custom indicator DaVinci Truly News Indicator 2.3.95 NAS100,M15: loaded successfully
2	04:44:43.330	Custom indicator AIMS AO V.2.1 NAS100,M15: loaded successfully
2	04:44:43.337	Custom indicator IVT_MACD_ZERO_LAG NAS100,M15: loaded successfully
2	04:44:43.347	Custom indicator RSI Divergence Levels NAS100,M15: loaded successfully
2	04:44:43.354	Custom indicator RenkoMaker_Confirm NAS100,M15: loaded successfully
2	04:44:43.364	Custom indicator FRZ Forex Market Session Indicator NAS100,M15: loaded successfully
2	04:44:43.380	Expert Admiral - Mini Terminal NAS100,M15: loaded successfully
2	04:44:44.089	Custom indicator AIMS Entry Alert V1 DJ30,H1: loaded successfully
2	04:44:44.098	Custom indicator CandleTimer DJ30,H1: loaded successfully
2	04:44:44.179	Custom indicator #Signal_Bars_v6 DJ30,H1: loaded successfully
2	04:44:44.186	Custom indicator TrendEnvelopes_v1 DJ30,H1: loaded successfully
2	04:44:44.196	Custom indicator wedges DJ30,H1: loaded successfully
2	04:44:44.203	Custom indicator Admiral Pivot DJ30,H1: loaded successfully
2	04:44:44.213	Custom indicator AutoTrendChannel DJ30,H1: loaded successfully
2	04:44:44.220	Custom indicator FRZ Channel Auto Plotter DJ30,H1: loaded successfully
2	04:44:44.230	Custom indicator Forex Uranus direction DJ30,H1: loaded successfully
2	04:44:44.309	Custom indicator aVSA\aVSA clasters DJ30,H1: loaded successfully
2	04:44:44.327	Custom indicator aVSA\aVSA Golden Zone DJ30,H1: loaded successfully
2	04:44:44.335	Custom indicator breakout-zones\breakout-zones DJ30,H1: loaded successfully
2	04:44:44.345	Custom indicator breakout-zones\SL&TP Values DJ30,H1: loaded successfully
2	04:44:44.360	Custom indicator PositionSizeCalculator DJ30,H1: loaded successfully
2	04:44:44.369	Custom indicator DaVinci Truly News Indicator 2.3.95 DJ30,H1: loaded successfully
2	04:44:44.449	Custom indicator AIMS AO V.2.1 DJ30,H1: loaded successfully
2	04:44:44.456	Custom indicator IVT_MACD_ZERO_LAG DJ30,H1: loaded successfully
2	04:44:44.466	Custom indicator RSI Divergence Levels DJ30,H1: loaded successfully
2	04:44:44.472	Custom indicator RenkoMaker_Confirm DJ30,H1: loaded successfully
2	04:44:44.481	Custom indicator FRZ Forex Market Session Indicator DJ30,H1: loaded successfully
2	04:44:45.183	Custom indicator AIMS Entry Alert V1 USDMXN,H1: loaded successfully
2	04:44:45.189	Custom indicator CandleTimer USDMXN,H1: loaded successfully
2	04:44:45.268	Custom indicator #Signal_Bars_v6 USDMXN,H1: loaded successfully
2	04:44:45.278	Custom indicator TrendEnvelopes_v1 USDMXN,H1: loaded successfully
2	04:44:45.285	Custom indicator wedges USDMXN,H1: loaded successfully
2	04:44:45.295	Custom indicator Admiral Pivot USDMXN,H1: loaded successfully
2	04:44:45.302	Custom indicator AutoTrendChannel USDMXN,H1: loaded successfully
2	04:44:45.312	Custom indicator FRZ Channel Auto Plotter USDMXN,H1: loaded successfully
2	04:44:45.319	Custom indicator Forex Uranus direction USDMXN,H1: loaded successfully
2	04:44:45.398	Custom indicator aVSA\aVSA clasters USDMXN,H1: loaded successfully
2	04:44:45.415	Custom indicator aVSA\aVSA Golden Zone USDMXN,H1: loaded successfully
2	04:44:45.422	Custom indicator breakout-zones\breakout-zones USDMXN,H1: loaded successfully
2	04:44:45.432	Custom indicator breakout-zones\SL&TP Values USDMXN,H1: loaded successfully
2	04:44:45.448	Custom indicator PositionSizeCalculator USDMXN,H1: loaded successfully
2	04:44:45.459	Custom indicator DaVinci Truly News Indicator 2.3.95 USDMXN,H1: loaded successfully
2	04:44:45.537	Custom indicator AIMS AO V.2.1 USDMXN,H1: loaded successfully
2	04:44:45.547	Custom indicator IVT_MACD_ZERO_LAG USDMXN,H1: loaded successfully
2	04:44:45.554	Custom indicator RSI Divergence Levels USDMXN,H1: loaded successfully
2	04:44:45.563	Custom indicator RenkoMaker_Confirm USDMXN,H1: loaded successfully
2	04:44:45.570	Custom indicator FRZ Forex Market Session Indicator USDMXN,H1: loaded successfully
2	04:44:46.067	Custom indicator AIMS Entry Alert V1 XAUUSD,M15: loaded successfully
2	04:44:46.072	Custom indicator CandleTimer XAUUSD,M15: loaded successfully
2	04:44:46.151	Custom indicator #Signal_Bars_v6 XAUUSD,M15: loaded successfully
2	04:44:46.161	Custom indicator TrendEnvelopes_v1 XAUUSD,M15: loaded successfully
2	04:44:46.168	Custom indicator wedges XAUUSD,M15: loaded successfully
2	04:44:46.179	Custom indicator Admiral Pivot XAUUSD,M15: loaded successfully
2	04:44:46.186	Custom indicator AutoTrendChannel XAUUSD,M15: loaded successfully
2	04:44:46.195	Custom indicator FRZ Channel Auto Plotter XAUUSD,M15: loaded successfully
2	04:44:46.203	Custom indicator Forex Uranus direction XAUUSD,M15: loaded successfully
2	04:44:46.283	Custom indicator aVSA\aVSA clasters XAUUSD,M15: loaded successfully
2	04:44:46.300	Custom indicator aVSA\aVSA Golden Zone XAUUSD,M15: loaded successfully
2	04:44:46.310	Custom indicator breakout-zones\breakout-zones XAUUSD,M15: loaded successfully
2	04:44:46.317	Custom indicator breakout-zones\SL&TP Values XAUUSD,M15: loaded successfully
2	04:44:46.332	Custom indicator PositionSizeCalculator XAUUSD,M15: loaded successfully
2	04:44:46.343	Custom indicator DaVinci Truly News Indicator 2.3.95 XAUUSD,M15: loaded successfully
2	04:44:46.421	Custom indicator AIMS AO V.2.1 XAUUSD,M15: loaded successfully
2	04:44:46.431	Custom indicator IVT_MACD_ZERO_LAG XAUUSD,M15: loaded successfully
2	04:44:46.438	Custom indicator RSI Divergence Levels XAUUSD,M15: loaded successfully
2	04:44:46.447	Custom indicator RenkoMaker_Confirm XAUUSD,M15: loaded successfully
2	04:44:46.454	Custom indicator FRZ Forex Market Session Indicator XAUUSD,M15: loaded successfully
2	04:44:47.237	Custom indicator AIMS Levels V2 EURJPY,H1: loaded successfully
2	04:44:47.318	Custom indicator AIMS Entry Alert V1 EURJPY,H1: loaded successfully
2	04:44:47.326	Custom indicator CandleTimer EURJPY,H1: loaded successfully
2	04:44:47.404	Custom indicator #Signal_Bars_v6 EURJPY,H1: loaded successfully
2	04:44:47.485	Custom indicator AIMS AO V.2.1 EURJPY,H1: loaded successfully
2	04:44:47.495	Custom indicator IVT_MACD_ZERO_LAG EURJPY,H1: loaded successfully
0	04:44:49.012	'6305310': login on VantageFXInternational-Live 7 through DC2-NY (ping: 307.87 ms)
0	04:44:51.374	'6305310': login datacenter on VantageFXInternational-Live 7 through DC2-NY (ping: 307.87 ms)
0	04:44:52.104	'6305310': previous successful authorization performed from 197.159.150.225
0	04:45:16.257	'6305310': ping to current access point DC2-NY is 279.91 ms
0	05:00:58.344	System to be shutdown, request for close Admiral Markets
0	05:01:01.168	Admiral Markets build 1335 stopped because system shutdown
0	15:27:16.810	Admiral Markets build 1335 started (Admiral Markets Group AS)
0	15:27:16.810	Windows 10 Pro x64, IE 11, UAC, 8 x Intel Core i7-10510U  @ 1.80GHz, Memory: 708 / 8014 Mb, Disk: 56 / 197 Gb, GMT+3
0	15:27:16.810	Data Folder: C:\Users\SRIE\AppData\Roaming\MetaQuotes\Terminal\51337600F56B69473E15EAFB8A7586B4
2	15:27:37.165	Custom indicator AIMS Entry Alert V1 NAS100,M15: loaded successfully
2	15:27:37.182	Custom indicator CandleTimer NAS100,M15: loaded successfully
2	15:27:37.338	Custom indicator #Signal_Bars_v6 NAS100,M15: loaded successfully
2	15:27:37.364	Custom indicator TrendEnvelopes_v1 NAS100,M15: loaded successfully
2	15:27:37.390	Custom indicator wedges NAS100,M15: loaded successfully
2	15:27:37.423	Custom indicator Admiral Pivot NAS100,M15: loaded successfully
2	15:27:37.455	Custom indicator AutoTrendChannel NAS100,M15: loaded successfully
2	15:27:37.481	Custom indicator FRZ Channel Auto Plotter NAS100,M15: loaded successfully
2	15:27:37.506	Custom indicator Forex Uranus direction NAS100,M15: loaded successfully
2	15:27:37.740	Custom indicator aVSA\aVSA clasters NAS100,M15: loaded successfully
2	15:27:37.789	Custom indicator aVSA\aVSA Golden Zone NAS100,M15: loaded successfully
2	15:27:37.806	Custom indicator breakout-zones\breakout-zones NAS100,M15: loaded successfully
2	15:27:37.831	Custom indicator breakout-zones\SL&TP Values NAS100,M15: loaded successfully
2	15:27:37.905	Custom indicator PositionSizeCalculator NAS100,M15: loaded successfully
2	15:27:37.930	Custom indicator DaVinci Truly News Indicator 2.3.95 NAS100,M15: loaded successfully
2	15:27:38.147	Custom indicator AIMS AO V.2.1 NAS100,M15: loaded successfully
2	15:27:38.172	Custom indicator IVT_MACD_ZERO_LAG NAS100,M15: loaded successfully
2	15:27:38.198	Custom indicator RSI Divergence Levels NAS100,M15: loaded successfully
2	15:27:38.213	Custom indicator RenkoMaker_Confirm NAS100,M15: loaded successfully
2	15:27:38.238	Custom indicator FRZ Forex Market Session Indicator NAS100,M15: loaded successfully
2	15:27:38.309	Expert Admiral - Mini Terminal NAS100,M15: loaded successfully
2	15:27:40.619	Custom indicator AIMS Entry Alert V1 DJ30,H1: loaded successfully
2	15:27:40.636	Custom indicator CandleTimer DJ30,H1: loaded successfully
2	15:27:40.868	Custom indicator #Signal_Bars_v6 DJ30,H1: loaded successfully
2	15:27:40.887	Custom indicator TrendEnvelopes_v1 DJ30,H1: loaded successfully
2	15:27:40.911	Custom indicator wedges DJ30,H1: loaded successfully
2	15:27:40.940	Custom indicator Admiral Pivot DJ30,H1: loaded successfully
2	15:27:40.962	Custom indicator AutoTrendChannel DJ30,H1: loaded successfully
2	15:27:40.982	Custom indicator FRZ Channel Auto Plotter DJ30,H1: loaded successfully
2	15:27:41.007	Custom indicator Forex Uranus direction DJ30,H1: loaded successfully
2	15:27:41.244	Custom indicator aVSA\aVSA clasters DJ30,H1: loaded successfully
2	15:27:41.287	Custom indicator aVSA\aVSA Golden Zone DJ30,H1: loaded successfully
2	15:27:41.314	Custom indicator breakout-zones\breakout-zones DJ30,H1: loaded successfully
2	15:27:41.337	Custom indicator breakout-zones\SL&TP Values DJ30,H1: loaded successfully
2	15:27:41.379	Custom indicator PositionSizeCalculator DJ30,H1: loaded successfully
2	15:27:41.403	Custom indicator DaVinci Truly News Indicator 2.3.95 DJ30,H1: loaded successfully
2	15:27:41.635	Custom indicator AIMS AO V.2.1 DJ30,H1: loaded successfully
2	15:27:41.656	Custom indicator IVT_MACD_ZERO_LAG DJ30,H1: loaded successfully
2	15:27:41.678	Custom indicator RSI Divergence Levels DJ30,H1: loaded successfully
2	15:27:41.693	Custom indicator RenkoMaker_Confirm DJ30,H1: loaded successfully
2	15:27:41.720	Custom indicator FRZ Forex Market Session Indicator DJ30,H1: loaded successfully
2	15:27:43.718	Custom indicator AIMS Entry Alert V1 USDMXN,H1: loaded successfully
2	15:27:43.743	Custom indicator CandleTimer USDMXN,H1: loaded successfully
2	15:27:43.976	Custom indicator #Signal_Bars_v6 USDMXN,H1: loaded successfully
2	15:27:44.000	Custom indicator TrendEnvelopes_v1 USDMXN,H1: loaded successfully
2	15:27:44.017	Custom indicator wedges USDMXN,H1: loaded successfully
2	15:27:44.042	Custom indicator Admiral Pivot USDMXN,H1: loaded successfully
2	15:27:44.067	Custom indicator AutoTrendChannel USDMXN,H1: loaded successfully
2	15:27:44.084	Custom indicator FRZ Channel Auto Plotter USDMXN,H1: loaded successfully
2	15:27:44.109	Custom indicator Forex Uranus direction USDMXN,H1: loaded successfully
2	15:27:44.325	Custom indicator aVSA\aVSA clasters USDMXN,H1: loaded successfully
2	15:27:44.378	Custom indicator aVSA\aVSA Golden Zone USDMXN,H1: loaded successfully
2	15:27:44.401	Custom indicator breakout-zones\breakout-zones USDMXN,H1: loaded successfully
2	15:27:44.417	Custom indicator breakout-zones\SL&TP Values USDMXN,H1: loaded successfully
2	15:27:44.460	Custom indicator PositionSizeCalculator USDMXN,H1: loaded successfully
2	15:27:44.484	Custom indicator DaVinci Truly News Indicator 2.3.95 USDMXN,H1: loaded successfully
2	15:27:44.703	Custom indicator AIMS AO V.2.1 USDMXN,H1: loaded successfully
2	15:27:44.725	Custom indicator IVT_MACD_ZERO_LAG USDMXN,H1: loaded successfully
2	15:27:44.751	Custom indicator RSI Divergence Levels USDMXN,H1: loaded successfully
2	15:27:44.766	Custom indicator RenkoMaker_Confirm USDMXN,H1: loaded successfully
2	15:27:44.791	Custom indicator FRZ Forex Market Session Indicator USDMXN,H1: loaded successfully
2	15:27:46.182	Custom indicator AIMS Entry Alert V1 XAUUSD,M15: loaded successfully
2	15:27:46.209	Custom indicator CandleTimer XAUUSD,M15: loaded successfully
2	15:27:46.424	Custom indicator #Signal_Bars_v6 XAUUSD,M15: loaded successfully
2	15:27:46.449	Custom indicator TrendEnvelopes_v1 XAUUSD,M15: loaded successfully
2	15:27:46.474	Custom indicator wedges XAUUSD,M15: loaded successfully
2	15:27:46.497	Custom indicator Admiral Pivot XAUUSD,M15: loaded successfully
2	15:27:46.516	Custom indicator AutoTrendChannel XAUUSD,M15: loaded successfully
2	15:27:46.532	Custom indicator FRZ Channel Auto Plotter XAUUSD,M15: loaded successfully
2	15:27:46.557	Custom indicator Forex Uranus direction XAUUSD,M15: loaded successfully
2	15:27:46.781	Custom indicator aVSA\aVSA clasters XAUUSD,M15: loaded successfully
2	15:27:46.823	Custom indicator aVSA\aVSA Golden Zone XAUUSD,M15: loaded successfully
2	15:27:46.849	Custom indicator breakout-zones\breakout-zones XAUUSD,M15: loaded successfully
2	15:27:46.865	Custom indicator breakout-zones\SL&TP Values XAUUSD,M15: loaded successfully
2	15:27:46.909	Custom indicator PositionSizeCalculator XAUUSD,M15: loaded successfully
2	15:27:46.931	Custom indicator DaVinci Truly News Indicator 2.3.95 XAUUSD,M15: loaded successfully
2	15:27:47.189	Custom indicator AIMS AO V.2.1 XAUUSD,M15: loaded successfully
2	15:27:47.214	Custom indicator IVT_MACD_ZERO_LAG XAUUSD,M15: loaded successfully
2	15:27:47.232	Custom indicator RSI Divergence Levels XAUUSD,M15: loaded successfully
2	15:27:47.256	Custom indicator RenkoMaker_Confirm XAUUSD,M15: loaded successfully
2	15:27:47.274	Custom indicator FRZ Forex Market Session Indicator XAUUSD,M15: loaded successfully
2	15:27:49.410	Custom indicator AIMS Levels V2 EURJPY,H1: loaded successfully
2	15:27:49.628	Custom indicator AIMS Entry Alert V1 EURJPY,H1: loaded successfully
2	15:27:49.646	Custom indicator CandleTimer EURJPY,H1: loaded successfully
2	15:27:49.863	Custom indicator #Signal_Bars_v6 EURJPY,H1: loaded successfully
2	15:27:50.079	Custom indicator AIMS AO V.2.1 EURJPY,H1: loaded successfully
2	15:27:50.104	Custom indicator IVT_MACD_ZERO_LAG EURJPY,H1: loaded successfully
0	15:27:53.043	'6305310': login on VantageFXInternational-Live 7 through DC2-NY (ping: 279.91 ms)
0	15:27:55.970	'6305310': login datacenter on VantageFXInternational-Live 7 through DC2-NY (ping: 279.91 ms)
0	15:27:56.889	'6305310': previous successful authorization performed from 154.126.113.110
0	15:28:24.196	'6305310': auto connecting to a better access point DC1-LD (ping is 280.58 ms)
0	15:28:25.494	'6305310': login on VantageFXInternational-Live 7 through DC1-LD (ping: 280.58 ms)
0	15:28:29.073	'6305310': login datacenter on VantageFXInternational-Live 7 through DC1-LD (ping: 280.58 ms)
0	15:28:30.025	'6305310': previous successful authorization performed from 154.126.113.110
1	16:42:34.558	'6305310': ping failed
1	16:42:34.566	'6305310': datacenter connecting failed [6]
0	16:42:35.536	'6305310': login on VantageFXInternational-Live 7 through DC2-NY (ping: 271.66 ms)
0	16:42:38.844	'6305310': login datacenter on VantageFXInternational-Live 7 through DC2-NY (ping: 271.66 ms)
0	16:42:39.615	'6305310': previous successful authorization performed from 154.126.113.110
0	16:43:07.416	'6305310': auto connecting to a better access point DC1-LD (ping is 275.88 ms)
0	16:43:08.412	'6305310': login on VantageFXInternational-Live 7 through DC1-LD (ping: 275.88 ms)
0	16:43:11.583	'6305310': login datacenter on VantageFXInternational-Live 7 through DC1-LD (ping: 275.88 ms)
0	16:43:12.352	'6305310': previous successful authorization performed from 154.126.113.110
0	16:44:03.332	'6305310': login on VantageFXInternational-Live 7 through DC1-LD (ping: 275.88 ms)
0	16:44:07.318	'6305310': login datacenter on VantageFXInternational-Live 7 through DC1-LD (ping: 275.88 ms)
0	16:44:08.851	'6305310': previous successful authorization performed from 154.126.113.110
0	17:16:12.901	'6305310': order #585271 buy 0.10 EURJPY at 134.073 closed due stop-loss at price 133.639
0	19:00:31.472	'6305310': order sell market 1.00 DJ30 sl: 0.00 tp: 0.00
0	19:00:33.106	'6305310': order was opened : #715778 sell 1.00 DJ30 at 34642.50 sl: 0.00 tp: 0.00
0	19:00:37.649	'6305310': modify order #715778 sell 1.00 DJ30 at 34642.50 sl: 0.00 tp: 0.00 -> sl: 34666.94 tp: 0.00
0	19:00:38.033	'6305310': order #715778 sell 1.00 DJ30 at 34642.50 was modified -> sl: 34666.94 tp: 0.00
0	19:00:41.085	'6305310': modify order #715778 sell 1.00 DJ30 at 34642.50 sl: 34666.94 tp: 0.00 -> sl: 34675.68 tp: 0.00
0	19:00:41.441	'6305310': order #715778 sell 1.00 DJ30 at 34642.50 was modified -> sl: 34675.68 tp: 0.00
0	19:00:43.917	'6305310': modify order #715778 sell 1.00 DJ30 at 34642.50 sl: 34675.68 tp: 0.00 -> sl: 34668.88 tp: 0.00
0	19:00:44.288	'6305310': order #715778 sell 1.00 DJ30 at 34642.50 was modified -> sl: 34668.88 tp: 0.00
0	19:00:57.513	'6305310': modify order #715778 sell 1.00 DJ30 at 34642.50 sl: 34668.88 tp: 0.00 -> sl: 34670.82 tp: 0.00
0	19:00:57.918	'6305310': order #715778 sell 1.00 DJ30 at 34642.50 was modified -> sl: 34670.82 tp: 0.00
0	19:01:05.822	'6305310': modify order #715778 sell 1.00 DJ30 at 34642.50 sl: 34670.82 tp: 0.00 -> sl: 34639.74 tp: 0.00
0	19:01:06.235	'6305310': order #715778 sell 1.00 DJ30 at 34642.50 was modified -> sl: 34639.74 tp: 0.00
1	19:02:08.942	'6305310': connect failed [Connection échouée]
0	19:03:01.120	'6305310': login on VantageFXInternational-Live 7 through DC1-LD (ping: 275.88 ms)
0	19:03:03.662	'6305310': login datacenter on VantageFXInternational-Live 7 through DC1-LD (ping: 275.88 ms)
0	19:03:04.396	'6305310': previous successful authorization performed from 154.126.11.89
0	19:03:30.689	'6305310': auto connecting to a better access point DC2-NY (ping is 273.01 ms)
0	19:03:31.648	'6305310': login on VantageFXInternational-Live 7 through DC2-NY (ping: 273.01 ms)
0	19:03:33.775	'6305310': login datacenter on VantageFXInternational-Live 7 through DC2-NY (ping: 273.01 ms)
0	19:03:34.497	'6305310': previous successful authorization performed from 197.149.61.117
