1	00:02:58.563	'1300074430': connect failed [Connection échouée]
0	00:04:01.822	'1300074430': login on FTMO-Server2 through DC 5 (ping: 264.02 ms)
0	00:04:19.771	'1300074430': login datacenter on FTMO-Server2 through DC 5 (ping: 264.02 ms)
0	00:04:20.738	'1300074430': previous successful authorization performed from 197.159.148.151
1	01:36:44.593	'1300074430': ping failed
1	01:36:44.609	'1300074430': datacenter connecting failed [6]
0	01:36:48.537	'1300074430': login on FTMO-Server2 through DC 2 (ping: 290.23 ms)
0	01:37:24.162	'1300074430': login datacenter on FTMO-Server2 through DC 2 (ping: 290.23 ms)
0	01:37:26.517	'1300074430': previous successful authorization performed from 197.159.148.151
0	01:38:24.575	'1300074430': auto connecting to a better access point DC 4 (ping is 265.51 ms)
0	01:38:28.484	'1300074430': login on FTMO-Server2 through DC 4 (ping: 265.51 ms)
0	01:38:37.783	'1300074430': login datacenter on FTMO-Server2 through DC 4 (ping: 265.51 ms)
0	01:38:39.565	'1300074430': previous successful authorization performed from 197.159.148.151
1	01:43:59.428	'1300074430': ping failed
1	01:43:59.444	'1300074430': datacenter connecting failed [6]
0	01:44:03.358	'1300074430': login on FTMO-Server2 through DC 2 (ping: 284.93 ms)
0	01:44:06.756	'1300074430': login datacenter on FTMO-Server2 through DC 2 (ping: 284.93 ms)
0	01:44:07.432	'1300074430': previous successful authorization performed from 197.159.148.151
1	01:45:24.040	'1300074430': datacenter connecting failed [6]
0	01:45:27.960	'1300074430': login on FTMO-Server2 through DC 3 (ping: 265.88 ms)
0	01:45:30.575	'1300074430': login datacenter on FTMO-Server2 through DC 3 (ping: 265.88 ms)
0	01:45:31.858	'1300074430': previous successful authorization performed from 197.159.148.151
1	01:48:54.175	'1300074430': datacenter connecting failed [6]
0	01:48:56.441	'1300074430': login on FTMO-Server2 through DC 5 (ping: 265.54 ms)
0	01:50:13.668	'1300074430': login datacenter on FTMO-Server2
1	01:50:20.158	'1300074430': connect failed [Connection échouée]
0	01:50:33.857	'1300074430': login on FTMO-Server2 through DC 1 (ping: n/a)
0	01:50:43.675	'1300074430': login datacenter on FTMO-Server2 through DC 1 (ping: n/a)
0	01:50:44.845	'1300074430': previous successful authorization performed from 197.159.148.151
0	01:50:54.654	'1300074430': ping to current access point DC 1 is n/a
1	01:53:24.064	'1300074430': ping failed
1	01:53:24.080	'1300074430': datacenter connecting failed [6]
0	01:53:24.915	'1300074430': login on FTMO-Server2 through DC 5 (ping: 253.86 ms)
0	01:53:32.378	'1300074430': login datacenter on FTMO-Server2 through DC 5 (ping: 253.86 ms)
0	01:53:42.269	'1300074430': previous successful authorization performed from 197.159.148.151
1	03:44:47.089	'1300074430': ping failed
1	03:44:47.104	'1300074430': datacenter connecting failed [6]
0	03:44:47.954	'1300074430': login on FTMO-Server2 through DC 2 (ping: 279.12 ms)
0	03:45:01.701	'1300074430': login datacenter on FTMO-Server2 through DC 2 (ping: 279.12 ms)
0	03:45:02.711	'1300074430': previous successful authorization performed from 197.159.148.151
0	03:45:57.283	'1300074430': ping to current access point DC 2 is 263.92 ms
1	03:55:56.633	'1300074430': connect failed [Connection échouée]
0	03:58:09.695	'1300074430': login on FTMO-Server2 through DC 2 (ping: 263.92 ms)
0	03:58:11.391	'1300074430': login datacenter on FTMO-Server2 through DC 2 (ping: 263.92 ms)
0	03:58:11.968	'1300074430': previous successful authorization performed from 197.159.148.151
1	04:18:52.560	'1300074430': ping failed
1	04:18:52.575	'1300074430': datacenter connecting failed [6]
0	04:18:54.033	'1300074430': login on FTMO-Server2 through DC 1 (ping: n/a)
0	04:19:18.720	'1300074430': login datacenter on FTMO-Server2 through DC 1 (ping: n/a)
0	04:19:19.970	'1300074430': previous successful authorization performed from 197.159.148.151
0	04:19:41.761	'1300074430': ping to current access point DC 1 is n/a
1	05:01:20.941	'1300074430': ping failed
1	05:01:20.957	'1300074430': datacenter connecting failed [6]
0	05:01:21.900	'1300074430': login on FTMO-Server2 through DC 5 (ping: 252.75 ms)
0	05:01:25.516	'1300074430': login datacenter on FTMO-Server2 through DC 5 (ping: 252.75 ms)
0	05:01:27.039	'1300074430': previous successful authorization performed from 197.159.148.151
1	05:09:46.789	'1300074430': ping failed
1	05:09:46.805	'1300074430': datacenter connecting failed [6]
0	05:09:50.616	'1300074430': login on FTMO-Server2 through DC 4 (ping: 253.63 ms)
0	05:09:56.393	'1300074430': login datacenter on FTMO-Server2 through DC 4 (ping: 253.63 ms)
0	05:09:57.598	'1300074430': previous successful authorization performed from 197.159.148.151
1	09:51:18.480	'1300074430': connect failed [Connection échouée]
1	11:10:09.356	MQL5.community: authorization failed
1	11:12:06.491	MQL5.community: authorization failed
1	11:17:06.675	MQL5.community: authorization failed
1	11:22:06.755	MQL5.community: authorization failed
1	11:27:06.717	MQL5.community: authorization failed
1	11:32:06.776	MQL5.community: authorization failed
1	11:37:06.798	MQL5.community: authorization failed
1	11:42:06.829	MQL5.community: authorization failed
1	11:47:06.630	MQL5.community: authorization failed
1	11:52:06.643	MQL5.community: authorization failed
1	11:57:06.894	MQL5.community: authorization failed
1	12:02:06.881	MQL5.community: authorization failed
1	12:07:06.801	MQL5.community: authorization failed
1	12:12:07.007	MQL5.community: authorization failed
1	12:17:06.820	MQL5.community: authorization failed
1	12:22:06.865	MQL5.community: authorization failed
1	12:27:06.743	MQL5.community: authorization failed
1	12:32:06.995	MQL5.community: authorization failed
1	12:37:06.959	MQL5.community: authorization failed
1	12:42:06.993	MQL5.community: authorization failed
1	12:47:07.012	MQL5.community: authorization failed
1	12:52:06.945	MQL5.community: authorization failed
1	12:57:06.769	MQL5.community: authorization failed
1	13:02:07.003	MQL5.community: authorization failed
1	13:07:06.795	MQL5.community: authorization failed
1	13:12:06.983	MQL5.community: authorization failed
1	13:17:06.775	MQL5.community: authorization failed
1	13:22:06.848	MQL5.community: authorization failed
1	13:27:07.011	MQL5.community: authorization failed
1	13:32:07.052	MQL5.community: authorization failed
1	13:37:07.016	MQL5.community: authorization failed
1	13:42:06.746	MQL5.community: authorization failed
1	13:47:07.054	MQL5.community: authorization failed
1	13:52:07.083	MQL5.community: authorization failed
1	13:57:06.835	MQL5.community: authorization failed
1	14:02:07.188	MQL5.community: authorization failed
1	14:07:07.250	MQL5.community: authorization failed
1	14:12:07.167	MQL5.community: authorization failed
1	14:17:07.232	MQL5.community: authorization failed
1	14:22:07.326	MQL5.community: authorization failed
1	14:27:07.235	MQL5.community: authorization failed
1	14:32:07.355	MQL5.community: authorization failed
1	14:37:07.345	MQL5.community: authorization failed
1	14:42:07.406	MQL5.community: authorization failed
1	14:47:07.469	MQL5.community: authorization failed
1	14:52:07.291	MQL5.community: authorization failed
1	14:57:07.387	MQL5.community: authorization failed
1	15:02:07.263	MQL5.community: authorization failed
1	15:07:07.276	MQL5.community: authorization failed
1	15:12:07.527	MQL5.community: authorization failed
1	15:17:07.317	MQL5.community: authorization failed
1	15:22:07.501	MQL5.community: authorization failed
1	15:27:07.488	MQL5.community: authorization failed
1	15:32:07.571	MQL5.community: authorization failed
1	15:37:07.511	MQL5.community: authorization failed
1	15:42:07.557	MQL5.community: authorization failed
1	15:47:07.579	MQL5.community: authorization failed
1	15:52:07.382	MQL5.community: authorization failed
1	15:57:07.584	MQL5.community: authorization failed
1	16:02:07.543	MQL5.community: authorization failed
1	16:07:07.590	MQL5.community: authorization failed
1	16:12:07.413	MQL5.community: authorization failed
1	16:17:07.413	MQL5.community: authorization failed
1	16:22:07.634	MQL5.community: authorization failed
1	16:27:07.502	MQL5.community: authorization failed
1	16:32:07.692	MQL5.community: authorization failed
1	16:37:07.672	MQL5.community: authorization failed
1	16:42:07.889	MQL5.community: authorization failed
1	16:47:19.694	MQL5.community: authorization failed
1	16:52:19.685	MQL5.community: authorization failed
1	16:57:07.900	MQL5.community: authorization failed
1	17:02:20.067	MQL5.community: authorization failed
1	17:07:19.912	MQL5.community: authorization failed
1	17:12:20.015	MQL5.community: authorization failed
1	17:17:07.913	MQL5.community: authorization failed
1	17:22:07.992	MQL5.community: authorization failed
1	17:27:07.991	MQL5.community: authorization failed
1	17:32:07.937	MQL5.community: authorization failed
1	17:37:08.107	MQL5.community: authorization failed
1	17:42:07.788	MQL5.community: authorization failed
1	17:47:08.113	MQL5.community: authorization failed
1	17:52:07.130	MQL5.community: authorization failed
1	17:57:08.104	MQL5.community: authorization failed
1	18:02:08.140	MQL5.community: authorization failed
