1	00:03:23.464	'1300050632': connect failed [Connection échouée]
0	00:04:27.843	'1300050632': login on FTMO-Server2 through DC 2 (ping: n/a)
0	00:04:30.068	'1300050632': login datacenter on FTMO-Server2 through DC 2 (ping: n/a)
0	00:04:30.830	'1300050632': previous successful authorization performed from 154.120.162.144
0	00:04:38.411	'1300050632': auto connecting to a better access point DC 3 (ping is 212.77 ms)
1	00:04:39.009	'1300050632': connect failed [Connection échouée]
0	00:04:56.147	'1300050632': login on FTMO-Server2 through DC 2 (ping: 234.39 ms)
0	00:04:58.174	'1300050632': login datacenter on FTMO-Server2 through DC 2 (ping: 234.39 ms)
0	00:04:58.844	'1300050632': previous successful authorization performed from 154.120.162.144
2	02:32:55.806	Custom indicator AIMS Levels V2 XAUUSD,H1: loaded successfully
2	02:32:55.887	Custom indicator AIMS Entry Alert V1 XAUUSD,H1: loaded successfully
2	02:32:55.930	Custom indicator CandleTimer XAUUSD,H1: loaded successfully
2	02:32:56.075	Custom indicator #Signal_Bars_v6 XAUUSD,H1: loaded successfully
2	02:32:56.112	Custom indicator TrendEnvelopes_v1 XAUUSD,H1: loaded successfully
2	02:32:56.142	Custom indicator guppy_multiple_moving_averages XAUUSD,H1: loaded successfully
2	02:32:56.167	Custom indicator wedges XAUUSD,H1: loaded successfully
2	02:32:56.179	Custom indicator Admiral Pivot XAUUSD,H1: loaded successfully
2	02:32:56.234	Custom indicator AutoTrendChannel XAUUSD,H1: loaded successfully
2	02:32:56.247	Custom indicator FRZ Channel Auto Plotter XAUUSD,H1: loaded successfully
2	02:32:56.257	Custom indicator FRZ News Indicator MT4 XAUUSD,H1: loaded successfully
2	02:32:56.323	Custom indicator Forex Uranus direction XAUUSD,H1: loaded successfully
2	02:32:56.416	Custom indicator aVSA\aVSA clasters XAUUSD,H1: loaded successfully
2	02:32:56.435	Custom indicator aVSA\aVSA Golden Zone XAUUSD,H1: loaded successfully
2	02:32:56.482	Custom indicator breakout-zones\breakout-zones XAUUSD,H1: loaded successfully
2	02:32:56.493	Custom indicator breakout-zones\SL&TP Values XAUUSD,H1: loaded successfully
2	02:32:56.559	Custom indicator AIMS AO V.2.1 XAUUSD,H1: loaded successfully
2	02:32:56.567	Custom indicator IVT_MACD_ZERO_LAG XAUUSD,H1: loaded successfully
2	02:32:56.577	Custom indicator RSI Divergence Levels XAUUSD,H1: loaded successfully
2	02:32:56.590	Custom indicator FRZ Forex Market Session Indicator XAUUSD,H1: loaded successfully
2	02:33:35.306	Custom indicator AIMS Levels V2 GBPCHF,H4: removed
2	02:33:35.349	Custom indicator AIMS Entry Alert V1 GBPCHF,H4: removed
2	02:33:35.351	Custom indicator CandleTimer GBPCHF,H4: removed
2	02:33:35.365	Custom indicator #Signal_Bars_v6 GBPCHF,H4: removed
2	02:33:35.365	Custom indicator AIMS AO V.2.1 GBPCHF,H4: removed
2	02:33:35.368	Custom indicator IVT_MACD_ZERO_LAG GBPCHF,H4: removed
2	02:33:35.796	Custom indicator AIMS Levels V2 USDCAD,H1: removed
2	02:33:35.796	Custom indicator AIMS Entry Alert V1 USDCAD,H1: removed
2	02:33:35.819	Custom indicator CandleTimer USDCAD,H1: removed
2	02:33:35.830	Custom indicator #Signal_Bars_v6 USDCAD,H1: removed
2	02:33:35.830	Custom indicator AIMS AO V.2.1 USDCAD,H1: removed
2	02:33:35.832	Custom indicator IVT_MACD_ZERO_LAG USDCAD,H1: removed
2	02:33:36.368	Custom indicator AIMS Levels V2 CHFJPY,H1: removed
2	02:33:36.384	Custom indicator AIMS Entry Alert V1 CHFJPY,H1: removed
2	02:33:36.430	Custom indicator CandleTimer CHFJPY,H1: removed
2	02:33:36.465	Custom indicator #Signal_Bars_v6 CHFJPY,H1: removed
2	02:33:36.481	Custom indicator AIMS AO V.2.1 CHFJPY,H1: removed
2	02:33:36.497	Custom indicator IVT_MACD_ZERO_LAG CHFJPY,H1: removed
2	02:33:47.154	Custom indicator AIMS Levels V2 WTI,H1: removed
2	02:33:47.162	Custom indicator AIMS Entry Alert V1 WTI,H1: removed
2	02:33:47.167	Custom indicator CandleTimer WTI,H1: removed
2	02:33:47.169	Custom indicator #Signal_Bars_v6 WTI,H1: removed
2	02:33:47.212	Custom indicator TrendEnvelopes_v1 WTI,H1: removed
2	02:33:47.228	Custom indicator guppy_multiple_moving_averages WTI,H1: removed
2	02:33:47.229	Custom indicator wedges WTI,H1: removed
2	02:33:47.252	Custom indicator Admiral Pivot WTI,H1: removed
2	02:33:47.253	Custom indicator AutoTrendChannel WTI,H1: removed
2	02:33:47.276	Custom indicator FRZ Channel Auto Plotter WTI,H1: removed
2	02:33:47.278	Custom indicator FRZ News Indicator MT4 WTI,H1: removed
2	02:33:47.295	Custom indicator Forex Uranus direction WTI,H1: removed
2	02:33:47.295	Custom indicator aVSA clasters WTI,H1: removed
2	02:33:47.321	Custom indicator aVSA Golden Zone WTI,H1: removed
2	02:33:47.325	Custom indicator breakout-zones WTI,H1: removed
2	02:33:47.328	Custom indicator SL&TP Values WTI,H1: removed
2	02:33:47.328	Custom indicator AIMS AO V.2.1 WTI,H1: removed
2	02:33:47.332	Custom indicator IVT_MACD_ZERO_LAG WTI,H1: removed
2	02:33:47.370	Custom indicator RSI Divergence Levels WTI,H1: removed
2	02:33:47.371	Custom indicator FRZ Forex Market Session Indicator WTI,H1: removed
2	02:33:47.840	Custom indicator AIMS Levels V2 BTCUSD,H1: removed
2	02:33:47.841	Custom indicator AIMS Entry Alert V1 BTCUSD,H1: removed
2	02:33:47.842	Custom indicator CandleTimer BTCUSD,H1: removed
2	02:33:47.877	Custom indicator #Signal_Bars_v6 BTCUSD,H1: removed
2	02:33:47.886	Custom indicator AIMS AO V.2.1 BTCUSD,H1: removed
2	02:33:47.890	Custom indicator IVT_MACD_ZERO_LAG BTCUSD,H1: removed
2	02:33:48.348	Custom indicator AIMS Levels V2 EURUSD,H1: removed
2	02:33:48.349	Custom indicator AIMS Entry Alert V1 EURUSD,H1: removed
2	02:33:48.351	Custom indicator CandleTimer EURUSD,H1: removed
2	02:33:48.351	Custom indicator #Signal_Bars_v6 EURUSD,H1: removed
2	02:33:48.351	Custom indicator AIMS AO V.2.1 EURUSD,H1: removed
2	02:33:48.353	Custom indicator IVT_MACD_ZERO_LAG EURUSD,H1: removed
2	02:33:48.672	Custom indicator AIMS Levels V2 GBPJPY,M15: removed
2	02:33:48.673	Custom indicator AIMS Entry Alert V1 GBPJPY,M15: removed
2	02:33:48.687	Custom indicator CandleTimer GBPJPY,M15: removed
2	02:33:48.696	Custom indicator #Signal_Bars_v6 GBPJPY,M15: removed
2	02:33:48.702	Custom indicator TrendEnvelopes_v1 GBPJPY,M15: removed
2	02:33:48.706	Custom indicator guppy_multiple_moving_averages GBPJPY,M15: removed
2	02:33:48.710	Custom indicator wedges GBPJPY,M15: removed
2	02:33:48.713	Custom indicator Admiral Pivot GBPJPY,M15: removed
2	02:33:48.714	Custom indicator AutoTrendChannel GBPJPY,M15: removed
2	02:33:48.715	Custom indicator FRZ Channel Auto Plotter GBPJPY,M15: removed
2	02:33:48.716	Custom indicator FRZ News Indicator MT4 GBPJPY,M15: removed
2	02:33:48.717	Custom indicator Forex Uranus direction GBPJPY,M15: removed
2	02:33:48.732	Custom indicator aVSA clasters GBPJPY,M15: removed
2	02:33:48.734	Custom indicator aVSA Golden Zone GBPJPY,M15: removed
2	02:33:48.740	Custom indicator breakout-zones GBPJPY,M15: removed
2	02:33:48.741	Custom indicator SL&TP Values GBPJPY,M15: removed
2	02:33:48.741	Custom indicator AIMS AO V.2.1 GBPJPY,M15: removed
2	02:33:48.743	Custom indicator IVT_MACD_ZERO_LAG GBPJPY,M15: removed
2	02:33:48.744	Custom indicator RSI Divergence Levels GBPJPY,M15: removed
2	02:33:48.745	Custom indicator FRZ Forex Market Session Indicator GBPJPY,M15: removed
2	02:33:48.821	Custom indicator TitanXpro_Entry2 EURJPY,H1: removed
2	02:33:48.823	Custom indicator TitanXpro_Dash EURJPY,H1: removed
2	02:49:41.104	Custom indicator guppy_multiple_moving_averages XAUUSD,H1: removed
0	02:52:59.176	'1300050632': order sell market 0.07 XAUUSD sl: 0.00 tp: 0.00
0	02:52:59.754	'1300050632': order was opened : #5025426 sell 0.07 XAUUSD at 1867.94 sl: 0.00 tp: 0.00
0	02:53:21.849	'1300050632': modify order #5025426 sell 0.07 XAUUSD at 1867.94 sl: 0.00 tp: 0.00 -> sl: 1875.00 tp: 0.00
0	02:53:22.226	'1300050632': order #5025426 sell 0.07 XAUUSD at 1867.94 was modified -> sl: 1875.00 tp: 0.00
0	02:53:42.140	'1300050632': modify order #5025426 sell 0.07 XAUUSD at 1867.94 sl: 1875.00 tp: 0.00 -> sl: 1875.00 tp: 1825.09
0	02:53:42.530	'1300050632': order #5025426 sell 0.07 XAUUSD at 1867.94 was modified -> sl: 1875.00 tp: 1825.09
0	04:30:53.137	'1300050632': modify order #5025426 sell 0.07 XAUUSD at 1867.94 sl: 1875.00 tp: 1825.09 -> sl: 1876.79 tp: 1825.09
0	04:30:53.477	'1300050632': order #5025426 sell 0.07 XAUUSD at 1867.94 was modified -> sl: 1876.79 tp: 1825.09
2	04:42:37.018	Custom indicator AIMS Levels V2 NZDUSD,H1: loaded successfully
2	04:42:37.109	Custom indicator AIMS Entry Alert V1 NZDUSD,H1: loaded successfully
2	04:42:37.118	Custom indicator CandleTimer NZDUSD,H1: loaded successfully
2	04:42:37.184	Custom indicator #Signal_Bars_v6 NZDUSD,H1: loaded successfully
2	04:42:37.192	Custom indicator TrendEnvelopes_v1 NZDUSD,H1: loaded successfully
2	04:42:37.199	Custom indicator guppy_multiple_moving_averages NZDUSD,H1: loaded successfully
2	04:42:37.206	Custom indicator wedges NZDUSD,H1: loaded successfully
2	04:42:37.214	Custom indicator Admiral Pivot NZDUSD,H1: loaded successfully
2	04:42:37.221	Custom indicator AutoTrendChannel NZDUSD,H1: loaded successfully
2	04:42:37.228	Custom indicator FRZ Channel Auto Plotter NZDUSD,H1: loaded successfully
2	04:42:37.237	Custom indicator FRZ News Indicator MT4 NZDUSD,H1: loaded successfully
2	04:42:37.245	Custom indicator Forex Uranus direction NZDUSD,H1: loaded successfully
2	04:42:37.308	Custom indicator aVSA\aVSA clasters NZDUSD,H1: loaded successfully
2	04:42:37.322	Custom indicator aVSA\aVSA Golden Zone NZDUSD,H1: loaded successfully
2	04:42:37.330	Custom indicator breakout-zones\breakout-zones NZDUSD,H1: loaded successfully
2	04:42:37.338	Custom indicator breakout-zones\SL&TP Values NZDUSD,H1: loaded successfully
2	04:42:37.402	Custom indicator AIMS AO V.2.1 NZDUSD,H1: loaded successfully
2	04:42:37.410	Custom indicator IVT_MACD_ZERO_LAG NZDUSD,H1: loaded successfully
2	04:42:37.417	Custom indicator RSI Divergence Levels NZDUSD,H1: loaded successfully
2	04:42:37.428	Custom indicator FRZ Forex Market Session Indicator NZDUSD,H1: loaded successfully
0	04:45:07.109	'1300050632': order sell market 0.01 NZDUSD sl: 0.00000 tp: 0.00000
0	04:45:07.785	'1300050632': order was opened : #5030454 sell 0.01 NZDUSD at 0.72347 sl: 0.00000 tp: 0.00000
0	04:45:46.978	'1300050632': modify order #5030454 sell 0.01 NZDUSD at 0.72347 sl: 0.00000 tp: 0.00000 -> sl: 0.73200 tp: 0.72030
0	04:45:47.367	'1300050632': order #5030454 sell 0.01 NZDUSD at 0.72347 was modified -> sl: 0.73200 tp: 0.72030
2	04:46:42.834	Custom indicator AIMS Levels V2 USDCAD,H1: loaded successfully
2	04:46:42.902	Custom indicator AIMS Entry Alert V1 USDCAD,H1: loaded successfully
2	04:46:42.908	Custom indicator CandleTimer USDCAD,H1: loaded successfully
2	04:46:42.973	Custom indicator #Signal_Bars_v6 USDCAD,H1: loaded successfully
2	04:46:42.980	Custom indicator TrendEnvelopes_v1 USDCAD,H1: loaded successfully
2	04:46:42.987	Custom indicator guppy_multiple_moving_averages USDCAD,H1: loaded successfully
2	04:46:43.014	Custom indicator wedges USDCAD,H1: loaded successfully
2	04:46:43.022	Custom indicator Admiral Pivot USDCAD,H1: loaded successfully
2	04:46:43.029	Custom indicator AutoTrendChannel USDCAD,H1: loaded successfully
2	04:46:43.036	Custom indicator FRZ Channel Auto Plotter USDCAD,H1: loaded successfully
2	04:46:43.045	Custom indicator FRZ News Indicator MT4 USDCAD,H1: loaded successfully
2	04:46:43.052	Custom indicator Forex Uranus direction USDCAD,H1: loaded successfully
2	04:46:43.118	Custom indicator aVSA\aVSA clasters USDCAD,H1: loaded successfully
2	04:46:43.131	Custom indicator aVSA\aVSA Golden Zone USDCAD,H1: loaded successfully
2	04:46:43.138	Custom indicator breakout-zones\breakout-zones USDCAD,H1: loaded successfully
2	04:46:43.145	Custom indicator breakout-zones\SL&TP Values USDCAD,H1: loaded successfully
2	04:46:43.212	Custom indicator AIMS AO V.2.1 USDCAD,H1: loaded successfully
2	04:46:43.219	Custom indicator IVT_MACD_ZERO_LAG USDCAD,H1: loaded successfully
2	04:46:43.226	Custom indicator RSI Divergence Levels USDCAD,H1: loaded successfully
2	04:46:43.236	Custom indicator FRZ Forex Market Session Indicator USDCAD,H1: loaded successfully
0	04:47:02.820	'1300050632': order buy market 0.01 USDCAD sl: 0.00000 tp: 0.00000
0	04:47:03.409	'1300050632': order was opened : #5030540 buy 0.01 USDCAD at 1.20457 sl: 0.00000 tp: 0.00000
0	04:47:44.636	'1300050632': modify order #5030540 buy 0.01 USDCAD at 1.20457 sl: 0.00000 tp: 0.00000 -> sl: 1.19650 tp: 1.20780
0	04:47:45.054	'1300050632': order #5030540 buy 0.01 USDCAD at 1.20457 was modified -> sl: 1.19650 tp: 1.20780
2	04:48:17.225	Custom indicator AIMS Levels V2 CHFJPY,H1: loaded successfully
2	04:48:17.292	Custom indicator AIMS Entry Alert V1 CHFJPY,H1: loaded successfully
2	04:48:17.298	Custom indicator CandleTimer CHFJPY,H1: loaded successfully
2	04:48:17.369	Custom indicator #Signal_Bars_v6 CHFJPY,H1: loaded successfully
2	04:48:17.376	Custom indicator TrendEnvelopes_v1 CHFJPY,H1: loaded successfully
2	04:48:17.384	Custom indicator guppy_multiple_moving_averages CHFJPY,H1: loaded successfully
2	04:48:17.391	Custom indicator wedges CHFJPY,H1: loaded successfully
2	04:48:17.398	Custom indicator Admiral Pivot CHFJPY,H1: loaded successfully
2	04:48:17.405	Custom indicator AutoTrendChannel CHFJPY,H1: loaded successfully
2	04:48:17.413	Custom indicator FRZ Channel Auto Plotter CHFJPY,H1: loaded successfully
2	04:48:17.421	Custom indicator FRZ News Indicator MT4 CHFJPY,H1: loaded successfully
2	04:48:17.429	Custom indicator Forex Uranus direction CHFJPY,H1: loaded successfully
2	04:48:17.495	Custom indicator aVSA\aVSA clasters CHFJPY,H1: loaded successfully
2	04:48:17.510	Custom indicator aVSA\aVSA Golden Zone CHFJPY,H1: loaded successfully
2	04:48:17.517	Custom indicator breakout-zones\breakout-zones CHFJPY,H1: loaded successfully
2	04:48:17.525	Custom indicator breakout-zones\SL&TP Values CHFJPY,H1: loaded successfully
2	04:48:17.595	Custom indicator AIMS AO V.2.1 CHFJPY,H1: loaded successfully
2	04:48:17.603	Custom indicator IVT_MACD_ZERO_LAG CHFJPY,H1: loaded successfully
2	04:48:17.611	Custom indicator RSI Divergence Levels CHFJPY,H1: loaded successfully
2	04:48:17.622	Custom indicator FRZ Forex Market Session Indicator CHFJPY,H1: loaded successfully
0	04:48:33.113	'1300050632': order sell market 0.01 CHFJPY sl: 0.000 tp: 0.000
0	04:48:33.743	'1300050632': order was opened : #5030596 sell 0.01 CHFJPY at 120.966 sl: 0.000 tp: 0.000
0	04:49:09.171	'1300050632': modify order #5030596 sell 0.01 CHFJPY at 120.966 sl: 0.000 tp: 0.000 -> sl: 121.870 tp: 120.860
0	04:49:09.586	'1300050632': order #5030596 sell 0.01 CHFJPY at 120.966 was modified -> sl: 121.870 tp: 120.860
2	04:51:07.228	Custom indicator AIMS Levels V2 GBPJPY,H1: loaded successfully
2	04:51:07.294	Custom indicator AIMS Entry Alert V1 GBPJPY,H1: loaded successfully
2	04:51:07.300	Custom indicator CandleTimer GBPJPY,H1: loaded successfully
2	04:51:07.365	Custom indicator #Signal_Bars_v6 GBPJPY,H1: loaded successfully
2	04:51:07.372	Custom indicator TrendEnvelopes_v1 GBPJPY,H1: loaded successfully
2	04:51:07.378	Custom indicator guppy_multiple_moving_averages GBPJPY,H1: loaded successfully
2	04:51:07.385	Custom indicator wedges GBPJPY,H1: loaded successfully
2	04:51:07.392	Custom indicator Admiral Pivot GBPJPY,H1: loaded successfully
2	04:51:07.399	Custom indicator AutoTrendChannel GBPJPY,H1: loaded successfully
2	04:51:07.408	Custom indicator FRZ Channel Auto Plotter GBPJPY,H1: loaded successfully
2	04:51:07.417	Custom indicator FRZ News Indicator MT4 GBPJPY,H1: loaded successfully
2	04:51:07.425	Custom indicator Forex Uranus direction GBPJPY,H1: loaded successfully
2	04:51:07.491	Custom indicator aVSA\aVSA clasters GBPJPY,H1: loaded successfully
2	04:51:07.546	Custom indicator aVSA\aVSA Golden Zone GBPJPY,H1: loaded successfully
2	04:51:07.560	Custom indicator breakout-zones\breakout-zones GBPJPY,H1: loaded successfully
2	04:51:07.570	Custom indicator breakout-zones\SL&TP Values GBPJPY,H1: loaded successfully
2	04:51:07.638	Custom indicator AIMS AO V.2.1 GBPJPY,H1: loaded successfully
2	04:51:07.650	Custom indicator IVT_MACD_ZERO_LAG GBPJPY,H1: loaded successfully
2	04:51:07.662	Custom indicator RSI Divergence Levels GBPJPY,H1: loaded successfully
2	04:51:07.679	Custom indicator FRZ Forex Market Session Indicator GBPJPY,H1: loaded successfully
0	04:51:13.448	'1300050632': order sell market 0.01 GBPJPY sl: 0.000 tp: 0.000
0	04:51:14.061	'1300050632': order was opened : #5030708 sell 0.01 GBPJPY at 154.679 sl: 0.000 tp: 0.000
0	04:51:43.577	'1300050632': modify order #5030708 sell 0.01 GBPJPY at 154.679 sl: 0.000 tp: 0.000 -> sl: 155.500 tp: 154.350
0	04:51:43.954	'1300050632': order #5030708 sell 0.01 GBPJPY at 154.679 was modified -> sl: 155.500 tp: 154.350
1	06:02:54.933	'6305310': connect failed [Compte invalide]
0	06:05:36.782	'6305310': login on VantageFXInternational-Live 7
0	06:05:45.804	'6305310': previous successful authorization performed from 154.120.162.144
0	06:06:14.917	'6305310': auto connecting to a better access point DC2-NY (ping is 280.17 ms)
0	06:06:16.040	'6305310': login on VantageFXInternational-Live 7 through DC2-NY (ping: 280.17 ms)
0	06:06:18.386	'6305310': login datacenter on VantageFXInternational-Live 7 through DC2-NY (ping: 280.17 ms)
0	06:06:19.101	'6305310': previous successful authorization performed from 10.30.0.91
0	06:09:34.855	'1300050632': login on FTMO-Server2
0	06:09:36.808	'1300050632': previous successful authorization performed from 154.120.162.144
0	06:09:46.791	'1300050632': auto connecting to a better access point DC 4 (ping is 219.92 ms)
1	06:09:47.399	'1300050632': connect failed [Connection échouée]
0	06:09:53.192	'1300050632': login on FTMO-Server2 through DC 5 (ping: 216.37 ms)
0	06:09:54.993	'1300050632': login datacenter on FTMO-Server2 through DC 5 (ping: 216.37 ms)
0	06:09:55.602	'1300050632': previous successful authorization performed from 154.120.162.144
1	06:22:55.822	'1300050632': ping failed
1	06:22:55.838	'1300050632': datacenter connecting failed [6]
0	06:22:56.750	'1300050632': login on FTMO-Server2 through DC 2 (ping: 233.15 ms)
0	06:22:58.862	'1300050632': login datacenter on FTMO-Server2 through DC 2 (ping: 233.15 ms)
0	06:22:59.506	'1300050632': previous successful authorization performed from 154.120.162.144
2	07:59:35.326	Custom indicator AIMS Levels V2 US500.cash,H1: loaded successfully
2	07:59:35.403	Custom indicator AIMS Entry Alert V1 US500.cash,H1: loaded successfully
2	07:59:35.429	Custom indicator CandleTimer US500.cash,H1: loaded successfully
2	07:59:35.540	Custom indicator #Signal_Bars_v6 US500.cash,H1: loaded successfully
2	07:59:35.562	Custom indicator TrendEnvelopes_v1 US500.cash,H1: loaded successfully
2	07:59:35.572	Custom indicator guppy_multiple_moving_averages US500.cash,H1: loaded successfully
2	07:59:35.582	Custom indicator wedges US500.cash,H1: loaded successfully
2	07:59:35.590	Custom indicator Admiral Pivot US500.cash,H1: loaded successfully
2	07:59:35.596	Custom indicator AutoTrendChannel US500.cash,H1: loaded successfully
2	07:59:35.604	Custom indicator FRZ Channel Auto Plotter US500.cash,H1: loaded successfully
2	07:59:35.613	Custom indicator FRZ News Indicator MT4 US500.cash,H1: loaded successfully
2	07:59:35.621	Custom indicator Forex Uranus direction US500.cash,H1: loaded successfully
2	07:59:35.688	Custom indicator aVSA\aVSA clasters US500.cash,H1: loaded successfully
2	07:59:35.718	Custom indicator aVSA\aVSA Golden Zone US500.cash,H1: loaded successfully
2	07:59:35.732	Custom indicator breakout-zones\breakout-zones US500.cash,H1: loaded successfully
2	07:59:35.741	Custom indicator breakout-zones\SL&TP Values US500.cash,H1: loaded successfully
2	07:59:35.806	Custom indicator AIMS AO V.2.1 US500.cash,H1: loaded successfully
2	07:59:35.814	Custom indicator IVT_MACD_ZERO_LAG US500.cash,H1: loaded successfully
2	07:59:35.843	Custom indicator RSI Divergence Levels US500.cash,H1: loaded successfully
2	07:59:35.859	Custom indicator FRZ Forex Market Session Indicator US500.cash,H1: loaded successfully
2	08:16:53.245	Custom indicator AIMS Levels V2 USOIL.cash,H1: loaded successfully
2	08:16:53.310	Custom indicator AIMS Entry Alert V1 USOIL.cash,H1: loaded successfully
2	08:16:53.315	Custom indicator CandleTimer USOIL.cash,H1: loaded successfully
2	08:16:53.374	Custom indicator #Signal_Bars_v6 USOIL.cash,H1: loaded successfully
2	08:16:53.384	Custom indicator TrendEnvelopes_v1 USOIL.cash,H1: loaded successfully
2	08:16:53.409	Custom indicator guppy_multiple_moving_averages USOIL.cash,H1: loaded successfully
2	08:16:53.414	Custom indicator wedges USOIL.cash,H1: loaded successfully
2	08:16:53.419	Custom indicator Admiral Pivot USOIL.cash,H1: loaded successfully
2	08:16:53.429	Custom indicator AutoTrendChannel USOIL.cash,H1: loaded successfully
2	08:16:53.434	Custom indicator FRZ Channel Auto Plotter USOIL.cash,H1: loaded successfully
2	08:16:53.444	Custom indicator FRZ News Indicator MT4 USOIL.cash,H1: loaded successfully
2	08:16:53.508	Custom indicator Forex Uranus direction USOIL.cash,H1: loaded successfully
2	08:16:53.579	Custom indicator aVSA\aVSA clasters USOIL.cash,H1: loaded successfully
2	08:16:53.612	Custom indicator aVSA\aVSA Golden Zone USOIL.cash,H1: loaded successfully
2	08:16:53.620	Custom indicator breakout-zones\breakout-zones USOIL.cash,H1: loaded successfully
2	08:16:53.627	Custom indicator breakout-zones\SL&TP Values USOIL.cash,H1: loaded successfully
2	08:16:53.716	Custom indicator AIMS AO V.2.1 USOIL.cash,H1: loaded successfully
2	08:16:53.723	Custom indicator IVT_MACD_ZERO_LAG USOIL.cash,H1: loaded successfully
2	08:16:53.731	Custom indicator RSI Divergence Levels USOIL.cash,H1: loaded successfully
2	08:16:53.741	Custom indicator FRZ Forex Market Session Indicator USOIL.cash,H1: loaded successfully
0	08:48:14.658	'1300050632': order sell market 0.09 GBPCAD sl: 0.00000 tp: 0.00000
0	08:48:15.243	'1300050632': order was opened : #5038137 sell 0.09 GBPCAD at 1.70634 sl: 0.00000 tp: 0.00000
0	08:48:27.058	'1300050632': modify order #5038137 sell 0.09 GBPCAD at 1.70634 sl: 0.00000 tp: 0.00000 -> sl: 1.71104 tp: 0.00000
0	08:48:27.406	'1300050632': order #5038137 sell 0.09 GBPCAD at 1.70634 was modified -> sl: 1.71104 tp: 0.00000
2	08:48:36.998	Custom indicator AIMS Levels V2 GBPCAD,H1: loaded successfully
2	08:48:37.088	Custom indicator AIMS Entry Alert V1 GBPCAD,H1: loaded successfully
2	08:48:37.095	Custom indicator CandleTimer GBPCAD,H1: loaded successfully
2	08:48:37.170	Custom indicator #Signal_Bars_v6 GBPCAD,H1: loaded successfully
2	08:48:37.179	Custom indicator TrendEnvelopes_v1 GBPCAD,H1: loaded successfully
2	08:48:37.187	Custom indicator guppy_multiple_moving_averages GBPCAD,H1: loaded successfully
2	08:48:37.195	Custom indicator wedges GBPCAD,H1: loaded successfully
2	08:48:37.203	Custom indicator Admiral Pivot GBPCAD,H1: loaded successfully
2	08:48:37.211	Custom indicator AutoTrendChannel GBPCAD,H1: loaded successfully
2	08:48:37.219	Custom indicator FRZ Channel Auto Plotter GBPCAD,H1: loaded successfully
2	08:48:37.229	Custom indicator FRZ News Indicator MT4 GBPCAD,H1: loaded successfully
2	08:48:37.266	Custom indicator Forex Uranus direction GBPCAD,H1: loaded successfully
2	08:48:37.339	Custom indicator aVSA\aVSA clasters GBPCAD,H1: loaded successfully
2	08:48:37.354	Custom indicator aVSA\aVSA Golden Zone GBPCAD,H1: loaded successfully
2	08:48:37.361	Custom indicator breakout-zones\breakout-zones GBPCAD,H1: loaded successfully
2	08:48:37.368	Custom indicator breakout-zones\SL&TP Values GBPCAD,H1: loaded successfully
2	08:48:37.433	Custom indicator AIMS AO V.2.1 GBPCAD,H1: loaded successfully
2	08:48:37.440	Custom indicator IVT_MACD_ZERO_LAG GBPCAD,H1: loaded successfully
2	08:48:37.448	Custom indicator RSI Divergence Levels GBPCAD,H1: loaded successfully
2	08:48:37.459	Custom indicator FRZ Forex Market Session Indicator GBPCAD,H1: loaded successfully
1	09:20:31.259	'1300050632': datacenter connecting failed [6]
1	09:20:34.453	'1300050632': connect failed [Connection échouée]
0	10:49:56.495	'1300050632': login on FTMO-Server2 through DC 1 (ping: n/a)
0	10:49:59.262	'1300050632': login datacenter on FTMO-Server2 through DC 1 (ping: n/a)
0	10:50:00.179	'1300050632': previous successful authorization performed from 154.120.162.144
0	10:50:14.914	'1300050632': auto connecting to a better access point DC 4 (ping is 224.44 ms)
1	10:50:15.712	'1300050632': connect failed [Connection échouée]
0	10:50:27.690	'1300050632': login on FTMO-Server2 through DC 2 (ping: 240.91 ms)
0	10:50:30.197	'1300050632': login datacenter on FTMO-Server2 through DC 2 (ping: 240.91 ms)
0	10:50:31.048	'1300050632': previous successful authorization performed from 41.63.134.25
0	10:57:48.594	'1300050632': order sell market 0.07 EURCHF sl: 0.00000 tp: 0.00000
0	10:57:49.293	'1300050632': order was opened : #5049045 sell 0.07 EURCHF at 1.09565 sl: 0.00000 tp: 0.00000
0	10:57:58.206	'1300050632': modify order #5049045 sell 0.07 EURCHF at 1.09565 sl: 0.00000 tp: 0.00000 -> sl: 1.09894 tp: 0.00000
0	10:57:58.680	'1300050632': order #5049045 sell 0.07 EURCHF at 1.09565 was modified -> sl: 1.09894 tp: 0.00000
1	11:01:31.041	'1300050632': ping failed
1	11:01:31.042	'1300050632': datacenter connecting failed [6]
1	11:01:31.800	'1300050632': connect failed [Connection échouée]
0	16:37:14.408	'1300050632': login on FTMO-Server2 through DC 1 (ping: n/a)
0	16:37:16.979	'1300050632': login datacenter on FTMO-Server2 through DC 1 (ping: n/a)
0	16:37:21.218	'1300050632': previous successful authorization performed from 154.126.11.215
0	16:37:34.957	'1300050632': auto connecting to a better access point DC 4 (ping is 250.33 ms)
1	16:37:35.571	'1300050632': connect failed [Connection échouée]
0	16:37:41.583	'1300050632': login on FTMO-Server2 through DC 3 (ping: 228.27 ms)
0	16:37:44.057	'1300050632': login datacenter on FTMO-Server2 through DC 3 (ping: 228.27 ms)
0	16:37:44.707	'1300050632': previous successful authorization performed from 154.126.12.85
0	16:40:56.369	'1300050632': order buy market 0.20 GER30.cash sl: 0.00 tp: 0.00
0	16:41:00.695	'1300050632': order was opened : #5081217 buy 0.20 GER30.cash at 15386.65 sl: 0.00 tp: 0.00
0	16:41:22.697	'1300050632': modify order #5081217 buy 0.20 GER30.cash at 15386.65 sl: 0.00 tp: 0.00 -> sl: 15345.00 tp: 0.00
0	16:41:26.862	'1300050632': order #5081217 buy 0.20 GER30.cash at 15386.65 was modified -> sl: 15345.00 tp: 0.00
0	16:42:02.765	'1300050632': modify order #5081217 buy 0.20 GER30.cash at 15386.65 sl: 15345.00 tp: 0.00 -> sl: 15345.00 tp: 15525.00
0	16:42:17.009	'1300050632': order #5081217 buy 0.20 GER30.cash at 15386.65 was modified -> sl: 15345.00 tp: 15525.00
0	16:42:53.684	'1300050632': order buy market 0.20 US30.cash sl: 0.00 tp: 0.00
0	16:42:54.591	'1300050632': order was opened : #5081544 buy 0.20 US30.cash at 34349.10 sl: 0.00 tp: 0.00
0	16:43:08.314	'1300050632': modify order #5081544 buy 0.20 US30.cash at 34349.10 sl: 0.00 tp: 0.00 -> sl: 34319.00 tp: 0.00
0	16:43:08.811	'1300050632': order #5081544 buy 0.20 US30.cash at 34349.10 was modified -> sl: 34319.00 tp: 0.00
0	16:44:19.547	'1300050632': modify order #5081544 buy 0.20 US30.cash at 34349.10 sl: 34319.00 tp: 0.00 -> sl: 34353.14 tp: 0.00
0	16:44:20.046	'1300050632': order #5081544 buy 0.20 US30.cash at 34349.10 was modified -> sl: 34353.14 tp: 0.00
0	16:44:24.765	'1300050632': order sell market 0.07 XAUUSD sl: 0.00 tp: 0.00
0	16:44:25.601	'1300050632': order was opened : #5081929 sell 0.07 XAUUSD at 1867.37 sl: 0.00 tp: 0.00
0	16:44:46.551	'1300050632': modify order #5081929 sell 0.07 XAUUSD at 1867.37 sl: 0.00 tp: 0.00 -> sl: 1875.40 tp: 0.00
0	16:44:47.480	'1300050632': order #5081929 sell 0.07 XAUUSD at 1867.37 was modified -> sl: 1875.40 tp: 0.00
0	16:45:02.570	'1300050632': close order #5081544 buy 0.20 US30.cash at 34349.10 sl: 34353.14 tp: 0.00 at price 0.00
0	16:45:03.686	'1300050632': order #5081544 buy 0.20 US30.cash at 34349.10 sl: 34353.14 tp: 0.00 closed at price 34368.00
0	16:46:48.036	'1300050632': order sell market 0.07 US100.cash sl: 0.00 tp: 0.00
0	16:47:30.128	'1300050632': order was opened : #5082544 sell 0.07 US100.cash at 13347.85 sl: 0.00 tp: 0.00
0	16:47:56.998	'1300050632': modify order #5082544 sell 0.07 US100.cash at 13347.85 sl: 0.00 tp: 0.00 -> sl: 13453.70 tp: 0.00
0	16:48:19.753	'1300050632': order #5082544 sell 0.07 US100.cash at 13347.85 was modified -> sl: 13453.70 tp: 0.00
0	16:49:49.418	'1300050632': close order #5082544 sell 0.07 US100.cash at 13347.85 sl: 13453.70 tp: 0.00 at price 0.00
0	16:49:50.091	'1300050632': order #5082544 sell 0.07 US100.cash at 13347.85 sl: 13453.70 tp: 0.00 closed at price 13321.80
0	16:52:39.429	'1300050632': order sell market 0.07 US100.cash sl: 0.00 tp: 0.00
0	16:52:40.065	'1300050632': order was opened : #5083302 sell 0.07 US100.cash at 13326.75 sl: 0.00 tp: 0.00
0	16:53:05.268	'1300050632': modify order #5083302 sell 0.07 US100.cash at 13326.75 sl: 0.00 tp: 0.00 -> sl: 0.00 tp: 13120.00
0	16:53:05.732	'1300050632': order #5083302 sell 0.07 US100.cash at 13326.75 was modified -> sl: 0.00 tp: 13120.00
0	16:53:17.313	'1300050632': modify order #5083302 sell 0.07 US100.cash at 13326.75 sl: 0.00 tp: 13120.00 -> sl: 13451.59 tp: 13120.00
0	16:53:17.765	'1300050632': order #5083302 sell 0.07 US100.cash at 13326.75 was modified -> sl: 13451.59 tp: 13120.00
2	16:53:59.179	Expert Admiral - Mini Terminal GER30.cash,M5: loaded successfully
0	16:54:27.053	'1300050632': modify order #5081217 buy 0.20 GER30.cash at 15386.65 sl: 15345.00 tp: 15525.00 -> sl: 15345.00 tp: 15386.65
0	16:54:27.924	'1300050632': order #5081217 buy 0.20 GER30.cash at 15386.65 was modified -> sl: 15345.00 tp: 15386.65
0	16:55:22.019	'1300050632': order #5038137 sell 0.09 GBPCAD at 1.70634 closed due stop-loss at price 1.71102
0	16:57:25.814	'1300050632': modify order #5081929 sell 0.07 XAUUSD at 1867.37 sl: 1875.40 tp: 0.00 -> sl: 1875.40 tp: 1830.53
0	16:57:26.227	'1300050632': order #5081929 sell 0.07 XAUUSD at 1867.37 was modified -> sl: 1875.40 tp: 1830.53
0	16:57:34.532	'1300050632': modify order #5081929 sell 0.07 XAUUSD at 1867.37 sl: 1875.40 tp: 1830.53 -> sl: 1875.40 tp: 1855.23
0	16:57:35.045	'1300050632': order #5081929 sell 0.07 XAUUSD at 1867.37 was modified -> sl: 1875.40 tp: 1855.23
0	16:58:47.186	'1300050632': close order #5081929 sell 0.07 XAUUSD at 1867.37 sl: 1875.40 tp: 1855.23 at price 0.00
0	16:58:47.856	'1300050632': order #5081929 sell 0.07 XAUUSD at 1867.37 sl: 1875.40 tp: 1855.23 closed at price 1864.70
0	16:59:42.828	'1300050632': order sell market 0.07 XAUUSD sl: 0.00 tp: 0.00
0	16:59:44.111	'1300050632': order was opened : #5084604 sell 0.07 XAUUSD at 1864.34 sl: 0.00 tp: 0.00
0	16:59:59.831	'1300050632': modify order #5084604 sell 0.07 XAUUSD at 1864.34 sl: 0.00 tp: 0.00 -> sl: 1868.90 tp: 0.00
0	17:00:00.262	'1300050632': order #5084604 sell 0.07 XAUUSD at 1864.34 was modified -> sl: 1868.90 tp: 0.00
0	17:00:19.232	'1300050632': modify order #5084604 sell 0.07 XAUUSD at 1864.34 sl: 1868.90 tp: 0.00 -> sl: 1868.90 tp: 1855.72
0	17:00:19.659	'1300050632': order #5084604 sell 0.07 XAUUSD at 1864.34 was modified -> sl: 1868.90 tp: 1855.72
0	17:02:32.759	'1300050632': order #5081217 buy 0.20 GER30.cash at 15386.65 closed due stop-loss at price 15342.95
0	17:03:55.591	'1300050632': order sell market 0.08 NZDUSD sl: 0.00000 tp: 0.00000
0	17:03:56.228	'1300050632': order was opened : #5085883 sell 0.08 NZDUSD at 0.72448 sl: 0.00000 tp: 0.00000
0	17:04:17.881	'1300050632': modify order #5085883 sell 0.08 NZDUSD at 0.72448 sl: 0.00000 tp: 0.00000 -> sl: 0.72680 tp: 0.00000
0	17:04:18.407	'1300050632': order #5085883 sell 0.08 NZDUSD at 0.72448 was modified -> sl: 0.72680 tp: 0.00000
1	17:09:49.341	'1300050632': ping failed
1	17:09:49.343	'1300050632': datacenter connecting failed [6]
1	17:09:50.042	'1300050632': connect failed [Connection échouée]
