1	15:32:28.561	'1300050632': ping failed
1	15:32:29.626	'1300050632': connect failed [Connection échouée]
1	15:32:30.986	MQL5.community: authorization failed
0	15:33:02.872	'1300050632': login on FTMO-Server2 through DC 1 (ping: n/a)
0	15:33:05.130	'1300050632': login datacenter on FTMO-Server2 through DC 1 (ping: n/a)
0	15:33:06.051	'1300050632': previous successful authorization performed from 154.126.11.49
0	15:33:14.951	'1300050632': auto connecting to a better access point DC 4 (ping is 219.58 ms)
1	15:33:15.573	'1300050632': connect failed [Connection échouée]
0	15:33:21.599	'1300050632': login on FTMO-Server2 through DC 5 (ping: 209.29 ms)
0	15:33:23.442	'1300050632': login datacenter on FTMO-Server2 through DC 5 (ping: 209.29 ms)
0	15:33:24.118	'1300050632': previous successful authorization performed from 197.149.28.185
1	17:29:29.229	'1300050632': ping failed
1	17:29:29.235	'1300050632': datacenter connecting failed [6]
1	17:29:30.046	'1300050632': connect failed [Connection échouée]
0	17:32:44.927	'1300050632': login on FTMO-Server2 through DC 2 (ping: n/a)
0	17:32:47.020	'1300050632': login datacenter on FTMO-Server2 through DC 2 (ping: n/a)
0	17:32:47.826	'1300050632': previous successful authorization performed from 197.149.28.185
0	17:32:56.406	'1300050632': auto connecting to a better access point DC 4 (ping is 205.40 ms)
1	17:32:57.267	'1300050632': connect failed [Connection échouée]
0	17:33:03.091	'1300050632': login on FTMO-Server2 through DC 3 (ping: 201.96 ms)
0	17:33:04.845	'1300050632': login datacenter on FTMO-Server2 through DC 3 (ping: 201.96 ms)
0	17:33:05.440	'1300050632': previous successful authorization performed from 154.126.121.136
1	21:13:31.572	'1300050632': ping failed
1	21:13:33.197	'1300050632': connect failed [Connection échouée]
0	21:13:53.640	'1300050632': login on FTMO-Server2 through DC 1 (ping: n/a)
0	21:13:57.251	'1300050632': login datacenter on FTMO-Server2 through DC 1 (ping: n/a)
0	21:14:13.110	'1300050632': login on FTMO-Server2 through DC 1 (ping: n/a)
0	21:14:19.485	'1300050632': login datacenter on FTMO-Server2 through DC 1 (ping: n/a)
0	21:14:20.328	'1300050632': previous successful authorization performed from 102.68.237.194
0	21:14:30.989	'1300050632': auto connecting to a better access point DC 4 (ping is 242.93 ms)
1	21:14:33.063	'1300050632': connect failed [Connection échouée]
0	21:14:39.080	'1300050632': login on FTMO-Server2 through DC 5 (ping: 246.32 ms)
0	21:14:49.126	'1300050632': login datacenter on FTMO-Server2 through DC 5 (ping: 246.32 ms)
0	21:14:56.794	'1300050632': previous successful authorization performed from 154.126.12.241
1	21:22:37.256	'1300050632': ping failed
0	21:22:38.096	'1300050632': login on FTMO-Server2 through DC 5 (ping: 246.32 ms)
0	21:22:40.689	'1300050632': login datacenter on FTMO-Server2 through DC 5 (ping: 246.32 ms)
0	21:22:41.554	'1300050632': previous successful authorization performed from 154.126.12.30
1	21:45:37.572	'1300050632': datacenter connecting failed [6]
0	21:45:41.382	'1300050632': login on FTMO-Server2 through DC 5 (ping: 246.32 ms)
0	21:45:43.892	'1300050632': login datacenter on FTMO-Server2 through DC 5 (ping: 246.32 ms)
0	21:45:44.471	'1300050632': previous successful authorization performed from 102.68.237.194
