1	00:42:05.095	'6305310': connect failed [Connection échouée]
0	00:42:17.703	'6305310': login on VantageFXInternational-Live 7 through DC5-Sydney (ping: 636.27 ms)
0	00:42:22.250	'6305310': login datacenter on VantageFXInternational-Live 7 through DC5-Sydney (ping: 636.27 ms)
0	00:42:23.442	'6305310': previous successful authorization performed from 173.248.150.178
0	00:42:48.021	'6305310': auto connecting to a better access point DC1-LD (ping is 293.96 ms)
0	00:42:49.003	'6305310': login on VantageFXInternational-Live 7 through DC1-LD (ping: 293.96 ms)
0	00:42:51.421	'6305310': login datacenter on VantageFXInternational-Live 7 through DC1-LD (ping: 293.96 ms)
0	00:42:52.137	'6305310': previous successful authorization performed from 173.248.150.178
1	01:27:41.794	'6305310': connect failed [Connection échouée]
0	04:29:43.263	'6305310': login on VantageFXInternational-Live 7 through DC1-LD (ping: n/a)
0	04:29:45.513	'6305310': login datacenter on VantageFXInternational-Live 7 through DC1-LD (ping: n/a)
0	04:29:46.198	'6305310': previous successful authorization performed from 197.159.150.225
0	04:30:01.260	'6305310': ping to current access point DC1-LD is 282.53 ms
2	06:03:22.321	Custom indicator AIMS Entry Alert V1 BTCUSD,H1: loaded successfully
2	06:03:22.356	Custom indicator CandleTimer BTCUSD,H1: loaded successfully
2	06:03:22.427	Custom indicator #Signal_Bars_v6 BTCUSD,H1: loaded successfully
2	06:03:22.464	Custom indicator TrendEnvelopes_v1 BTCUSD,H1: loaded successfully
2	06:03:22.474	Custom indicator wedges BTCUSD,H1: loaded successfully
2	06:03:22.493	Custom indicator Admiral Pivot BTCUSD,H1: loaded successfully
2	06:03:22.517	Custom indicator AutoTrendChannel BTCUSD,H1: loaded successfully
2	06:03:22.537	Custom indicator FRZ Channel Auto Plotter BTCUSD,H1: loaded successfully
2	06:03:22.572	Custom indicator Forex Uranus direction BTCUSD,H1: loaded successfully
2	06:03:22.637	Custom indicator aVSA\aVSA clasters BTCUSD,H1: loaded successfully
2	06:03:22.667	Custom indicator aVSA\aVSA Golden Zone BTCUSD,H1: loaded successfully
2	06:03:22.678	Custom indicator breakout-zones\breakout-zones BTCUSD,H1: loaded successfully
2	06:03:22.720	Custom indicator breakout-zones\SL&TP Values BTCUSD,H1: loaded successfully
2	06:03:22.759	Custom indicator PositionSizeCalculator BTCUSD,H1: loaded successfully
2	06:03:22.769	Custom indicator DaVinci Truly News Indicator 2.3.95 BTCUSD,H1: loaded successfully
2	06:03:22.836	Custom indicator AIMS AO V.2.1 BTCUSD,H1: loaded successfully
2	06:03:22.844	Custom indicator IVT_MACD_ZERO_LAG BTCUSD,H1: loaded successfully
2	06:03:22.854	Custom indicator RSI Divergence Levels BTCUSD,H1: loaded successfully
2	06:03:22.861	Custom indicator RenkoMaker_Confirm BTCUSD,H1: loaded successfully
2	06:03:22.870	Custom indicator FRZ Forex Market Session Indicator BTCUSD,H1: loaded successfully
2	06:37:18.584	Expert Admiral - Mini Terminal NAS100,M15: removed
2	06:37:19.020	Custom indicator AIMS Entry Alert V1 NAS100,M15: removed
2	06:37:19.021	Custom indicator CandleTimer NAS100,M15: removed
2	06:37:19.021	Custom indicator #Signal_Bars_v6 NAS100,M15: removed
2	06:37:19.022	Custom indicator TrendEnvelopes_v1 NAS100,M15: removed
2	06:37:19.024	Custom indicator wedges NAS100,M15: removed
2	06:37:19.025	Custom indicator Admiral Pivot NAS100,M15: removed
2	06:37:19.026	Custom indicator AutoTrendChannel NAS100,M15: removed
2	06:37:19.027	Custom indicator FRZ Channel Auto Plotter NAS100,M15: removed
2	06:37:19.028	Custom indicator Forex Uranus direction NAS100,M15: removed
2	06:37:19.028	Custom indicator aVSA clasters NAS100,M15: removed
2	06:37:19.031	Custom indicator aVSA Golden Zone NAS100,M15: removed
2	06:37:19.032	Custom indicator breakout-zones NAS100,M15: removed
2	06:37:19.033	Custom indicator SL&TP Values NAS100,M15: removed
2	06:37:19.048	Custom indicator PositionSizeCalculator NAS100,M15: removed
2	06:37:19.050	Custom indicator DaVinci Truly News Indicator 2.3.95 NAS100,M15: removed
2	06:37:19.050	Custom indicator AIMS AO V.2.1 NAS100,M15: removed
2	06:37:19.051	Custom indicator IVT_MACD_ZERO_LAG NAS100,M15: removed
2	06:37:19.052	Custom indicator RSI Divergence Levels NAS100,M15: removed
2	06:37:19.053	Custom indicator RenkoMaker_Confirm NAS100,M15: removed
2	06:37:19.054	Custom indicator FRZ Forex Market Session Indicator NAS100,M15: removed
2	06:37:19.058	Custom indicator AIMS Entry Alert V1 DJ30,M15: removed
2	06:37:19.059	Custom indicator CandleTimer DJ30,M15: removed
2	06:37:19.059	Custom indicator #Signal_Bars_v6 DJ30,M15: removed
2	06:37:19.060	Custom indicator TrendEnvelopes_v1 DJ30,M15: removed
2	06:37:19.062	Custom indicator wedges DJ30,M15: removed
2	06:37:19.063	Custom indicator Admiral Pivot DJ30,M15: removed
2	06:37:19.064	Custom indicator AutoTrendChannel DJ30,M15: removed
2	06:37:19.065	Custom indicator FRZ Channel Auto Plotter DJ30,M15: removed
2	06:37:19.066	Custom indicator Forex Uranus direction DJ30,M15: removed
2	06:37:19.066	Custom indicator aVSA clasters DJ30,M15: removed
2	06:37:19.069	Custom indicator aVSA Golden Zone DJ30,M15: removed
2	06:37:19.070	Custom indicator breakout-zones DJ30,M15: removed
2	06:37:19.071	Custom indicator SL&TP Values DJ30,M15: removed
2	06:37:19.087	Custom indicator PositionSizeCalculator DJ30,M15: removed
2	06:37:19.089	Custom indicator DaVinci Truly News Indicator 2.3.95 DJ30,M15: removed
2	06:37:19.089	Custom indicator AIMS AO V.2.1 DJ30,M15: removed
2	06:37:19.090	Custom indicator IVT_MACD_ZERO_LAG DJ30,M15: removed
2	06:37:19.091	Custom indicator RSI Divergence Levels DJ30,M15: removed
2	06:37:19.092	Custom indicator RenkoMaker_Confirm DJ30,M15: removed
2	06:37:19.093	Custom indicator FRZ Forex Market Session Indicator DJ30,M15: removed
2	06:37:19.124	Custom indicator AIMS Entry Alert V1 USDMXN,H1: removed
2	06:37:19.126	Custom indicator CandleTimer USDMXN,H1: removed
2	06:37:19.126	Custom indicator #Signal_Bars_v6 USDMXN,H1: removed
2	06:37:19.127	Custom indicator TrendEnvelopes_v1 USDMXN,H1: removed
2	06:37:19.128	Custom indicator wedges USDMXN,H1: removed
2	06:37:19.129	Custom indicator Admiral Pivot USDMXN,H1: removed
2	06:37:19.130	Custom indicator AutoTrendChannel USDMXN,H1: removed
2	06:37:19.131	Custom indicator FRZ Channel Auto Plotter USDMXN,H1: removed
2	06:37:19.133	Custom indicator Forex Uranus direction USDMXN,H1: removed
2	06:37:19.133	Custom indicator aVSA clasters USDMXN,H1: removed
2	06:37:19.135	Custom indicator aVSA Golden Zone USDMXN,H1: removed
2	06:37:19.137	Custom indicator breakout-zones USDMXN,H1: removed
2	06:37:19.138	Custom indicator SL&TP Values USDMXN,H1: removed
2	06:37:19.139	Custom indicator PositionSizeCalculator USDMXN,H1: removed
2	06:37:19.140	Custom indicator DaVinci Truly News Indicator 2.3.95 USDMXN,H1: removed
2	06:37:19.141	Custom indicator AIMS AO V.2.1 USDMXN,H1: removed
2	06:37:19.167	Custom indicator IVT_MACD_ZERO_LAG USDMXN,H1: removed
2	06:37:19.168	Custom indicator RSI Divergence Levels USDMXN,H1: removed
2	06:37:19.170	Custom indicator RenkoMaker_Confirm USDMXN,H1: removed
2	06:37:19.171	Custom indicator FRZ Forex Market Session Indicator USDMXN,H1: removed
2	06:37:19.174	Custom indicator AIMS Entry Alert V1 XAUUSD,M15: removed
2	06:37:19.175	Custom indicator CandleTimer XAUUSD,M15: removed
2	06:37:19.175	Custom indicator #Signal_Bars_v6 XAUUSD,M15: removed
2	06:37:19.176	Custom indicator TrendEnvelopes_v1 XAUUSD,M15: removed
2	06:37:19.178	Custom indicator wedges XAUUSD,M15: removed
2	06:37:19.179	Custom indicator Admiral Pivot XAUUSD,M15: removed
2	06:37:19.180	Custom indicator AutoTrendChannel XAUUSD,M15: removed
2	06:37:19.182	Custom indicator FRZ Channel Auto Plotter XAUUSD,M15: removed
2	06:37:19.183	Custom indicator Forex Uranus direction XAUUSD,M15: removed
2	06:37:19.183	Custom indicator aVSA clasters XAUUSD,M15: removed
2	06:37:19.186	Custom indicator aVSA Golden Zone XAUUSD,M15: removed
2	06:37:19.187	Custom indicator breakout-zones XAUUSD,M15: removed
2	06:37:19.188	Custom indicator SL&TP Values XAUUSD,M15: removed
2	06:37:19.206	Custom indicator PositionSizeCalculator XAUUSD,M15: removed
2	06:37:19.227	Custom indicator DaVinci Truly News Indicator 2.3.95 XAUUSD,M15: removed
2	06:37:19.227	Custom indicator AIMS AO V.2.1 XAUUSD,M15: removed
2	06:37:19.229	Custom indicator IVT_MACD_ZERO_LAG XAUUSD,M15: removed
2	06:37:19.230	Custom indicator RSI Divergence Levels XAUUSD,M15: removed
2	06:37:19.231	Custom indicator RenkoMaker_Confirm XAUUSD,M15: removed
2	06:37:19.233	Custom indicator FRZ Forex Market Session Indicator XAUUSD,M15: removed
2	06:37:19.236	Custom indicator AIMS Levels V2 EURJPY,H1: removed
2	06:37:19.236	Custom indicator AIMS Entry Alert V1 EURJPY,H1: removed
2	06:37:19.238	Custom indicator CandleTimer EURJPY,H1: removed
2	06:37:19.252	Custom indicator #Signal_Bars_v6 EURJPY,H1: removed
2	06:37:19.252	Custom indicator AIMS AO V.2.1 EURJPY,H1: removed
2	06:37:19.254	Custom indicator IVT_MACD_ZERO_LAG EURJPY,H1: removed
2	06:37:19.259	Custom indicator AIMS Entry Alert V1 BTCUSD,H1: removed
2	06:37:19.260	Custom indicator CandleTimer BTCUSD,H1: removed
2	06:37:19.260	Custom indicator #Signal_Bars_v6 BTCUSD,H1: removed
2	06:37:19.261	Custom indicator TrendEnvelopes_v1 BTCUSD,H1: removed
2	06:37:19.262	Custom indicator wedges BTCUSD,H1: removed
2	06:37:19.264	Custom indicator Admiral Pivot BTCUSD,H1: removed
2	06:37:19.265	Custom indicator AutoTrendChannel BTCUSD,H1: removed
2	06:37:19.266	Custom indicator FRZ Channel Auto Plotter BTCUSD,H1: removed
2	06:37:19.267	Custom indicator Forex Uranus direction BTCUSD,H1: removed
2	06:37:19.267	Custom indicator aVSA clasters BTCUSD,H1: removed
2	06:37:19.270	Custom indicator aVSA Golden Zone BTCUSD,H1: removed
2	06:37:19.271	Custom indicator breakout-zones BTCUSD,H1: removed
2	06:37:19.283	Custom indicator SL&TP Values BTCUSD,H1: removed
2	06:37:19.332	Custom indicator PositionSizeCalculator BTCUSD,H1: removed
2	06:37:19.334	Custom indicator DaVinci Truly News Indicator 2.3.95 BTCUSD,H1: removed
2	06:37:19.334	Custom indicator AIMS AO V.2.1 BTCUSD,H1: removed
2	06:37:19.335	Custom indicator IVT_MACD_ZERO_LAG BTCUSD,H1: removed
2	06:37:19.337	Custom indicator RSI Divergence Levels BTCUSD,H1: removed
2	06:37:19.338	Custom indicator RenkoMaker_Confirm BTCUSD,H1: removed
2	06:37:19.339	Custom indicator FRZ Forex Market Session Indicator BTCUSD,H1: removed
0	06:37:20.204	Admiral Markets build 1335 stopped
