0	08:35:09.838	Admiral Markets build 1320 started (Admiral Markets Group AS)
0	08:35:09.838	Windows 10 Pro x64, IE 11, UAC, 8 x Intel Core i7-10510U  @ 1.80GHz, Memory: 1897 / 8014 Mb, Disk: 12 / 237 Gb, GMT+3
0	08:35:09.838	Data Folder: C:\Users\SRIE\AppData\Roaming\MetaQuotes\Terminal\51337600F56B69473E15EAFB8A7586B4
2	08:35:15.868	Custom indicator AIMS Levels V2 CHFJPY,H1: loaded successfully
2	08:35:15.930	Custom indicator AIMS Entry Alert V1 CHFJPY,H1: loaded successfully
2	08:35:15.946	Custom indicator CandleTimer CHFJPY,H1: loaded successfully
2	08:35:16.008	Custom indicator #Signal_Bars_v6 CHFJPY,H1: loaded successfully
2	08:35:16.008	Custom indicator TrendEnvelopes_v1 CHFJPY,H1: loaded successfully
2	08:35:16.024	Custom indicator guppy_multiple_moving_averages CHFJPY,H1: loaded successfully
2	08:35:16.024	Custom indicator wedges CHFJPY,H1: loaded successfully
2	08:35:16.040	Custom indicator Admiral Pivot CHFJPY,H1: loaded successfully
2	08:35:16.040	Custom indicator AutoTrendChannel CHFJPY,H1: loaded successfully
2	08:35:16.040	Custom indicator FRZ Channel Auto Plotter CHFJPY,H1: loaded successfully
2	08:35:16.055	Custom indicator FRZ News Indicator MT4 CHFJPY,H1: loaded successfully
2	08:35:16.055	Custom indicator Forex Uranus direction CHFJPY,H1: loaded successfully
2	08:35:16.071	Custom indicator Quadrilateral CHFJPY,H1: loaded successfully
2	08:35:16.133	Custom indicator AIMS AO V.2.1 CHFJPY,H1: loaded successfully
2	08:35:16.133	Custom indicator IVT_MACD_ZERO_LAG CHFJPY,H1: loaded successfully
2	08:35:16.149	Custom indicator RSI Divergence Levels CHFJPY,H1: loaded successfully
2	08:35:16.149	Custom indicator FRZ Forex Market Session Indicator CHFJPY,H1: loaded successfully
0	08:35:22.343	'27153390': login on AdmiralMarkets-Live through Access Point #9 (ping: 205.93 ms)
0	08:35:28.254	'27153390': login datacenter on AdmiralMarkets-Live through Access Point #9 (ping: 205.93 ms)
0	08:35:29.037	'27153390': previous successful authorization performed from 154.126.12.131
0	08:35:34.145	'2100259053': login on FTMO-Demo through DC3 (ping: 250.03 ms)
0	08:35:37.837	'2100259053': login datacenter on FTMO-Demo through DC3 (ping: 250.03 ms)
0	08:35:42.724	'2100259053': previous successful authorization performed from 154.126.99.214
0	08:36:13.994	'27153390': auto connecting to a better access point Access Point #6 (ping is 258.58 ms)
0	08:36:17.948	'2100259053': login on FTMO-Demo through DC3 (ping: 250.03 ms)
0	08:36:21.347	'2100259053': login datacenter on FTMO-Demo through DC3 (ping: 250.03 ms)
0	08:36:23.164	'2100259053': previous successful authorization performed from 197.149.50.189
0	08:36:25.141	'2100259053': close order #52508994 sell 5.00 USDJPY at 108.866 sl: 109.461 tp: 107.128 at price 0.000
0	08:36:25.767	'2100259053': order #52508994 sell 5.00 USDJPY at 108.866 sl: 109.461 tp: 107.128 closed at price 108.903
0	08:36:33.081	'2100259053': auto connecting to a better access point DC2 (ping is 279.65 ms)
0	08:36:34.389	'2100259053': login on FTMO-Demo through DC2 (ping: 279.65 ms)
0	08:36:38.399	'2100259053': login datacenter on FTMO-Demo through DC2 (ping: 279.65 ms)
0	08:36:39.470	'2100259053': previous successful authorization performed from 197.149.50.189
1	09:49:56.789	'2100259053': connect failed [Connection échouée]
2	11:22:56.601	Custom indicator AIMS Levels V2 CHFJPY,H1: removed
2	11:22:56.601	Custom indicator AIMS Entry Alert V1 CHFJPY,H1: removed
2	11:22:56.603	Custom indicator CandleTimer CHFJPY,H1: removed
2	11:22:56.603	Custom indicator #Signal_Bars_v6 CHFJPY,H1: removed
2	11:22:56.604	Custom indicator TrendEnvelopes_v1 CHFJPY,H1: removed
2	11:22:56.607	Custom indicator guppy_multiple_moving_averages CHFJPY,H1: removed
2	11:22:56.609	Custom indicator wedges CHFJPY,H1: removed
2	11:22:56.609	Custom indicator Admiral Pivot CHFJPY,H1: removed
2	11:22:56.609	Custom indicator AutoTrendChannel CHFJPY,H1: removed
2	11:22:56.609	Custom indicator FRZ Channel Auto Plotter CHFJPY,H1: removed
2	11:22:56.609	Custom indicator FRZ News Indicator MT4 CHFJPY,H1: removed
2	11:22:56.609	Custom indicator Forex Uranus direction CHFJPY,H1: removed
2	11:22:56.609	Custom indicator Quadrilateral CHFJPY,H1: removed
2	11:22:56.609	Custom indicator AIMS AO V.2.1 CHFJPY,H1: removed
2	11:22:56.609	Custom indicator IVT_MACD_ZERO_LAG CHFJPY,H1: removed
2	11:22:56.625	Custom indicator RSI Divergence Levels CHFJPY,H1: removed
2	11:22:56.626	Custom indicator FRZ Forex Market Session Indicator CHFJPY,H1: removed
0	11:22:57.040	Admiral Markets build 1320 stopped
