0	12:33:08.148	Admiral Markets build 1320 started (Admiral Markets Group AS)
0	12:33:08.149	Windows 10 Pro x64, IE 11, UAC, 8 x Intel Core i7-10510U  @ 1.80GHz, Memory: 1626 / 8014 Mb, Disk: 14 / 237 Gb, GMT+3
0	12:33:08.149	Data Folder: C:\Users\SRIE\AppData\Roaming\MetaQuotes\Terminal\51337600F56B69473E15EAFB8A7586B4
2	12:33:19.193	Custom indicator AIMS Levels V2 XAUUSD,M15: loaded successfully
2	12:33:19.479	Custom indicator AIMS Entry Alert V1 XAUUSD,M15: loaded successfully
2	12:33:19.535	Custom indicator CandleTimer XAUUSD,M15: loaded successfully
2	12:33:19.781	Custom indicator #Signal_Bars_v6 XAUUSD,M15: loaded successfully
2	12:33:19.804	Custom indicator TrendEnvelopes_v1 XAUUSD,M15: loaded successfully
2	12:33:19.825	Custom indicator guppy_multiple_moving_averages XAUUSD,M15: loaded successfully
2	12:33:19.857	Custom indicator wedges XAUUSD,M15: loaded successfully
2	12:33:19.886	Custom indicator Admiral Pivot XAUUSD,M15: loaded successfully
2	12:33:19.912	Custom indicator AutoTrendChannel XAUUSD,M15: loaded successfully
2	12:33:19.937	Custom indicator FRZ Channel Auto Plotter XAUUSD,M15: loaded successfully
2	12:33:19.965	Custom indicator FRZ News Indicator MT4 XAUUSD,M15: loaded successfully
2	12:33:19.989	Custom indicator Forex Uranus direction XAUUSD,M15: loaded successfully
2	12:33:20.014	Custom indicator Quadrilateral XAUUSD,M15: loaded successfully
2	12:33:20.252	Custom indicator AIMS AO V.2.1 XAUUSD,M15: loaded successfully
2	12:33:20.274	Custom indicator IVT_MACD_ZERO_LAG XAUUSD,M15: loaded successfully
2	12:33:20.298	Custom indicator RSI Divergence Levels XAUUSD,M15: loaded successfully
2	12:33:20.359	Custom indicator FRZ Forex Market Session Indicator XAUUSD,M15: loaded successfully
2	12:33:25.618	Custom indicator AIMS Levels V2 US30,M15: loaded successfully
2	12:33:25.852	Custom indicator AIMS Entry Alert V1 US30,M15: loaded successfully
2	12:33:25.878	Custom indicator CandleTimer US30,M15: loaded successfully
2	12:33:26.114	Custom indicator #Signal_Bars_v6 US30,M15: loaded successfully
2	12:33:26.137	Custom indicator TrendEnvelopes_v1 US30,M15: loaded successfully
2	12:33:26.159	Custom indicator guppy_multiple_moving_averages US30,M15: loaded successfully
2	12:33:26.182	Custom indicator wedges US30,M15: loaded successfully
2	12:33:26.207	Custom indicator Admiral Pivot US30,M15: loaded successfully
2	12:33:26.230	Custom indicator AutoTrendChannel US30,M15: loaded successfully
2	12:33:26.263	Custom indicator FRZ Channel Auto Plotter US30,M15: loaded successfully
2	12:33:26.301	Custom indicator FRZ News Indicator MT4 US30,M15: loaded successfully
2	12:33:26.325	Custom indicator Forex Uranus direction US30,M15: loaded successfully
2	12:33:26.349	Custom indicator Quadrilateral US30,M15: loaded successfully
2	12:33:26.583	Custom indicator AIMS AO V.2.1 US30,M15: loaded successfully
2	12:33:26.607	Custom indicator IVT_MACD_ZERO_LAG US30,M15: loaded successfully
2	12:33:26.630	Custom indicator RSI Divergence Levels US30,M15: loaded successfully
2	12:33:26.654	Custom indicator FRZ Forex Market Session Indicator US30,M15: loaded successfully
2	12:33:31.444	Custom indicator AIMS Levels V2 DE30,M15: loaded successfully
2	12:33:31.679	Custom indicator AIMS Entry Alert V1 DE30,M15: loaded successfully
2	12:33:31.697	Custom indicator CandleTimer DE30,M15: loaded successfully
2	12:33:31.832	Custom indicator #Signal_Bars_v6 DE30,M15: loaded successfully
2	12:33:31.846	Custom indicator TrendEnvelopes_v1 DE30,M15: loaded successfully
2	12:33:31.862	Custom indicator guppy_multiple_moving_averages DE30,M15: loaded successfully
2	12:33:31.878	Custom indicator wedges DE30,M15: loaded successfully
2	12:33:31.894	Custom indicator Admiral Pivot DE30,M15: loaded successfully
2	12:33:31.910	Custom indicator AutoTrendChannel DE30,M15: loaded successfully
2	12:33:31.928	Custom indicator FRZ Channel Auto Plotter DE30,M15: loaded successfully
2	12:33:31.946	Custom indicator FRZ News Indicator MT4 DE30,M15: loaded successfully
2	12:33:31.961	Custom indicator Forex Uranus direction DE30,M15: loaded successfully
2	12:33:31.974	Custom indicator Quadrilateral DE30,M15: loaded successfully
2	12:33:32.069	Custom indicator AIMS AO V.2.1 DE30,M15: loaded successfully
2	12:33:32.079	Custom indicator IVT_MACD_ZERO_LAG DE30,M15: loaded successfully
2	12:33:32.089	Custom indicator RSI Divergence Levels DE30,M15: loaded successfully
2	12:33:32.099	Custom indicator FRZ Forex Market Session Indicator DE30,M15: loaded successfully
2	12:33:34.033	Custom indicator AIMS Levels V2 USTEC,H1: loaded successfully
2	12:33:34.139	Custom indicator AIMS Entry Alert V1 USTEC,H1: loaded successfully
2	12:33:34.147	Custom indicator CandleTimer USTEC,H1: loaded successfully
2	12:33:34.242	Custom indicator #Signal_Bars_v6 USTEC,H1: loaded successfully
2	12:33:34.251	Custom indicator TrendEnvelopes_v1 USTEC,H1: loaded successfully
2	12:33:34.260	Custom indicator guppy_multiple_moving_averages USTEC,H1: loaded successfully
2	12:33:34.270	Custom indicator wedges USTEC,H1: loaded successfully
2	12:33:34.280	Custom indicator Admiral Pivot USTEC,H1: loaded successfully
2	12:33:34.289	Custom indicator AutoTrendChannel USTEC,H1: loaded successfully
2	12:33:34.299	Custom indicator FRZ Channel Auto Plotter USTEC,H1: loaded successfully
2	12:33:34.310	Custom indicator FRZ News Indicator MT4 USTEC,H1: loaded successfully
2	12:33:34.319	Custom indicator Forex Uranus direction USTEC,H1: loaded successfully
2	12:33:34.331	Custom indicator Quadrilateral USTEC,H1: loaded successfully
2	12:33:34.425	Custom indicator AIMS AO V.2.1 USTEC,H1: loaded successfully
2	12:33:34.435	Custom indicator IVT_MACD_ZERO_LAG USTEC,H1: loaded successfully
2	12:33:34.446	Custom indicator RSI Divergence Levels USTEC,H1: loaded successfully
2	12:33:34.460	Custom indicator FRZ Forex Market Session Indicator USTEC,H1: loaded successfully
2	12:33:34.507	Expert Admiral - Mini Terminal USTEC,H1: loaded successfully
2	12:33:35.742	Custom indicator AIMS Levels V2 EURAUD,H1: loaded successfully
2	12:33:35.835	Custom indicator AIMS Entry Alert V1 EURAUD,H1: loaded successfully
2	12:33:35.847	Custom indicator CandleTimer EURAUD,H1: loaded successfully
2	12:33:35.964	Custom indicator #Signal_Bars_v6 EURAUD,H1: loaded successfully
2	12:33:35.974	Custom indicator TrendEnvelopes_v1 EURAUD,H1: loaded successfully
2	12:33:35.984	Custom indicator guppy_multiple_moving_averages EURAUD,H1: loaded successfully
2	12:33:35.994	Custom indicator wedges EURAUD,H1: loaded successfully
2	12:33:36.004	Custom indicator Admiral Pivot EURAUD,H1: loaded successfully
2	12:33:36.013	Custom indicator AutoTrendChannel EURAUD,H1: loaded successfully
2	12:33:36.023	Custom indicator FRZ Channel Auto Plotter EURAUD,H1: loaded successfully
2	12:33:36.035	Custom indicator FRZ News Indicator MT4 EURAUD,H1: loaded successfully
2	12:33:36.045	Custom indicator Forex Uranus direction EURAUD,H1: loaded successfully
2	12:33:36.058	Custom indicator Quadrilateral EURAUD,H1: loaded successfully
2	12:33:36.157	Custom indicator AIMS AO V.2.1 EURAUD,H1: loaded successfully
2	12:33:36.168	Custom indicator IVT_MACD_ZERO_LAG EURAUD,H1: loaded successfully
2	12:33:36.181	Custom indicator RSI Divergence Levels EURAUD,H1: loaded successfully
2	12:33:36.191	Custom indicator FRZ Forex Market Session Indicator EURAUD,H1: loaded successfully
0	12:33:39.260	'888346845': login on Tickmill02-Live through Live DC - London 7 (ping: 230.39 ms)
0	12:33:41.421	'888346845': login datacenter on Tickmill02-Live through Live DC - London 7 (ping: 230.39 ms)
0	12:33:42.150	'888346845': previous successful authorization performed from 154.126.12.229
0	12:35:05.332	'888346845': ping to current access point Live DC - London 7 is 200.37 ms
2	13:50:52.061	Custom indicator AIMS Levels V2 XAUUSD,M15: removed
2	13:50:52.061	Custom indicator AIMS Entry Alert V1 XAUUSD,M15: removed
2	13:50:52.064	Custom indicator CandleTimer XAUUSD,M15: removed
2	13:50:52.066	Custom indicator #Signal_Bars_v6 XAUUSD,M15: removed
2	13:50:52.070	Custom indicator TrendEnvelopes_v1 XAUUSD,M15: removed
2	13:50:52.073	Custom indicator guppy_multiple_moving_averages XAUUSD,M15: removed
2	13:50:52.076	Custom indicator wedges XAUUSD,M15: removed
2	13:50:52.080	Custom indicator Admiral Pivot XAUUSD,M15: removed
2	13:50:52.085	Custom indicator AutoTrendChannel XAUUSD,M15: removed
2	13:50:52.088	Custom indicator FRZ Channel Auto Plotter XAUUSD,M15: removed
2	13:50:52.090	Custom indicator FRZ News Indicator MT4 XAUUSD,M15: removed
2	13:50:52.093	Custom indicator Forex Uranus direction XAUUSD,M15: removed
2	13:50:52.095	Custom indicator Quadrilateral XAUUSD,M15: removed
2	13:50:52.095	Custom indicator AIMS AO V.2.1 XAUUSD,M15: removed
2	13:50:52.100	Custom indicator IVT_MACD_ZERO_LAG XAUUSD,M15: removed
2	13:50:52.103	Custom indicator RSI Divergence Levels XAUUSD,M15: removed
2	13:50:52.105	Custom indicator FRZ Forex Market Session Indicator XAUUSD,M15: removed
2	13:50:52.121	Custom indicator AIMS Levels V2 US30,M15: removed
2	13:50:52.121	Custom indicator AIMS Entry Alert V1 US30,M15: removed
2	13:50:52.123	Custom indicator CandleTimer US30,M15: removed
2	13:50:52.124	Custom indicator #Signal_Bars_v6 US30,M15: removed
2	13:50:52.126	Custom indicator TrendEnvelopes_v1 US30,M15: removed
2	13:50:52.128	Custom indicator guppy_multiple_moving_averages US30,M15: removed
2	13:50:52.132	Custom indicator wedges US30,M15: removed
2	13:50:52.135	Custom indicator Admiral Pivot US30,M15: removed
2	13:50:52.137	Custom indicator AutoTrendChannel US30,M15: removed
2	13:50:52.139	Custom indicator FRZ Channel Auto Plotter US30,M15: removed
2	13:50:52.141	Custom indicator FRZ News Indicator MT4 US30,M15: removed
2	13:50:52.142	Custom indicator Forex Uranus direction US30,M15: removed
2	13:50:52.143	Custom indicator Quadrilateral US30,M15: removed
2	13:50:52.144	Custom indicator AIMS AO V.2.1 US30,M15: removed
2	13:50:52.147	Custom indicator IVT_MACD_ZERO_LAG US30,M15: removed
2	13:50:52.151	Custom indicator RSI Divergence Levels US30,M15: removed
2	13:50:52.153	Custom indicator FRZ Forex Market Session Indicator US30,M15: removed
2	13:50:52.158	Custom indicator AIMS Levels V2 DE30,M15: removed
2	13:50:52.159	Custom indicator AIMS Entry Alert V1 DE30,M15: removed
2	13:50:52.161	Custom indicator CandleTimer DE30,M15: removed
2	13:50:52.161	Custom indicator #Signal_Bars_v6 DE30,M15: removed
2	13:50:52.165	Custom indicator TrendEnvelopes_v1 DE30,M15: removed
2	13:50:52.169	Custom indicator guppy_multiple_moving_averages DE30,M15: removed
2	13:50:52.172	Custom indicator wedges DE30,M15: removed
2	13:50:52.174	Custom indicator Admiral Pivot DE30,M15: removed
2	13:50:52.176	Custom indicator AutoTrendChannel DE30,M15: removed
2	13:50:52.185	Custom indicator FRZ Channel Auto Plotter DE30,M15: removed
2	13:50:52.187	Custom indicator FRZ News Indicator MT4 DE30,M15: removed
2	13:50:52.190	Custom indicator Forex Uranus direction DE30,M15: removed
2	13:50:52.192	Custom indicator Quadrilateral DE30,M15: removed
2	13:50:52.192	Custom indicator AIMS AO V.2.1 DE30,M15: removed
2	13:50:52.194	Custom indicator IVT_MACD_ZERO_LAG DE30,M15: removed
2	13:50:52.198	Custom indicator RSI Divergence Levels DE30,M15: removed
2	13:50:52.202	Custom indicator FRZ Forex Market Session Indicator DE30,M15: removed
2	13:50:52.216	Expert Admiral - Mini Terminal USTEC,H1: removed
2	13:50:52.406	Custom indicator AIMS Levels V2 USTEC,H1: removed
2	13:50:52.406	Custom indicator AIMS Entry Alert V1 USTEC,H1: removed
2	13:50:52.408	Custom indicator CandleTimer USTEC,H1: removed
2	13:50:52.408	Custom indicator #Signal_Bars_v6 USTEC,H1: removed
2	13:50:52.409	Custom indicator TrendEnvelopes_v1 USTEC,H1: removed
2	13:50:52.411	Custom indicator guppy_multiple_moving_averages USTEC,H1: removed
2	13:50:52.413	Custom indicator wedges USTEC,H1: removed
2	13:50:52.416	Custom indicator Admiral Pivot USTEC,H1: removed
2	13:50:52.417	Custom indicator AutoTrendChannel USTEC,H1: removed
2	13:50:52.418	Custom indicator FRZ Channel Auto Plotter USTEC,H1: removed
2	13:50:52.420	Custom indicator FRZ News Indicator MT4 USTEC,H1: removed
2	13:50:52.421	Custom indicator Forex Uranus direction USTEC,H1: removed
2	13:50:52.422	Custom indicator Quadrilateral USTEC,H1: removed
2	13:50:52.422	Custom indicator AIMS AO V.2.1 USTEC,H1: removed
2	13:50:52.424	Custom indicator IVT_MACD_ZERO_LAG USTEC,H1: removed
2	13:50:52.425	Custom indicator RSI Divergence Levels USTEC,H1: removed
2	13:50:52.426	Custom indicator FRZ Forex Market Session Indicator USTEC,H1: removed
2	13:50:52.434	Custom indicator AIMS Levels V2 EURAUD,H1: removed
2	13:50:52.435	Custom indicator AIMS Entry Alert V1 EURAUD,H1: removed
2	13:50:52.436	Custom indicator CandleTimer EURAUD,H1: removed
2	13:50:52.436	Custom indicator #Signal_Bars_v6 EURAUD,H1: removed
2	13:50:52.437	Custom indicator TrendEnvelopes_v1 EURAUD,H1: removed
2	13:50:52.438	Custom indicator guppy_multiple_moving_averages EURAUD,H1: removed
2	13:50:52.440	Custom indicator wedges EURAUD,H1: removed
2	13:50:52.441	Custom indicator Admiral Pivot EURAUD,H1: removed
2	13:50:52.442	Custom indicator AutoTrendChannel EURAUD,H1: removed
2	13:50:52.444	Custom indicator FRZ Channel Auto Plotter EURAUD,H1: removed
2	13:50:52.447	Custom indicator FRZ News Indicator MT4 EURAUD,H1: removed
2	13:50:52.448	Custom indicator Forex Uranus direction EURAUD,H1: removed
2	13:50:52.450	Custom indicator Quadrilateral EURAUD,H1: removed
2	13:50:52.450	Custom indicator AIMS AO V.2.1 EURAUD,H1: removed
2	13:50:52.451	Custom indicator IVT_MACD_ZERO_LAG EURAUD,H1: removed
2	13:50:52.453	Custom indicator RSI Divergence Levels EURAUD,H1: removed
2	13:50:52.454	Custom indicator FRZ Forex Market Session Indicator EURAUD,H1: removed
0	13:50:52.836	Admiral Markets build 1320 stopped
