0	12:56:09.779	Admiral Markets build 1320 started (Admiral Markets Group AS)
0	12:56:09.779	Windows 10 Pro x64, IE 11, UAC, 8 x Intel Core i7-10510U  @ 1.80GHz, Memory: 2906 / 8014 Mb, Disk: 17 / 237 Gb, GMT+3
0	12:56:09.779	Data Folder: C:\Users\SRIE\AppData\Roaming\MetaQuotes\Terminal\51337600F56B69473E15EAFB8A7586B4
2	12:56:20.587	Custom indicator AIMS Levels V2 AUDJPY,H1: loaded successfully
2	12:56:20.889	Custom indicator AIMS Entry Alert V1 AUDJPY,H1: loaded successfully
2	12:56:20.912	Custom indicator CandleTimer AUDJPY,H1: loaded successfully
2	12:56:21.215	Custom indicator #Signal_Bars_v6 AUDJPY,H1: loaded successfully
2	12:56:21.263	Custom indicator TrendEnvelopes_v1 AUDJPY,H1: loaded successfully
2	12:56:21.300	Custom indicator guppy_multiple_moving_averages AUDJPY,H1: loaded successfully
2	12:56:21.351	Custom indicator wedges AUDJPY,H1: loaded successfully
2	12:56:21.397	Custom indicator Admiral Pivot AUDJPY,H1: loaded successfully
2	12:56:21.443	Custom indicator AutoTrendChannel AUDJPY,H1: loaded successfully
2	12:56:21.468	Custom indicator FRZ Channel Auto Plotter AUDJPY,H1: loaded successfully
2	12:56:21.499	Custom indicator FRZ News Indicator MT4 AUDJPY,H1: loaded successfully
2	12:56:21.523	Custom indicator Forex Uranus direction AUDJPY,H1: loaded successfully
2	12:56:21.549	Custom indicator Quadrilateral AUDJPY,H1: loaded successfully
2	12:56:21.833	Custom indicator AIMS AO V.2.1 AUDJPY,H1: loaded successfully
2	12:56:21.856	Custom indicator IVT_MACD_ZERO_LAG AUDJPY,H1: loaded successfully
2	12:56:21.891	Custom indicator RSI Divergence Levels AUDJPY,H1: loaded successfully
2	12:56:21.911	Custom indicator JoeChalhoub_FXForecasterV1 AUDJPY,H1: loaded successfully
2	12:56:21.948	Custom indicator TDI-With_Alerts AUDJPY,H1: loaded successfully
2	12:56:21.980	Custom indicator FRZ Forex Market Session Indicator AUDJPY,H1: loaded successfully
2	12:56:28.518	Custom indicator AIMS Levels V2 NZDUSD,H1: loaded successfully
2	12:56:28.741	Custom indicator AIMS Entry Alert V1 NZDUSD,H1: loaded successfully
2	12:56:28.772	Custom indicator CandleTimer NZDUSD,H1: loaded successfully
2	12:56:29.011	Custom indicator #Signal_Bars_v6 NZDUSD,H1: loaded successfully
2	12:56:29.038	Custom indicator TrendEnvelopes_v1 NZDUSD,H1: loaded successfully
2	12:56:29.057	Custom indicator guppy_multiple_moving_averages NZDUSD,H1: loaded successfully
2	12:56:29.081	Custom indicator wedges NZDUSD,H1: loaded successfully
2	12:56:29.104	Custom indicator Admiral Pivot NZDUSD,H1: loaded successfully
2	12:56:29.127	Custom indicator AutoTrendChannel NZDUSD,H1: loaded successfully
2	12:56:29.151	Custom indicator FRZ Channel Auto Plotter NZDUSD,H1: loaded successfully
2	12:56:29.181	Custom indicator FRZ News Indicator MT4 NZDUSD,H1: loaded successfully
2	12:56:29.204	Custom indicator Forex Uranus direction NZDUSD,H1: loaded successfully
2	12:56:29.226	Custom indicator Quadrilateral NZDUSD,H1: loaded successfully
2	12:56:29.438	Custom indicator AIMS AO V.2.1 NZDUSD,H1: loaded successfully
2	12:56:29.464	Custom indicator IVT_MACD_ZERO_LAG NZDUSD,H1: loaded successfully
2	12:56:29.489	Custom indicator RSI Divergence Levels NZDUSD,H1: loaded successfully
2	12:56:29.510	Custom indicator JoeChalhoub_FXForecasterV1 NZDUSD,H1: loaded successfully
2	12:56:29.526	Custom indicator TDI-With_Alerts NZDUSD,H1: loaded successfully
2	12:56:29.542	Custom indicator FRZ Forex Market Session Indicator NZDUSD,H1: loaded successfully
2	12:56:31.034	Custom indicator AIMS Levels V2 EURUSD,H1: loaded successfully
2	12:56:31.173	Custom indicator AIMS Entry Alert V1 EURUSD,H1: loaded successfully
2	12:56:31.182	Custom indicator CandleTimer EURUSD,H1: loaded successfully
2	12:56:31.310	Custom indicator #Signal_Bars_v6 EURUSD,H1: loaded successfully
2	12:56:31.327	Custom indicator TrendEnvelopes_v1 EURUSD,H1: loaded successfully
2	12:56:31.340	Custom indicator guppy_multiple_moving_averages EURUSD,H1: loaded successfully
2	12:56:31.355	Custom indicator wedges EURUSD,H1: loaded successfully
2	12:56:31.370	Custom indicator Admiral Pivot EURUSD,H1: loaded successfully
2	12:56:31.383	Custom indicator AutoTrendChannel EURUSD,H1: loaded successfully
2	12:56:31.397	Custom indicator FRZ Channel Auto Plotter EURUSD,H1: loaded successfully
2	12:56:31.410	Custom indicator FRZ News Indicator MT4 EURUSD,H1: loaded successfully
2	12:56:31.427	Custom indicator Forex Uranus direction EURUSD,H1: loaded successfully
2	12:56:31.440	Custom indicator Quadrilateral EURUSD,H1: loaded successfully
2	12:56:31.589	Custom indicator AIMS AO V.2.1 EURUSD,H1: loaded successfully
2	12:56:31.607	Custom indicator IVT_MACD_ZERO_LAG EURUSD,H1: loaded successfully
2	12:56:31.620	Custom indicator RSI Divergence Levels EURUSD,H1: loaded successfully
2	12:56:31.642	Custom indicator JoeChalhoub_FXForecasterV1 EURUSD,H1: loaded successfully
2	12:56:31.659	Custom indicator TDI-With_Alerts EURUSD,H1: loaded successfully
2	12:56:31.672	Custom indicator FRZ Forex Market Session Indicator EURUSD,H1: loaded successfully
2	12:56:33.353	Custom indicator AIMS Levels V2 USTEC,H1: loaded successfully
2	12:56:33.482	Custom indicator AIMS Entry Alert V1 USTEC,H1: loaded successfully
2	12:56:33.493	Custom indicator CandleTimer USTEC,H1: loaded successfully
2	12:56:33.716	Custom indicator #Signal_Bars_v6 USTEC,H1: loaded successfully
2	12:56:33.726	Custom indicator TrendEnvelopes_v1 USTEC,H1: loaded successfully
2	12:56:33.741	Custom indicator guppy_multiple_moving_averages USTEC,H1: loaded successfully
2	12:56:33.754	Custom indicator wedges USTEC,H1: loaded successfully
2	12:56:33.767	Custom indicator Admiral Pivot USTEC,H1: loaded successfully
2	12:56:33.774	Custom indicator AutoTrendChannel USTEC,H1: loaded successfully
2	12:56:33.792	Custom indicator FRZ Channel Auto Plotter USTEC,H1: loaded successfully
2	12:56:33.802	Custom indicator FRZ News Indicator MT4 USTEC,H1: loaded successfully
2	12:56:33.818	Custom indicator Forex Uranus direction USTEC,H1: loaded successfully
2	12:56:33.831	Custom indicator Quadrilateral USTEC,H1: loaded successfully
2	12:56:33.956	Custom indicator AIMS AO V.2.1 USTEC,H1: loaded successfully
2	12:56:33.970	Custom indicator IVT_MACD_ZERO_LAG USTEC,H1: loaded successfully
2	12:56:33.986	Custom indicator RSI Divergence Levels USTEC,H1: loaded successfully
2	12:56:34.003	Custom indicator JoeChalhoub_FXForecasterV1 USTEC,H1: loaded successfully
2	12:56:34.018	Custom indicator TDI-With_Alerts USTEC,H1: loaded successfully
2	12:56:34.033	Custom indicator FRZ Forex Market Session Indicator USTEC,H1: loaded successfully
2	12:56:35.400	Custom indicator AIMS Levels V2 WTI,H1: loaded successfully
2	12:56:35.529	Custom indicator AIMS Entry Alert V1 WTI,H1: loaded successfully
2	12:56:35.538	Custom indicator CandleTimer WTI,H1: loaded successfully
2	12:56:35.650	Custom indicator #Signal_Bars_v6 WTI,H1: loaded successfully
2	12:56:35.662	Custom indicator TrendEnvelopes_v1 WTI,H1: loaded successfully
2	12:56:35.673	Custom indicator guppy_multiple_moving_averages WTI,H1: loaded successfully
2	12:56:35.686	Custom indicator wedges WTI,H1: loaded successfully
2	12:56:35.704	Custom indicator Admiral Pivot WTI,H1: loaded successfully
2	12:56:35.720	Custom indicator AutoTrendChannel WTI,H1: loaded successfully
2	12:56:35.735	Custom indicator FRZ Channel Auto Plotter WTI,H1: loaded successfully
2	12:56:35.750	Custom indicator FRZ News Indicator MT4 WTI,H1: loaded successfully
2	12:56:35.766	Custom indicator Forex Uranus direction WTI,H1: loaded successfully
2	12:56:35.778	Custom indicator Quadrilateral WTI,H1: loaded successfully
2	12:56:35.922	Custom indicator AIMS AO V.2.1 WTI,H1: loaded successfully
2	12:56:35.935	Custom indicator IVT_MACD_ZERO_LAG WTI,H1: loaded successfully
2	12:56:35.957	Custom indicator RSI Divergence Levels WTI,H1: loaded successfully
2	12:56:35.975	Custom indicator JoeChalhoub_FXForecasterV1 WTI,H1: loaded successfully
2	12:56:35.993	Custom indicator TDI-With_Alerts WTI,H1: loaded successfully
2	12:56:36.014	Custom indicator FRZ Forex Market Session Indicator WTI,H1: loaded successfully
2	12:56:37.522	Custom indicator AIMS Levels V2 XAUUSD,M5: loaded successfully
2	12:56:37.656	Custom indicator AIMS Entry Alert V1 XAUUSD,M5: loaded successfully
2	12:56:37.667	Custom indicator CandleTimer XAUUSD,M5: loaded successfully
2	12:56:37.798	Custom indicator #Signal_Bars_v6 XAUUSD,M5: loaded successfully
2	12:56:37.816	Custom indicator TrendEnvelopes_v1 XAUUSD,M5: loaded successfully
2	12:56:37.838	Custom indicator guppy_multiple_moving_averages XAUUSD,M5: loaded successfully
2	12:56:37.863	Custom indicator wedges XAUUSD,M5: loaded successfully
2	12:56:37.885	Custom indicator Admiral Pivot XAUUSD,M5: loaded successfully
2	12:56:37.909	Custom indicator AutoTrendChannel XAUUSD,M5: loaded successfully
2	12:56:37.935	Custom indicator FRZ Channel Auto Plotter XAUUSD,M5: loaded successfully
2	12:56:37.953	Custom indicator FRZ News Indicator MT4 XAUUSD,M5: loaded successfully
2	12:56:37.966	Custom indicator Forex Uranus direction XAUUSD,M5: loaded successfully
2	12:56:37.985	Custom indicator Quadrilateral XAUUSD,M5: loaded successfully
2	12:56:38.133	Custom indicator AIMS AO V.2.1 XAUUSD,M5: loaded successfully
2	12:56:38.153	Custom indicator IVT_MACD_ZERO_LAG XAUUSD,M5: loaded successfully
2	12:56:38.173	Custom indicator RSI Divergence Levels XAUUSD,M5: loaded successfully
2	12:56:38.198	Custom indicator JoeChalhoub_FXForecasterV1 XAUUSD,M5: loaded successfully
2	12:56:38.213	Custom indicator TDI-With_Alerts XAUUSD,M5: loaded successfully
2	12:56:38.229	Custom indicator FRZ Forex Market Session Indicator XAUUSD,M5: loaded successfully
2	12:56:38.295	Expert Admiral - Mini Terminal XAUUSD,M5: loaded successfully
2	12:56:39.718	Custom indicator AIMS Levels V2 DE30,M1: loaded successfully
2	12:56:39.839	Custom indicator AIMS Entry Alert V1 DE30,M1: loaded successfully
2	12:56:39.854	Custom indicator CandleTimer DE30,M1: loaded successfully
2	12:56:39.970	Custom indicator #Signal_Bars_v6 DE30,M1: loaded successfully
2	12:56:39.984	Custom indicator TrendEnvelopes_v1 DE30,M1: loaded successfully
2	12:56:40.001	Custom indicator guppy_multiple_moving_averages DE30,M1: loaded successfully
2	12:56:40.016	Custom indicator wedges DE30,M1: loaded successfully
2	12:56:40.032	Custom indicator Admiral Pivot DE30,M1: loaded successfully
2	12:56:40.046	Custom indicator AutoTrendChannel DE30,M1: loaded successfully
2	12:56:40.058	Custom indicator FRZ Channel Auto Plotter DE30,M1: loaded successfully
2	12:56:40.075	Custom indicator FRZ News Indicator MT4 DE30,M1: loaded successfully
2	12:56:40.088	Custom indicator Forex Uranus direction DE30,M1: loaded successfully
2	12:56:40.100	Custom indicator Quadrilateral DE30,M1: loaded successfully
2	12:56:40.238	Custom indicator AIMS AO V.2.1 DE30,M1: loaded successfully
2	12:56:40.249	Custom indicator IVT_MACD_ZERO_LAG DE30,M1: loaded successfully
2	12:56:40.269	Custom indicator RSI Divergence Levels DE30,M1: loaded successfully
2	12:56:40.285	Custom indicator JoeChalhoub_FXForecasterV1 DE30,M1: loaded successfully
2	12:56:40.300	Custom indicator TDI-With_Alerts DE30,M1: loaded successfully
2	12:56:40.315	Custom indicator FRZ Forex Market Session Indicator DE30,M1: loaded successfully
2	12:56:42.211	Custom indicator AIMS Levels V2 DE30,M5: loaded successfully
2	12:56:42.337	Custom indicator AIMS Entry Alert V1 DE30,M5: loaded successfully
2	12:56:42.351	Custom indicator CandleTimer DE30,M5: loaded successfully
2	12:56:42.516	Custom indicator #Signal_Bars_v6 DE30,M5: loaded successfully
2	12:56:42.533	Custom indicator TrendEnvelopes_v1 DE30,M5: loaded successfully
2	12:56:42.545	Custom indicator guppy_multiple_moving_averages DE30,M5: loaded successfully
2	12:56:42.560	Custom indicator wedges DE30,M5: loaded successfully
2	12:56:42.575	Custom indicator Admiral Pivot DE30,M5: loaded successfully
2	12:56:42.584	Custom indicator AutoTrendChannel DE30,M5: loaded successfully
2	12:56:42.601	Custom indicator FRZ Channel Auto Plotter DE30,M5: loaded successfully
2	12:56:42.617	Custom indicator FRZ News Indicator MT4 DE30,M5: loaded successfully
2	12:56:42.635	Custom indicator Forex Uranus direction DE30,M5: loaded successfully
2	12:56:42.649	Custom indicator Quadrilateral DE30,M5: loaded successfully
2	12:56:42.776	Custom indicator AIMS AO V.2.1 DE30,M5: loaded successfully
2	12:56:42.788	Custom indicator IVT_MACD_ZERO_LAG DE30,M5: loaded successfully
2	12:56:42.802	Custom indicator RSI Divergence Levels DE30,M5: loaded successfully
2	12:56:42.818	Custom indicator JoeChalhoub_FXForecasterV1 DE30,M5: loaded successfully
2	12:56:42.833	Custom indicator TDI-With_Alerts DE30,M5: loaded successfully
2	12:56:42.845	Custom indicator FRZ Forex Market Session Indicator DE30,M5: loaded successfully
2	12:56:44.267	Custom indicator AIMS Levels V2 DE30,M15: loaded successfully
2	12:56:44.415	Custom indicator AIMS Entry Alert V1 DE30,M15: loaded successfully
2	12:56:44.427	Custom indicator CandleTimer DE30,M15: loaded successfully
2	12:56:44.591	Custom indicator #Signal_Bars_v6 DE30,M15: loaded successfully
2	12:56:44.606	Custom indicator TrendEnvelopes_v1 DE30,M15: loaded successfully
2	12:56:44.622	Custom indicator guppy_multiple_moving_averages DE30,M15: loaded successfully
2	12:56:44.635	Custom indicator wedges DE30,M15: loaded successfully
2	12:56:44.651	Custom indicator Admiral Pivot DE30,M15: loaded successfully
2	12:56:44.667	Custom indicator AutoTrendChannel DE30,M15: loaded successfully
2	12:56:44.691	Custom indicator FRZ Channel Auto Plotter DE30,M15: loaded successfully
2	12:56:44.707	Custom indicator FRZ News Indicator MT4 DE30,M15: loaded successfully
2	12:56:44.724	Custom indicator Forex Uranus direction DE30,M15: loaded successfully
2	12:56:44.744	Custom indicator Quadrilateral DE30,M15: loaded successfully
2	12:56:44.891	Custom indicator AIMS AO V.2.1 DE30,M15: loaded successfully
2	12:56:44.909	Custom indicator IVT_MACD_ZERO_LAG DE30,M15: loaded successfully
2	12:56:44.926	Custom indicator RSI Divergence Levels DE30,M15: loaded successfully
2	12:56:44.942	Custom indicator JoeChalhoub_FXForecasterV1 DE30,M15: loaded successfully
2	12:56:44.957	Custom indicator TDI-With_Alerts DE30,M15: loaded successfully
2	12:56:44.971	Custom indicator FRZ Forex Market Session Indicator DE30,M15: loaded successfully
2	12:56:47.628	Custom indicator AIMS Levels V2 DE30,H1: loaded successfully
2	12:56:47.777	Custom indicator AIMS Entry Alert V1 DE30,H1: loaded successfully
2	12:56:47.786	Custom indicator CandleTimer DE30,H1: loaded successfully
2	12:56:47.924	Custom indicator #Signal_Bars_v6 DE30,H1: loaded successfully
2	12:56:47.937	Custom indicator TrendEnvelopes_v1 DE30,H1: loaded successfully
2	12:56:47.952	Custom indicator guppy_multiple_moving_averages DE30,H1: loaded successfully
2	12:56:47.968	Custom indicator wedges DE30,H1: loaded successfully
2	12:56:47.981	Custom indicator Admiral Pivot DE30,H1: loaded successfully
2	12:56:47.997	Custom indicator AutoTrendChannel DE30,H1: loaded successfully
2	12:56:48.009	Custom indicator FRZ Channel Auto Plotter DE30,H1: loaded successfully
2	12:56:48.027	Custom indicator FRZ News Indicator MT4 DE30,H1: loaded successfully
2	12:56:48.047	Custom indicator Forex Uranus direction DE30,H1: loaded successfully
2	12:56:48.064	Custom indicator Quadrilateral DE30,H1: loaded successfully
2	12:56:48.228	Custom indicator AIMS AO V.2.1 DE30,H1: loaded successfully
2	12:56:48.249	Custom indicator IVT_MACD_ZERO_LAG DE30,H1: loaded successfully
2	12:56:48.269	Custom indicator RSI Divergence Levels DE30,H1: loaded successfully
2	12:56:48.289	Custom indicator JoeChalhoub_FXForecasterV1 DE30,H1: loaded successfully
2	12:56:48.306	Custom indicator TDI-With_Alerts DE30,H1: loaded successfully
2	12:56:48.322	Custom indicator FRZ Forex Market Session Indicator DE30,H1: loaded successfully
2	12:56:49.734	Custom indicator AIMS Levels V2 US30,M1: loaded successfully
2	12:56:49.945	Custom indicator AIMS Entry Alert V1 US30,M1: loaded successfully
2	12:56:49.958	Custom indicator CandleTimer US30,M1: loaded successfully
2	12:56:50.100	Custom indicator #Signal_Bars_v6 US30,M1: loaded successfully
2	12:56:50.112	Custom indicator TrendEnvelopes_v1 US30,M1: loaded successfully
2	12:56:50.125	Custom indicator guppy_multiple_moving_averages US30,M1: loaded successfully
2	12:56:50.140	Custom indicator wedges US30,M1: loaded successfully
2	12:56:50.159	Custom indicator Admiral Pivot US30,M1: loaded successfully
2	12:56:50.186	Custom indicator AutoTrendChannel US30,M1: loaded successfully
2	12:56:50.210	Custom indicator FRZ Channel Auto Plotter US30,M1: loaded successfully
2	12:56:50.240	Custom indicator FRZ News Indicator MT4 US30,M1: loaded successfully
2	12:56:50.260	Custom indicator Forex Uranus direction US30,M1: loaded successfully
2	12:56:50.286	Custom indicator Quadrilateral US30,M1: loaded successfully
2	12:56:50.535	Custom indicator AIMS AO V.2.1 US30,M1: loaded successfully
2	12:56:50.548	Custom indicator IVT_MACD_ZERO_LAG US30,M1: loaded successfully
2	12:56:50.562	Custom indicator RSI Divergence Levels US30,M1: loaded successfully
2	12:56:50.574	Custom indicator JoeChalhoub_FXForecasterV1 US30,M1: loaded successfully
2	12:56:50.587	Custom indicator TDI-With_Alerts US30,M1: loaded successfully
2	12:56:50.603	Custom indicator FRZ Forex Market Session Indicator US30,M1: loaded successfully
2	12:56:52.908	Custom indicator AIMS Levels V2 US30,M5: loaded successfully
2	12:56:53.010	Custom indicator AIMS Entry Alert V1 US30,M5: loaded successfully
2	12:56:53.018	Custom indicator CandleTimer US30,M5: loaded successfully
2	12:56:53.120	Custom indicator #Signal_Bars_v6 US30,M5: loaded successfully
2	12:56:53.128	Custom indicator TrendEnvelopes_v1 US30,M5: loaded successfully
2	12:56:53.139	Custom indicator guppy_multiple_moving_averages US30,M5: loaded successfully
2	12:56:53.148	Custom indicator wedges US30,M5: loaded successfully
2	12:56:53.157	Custom indicator Admiral Pivot US30,M5: loaded successfully
2	12:56:53.166	Custom indicator AutoTrendChannel US30,M5: loaded successfully
2	12:56:53.175	Custom indicator FRZ Channel Auto Plotter US30,M5: loaded successfully
2	12:56:53.186	Custom indicator FRZ News Indicator MT4 US30,M5: loaded successfully
2	12:56:53.198	Custom indicator Forex Uranus direction US30,M5: loaded successfully
2	12:56:53.212	Custom indicator Quadrilateral US30,M5: loaded successfully
2	12:56:53.369	Custom indicator AIMS AO V.2.1 US30,M5: loaded successfully
2	12:56:53.382	Custom indicator IVT_MACD_ZERO_LAG US30,M5: loaded successfully
2	12:56:53.407	Custom indicator RSI Divergence Levels US30,M5: loaded successfully
2	12:56:53.429	Custom indicator JoeChalhoub_FXForecasterV1 US30,M5: loaded successfully
2	12:56:53.447	Custom indicator TDI-With_Alerts US30,M5: loaded successfully
2	12:56:53.476	Custom indicator FRZ Forex Market Session Indicator US30,M5: loaded successfully
2	12:56:54.698	Custom indicator AIMS Levels V2 US30,M15: loaded successfully
2	12:56:54.788	Custom indicator AIMS Entry Alert V1 US30,M15: loaded successfully
2	12:56:54.796	Custom indicator CandleTimer US30,M15: loaded successfully
2	12:56:54.922	Custom indicator #Signal_Bars_v6 US30,M15: loaded successfully
2	12:56:54.934	Custom indicator TrendEnvelopes_v1 US30,M15: loaded successfully
2	12:56:54.943	Custom indicator guppy_multiple_moving_averages US30,M15: loaded successfully
2	12:56:54.956	Custom indicator wedges US30,M15: loaded successfully
2	12:56:54.971	Custom indicator Admiral Pivot US30,M15: loaded successfully
2	12:56:54.983	Custom indicator AutoTrendChannel US30,M15: loaded successfully
2	12:56:54.994	Custom indicator FRZ Channel Auto Plotter US30,M15: loaded successfully
2	12:56:55.011	Custom indicator FRZ News Indicator MT4 US30,M15: loaded successfully
2	12:56:55.021	Custom indicator Forex Uranus direction US30,M15: loaded successfully
2	12:56:55.033	Custom indicator Quadrilateral US30,M15: loaded successfully
2	12:56:55.125	Custom indicator AIMS AO V.2.1 US30,M15: loaded successfully
2	12:56:55.131	Custom indicator IVT_MACD_ZERO_LAG US30,M15: loaded successfully
2	12:56:55.141	Custom indicator RSI Divergence Levels US30,M15: loaded successfully
2	12:56:55.156	Custom indicator JoeChalhoub_FXForecasterV1 US30,M15: loaded successfully
2	12:56:55.168	Custom indicator TDI-With_Alerts US30,M15: loaded successfully
2	12:56:55.181	Custom indicator FRZ Forex Market Session Indicator US30,M15: loaded successfully
2	12:56:56.254	Custom indicator AIMS Levels V2 US30,H1: loaded successfully
2	12:56:56.345	Custom indicator AIMS Entry Alert V1 US30,H1: loaded successfully
2	12:56:56.345	Custom indicator CandleTimer US30,H1: loaded successfully
2	12:56:56.437	Custom indicator #Signal_Bars_v6 US30,H1: loaded successfully
2	12:56:56.446	Custom indicator TrendEnvelopes_v1 US30,H1: loaded successfully
2	12:56:56.459	Custom indicator guppy_multiple_moving_averages US30,H1: loaded successfully
2	12:56:56.468	Custom indicator wedges US30,H1: loaded successfully
2	12:56:56.477	Custom indicator Admiral Pivot US30,H1: loaded successfully
2	12:56:56.487	Custom indicator AutoTrendChannel US30,H1: loaded successfully
2	12:56:56.494	Custom indicator FRZ Channel Auto Plotter US30,H1: loaded successfully
2	12:56:56.505	Custom indicator FRZ News Indicator MT4 US30,H1: loaded successfully
2	12:56:56.514	Custom indicator Forex Uranus direction US30,H1: loaded successfully
2	12:56:56.526	Custom indicator Quadrilateral US30,H1: loaded successfully
2	12:56:56.618	Custom indicator AIMS AO V.2.1 US30,H1: loaded successfully
2	12:56:56.627	Custom indicator IVT_MACD_ZERO_LAG US30,H1: loaded successfully
2	12:56:56.636	Custom indicator RSI Divergence Levels US30,H1: loaded successfully
2	12:56:56.647	Custom indicator JoeChalhoub_FXForecasterV1 US30,H1: loaded successfully
2	12:56:56.656	Custom indicator TDI-With_Alerts US30,H1: loaded successfully
2	12:56:56.664	Custom indicator FRZ Forex Market Session Indicator US30,H1: loaded successfully
0	12:57:00.437	'888326829': login on Tickmill02-Live through Live DC - London 3 (ping: 200.22 ms)
0	12:57:03.292	'888326829': login datacenter on Tickmill02-Live through Live DC - London 3 (ping: 200.22 ms)
0	12:57:04.111	'888326829': previous successful authorization performed from 154.126.12.19
0	13:03:39.821	'888326829': auto connecting to a better access point Live DC - London 5 (ping is 222.87 ms)
0	13:03:40.908	'888326829': login on Tickmill02-Live through Live DC - London 5 (ping: 222.87 ms)
0	13:03:43.372	'888326829': login datacenter on Tickmill02-Live through Live DC - London 5 (ping: 222.87 ms)
0	13:03:44.188	'888326829': previous successful authorization performed from 197.149.38.36
0	13:13:00.820	'888326829': modify order #14421681 sell 0.01 US30 at 31159.69 sl: 31250.00 tp: 0.00 -> sl: 31130.03 tp: 0.00
0	13:13:01.665	'888326829': order #14421681 sell 0.01 US30 at 31159.69 was modified -> sl: 31130.03 tp: 0.00
0	13:13:23.155	'888326829': modify order #14421681 sell 0.01 US30 at 31159.69 sl: 31130.03 tp: 0.00 -> sl: 31130.03 tp: 29430.79
0	13:13:25.679	'888326829': order #14421681 sell 0.01 US30 at 31159.69 was modified -> sl: 31130.03 tp: 29430.79
0	13:16:51.457	'888326829': modify order #14421681 sell 0.01 US30 at 31159.69 sl: 31130.03 tp: 29430.79 -> sl: 31130.03 tp: 0.00
0	13:16:53.378	'888326829': order #14421681 sell 0.01 US30 at 31159.69 was modified -> sl: 31130.03 tp: 0.00
1	13:32:35.381	'888326829': ping failed
0	13:32:49.299	'888326829': login datacenter on Tickmill02-Live
0	13:32:56.552	'888326829': login on Tickmill02-Live through Live DC - London 1 (ping: 230.34 ms)
0	13:33:56.777	'888326829': login datacenter on Tickmill02-Live through Live DC - London 1 (ping: 230.34 ms)
0	13:34:11.898	'888326829': login on Tickmill02-Live through Live DC - London 1 (ping: 230.34 ms)
0	13:34:16.415	'888326829': login datacenter on Tickmill02-Live through Live DC - London 1 (ping: 230.34 ms)
0	13:34:17.569	'888326829': previous successful authorization performed from 197.149.38.36
1	13:39:57.850	'888326829': ping failed
1	13:39:57.852	'888326829': datacenter connecting failed [6]
0	13:39:58.932	'888326829': login on Tickmill02-Live through Live DC - London (ping: 235.33 ms)
0	13:40:04.414	'888326829': login datacenter on Tickmill02-Live through Live DC - London (ping: 235.33 ms)
0	13:40:07.410	'888326829': previous successful authorization performed from 197.149.38.36
0	13:41:45.069	'888326829': login datacenter on Tickmill02-Live
0	13:41:48.817	'888326829': login on Tickmill02-Live through Live DC - London 6 (ping: 238.84 ms)
0	13:41:51.395	'888326829': login datacenter on Tickmill02-Live through Live DC - London 6 (ping: 238.84 ms)
0	13:41:52.546	'888326829': previous successful authorization performed from 197.149.38.36
0	14:05:50.867	'888326829': order sell market 0.20 US30 sl: 0.00 tp: 0.00
1	14:05:51.212	'888326829': order sell 0.20 US30 opening at market sl: 0.00 tp: 0.00 failed [Not enough money]
0	14:10:51.068	'888326829': order sell market 0.10 US30 sl: 0.00 tp: 0.00
1	14:10:51.434	'888326829': order sell 0.10 US30 opening at market sl: 0.00 tp: 0.00 failed [Not enough money]
0	14:11:21.735	'888326829': order sell market 0.05 US30 sl: 0.00 tp: 0.00
1	14:11:22.102	'888326829': order sell 0.05 US30 opening at market sl: 0.00 tp: 0.00 failed [Not enough money]
0	14:11:32.125	'888326829': order sell market 0.04 US30 sl: 0.00 tp: 0.00
0	14:11:32.755	'888326829': order was opened : #14439015 sell 0.04 US30 at 30910.03 sl: 0.00 tp: 0.00
0	14:11:39.316	'888326829': order sell market 0.03 US30 sl: 0.00 tp: 0.00
1	14:11:39.696	'888326829': order sell 0.03 US30 opening at market sl: 0.00 tp: 0.00 failed [Not enough money]
0	14:13:41.764	'888326829': modify order #14439015 sell 0.04 US30 at 30910.03 sl: 0.00 tp: 0.00 -> sl: 30910.67 tp: 0.00
0	14:13:42.165	'888326829': order #14439015 sell 0.04 US30 at 30910.03 was modified -> sl: 30910.67 tp: 0.00
0	14:13:45.645	'888326829': modify order #14439015 sell 0.04 US30 at 30910.03 sl: 30910.67 tp: 0.00 -> sl: 30907.86 tp: 0.00
0	14:13:46.040	'888326829': order #14439015 sell 0.04 US30 at 30910.03 was modified -> sl: 30907.86 tp: 0.00
0	14:16:43.323	'888326829': modify order #14439015 sell 0.04 US30 at 30910.03 sl: 30907.86 tp: 0.00 -> sl: 30902.63 tp: 0.00
0	14:16:43.712	'888326829': order #14439015 sell 0.04 US30 at 30910.03 was modified -> sl: 30902.63 tp: 0.00
0	14:17:25.810	'888326829': order #14439015 sell 0.04 US30 at 30910.03 closed due stop-loss at price 30902.83
2	14:23:45.459	Expert Admiral - Mini Terminal XAUUSD,M5: removed
0	14:24:07.238	'888326829': order sell market 0.02 XAUUSD sl: 0.00 tp: 0.00
0	14:24:07.819	'888326829': order was opened : #14439123 sell 0.02 XAUUSD at 1849.79 sl: 0.00 tp: 0.00
0	14:24:21.051	'888326829': modify order #14439123 sell 0.02 XAUUSD at 1849.79 sl: 0.00 tp: 0.00 -> sl: 1856.25 tp: 0.00
0	14:24:21.414	'888326829': order #14439123 sell 0.02 XAUUSD at 1849.79 was modified -> sl: 1856.25 tp: 0.00
1	17:57:47.101	'888326829': connect failed [Connection échouée]
0	21:11:54.287	'888326829': login on Tickmill02-Live through Live DC - London 6 (ping: 238.84 ms)
0	21:12:13.406	'888326829': login datacenter on Tickmill02-Live through Live DC - London 6 (ping: 238.84 ms)
0	21:12:14.247	'888326829': previous successful authorization performed from 197.149.38.36
0	21:16:31.030	'888326829': auto connecting to a better access point Live DC - London 7 (ping is 209.33 ms)
0	21:16:32.043	'888326829': login on Tickmill02-Live through Live DC - London 7 (ping: 209.33 ms)
0	21:16:34.974	'888326829': login datacenter on Tickmill02-Live through Live DC - London 7 (ping: 209.33 ms)
0	21:16:35.859	'888326829': previous successful authorization performed from 197.149.38.36
0	21:49:26.601	'888326829': modify order #14439123 sell 0.02 XAUUSD at 1849.79 sl: 1856.25 tp: 0.00 -> sl: 1849.84 tp: 0.00
0	21:49:26.946	'888326829': order #14439123 sell 0.02 XAUUSD at 1849.79 was modified -> sl: 1849.84 tp: 0.00
0	21:49:30.522	'888326829': modify order #14439123 sell 0.02 XAUUSD at 1849.79 sl: 1849.84 tp: 0.00 -> sl: 1848.58 tp: 0.00
0	21:49:30.968	'888326829': order #14439123 sell 0.02 XAUUSD at 1849.79 was modified -> sl: 1848.58 tp: 0.00
0	21:50:41.046	'888326829': modify order #14439123 sell 0.02 XAUUSD at 1849.79 sl: 1848.58 tp: 0.00 -> sl: 1847.49 tp: 0.00
0	21:50:41.942	'888326829': order #14439123 sell 0.02 XAUUSD at 1849.79 was modified -> sl: 1847.49 tp: 0.00
0	21:50:53.966	'888326829': order #14439123 sell 0.02 XAUUSD at 1849.79 closed due stop-loss at price 1847.61
0	21:53:21.631	'888326829': order sell market 0.03 US30 sl: 0.00 tp: 0.00
0	21:53:22.173	'888326829': order was opened : #14445087 sell 0.03 US30 at 31001.70 sl: 0.00 tp: 0.00
1	22:17:25.548	'888326829': datacenter connecting failed [6]
0	22:17:57.057	'888326829': login on Tickmill02-Live through Live DC - London 7 (ping: 209.33 ms)
0	22:19:07.918	'888326829': login datacenter on Tickmill02-Live
0	22:19:19.510	'888326829': login on Tickmill02-Live through Live DC - London (ping: 218.24 ms)
0	22:19:22.749	'888326829': login datacenter on Tickmill02-Live through Live DC - London (ping: 218.24 ms)
0	22:19:23.669	'888326829': previous successful authorization performed from 197.149.38.36
0	22:26:47.259	'888326829': auto connecting to a better access point Live DC - London 6 (ping is 240.86 ms)
0	22:26:54.366	'888326829': login on Tickmill02-Live through Live DC - London 6 (ping: 240.86 ms)
0	22:27:22.574	'888326829': login datacenter on Tickmill02-Live through Live DC - London 6 (ping: 240.86 ms)
0	22:27:34.647	'888326829': previous successful authorization performed from 197.149.38.36
0	23:29:28.749	'888326829': login on Tickmill02-Live through Live DC - London 6 (ping: 240.86 ms)
0	23:30:08.450	'888326829': login datacenter on Tickmill02-Live through Live DC - London 6 (ping: 240.86 ms)
0	23:30:09.945	'888326829': previous successful authorization performed from 197.149.38.36
0	23:35:11.579	'888326829': auto connecting to a better access point Live DC - London 4 (ping is 217.83 ms)
0	23:35:12.377	'888326829': login on Tickmill02-Live through Live DC - London 4 (ping: 217.83 ms)
0	23:35:14.433	'888326829': login datacenter on Tickmill02-Live through Live DC - London 4 (ping: 217.83 ms)
0	23:35:15.152	'888326829': previous successful authorization performed from 197.149.38.36
