0	18:43:38.464	Admiral Markets build 1335 started (Admiral Markets Group AS)
0	18:43:38.464	Windows 10 Pro x64, IE 11, UAC, 8 x Intel Core i7-10510U  @ 1.80GHz, Memory: 3181 / 8014 Mb, Disk: 44 / 197 Gb, GMT+3
0	18:43:38.464	Data Folder: C:\Users\SRIE\AppData\Roaming\MetaQuotes\Terminal\51337600F56B69473E15EAFB8A7586B4
1	18:43:45.911	MQL Base: failed connect to server
2	18:43:46.860	Custom indicator AIMS Entry Alert V1 GER30.cash,M15: loaded successfully
2	18:43:46.860	Custom indicator CandleTimer GER30.cash,M15: loaded successfully
2	18:43:46.993	Custom indicator #Signal_Bars_v6 GER30.cash,M15: loaded successfully
2	18:43:47.008	Custom indicator TrendEnvelopes_v1 GER30.cash,M15: loaded successfully
2	18:43:47.026	Custom indicator wedges GER30.cash,M15: loaded successfully
2	18:43:47.058	Custom indicator Admiral Pivot GER30.cash,M15: loaded successfully
2	18:43:47.076	Custom indicator AutoTrendChannel GER30.cash,M15: loaded successfully
2	18:43:47.093	Custom indicator FRZ Channel Auto Plotter GER30.cash,M15: loaded successfully
2	18:43:47.127	Custom indicator Forex Uranus direction GER30.cash,M15: loaded successfully
2	18:43:47.259	Custom indicator aVSA\aVSA clasters GER30.cash,M15: loaded successfully
2	18:43:47.292	Custom indicator aVSA\aVSA Golden Zone GER30.cash,M15: loaded successfully
2	18:43:47.309	Custom indicator breakout-zones\breakout-zones GER30.cash,M15: loaded successfully
2	18:43:47.342	Custom indicator breakout-zones\SL&TP Values GER30.cash,M15: loaded successfully
2	18:43:47.372	Custom indicator PositionSizeCalculator GER30.cash,M15: loaded successfully
2	18:43:47.409	Custom indicator DaVinci Truly News Indicator 2.3.95 GER30.cash,M15: loaded successfully
2	18:43:47.491	Custom indicator AIMS AO V.2.1 GER30.cash,M15: loaded successfully
2	18:43:47.509	Custom indicator IVT_MACD_ZERO_LAG GER30.cash,M15: loaded successfully
2	18:43:47.512	Custom indicator RSI Divergence Levels GER30.cash,M15: loaded successfully
2	18:43:47.525	Custom indicator RenkoMaker_Confirm GER30.cash,M15: loaded successfully
2	18:43:47.541	Custom indicator FRZ Forex Market Session Indicator GER30.cash,M15: loaded successfully
2	18:43:49.240	Custom indicator AIMS Entry Alert V1 EURUSD,Weekly: loaded successfully
2	18:43:49.240	Custom indicator CandleTimer EURUSD,Weekly: loaded successfully
2	18:43:49.323	Custom indicator #Signal_Bars_v6 EURUSD,Weekly: loaded successfully
2	18:43:49.341	Custom indicator TrendEnvelopes_v1 EURUSD,Weekly: loaded successfully
2	18:43:49.341	Custom indicator wedges EURUSD,Weekly: loaded successfully
2	18:43:49.356	Custom indicator Admiral Pivot EURUSD,Weekly: loaded successfully
2	18:43:49.373	Custom indicator AutoTrendChannel EURUSD,Weekly: loaded successfully
2	18:43:49.373	Custom indicator FRZ Channel Auto Plotter EURUSD,Weekly: loaded successfully
2	18:43:49.390	Custom indicator Forex Uranus direction EURUSD,Weekly: loaded successfully
2	18:43:49.474	Custom indicator aVSA\aVSA clasters EURUSD,Weekly: loaded successfully
2	18:43:49.490	Custom indicator aVSA\aVSA Golden Zone EURUSD,Weekly: loaded successfully
2	18:43:49.506	Custom indicator breakout-zones\breakout-zones EURUSD,Weekly: loaded successfully
2	18:43:49.506	Custom indicator breakout-zones\SL&TP Values EURUSD,Weekly: loaded successfully
2	18:43:49.524	Custom indicator PositionSizeCalculator EURUSD,Weekly: loaded successfully
2	18:43:49.541	Custom indicator DaVinci Truly News Indicator 2.3.95 EURUSD,Weekly: loaded successfully
2	18:43:49.624	Custom indicator AIMS AO V.2.1 EURUSD,Weekly: loaded successfully
2	18:43:49.640	Custom indicator IVT_MACD_ZERO_LAG EURUSD,Weekly: loaded successfully
2	18:43:49.656	Custom indicator RSI Divergence Levels EURUSD,Weekly: loaded successfully
2	18:43:49.657	Custom indicator RenkoMaker_Confirm EURUSD,Weekly: loaded successfully
2	18:43:49.674	Custom indicator FRZ Forex Market Session Indicator EURUSD,Weekly: loaded successfully
2	18:43:50.877	Custom indicator AIMS Entry Alert V1 AUDUSD,H1: loaded successfully
2	18:43:50.892	Custom indicator CandleTimer AUDUSD,H1: loaded successfully
2	18:43:50.973	Custom indicator #Signal_Bars_v6 AUDUSD,H1: loaded successfully
2	18:43:50.973	Custom indicator TrendEnvelopes_v1 AUDUSD,H1: loaded successfully
2	18:43:50.989	Custom indicator wedges AUDUSD,H1: loaded successfully
2	18:43:51.005	Custom indicator Admiral Pivot AUDUSD,H1: loaded successfully
2	18:43:51.005	Custom indicator AutoTrendChannel AUDUSD,H1: loaded successfully
2	18:43:51.021	Custom indicator FRZ Channel Auto Plotter AUDUSD,H1: loaded successfully
2	18:43:51.021	Custom indicator Forex Uranus direction AUDUSD,H1: loaded successfully
2	18:43:51.118	Custom indicator aVSA\aVSA clasters AUDUSD,H1: loaded successfully
2	18:43:51.134	Custom indicator aVSA\aVSA Golden Zone AUDUSD,H1: loaded successfully
2	18:43:51.134	Custom indicator breakout-zones\breakout-zones AUDUSD,H1: loaded successfully
2	18:43:51.151	Custom indicator breakout-zones\SL&TP Values AUDUSD,H1: loaded successfully
2	18:43:51.167	Custom indicator PositionSizeCalculator AUDUSD,H1: loaded successfully
2	18:43:51.183	Custom indicator DaVinci Truly News Indicator 2.3.95 AUDUSD,H1: loaded successfully
2	18:43:51.263	Custom indicator AIMS AO V.2.1 AUDUSD,H1: loaded successfully
2	18:43:51.263	Custom indicator IVT_MACD_ZERO_LAG AUDUSD,H1: loaded successfully
2	18:43:51.280	Custom indicator RSI Divergence Levels AUDUSD,H1: loaded successfully
2	18:43:51.280	Custom indicator RenkoMaker_Confirm AUDUSD,H1: loaded successfully
2	18:43:51.296	Custom indicator FRZ Forex Market Session Indicator AUDUSD,H1: loaded successfully
2	18:43:52.580	Custom indicator AIMS Entry Alert V1 .DE30Cash,M15: loaded successfully
2	18:43:52.580	Custom indicator CandleTimer .DE30Cash,M15: loaded successfully
2	18:43:52.681	Custom indicator #Signal_Bars_v6 .DE30Cash,M15: loaded successfully
2	18:43:52.681	Custom indicator TrendEnvelopes_v1 .DE30Cash,M15: loaded successfully
2	18:43:52.696	Custom indicator wedges .DE30Cash,M15: loaded successfully
2	18:43:52.712	Custom indicator Admiral Pivot .DE30Cash,M15: loaded successfully
2	18:43:52.712	Custom indicator AutoTrendChannel .DE30Cash,M15: loaded successfully
2	18:43:52.731	Custom indicator FRZ Channel Auto Plotter .DE30Cash,M15: loaded successfully
2	18:43:52.731	Custom indicator Forex Uranus direction .DE30Cash,M15: loaded successfully
2	18:43:52.842	Custom indicator aVSA\aVSA clasters .DE30Cash,M15: loaded successfully
2	18:43:52.861	Custom indicator aVSA\aVSA Golden Zone .DE30Cash,M15: loaded successfully
2	18:43:52.871	Custom indicator breakout-zones\breakout-zones .DE30Cash,M15: loaded successfully
2	18:43:52.881	Custom indicator breakout-zones\SL&TP Values .DE30Cash,M15: loaded successfully
2	18:43:52.903	Custom indicator PositionSizeCalculator .DE30Cash,M15: loaded successfully
2	18:43:52.911	Custom indicator DaVinci Truly News Indicator 2.3.95 .DE30Cash,M15: loaded successfully
2	18:43:53.030	Custom indicator AIMS AO V.2.1 .DE30Cash,M15: loaded successfully
2	18:43:53.049	Custom indicator IVT_MACD_ZERO_LAG .DE30Cash,M15: loaded successfully
2	18:43:53.059	Custom indicator RSI Divergence Levels .DE30Cash,M15: loaded successfully
2	18:43:53.070	Custom indicator RenkoMaker_Confirm .DE30Cash,M15: loaded successfully
2	18:43:53.080	Custom indicator FRZ Forex Market Session Indicator .DE30Cash,M15: loaded successfully
2	18:43:53.768	Custom indicator AIMS Entry Alert V1 .JP225Cash,H1: loaded successfully
2	18:43:53.768	Custom indicator CandleTimer .JP225Cash,H1: loaded successfully
2	18:43:53.863	Custom indicator #Signal_Bars_v6 .JP225Cash,H1: loaded successfully
2	18:43:53.864	Custom indicator TrendEnvelopes_v1 .JP225Cash,H1: loaded successfully
2	18:43:53.879	Custom indicator wedges .JP225Cash,H1: loaded successfully
2	18:43:53.879	Custom indicator Admiral Pivot .JP225Cash,H1: loaded successfully
2	18:43:53.895	Custom indicator AutoTrendChannel .JP225Cash,H1: loaded successfully
2	18:43:53.895	Custom indicator FRZ Channel Auto Plotter .JP225Cash,H1: loaded successfully
2	18:43:53.912	Custom indicator Forex Uranus direction .JP225Cash,H1: loaded successfully
2	18:43:53.991	Custom indicator aVSA\aVSA clasters .JP225Cash,H1: loaded successfully
2	18:43:54.009	Custom indicator aVSA\aVSA Golden Zone .JP225Cash,H1: loaded successfully
2	18:43:54.025	Custom indicator breakout-zones\breakout-zones .JP225Cash,H1: loaded successfully
2	18:43:54.040	Custom indicator breakout-zones\SL&TP Values .JP225Cash,H1: loaded successfully
2	18:43:54.057	Custom indicator PositionSizeCalculator .JP225Cash,H1: loaded successfully
2	18:43:54.057	Custom indicator DaVinci Truly News Indicator 2.3.95 .JP225Cash,H1: loaded successfully
2	18:43:54.161	Custom indicator AIMS AO V.2.1 .JP225Cash,H1: loaded successfully
2	18:43:54.166	Custom indicator IVT_MACD_ZERO_LAG .JP225Cash,H1: loaded successfully
2	18:43:54.188	Custom indicator RSI Divergence Levels .JP225Cash,H1: loaded successfully
2	18:43:54.191	Custom indicator RenkoMaker_Confirm .JP225Cash,H1: loaded successfully
2	18:43:54.191	Custom indicator FRZ Forex Market Session Indicator .JP225Cash,H1: loaded successfully
2	18:43:54.969	Custom indicator AIMS Entry Alert V1 .US500Cash,H1: loaded successfully
2	18:43:54.969	Custom indicator CandleTimer .US500Cash,H1: loaded successfully
2	18:43:55.051	Custom indicator #Signal_Bars_v6 .US500Cash,H1: loaded successfully
2	18:43:55.067	Custom indicator TrendEnvelopes_v1 .US500Cash,H1: loaded successfully
2	18:43:55.082	Custom indicator wedges .US500Cash,H1: loaded successfully
2	18:43:55.083	Custom indicator Admiral Pivot .US500Cash,H1: loaded successfully
2	18:43:55.101	Custom indicator AutoTrendChannel .US500Cash,H1: loaded successfully
2	18:43:55.110	Custom indicator FRZ Channel Auto Plotter .US500Cash,H1: loaded successfully
2	18:43:55.119	Custom indicator Forex Uranus direction .US500Cash,H1: loaded successfully
2	18:43:55.190	Custom indicator aVSA\aVSA clasters .US500Cash,H1: loaded successfully
2	18:43:55.222	Custom indicator aVSA\aVSA Golden Zone .US500Cash,H1: loaded successfully
2	18:43:55.222	Custom indicator breakout-zones\breakout-zones .US500Cash,H1: loaded successfully
2	18:43:55.242	Custom indicator breakout-zones\SL&TP Values .US500Cash,H1: loaded successfully
2	18:43:55.249	Custom indicator PositionSizeCalculator .US500Cash,H1: loaded successfully
2	18:43:55.266	Custom indicator DaVinci Truly News Indicator 2.3.95 .US500Cash,H1: loaded successfully
2	18:43:55.347	Custom indicator AIMS AO V.2.1 .US500Cash,H1: loaded successfully
2	18:43:55.365	Custom indicator IVT_MACD_ZERO_LAG .US500Cash,H1: loaded successfully
2	18:43:55.369	Custom indicator RSI Divergence Levels .US500Cash,H1: loaded successfully
2	18:43:55.369	Custom indicator RenkoMaker_Confirm .US500Cash,H1: loaded successfully
2	18:43:55.387	Custom indicator FRZ Forex Market Session Indicator .US500Cash,H1: loaded successfully
2	18:43:55.951	Custom indicator AIMS Entry Alert V1 EURUSD,H1: loaded successfully
2	18:43:55.951	Custom indicator CandleTimer EURUSD,H1: loaded successfully
2	18:43:56.068	Custom indicator #Signal_Bars_v6 EURUSD,H1: loaded successfully
2	18:43:56.086	Custom indicator TrendEnvelopes_v1 EURUSD,H1: loaded successfully
2	18:43:56.101	Custom indicator wedges EURUSD,H1: loaded successfully
2	18:43:56.101	Custom indicator Admiral Pivot EURUSD,H1: loaded successfully
2	18:43:56.119	Custom indicator AutoTrendChannel EURUSD,H1: loaded successfully
2	18:43:56.119	Custom indicator FRZ Channel Auto Plotter EURUSD,H1: loaded successfully
2	18:43:56.136	Custom indicator Forex Uranus direction EURUSD,H1: loaded successfully
2	18:43:56.217	Custom indicator aVSA\aVSA clasters EURUSD,H1: loaded successfully
2	18:43:56.233	Custom indicator aVSA\aVSA Golden Zone EURUSD,H1: loaded successfully
2	18:43:56.249	Custom indicator breakout-zones\breakout-zones EURUSD,H1: loaded successfully
2	18:43:56.264	Custom indicator breakout-zones\SL&TP Values EURUSD,H1: loaded successfully
2	18:43:56.281	Custom indicator PositionSizeCalculator EURUSD,H1: loaded successfully
2	18:43:56.297	Custom indicator DaVinci Truly News Indicator 2.3.95 EURUSD,H1: loaded successfully
2	18:43:56.411	Custom indicator AIMS AO V.2.1 EURUSD,H1: loaded successfully
2	18:43:56.427	Custom indicator IVT_MACD_ZERO_LAG EURUSD,H1: loaded successfully
2	18:43:56.442	Custom indicator RSI Divergence Levels EURUSD,H1: loaded successfully
2	18:43:56.442	Custom indicator RenkoMaker_Confirm EURUSD,H1: loaded successfully
2	18:43:56.459	Custom indicator FRZ Forex Market Session Indicator EURUSD,H1: loaded successfully
2	18:43:57.483	Custom indicator AIMS Entry Alert V1 AUDUSD,H1: loaded successfully
2	18:43:57.483	Custom indicator CandleTimer AUDUSD,H1: loaded successfully
2	18:43:57.581	Custom indicator #Signal_Bars_v6 AUDUSD,H1: loaded successfully
2	18:43:57.581	Custom indicator TrendEnvelopes_v1 AUDUSD,H1: loaded successfully
2	18:43:57.596	Custom indicator wedges AUDUSD,H1: loaded successfully
2	18:43:57.596	Custom indicator Admiral Pivot AUDUSD,H1: loaded successfully
2	18:43:57.614	Custom indicator AutoTrendChannel AUDUSD,H1: loaded successfully
2	18:43:57.631	Custom indicator FRZ Channel Auto Plotter AUDUSD,H1: loaded successfully
2	18:43:57.631	Custom indicator Forex Uranus direction AUDUSD,H1: loaded successfully
2	18:43:57.718	Custom indicator aVSA\aVSA clasters AUDUSD,H1: loaded successfully
2	18:43:57.749	Custom indicator aVSA\aVSA Golden Zone AUDUSD,H1: loaded successfully
2	18:43:57.749	Custom indicator breakout-zones\breakout-zones AUDUSD,H1: loaded successfully
2	18:43:57.766	Custom indicator breakout-zones\SL&TP Values AUDUSD,H1: loaded successfully
2	18:43:57.781	Custom indicator PositionSizeCalculator AUDUSD,H1: loaded successfully
2	18:43:57.781	Custom indicator DaVinci Truly News Indicator 2.3.95 AUDUSD,H1: loaded successfully
2	18:43:57.882	Custom indicator AIMS AO V.2.1 AUDUSD,H1: loaded successfully
2	18:43:57.888	Custom indicator IVT_MACD_ZERO_LAG AUDUSD,H1: loaded successfully
2	18:43:57.901	Custom indicator RSI Divergence Levels AUDUSD,H1: loaded successfully
2	18:43:57.904	Custom indicator RenkoMaker_Confirm AUDUSD,H1: loaded successfully
2	18:43:57.904	Custom indicator FRZ Forex Market Session Indicator AUDUSD,H1: loaded successfully
2	18:43:58.928	Custom indicator AIMS Entry Alert V1 GBPUSD,H1: loaded successfully
2	18:43:58.948	Custom indicator CandleTimer GBPUSD,H1: loaded successfully
2	18:43:59.025	Custom indicator #Signal_Bars_v6 GBPUSD,H1: loaded successfully
2	18:43:59.042	Custom indicator TrendEnvelopes_v1 GBPUSD,H1: loaded successfully
2	18:43:59.042	Custom indicator wedges GBPUSD,H1: loaded successfully
2	18:43:59.059	Custom indicator Admiral Pivot GBPUSD,H1: loaded successfully
2	18:43:59.059	Custom indicator AutoTrendChannel GBPUSD,H1: loaded successfully
2	18:43:59.076	Custom indicator FRZ Channel Auto Plotter GBPUSD,H1: loaded successfully
2	18:43:59.076	Custom indicator Forex Uranus direction GBPUSD,H1: loaded successfully
2	18:43:59.163	Custom indicator aVSA\aVSA clasters GBPUSD,H1: loaded successfully
2	18:43:59.195	Custom indicator aVSA\aVSA Golden Zone GBPUSD,H1: loaded successfully
2	18:43:59.195	Custom indicator breakout-zones\breakout-zones GBPUSD,H1: loaded successfully
2	18:43:59.213	Custom indicator breakout-zones\SL&TP Values GBPUSD,H1: loaded successfully
2	18:43:59.230	Custom indicator PositionSizeCalculator GBPUSD,H1: loaded successfully
2	18:43:59.233	Custom indicator DaVinci Truly News Indicator 2.3.95 GBPUSD,H1: loaded successfully
2	18:43:59.315	Custom indicator AIMS AO V.2.1 GBPUSD,H1: loaded successfully
2	18:43:59.333	Custom indicator IVT_MACD_ZERO_LAG GBPUSD,H1: loaded successfully
2	18:43:59.333	Custom indicator RSI Divergence Levels GBPUSD,H1: loaded successfully
2	18:43:59.349	Custom indicator RenkoMaker_Confirm GBPUSD,H1: loaded successfully
2	18:43:59.349	Custom indicator FRZ Forex Market Session Indicator GBPUSD,H1: loaded successfully
2	18:44:00.612	Custom indicator AIMS Entry Alert V1 AUDCHF,H1: loaded successfully
2	18:44:00.628	Custom indicator CandleTimer AUDCHF,H1: loaded successfully
2	18:44:00.715	Custom indicator #Signal_Bars_v6 AUDCHF,H1: loaded successfully
2	18:44:00.715	Custom indicator TrendEnvelopes_v1 AUDCHF,H1: loaded successfully
2	18:44:00.730	Custom indicator wedges AUDCHF,H1: loaded successfully
2	18:44:00.746	Custom indicator Admiral Pivot AUDCHF,H1: loaded successfully
2	18:44:00.746	Custom indicator AutoTrendChannel AUDCHF,H1: loaded successfully
2	18:44:00.763	Custom indicator FRZ Channel Auto Plotter AUDCHF,H1: loaded successfully
2	18:44:00.772	Custom indicator Forex Uranus direction AUDCHF,H1: loaded successfully
2	18:44:00.848	Custom indicator aVSA\aVSA clasters AUDCHF,H1: loaded successfully
2	18:44:00.865	Custom indicator aVSA\aVSA Golden Zone AUDCHF,H1: loaded successfully
2	18:44:00.889	Custom indicator breakout-zones\breakout-zones AUDCHF,H1: loaded successfully
2	18:44:00.891	Custom indicator breakout-zones\SL&TP Values AUDCHF,H1: loaded successfully
2	18:44:00.907	Custom indicator PositionSizeCalculator AUDCHF,H1: loaded successfully
2	18:44:00.927	Custom indicator DaVinci Truly News Indicator 2.3.95 AUDCHF,H1: loaded successfully
2	18:44:01.005	Custom indicator AIMS AO V.2.1 AUDCHF,H1: loaded successfully
2	18:44:01.022	Custom indicator IVT_MACD_ZERO_LAG AUDCHF,H1: loaded successfully
2	18:44:01.022	Custom indicator RSI Divergence Levels AUDCHF,H1: loaded successfully
2	18:44:01.037	Custom indicator RenkoMaker_Confirm AUDCHF,H1: loaded successfully
2	18:44:01.037	Custom indicator FRZ Forex Market Session Indicator AUDCHF,H1: loaded successfully
2	18:44:02.117	Custom indicator AIMS Entry Alert V1 WTI,Weekly: loaded successfully
2	18:44:02.117	Custom indicator CandleTimer WTI,Weekly: loaded successfully
2	18:44:02.200	Custom indicator #Signal_Bars_v6 WTI,Weekly: loaded successfully
2	18:44:02.216	Custom indicator TrendEnvelopes_v1 WTI,Weekly: loaded successfully
2	18:44:02.216	Custom indicator wedges WTI,Weekly: loaded successfully
2	18:44:02.232	Custom indicator Admiral Pivot WTI,Weekly: loaded successfully
2	18:44:02.232	Custom indicator AutoTrendChannel WTI,Weekly: loaded successfully
2	18:44:02.248	Custom indicator FRZ Channel Auto Plotter WTI,Weekly: loaded successfully
2	18:44:02.264	Custom indicator Forex Uranus direction WTI,Weekly: loaded successfully
2	18:44:02.351	Custom indicator aVSA\aVSA clasters WTI,Weekly: loaded successfully
2	18:44:02.354	Custom indicator aVSA\aVSA Golden Zone WTI,Weekly: loaded successfully
2	18:44:02.379	Custom indicator breakout-zones\breakout-zones WTI,Weekly: loaded successfully
2	18:44:02.382	Custom indicator breakout-zones\SL&TP Values WTI,Weekly: loaded successfully
2	18:44:02.400	Custom indicator PositionSizeCalculator WTI,Weekly: loaded successfully
2	18:44:02.416	Custom indicator DaVinci Truly News Indicator 2.3.95 WTI,Weekly: loaded successfully
2	18:44:02.534	Custom indicator AIMS AO V.2.1 WTI,Weekly: loaded successfully
2	18:44:02.534	Custom indicator IVT_MACD_ZERO_LAG WTI,Weekly: loaded successfully
2	18:44:02.551	Custom indicator RSI Divergence Levels WTI,Weekly: loaded successfully
2	18:44:02.565	Custom indicator RenkoMaker_Confirm WTI,Weekly: loaded successfully
2	18:44:02.565	Custom indicator FRZ Forex Market Session Indicator WTI,Weekly: loaded successfully
2	18:44:03.179	Custom indicator AIMS Entry Alert V1 AUDUSD,H1: loaded successfully
2	18:44:03.196	Custom indicator CandleTimer AUDUSD,H1: loaded successfully
2	18:44:03.281	Custom indicator #Signal_Bars_v6 AUDUSD,H1: loaded successfully
2	18:44:03.281	Custom indicator TrendEnvelopes_v1 AUDUSD,H1: loaded successfully
2	18:44:03.296	Custom indicator wedges AUDUSD,H1: loaded successfully
2	18:44:03.296	Custom indicator Admiral Pivot AUDUSD,H1: loaded successfully
2	18:44:03.312	Custom indicator AutoTrendChannel AUDUSD,H1: loaded successfully
2	18:44:03.327	Custom indicator FRZ Channel Auto Plotter AUDUSD,H1: loaded successfully
2	18:44:03.327	Custom indicator Forex Uranus direction AUDUSD,H1: loaded successfully
2	18:44:03.410	Custom indicator aVSA\aVSA clasters AUDUSD,H1: loaded successfully
2	18:44:03.442	Custom indicator aVSA\aVSA Golden Zone AUDUSD,H1: loaded successfully
2	18:44:03.442	Custom indicator breakout-zones\breakout-zones AUDUSD,H1: loaded successfully
2	18:44:03.459	Custom indicator breakout-zones\SL&TP Values AUDUSD,H1: loaded successfully
2	18:44:03.475	Custom indicator PositionSizeCalculator AUDUSD,H1: loaded successfully
2	18:44:03.475	Custom indicator DaVinci Truly News Indicator 2.3.95 AUDUSD,H1: loaded successfully
2	18:44:03.575	Custom indicator AIMS AO V.2.1 AUDUSD,H1: loaded successfully
2	18:44:03.576	Custom indicator IVT_MACD_ZERO_LAG AUDUSD,H1: loaded successfully
2	18:44:03.592	Custom indicator RSI Divergence Levels AUDUSD,H1: loaded successfully
2	18:44:03.592	Custom indicator RenkoMaker_Confirm AUDUSD,H1: loaded successfully
2	18:44:03.607	Custom indicator FRZ Forex Market Session Indicator AUDUSD,H1: loaded successfully
2	18:44:04.605	Custom indicator AIMS Entry Alert V1 US100.cash,M1: loaded successfully
2	18:44:04.612	Custom indicator CandleTimer US100.cash,M1: loaded successfully
2	18:44:04.711	Custom indicator #Signal_Bars_v6 US100.cash,M1: loaded successfully
2	18:44:04.711	Custom indicator TrendEnvelopes_v1 US100.cash,M1: loaded successfully
2	18:44:04.726	Custom indicator wedges US100.cash,M1: loaded successfully
2	18:44:04.743	Custom indicator Admiral Pivot US100.cash,M1: loaded successfully
2	18:44:04.743	Custom indicator AutoTrendChannel US100.cash,M1: loaded successfully
2	18:44:04.759	Custom indicator FRZ Channel Auto Plotter US100.cash,M1: loaded successfully
2	18:44:04.759	Custom indicator Forex Uranus direction US100.cash,M1: loaded successfully
2	18:44:04.856	Custom indicator aVSA\aVSA clasters US100.cash,M1: loaded successfully
2	18:44:04.873	Custom indicator aVSA\aVSA Golden Zone US100.cash,M1: loaded successfully
2	18:44:04.873	Custom indicator breakout-zones\breakout-zones US100.cash,M1: loaded successfully
2	18:44:04.889	Custom indicator breakout-zones\SL&TP Values US100.cash,M1: loaded successfully
2	18:44:04.904	Custom indicator PositionSizeCalculator US100.cash,M1: loaded successfully
2	18:44:04.914	Custom indicator DaVinci Truly News Indicator 2.3.95 US100.cash,M1: loaded successfully
2	18:44:04.995	Custom indicator AIMS AO V.2.1 US100.cash,M1: loaded successfully
2	18:44:05.011	Custom indicator IVT_MACD_ZERO_LAG US100.cash,M1: loaded successfully
2	18:44:05.027	Custom indicator RSI Divergence Levels US100.cash,M1: loaded successfully
2	18:44:05.028	Custom indicator RenkoMaker_Confirm US100.cash,M1: loaded successfully
2	18:44:05.044	Custom indicator FRZ Forex Market Session Indicator US100.cash,M1: loaded successfully
2	18:44:12.351	Custom indicator AIMS Entry Alert V1 GER30.cash,H1: loaded successfully
2	18:44:12.351	Custom indicator CandleTimer GER30.cash,H1: loaded successfully
2	18:44:12.449	Custom indicator #Signal_Bars_v6 GER30.cash,H1: loaded successfully
2	18:44:12.449	Custom indicator TrendEnvelopes_v1 GER30.cash,H1: loaded successfully
2	18:44:12.466	Custom indicator wedges GER30.cash,H1: loaded successfully
2	18:44:12.466	Custom indicator Admiral Pivot GER30.cash,H1: loaded successfully
2	18:44:12.482	Custom indicator AutoTrendChannel GER30.cash,H1: loaded successfully
2	18:44:12.482	Custom indicator FRZ Channel Auto Plotter GER30.cash,H1: loaded successfully
2	18:44:12.499	Custom indicator Forex Uranus direction GER30.cash,H1: loaded successfully
2	18:44:12.577	Custom indicator aVSA\aVSA clasters GER30.cash,H1: loaded successfully
2	18:44:12.609	Custom indicator aVSA\aVSA Golden Zone GER30.cash,H1: loaded successfully
2	18:44:12.609	Custom indicator breakout-zones\breakout-zones GER30.cash,H1: loaded successfully
2	18:44:12.625	Custom indicator breakout-zones\SL&TP Values GER30.cash,H1: loaded successfully
2	18:44:12.642	Custom indicator PositionSizeCalculator GER30.cash,H1: loaded successfully
2	18:44:12.658	Custom indicator DaVinci Truly News Indicator 2.3.95 GER30.cash,H1: loaded successfully
2	18:44:12.740	Custom indicator AIMS AO V.2.1 GER30.cash,H1: loaded successfully
2	18:44:12.740	Custom indicator IVT_MACD_ZERO_LAG GER30.cash,H1: loaded successfully
2	18:44:12.756	Custom indicator RSI Divergence Levels GER30.cash,H1: loaded successfully
2	18:44:12.756	Custom indicator RenkoMaker_Confirm GER30.cash,H1: loaded successfully
2	18:44:12.772	Custom indicator FRZ Forex Market Session Indicator GER30.cash,H1: loaded successfully
2	18:44:13.797	Custom indicator AIMS Entry Alert V1 GBPUSD,M15: loaded successfully
2	18:44:13.812	Custom indicator CandleTimer GBPUSD,M15: loaded successfully
2	18:44:13.891	Custom indicator #Signal_Bars_v6 GBPUSD,M15: loaded successfully
2	18:44:13.907	Custom indicator TrendEnvelopes_v1 GBPUSD,M15: loaded successfully
2	18:44:13.907	Custom indicator wedges GBPUSD,M15: loaded successfully
2	18:44:13.924	Custom indicator Admiral Pivot GBPUSD,M15: loaded successfully
2	18:44:13.924	Custom indicator AutoTrendChannel GBPUSD,M15: loaded successfully
2	18:44:13.940	Custom indicator FRZ Channel Auto Plotter GBPUSD,M15: loaded successfully
2	18:44:13.940	Custom indicator Forex Uranus direction GBPUSD,M15: loaded successfully
2	18:44:14.036	Custom indicator aVSA\aVSA clasters GBPUSD,M15: loaded successfully
2	18:44:14.052	Custom indicator aVSA\aVSA Golden Zone GBPUSD,M15: loaded successfully
2	18:44:14.067	Custom indicator breakout-zones\breakout-zones GBPUSD,M15: loaded successfully
2	18:44:14.070	Custom indicator breakout-zones\SL&TP Values GBPUSD,M15: loaded successfully
2	18:44:14.085	Custom indicator PositionSizeCalculator GBPUSD,M15: loaded successfully
2	18:44:14.101	Custom indicator DaVinci Truly News Indicator 2.3.95 GBPUSD,M15: loaded successfully
2	18:44:14.182	Custom indicator AIMS AO V.2.1 GBPUSD,M15: loaded successfully
2	18:44:14.199	Custom indicator IVT_MACD_ZERO_LAG GBPUSD,M15: loaded successfully
2	18:44:14.199	Custom indicator RSI Divergence Levels GBPUSD,M15: loaded successfully
2	18:44:14.216	Custom indicator RenkoMaker_Confirm GBPUSD,M15: loaded successfully
2	18:44:14.216	Custom indicator FRZ Forex Market Session Indicator GBPUSD,M15: loaded successfully
1	18:44:16.869	'1300063358': connect failed [Connection échouée]
1	18:44:16.954	MQL5.community: authorization failed
1	18:44:17.191	MQL5.community: authorization failed
1	18:48:29.877	Code Base: failed connect to server
1	18:48:40.017	MQL5.community: authorization failed
1	18:48:52.554	MQL4 Market: read from server failed
1	18:48:52.554	MQL4 Market: failed to load products (send request failed [12007])
1	18:49:17.536	MQL5.community: authorization failed
1	18:54:17.737	MQL5.community: authorization failed
1	18:59:17.127	MQL5.community: authorization failed
1	19:04:17.368	MQL5.community: authorization failed
1	19:10:18.267	MQL5.community: authorization failed
1	19:15:18.201	MQL5.community: authorization failed
1	19:20:18.326	MQL5.community: authorization failed
1	19:25:18.426	MQL5.community: authorization failed
1	19:30:18.694	MQL5.community: authorization failed
1	19:35:19.066	MQL5.community: authorization failed
1	19:53:07.862	MQL5.community: authorization failed
1	22:55:11.005	MQL5.community: authorization failed
