0	10:32:50.672	Admiral Markets build 1335 started (Admiral Markets Group AS)
0	10:32:50.672	Windows 10 Pro x64, IE 11, UAC, 8 x Intel Core i7-10510U  @ 1.80GHz, Memory: 2861 / 8014 Mb, Disk: 39 / 197 Gb, GMT+3
0	10:32:50.672	Data Folder: C:\Users\SRIE\AppData\Roaming\MetaQuotes\Terminal\51337600F56B69473E15EAFB8A7586B4
2	10:32:58.984	Custom indicator AIMS Entry Alert V1 .DE30Cash,M15: loaded successfully
2	10:32:58.984	Custom indicator CandleTimer .DE30Cash,M15: loaded successfully
2	10:32:59.070	Custom indicator #Signal_Bars_v6 .DE30Cash,M15: loaded successfully
2	10:32:59.078	Custom indicator TrendEnvelopes_v1 .DE30Cash,M15: loaded successfully
2	10:32:59.086	Custom indicator wedges .DE30Cash,M15: loaded successfully
2	10:32:59.089	Custom indicator Admiral Pivot .DE30Cash,M15: loaded successfully
2	10:32:59.097	Custom indicator AutoTrendChannel .DE30Cash,M15: loaded successfully
2	10:32:59.105	Custom indicator FRZ Channel Auto Plotter .DE30Cash,M15: loaded successfully
2	10:32:59.105	Custom indicator Forex Uranus direction .DE30Cash,M15: loaded successfully
2	10:32:59.183	Custom indicator aVSA\aVSA clasters .DE30Cash,M15: loaded successfully
2	10:32:59.199	Custom indicator aVSA\aVSA Golden Zone .DE30Cash,M15: loaded successfully
2	10:32:59.215	Custom indicator breakout-zones\breakout-zones .DE30Cash,M15: loaded successfully
2	10:32:59.215	Custom indicator breakout-zones\SL&TP Values .DE30Cash,M15: loaded successfully
2	10:32:59.246	Custom indicator PositionSizeCalculator .DE30Cash,M15: loaded successfully
2	10:32:59.262	Custom indicator DaVinci Truly News Indicator 2.3.95 .DE30Cash,M15: loaded successfully
2	10:32:59.409	Custom indicator AIMS AO V.2.1 .DE30Cash,M15: loaded successfully
2	10:32:59.425	Custom indicator IVT_MACD_ZERO_LAG .DE30Cash,M15: loaded successfully
2	10:32:59.441	Custom indicator RSI Divergence Levels .DE30Cash,M15: loaded successfully
2	10:32:59.449	Custom indicator RenkoMaker_Confirm .DE30Cash,M15: loaded successfully
2	10:32:59.465	Custom indicator FRZ Forex Market Session Indicator .DE30Cash,M15: loaded successfully
2	10:33:00.600	Custom indicator AIMS Entry Alert V1 .JP225Cash,H1: loaded successfully
2	10:33:00.615	Custom indicator CandleTimer .JP225Cash,H1: loaded successfully
2	10:33:00.713	Custom indicator #Signal_Bars_v6 .JP225Cash,H1: loaded successfully
2	10:33:00.718	Custom indicator TrendEnvelopes_v1 .JP225Cash,H1: loaded successfully
2	10:33:00.734	Custom indicator wedges .JP225Cash,H1: loaded successfully
2	10:33:00.734	Custom indicator Admiral Pivot .JP225Cash,H1: loaded successfully
2	10:33:00.749	Custom indicator AutoTrendChannel .JP225Cash,H1: loaded successfully
2	10:33:00.765	Custom indicator FRZ Channel Auto Plotter .JP225Cash,H1: loaded successfully
2	10:33:00.770	Custom indicator Forex Uranus direction .JP225Cash,H1: loaded successfully
2	10:33:00.880	Custom indicator aVSA\aVSA clasters .JP225Cash,H1: loaded successfully
2	10:33:00.895	Custom indicator aVSA\aVSA Golden Zone .JP225Cash,H1: loaded successfully
2	10:33:00.911	Custom indicator breakout-zones\breakout-zones .JP225Cash,H1: loaded successfully
2	10:33:00.927	Custom indicator breakout-zones\SL&TP Values .JP225Cash,H1: loaded successfully
2	10:33:00.942	Custom indicator PositionSizeCalculator .JP225Cash,H1: loaded successfully
2	10:33:00.958	Custom indicator DaVinci Truly News Indicator 2.3.95 .JP225Cash,H1: loaded successfully
2	10:33:01.067	Custom indicator AIMS AO V.2.1 .JP225Cash,H1: loaded successfully
2	10:33:01.083	Custom indicator IVT_MACD_ZERO_LAG .JP225Cash,H1: loaded successfully
2	10:33:01.099	Custom indicator RSI Divergence Levels .JP225Cash,H1: loaded successfully
2	10:33:01.107	Custom indicator RenkoMaker_Confirm .JP225Cash,H1: loaded successfully
2	10:33:01.118	Custom indicator FRZ Forex Market Session Indicator .JP225Cash,H1: loaded successfully
2	10:33:02.095	Custom indicator AIMS Entry Alert V1 .US500Cash,H1: loaded successfully
2	10:33:02.095	Custom indicator CandleTimer .US500Cash,H1: loaded successfully
2	10:33:02.233	Custom indicator #Signal_Bars_v6 .US500Cash,H1: loaded successfully
2	10:33:02.248	Custom indicator TrendEnvelopes_v1 .US500Cash,H1: loaded successfully
2	10:33:02.264	Custom indicator wedges .US500Cash,H1: loaded successfully
2	10:33:02.295	Custom indicator Admiral Pivot .US500Cash,H1: loaded successfully
2	10:33:02.317	Custom indicator AutoTrendChannel .US500Cash,H1: loaded successfully
2	10:33:02.341	Custom indicator FRZ Channel Auto Plotter .US500Cash,H1: loaded successfully
2	10:33:02.365	Custom indicator Forex Uranus direction .US500Cash,H1: loaded successfully
2	10:33:02.495	Custom indicator aVSA\aVSA clasters .US500Cash,H1: loaded successfully
2	10:33:02.511	Custom indicator aVSA\aVSA Golden Zone .US500Cash,H1: loaded successfully
2	10:33:02.527	Custom indicator breakout-zones\breakout-zones .US500Cash,H1: loaded successfully
2	10:33:02.542	Custom indicator breakout-zones\SL&TP Values .US500Cash,H1: loaded successfully
2	10:33:02.564	Custom indicator PositionSizeCalculator .US500Cash,H1: loaded successfully
2	10:33:02.575	Custom indicator DaVinci Truly News Indicator 2.3.95 .US500Cash,H1: loaded successfully
2	10:33:02.707	Custom indicator AIMS AO V.2.1 .US500Cash,H1: loaded successfully
2	10:33:02.715	Custom indicator IVT_MACD_ZERO_LAG .US500Cash,H1: loaded successfully
2	10:33:02.723	Custom indicator RSI Divergence Levels .US500Cash,H1: loaded successfully
2	10:33:02.739	Custom indicator RenkoMaker_Confirm .US500Cash,H1: loaded successfully
2	10:33:02.754	Custom indicator FRZ Forex Market Session Indicator .US500Cash,H1: loaded successfully
2	10:33:03.917	Custom indicator AIMS Entry Alert V1 .USTECHCash,H1: loaded successfully
2	10:33:03.933	Custom indicator CandleTimer .USTECHCash,H1: loaded successfully
2	10:33:04.064	Custom indicator #Signal_Bars_v6 .USTECHCash,H1: loaded successfully
2	10:33:04.072	Custom indicator TrendEnvelopes_v1 .USTECHCash,H1: loaded successfully
2	10:33:04.080	Custom indicator wedges .USTECHCash,H1: loaded successfully
2	10:33:04.088	Custom indicator Admiral Pivot .USTECHCash,H1: loaded successfully
2	10:33:04.104	Custom indicator AutoTrendChannel .USTECHCash,H1: loaded successfully
2	10:33:04.124	Custom indicator FRZ Channel Auto Plotter .USTECHCash,H1: loaded successfully
2	10:33:04.132	Custom indicator Forex Uranus direction .USTECHCash,H1: loaded successfully
2	10:33:04.212	Custom indicator aVSA\aVSA clasters .USTECHCash,H1: loaded successfully
2	10:33:04.244	Custom indicator aVSA\aVSA Golden Zone .USTECHCash,H1: loaded successfully
2	10:33:04.244	Custom indicator breakout-zones\breakout-zones .USTECHCash,H1: loaded successfully
2	10:33:04.259	Custom indicator breakout-zones\SL&TP Values .USTECHCash,H1: loaded successfully
2	10:33:04.275	Custom indicator PositionSizeCalculator .USTECHCash,H1: loaded successfully
2	10:33:04.291	Custom indicator DaVinci Truly News Indicator 2.3.95 .USTECHCash,H1: loaded successfully
2	10:33:04.398	Custom indicator AIMS AO V.2.1 .USTECHCash,H1: loaded successfully
2	10:33:04.398	Custom indicator IVT_MACD_ZERO_LAG .USTECHCash,H1: loaded successfully
2	10:33:04.413	Custom indicator RSI Divergence Levels .USTECHCash,H1: loaded successfully
2	10:33:04.429	Custom indicator RenkoMaker_Confirm .USTECHCash,H1: loaded successfully
2	10:33:04.429	Custom indicator FRZ Forex Market Session Indicator .USTECHCash,H1: loaded successfully
2	10:33:05.279	Custom indicator AIMS Entry Alert V1 .US30Cash,H1: loaded successfully
2	10:33:05.295	Custom indicator CandleTimer .US30Cash,H1: loaded successfully
2	10:33:05.386	Custom indicator #Signal_Bars_v6 .US30Cash,H1: loaded successfully
2	10:33:05.386	Custom indicator TrendEnvelopes_v1 .US30Cash,H1: loaded successfully
2	10:33:05.402	Custom indicator wedges .US30Cash,H1: loaded successfully
2	10:33:05.418	Custom indicator Admiral Pivot .US30Cash,H1: loaded successfully
2	10:33:05.418	Custom indicator AutoTrendChannel .US30Cash,H1: loaded successfully
2	10:33:05.433	Custom indicator FRZ Channel Auto Plotter .US30Cash,H1: loaded successfully
2	10:33:05.449	Custom indicator Forex Uranus direction .US30Cash,H1: loaded successfully
2	10:33:05.527	Custom indicator aVSA\aVSA clasters .US30Cash,H1: loaded successfully
2	10:33:05.558	Custom indicator aVSA\aVSA Golden Zone .US30Cash,H1: loaded successfully
2	10:33:05.558	Custom indicator breakout-zones\breakout-zones .US30Cash,H1: loaded successfully
2	10:33:05.574	Custom indicator breakout-zones\SL&TP Values .US30Cash,H1: loaded successfully
2	10:33:05.589	Custom indicator PositionSizeCalculator .US30Cash,H1: loaded successfully
2	10:33:05.605	Custom indicator DaVinci Truly News Indicator 2.3.95 .US30Cash,H1: loaded successfully
2	10:33:05.699	Custom indicator AIMS AO V.2.1 .US30Cash,H1: loaded successfully
2	10:33:05.714	Custom indicator IVT_MACD_ZERO_LAG .US30Cash,H1: loaded successfully
2	10:33:05.730	Custom indicator RSI Divergence Levels .US30Cash,H1: loaded successfully
2	10:33:05.738	Custom indicator RenkoMaker_Confirm .US30Cash,H1: loaded successfully
2	10:33:05.746	Custom indicator FRZ Forex Market Session Indicator .US30Cash,H1: loaded successfully
2	10:33:06.619	Custom indicator AIMS Entry Alert V1 WTI,Weekly: loaded successfully
2	10:33:06.634	Custom indicator CandleTimer WTI,Weekly: loaded successfully
2	10:33:06.721	Custom indicator #Signal_Bars_v6 WTI,Weekly: loaded successfully
2	10:33:06.729	Custom indicator TrendEnvelopes_v1 WTI,Weekly: loaded successfully
2	10:33:06.744	Custom indicator wedges WTI,Weekly: loaded successfully
2	10:33:06.744	Custom indicator Admiral Pivot WTI,Weekly: loaded successfully
2	10:33:06.760	Custom indicator AutoTrendChannel WTI,Weekly: loaded successfully
2	10:33:06.776	Custom indicator FRZ Channel Auto Plotter WTI,Weekly: loaded successfully
2	10:33:06.776	Custom indicator Forex Uranus direction WTI,Weekly: loaded successfully
2	10:33:06.869	Custom indicator aVSA\aVSA clasters WTI,Weekly: loaded successfully
2	10:33:06.885	Custom indicator aVSA\aVSA Golden Zone WTI,Weekly: loaded successfully
2	10:33:06.901	Custom indicator breakout-zones\breakout-zones WTI,Weekly: loaded successfully
2	10:33:06.916	Custom indicator breakout-zones\SL&TP Values WTI,Weekly: loaded successfully
2	10:33:06.932	Custom indicator PositionSizeCalculator WTI,Weekly: loaded successfully
2	10:33:06.947	Custom indicator DaVinci Truly News Indicator 2.3.95 WTI,Weekly: loaded successfully
2	10:33:07.029	Custom indicator AIMS AO V.2.1 WTI,Weekly: loaded successfully
2	10:33:07.044	Custom indicator IVT_MACD_ZERO_LAG WTI,Weekly: loaded successfully
2	10:33:07.044	Custom indicator RSI Divergence Levels WTI,Weekly: loaded successfully
2	10:33:07.063	Custom indicator RenkoMaker_Confirm WTI,Weekly: loaded successfully
2	10:33:07.071	Custom indicator FRZ Forex Market Session Indicator WTI,Weekly: loaded successfully
2	10:33:07.645	Custom indicator AIMS Entry Alert V1 US100.cash,M1: loaded successfully
2	10:33:07.653	Custom indicator CandleTimer US100.cash,M1: loaded successfully
2	10:33:07.731	Custom indicator #Signal_Bars_v6 US100.cash,M1: loaded successfully
2	10:33:07.747	Custom indicator TrendEnvelopes_v1 US100.cash,M1: loaded successfully
2	10:33:07.762	Custom indicator wedges US100.cash,M1: loaded successfully
2	10:33:07.762	Custom indicator Admiral Pivot US100.cash,M1: loaded successfully
2	10:33:07.778	Custom indicator AutoTrendChannel US100.cash,M1: loaded successfully
2	10:33:07.778	Custom indicator FRZ Channel Auto Plotter US100.cash,M1: loaded successfully
2	10:33:07.793	Custom indicator Forex Uranus direction US100.cash,M1: loaded successfully
2	10:33:07.872	Custom indicator aVSA\aVSA clasters US100.cash,M1: loaded successfully
2	10:33:07.887	Custom indicator aVSA\aVSA Golden Zone US100.cash,M1: loaded successfully
2	10:33:07.903	Custom indicator breakout-zones\breakout-zones US100.cash,M1: loaded successfully
2	10:33:07.903	Custom indicator breakout-zones\SL&TP Values US100.cash,M1: loaded successfully
2	10:33:07.918	Custom indicator PositionSizeCalculator US100.cash,M1: loaded successfully
2	10:33:07.934	Custom indicator DaVinci Truly News Indicator 2.3.95 US100.cash,M1: loaded successfully
2	10:33:08.028	Custom indicator AIMS AO V.2.1 US100.cash,M1: loaded successfully
2	10:33:08.036	Custom indicator IVT_MACD_ZERO_LAG US100.cash,M1: loaded successfully
2	10:33:08.044	Custom indicator RSI Divergence Levels US100.cash,M1: loaded successfully
2	10:33:08.052	Custom indicator RenkoMaker_Confirm US100.cash,M1: loaded successfully
2	10:33:08.069	Custom indicator FRZ Forex Market Session Indicator US100.cash,M1: loaded successfully
0	10:33:10.457	'61076317': login on RoboForex-Demo through DataCenter Europe #1 (ping: 236.50 ms)
0	10:33:16.387	'61076317': login datacenter on RoboForex-Demo through DataCenter Europe #1 (ping: 236.50 ms)
0	10:33:17.225	'61076317': previous successful authorization performed from 154.120.167.73
0	10:33:58.350	'61076317': ping to current access point DataCenter Europe #1 is 243.90 ms
0	10:55:28.362	'61076317': order sell market 26.00 .USTECHCash sl: 0.0 tp: 0.0
0	10:55:28.958	'61076317': order was opened : #411768916 sell 26.00 .USTECHCash at 14946.6 sl: 0.0 tp: 0.0
0	10:55:36.808	'61076317': close order #411086426 sell 22.00 .USTECHCash at 15127.3 sl: 15147.9 tp: 13983.1 at price 0.0
0	10:55:37.544	'61076317': order #411086426 sell 22.00 .USTECHCash at 15127.3 sl: 15147.9 tp: 13983.1 closed at price 14947.2
0	10:55:38.823	'61076317': close order #411116346 sell 1.00 .USTECHCash at 15118.3 sl: 0.0 tp: 0.0 at price 0.0
0	10:55:39.478	'61076317': order #411116346 sell 1.00 .USTECHCash at 15118.3 sl: 0.0 tp: 0.0 closed at price 14946.9
0	10:55:41.170	'61076317': close order #411087421 sell 0.25 .DE30Cash at 15603.3 sl: 15695.5 tp: 0.0 at price 0.0
0	10:55:41.693	'61076317': order #411087421 sell 0.25 .DE30Cash at 15603.3 sl: 15695.5 tp: 0.0 closed at price 15531.3
0	10:56:04.330	'61076317': order sell market 23.00 .USTECHCash sl: 0.0 tp: 0.0
0	10:56:05.115	'61076317': order was opened : #411769196 sell 23.00 .USTECHCash at 14945.4 sl: 0.0 tp: 0.0
