0	02:39:56.858	'27153390': one click trading has been enabled
0	02:42:51.362	'27153390': order sell market 0.04 EURGBP sl: 0.86150 tp: 0.83000
0	02:42:52.025	'27153390': order was opened : #80694127 sell 0.04 EURGBP at 0.85780 sl: 0.86150 tp: 0.83000
0	02:51:53.827	'27153390': order sell market 0.02 AUDUSD sl: 0.00000 tp: 0.76870
0	02:51:54.279	'27153390': order was opened : #80694217 sell 0.02 AUDUSD at 0.77607 sl: 0.00000 tp: 0.76870
0	02:52:14.696	'27153390': modify order #80694217 sell 0.02 AUDUSD at 0.77607 sl: 0.00000 tp: 0.76870 -> sl: 0.78050 tp: 0.76870
0	02:52:14.997	'27153390': order #80694217 sell 0.02 AUDUSD at 0.77607 was modified -> sl: 0.78050 tp: 0.76870
2	03:08:02.941	Custom indicator AIMS Levels V2 EURUSD,H1: loaded successfully
2	03:08:03.015	Custom indicator AIMS Entry Alert V1 EURUSD,H1: loaded successfully
2	03:08:03.049	Custom indicator CandleTimer EURUSD,H1: loaded successfully
2	03:08:03.192	Custom indicator #Signal_Bars_v6 EURUSD,H1: loaded successfully
2	03:08:03.283	Custom indicator TrendEnvelopes_v1 EURUSD,H1: loaded successfully
2	03:08:03.292	Custom indicator guppy_multiple_moving_averages EURUSD,H1: loaded successfully
2	03:08:03.301	Custom indicator wedges EURUSD,H1: loaded successfully
2	03:08:03.341	Custom indicator Admiral Pivot EURUSD,H1: loaded successfully
2	03:08:03.350	Custom indicator AutoTrendChannel EURUSD,H1: loaded successfully
2	03:08:03.420	Custom indicator FRZ Channel Auto Plotter EURUSD,H1: loaded successfully
2	03:08:03.501	Custom indicator FRZ News Indicator MT4 EURUSD,H1: loaded successfully
2	03:08:03.538	Custom indicator Forex Uranus direction EURUSD,H1: loaded successfully
2	03:08:03.632	Custom indicator Quadrilateral EURUSD,H1: loaded successfully
2	03:08:03.734	Custom indicator AIMS AO V.2.1 EURUSD,H1: loaded successfully
2	03:08:03.803	Custom indicator IVT_MACD_ZERO_LAG EURUSD,H1: loaded successfully
2	03:08:03.812	Custom indicator RSI Divergence Levels EURUSD,H1: loaded successfully
2	03:08:03.984	Custom indicator FRZ Forex Market Session Indicator EURUSD,H1: loaded successfully
2	03:12:35.282	Custom indicator AIMS Levels V2 CHFJPY,H1: loaded successfully
2	03:12:35.375	Custom indicator AIMS Entry Alert V1 CHFJPY,H1: loaded successfully
2	03:12:35.381	Custom indicator CandleTimer CHFJPY,H1: loaded successfully
2	03:12:35.475	Custom indicator #Signal_Bars_v6 CHFJPY,H1: loaded successfully
2	03:12:35.482	Custom indicator TrendEnvelopes_v1 CHFJPY,H1: loaded successfully
2	03:12:35.489	Custom indicator guppy_multiple_moving_averages CHFJPY,H1: loaded successfully
2	03:12:35.497	Custom indicator wedges CHFJPY,H1: loaded successfully
2	03:12:35.504	Custom indicator Admiral Pivot CHFJPY,H1: loaded successfully
2	03:12:35.511	Custom indicator AutoTrendChannel CHFJPY,H1: loaded successfully
2	03:12:35.527	Custom indicator FRZ Channel Auto Plotter CHFJPY,H1: loaded successfully
2	03:12:35.572	Custom indicator FRZ News Indicator MT4 CHFJPY,H1: loaded successfully
2	03:12:35.580	Custom indicator Forex Uranus direction CHFJPY,H1: loaded successfully
2	03:12:35.601	Custom indicator Quadrilateral CHFJPY,H1: loaded successfully
2	03:12:35.671	Custom indicator AIMS AO V.2.1 CHFJPY,H1: loaded successfully
2	03:12:35.678	Custom indicator IVT_MACD_ZERO_LAG CHFJPY,H1: loaded successfully
2	03:12:35.685	Custom indicator RSI Divergence Levels CHFJPY,H1: loaded successfully
2	03:12:35.692	Custom indicator FRZ Forex Market Session Indicator CHFJPY,H1: loaded successfully
2	03:41:41.570	Custom indicator AIMS Levels V2 USDJPY,H1: loaded successfully
2	03:41:41.688	Custom indicator AIMS Entry Alert V1 USDJPY,H1: loaded successfully
2	03:41:41.697	Custom indicator CandleTimer USDJPY,H1: loaded successfully
2	03:41:41.817	Custom indicator #Signal_Bars_v6 USDJPY,H1: loaded successfully
2	03:41:41.884	Custom indicator TrendEnvelopes_v1 USDJPY,H1: loaded successfully
2	03:41:41.898	Custom indicator guppy_multiple_moving_averages USDJPY,H1: loaded successfully
2	03:41:41.911	Custom indicator wedges USDJPY,H1: loaded successfully
2	03:41:41.922	Custom indicator Admiral Pivot USDJPY,H1: loaded successfully
2	03:41:41.931	Custom indicator AutoTrendChannel USDJPY,H1: loaded successfully
2	03:41:41.958	Custom indicator FRZ Channel Auto Plotter USDJPY,H1: loaded successfully
2	03:41:41.980	Custom indicator FRZ News Indicator MT4 USDJPY,H1: loaded successfully
2	03:41:41.989	Custom indicator Forex Uranus direction USDJPY,H1: loaded successfully
2	03:41:42.059	Custom indicator Quadrilateral USDJPY,H1: loaded successfully
2	03:41:42.129	Custom indicator AIMS AO V.2.1 USDJPY,H1: loaded successfully
2	03:41:42.148	Custom indicator IVT_MACD_ZERO_LAG USDJPY,H1: loaded successfully
2	03:41:42.158	Custom indicator RSI Divergence Levels USDJPY,H1: loaded successfully
2	03:41:42.167	Custom indicator FRZ Forex Market Session Indicator USDJPY,H1: loaded successfully
0	03:45:21.314	'27153390': order sell market 0.02 USDJPY sl: 110.139 tp: 105.642
0	03:45:21.741	'27153390': order was opened : #80694803 sell 0.02 USDJPY at 109.005 sl: 110.139 tp: 105.642
2	03:46:11.319	Custom indicator AIMS Levels V2 EURUSD,H1: removed
2	03:46:11.328	Custom indicator AIMS Entry Alert V1 EURUSD,H1: removed
2	03:46:11.329	Custom indicator CandleTimer EURUSD,H1: removed
2	03:46:11.360	Custom indicator #Signal_Bars_v6 EURUSD,H1: removed
2	03:46:11.366	Custom indicator TrendEnvelopes_v1 EURUSD,H1: removed
2	03:46:11.368	Custom indicator guppy_multiple_moving_averages EURUSD,H1: removed
2	03:46:11.430	Custom indicator wedges EURUSD,H1: removed
2	03:46:11.435	Custom indicator Admiral Pivot EURUSD,H1: removed
2	03:46:11.438	Custom indicator AutoTrendChannel EURUSD,H1: removed
2	03:46:11.448	Custom indicator FRZ Channel Auto Plotter EURUSD,H1: removed
2	03:46:11.463	Custom indicator FRZ News Indicator MT4 EURUSD,H1: removed
2	03:46:11.466	Custom indicator Forex Uranus direction EURUSD,H1: removed
2	03:46:11.477	Custom indicator Quadrilateral EURUSD,H1: removed
2	03:46:11.477	Custom indicator AIMS AO V.2.1 EURUSD,H1: removed
2	03:46:11.481	Custom indicator IVT_MACD_ZERO_LAG EURUSD,H1: removed
2	03:46:11.504	Custom indicator RSI Divergence Levels EURUSD,H1: removed
2	03:46:11.506	Custom indicator FRZ Forex Market Session Indicator EURUSD,H1: removed
0	05:00:51.009	'27153390': close order #80694217 sell 0.02 AUDUSD at 0.77607 sl: 0.78050 tp: 0.76870 at price 0.00000
0	05:00:51.450	'27153390': order #80694217 sell 0.02 AUDUSD at 0.77607 sl: 0.78050 tp: 0.76870 closed at price 0.77584
0	06:18:17.673	'27153390': order sell market 0.20 [DAX30] sl: 0.00 tp: 0.00
0	06:18:18.422	'27153390': order was opened : #80698305 sell 0.20 [DAX30] at 14546.18 sl: 0.00 tp: 0.00
0	06:23:21.053	'27153390': modify order #80698305 sell 0.20 [DAX30] at 14546.18 sl: 0.00 tp: 0.00 -> sl: 14619.18 tp: 0.00
0	06:23:21.413	'27153390': order #80698305 sell 0.20 [DAX30] at 14546.18 was modified -> sl: 14619.18 tp: 0.00
0	06:25:05.047	'27153390': order sell market 0.20 [DJI30] sl: 0.00 tp: 0.00
0	06:25:06.028	'27153390': order was opened : #80698391 sell 0.20 [DJI30] at 32842.21 sl: 0.00 tp: 0.00
0	06:25:11.275	'27153390': modify order #80698391 sell 0.20 [DJI30] at 32842.21 sl: 0.00 tp: 0.00 -> sl: 32920.45 tp: 0.00
0	06:25:11.645	'27153390': order #80698391 sell 0.20 [DJI30] at 32842.21 was modified -> sl: 32920.45 tp: 0.00
0	06:25:17.626	'27153390': modify order #80698391 sell 0.20 [DJI30] at 32842.21 sl: 32920.45 tp: 0.00 -> sl: 32918.89 tp: 0.00
0	06:25:17.980	'27153390': order #80698391 sell 0.20 [DJI30] at 32842.21 was modified -> sl: 32918.89 tp: 0.00
2	07:21:46.185	Custom indicator AIMS Levels V2 CHFJPY,Daily: removed
2	07:21:46.242	Custom indicator AIMS Entry Alert V1 CHFJPY,Daily: removed
2	07:21:46.451	Custom indicator CandleTimer CHFJPY,Daily: removed
2	07:21:46.485	Custom indicator #Signal_Bars_v6 CHFJPY,Daily: removed
2	07:21:46.515	Custom indicator TrendEnvelopes_v1 CHFJPY,Daily: removed
2	07:21:46.559	Custom indicator guppy_multiple_moving_averages CHFJPY,Daily: removed
2	07:21:46.609	Custom indicator wedges CHFJPY,Daily: removed
2	07:21:46.633	Custom indicator Admiral Pivot CHFJPY,Daily: removed
2	07:21:46.636	Custom indicator AutoTrendChannel CHFJPY,Daily: removed
2	07:21:46.692	Custom indicator FRZ Channel Auto Plotter CHFJPY,Daily: removed
2	07:21:46.771	Custom indicator FRZ News Indicator MT4 CHFJPY,Daily: removed
2	07:21:46.771	Custom indicator Forex Uranus direction CHFJPY,Daily: removed
2	07:21:46.891	Custom indicator Quadrilateral CHFJPY,Daily: removed
2	07:21:46.920	Custom indicator AIMS AO V.2.1 CHFJPY,Daily: removed
2	07:21:46.932	Custom indicator IVT_MACD_ZERO_LAG CHFJPY,Daily: removed
2	07:21:46.952	Custom indicator RSI Divergence Levels CHFJPY,Daily: removed
2	07:21:46.988	Custom indicator FRZ Forex Market Session Indicator CHFJPY,Daily: removed
2	07:22:02.762	Custom indicator AIMS Levels V2 EURUSD,H1: loaded successfully
2	07:22:02.831	Custom indicator AIMS Entry Alert V1 EURUSD,H1: loaded successfully
2	07:22:02.886	Custom indicator CandleTimer EURUSD,H1: loaded successfully
2	07:22:03.063	Custom indicator #Signal_Bars_v6 EURUSD,H1: loaded successfully
2	07:22:03.093	Custom indicator TrendEnvelopes_v1 EURUSD,H1: loaded successfully
2	07:22:03.101	Custom indicator guppy_multiple_moving_averages EURUSD,H1: loaded successfully
2	07:22:03.122	Custom indicator wedges EURUSD,H1: loaded successfully
2	07:22:03.161	Custom indicator Admiral Pivot EURUSD,H1: loaded successfully
2	07:22:03.169	Custom indicator AutoTrendChannel EURUSD,H1: loaded successfully
2	07:22:03.191	Custom indicator FRZ Channel Auto Plotter EURUSD,H1: loaded successfully
2	07:22:03.202	Custom indicator FRZ News Indicator MT4 EURUSD,H1: loaded successfully
2	07:22:03.234	Custom indicator Forex Uranus direction EURUSD,H1: loaded successfully
2	07:22:03.280	Custom indicator Quadrilateral EURUSD,H1: loaded successfully
2	07:22:03.348	Custom indicator AIMS AO V.2.1 EURUSD,H1: loaded successfully
2	07:22:03.375	Custom indicator IVT_MACD_ZERO_LAG EURUSD,H1: loaded successfully
2	07:22:03.386	Custom indicator RSI Divergence Levels EURUSD,H1: loaded successfully
2	07:22:03.472	Custom indicator FRZ Forex Market Session Indicator EURUSD,H1: loaded successfully
0	07:57:43.705	'27153390': close order #80694803 sell 0.02 USDJPY at 109.005 sl: 110.139 tp: 105.642 at price 0.000
0	07:57:44.146	'27153390': order #80694803 sell 0.02 USDJPY at 109.005 sl: 110.139 tp: 105.642 closed at price 109.180
2	07:57:56.114	Custom indicator AIMS Levels V2 USDJPY,H1: removed
2	07:57:56.136	Custom indicator AIMS Entry Alert V1 USDJPY,H1: removed
2	07:57:56.150	Custom indicator CandleTimer USDJPY,H1: removed
2	07:57:56.193	Custom indicator #Signal_Bars_v6 USDJPY,H1: removed
2	07:57:56.215	Custom indicator TrendEnvelopes_v1 USDJPY,H1: removed
2	07:57:56.217	Custom indicator guppy_multiple_moving_averages USDJPY,H1: removed
2	07:57:56.236	Custom indicator wedges USDJPY,H1: removed
2	07:57:56.238	Custom indicator Admiral Pivot USDJPY,H1: removed
2	07:57:56.239	Custom indicator AutoTrendChannel USDJPY,H1: removed
2	07:57:56.241	Custom indicator FRZ Channel Auto Plotter USDJPY,H1: removed
2	07:57:56.263	Custom indicator FRZ News Indicator MT4 USDJPY,H1: removed
2	07:57:56.279	Custom indicator Forex Uranus direction USDJPY,H1: removed
2	07:57:56.297	Custom indicator Quadrilateral USDJPY,H1: removed
2	07:57:56.305	Custom indicator AIMS AO V.2.1 USDJPY,H1: removed
2	07:57:56.306	Custom indicator IVT_MACD_ZERO_LAG USDJPY,H1: removed
2	07:57:56.307	Custom indicator RSI Divergence Levels USDJPY,H1: removed
2	07:57:56.347	Custom indicator FRZ Forex Market Session Indicator USDJPY,H1: removed
0	09:40:32.530	'27153390': order sell market 0.01 GOLD sl: 0.000 tp: 0.000
0	09:40:33.278	'27153390': order was opened : #80701156 sell 0.01 GOLD at 1725.080 sl: 0.000 tp: 0.000
0	09:41:07.375	'27153390': modify order #80701156 sell 0.01 GOLD at 1725.080 sl: 0.000 tp: 0.000 -> sl: 1734.000 tp: 1705.000
0	09:41:07.680	'27153390': order #80701156 sell 0.01 GOLD at 1725.080 was modified -> sl: 1734.000 tp: 1705.000
0	09:41:43.306	'27153390': close order #80701156 sell 0.01 GOLD at 1725.080 sl: 1734.000 tp: 1705.000 at price 0.000
0	09:41:43.739	'27153390': order #80701156 sell 0.01 GOLD at 1725.080 sl: 1734.000 tp: 1705.000 closed at price 1725.250
1	10:42:38.150	'27153390': ping failed
0	10:42:39.238	'27153390': login on AdmiralMarkets-Live through Access Point #9 (ping: 222.38 ms)
0	10:42:41.489	'27153390': login datacenter on AdmiralMarkets-Live through Access Point #9 (ping: 222.38 ms)
0	10:42:42.060	'27153390': previous successful authorization performed from 154.126.11.102
0	10:43:00.628	'27153390': ping to current access point Access Point #9 is 197.25 ms
1	13:02:47.246	'27153390': connect failed [Connection échouée]
0	15:23:09.837	'27153390': login on AdmiralMarkets-Live through Access Point #7 (ping: n/a)
0	15:23:16.116	'27153390': login datacenter on AdmiralMarkets-Live through Access Point #7 (ping: n/a)
0	15:23:17.551	'27153390': previous successful authorization performed from 154.126.11.102
0	15:23:34.806	'27153390': auto connecting to a better access point Access Point #10 (ping is 240.25 ms)
0	15:23:35.663	'27153390': login on AdmiralMarkets-Live through Access Point #10 (ping: 240.25 ms)
0	15:23:37.483	'27153390': login datacenter on AdmiralMarkets-Live through Access Point #10 (ping: 240.25 ms)
0	15:23:38.140	'27153390': previous successful authorization performed from 154.126.12.111
1	15:37:18.369	'27153390': ping failed
1	15:37:18.370	'27153390': datacenter connecting failed [6]
1	15:37:18.485	'27153390': connect failed [Connection échouée]
1	21:24:04.906	MQL5.community: authorization failed
1	21:26:44.205	MQL5.community: authorization failed
1	21:31:44.185	MQL5.community: authorization failed
1	21:36:44.261	MQL5.community: authorization failed
1	21:41:44.264	MQL5.community: authorization failed
1	21:46:44.172	MQL5.community: authorization failed
1	21:51:44.172	MQL5.community: authorization failed
1	21:56:44.165	MQL5.community: authorization failed
1	22:01:44.182	MQL5.community: authorization failed
1	22:06:44.186	MQL5.community: authorization failed
1	22:11:44.172	MQL5.community: authorization failed
0	22:16:48.319	'27153390': login on AdmiralMarkets-Live through Access Point #7 (ping: n/a)
0	22:16:53.818	'27153390': login datacenter on AdmiralMarkets-Live through Access Point #7 (ping: n/a)
0	22:16:55.168	'27153390': previous successful authorization performed from 154.126.12.32
0	22:17:12.346	'27153390': auto connecting to a better access point Access Point #10 (ping is 197.71 ms)
0	22:17:13.168	'27153390': login on AdmiralMarkets-Live through Access Point #10 (ping: 197.71 ms)
0	22:17:14.882	'27153390': login datacenter on AdmiralMarkets-Live through Access Point #10 (ping: 197.71 ms)
0	22:17:15.846	'27153390': previous successful authorization performed from 197.149.50.101
