0	05:48:22.498	Admiral Markets build 1320 started (Admiral Markets Group AS)
0	05:48:22.499	Windows 10 Pro x64, IE 11, UAC, 8 x Intel Core i7-10510U  @ 1.80GHz, Memory: 705 / 8014 Mb, Disk: 12 / 237 Gb, GMT+3
0	05:48:22.499	Data Folder: C:\Users\SRIE\AppData\Roaming\MetaQuotes\Terminal\51337600F56B69473E15EAFB8A7586B4
2	05:48:28.362	Custom indicator AIMS Levels V2 XAUUSD,M15: loaded successfully
2	05:48:28.428	Custom indicator AIMS Entry Alert V1 XAUUSD,M15: loaded successfully
2	05:48:28.433	Custom indicator CandleTimer XAUUSD,M15: loaded successfully
2	05:48:28.495	Custom indicator #Signal_Bars_v6 XAUUSD,M15: loaded successfully
2	05:48:28.502	Custom indicator TrendEnvelopes_v1 XAUUSD,M15: loaded successfully
2	05:48:28.508	Custom indicator guppy_multiple_moving_averages XAUUSD,M15: loaded successfully
2	05:48:28.515	Custom indicator wedges XAUUSD,M15: loaded successfully
2	05:48:28.524	Custom indicator Admiral Pivot XAUUSD,M15: loaded successfully
2	05:48:28.531	Custom indicator AutoTrendChannel XAUUSD,M15: loaded successfully
2	05:48:28.538	Custom indicator FRZ Channel Auto Plotter XAUUSD,M15: loaded successfully
2	05:48:28.545	Custom indicator FRZ News Indicator MT4 XAUUSD,M15: loaded successfully
2	05:48:28.552	Custom indicator Forex Uranus direction XAUUSD,M15: loaded successfully
2	05:48:28.559	Custom indicator Quadrilateral XAUUSD,M15: loaded successfully
2	05:48:28.622	Custom indicator AIMS AO V.2.1 XAUUSD,M15: loaded successfully
2	05:48:28.628	Custom indicator IVT_MACD_ZERO_LAG XAUUSD,M15: loaded successfully
2	05:48:28.635	Custom indicator RSI Divergence Levels XAUUSD,M15: loaded successfully
2	05:48:28.642	Custom indicator FRZ Forex Market Session Indicator XAUUSD,M15: loaded successfully
2	05:48:30.863	Custom indicator AIMS Levels V2 US30,M15: loaded successfully
2	05:48:30.926	Custom indicator AIMS Entry Alert V1 US30,M15: loaded successfully
2	05:48:30.931	Custom indicator CandleTimer US30,M15: loaded successfully
2	05:48:30.994	Custom indicator #Signal_Bars_v6 US30,M15: loaded successfully
2	05:48:31.000	Custom indicator TrendEnvelopes_v1 US30,M15: loaded successfully
2	05:48:31.006	Custom indicator guppy_multiple_moving_averages US30,M15: loaded successfully
2	05:48:31.013	Custom indicator wedges US30,M15: loaded successfully
2	05:48:31.019	Custom indicator Admiral Pivot US30,M15: loaded successfully
2	05:48:31.026	Custom indicator AutoTrendChannel US30,M15: loaded successfully
2	05:48:31.032	Custom indicator FRZ Channel Auto Plotter US30,M15: loaded successfully
2	05:48:31.040	Custom indicator FRZ News Indicator MT4 US30,M15: loaded successfully
2	05:48:31.046	Custom indicator Forex Uranus direction US30,M15: loaded successfully
2	05:48:31.053	Custom indicator Quadrilateral US30,M15: loaded successfully
2	05:48:31.115	Custom indicator AIMS AO V.2.1 US30,M15: loaded successfully
2	05:48:31.121	Custom indicator IVT_MACD_ZERO_LAG US30,M15: loaded successfully
2	05:48:31.128	Custom indicator RSI Divergence Levels US30,M15: loaded successfully
2	05:48:31.134	Custom indicator FRZ Forex Market Session Indicator US30,M15: loaded successfully
2	05:48:32.577	Custom indicator AIMS Levels V2 DE30,M15: loaded successfully
2	05:48:32.640	Custom indicator AIMS Entry Alert V1 DE30,M15: loaded successfully
2	05:48:32.645	Custom indicator CandleTimer DE30,M15: loaded successfully
2	05:48:32.708	Custom indicator #Signal_Bars_v6 DE30,M15: loaded successfully
2	05:48:32.714	Custom indicator TrendEnvelopes_v1 DE30,M15: loaded successfully
2	05:48:32.721	Custom indicator guppy_multiple_moving_averages DE30,M15: loaded successfully
2	05:48:32.727	Custom indicator wedges DE30,M15: loaded successfully
2	05:48:32.734	Custom indicator Admiral Pivot DE30,M15: loaded successfully
2	05:48:32.740	Custom indicator AutoTrendChannel DE30,M15: loaded successfully
2	05:48:32.746	Custom indicator FRZ Channel Auto Plotter DE30,M15: loaded successfully
2	05:48:32.754	Custom indicator FRZ News Indicator MT4 DE30,M15: loaded successfully
2	05:48:32.760	Custom indicator Forex Uranus direction DE30,M15: loaded successfully
2	05:48:32.767	Custom indicator Quadrilateral DE30,M15: loaded successfully
2	05:48:32.830	Custom indicator AIMS AO V.2.1 DE30,M15: loaded successfully
2	05:48:32.837	Custom indicator IVT_MACD_ZERO_LAG DE30,M15: loaded successfully
2	05:48:32.845	Custom indicator RSI Divergence Levels DE30,M15: loaded successfully
2	05:48:32.852	Custom indicator FRZ Forex Market Session Indicator DE30,M15: loaded successfully
2	05:48:34.237	Custom indicator AIMS Levels V2 USTEC,H1: loaded successfully
2	05:48:34.299	Custom indicator AIMS Entry Alert V1 USTEC,H1: loaded successfully
2	05:48:34.304	Custom indicator CandleTimer USTEC,H1: loaded successfully
2	05:48:34.366	Custom indicator #Signal_Bars_v6 USTEC,H1: loaded successfully
2	05:48:34.373	Custom indicator TrendEnvelopes_v1 USTEC,H1: loaded successfully
2	05:48:34.379	Custom indicator guppy_multiple_moving_averages USTEC,H1: loaded successfully
2	05:48:34.387	Custom indicator wedges USTEC,H1: loaded successfully
2	05:48:34.394	Custom indicator Admiral Pivot USTEC,H1: loaded successfully
2	05:48:34.401	Custom indicator AutoTrendChannel USTEC,H1: loaded successfully
2	05:48:34.408	Custom indicator FRZ Channel Auto Plotter USTEC,H1: loaded successfully
2	05:48:34.416	Custom indicator FRZ News Indicator MT4 USTEC,H1: loaded successfully
2	05:48:34.423	Custom indicator Forex Uranus direction USTEC,H1: loaded successfully
2	05:48:34.430	Custom indicator Quadrilateral USTEC,H1: loaded successfully
2	05:48:34.493	Custom indicator AIMS AO V.2.1 USTEC,H1: loaded successfully
2	05:48:34.499	Custom indicator IVT_MACD_ZERO_LAG USTEC,H1: loaded successfully
2	05:48:34.506	Custom indicator RSI Divergence Levels USTEC,H1: loaded successfully
2	05:48:34.513	Custom indicator FRZ Forex Market Session Indicator USTEC,H1: loaded successfully
2	05:48:34.528	Expert Admiral - Mini Terminal USTEC,H1: loaded successfully
2	05:48:35.509	Custom indicator AIMS Levels V2 EURAUD,H1: loaded successfully
2	05:48:35.582	Custom indicator AIMS Entry Alert V1 EURAUD,H1: loaded successfully
2	05:48:35.590	Custom indicator CandleTimer EURAUD,H1: loaded successfully
2	05:48:35.677	Custom indicator #Signal_Bars_v6 EURAUD,H1: loaded successfully
2	05:48:35.685	Custom indicator TrendEnvelopes_v1 EURAUD,H1: loaded successfully
2	05:48:35.692	Custom indicator guppy_multiple_moving_averages EURAUD,H1: loaded successfully
2	05:48:35.700	Custom indicator wedges EURAUD,H1: loaded successfully
2	05:48:35.707	Custom indicator Admiral Pivot EURAUD,H1: loaded successfully
2	05:48:35.714	Custom indicator AutoTrendChannel EURAUD,H1: loaded successfully
2	05:48:35.721	Custom indicator FRZ Channel Auto Plotter EURAUD,H1: loaded successfully
2	05:48:35.729	Custom indicator FRZ News Indicator MT4 EURAUD,H1: loaded successfully
2	05:48:35.736	Custom indicator Forex Uranus direction EURAUD,H1: loaded successfully
2	05:48:35.744	Custom indicator Quadrilateral EURAUD,H1: loaded successfully
2	05:48:35.812	Custom indicator AIMS AO V.2.1 EURAUD,H1: loaded successfully
2	05:48:35.819	Custom indicator IVT_MACD_ZERO_LAG EURAUD,H1: loaded successfully
2	05:48:35.827	Custom indicator RSI Divergence Levels EURAUD,H1: loaded successfully
2	05:48:35.834	Custom indicator FRZ Forex Market Session Indicator EURAUD,H1: loaded successfully
0	05:48:37.538	'888346845': login on Tickmill02-Live through Live DC - London 7 (ping: 200.37 ms)
0	05:48:40.419	'888346845': login datacenter on Tickmill02-Live through Live DC - London 7 (ping: 200.37 ms)
0	05:48:40.957	'888346845': previous successful authorization performed from 197.149.15.129
1	05:49:45.504	'32195194': connect failed [Compte invalide]
0	05:51:14.783	'888346845': ping to current access point Live DC - London 7 is 209.28 ms
0	05:51:24.489	'32195194': login on XMGlobal-Real 22
0	05:51:37.903	'32195194': auto connecting to a better access point REAL22 - DC01 (ping is 228.58 ms)
0	05:51:38.848	'32195194': login on XMGlobal-Real 22 through REAL22 - DC01 (ping: 228.58 ms)
0	05:51:40.873	'32195194': login datacenter on XMGlobal-Real 22 through REAL22 - DC01 (ping: 228.58 ms)
0	05:51:41.518	'32195194': previous successful authorization performed from 154.126.112.186
2	05:51:42.591	Expert Admiral - Mini Terminal USTEC,H1: removed
2	05:52:14.760	Custom indicator AIMS Levels V2 US30Cash,M15: loaded successfully
2	05:52:14.838	Custom indicator AIMS Entry Alert V1 US30Cash,M15: loaded successfully
2	05:52:14.846	Custom indicator CandleTimer US30Cash,M15: loaded successfully
2	05:52:14.924	Custom indicator #Signal_Bars_v6 US30Cash,M15: loaded successfully
2	05:52:14.931	Custom indicator TrendEnvelopes_v1 US30Cash,M15: loaded successfully
2	05:52:14.939	Custom indicator guppy_multiple_moving_averages US30Cash,M15: loaded successfully
2	05:52:14.948	Custom indicator wedges US30Cash,M15: loaded successfully
2	05:52:14.957	Custom indicator Admiral Pivot US30Cash,M15: loaded successfully
2	05:52:14.964	Custom indicator AutoTrendChannel US30Cash,M15: loaded successfully
2	05:52:14.973	Custom indicator FRZ Channel Auto Plotter US30Cash,M15: loaded successfully
2	05:52:14.982	Custom indicator FRZ News Indicator MT4 US30Cash,M15: loaded successfully
2	05:52:14.992	Custom indicator Forex Uranus direction US30Cash,M15: loaded successfully
2	05:52:14.999	Custom indicator Quadrilateral US30Cash,M15: loaded successfully
2	05:52:15.078	Custom indicator AIMS AO V.2.1 US30Cash,M15: loaded successfully
2	05:52:15.085	Custom indicator IVT_MACD_ZERO_LAG US30Cash,M15: loaded successfully
2	05:52:15.095	Custom indicator RSI Divergence Levels US30Cash,M15: loaded successfully
2	05:52:15.105	Custom indicator JoeChalhoub_FXForecasterV1 US30Cash,M15: loaded successfully
2	05:52:15.114	Custom indicator TDI-With_Alerts US30Cash,M15: loaded successfully
2	05:52:15.123	Custom indicator FRZ Forex Market Session Indicator US30Cash,M15: loaded successfully
2	05:52:20.756	Custom indicator AIMS Levels V2 XAUUSD,M15: removed
2	05:52:20.756	Custom indicator AIMS Entry Alert V1 XAUUSD,M15: removed
2	05:52:20.758	Custom indicator CandleTimer XAUUSD,M15: removed
2	05:52:20.758	Custom indicator #Signal_Bars_v6 XAUUSD,M15: removed
2	05:52:20.759	Custom indicator TrendEnvelopes_v1 XAUUSD,M15: removed
2	05:52:20.760	Custom indicator guppy_multiple_moving_averages XAUUSD,M15: removed
2	05:52:20.761	Custom indicator wedges XAUUSD,M15: removed
2	05:52:20.762	Custom indicator Admiral Pivot XAUUSD,M15: removed
2	05:52:20.763	Custom indicator AutoTrendChannel XAUUSD,M15: removed
2	05:52:20.765	Custom indicator FRZ Channel Auto Plotter XAUUSD,M15: removed
2	05:52:20.766	Custom indicator FRZ News Indicator MT4 XAUUSD,M15: removed
2	05:52:20.768	Custom indicator Forex Uranus direction XAUUSD,M15: removed
2	05:52:20.770	Custom indicator Quadrilateral XAUUSD,M15: removed
2	05:52:20.770	Custom indicator AIMS AO V.2.1 XAUUSD,M15: removed
2	05:52:20.771	Custom indicator IVT_MACD_ZERO_LAG XAUUSD,M15: removed
2	05:52:20.772	Custom indicator RSI Divergence Levels XAUUSD,M15: removed
2	05:52:20.773	Custom indicator FRZ Forex Market Session Indicator XAUUSD,M15: removed
2	05:52:23.661	Custom indicator AIMS Levels V2 US30,M15: removed
2	05:52:23.661	Custom indicator AIMS Entry Alert V1 US30,M15: removed
2	05:52:23.662	Custom indicator CandleTimer US30,M15: removed
2	05:52:23.662	Custom indicator #Signal_Bars_v6 US30,M15: removed
2	05:52:23.663	Custom indicator TrendEnvelopes_v1 US30,M15: removed
2	05:52:23.665	Custom indicator guppy_multiple_moving_averages US30,M15: removed
2	05:52:23.667	Custom indicator wedges US30,M15: removed
2	05:52:23.668	Custom indicator Admiral Pivot US30,M15: removed
2	05:52:23.669	Custom indicator AutoTrendChannel US30,M15: removed
2	05:52:23.670	Custom indicator FRZ Channel Auto Plotter US30,M15: removed
2	05:52:23.671	Custom indicator FRZ News Indicator MT4 US30,M15: removed
2	05:52:23.672	Custom indicator Forex Uranus direction US30,M15: removed
2	05:52:23.673	Custom indicator Quadrilateral US30,M15: removed
2	05:52:23.673	Custom indicator AIMS AO V.2.1 US30,M15: removed
2	05:52:23.674	Custom indicator IVT_MACD_ZERO_LAG US30,M15: removed
2	05:52:23.676	Custom indicator RSI Divergence Levels US30,M15: removed
2	05:52:23.677	Custom indicator FRZ Forex Market Session Indicator US30,M15: removed
2	05:52:27.069	Custom indicator AIMS Levels V2 DE30,M15: removed
2	05:52:27.069	Custom indicator AIMS Entry Alert V1 DE30,M15: removed
2	05:52:27.070	Custom indicator CandleTimer DE30,M15: removed
2	05:52:27.070	Custom indicator #Signal_Bars_v6 DE30,M15: removed
2	05:52:27.071	Custom indicator TrendEnvelopes_v1 DE30,M15: removed
2	05:52:27.072	Custom indicator guppy_multiple_moving_averages DE30,M15: removed
2	05:52:27.073	Custom indicator wedges DE30,M15: removed
2	05:52:27.074	Custom indicator Admiral Pivot DE30,M15: removed
2	05:52:27.075	Custom indicator AutoTrendChannel DE30,M15: removed
2	05:52:27.077	Custom indicator FRZ Channel Auto Plotter DE30,M15: removed
2	05:52:27.079	Custom indicator FRZ News Indicator MT4 DE30,M15: removed
2	05:52:27.081	Custom indicator Forex Uranus direction DE30,M15: removed
2	05:52:27.082	Custom indicator Quadrilateral DE30,M15: removed
2	05:52:27.083	Custom indicator AIMS AO V.2.1 DE30,M15: removed
2	05:52:27.084	Custom indicator IVT_MACD_ZERO_LAG DE30,M15: removed
2	05:52:27.085	Custom indicator RSI Divergence Levels DE30,M15: removed
2	05:52:27.086	Custom indicator FRZ Forex Market Session Indicator DE30,M15: removed
2	05:52:29.956	Custom indicator AIMS Levels V2 USTEC,H1: removed
2	05:52:29.956	Custom indicator AIMS Entry Alert V1 USTEC,H1: removed
2	05:52:29.957	Custom indicator CandleTimer USTEC,H1: removed
2	05:52:29.957	Custom indicator #Signal_Bars_v6 USTEC,H1: removed
2	05:52:29.958	Custom indicator TrendEnvelopes_v1 USTEC,H1: removed
2	05:52:29.960	Custom indicator guppy_multiple_moving_averages USTEC,H1: removed
2	05:52:29.962	Custom indicator wedges USTEC,H1: removed
2	05:52:29.964	Custom indicator Admiral Pivot USTEC,H1: removed
2	05:52:29.965	Custom indicator AutoTrendChannel USTEC,H1: removed
2	05:52:29.966	Custom indicator FRZ Channel Auto Plotter USTEC,H1: removed
2	05:52:29.967	Custom indicator FRZ News Indicator MT4 USTEC,H1: removed
2	05:52:29.968	Custom indicator Forex Uranus direction USTEC,H1: removed
2	05:52:29.969	Custom indicator Quadrilateral USTEC,H1: removed
2	05:52:29.969	Custom indicator AIMS AO V.2.1 USTEC,H1: removed
2	05:52:29.970	Custom indicator IVT_MACD_ZERO_LAG USTEC,H1: removed
2	05:52:29.971	Custom indicator RSI Divergence Levels USTEC,H1: removed
2	05:52:29.972	Custom indicator FRZ Forex Market Session Indicator USTEC,H1: removed
2	05:52:45.552	Custom indicator AIMS Levels V2 EURAUD,H1: removed
2	05:52:45.552	Custom indicator AIMS Entry Alert V1 EURAUD,H1: removed
2	05:52:45.554	Custom indicator CandleTimer EURAUD,H1: removed
2	05:52:45.554	Custom indicator #Signal_Bars_v6 EURAUD,H1: removed
2	05:52:45.555	Custom indicator TrendEnvelopes_v1 EURAUD,H1: removed
2	05:52:45.556	Custom indicator guppy_multiple_moving_averages EURAUD,H1: removed
2	05:52:45.557	Custom indicator wedges EURAUD,H1: removed
2	05:52:45.558	Custom indicator Admiral Pivot EURAUD,H1: removed
2	05:52:45.559	Custom indicator AutoTrendChannel EURAUD,H1: removed
2	05:52:45.560	Custom indicator FRZ Channel Auto Plotter EURAUD,H1: removed
2	05:52:45.561	Custom indicator FRZ News Indicator MT4 EURAUD,H1: removed
2	05:52:45.563	Custom indicator Forex Uranus direction EURAUD,H1: removed
2	05:52:45.565	Custom indicator Quadrilateral EURAUD,H1: removed
2	05:52:45.565	Custom indicator AIMS AO V.2.1 EURAUD,H1: removed
2	05:52:45.567	Custom indicator IVT_MACD_ZERO_LAG EURAUD,H1: removed
2	05:52:45.568	Custom indicator RSI Divergence Levels EURAUD,H1: removed
2	05:52:45.569	Custom indicator FRZ Forex Market Session Indicator EURAUD,H1: removed
0	06:07:20.929	'32195194': one click trading has been enabled
0	06:07:25.914	'32195194': order sell market 1.00 US30Cash sl: 0.00 tp: 0.00
1	06:07:26.655	'32195194': order sell 1.00 US30Cash opening at market sl: 0.00 tp: 0.00 failed [Not enough money]
0	06:09:02.593	'32195194': order sell market 0.01 GOLDmicro sl: 0.00 tp: 0.00
0	06:09:03.106	'32195194': order was opened : #64491124 sell 0.01 GOLDmicro at 1717.79 sl: 0.00 tp: 0.00
2	06:09:14.122	Custom indicator AIMS Levels V2 GOLDmicro,H1: loaded successfully
2	06:09:14.189	Custom indicator AIMS Entry Alert V1 GOLDmicro,H1: loaded successfully
2	06:09:14.219	Custom indicator CandleTimer GOLDmicro,H1: loaded successfully
2	06:09:14.291	Custom indicator #Signal_Bars_v6 GOLDmicro,H1: loaded successfully
2	06:09:14.299	Custom indicator TrendEnvelopes_v1 GOLDmicro,H1: loaded successfully
2	06:09:14.305	Custom indicator guppy_multiple_moving_averages GOLDmicro,H1: loaded successfully
2	06:09:14.314	Custom indicator wedges GOLDmicro,H1: loaded successfully
2	06:09:14.322	Custom indicator Admiral Pivot GOLDmicro,H1: loaded successfully
2	06:09:14.329	Custom indicator AutoTrendChannel GOLDmicro,H1: loaded successfully
2	06:09:14.337	Custom indicator FRZ Channel Auto Plotter GOLDmicro,H1: loaded successfully
2	06:09:14.346	Custom indicator FRZ News Indicator MT4 GOLDmicro,H1: loaded successfully
2	06:09:14.354	Custom indicator Forex Uranus direction GOLDmicro,H1: loaded successfully
2	06:09:14.362	Custom indicator Quadrilateral GOLDmicro,H1: loaded successfully
2	06:09:14.426	Custom indicator AIMS AO V.2.1 GOLDmicro,H1: loaded successfully
2	06:09:14.434	Custom indicator IVT_MACD_ZERO_LAG GOLDmicro,H1: loaded successfully
2	06:09:14.442	Custom indicator RSI Divergence Levels GOLDmicro,H1: loaded successfully
2	06:09:14.450	Custom indicator FRZ Forex Market Session Indicator GOLDmicro,H1: loaded successfully
0	06:09:48.325	'32195194': order sell market 0.05 GOLDmicro sl: 0.00 tp: 0.00
0	06:09:48.765	'32195194': order was opened : #64491139 sell 0.05 GOLDmicro at 1717.68 sl: 0.00 tp: 0.00
0	06:10:06.279	'32195194': order sell market 1.00 GOLDmicro sl: 0.00 tp: 0.00
0	06:10:06.673	'32195194': order was opened : #64491158 sell 1.00 GOLDmicro at 1717.86 sl: 0.00 tp: 0.00
0	06:10:11.338	'32195194': order sell market 1.00 GOLDmicro sl: 0.00 tp: 0.00
0	06:10:11.766	'32195194': order was opened : #64491162 sell 1.00 GOLDmicro at 1717.89 sl: 0.00 tp: 0.00
0	06:10:16.488	'32195194': order sell market 1.00 GOLDmicro sl: 0.00 tp: 0.00
0	06:10:16.933	'32195194': order was opened : #64491165 sell 1.00 GOLDmicro at 1717.98 sl: 0.00 tp: 0.00
0	06:10:20.082	'32195194': order sell market 1.00 GOLDmicro sl: 0.00 tp: 0.00
0	06:10:20.581	'32195194': order was opened : #64491170 sell 1.00 GOLDmicro at 1718.04 sl: 0.00 tp: 0.00
0	06:10:22.033	'32195194': order sell market 1.00 GOLDmicro sl: 0.00 tp: 0.00
0	06:10:22.463	'32195194': order was opened : #64491171 sell 1.00 GOLDmicro at 1718.07 sl: 0.00 tp: 0.00
0	06:10:25.127	'32195194': order sell market 1.00 GOLDmicro sl: 0.00 tp: 0.00
0	06:10:25.569	'32195194': order was opened : #64491172 sell 1.00 GOLDmicro at 1718.15 sl: 0.00 tp: 0.00
0	06:10:31.997	'32195194': order sell market 1.00 GOLDmicro sl: 0.00 tp: 0.00
0	06:10:32.447	'32195194': order was opened : #64491176 sell 1.00 GOLDmicro at 1718.25 sl: 0.00 tp: 0.00
0	06:10:33.506	'32195194': order sell market 1.00 GOLDmicro sl: 0.00 tp: 0.00
1	06:10:33.850	'32195194': order sell 1.00 GOLDmicro opening at market sl: 0.00 tp: 0.00 failed [Not enough money]
0	06:10:36.009	'32195194': order sell market 1.00 GOLDmicro sl: 0.00 tp: 0.00
1	06:10:36.364	'32195194': order sell 1.00 GOLDmicro opening at market sl: 0.00 tp: 0.00 failed [Not enough money]
0	06:10:42.046	'32195194': order sell market 1.00 GOLDmicro sl: 0.00 tp: 0.00
1	06:10:42.350	'32195194': order sell 1.00 GOLDmicro opening at market sl: 0.00 tp: 0.00 failed [Not enough money]
0	06:10:43.819	'32195194': order sell market 1.00 GOLDmicro sl: 0.00 tp: 0.00
1	06:10:44.148	'32195194': order sell 1.00 GOLDmicro opening at market sl: 0.00 tp: 0.00 failed [Not enough money]
0	06:10:45.406	'32195194': order sell market 1.00 GOLDmicro sl: 0.00 tp: 0.00
1	06:10:45.728	'32195194': order sell 1.00 GOLDmicro opening at market sl: 0.00 tp: 0.00 failed [Not enough money]
0	06:10:46.875	'32195194': order sell market 1.00 GOLDmicro sl: 0.00 tp: 0.00
1	06:10:47.255	'32195194': order sell 1.00 GOLDmicro opening at market sl: 0.00 tp: 0.00 failed [Not enough money]
0	06:10:48.029	'32195194': order sell market 1.00 GOLDmicro sl: 0.00 tp: 0.00
1	06:10:48.346	'32195194': order sell 1.00 GOLDmicro opening at market sl: 0.00 tp: 0.00 failed [Not enough money]
0	06:10:50.343	'32195194': order sell market 1.00 GOLDmicro sl: 0.00 tp: 0.00
1	06:10:50.724	'32195194': order sell 1.00 GOLDmicro opening at market sl: 0.00 tp: 0.00 failed [Not enough money]
0	06:23:28.996	'32195194': order sell market 1.00 GOLDmicro sl: 0.00 tp: 0.00
0	06:23:29.902	'32195194': order was opened : #64491560 sell 1.00 GOLDmicro at 1717.12 sl: 0.00 tp: 0.00
1	08:50:29.955	'32195194': ping failed
1	08:51:06.654	'32195194': connect failed [Connection échouée]
1	14:50:33.449	MQL5.community: authorization failed
0	14:51:08.333	'32195194': login on XMGlobal-Real 22 through REAL22 - DC04 (ping: n/a)
0	14:52:10.237	'32195194': login datacenter on XMGlobal-Real 22
0	14:52:17.041	'32195194': login on XMGlobal-Real 22 through REAL22 - DC01 (ping: 228.58 ms)
0	14:52:19.552	'32195194': login datacenter on XMGlobal-Real 22 through REAL22 - DC01 (ping: 228.58 ms)
0	14:52:21.088	'32195194': previous successful authorization performed from 154.126.112.186
0	14:52:21.092	'32195194': auto connecting to a better access point REAL22 - DC04 (ping is 223.90 ms)
1	14:52:21.385	'32195194': datacenter connecting failed [6]
0	14:52:22.541	'32195194': login on XMGlobal-Real 22 through REAL22 - DC01 (ping: 234.18 ms)
0	14:52:25.799	'32195194': login datacenter on XMGlobal-Real 22 through REAL22 - DC01 (ping: 234.18 ms)
0	14:52:26.795	'32195194': previous successful authorization performed from 154.126.112.186
0	14:57:49.049	'32195194': login on XMGlobal-Real 22 through REAL22 - DC01 (ping: 234.18 ms)
0	14:57:51.433	'32195194': login datacenter on XMGlobal-Real 22 through REAL22 - DC01 (ping: 234.18 ms)
0	14:57:52.241	'32195194': previous successful authorization performed from 154.126.112.186
0	14:59:17.781	'32195194': close order #64491560 sell 1.00 GOLDmicro at 1717.12 sl: 0.00 tp: 0.00 at price 0.00
0	14:59:18.225	'32195194': order #64491560 sell 1.00 GOLDmicro at 1717.12 sl: 0.00 tp: 0.00 closed at price 1703.24
0	14:59:24.320	'32195194': close order #64491176 sell 1.00 GOLDmicro at 1718.25 sl: 0.00 tp: 0.00 at price 0.00
0	14:59:24.779	'32195194': order #64491176 sell 1.00 GOLDmicro at 1718.25 sl: 0.00 tp: 0.00 closed at price 1703.29
0	14:59:25.807	'32195194': close order #64491172 sell 1.00 GOLDmicro at 1718.15 sl: 0.00 tp: 0.00 at price 0.00
0	14:59:26.368	'32195194': order #64491172 sell 1.00 GOLDmicro at 1718.15 sl: 0.00 tp: 0.00 closed at price 1703.29
0	14:59:27.246	'32195194': close order #64491171 sell 1.00 GOLDmicro at 1718.07 sl: 0.00 tp: 0.00 at price 0.00
0	14:59:27.693	'32195194': order #64491171 sell 1.00 GOLDmicro at 1718.07 sl: 0.00 tp: 0.00 closed at price 1703.38
0	14:59:29.665	'32195194': close order #64491165 sell 1.00 GOLDmicro at 1717.98 sl: 0.00 tp: 0.00 at price 0.00
0	14:59:30.141	'32195194': order #64491165 sell 1.00 GOLDmicro at 1717.98 sl: 0.00 tp: 0.00 closed at price 1703.42
0	14:59:30.976	'32195194': close order #64491170 sell 1.00 GOLDmicro at 1718.04 sl: 0.00 tp: 0.00 at price 0.00
0	14:59:31.395	'32195194': order #64491170 sell 1.00 GOLDmicro at 1718.04 sl: 0.00 tp: 0.00 closed at price 1703.42
0	14:59:32.828	'32195194': close order #64491162 sell 1.00 GOLDmicro at 1717.89 sl: 0.00 tp: 0.00 at price 0.00
0	14:59:33.626	'32195194': order #64491162 sell 1.00 GOLDmicro at 1717.89 sl: 0.00 tp: 0.00 closed at price 1703.58
0	14:59:34.481	'32195194': close order #64491158 sell 1.00 GOLDmicro at 1717.86 sl: 0.00 tp: 0.00 at price 0.00
0	14:59:34.875	'32195194': order #64491158 sell 1.00 GOLDmicro at 1717.86 sl: 0.00 tp: 0.00 closed at price 1703.61
0	14:59:36.077	'32195194': close order #64491139 sell 0.05 GOLDmicro at 1717.68 sl: 0.00 tp: 0.00 at price 0.00
0	14:59:36.486	'32195194': order #64491139 sell 0.05 GOLDmicro at 1717.68 sl: 0.00 tp: 0.00 closed at price 1703.56
0	14:59:37.507	'32195194': close order #64491124 sell 0.01 GOLDmicro at 1717.79 sl: 0.00 tp: 0.00 at price 0.00
0	14:59:37.973	'32195194': order #64491124 sell 0.01 GOLDmicro at 1717.79 sl: 0.00 tp: 0.00 closed at price 1703.54
2	14:59:53.155	Custom indicator AIMS Levels V2 US30Cash,M15: removed
2	14:59:53.155	Custom indicator AIMS Entry Alert V1 US30Cash,M15: removed
2	14:59:53.157	Custom indicator CandleTimer US30Cash,M15: removed
2	14:59:53.158	Custom indicator #Signal_Bars_v6 US30Cash,M15: removed
2	14:59:53.161	Custom indicator TrendEnvelopes_v1 US30Cash,M15: removed
2	14:59:53.163	Custom indicator guppy_multiple_moving_averages US30Cash,M15: removed
2	14:59:53.165	Custom indicator wedges US30Cash,M15: removed
2	14:59:53.167	Custom indicator Admiral Pivot US30Cash,M15: removed
2	14:59:53.169	Custom indicator AutoTrendChannel US30Cash,M15: removed
2	14:59:53.171	Custom indicator FRZ Channel Auto Plotter US30Cash,M15: removed
2	14:59:53.173	Custom indicator FRZ News Indicator MT4 US30Cash,M15: removed
2	14:59:53.175	Custom indicator Forex Uranus direction US30Cash,M15: removed
2	14:59:53.177	Custom indicator Quadrilateral US30Cash,M15: removed
2	14:59:53.177	Custom indicator AIMS AO V.2.1 US30Cash,M15: removed
2	14:59:53.187	Custom indicator IVT_MACD_ZERO_LAG US30Cash,M15: removed
2	14:59:53.189	Custom indicator RSI Divergence Levels US30Cash,M15: removed
2	14:59:53.191	Custom indicator JoeChalhoub_FXForecasterV1 US30Cash,M15: removed
2	14:59:53.193	Custom indicator TDI-With_Alerts US30Cash,M15: removed
2	14:59:53.195	Custom indicator FRZ Forex Market Session Indicator US30Cash,M15: removed
2	14:59:53.264	Custom indicator AIMS Levels V2 GOLDmicro,H1: removed
2	14:59:53.264	Custom indicator AIMS Entry Alert V1 GOLDmicro,H1: removed
2	14:59:53.266	Custom indicator CandleTimer GOLDmicro,H1: removed
2	14:59:53.267	Custom indicator #Signal_Bars_v6 GOLDmicro,H1: removed
2	14:59:53.269	Custom indicator TrendEnvelopes_v1 GOLDmicro,H1: removed
2	14:59:53.276	Custom indicator guppy_multiple_moving_averages GOLDmicro,H1: removed
2	14:59:53.278	Custom indicator wedges GOLDmicro,H1: removed
2	14:59:53.280	Custom indicator Admiral Pivot GOLDmicro,H1: removed
2	14:59:53.282	Custom indicator AutoTrendChannel GOLDmicro,H1: removed
2	14:59:53.284	Custom indicator FRZ Channel Auto Plotter GOLDmicro,H1: removed
2	14:59:53.287	Custom indicator FRZ News Indicator MT4 GOLDmicro,H1: removed
2	14:59:53.289	Custom indicator Forex Uranus direction GOLDmicro,H1: removed
2	14:59:53.291	Custom indicator Quadrilateral GOLDmicro,H1: removed
2	14:59:53.291	Custom indicator AIMS AO V.2.1 GOLDmicro,H1: removed
2	14:59:53.293	Custom indicator IVT_MACD_ZERO_LAG GOLDmicro,H1: removed
2	14:59:53.295	Custom indicator RSI Divergence Levels GOLDmicro,H1: removed
2	14:59:53.304	Custom indicator FRZ Forex Market Session Indicator GOLDmicro,H1: removed
0	14:59:54.758	Admiral Markets build 1320 stopped
