0	14:48:49.248	Admiral Markets build 1320 started (Admiral Markets Group AS)
0	14:48:49.249	Windows 10 Pro x64, IE 11, UAC, 8 x Intel Core i7-10510U  @ 1.80GHz, Memory: 3004 / 8014 Mb, Disk: 13 / 237 Gb, GMT+3
0	14:48:49.249	Data Folder: C:\Users\SRIE\AppData\Roaming\MetaQuotes\Terminal\51337600F56B69473E15EAFB8A7586B4
2	14:48:53.264	Custom indicator AIMS Levels V2 GOLD,H1: loaded successfully
2	14:48:53.330	Custom indicator AIMS Entry Alert V1 GOLD,H1: loaded successfully
2	14:48:53.337	Custom indicator CandleTimer GOLD,H1: loaded successfully
2	14:48:53.399	Custom indicator #Signal_Bars_v6 GOLD,H1: loaded successfully
2	14:48:53.407	Custom indicator TrendEnvelopes_v1 GOLD,H1: loaded successfully
2	14:48:53.414	Custom indicator guppy_multiple_moving_averages GOLD,H1: loaded successfully
2	14:48:53.421	Custom indicator wedges GOLD,H1: loaded successfully
2	14:48:53.427	Custom indicator Admiral Pivot GOLD,H1: loaded successfully
2	14:48:53.434	Custom indicator AutoTrendChannel GOLD,H1: loaded successfully
2	14:48:53.440	Custom indicator FRZ Channel Auto Plotter GOLD,H1: loaded successfully
2	14:48:53.451	Custom indicator FRZ News Indicator MT4 GOLD,H1: loaded successfully
2	14:48:53.459	Custom indicator Forex Uranus direction GOLD,H1: loaded successfully
2	14:48:53.468	Custom indicator Quadrilateral GOLD,H1: loaded successfully
2	14:48:53.533	Custom indicator AIMS AO V.2.1 GOLD,H1: loaded successfully
2	14:48:53.539	Custom indicator IVT_MACD_ZERO_LAG GOLD,H1: loaded successfully
2	14:48:53.547	Custom indicator RSI Divergence Levels GOLD,H1: loaded successfully
2	14:48:53.554	Custom indicator FRZ Forex Market Session Indicator GOLD,H1: loaded successfully
2	14:48:53.569	Expert Admiral - Mini Terminal GOLD,H1: loaded successfully
2	14:48:56.896	Custom indicator AIMS Levels V2 [DAX30],M1: loaded successfully
2	14:48:56.958	Custom indicator AIMS Entry Alert V1 [DAX30],M1: loaded successfully
2	14:48:56.963	Custom indicator CandleTimer [DAX30],M1: loaded successfully
2	14:48:57.025	Custom indicator #Signal_Bars_v6 [DAX30],M1: loaded successfully
2	14:48:57.032	Custom indicator TrendEnvelopes_v1 [DAX30],M1: loaded successfully
2	14:48:57.039	Custom indicator guppy_multiple_moving_averages [DAX30],M1: loaded successfully
2	14:48:57.046	Custom indicator wedges [DAX30],M1: loaded successfully
2	14:48:57.053	Custom indicator Admiral Pivot [DAX30],M1: loaded successfully
2	14:48:57.059	Custom indicator AutoTrendChannel [DAX30],M1: loaded successfully
2	14:48:57.066	Custom indicator FRZ Channel Auto Plotter [DAX30],M1: loaded successfully
2	14:48:57.074	Custom indicator FRZ News Indicator MT4 [DAX30],M1: loaded successfully
2	14:48:57.081	Custom indicator Forex Uranus direction [DAX30],M1: loaded successfully
2	14:48:57.088	Custom indicator Quadrilateral [DAX30],M1: loaded successfully
2	14:48:57.151	Custom indicator AIMS AO V.2.1 [DAX30],M1: loaded successfully
2	14:48:57.158	Custom indicator IVT_MACD_ZERO_LAG [DAX30],M1: loaded successfully
2	14:48:57.165	Custom indicator RSI Divergence Levels [DAX30],M1: loaded successfully
2	14:48:57.171	Custom indicator FRZ Forex Market Session Indicator [DAX30],M1: loaded successfully
2	14:48:57.304	Custom indicator Quadrilateral [DAX30],M1: removed
2	14:49:07.820	Custom indicator AIMS Levels V2 [DAX30],M5: loaded successfully
2	14:49:07.889	Custom indicator AIMS Entry Alert V1 [DAX30],M5: loaded successfully
2	14:49:07.896	Custom indicator CandleTimer [DAX30],M5: loaded successfully
2	14:49:07.966	Custom indicator #Signal_Bars_v6 [DAX30],M5: loaded successfully
2	14:49:07.973	Custom indicator TrendEnvelopes_v1 [DAX30],M5: loaded successfully
2	14:49:07.981	Custom indicator guppy_multiple_moving_averages [DAX30],M5: loaded successfully
2	14:49:07.989	Custom indicator wedges [DAX30],M5: loaded successfully
2	14:49:07.997	Custom indicator Admiral Pivot [DAX30],M5: loaded successfully
2	14:49:08.004	Custom indicator AutoTrendChannel [DAX30],M5: loaded successfully
2	14:49:08.011	Custom indicator FRZ Channel Auto Plotter [DAX30],M5: loaded successfully
2	14:49:08.021	Custom indicator FRZ News Indicator MT4 [DAX30],M5: loaded successfully
2	14:49:08.029	Custom indicator Forex Uranus direction [DAX30],M5: loaded successfully
2	14:49:08.037	Custom indicator Quadrilateral [DAX30],M5: loaded successfully
2	14:49:08.112	Custom indicator AIMS AO V.2.1 [DAX30],M5: loaded successfully
2	14:49:08.120	Custom indicator IVT_MACD_ZERO_LAG [DAX30],M5: loaded successfully
2	14:49:08.128	Custom indicator RSI Divergence Levels [DAX30],M5: loaded successfully
2	14:49:08.136	Custom indicator FRZ Forex Market Session Indicator [DAX30],M5: loaded successfully
2	14:49:19.345	Custom indicator AIMS Levels V2 [DAX30],M15: loaded successfully
2	14:49:19.417	Custom indicator AIMS Entry Alert V1 [DAX30],M15: loaded successfully
2	14:49:19.423	Custom indicator CandleTimer [DAX30],M15: loaded successfully
2	14:49:19.494	Custom indicator #Signal_Bars_v6 [DAX30],M15: loaded successfully
2	14:49:19.502	Custom indicator TrendEnvelopes_v1 [DAX30],M15: loaded successfully
2	14:49:19.508	Custom indicator guppy_multiple_moving_averages [DAX30],M15: loaded successfully
2	14:49:19.516	Custom indicator wedges [DAX30],M15: loaded successfully
2	14:49:19.523	Custom indicator Admiral Pivot [DAX30],M15: loaded successfully
2	14:49:19.531	Custom indicator AutoTrendChannel [DAX30],M15: loaded successfully
2	14:49:19.538	Custom indicator FRZ Channel Auto Plotter [DAX30],M15: loaded successfully
2	14:49:19.547	Custom indicator FRZ News Indicator MT4 [DAX30],M15: loaded successfully
2	14:49:19.554	Custom indicator Forex Uranus direction [DAX30],M15: loaded successfully
2	14:49:19.562	Custom indicator Quadrilateral [DAX30],M15: loaded successfully
2	14:49:19.632	Custom indicator AIMS AO V.2.1 [DAX30],M15: loaded successfully
2	14:49:19.639	Custom indicator IVT_MACD_ZERO_LAG [DAX30],M15: loaded successfully
2	14:49:19.647	Custom indicator RSI Divergence Levels [DAX30],M15: loaded successfully
2	14:49:19.654	Custom indicator FRZ Forex Market Session Indicator [DAX30],M15: loaded successfully
2	14:49:23.627	Custom indicator AIMS Levels V2 [DAX30],H1: loaded successfully
2	14:49:23.698	Custom indicator AIMS Entry Alert V1 [DAX30],H1: loaded successfully
2	14:49:23.704	Custom indicator CandleTimer [DAX30],H1: loaded successfully
2	14:49:23.779	Custom indicator #Signal_Bars_v6 [DAX30],H1: loaded successfully
2	14:49:23.787	Custom indicator TrendEnvelopes_v1 [DAX30],H1: loaded successfully
2	14:49:23.794	Custom indicator guppy_multiple_moving_averages [DAX30],H1: loaded successfully
2	14:49:23.803	Custom indicator wedges [DAX30],H1: loaded successfully
2	14:49:23.811	Custom indicator Admiral Pivot [DAX30],H1: loaded successfully
2	14:49:23.819	Custom indicator AutoTrendChannel [DAX30],H1: loaded successfully
2	14:49:23.827	Custom indicator FRZ Channel Auto Plotter [DAX30],H1: loaded successfully
2	14:49:23.837	Custom indicator FRZ News Indicator MT4 [DAX30],H1: loaded successfully
2	14:49:23.845	Custom indicator Forex Uranus direction [DAX30],H1: loaded successfully
2	14:49:23.854	Custom indicator Quadrilateral [DAX30],H1: loaded successfully
2	14:49:23.934	Custom indicator AIMS AO V.2.1 [DAX30],H1: loaded successfully
2	14:49:23.943	Custom indicator IVT_MACD_ZERO_LAG [DAX30],H1: loaded successfully
2	14:49:23.952	Custom indicator RSI Divergence Levels [DAX30],H1: loaded successfully
2	14:49:23.960	Custom indicator FRZ Forex Market Session Indicator [DAX30],H1: loaded successfully
2	14:49:25.824	Custom indicator AIMS Levels V2 [DJI30],M1: loaded successfully
2	14:49:25.931	Custom indicator AIMS Entry Alert V1 [DJI30],M1: loaded successfully
2	14:49:25.939	Custom indicator CandleTimer [DJI30],M1: loaded successfully
2	14:49:26.038	Custom indicator #Signal_Bars_v6 [DJI30],M1: loaded successfully
2	14:49:26.048	Custom indicator TrendEnvelopes_v1 [DJI30],M1: loaded successfully
2	14:49:26.058	Custom indicator guppy_multiple_moving_averages [DJI30],M1: loaded successfully
2	14:49:26.068	Custom indicator wedges [DJI30],M1: loaded successfully
2	14:49:26.078	Custom indicator Admiral Pivot [DJI30],M1: loaded successfully
2	14:49:26.088	Custom indicator AutoTrendChannel [DJI30],M1: loaded successfully
2	14:49:26.099	Custom indicator FRZ Channel Auto Plotter [DJI30],M1: loaded successfully
2	14:49:26.111	Custom indicator FRZ News Indicator MT4 [DJI30],M1: loaded successfully
2	14:49:26.120	Custom indicator Forex Uranus direction [DJI30],M1: loaded successfully
2	14:49:26.131	Custom indicator Quadrilateral [DJI30],M1: loaded successfully
2	14:49:26.221	Custom indicator AIMS AO V.2.1 [DJI30],M1: loaded successfully
2	14:49:26.230	Custom indicator IVT_MACD_ZERO_LAG [DJI30],M1: loaded successfully
2	14:49:26.240	Custom indicator RSI Divergence Levels [DJI30],M1: loaded successfully
2	14:49:26.248	Custom indicator FRZ Forex Market Session Indicator [DJI30],M1: loaded successfully
2	14:49:26.416	Custom indicator Quadrilateral [DJI30],M1: removed
2	14:49:38.129	Custom indicator AIMS Levels V2 [DJI30],M5: loaded successfully
2	14:49:38.201	Custom indicator AIMS Entry Alert V1 [DJI30],M5: loaded successfully
2	14:49:38.207	Custom indicator CandleTimer [DJI30],M5: loaded successfully
2	14:49:38.278	Custom indicator #Signal_Bars_v6 [DJI30],M5: loaded successfully
2	14:49:38.285	Custom indicator TrendEnvelopes_v1 [DJI30],M5: loaded successfully
2	14:49:38.292	Custom indicator guppy_multiple_moving_averages [DJI30],M5: loaded successfully
2	14:49:38.300	Custom indicator wedges [DJI30],M5: loaded successfully
2	14:49:38.307	Custom indicator Admiral Pivot [DJI30],M5: loaded successfully
2	14:49:38.314	Custom indicator AutoTrendChannel [DJI30],M5: loaded successfully
2	14:49:38.322	Custom indicator FRZ Channel Auto Plotter [DJI30],M5: loaded successfully
2	14:49:38.330	Custom indicator FRZ News Indicator MT4 [DJI30],M5: loaded successfully
2	14:49:38.338	Custom indicator Forex Uranus direction [DJI30],M5: loaded successfully
2	14:49:38.346	Custom indicator Quadrilateral [DJI30],M5: loaded successfully
2	14:49:38.416	Custom indicator AIMS AO V.2.1 [DJI30],M5: loaded successfully
2	14:49:38.424	Custom indicator IVT_MACD_ZERO_LAG [DJI30],M5: loaded successfully
2	14:49:38.431	Custom indicator RSI Divergence Levels [DJI30],M5: loaded successfully
2	14:49:38.439	Custom indicator FRZ Forex Market Session Indicator [DJI30],M5: loaded successfully
2	14:49:38.450	Expert Admiral - Mini Terminal [DJI30],M5: loaded successfully
2	14:49:49.358	Custom indicator AIMS Levels V2 [DJI30],M15: loaded successfully
2	14:49:49.431	Custom indicator AIMS Entry Alert V1 [DJI30],M15: loaded successfully
2	14:49:49.437	Custom indicator CandleTimer [DJI30],M15: loaded successfully
2	14:49:49.507	Custom indicator #Signal_Bars_v6 [DJI30],M15: loaded successfully
2	14:49:49.515	Custom indicator TrendEnvelopes_v1 [DJI30],M15: loaded successfully
2	14:49:49.522	Custom indicator guppy_multiple_moving_averages [DJI30],M15: loaded successfully
2	14:49:49.529	Custom indicator wedges [DJI30],M15: loaded successfully
2	14:49:49.536	Custom indicator Admiral Pivot [DJI30],M15: loaded successfully
2	14:49:49.545	Custom indicator AutoTrendChannel [DJI30],M15: loaded successfully
2	14:49:49.552	Custom indicator FRZ Channel Auto Plotter [DJI30],M15: loaded successfully
2	14:49:49.561	Custom indicator FRZ News Indicator MT4 [DJI30],M15: loaded successfully
2	14:49:49.569	Custom indicator Forex Uranus direction [DJI30],M15: loaded successfully
2	14:49:49.576	Custom indicator Quadrilateral [DJI30],M15: loaded successfully
2	14:49:49.646	Custom indicator AIMS AO V.2.1 [DJI30],M15: loaded successfully
2	14:49:49.653	Custom indicator IVT_MACD_ZERO_LAG [DJI30],M15: loaded successfully
2	14:49:49.661	Custom indicator RSI Divergence Levels [DJI30],M15: loaded successfully
2	14:49:49.668	Custom indicator FRZ Forex Market Session Indicator [DJI30],M15: loaded successfully
2	14:49:53.767	Custom indicator AIMS Levels V2 [DJI30],H1: loaded successfully
2	14:49:53.845	Custom indicator AIMS Entry Alert V1 [DJI30],H1: loaded successfully
2	14:49:53.852	Custom indicator CandleTimer [DJI30],H1: loaded successfully
2	14:49:53.932	Custom indicator #Signal_Bars_v6 [DJI30],H1: loaded successfully
2	14:49:53.941	Custom indicator TrendEnvelopes_v1 [DJI30],H1: loaded successfully
2	14:49:53.949	Custom indicator guppy_multiple_moving_averages [DJI30],H1: loaded successfully
2	14:49:53.957	Custom indicator wedges [DJI30],H1: loaded successfully
2	14:49:53.966	Custom indicator Admiral Pivot [DJI30],H1: loaded successfully
2	14:49:53.973	Custom indicator AutoTrendChannel [DJI30],H1: loaded successfully
2	14:49:53.982	Custom indicator FRZ Channel Auto Plotter [DJI30],H1: loaded successfully
2	14:49:53.992	Custom indicator FRZ News Indicator MT4 [DJI30],H1: loaded successfully
2	14:49:54.002	Custom indicator Forex Uranus direction [DJI30],H1: loaded successfully
2	14:49:54.011	Custom indicator Quadrilateral [DJI30],H1: loaded successfully
2	14:49:54.095	Custom indicator AIMS AO V.2.1 [DJI30],H1: loaded successfully
2	14:49:54.104	Custom indicator IVT_MACD_ZERO_LAG [DJI30],H1: loaded successfully
2	14:49:54.114	Custom indicator RSI Divergence Levels [DJI30],H1: loaded successfully
2	14:49:54.122	Custom indicator FRZ Forex Market Session Indicator [DJI30],H1: loaded successfully
2	14:49:55.982	Custom indicator AIMS Levels V2 [NQ100],M15: loaded successfully
2	14:49:56.072	Custom indicator AIMS Entry Alert V1 [NQ100],M15: loaded successfully
2	14:49:56.080	Custom indicator CandleTimer [NQ100],M15: loaded successfully
2	14:49:56.169	Custom indicator #Signal_Bars_v6 [NQ100],M15: loaded successfully
2	14:49:56.178	Custom indicator TrendEnvelopes_v1 [NQ100],M15: loaded successfully
2	14:49:56.186	Custom indicator guppy_multiple_moving_averages [NQ100],M15: loaded successfully
2	14:49:56.195	Custom indicator wedges [NQ100],M15: loaded successfully
2	14:49:56.204	Custom indicator Admiral Pivot [NQ100],M15: loaded successfully
2	14:49:56.213	Custom indicator AutoTrendChannel [NQ100],M15: loaded successfully
2	14:49:56.222	Custom indicator FRZ Channel Auto Plotter [NQ100],M15: loaded successfully
2	14:49:56.232	Custom indicator FRZ News Indicator MT4 [NQ100],M15: loaded successfully
2	14:49:56.241	Custom indicator Forex Uranus direction [NQ100],M15: loaded successfully
2	14:49:56.250	Custom indicator Quadrilateral [NQ100],M15: loaded successfully
2	14:49:56.328	Custom indicator AIMS AO V.2.1 [NQ100],M15: loaded successfully
2	14:49:56.337	Custom indicator IVT_MACD_ZERO_LAG [NQ100],M15: loaded successfully
2	14:49:56.345	Custom indicator RSI Divergence Levels [NQ100],M15: loaded successfully
2	14:49:56.353	Custom indicator FRZ Forex Market Session Indicator [NQ100],M15: loaded successfully
2	14:50:00.410	Custom indicator AIMS Levels V2 [CAC40],M15: loaded successfully
2	14:50:00.483	Custom indicator AIMS Entry Alert V1 [CAC40],M15: loaded successfully
2	14:50:00.489	Custom indicator CandleTimer [CAC40],M15: loaded successfully
2	14:50:00.559	Custom indicator #Signal_Bars_v6 [CAC40],M15: loaded successfully
2	14:50:00.566	Custom indicator TrendEnvelopes_v1 [CAC40],M15: loaded successfully
2	14:50:00.573	Custom indicator guppy_multiple_moving_averages [CAC40],M15: loaded successfully
2	14:50:00.581	Custom indicator wedges [CAC40],M15: loaded successfully
2	14:50:00.588	Custom indicator Admiral Pivot [CAC40],M15: loaded successfully
2	14:50:00.595	Custom indicator AutoTrendChannel [CAC40],M15: loaded successfully
2	14:50:00.602	Custom indicator FRZ Channel Auto Plotter [CAC40],M15: loaded successfully
2	14:50:00.611	Custom indicator FRZ News Indicator MT4 [CAC40],M15: loaded successfully
2	14:50:00.618	Custom indicator Forex Uranus direction [CAC40],M15: loaded successfully
2	14:50:00.626	Custom indicator Quadrilateral [CAC40],M15: loaded successfully
2	14:50:00.696	Custom indicator AIMS AO V.2.1 [CAC40],M15: loaded successfully
2	14:50:00.703	Custom indicator IVT_MACD_ZERO_LAG [CAC40],M15: loaded successfully
2	14:50:00.710	Custom indicator RSI Divergence Levels [CAC40],M15: loaded successfully
2	14:50:00.717	Custom indicator FRZ Forex Market Session Indicator [CAC40],M15: loaded successfully
2	14:50:03.270	Custom indicator AIMS Levels V2 [SP500],M15: loaded successfully
2	14:50:03.342	Custom indicator AIMS Entry Alert V1 [SP500],M15: loaded successfully
2	14:50:03.349	Custom indicator CandleTimer [SP500],M15: loaded successfully
2	14:50:03.420	Custom indicator #Signal_Bars_v6 [SP500],M15: loaded successfully
2	14:50:03.427	Custom indicator TrendEnvelopes_v1 [SP500],M15: loaded successfully
2	14:50:03.434	Custom indicator guppy_multiple_moving_averages [SP500],M15: loaded successfully
2	14:50:03.442	Custom indicator wedges [SP500],M15: loaded successfully
2	14:50:03.450	Custom indicator Admiral Pivot [SP500],M15: loaded successfully
2	14:50:03.457	Custom indicator AutoTrendChannel [SP500],M15: loaded successfully
2	14:50:03.464	Custom indicator FRZ Channel Auto Plotter [SP500],M15: loaded successfully
2	14:50:03.473	Custom indicator FRZ News Indicator MT4 [SP500],M15: loaded successfully
2	14:50:03.480	Custom indicator Forex Uranus direction [SP500],M15: loaded successfully
2	14:50:03.488	Custom indicator Quadrilateral [SP500],M15: loaded successfully
2	14:50:03.558	Custom indicator AIMS AO V.2.1 [SP500],M15: loaded successfully
2	14:50:03.565	Custom indicator IVT_MACD_ZERO_LAG [SP500],M15: loaded successfully
2	14:50:03.573	Custom indicator RSI Divergence Levels [SP500],M15: loaded successfully
2	14:50:03.581	Custom indicator FRZ Forex Market Session Indicator [SP500],M15: loaded successfully
2	14:50:06.098	Custom indicator AIMS Levels V2 WTI,M15: loaded successfully
2	14:50:06.169	Custom indicator AIMS Entry Alert V1 WTI,M15: loaded successfully
2	14:50:06.175	Custom indicator CandleTimer WTI,M15: loaded successfully
2	14:50:06.245	Custom indicator #Signal_Bars_v6 WTI,M15: loaded successfully
2	14:50:06.252	Custom indicator TrendEnvelopes_v1 WTI,M15: loaded successfully
2	14:50:06.259	Custom indicator guppy_multiple_moving_averages WTI,M15: loaded successfully
2	14:50:06.267	Custom indicator wedges WTI,M15: loaded successfully
2	14:50:06.274	Custom indicator Admiral Pivot WTI,M15: loaded successfully
2	14:50:06.281	Custom indicator AutoTrendChannel WTI,M15: loaded successfully
2	14:50:06.288	Custom indicator FRZ Channel Auto Plotter WTI,M15: loaded successfully
2	14:50:06.297	Custom indicator FRZ News Indicator MT4 WTI,M15: loaded successfully
2	14:50:06.305	Custom indicator Forex Uranus direction WTI,M15: loaded successfully
2	14:50:06.313	Custom indicator Quadrilateral WTI,M15: loaded successfully
2	14:50:06.381	Custom indicator AIMS AO V.2.1 WTI,M15: loaded successfully
2	14:50:06.389	Custom indicator IVT_MACD_ZERO_LAG WTI,M15: loaded successfully
2	14:50:06.396	Custom indicator RSI Divergence Levels WTI,M15: loaded successfully
2	14:50:06.403	Custom indicator FRZ Forex Market Session Indicator WTI,M15: loaded successfully
2	14:50:10.508	Custom indicator AIMS Levels V2 SILVER,M15: loaded successfully
2	14:50:10.578	Custom indicator AIMS Entry Alert V1 SILVER,M15: loaded successfully
2	14:50:10.585	Custom indicator CandleTimer SILVER,M15: loaded successfully
2	14:50:10.654	Custom indicator #Signal_Bars_v6 SILVER,M15: loaded successfully
2	14:50:10.662	Custom indicator TrendEnvelopes_v1 SILVER,M15: loaded successfully
2	14:50:10.669	Custom indicator guppy_multiple_moving_averages SILVER,M15: loaded successfully
2	14:50:10.676	Custom indicator wedges SILVER,M15: loaded successfully
2	14:50:10.684	Custom indicator Admiral Pivot SILVER,M15: loaded successfully
2	14:50:10.690	Custom indicator AutoTrendChannel SILVER,M15: loaded successfully
2	14:50:10.698	Custom indicator FRZ Channel Auto Plotter SILVER,M15: loaded successfully
2	14:50:10.706	Custom indicator FRZ News Indicator MT4 SILVER,M15: loaded successfully
2	14:50:10.714	Custom indicator Forex Uranus direction SILVER,M15: loaded successfully
2	14:50:10.722	Custom indicator Quadrilateral SILVER,M15: loaded successfully
2	14:50:10.790	Custom indicator AIMS AO V.2.1 SILVER,M15: loaded successfully
2	14:50:10.798	Custom indicator IVT_MACD_ZERO_LAG SILVER,M15: loaded successfully
2	14:50:10.805	Custom indicator RSI Divergence Levels SILVER,M15: loaded successfully
2	14:50:10.812	Custom indicator FRZ Forex Market Session Indicator SILVER,M15: loaded successfully
2	14:50:14.550	Custom indicator TitanXpro_Entry2 DE30,M1: loaded successfully
2	14:50:14.559	Custom indicator TitanXpro_Dash DE30,M1: loaded successfully
2	14:50:14.686	Custom indicator AIMS Levels V2 US30,M5: loaded successfully
2	14:50:14.759	Custom indicator AIMS Entry Alert V1 US30,M5: loaded successfully
2	14:50:14.765	Custom indicator CandleTimer US30,M5: loaded successfully
2	14:50:14.836	Custom indicator #Signal_Bars_v6 US30,M5: loaded successfully
2	14:50:14.843	Custom indicator TrendEnvelopes_v1 US30,M5: loaded successfully
2	14:50:14.850	Custom indicator guppy_multiple_moving_averages US30,M5: loaded successfully
2	14:50:14.858	Custom indicator wedges US30,M5: loaded successfully
2	14:50:14.865	Custom indicator Admiral Pivot US30,M5: loaded successfully
2	14:50:14.872	Custom indicator AutoTrendChannel US30,M5: loaded successfully
2	14:50:14.880	Custom indicator FRZ Channel Auto Plotter US30,M5: loaded successfully
2	14:50:14.888	Custom indicator FRZ News Indicator MT4 US30,M5: loaded successfully
2	14:50:14.896	Custom indicator Forex Uranus direction US30,M5: loaded successfully
2	14:50:14.965	Custom indicator AIMS AO V.2.1 US30,M5: loaded successfully
2	14:50:14.973	Custom indicator IVT_MACD_ZERO_LAG US30,M5: loaded successfully
2	14:50:14.980	Custom indicator RSI Divergence Levels US30,M5: loaded successfully
2	14:50:14.988	Custom indicator FRZ Forex Market Session Indicator US30,M5: loaded successfully
2	14:50:15.162	Expert !!Sentinel PAT Scanner-v1.01 EURGBP,H4: loaded successfully
2	14:50:15.247	Custom indicator AIMS Levels V2 CHFJPY,H1: loaded successfully
2	14:50:15.315	Custom indicator AIMS Entry Alert V1 CHFJPY,H1: loaded successfully
2	14:50:15.321	Custom indicator CandleTimer CHFJPY,H1: loaded successfully
2	14:50:15.389	Custom indicator #Signal_Bars_v6 CHFJPY,H1: loaded successfully
2	14:50:15.396	Custom indicator TrendEnvelopes_v1 CHFJPY,H1: loaded successfully
2	14:50:15.403	Custom indicator guppy_multiple_moving_averages CHFJPY,H1: loaded successfully
2	14:50:15.410	Custom indicator wedges CHFJPY,H1: loaded successfully
2	14:50:15.418	Custom indicator Admiral Pivot CHFJPY,H1: loaded successfully
2	14:50:15.425	Custom indicator AutoTrendChannel CHFJPY,H1: loaded successfully
2	14:50:15.432	Custom indicator FRZ Channel Auto Plotter CHFJPY,H1: loaded successfully
2	14:50:15.441	Custom indicator FRZ News Indicator MT4 CHFJPY,H1: loaded successfully
2	14:50:15.448	Custom indicator Forex Uranus direction CHFJPY,H1: loaded successfully
2	14:50:15.456	Custom indicator Quadrilateral CHFJPY,H1: loaded successfully
2	14:50:15.524	Custom indicator AIMS AO V.2.1 CHFJPY,H1: loaded successfully
2	14:50:15.532	Custom indicator IVT_MACD_ZERO_LAG CHFJPY,H1: loaded successfully
2	14:50:15.539	Custom indicator RSI Divergence Levels CHFJPY,H1: loaded successfully
2	14:50:15.547	Custom indicator FRZ Forex Market Session Indicator CHFJPY,H1: loaded successfully
2	14:50:17.011	Custom indicator AIMS Levels V2 NZDJPY,H1: loaded successfully
2	14:50:17.085	Custom indicator AIMS Entry Alert V1 NZDJPY,H1: loaded successfully
2	14:50:17.091	Custom indicator CandleTimer NZDJPY,H1: loaded successfully
2	14:50:17.161	Custom indicator #Signal_Bars_v6 NZDJPY,H1: loaded successfully
2	14:50:17.169	Custom indicator TrendEnvelopes_v1 NZDJPY,H1: loaded successfully
2	14:50:17.176	Custom indicator guppy_multiple_moving_averages NZDJPY,H1: loaded successfully
2	14:50:17.184	Custom indicator wedges NZDJPY,H1: loaded successfully
2	14:50:17.191	Custom indicator Admiral Pivot NZDJPY,H1: loaded successfully
2	14:50:17.198	Custom indicator AutoTrendChannel NZDJPY,H1: loaded successfully
2	14:50:17.206	Custom indicator FRZ Channel Auto Plotter NZDJPY,H1: loaded successfully
2	14:50:17.215	Custom indicator FRZ News Indicator MT4 NZDJPY,H1: loaded successfully
2	14:50:17.223	Custom indicator Forex Uranus direction NZDJPY,H1: loaded successfully
2	14:50:17.230	Custom indicator Quadrilateral NZDJPY,H1: loaded successfully
2	14:50:17.300	Custom indicator AIMS AO V.2.1 NZDJPY,H1: loaded successfully
2	14:50:17.307	Custom indicator IVT_MACD_ZERO_LAG NZDJPY,H1: loaded successfully
2	14:50:17.315	Custom indicator RSI Divergence Levels NZDJPY,H1: loaded successfully
2	14:50:17.322	Custom indicator FRZ Forex Market Session Indicator NZDJPY,H1: loaded successfully
2	14:50:18.866	Custom indicator AIMS Levels V2 EURGBP,H1: loaded successfully
2	14:50:18.939	Custom indicator AIMS Entry Alert V1 EURGBP,H1: loaded successfully
2	14:50:18.945	Custom indicator CandleTimer EURGBP,H1: loaded successfully
2	14:50:19.016	Custom indicator #Signal_Bars_v6 EURGBP,H1: loaded successfully
2	14:50:19.024	Custom indicator TrendEnvelopes_v1 EURGBP,H1: loaded successfully
2	14:50:19.031	Custom indicator guppy_multiple_moving_averages EURGBP,H1: loaded successfully
2	14:50:19.038	Custom indicator wedges EURGBP,H1: loaded successfully
2	14:50:19.046	Custom indicator Admiral Pivot EURGBP,H1: loaded successfully
2	14:50:19.053	Custom indicator AutoTrendChannel EURGBP,H1: loaded successfully
2	14:50:19.060	Custom indicator FRZ Channel Auto Plotter EURGBP,H1: loaded successfully
2	14:50:19.069	Custom indicator FRZ News Indicator MT4 EURGBP,H1: loaded successfully
2	14:50:19.077	Custom indicator Forex Uranus direction EURGBP,H1: loaded successfully
2	14:50:19.084	Custom indicator Quadrilateral EURGBP,H1: loaded successfully
2	14:50:19.153	Custom indicator AIMS AO V.2.1 EURGBP,H1: loaded successfully
2	14:50:19.161	Custom indicator IVT_MACD_ZERO_LAG EURGBP,H1: loaded successfully
2	14:50:19.169	Custom indicator RSI Divergence Levels EURGBP,H1: loaded successfully
2	14:50:19.176	Custom indicator FRZ Forex Market Session Indicator EURGBP,H1: loaded successfully
0	14:50:26.248	'27143750': login on AdmiralMarkets-Live through Access Point #9 (ping: 232.90 ms)
0	14:50:31.849	'27143750': login datacenter on AdmiralMarkets-Live through Access Point #9 (ping: 232.90 ms)
0	14:51:03.750	'27143750': previous successful authorization performed from 154.126.108.217
0	14:51:54.146	'27143750': ping to current access point Access Point #9 is 232.94 ms
1	14:52:16.148	'27143750': datacenter connecting failed [6]
0	14:52:17.591	'27143750': login on AdmiralMarkets-Live through Access Point #10 (ping: 245.68 ms)
0	14:52:30.452	'27143750': login datacenter on AdmiralMarkets-Live through Access Point #10 (ping: 245.68 ms)
0	14:52:31.161	'27143750': previous successful authorization performed from 197.149.30.48
2	14:52:52.398	Expert Admiral - Mini Terminal GOLD,H1: removed
2	14:52:52.424	Custom indicator AIMS Levels V2 GOLD,H1: removed
2	14:52:52.424	Custom indicator AIMS Entry Alert V1 GOLD,H1: removed
2	14:52:52.426	Custom indicator CandleTimer GOLD,H1: removed
2	14:52:52.426	Custom indicator #Signal_Bars_v6 GOLD,H1: removed
2	14:52:52.427	Custom indicator TrendEnvelopes_v1 GOLD,H1: removed
2	14:52:52.430	Custom indicator guppy_multiple_moving_averages GOLD,H1: removed
2	14:52:52.432	Custom indicator wedges GOLD,H1: removed
2	14:52:52.433	Custom indicator Admiral Pivot GOLD,H1: removed
2	14:52:52.435	Custom indicator AutoTrendChannel GOLD,H1: removed
2	14:52:52.438	Custom indicator FRZ Channel Auto Plotter GOLD,H1: removed
2	14:52:52.439	Custom indicator FRZ News Indicator MT4 GOLD,H1: removed
2	14:52:52.440	Custom indicator Forex Uranus direction GOLD,H1: removed
2	14:52:52.442	Custom indicator Quadrilateral GOLD,H1: removed
2	14:52:52.442	Custom indicator AIMS AO V.2.1 GOLD,H1: removed
2	14:52:52.443	Custom indicator IVT_MACD_ZERO_LAG GOLD,H1: removed
2	14:52:52.445	Custom indicator RSI Divergence Levels GOLD,H1: removed
2	14:52:52.446	Custom indicator FRZ Forex Market Session Indicator GOLD,H1: removed
2	14:52:52.448	Custom indicator AIMS Levels V2 [DAX30],M1: removed
2	14:52:52.449	Custom indicator AIMS Entry Alert V1 [DAX30],M1: removed
2	14:52:52.451	Custom indicator CandleTimer [DAX30],M1: removed
2	14:52:52.452	Custom indicator #Signal_Bars_v6 [DAX30],M1: removed
2	14:52:52.455	Custom indicator TrendEnvelopes_v1 [DAX30],M1: removed
2	14:52:52.456	Custom indicator guppy_multiple_moving_averages [DAX30],M1: removed
2	14:52:52.458	Custom indicator wedges [DAX30],M1: removed
2	14:52:52.460	Custom indicator Admiral Pivot [DAX30],M1: removed
2	14:52:52.462	Custom indicator AutoTrendChannel [DAX30],M1: removed
2	14:52:52.463	Custom indicator FRZ Channel Auto Plotter [DAX30],M1: removed
2	14:52:52.464	Custom indicator FRZ News Indicator MT4 [DAX30],M1: removed
2	14:52:52.466	Custom indicator Forex Uranus direction [DAX30],M1: removed
2	14:52:52.467	Custom indicator AIMS AO V.2.1 [DAX30],M1: removed
2	14:52:52.471	Custom indicator IVT_MACD_ZERO_LAG [DAX30],M1: removed
2	14:52:52.473	Custom indicator RSI Divergence Levels [DAX30],M1: removed
2	14:52:52.474	Custom indicator FRZ Forex Market Session Indicator [DAX30],M1: removed
2	14:52:52.478	Custom indicator AIMS Levels V2 [DAX30],M5: removed
2	14:52:52.479	Custom indicator AIMS Entry Alert V1 [DAX30],M5: removed
2	14:52:52.480	Custom indicator CandleTimer [DAX30],M5: removed
2	14:52:52.481	Custom indicator #Signal_Bars_v6 [DAX30],M5: removed
2	14:52:52.482	Custom indicator TrendEnvelopes_v1 [DAX30],M5: removed
2	14:52:52.485	Custom indicator guppy_multiple_moving_averages [DAX30],M5: removed
2	14:52:52.489	Custom indicator wedges [DAX30],M5: removed
2	14:52:52.492	Custom indicator Admiral Pivot [DAX30],M5: removed
2	14:52:52.493	Custom indicator AutoTrendChannel [DAX30],M5: removed
2	14:52:52.494	Custom indicator FRZ Channel Auto Plotter [DAX30],M5: removed
2	14:52:52.496	Custom indicator FRZ News Indicator MT4 [DAX30],M5: removed
2	14:52:52.497	Custom indicator Forex Uranus direction [DAX30],M5: removed
2	14:52:52.499	Custom indicator Quadrilateral [DAX30],M5: removed
2	14:52:52.499	Custom indicator AIMS AO V.2.1 [DAX30],M5: removed
2	14:52:52.502	Custom indicator IVT_MACD_ZERO_LAG [DAX30],M5: removed
2	14:52:52.505	Custom indicator RSI Divergence Levels [DAX30],M5: removed
2	14:52:52.506	Custom indicator FRZ Forex Market Session Indicator [DAX30],M5: removed
2	14:52:52.510	Custom indicator AIMS Levels V2 [DAX30],M15: removed
2	14:52:52.510	Custom indicator AIMS Entry Alert V1 [DAX30],M15: removed
2	14:52:52.511	Custom indicator CandleTimer [DAX30],M15: removed
2	14:52:52.512	Custom indicator #Signal_Bars_v6 [DAX30],M15: removed
2	14:52:52.513	Custom indicator TrendEnvelopes_v1 [DAX30],M15: removed
2	14:52:52.514	Custom indicator guppy_multiple_moving_averages [DAX30],M15: removed
2	14:52:52.516	Custom indicator wedges [DAX30],M15: removed
2	14:52:52.518	Custom indicator Admiral Pivot [DAX30],M15: removed
2	14:52:52.520	Custom indicator AutoTrendChannel [DAX30],M15: removed
2	14:52:52.522	Custom indicator FRZ Channel Auto Plotter [DAX30],M15: removed
2	14:52:52.523	Custom indicator FRZ News Indicator MT4 [DAX30],M15: removed
2	14:52:52.524	Custom indicator Forex Uranus direction [DAX30],M15: removed
2	14:52:52.526	Custom indicator Quadrilateral [DAX30],M15: removed
2	14:52:52.526	Custom indicator AIMS AO V.2.1 [DAX30],M15: removed
2	14:52:52.527	Custom indicator IVT_MACD_ZERO_LAG [DAX30],M15: removed
2	14:52:52.529	Custom indicator RSI Divergence Levels [DAX30],M15: removed
2	14:52:52.531	Custom indicator FRZ Forex Market Session Indicator [DAX30],M15: removed
2	14:52:52.537	Custom indicator AIMS Levels V2 [DAX30],H1: removed
2	14:52:52.537	Custom indicator AIMS Entry Alert V1 [DAX30],H1: removed
2	14:52:52.539	Custom indicator CandleTimer [DAX30],H1: removed
2	14:52:52.539	Custom indicator #Signal_Bars_v6 [DAX30],H1: removed
2	14:52:52.540	Custom indicator TrendEnvelopes_v1 [DAX30],H1: removed
2	14:52:52.542	Custom indicator guppy_multiple_moving_averages [DAX30],H1: removed
2	14:52:52.543	Custom indicator wedges [DAX30],H1: removed
2	14:52:52.545	Custom indicator Admiral Pivot [DAX30],H1: removed
2	14:52:52.546	Custom indicator AutoTrendChannel [DAX30],H1: removed
2	14:52:52.547	Custom indicator FRZ Channel Auto Plotter [DAX30],H1: removed
2	14:52:52.549	Custom indicator FRZ News Indicator MT4 [DAX30],H1: removed
2	14:52:52.550	Custom indicator Forex Uranus direction [DAX30],H1: removed
2	14:52:52.553	Custom indicator Quadrilateral [DAX30],H1: removed
2	14:52:52.553	Custom indicator AIMS AO V.2.1 [DAX30],H1: removed
2	14:52:52.555	Custom indicator IVT_MACD_ZERO_LAG [DAX30],H1: removed
2	14:52:52.556	Custom indicator RSI Divergence Levels [DAX30],H1: removed
2	14:52:52.557	Custom indicator FRZ Forex Market Session Indicator [DAX30],H1: removed
2	14:52:52.573	Custom indicator AIMS Levels V2 [DJI30],M1: removed
2	14:52:52.573	Custom indicator AIMS Entry Alert V1 [DJI30],M1: removed
2	14:52:52.574	Custom indicator CandleTimer [DJI30],M1: removed
2	14:52:52.575	Custom indicator #Signal_Bars_v6 [DJI30],M1: removed
2	14:52:52.576	Custom indicator TrendEnvelopes_v1 [DJI30],M1: removed
2	14:52:52.578	Custom indicator guppy_multiple_moving_averages [DJI30],M1: removed
2	14:52:52.580	Custom indicator wedges [DJI30],M1: removed
2	14:52:52.583	Custom indicator Admiral Pivot [DJI30],M1: removed
2	14:52:52.584	Custom indicator AutoTrendChannel [DJI30],M1: removed
2	14:52:52.586	Custom indicator FRZ Channel Auto Plotter [DJI30],M1: removed
2	14:52:52.587	Custom indicator FRZ News Indicator MT4 [DJI30],M1: removed
2	14:52:52.589	Custom indicator Forex Uranus direction [DJI30],M1: removed
2	14:52:52.590	Custom indicator AIMS AO V.2.1 [DJI30],M1: removed
2	14:52:52.591	Custom indicator IVT_MACD_ZERO_LAG [DJI30],M1: removed
2	14:52:52.593	Custom indicator RSI Divergence Levels [DJI30],M1: removed
2	14:52:52.595	Custom indicator FRZ Forex Market Session Indicator [DJI30],M1: removed
2	14:52:52.610	Expert Admiral - Mini Terminal [DJI30],M5: removed
2	14:52:52.653	Custom indicator AIMS Levels V2 [DJI30],M5: removed
2	14:52:52.654	Custom indicator AIMS Entry Alert V1 [DJI30],M5: removed
2	14:52:52.655	Custom indicator CandleTimer [DJI30],M5: removed
2	14:52:52.656	Custom indicator #Signal_Bars_v6 [DJI30],M5: removed
2	14:52:52.657	Custom indicator TrendEnvelopes_v1 [DJI30],M5: removed
2	14:52:52.659	Custom indicator guppy_multiple_moving_averages [DJI30],M5: removed
2	14:52:52.661	Custom indicator wedges [DJI30],M5: removed
2	14:52:52.664	Custom indicator Admiral Pivot [DJI30],M5: removed
2	14:52:52.665	Custom indicator AutoTrendChannel [DJI30],M5: removed
2	14:52:52.666	Custom indicator FRZ Channel Auto Plotter [DJI30],M5: removed
2	14:52:52.668	Custom indicator FRZ News Indicator MT4 [DJI30],M5: removed
2	14:52:52.670	Custom indicator Forex Uranus direction [DJI30],M5: removed
2	14:52:52.672	Custom indicator Quadrilateral [DJI30],M5: removed
2	14:52:52.672	Custom indicator AIMS AO V.2.1 [DJI30],M5: removed
2	14:52:52.673	Custom indicator IVT_MACD_ZERO_LAG [DJI30],M5: removed
2	14:52:52.675	Custom indicator RSI Divergence Levels [DJI30],M5: removed
2	14:52:52.677	Custom indicator FRZ Forex Market Session Indicator [DJI30],M5: removed
2	14:52:52.680	Custom indicator AIMS Levels V2 [DJI30],M15: removed
2	14:52:52.680	Custom indicator AIMS Entry Alert V1 [DJI30],M15: removed
2	14:52:52.682	Custom indicator CandleTimer [DJI30],M15: removed
2	14:52:52.682	Custom indicator #Signal_Bars_v6 [DJI30],M15: removed
2	14:52:52.683	Custom indicator TrendEnvelopes_v1 [DJI30],M15: removed
2	14:52:52.685	Custom indicator guppy_multiple_moving_averages [DJI30],M15: removed
2	14:52:52.686	Custom indicator wedges [DJI30],M15: removed
2	14:52:52.688	Custom indicator Admiral Pivot [DJI30],M15: removed
2	14:52:52.689	Custom indicator AutoTrendChannel [DJI30],M15: removed
2	14:52:52.691	Custom indicator FRZ Channel Auto Plotter [DJI30],M15: removed
2	14:52:52.693	Custom indicator FRZ News Indicator MT4 [DJI30],M15: removed
2	14:52:52.694	Custom indicator Forex Uranus direction [DJI30],M15: removed
2	14:52:52.695	Custom indicator Quadrilateral [DJI30],M15: removed
2	14:52:52.695	Custom indicator AIMS AO V.2.1 [DJI30],M15: removed
2	14:52:52.697	Custom indicator IVT_MACD_ZERO_LAG [DJI30],M15: removed
2	14:52:52.699	Custom indicator RSI Divergence Levels [DJI30],M15: removed
2	14:52:52.700	Custom indicator FRZ Forex Market Session Indicator [DJI30],M15: removed
2	14:52:52.703	Custom indicator AIMS Levels V2 [DJI30],H1: removed
2	14:52:52.703	Custom indicator AIMS Entry Alert V1 [DJI30],H1: removed
2	14:52:52.705	Custom indicator CandleTimer [DJI30],H1: removed
2	14:52:52.705	Custom indicator #Signal_Bars_v6 [DJI30],H1: removed
2	14:52:52.706	Custom indicator TrendEnvelopes_v1 [DJI30],H1: removed
2	14:52:52.708	Custom indicator guppy_multiple_moving_averages [DJI30],H1: removed
2	14:52:52.709	Custom indicator wedges [DJI30],H1: removed
2	14:52:52.711	Custom indicator Admiral Pivot [DJI30],H1: removed
2	14:52:52.712	Custom indicator AutoTrendChannel [DJI30],H1: removed
2	14:52:52.713	Custom indicator FRZ Channel Auto Plotter [DJI30],H1: removed
2	14:52:52.715	Custom indicator FRZ News Indicator MT4 [DJI30],H1: removed
2	14:52:52.716	Custom indicator Forex Uranus direction [DJI30],H1: removed
2	14:52:52.717	Custom indicator Quadrilateral [DJI30],H1: removed
2	14:52:52.717	Custom indicator AIMS AO V.2.1 [DJI30],H1: removed
2	14:52:52.719	Custom indicator IVT_MACD_ZERO_LAG [DJI30],H1: removed
2	14:52:52.720	Custom indicator RSI Divergence Levels [DJI30],H1: removed
2	14:52:52.721	Custom indicator FRZ Forex Market Session Indicator [DJI30],H1: removed
2	14:52:52.734	Custom indicator AIMS Levels V2 [NQ100],M15: removed
2	14:52:52.734	Custom indicator AIMS Entry Alert V1 [NQ100],M15: removed
2	14:52:52.736	Custom indicator CandleTimer [NQ100],M15: removed
2	14:52:52.736	Custom indicator #Signal_Bars_v6 [NQ100],M15: removed
2	14:52:52.737	Custom indicator TrendEnvelopes_v1 [NQ100],M15: removed
2	14:52:52.739	Custom indicator guppy_multiple_moving_averages [NQ100],M15: removed
2	14:52:52.741	Custom indicator wedges [NQ100],M15: removed
2	14:52:52.743	Custom indicator Admiral Pivot [NQ100],M15: removed
2	14:52:52.744	Custom indicator AutoTrendChannel [NQ100],M15: removed
2	14:52:52.745	Custom indicator FRZ Channel Auto Plotter [NQ100],M15: removed
2	14:52:52.747	Custom indicator FRZ News Indicator MT4 [NQ100],M15: removed
2	14:52:52.748	Custom indicator Forex Uranus direction [NQ100],M15: removed
2	14:52:52.750	Custom indicator Quadrilateral [NQ100],M15: removed
2	14:52:52.750	Custom indicator AIMS AO V.2.1 [NQ100],M15: removed
2	14:52:52.751	Custom indicator IVT_MACD_ZERO_LAG [NQ100],M15: removed
2	14:52:52.753	Custom indicator RSI Divergence Levels [NQ100],M15: removed
2	14:52:52.754	Custom indicator FRZ Forex Market Session Indicator [NQ100],M15: removed
2	14:52:52.757	Custom indicator AIMS Levels V2 [CAC40],M15: removed
2	14:52:52.758	Custom indicator AIMS Entry Alert V1 [CAC40],M15: removed
2	14:52:52.759	Custom indicator CandleTimer [CAC40],M15: removed
2	14:52:52.759	Custom indicator #Signal_Bars_v6 [CAC40],M15: removed
2	14:52:52.760	Custom indicator TrendEnvelopes_v1 [CAC40],M15: removed
2	14:52:52.762	Custom indicator guppy_multiple_moving_averages [CAC40],M15: removed
2	14:52:52.764	Custom indicator wedges [CAC40],M15: removed
2	14:52:52.765	Custom indicator Admiral Pivot [CAC40],M15: removed
2	14:52:52.766	Custom indicator AutoTrendChannel [CAC40],M15: removed
2	14:52:52.768	Custom indicator FRZ Channel Auto Plotter [CAC40],M15: removed
2	14:52:52.769	Custom indicator FRZ News Indicator MT4 [CAC40],M15: removed
2	14:52:52.770	Custom indicator Forex Uranus direction [CAC40],M15: removed
2	14:52:52.772	Custom indicator Quadrilateral [CAC40],M15: removed
2	14:52:52.772	Custom indicator AIMS AO V.2.1 [CAC40],M15: removed
2	14:52:52.773	Custom indicator IVT_MACD_ZERO_LAG [CAC40],M15: removed
2	14:52:52.775	Custom indicator RSI Divergence Levels [CAC40],M15: removed
2	14:52:52.776	Custom indicator FRZ Forex Market Session Indicator [CAC40],M15: removed
2	14:52:52.780	Custom indicator AIMS Levels V2 [SP500],M15: removed
2	14:52:52.780	Custom indicator AIMS Entry Alert V1 [SP500],M15: removed
2	14:52:52.781	Custom indicator CandleTimer [SP500],M15: removed
2	14:52:52.781	Custom indicator #Signal_Bars_v6 [SP500],M15: removed
2	14:52:52.783	Custom indicator TrendEnvelopes_v1 [SP500],M15: removed
2	14:52:52.784	Custom indicator guppy_multiple_moving_averages [SP500],M15: removed
2	14:52:52.786	Custom indicator wedges [SP500],M15: removed
2	14:52:52.787	Custom indicator Admiral Pivot [SP500],M15: removed
2	14:52:52.788	Custom indicator AutoTrendChannel [SP500],M15: removed
2	14:52:52.790	Custom indicator FRZ Channel Auto Plotter [SP500],M15: removed
2	14:52:52.791	Custom indicator FRZ News Indicator MT4 [SP500],M15: removed
2	14:52:52.793	Custom indicator Forex Uranus direction [SP500],M15: removed
2	14:52:52.794	Custom indicator Quadrilateral [SP500],M15: removed
2	14:52:52.794	Custom indicator AIMS AO V.2.1 [SP500],M15: removed
2	14:52:52.796	Custom indicator IVT_MACD_ZERO_LAG [SP500],M15: removed
2	14:52:52.797	Custom indicator RSI Divergence Levels [SP500],M15: removed
2	14:52:52.798	Custom indicator FRZ Forex Market Session Indicator [SP500],M15: removed
2	14:52:52.801	Custom indicator AIMS Levels V2 WTI,M15: removed
2	14:52:52.802	Custom indicator AIMS Entry Alert V1 WTI,M15: removed
2	14:52:52.803	Custom indicator CandleTimer WTI,M15: removed
2	14:52:52.804	Custom indicator #Signal_Bars_v6 WTI,M15: removed
2	14:52:52.805	Custom indicator TrendEnvelopes_v1 WTI,M15: removed
2	14:52:52.806	Custom indicator guppy_multiple_moving_averages WTI,M15: removed
2	14:52:52.808	Custom indicator wedges WTI,M15: removed
2	14:52:52.810	Custom indicator Admiral Pivot WTI,M15: removed
2	14:52:52.811	Custom indicator AutoTrendChannel WTI,M15: removed
2	14:52:52.812	Custom indicator FRZ Channel Auto Plotter WTI,M15: removed
2	14:52:52.814	Custom indicator FRZ News Indicator MT4 WTI,M15: removed
2	14:52:52.815	Custom indicator Forex Uranus direction WTI,M15: removed
2	14:52:52.816	Custom indicator Quadrilateral WTI,M15: removed
2	14:52:52.816	Custom indicator AIMS AO V.2.1 WTI,M15: removed
2	14:52:52.818	Custom indicator IVT_MACD_ZERO_LAG WTI,M15: removed
2	14:52:52.820	Custom indicator RSI Divergence Levels WTI,M15: removed
2	14:52:52.820	Custom indicator FRZ Forex Market Session Indicator WTI,M15: removed
2	14:52:52.824	Custom indicator AIMS Levels V2 SILVER,M15: removed
2	14:52:52.824	Custom indicator AIMS Entry Alert V1 SILVER,M15: removed
2	14:52:52.825	Custom indicator CandleTimer SILVER,M15: removed
2	14:52:52.826	Custom indicator #Signal_Bars_v6 SILVER,M15: removed
2	14:52:52.827	Custom indicator TrendEnvelopes_v1 SILVER,M15: removed
2	14:52:52.828	Custom indicator guppy_multiple_moving_averages SILVER,M15: removed
2	14:52:52.830	Custom indicator wedges SILVER,M15: removed
2	14:52:52.832	Custom indicator Admiral Pivot SILVER,M15: removed
2	14:52:52.833	Custom indicator AutoTrendChannel SILVER,M15: removed
2	14:52:52.834	Custom indicator FRZ Channel Auto Plotter SILVER,M15: removed
2	14:52:52.836	Custom indicator FRZ News Indicator MT4 SILVER,M15: removed
2	14:52:52.837	Custom indicator Forex Uranus direction SILVER,M15: removed
2	14:52:52.839	Custom indicator Quadrilateral SILVER,M15: removed
2	14:52:52.839	Custom indicator AIMS AO V.2.1 SILVER,M15: removed
2	14:52:52.840	Custom indicator IVT_MACD_ZERO_LAG SILVER,M15: removed
2	14:52:52.841	Custom indicator RSI Divergence Levels SILVER,M15: removed
2	14:52:52.843	Custom indicator FRZ Forex Market Session Indicator SILVER,M15: removed
2	14:52:52.847	Custom indicator TitanXpro_Entry2 DE30,M1: removed
2	14:52:52.849	Custom indicator TitanXpro_Dash DE30,M1: removed
2	14:52:52.851	Custom indicator AIMS Levels V2 US30,M5: removed
2	14:52:52.851	Custom indicator AIMS Entry Alert V1 US30,M5: removed
2	14:52:52.852	Custom indicator CandleTimer US30,M5: removed
2	14:52:52.852	Custom indicator #Signal_Bars_v6 US30,M5: removed
2	14:52:52.853	Custom indicator TrendEnvelopes_v1 US30,M5: removed
2	14:52:52.855	Custom indicator guppy_multiple_moving_averages US30,M5: removed
2	14:52:52.856	Custom indicator wedges US30,M5: removed
2	14:52:52.858	Custom indicator Admiral Pivot US30,M5: removed
2	14:52:52.859	Custom indicator AutoTrendChannel US30,M5: removed
2	14:52:52.861	Custom indicator FRZ Channel Auto Plotter US30,M5: removed
2	14:52:52.862	Custom indicator FRZ News Indicator MT4 US30,M5: removed
2	14:52:52.863	Custom indicator Forex Uranus direction US30,M5: removed
2	14:52:52.863	Custom indicator AIMS AO V.2.1 US30,M5: removed
2	14:52:52.865	Custom indicator IVT_MACD_ZERO_LAG US30,M5: removed
2	14:52:52.866	Custom indicator RSI Divergence Levels US30,M5: removed
2	14:52:52.868	Custom indicator FRZ Forex Market Session Indicator US30,M5: removed
2	14:52:52.872	Expert !!Sentinel PAT Scanner-v1.01 EURGBP,H4: removed
2	14:52:52.875	Custom indicator AIMS Levels V2 CHFJPY,H1: removed
2	14:52:52.875	Custom indicator AIMS Entry Alert V1 CHFJPY,H1: removed
2	14:52:52.876	Custom indicator CandleTimer CHFJPY,H1: removed
2	14:52:52.877	Custom indicator #Signal_Bars_v6 CHFJPY,H1: removed
2	14:52:52.878	Custom indicator TrendEnvelopes_v1 CHFJPY,H1: removed
2	14:52:52.879	Custom indicator guppy_multiple_moving_averages CHFJPY,H1: removed
2	14:52:52.880	Custom indicator wedges CHFJPY,H1: removed
2	14:52:52.882	Custom indicator Admiral Pivot CHFJPY,H1: removed
2	14:52:52.883	Custom indicator AutoTrendChannel CHFJPY,H1: removed
2	14:52:52.884	Custom indicator FRZ Channel Auto Plotter CHFJPY,H1: removed
2	14:52:52.886	Custom indicator FRZ News Indicator MT4 CHFJPY,H1: removed
2	14:52:52.887	Custom indicator Forex Uranus direction CHFJPY,H1: removed
2	14:52:52.889	Custom indicator Quadrilateral CHFJPY,H1: removed
2	14:52:52.889	Custom indicator AIMS AO V.2.1 CHFJPY,H1: removed
2	14:52:52.890	Custom indicator IVT_MACD_ZERO_LAG CHFJPY,H1: removed
2	14:52:52.892	Custom indicator RSI Divergence Levels CHFJPY,H1: removed
2	14:52:52.893	Custom indicator FRZ Forex Market Session Indicator CHFJPY,H1: removed
2	14:52:52.902	Custom indicator AIMS Levels V2 NZDJPY,H1: removed
2	14:52:52.902	Custom indicator AIMS Entry Alert V1 NZDJPY,H1: removed
2	14:52:52.903	Custom indicator CandleTimer NZDJPY,H1: removed
2	14:52:52.903	Custom indicator #Signal_Bars_v6 NZDJPY,H1: removed
2	14:52:52.905	Custom indicator TrendEnvelopes_v1 NZDJPY,H1: removed
2	14:52:52.906	Custom indicator guppy_multiple_moving_averages NZDJPY,H1: removed
2	14:52:52.907	Custom indicator wedges NZDJPY,H1: removed
2	14:52:52.909	Custom indicator Admiral Pivot NZDJPY,H1: removed
2	14:52:52.910	Custom indicator AutoTrendChannel NZDJPY,H1: removed
2	14:52:52.912	Custom indicator FRZ Channel Auto Plotter NZDJPY,H1: removed
2	14:52:52.913	Custom indicator FRZ News Indicator MT4 NZDJPY,H1: removed
2	14:52:52.914	Custom indicator Forex Uranus direction NZDJPY,H1: removed
2	14:52:52.916	Custom indicator Quadrilateral NZDJPY,H1: removed
2	14:52:52.916	Custom indicator AIMS AO V.2.1 NZDJPY,H1: removed
2	14:52:52.917	Custom indicator IVT_MACD_ZERO_LAG NZDJPY,H1: removed
2	14:52:52.919	Custom indicator RSI Divergence Levels NZDJPY,H1: removed
2	14:52:52.920	Custom indicator FRZ Forex Market Session Indicator NZDJPY,H1: removed
2	14:52:52.925	Custom indicator AIMS Levels V2 EURGBP,H1: removed
2	14:52:52.925	Custom indicator AIMS Entry Alert V1 EURGBP,H1: removed
2	14:52:52.927	Custom indicator CandleTimer EURGBP,H1: removed
2	14:52:52.927	Custom indicator #Signal_Bars_v6 EURGBP,H1: removed
2	14:52:52.928	Custom indicator TrendEnvelopes_v1 EURGBP,H1: removed
2	14:52:52.929	Custom indicator guppy_multiple_moving_averages EURGBP,H1: removed
2	14:52:52.931	Custom indicator wedges EURGBP,H1: removed
2	14:52:52.932	Custom indicator Admiral Pivot EURGBP,H1: removed
2	14:52:52.934	Custom indicator AutoTrendChannel EURGBP,H1: removed
2	14:52:52.935	Custom indicator FRZ Channel Auto Plotter EURGBP,H1: removed
2	14:52:52.936	Custom indicator FRZ News Indicator MT4 EURGBP,H1: removed
2	14:52:52.938	Custom indicator Forex Uranus direction EURGBP,H1: removed
2	14:52:52.939	Custom indicator Quadrilateral EURGBP,H1: removed
2	14:52:52.939	Custom indicator AIMS AO V.2.1 EURGBP,H1: removed
2	14:52:52.941	Custom indicator IVT_MACD_ZERO_LAG EURGBP,H1: removed
2	14:52:52.942	Custom indicator RSI Divergence Levels EURGBP,H1: removed
2	14:52:52.943	Custom indicator FRZ Forex Market Session Indicator EURGBP,H1: removed
0	14:52:54.974	Admiral Markets build 1320 stopped
