0	04:02:31.675	Admiral Markets build 1320 started (Admiral Markets Group AS)
0	04:02:31.676	Windows 10 Pro x64, IE 11, UAC, 8 x Intel Core i7-10510U  @ 1.80GHz, Memory: 1663 / 8014 Mb, Disk: 16 / 237 Gb, GMT+3
0	04:02:31.676	Data Folder: C:\Users\SRIE\AppData\Roaming\MetaQuotes\Terminal\51337600F56B69473E15EAFB8A7586B4
2	04:02:36.058	Custom indicator AIMS Levels V2 DE30,H1: loaded successfully
2	04:02:36.128	Custom indicator AIMS Entry Alert V1 DE30,H1: loaded successfully
2	04:02:36.134	Custom indicator CandleTimer DE30,H1: loaded successfully
2	04:02:36.218	Custom indicator #Signal_Bars_v6 DE30,H1: loaded successfully
2	04:02:36.230	Custom indicator TrendEnvelopes_v1 DE30,H1: loaded successfully
2	04:02:36.242	Custom indicator guppy_multiple_moving_averages DE30,H1: loaded successfully
2	04:02:36.253	Custom indicator wedges DE30,H1: loaded successfully
2	04:02:36.267	Custom indicator Admiral Pivot DE30,H1: loaded successfully
2	04:02:36.279	Custom indicator AutoTrendChannel DE30,H1: loaded successfully
2	04:02:36.288	Custom indicator FRZ Channel Auto Plotter DE30,H1: loaded successfully
2	04:02:36.300	Custom indicator FRZ News Indicator MT4 DE30,H1: loaded successfully
2	04:02:36.309	Custom indicator Forex Uranus direction DE30,H1: loaded successfully
2	04:02:36.319	Custom indicator Quadrilateral DE30,H1: loaded successfully
2	04:02:36.394	Custom indicator AIMS AO V.2.1 DE30,H1: loaded successfully
2	04:02:36.401	Custom indicator IVT_MACD_ZERO_LAG DE30,H1: loaded successfully
2	04:02:36.409	Custom indicator RSI Divergence Levels DE30,H1: loaded successfully
2	04:02:36.416	Custom indicator JoeChalhoub_FXForecasterV1 DE30,H1: loaded successfully
2	04:02:36.424	Custom indicator TDI-With_Alerts DE30,H1: loaded successfully
2	04:02:36.431	Custom indicator FRZ Forex Market Session Indicator DE30,H1: loaded successfully
2	04:02:58.542	Custom indicator AIMS Levels V2 US30,M5: loaded successfully
2	04:02:58.607	Custom indicator AIMS Entry Alert V1 US30,M5: loaded successfully
2	04:02:58.613	Custom indicator CandleTimer US30,M5: loaded successfully
2	04:02:58.680	Custom indicator #Signal_Bars_v6 US30,M5: loaded successfully
2	04:02:58.687	Custom indicator TrendEnvelopes_v1 US30,M5: loaded successfully
2	04:02:58.693	Custom indicator guppy_multiple_moving_averages US30,M5: loaded successfully
2	04:02:58.700	Custom indicator wedges US30,M5: loaded successfully
2	04:02:58.706	Custom indicator Admiral Pivot US30,M5: loaded successfully
2	04:02:58.712	Custom indicator AutoTrendChannel US30,M5: loaded successfully
2	04:02:58.719	Custom indicator FRZ Channel Auto Plotter US30,M5: loaded successfully
2	04:02:58.727	Custom indicator FRZ News Indicator MT4 US30,M5: loaded successfully
2	04:02:58.733	Custom indicator Forex Uranus direction US30,M5: loaded successfully
2	04:02:58.742	Custom indicator Quadrilateral US30,M5: loaded successfully
2	04:02:58.810	Custom indicator AIMS AO V.2.1 US30,M5: loaded successfully
2	04:02:58.818	Custom indicator IVT_MACD_ZERO_LAG US30,M5: loaded successfully
2	04:02:58.825	Custom indicator RSI Divergence Levels US30,M5: loaded successfully
2	04:02:58.834	Custom indicator JoeChalhoub_FXForecasterV1 US30,M5: loaded successfully
2	04:02:58.841	Custom indicator TDI-With_Alerts US30,M5: loaded successfully
2	04:02:58.848	Custom indicator FRZ Forex Market Session Indicator US30,M5: loaded successfully
2	04:03:00.546	Custom indicator AIMS Levels V2 XAUUSD,M15: loaded successfully
2	04:03:00.610	Custom indicator AIMS Entry Alert V1 XAUUSD,M15: loaded successfully
2	04:03:00.616	Custom indicator CandleTimer XAUUSD,M15: loaded successfully
2	04:03:00.679	Custom indicator #Signal_Bars_v6 XAUUSD,M15: loaded successfully
2	04:03:00.685	Custom indicator TrendEnvelopes_v1 XAUUSD,M15: loaded successfully
2	04:03:00.691	Custom indicator guppy_multiple_moving_averages XAUUSD,M15: loaded successfully
2	04:03:00.699	Custom indicator wedges XAUUSD,M15: loaded successfully
2	04:03:00.705	Custom indicator Admiral Pivot XAUUSD,M15: loaded successfully
2	04:03:00.711	Custom indicator AutoTrendChannel XAUUSD,M15: loaded successfully
2	04:03:00.718	Custom indicator FRZ Channel Auto Plotter XAUUSD,M15: loaded successfully
2	04:03:00.726	Custom indicator FRZ News Indicator MT4 XAUUSD,M15: loaded successfully
2	04:03:00.732	Custom indicator Forex Uranus direction XAUUSD,M15: loaded successfully
2	04:03:00.739	Custom indicator Quadrilateral XAUUSD,M15: loaded successfully
2	04:03:00.808	Custom indicator AIMS AO V.2.1 XAUUSD,M15: loaded successfully
2	04:03:00.815	Custom indicator IVT_MACD_ZERO_LAG XAUUSD,M15: loaded successfully
2	04:03:00.821	Custom indicator RSI Divergence Levels XAUUSD,M15: loaded successfully
2	04:03:00.829	Custom indicator JoeChalhoub_FXForecasterV1 XAUUSD,M15: loaded successfully
2	04:03:00.837	Custom indicator TDI-With_Alerts XAUUSD,M15: loaded successfully
2	04:03:00.844	Custom indicator FRZ Forex Market Session Indicator XAUUSD,M15: loaded successfully
2	04:03:01.829	Custom indicator AIMS Levels V2 XAGUSD,M15: loaded successfully
2	04:03:01.892	Custom indicator AIMS Entry Alert V1 XAGUSD,M15: loaded successfully
2	04:03:01.898	Custom indicator CandleTimer XAGUSD,M15: loaded successfully
2	04:03:01.960	Custom indicator #Signal_Bars_v6 XAGUSD,M15: loaded successfully
2	04:03:01.966	Custom indicator TrendEnvelopes_v1 XAGUSD,M15: loaded successfully
2	04:03:01.972	Custom indicator guppy_multiple_moving_averages XAGUSD,M15: loaded successfully
2	04:03:01.979	Custom indicator wedges XAGUSD,M15: loaded successfully
2	04:03:01.985	Custom indicator Admiral Pivot XAGUSD,M15: loaded successfully
2	04:03:01.991	Custom indicator AutoTrendChannel XAGUSD,M15: loaded successfully
2	04:03:01.998	Custom indicator FRZ Channel Auto Plotter XAGUSD,M15: loaded successfully
2	04:03:02.006	Custom indicator FRZ News Indicator MT4 XAGUSD,M15: loaded successfully
2	04:03:02.012	Custom indicator Forex Uranus direction XAGUSD,M15: loaded successfully
2	04:03:02.019	Custom indicator Quadrilateral XAGUSD,M15: loaded successfully
2	04:03:02.081	Custom indicator AIMS AO V.2.1 XAGUSD,M15: loaded successfully
2	04:03:02.089	Custom indicator IVT_MACD_ZERO_LAG XAGUSD,M15: loaded successfully
2	04:03:02.096	Custom indicator RSI Divergence Levels XAGUSD,M15: loaded successfully
2	04:03:02.103	Custom indicator JoeChalhoub_FXForecasterV1 XAGUSD,M15: loaded successfully
2	04:03:02.110	Custom indicator TDI-With_Alerts XAGUSD,M15: loaded successfully
2	04:03:02.116	Custom indicator FRZ Forex Market Session Indicator XAGUSD,M15: loaded successfully
0	04:03:10.769	'888326829': login on Tickmill02-Live through Live DC - London 7 (ping: 210.03 ms)
0	04:03:13.238	'888326829': login datacenter on Tickmill02-Live through Live DC - London 7 (ping: 210.03 ms)
0	04:03:13.874	'888326829': previous successful authorization performed from 154.126.99.86
0	04:05:24.193	'888326829': auto connecting to a better access point Live DC - London 9 (ping is 237.30 ms)
0	04:05:32.975	'888326829': login on Tickmill02-Live through Live DC - London 9 (ping: 237.30 ms)
0	04:05:35.518	'888326829': login datacenter on Tickmill02-Live through Live DC - London 9 (ping: 237.30 ms)
0	04:05:36.264	'888326829': previous successful authorization performed from 154.126.12.79
0	05:21:45.617	'888338364': login on Tickmill02-Live through Live DC - London 9 (ping: n/a)
0	05:21:48.010	'888338364': login datacenter on Tickmill02-Live through Live DC - London 9 (ping: n/a)
2	05:22:21.442	Custom indicator TDI-With_Alerts US30,M5: removed
2	05:22:31.649	Custom indicator JoeChalhoub_FXForecasterV1 US30,M5: removed
0	05:24:13.610	'888338364': auto connecting to a better access point Live DC - London 7 (ping is 233.61 ms)
0	05:24:14.443	'888338364': login on Tickmill02-Live through Live DC - London 7 (ping: 233.61 ms)
0	05:24:16.522	'888338364': login datacenter on Tickmill02-Live through Live DC - London 7 (ping: 233.61 ms)
0	05:24:24.916	'888338364': previous successful authorization performed from 154.126.11.124
0	05:26:12.335	'888338364': one click trading has been enabled
0	05:26:17.339	'888338364': order buy market 0.05 US30 sl: 0.00 tp: 0.00
0	05:26:24.460	'888338364': order was opened : #14710297 buy 0.05 US30 at 31278.36 sl: 0.00 tp: 0.00
0	05:26:43.997	'888338364': modify order #14710297 buy 0.05 US30 at 31278.36 sl: 0.00 tp: 0.00 -> sl: 31101.37 tp: 0.00
0	05:26:45.330	'888338364': order #14710297 buy 0.05 US30 at 31278.36 was modified -> sl: 31101.37 tp: 0.00
0	05:26:59.767	'888338364': modify order #14710297 buy 0.05 US30 at 31278.36 sl: 31101.37 tp: 0.00 -> sl: 31077.53 tp: 0.00
0	05:27:06.485	'888338364': order #14710297 buy 0.05 US30 at 31278.36 was modified -> sl: 31077.53 tp: 0.00
0	05:28:09.433	'888338364': modify order #14710297 buy 0.05 US30 at 31278.36 sl: 31077.53 tp: 0.00 -> sl: 31077.53 tp: 32475.00
0	05:28:09.713	'888338364': order #14710297 buy 0.05 US30 at 31278.36 was modified -> sl: 31077.53 tp: 32475.00
0	05:29:48.831	'888338364': order buy market 0.07 DE30 sl: 0.00 tp: 0.00
0	05:29:50.831	'888338364': order was opened : #14710315 buy 0.07 DE30 at 14172.86 sl: 0.00 tp: 0.00
0	05:30:03.474	'888338364': modify order #14710315 buy 0.07 DE30 at 14172.86 sl: 0.00 tp: 0.00 -> sl: 14005.79 tp: 0.00
0	05:30:12.641	'888338364': order #14710315 buy 0.07 DE30 at 14172.86 was modified -> sl: 14005.79 tp: 0.00
0	05:30:47.200	'888338364': modify order #14710315 buy 0.07 DE30 at 14172.86 sl: 14005.79 tp: 0.00 -> sl: 14005.79 tp: 14441.00
0	05:30:47.668	'888338364': order #14710315 buy 0.07 DE30 at 14172.86 was modified -> sl: 14005.79 tp: 14441.00
2	05:31:48.141	Custom indicator AIMS Levels V2 DE30,M5: removed
2	05:31:48.142	Custom indicator AIMS Entry Alert V1 DE30,M5: removed
2	05:31:48.144	Custom indicator CandleTimer DE30,M5: removed
2	05:31:48.145	Custom indicator #Signal_Bars_v6 DE30,M5: removed
2	05:31:48.147	Custom indicator TrendEnvelopes_v1 DE30,M5: removed
2	05:31:48.150	Custom indicator guppy_multiple_moving_averages DE30,M5: removed
2	05:31:48.153	Custom indicator wedges DE30,M5: removed
2	05:31:48.156	Custom indicator Admiral Pivot DE30,M5: removed
2	05:31:48.158	Custom indicator AutoTrendChannel DE30,M5: removed
2	05:31:48.160	Custom indicator FRZ Channel Auto Plotter DE30,M5: removed
2	05:31:48.162	Custom indicator FRZ News Indicator MT4 DE30,M5: removed
2	05:31:48.165	Custom indicator Forex Uranus direction DE30,M5: removed
2	05:31:48.180	Custom indicator Quadrilateral DE30,M5: removed
2	05:31:48.180	Custom indicator AIMS AO V.2.1 DE30,M5: removed
2	05:31:48.184	Custom indicator IVT_MACD_ZERO_LAG DE30,M5: removed
2	05:31:48.187	Custom indicator RSI Divergence Levels DE30,M5: removed
2	05:31:48.188	Custom indicator JoeChalhoub_FXForecasterV1 DE30,M5: removed
2	05:31:48.190	Custom indicator TDI-With_Alerts DE30,M5: removed
2	05:31:48.191	Custom indicator FRZ Forex Market Session Indicator DE30,M5: removed
2	05:31:48.213	Custom indicator AIMS Levels V2 US30,H1: removed
2	05:31:48.213	Custom indicator AIMS Entry Alert V1 US30,H1: removed
2	05:31:48.215	Custom indicator CandleTimer US30,H1: removed
2	05:31:48.215	Custom indicator #Signal_Bars_v6 US30,H1: removed
2	05:31:48.216	Custom indicator TrendEnvelopes_v1 US30,H1: removed
2	05:31:48.217	Custom indicator guppy_multiple_moving_averages US30,H1: removed
2	05:31:48.220	Custom indicator wedges US30,H1: removed
2	05:31:48.223	Custom indicator Admiral Pivot US30,H1: removed
2	05:31:48.224	Custom indicator AutoTrendChannel US30,H1: removed
2	05:31:48.225	Custom indicator FRZ Channel Auto Plotter US30,H1: removed
2	05:31:48.226	Custom indicator FRZ News Indicator MT4 US30,H1: removed
2	05:31:48.228	Custom indicator Forex Uranus direction US30,H1: removed
2	05:31:48.229	Custom indicator Quadrilateral US30,H1: removed
2	05:31:48.229	Custom indicator AIMS AO V.2.1 US30,H1: removed
2	05:31:48.321	Custom indicator IVT_MACD_ZERO_LAG US30,H1: removed
2	05:31:48.322	Custom indicator RSI Divergence Levels US30,H1: removed
2	05:31:48.323	Custom indicator FRZ Forex Market Session Indicator US30,H1: removed
2	05:31:48.331	Custom indicator AIMS Levels V2 XAUUSD,M15: removed
2	05:31:48.332	Custom indicator AIMS Entry Alert V1 XAUUSD,M15: removed
2	05:31:48.333	Custom indicator CandleTimer XAUUSD,M15: removed
2	05:31:48.333	Custom indicator #Signal_Bars_v6 XAUUSD,M15: removed
2	05:31:48.334	Custom indicator TrendEnvelopes_v1 XAUUSD,M15: removed
2	05:31:48.335	Custom indicator guppy_multiple_moving_averages XAUUSD,M15: removed
2	05:31:48.348	Custom indicator wedges XAUUSD,M15: removed
2	05:31:48.349	Custom indicator Admiral Pivot XAUUSD,M15: removed
2	05:31:48.350	Custom indicator AutoTrendChannel XAUUSD,M15: removed
2	05:31:48.351	Custom indicator FRZ Channel Auto Plotter XAUUSD,M15: removed
2	05:31:48.352	Custom indicator FRZ News Indicator MT4 XAUUSD,M15: removed
2	05:31:48.353	Custom indicator Forex Uranus direction XAUUSD,M15: removed
2	05:31:48.354	Custom indicator Quadrilateral XAUUSD,M15: removed
2	05:31:48.355	Custom indicator AIMS AO V.2.1 XAUUSD,M15: removed
2	05:31:48.356	Custom indicator IVT_MACD_ZERO_LAG XAUUSD,M15: removed
2	05:31:48.357	Custom indicator RSI Divergence Levels XAUUSD,M15: removed
2	05:31:48.358	Custom indicator JoeChalhoub_FXForecasterV1 XAUUSD,M15: removed
2	05:31:48.359	Custom indicator TDI-With_Alerts XAUUSD,M15: removed
2	05:31:48.360	Custom indicator FRZ Forex Market Session Indicator XAUUSD,M15: removed
2	05:31:48.365	Custom indicator AIMS Levels V2 XAGUSD,M15: removed
2	05:31:48.365	Custom indicator AIMS Entry Alert V1 XAGUSD,M15: removed
2	05:31:48.367	Custom indicator CandleTimer XAGUSD,M15: removed
2	05:31:48.367	Custom indicator #Signal_Bars_v6 XAGUSD,M15: removed
2	05:31:48.368	Custom indicator TrendEnvelopes_v1 XAGUSD,M15: removed
2	05:31:48.369	Custom indicator guppy_multiple_moving_averages XAGUSD,M15: removed
2	05:31:48.370	Custom indicator wedges XAGUSD,M15: removed
2	05:31:48.371	Custom indicator Admiral Pivot XAGUSD,M15: removed
2	05:31:48.372	Custom indicator AutoTrendChannel XAGUSD,M15: removed
2	05:31:48.373	Custom indicator FRZ Channel Auto Plotter XAGUSD,M15: removed
2	05:31:48.375	Custom indicator FRZ News Indicator MT4 XAGUSD,M15: removed
2	05:31:48.376	Custom indicator Forex Uranus direction XAGUSD,M15: removed
2	05:31:48.377	Custom indicator Quadrilateral XAGUSD,M15: removed
2	05:31:48.377	Custom indicator AIMS AO V.2.1 XAGUSD,M15: removed
2	05:31:48.378	Custom indicator IVT_MACD_ZERO_LAG XAGUSD,M15: removed
2	05:31:48.379	Custom indicator RSI Divergence Levels XAGUSD,M15: removed
2	05:31:48.380	Custom indicator JoeChalhoub_FXForecasterV1 XAGUSD,M15: removed
2	05:31:48.381	Custom indicator TDI-With_Alerts XAGUSD,M15: removed
2	05:31:48.382	Custom indicator FRZ Forex Market Session Indicator XAGUSD,M15: removed
0	05:31:49.039	Admiral Markets build 1320 stopped
