1	09:13:48.983	MQL5.community: authorization failed
0	09:13:55.227	'27153390': login on AdmiralMarkets-Live through Access Point #10 (ping: n/a)
0	09:14:01.912	'27153390': login datacenter on AdmiralMarkets-Live through Access Point #10 (ping: n/a)
0	09:14:07.674	'27153390': previous successful authorization performed from 197.149.48.124
0	09:14:19.337	'27153390': auto connecting to a better access point Access Point #6 (ping is 208.02 ms)
0	09:14:21.361	'27153390': login on AdmiralMarkets-Live through Access Point #6 (ping: 208.02 ms)
0	09:14:23.596	'27153390': login datacenter on AdmiralMarkets-Live through Access Point #6 (ping: 208.02 ms)
0	09:14:24.270	'27153390': previous successful authorization performed from 102.16.29.122
1	09:35:35.267	'27153390': connect failed [Connection échouée]
0	09:36:33.716	'27153390': login on AdmiralMarkets-Live through Access Point #6 (ping: 208.02 ms)
0	09:36:36.279	'27153390': login datacenter on AdmiralMarkets-Live through Access Point #6 (ping: 208.02 ms)
0	09:36:37.191	'27153390': previous successful authorization performed from 102.16.29.122
1	09:38:10.120	'27153390': datacenter connecting failed [6]
1	09:38:10.899	'27153390': connect failed [Connection échouée]
0	10:28:41.738	'27153390': login on AdmiralMarkets-Live through Access Point #6 (ping: 208.02 ms)
0	10:28:44.371	'27153390': login datacenter on AdmiralMarkets-Live through Access Point #6 (ping: 208.02 ms)
0	10:28:45.397	'27153390': previous successful authorization performed from 102.16.29.122
0	10:29:01.339	'27153390': auto connecting to a better access point Access Point #9 (ping is 209.39 ms)
0	10:29:02.357	'27153390': login on AdmiralMarkets-Live through Access Point #9 (ping: 209.39 ms)
0	10:29:05.370	'27153390': login datacenter on AdmiralMarkets-Live through Access Point #9 (ping: 209.39 ms)
0	10:29:06.003	'27153390': previous successful authorization performed from 102.16.29.122
2	10:32:01.138	Custom indicator breakout-zones [JP225],H1: removed
2	10:32:01.138	Custom indicator PositionSizeCalculator [JP225],H1: removed
2	10:32:01.177	Expert !!Sentinel PAT Scanner-v1.01 [DAX30],H1: removed
2	10:32:01.294	Custom indicator AIMS Levels V2 [SP500],H1: removed
2	10:32:01.294	Custom indicator AIMS Entry Alert V1 [SP500],H1: removed
2	10:32:01.298	Custom indicator CandleTimer [SP500],H1: removed
2	10:32:01.298	Custom indicator #Signal_Bars_v6 [SP500],H1: removed
2	10:32:01.302	Custom indicator TrendEnvelopes_v1 [SP500],H1: removed
2	10:32:01.304	Custom indicator guppy_multiple_moving_averages [SP500],H1: removed
2	10:32:01.306	Custom indicator wedges [SP500],H1: removed
2	10:32:01.309	Custom indicator Admiral Pivot [SP500],H1: removed
2	10:32:01.312	Custom indicator AutoTrendChannel [SP500],H1: removed
2	10:32:01.314	Custom indicator FRZ Channel Auto Plotter [SP500],H1: removed
2	10:32:01.316	Custom indicator FRZ News Indicator MT4 [SP500],H1: removed
2	10:32:01.318	Custom indicator Forex Uranus direction [SP500],H1: removed
2	10:32:01.319	Custom indicator aVSA clasters [SP500],H1: removed
2	10:32:01.322	Custom indicator aVSA Golden Zone [SP500],H1: removed
2	10:32:01.322	Custom indicator breakout-zones [SP500],H1: removed
2	10:32:01.322	Custom indicator SL&TP Values [SP500],H1: removed
2	10:32:01.322	Custom indicator AIMS AO V.2.1 [SP500],H1: removed
2	10:32:01.322	Custom indicator IVT_MACD_ZERO_LAG [SP500],H1: removed
2	10:32:01.330	Custom indicator RSI Divergence Levels [SP500],H1: removed
2	10:32:01.331	Custom indicator FRZ Forex Market Session Indicator [SP500],H1: removed
2	10:32:01.337	Custom indicator AIMS Entry Alert V1 GOLD,H1: removed
2	10:32:01.339	Custom indicator CandleTimer GOLD,H1: removed
2	10:32:01.340	Custom indicator #Signal_Bars_v6 GOLD,H1: removed
2	10:32:01.340	Custom indicator AIMS AO V.2.1 GOLD,H1: removed
2	10:32:01.341	Custom indicator IVT_MACD_ZERO_LAG GOLD,H1: removed
2	10:32:01.346	Custom indicator AIMS Levels V2 WTI,H1: removed
2	10:32:01.346	Custom indicator AIMS Entry Alert V1 WTI,H1: removed
2	10:32:01.348	Custom indicator CandleTimer WTI,H1: removed
2	10:32:01.348	Custom indicator #Signal_Bars_v6 WTI,H1: removed
2	10:32:01.348	Custom indicator TrendEnvelopes_v1 WTI,H1: removed
2	10:32:01.348	Custom indicator guppy_multiple_moving_averages WTI,H1: removed
2	10:32:01.348	Custom indicator wedges WTI,H1: removed
2	10:32:01.348	Custom indicator Admiral Pivot WTI,H1: removed
2	10:32:01.362	Custom indicator AutoTrendChannel WTI,H1: removed
2	10:32:01.362	Custom indicator FRZ Channel Auto Plotter WTI,H1: removed
2	10:32:01.362	Custom indicator FRZ News Indicator MT4 WTI,H1: removed
2	10:32:01.362	Custom indicator Forex Uranus direction WTI,H1: removed
2	10:32:01.362	Custom indicator aVSA clasters WTI,H1: removed
2	10:32:01.377	Custom indicator aVSA Golden Zone WTI,H1: removed
2	10:32:01.381	Custom indicator breakout-zones WTI,H1: removed
2	10:32:01.382	Custom indicator SL&TP Values WTI,H1: removed
2	10:32:01.382	Custom indicator AIMS AO V.2.1 WTI,H1: removed
2	10:32:01.387	Custom indicator IVT_MACD_ZERO_LAG WTI,H1: removed
2	10:32:01.391	Custom indicator RSI Divergence Levels WTI,H1: removed
2	10:32:01.391	Custom indicator FRZ Forex Market Session Indicator WTI,H1: removed
2	10:32:01.411	Custom indicator AIMS Levels V2 [DJI30],M15: removed
2	10:32:01.411	Custom indicator AIMS Entry Alert V1 [DJI30],M15: removed
2	10:32:01.412	Custom indicator CandleTimer [DJI30],M15: removed
2	10:32:01.412	Custom indicator #Signal_Bars_v6 [DJI30],M15: removed
2	10:32:01.412	Custom indicator AIMS AO V.2.1 [DJI30],M15: removed
2	10:32:01.412	Custom indicator IVT_MACD_ZERO_LAG [DJI30],M15: removed
2	10:32:01.453	Custom indicator AIMS Levels V2 [NQ100],H1: removed
2	10:32:01.454	Custom indicator AIMS Entry Alert V1 [NQ100],H1: removed
2	10:32:01.461	Custom indicator CandleTimer [NQ100],H1: removed
2	10:32:01.461	Custom indicator #Signal_Bars_v6 [NQ100],H1: removed
2	10:32:01.462	Custom indicator TrendEnvelopes_v1 [NQ100],H1: removed
2	10:32:01.462	Custom indicator guppy_multiple_moving_averages [NQ100],H1: removed
2	10:32:01.480	Custom indicator wedges [NQ100],H1: removed
2	10:32:01.480	Custom indicator Admiral Pivot [NQ100],H1: removed
2	10:32:01.492	Custom indicator AutoTrendChannel [NQ100],H1: removed
2	10:32:01.492	Custom indicator FRZ Channel Auto Plotter [NQ100],H1: removed
2	10:32:01.503	Custom indicator FRZ News Indicator MT4 [NQ100],H1: removed
2	10:32:01.503	Custom indicator Forex Uranus direction [NQ100],H1: removed
2	10:32:01.503	Custom indicator aVSA clasters [NQ100],H1: removed
2	10:32:01.522	Custom indicator aVSA Golden Zone [NQ100],H1: removed
2	10:32:01.522	Custom indicator breakout-zones [NQ100],H1: removed
2	10:32:01.522	Custom indicator SL&TP Values [NQ100],H1: removed
2	10:32:01.522	Custom indicator AIMS AO V.2.1 [NQ100],H1: removed
2	10:32:01.522	Custom indicator IVT_MACD_ZERO_LAG [NQ100],H1: removed
2	10:32:01.537	Custom indicator RSI Divergence Levels [NQ100],H1: removed
2	10:32:01.540	Custom indicator FRZ Forex Market Session Indicator [NQ100],H1: removed
2	10:32:01.548	Custom indicator TitanXpro_Entry2 EURJPY,H1: removed
2	10:32:01.548	Custom indicator TitanXpro_Dash EURJPY,H1: removed
2	10:32:01.585	Custom indicator AIMS Levels V2 [DAX30],M15: removed
2	10:32:01.585	Custom indicator AIMS Entry Alert V1 [DAX30],M15: removed
2	10:32:01.588	Custom indicator CandleTimer [DAX30],M15: removed
2	10:32:01.588	Custom indicator #Signal_Bars_v6 [DAX30],M15: removed
2	10:32:01.588	Custom indicator TrendEnvelopes_v1 [DAX30],M15: removed
2	10:32:01.588	Custom indicator guppy_multiple_moving_averages [DAX30],M15: removed
2	10:32:01.604	Custom indicator wedges [DAX30],M15: removed
2	10:32:01.604	Custom indicator Admiral Pivot [DAX30],M15: removed
2	10:32:01.604	Custom indicator AutoTrendChannel [DAX30],M15: removed
2	10:32:01.604	Custom indicator FRZ Channel Auto Plotter [DAX30],M15: removed
2	10:32:01.620	Custom indicator FRZ News Indicator MT4 [DAX30],M15: removed
2	10:32:01.622	Custom indicator Forex Uranus direction [DAX30],M15: removed
2	10:32:01.622	Custom indicator aVSA clasters [DAX30],M15: removed
2	10:32:01.622	Custom indicator aVSA Golden Zone [DAX30],M15: removed
2	10:32:01.637	Custom indicator breakout-zones [DAX30],M15: removed
2	10:32:01.639	Custom indicator SL&TP Values [DAX30],M15: removed
2	10:32:01.639	Custom indicator AIMS AO V.2.1 [DAX30],M15: removed
2	10:32:01.639	Custom indicator IVT_MACD_ZERO_LAG [DAX30],M15: removed
2	10:32:01.639	Custom indicator RSI Divergence Levels [DAX30],M15: removed
2	10:32:01.639	Custom indicator FRZ Forex Market Session Indicator [DAX30],M15: removed
2	10:32:01.661	Custom indicator AIMS Levels V2 GBPJPY,M15: removed
2	10:32:01.661	Custom indicator AIMS Entry Alert V1 GBPJPY,M15: removed
2	10:32:01.662	Custom indicator CandleTimer GBPJPY,M15: removed
2	10:32:01.662	Custom indicator #Signal_Bars_v6 GBPJPY,M15: removed
2	10:32:01.662	Custom indicator TrendEnvelopes_v1 GBPJPY,M15: removed
2	10:32:01.662	Custom indicator guppy_multiple_moving_averages GBPJPY,M15: removed
2	10:32:01.662	Custom indicator wedges GBPJPY,M15: removed
2	10:32:01.677	Custom indicator Admiral Pivot GBPJPY,M15: removed
2	10:32:01.681	Custom indicator AutoTrendChannel GBPJPY,M15: removed
2	10:32:01.684	Custom indicator FRZ Channel Auto Plotter GBPJPY,M15: removed
2	10:32:01.687	Custom indicator FRZ News Indicator MT4 GBPJPY,M15: removed
2	10:32:01.690	Custom indicator Forex Uranus direction GBPJPY,M15: removed
2	10:32:01.691	Custom indicator aVSA clasters GBPJPY,M15: removed
2	10:32:01.696	Custom indicator aVSA Golden Zone GBPJPY,M15: removed
2	10:32:01.711	Custom indicator breakout-zones GBPJPY,M15: removed
2	10:32:01.715	Custom indicator SL&TP Values GBPJPY,M15: removed
2	10:32:01.715	Custom indicator AIMS AO V.2.1 GBPJPY,M15: removed
2	10:32:01.717	Custom indicator IVT_MACD_ZERO_LAG GBPJPY,M15: removed
2	10:32:01.720	Custom indicator RSI Divergence Levels GBPJPY,M15: removed
2	10:32:01.722	Custom indicator FRZ Forex Market Session Indicator GBPJPY,M15: removed
2	10:32:01.742	Custom indicator AIMS Levels V2 BTCUSD,H1: removed
2	10:32:01.743	Custom indicator AIMS Entry Alert V1 BTCUSD,H1: removed
2	10:32:01.744	Custom indicator CandleTimer BTCUSD,H1: removed
2	10:32:01.744	Custom indicator #Signal_Bars_v6 BTCUSD,H1: removed
2	10:32:01.744	Custom indicator AIMS AO V.2.1 BTCUSD,H1: removed
2	10:32:01.744	Custom indicator IVT_MACD_ZERO_LAG BTCUSD,H1: removed
2	10:32:01.810	Custom indicator AIMS Levels V2 EURUSD,H1: removed
2	10:32:01.810	Custom indicator AIMS Entry Alert V1 EURUSD,H1: removed
2	10:32:01.811	Custom indicator CandleTimer EURUSD,H1: removed
2	10:32:01.811	Custom indicator #Signal_Bars_v6 EURUSD,H1: removed
2	10:32:01.811	Custom indicator AIMS AO V.2.1 EURUSD,H1: removed
2	10:32:01.820	Custom indicator IVT_MACD_ZERO_LAG EURUSD,H1: removed
0	10:32:05.492	Admiral Markets build 1330 stopped
0	10:33:50.875	Admiral Markets build 1330 started (Admiral Markets Group AS)
0	10:33:50.876	Windows 10 Pro x64, IE 11, UAC, 8 x Intel Core i7-10510U  @ 1.80GHz, Memory: 1363 / 8014 Mb, Disk: 27 / 197 Gb, GMT+3
0	10:33:50.876	Data Folder: C:\Users\SRIE\AppData\Roaming\MetaQuotes\Terminal\51337600F56B69473E15EAFB8A7586B4
2	10:34:15.338	Custom indicator breakout-zones\breakout-zones [JP225],H1: loaded successfully
2	10:34:15.362	Custom indicator PositionSizeCalculator\PositionSizeCalculator [JP225],H1: loaded successfully
2	10:34:15.680	Expert !!Sentinel PAT Scanner-v1.01 [DAX30],H1: loaded successfully
2	10:34:15.880	Custom indicator AIMS Levels V2 [SP500],H1: loaded successfully
2	10:34:16.042	Custom indicator AIMS Entry Alert V1 [SP500],H1: loaded successfully
2	10:34:16.058	Custom indicator CandleTimer [SP500],H1: loaded successfully
2	10:34:16.197	Custom indicator #Signal_Bars_v6 [SP500],H1: loaded successfully
2	10:34:16.221	Custom indicator TrendEnvelopes_v1 [SP500],H1: loaded successfully
2	10:34:16.242	Custom indicator guppy_multiple_moving_averages [SP500],H1: loaded successfully
2	10:34:16.263	Custom indicator wedges [SP500],H1: loaded successfully
2	10:34:16.276	Custom indicator Admiral Pivot [SP500],H1: loaded successfully
2	10:34:16.293	Custom indicator AutoTrendChannel [SP500],H1: loaded successfully
2	10:34:16.303	Custom indicator FRZ Channel Auto Plotter [SP500],H1: loaded successfully
2	10:34:16.317	Custom indicator FRZ News Indicator MT4 [SP500],H1: loaded successfully
2	10:34:16.337	Custom indicator Forex Uranus direction [SP500],H1: loaded successfully
2	10:34:16.495	Custom indicator aVSA\aVSA clasters [SP500],H1: loaded successfully
2	10:34:16.525	Custom indicator aVSA\aVSA Golden Zone [SP500],H1: loaded successfully
2	10:34:16.536	Custom indicator breakout-zones\breakout-zones [SP500],H1: loaded successfully
2	10:34:16.554	Custom indicator breakout-zones\SL&TP Values [SP500],H1: loaded successfully
2	10:34:16.703	Custom indicator AIMS AO V.2.1 [SP500],H1: loaded successfully
2	10:34:16.716	Custom indicator IVT_MACD_ZERO_LAG [SP500],H1: loaded successfully
2	10:34:16.725	Custom indicator RSI Divergence Levels [SP500],H1: loaded successfully
2	10:34:16.741	Custom indicator FRZ Forex Market Session Indicator [SP500],H1: loaded successfully
2	10:34:19.243	Custom indicator AIMS Entry Alert V1 GOLD,H1: loaded successfully
2	10:34:19.269	Custom indicator CandleTimer GOLD,H1: loaded successfully
2	10:34:19.411	Custom indicator #Signal_Bars_v6 GOLD,H1: loaded successfully
2	10:34:19.542	Custom indicator AIMS AO V.2.1 GOLD,H1: loaded successfully
2	10:34:19.568	Custom indicator IVT_MACD_ZERO_LAG GOLD,H1: loaded successfully
2	10:34:20.041	Custom indicator AIMS Levels V2 WTI,H1: loaded successfully
2	10:34:20.188	Custom indicator AIMS Entry Alert V1 WTI,H1: loaded successfully
2	10:34:20.201	Custom indicator CandleTimer WTI,H1: loaded successfully
2	10:34:20.381	Custom indicator #Signal_Bars_v6 WTI,H1: loaded successfully
2	10:34:20.395	Custom indicator TrendEnvelopes_v1 WTI,H1: loaded successfully
2	10:34:20.408	Custom indicator guppy_multiple_moving_averages WTI,H1: loaded successfully
2	10:34:20.423	Custom indicator wedges WTI,H1: loaded successfully
2	10:34:20.438	Custom indicator Admiral Pivot WTI,H1: loaded successfully
2	10:34:20.438	Custom indicator AutoTrendChannel WTI,H1: loaded successfully
2	10:34:20.456	Custom indicator FRZ Channel Auto Plotter WTI,H1: loaded successfully
2	10:34:20.473	Custom indicator FRZ News Indicator MT4 WTI,H1: loaded successfully
2	10:34:20.494	Custom indicator Forex Uranus direction WTI,H1: loaded successfully
2	10:34:20.642	Custom indicator aVSA\aVSA clasters WTI,H1: loaded successfully
2	10:34:20.671	Custom indicator aVSA\aVSA Golden Zone WTI,H1: loaded successfully
2	10:34:20.681	Custom indicator breakout-zones\breakout-zones WTI,H1: loaded successfully
2	10:34:20.699	Custom indicator breakout-zones\SL&TP Values WTI,H1: loaded successfully
2	10:34:20.854	Custom indicator AIMS AO V.2.1 WTI,H1: loaded successfully
2	10:34:20.880	Custom indicator IVT_MACD_ZERO_LAG WTI,H1: loaded successfully
2	10:34:20.907	Custom indicator RSI Divergence Levels WTI,H1: loaded successfully
2	10:34:20.927	Custom indicator FRZ Forex Market Session Indicator WTI,H1: loaded successfully
2	10:34:24.179	Custom indicator AIMS Levels V2 [DJI30],M15: loaded successfully
2	10:34:24.468	Custom indicator AIMS Entry Alert V1 [DJI30],M15: loaded successfully
2	10:34:24.479	Custom indicator CandleTimer [DJI30],M15: loaded successfully
2	10:34:24.765	Custom indicator #Signal_Bars_v6 [DJI30],M15: loaded successfully
2	10:34:25.042	Custom indicator AIMS AO V.2.1 [DJI30],M15: loaded successfully
2	10:34:25.067	Custom indicator IVT_MACD_ZERO_LAG [DJI30],M15: loaded successfully
2	10:34:25.714	Custom indicator AIMS Levels V2 [NQ100],H1: loaded successfully
2	10:34:25.973	Custom indicator AIMS Entry Alert V1 [NQ100],H1: loaded successfully
2	10:34:25.994	Custom indicator CandleTimer [NQ100],H1: loaded successfully
2	10:34:26.225	Custom indicator #Signal_Bars_v6 [NQ100],H1: loaded successfully
2	10:34:26.247	Custom indicator TrendEnvelopes_v1 [NQ100],H1: loaded successfully
2	10:34:26.261	Custom indicator guppy_multiple_moving_averages [NQ100],H1: loaded successfully
2	10:34:26.280	Custom indicator wedges [NQ100],H1: loaded successfully
2	10:34:26.310	Custom indicator Admiral Pivot [NQ100],H1: loaded successfully
2	10:34:26.335	Custom indicator AutoTrendChannel [NQ100],H1: loaded successfully
2	10:34:26.352	Custom indicator FRZ Channel Auto Plotter [NQ100],H1: loaded successfully
2	10:34:26.370	Custom indicator FRZ News Indicator MT4 [NQ100],H1: loaded successfully
2	10:34:26.387	Custom indicator Forex Uranus direction [NQ100],H1: loaded successfully
2	10:34:26.551	Custom indicator aVSA\aVSA clasters [NQ100],H1: loaded successfully
2	10:34:26.600	Custom indicator aVSA\aVSA Golden Zone [NQ100],H1: loaded successfully
2	10:34:26.627	Custom indicator breakout-zones\breakout-zones [NQ100],H1: loaded successfully
2	10:34:26.651	Custom indicator breakout-zones\SL&TP Values [NQ100],H1: loaded successfully
2	10:34:26.932	Custom indicator AIMS AO V.2.1 [NQ100],H1: loaded successfully
2	10:34:26.959	Custom indicator IVT_MACD_ZERO_LAG [NQ100],H1: loaded successfully
2	10:34:26.987	Custom indicator RSI Divergence Levels [NQ100],H1: loaded successfully
2	10:34:27.032	Custom indicator FRZ Forex Market Session Indicator [NQ100],H1: loaded successfully
2	10:34:29.816	Custom indicator TitanXpro_Entry2 EURJPY,H1: loaded successfully
2	10:34:29.831	Custom indicator TitanXpro_Dash EURJPY,H1: loaded successfully
2	10:34:30.404	Custom indicator AIMS Levels V2 [DAX30],M15: loaded successfully
2	10:34:30.631	Custom indicator AIMS Entry Alert V1 [DAX30],M15: loaded successfully
2	10:34:30.658	Custom indicator CandleTimer [DAX30],M15: loaded successfully
2	10:34:30.976	Custom indicator #Signal_Bars_v6 [DAX30],M15: loaded successfully
2	10:34:31.006	Custom indicator TrendEnvelopes_v1 [DAX30],M15: loaded successfully
2	10:34:31.025	Custom indicator guppy_multiple_moving_averages [DAX30],M15: loaded successfully
2	10:34:31.048	Custom indicator wedges [DAX30],M15: loaded successfully
2	10:34:31.083	Custom indicator Admiral Pivot [DAX30],M15: loaded successfully
2	10:34:31.109	Custom indicator AutoTrendChannel [DAX30],M15: loaded successfully
2	10:34:31.142	Custom indicator FRZ Channel Auto Plotter [DAX30],M15: loaded successfully
2	10:34:31.182	Custom indicator FRZ News Indicator MT4 [DAX30],M15: loaded successfully
2	10:34:31.214	Custom indicator Forex Uranus direction [DAX30],M15: loaded successfully
2	10:34:31.525	Custom indicator aVSA\aVSA clasters [DAX30],M15: loaded successfully
2	10:34:31.590	Custom indicator aVSA\aVSA Golden Zone [DAX30],M15: loaded successfully
2	10:34:31.618	Custom indicator breakout-zones\breakout-zones [DAX30],M15: loaded successfully
2	10:34:31.657	Custom indicator breakout-zones\SL&TP Values [DAX30],M15: loaded successfully
2	10:34:32.182	Custom indicator AIMS AO V.2.1 [DAX30],M15: loaded successfully
2	10:34:32.234	Custom indicator IVT_MACD_ZERO_LAG [DAX30],M15: loaded successfully
2	10:34:32.285	Custom indicator RSI Divergence Levels [DAX30],M15: loaded successfully
2	10:34:32.337	Custom indicator FRZ Forex Market Session Indicator [DAX30],M15: loaded successfully
0	10:34:36.761	LiveUpdate: updater - started for 'C:\Program Files (x86)\Admiral Markets MT4'
0	10:34:36.763	LiveUpdate: updater - start admin updater
2	10:34:38.599	Custom indicator AIMS Levels V2 GBPJPY,M15: loaded successfully
2	10:34:38.767	Custom indicator AIMS Entry Alert V1 GBPJPY,M15: loaded successfully
2	10:34:38.782	Custom indicator CandleTimer GBPJPY,M15: loaded successfully
2	10:34:38.931	Custom indicator #Signal_Bars_v6 GBPJPY,M15: loaded successfully
2	10:34:38.947	Custom indicator TrendEnvelopes_v1 GBPJPY,M15: loaded successfully
2	10:34:38.959	Custom indicator guppy_multiple_moving_averages GBPJPY,M15: loaded successfully
2	10:34:38.972	Custom indicator wedges GBPJPY,M15: loaded successfully
2	10:34:38.983	Custom indicator Admiral Pivot GBPJPY,M15: loaded successfully
2	10:34:38.994	Custom indicator AutoTrendChannel GBPJPY,M15: loaded successfully
2	10:34:39.009	Custom indicator FRZ Channel Auto Plotter GBPJPY,M15: loaded successfully
2	10:34:39.023	Custom indicator FRZ News Indicator MT4 GBPJPY,M15: loaded successfully
2	10:34:39.042	Custom indicator Forex Uranus direction GBPJPY,M15: loaded successfully
2	10:34:39.266	Custom indicator aVSA\aVSA clasters GBPJPY,M15: loaded successfully
2	10:34:39.321	Custom indicator aVSA\aVSA Golden Zone GBPJPY,M15: loaded successfully
2	10:34:39.353	Custom indicator breakout-zones\breakout-zones GBPJPY,M15: loaded successfully
2	10:34:39.376	Custom indicator breakout-zones\SL&TP Values GBPJPY,M15: loaded successfully
2	10:34:39.651	Custom indicator AIMS AO V.2.1 GBPJPY,M15: loaded successfully
2	10:34:39.692	Custom indicator IVT_MACD_ZERO_LAG GBPJPY,M15: loaded successfully
2	10:34:39.726	Custom indicator RSI Divergence Levels GBPJPY,M15: loaded successfully
2	10:34:39.760	Custom indicator FRZ Forex Market Session Indicator GBPJPY,M15: loaded successfully
2	10:34:46.588	Custom indicator AIMS Levels V2 BTCUSD,H1: loaded successfully
2	10:34:46.817	Custom indicator AIMS Entry Alert V1 BTCUSD,H1: loaded successfully
2	10:34:46.829	Custom indicator CandleTimer BTCUSD,H1: loaded successfully
2	10:34:47.191	Custom indicator #Signal_Bars_v6 BTCUSD,H1: loaded successfully
2	10:34:47.599	Custom indicator AIMS AO V.2.1 BTCUSD,H1: loaded successfully
2	10:34:47.654	Custom indicator IVT_MACD_ZERO_LAG BTCUSD,H1: loaded successfully
2	10:34:48.432	Custom indicator AIMS Levels V2 EURUSD,H1: loaded successfully
2	10:34:48.657	Custom indicator AIMS Entry Alert V1 EURUSD,H1: loaded successfully
2	10:34:48.675	Custom indicator CandleTimer EURUSD,H1: loaded successfully
2	10:34:48.936	Custom indicator #Signal_Bars_v6 EURUSD,H1: loaded successfully
2	10:34:49.130	Custom indicator AIMS AO V.2.1 EURUSD,H1: loaded successfully
2	10:34:49.156	Custom indicator IVT_MACD_ZERO_LAG EURUSD,H1: loaded successfully
2	10:34:51.580	Custom indicator breakout-zones [JP225],H1: removed
2	10:34:51.584	Custom indicator PositionSizeCalculator [JP225],H1: removed
2	10:34:51.599	Expert !!Sentinel PAT Scanner-v1.01 [DAX30],H1: removed
2	10:34:51.604	Custom indicator AIMS Levels V2 [SP500],H1: removed
2	10:34:51.604	Custom indicator AIMS Entry Alert V1 [SP500],H1: removed
2	10:34:51.606	Custom indicator CandleTimer [SP500],H1: removed
2	10:34:51.606	Custom indicator #Signal_Bars_v6 [SP500],H1: removed
2	10:34:51.608	Custom indicator TrendEnvelopes_v1 [SP500],H1: removed
2	10:34:51.614	Custom indicator guppy_multiple_moving_averages [SP500],H1: removed
2	10:34:51.617	Custom indicator wedges [SP500],H1: removed
2	10:34:51.620	Custom indicator Admiral Pivot [SP500],H1: removed
2	10:34:51.623	Custom indicator AutoTrendChannel [SP500],H1: removed
2	10:34:51.626	Custom indicator FRZ Channel Auto Plotter [SP500],H1: removed
2	10:34:51.628	Custom indicator FRZ News Indicator MT4 [SP500],H1: removed
2	10:34:51.632	Custom indicator Forex Uranus direction [SP500],H1: removed
2	10:34:51.632	Custom indicator aVSA clasters [SP500],H1: removed
2	10:34:51.638	Custom indicator aVSA Golden Zone [SP500],H1: removed
2	10:34:51.642	Custom indicator breakout-zones [SP500],H1: removed
2	10:34:51.647	Custom indicator SL&TP Values [SP500],H1: removed
2	10:34:51.647	Custom indicator AIMS AO V.2.1 [SP500],H1: removed
2	10:34:51.651	Custom indicator IVT_MACD_ZERO_LAG [SP500],H1: removed
2	10:34:51.654	Custom indicator RSI Divergence Levels [SP500],H1: removed
2	10:34:51.657	Custom indicator FRZ Forex Market Session Indicator [SP500],H1: removed
2	10:34:51.672	Custom indicator AIMS Entry Alert V1 GOLD,H1: removed
2	10:34:51.675	Custom indicator CandleTimer GOLD,H1: removed
2	10:34:51.675	Custom indicator #Signal_Bars_v6 GOLD,H1: removed
2	10:34:51.676	Custom indicator AIMS AO V.2.1 GOLD,H1: removed
2	10:34:51.679	Custom indicator IVT_MACD_ZERO_LAG GOLD,H1: removed
2	10:34:51.686	Custom indicator AIMS Levels V2 WTI,H1: removed
2	10:34:51.686	Custom indicator AIMS Entry Alert V1 WTI,H1: removed
2	10:34:51.689	Custom indicator CandleTimer WTI,H1: removed
2	10:34:51.689	Custom indicator #Signal_Bars_v6 WTI,H1: removed
2	10:34:51.691	Custom indicator TrendEnvelopes_v1 WTI,H1: removed
2	10:34:51.695	Custom indicator guppy_multiple_moving_averages WTI,H1: removed
2	10:34:51.703	Custom indicator wedges WTI,H1: removed
2	10:34:51.707	Custom indicator Admiral Pivot WTI,H1: removed
2	10:34:51.709	Custom indicator AutoTrendChannel WTI,H1: removed
2	10:34:51.712	Custom indicator FRZ Channel Auto Plotter WTI,H1: removed
2	10:34:51.716	Custom indicator FRZ News Indicator MT4 WTI,H1: removed
2	10:34:51.719	Custom indicator Forex Uranus direction WTI,H1: removed
2	10:34:51.719	Custom indicator aVSA clasters WTI,H1: removed
2	10:34:51.726	Custom indicator aVSA Golden Zone WTI,H1: removed
2	10:34:51.731	Custom indicator breakout-zones WTI,H1: removed
2	10:34:51.734	Custom indicator SL&TP Values WTI,H1: removed
2	10:34:51.734	Custom indicator AIMS AO V.2.1 WTI,H1: removed
2	10:34:51.737	Custom indicator IVT_MACD_ZERO_LAG WTI,H1: removed
2	10:34:51.741	Custom indicator RSI Divergence Levels WTI,H1: removed
2	10:34:51.742	Custom indicator FRZ Forex Market Session Indicator WTI,H1: removed
2	10:34:51.755	Custom indicator AIMS Levels V2 [DJI30],M15: removed
2	10:34:51.755	Custom indicator AIMS Entry Alert V1 [DJI30],M15: removed
2	10:34:51.758	Custom indicator CandleTimer [DJI30],M15: removed
2	10:34:51.758	Custom indicator #Signal_Bars_v6 [DJI30],M15: removed
2	10:34:51.758	Custom indicator AIMS AO V.2.1 [DJI30],M15: removed
2	10:34:51.762	Custom indicator IVT_MACD_ZERO_LAG [DJI30],M15: removed
2	10:34:51.767	Custom indicator AIMS Levels V2 [NQ100],H1: removed
2	10:34:51.768	Custom indicator AIMS Entry Alert V1 [NQ100],H1: removed
2	10:34:51.772	Custom indicator CandleTimer [NQ100],H1: removed
2	10:34:51.772	Custom indicator #Signal_Bars_v6 [NQ100],H1: removed
2	10:34:51.774	Custom indicator TrendEnvelopes_v1 [NQ100],H1: removed
2	10:34:51.777	Custom indicator guppy_multiple_moving_averages [NQ100],H1: removed
2	10:34:51.779	Custom indicator wedges [NQ100],H1: removed
2	10:34:51.784	Custom indicator Admiral Pivot [NQ100],H1: removed
2	10:34:51.786	Custom indicator AutoTrendChannel [NQ100],H1: removed
2	10:34:51.789	Custom indicator FRZ Channel Auto Plotter [NQ100],H1: removed
2	10:34:51.791	Custom indicator FRZ News Indicator MT4 [NQ100],H1: removed
2	10:34:51.793	Custom indicator Forex Uranus direction [NQ100],H1: removed
2	10:34:51.793	Custom indicator aVSA clasters [NQ100],H1: removed
2	10:34:51.799	Custom indicator aVSA Golden Zone [NQ100],H1: removed
2	10:34:51.805	Custom indicator breakout-zones [NQ100],H1: removed
2	10:34:51.808	Custom indicator SL&TP Values [NQ100],H1: removed
2	10:34:51.808	Custom indicator AIMS AO V.2.1 [NQ100],H1: removed
2	10:34:51.811	Custom indicator IVT_MACD_ZERO_LAG [NQ100],H1: removed
2	10:34:51.815	Custom indicator RSI Divergence Levels [NQ100],H1: removed
2	10:34:51.818	Custom indicator FRZ Forex Market Session Indicator [NQ100],H1: removed
2	10:34:51.827	Custom indicator TitanXpro_Entry2 EURJPY,H1: removed
2	10:34:51.832	Custom indicator TitanXpro_Dash EURJPY,H1: removed
2	10:34:51.840	Custom indicator AIMS Levels V2 [DAX30],M15: removed
2	10:34:51.840	Custom indicator AIMS Entry Alert V1 [DAX30],M15: removed
2	10:34:51.843	Custom indicator CandleTimer [DAX30],M15: removed
2	10:34:51.843	Custom indicator #Signal_Bars_v6 [DAX30],M15: removed
2	10:34:51.846	Custom indicator TrendEnvelopes_v1 [DAX30],M15: removed
2	10:34:51.850	Custom indicator guppy_multiple_moving_averages [DAX30],M15: removed
2	10:34:51.855	Custom indicator wedges [DAX30],M15: removed
2	10:34:51.860	Custom indicator Admiral Pivot [DAX30],M15: removed
2	10:34:51.862	Custom indicator AutoTrendChannel [DAX30],M15: removed
2	10:34:51.865	Custom indicator FRZ Channel Auto Plotter [DAX30],M15: removed
2	10:34:51.868	Custom indicator FRZ News Indicator MT4 [DAX30],M15: removed
2	10:34:51.871	Custom indicator Forex Uranus direction [DAX30],M15: removed
2	10:34:51.871	Custom indicator aVSA clasters [DAX30],M15: removed
2	10:34:51.875	Custom indicator aVSA Golden Zone [DAX30],M15: removed
2	10:34:51.878	Custom indicator breakout-zones [DAX30],M15: removed
2	10:34:51.882	Custom indicator SL&TP Values [DAX30],M15: removed
2	10:34:51.883	Custom indicator AIMS AO V.2.1 [DAX30],M15: removed
2	10:34:51.887	Custom indicator IVT_MACD_ZERO_LAG [DAX30],M15: removed
2	10:34:51.890	Custom indicator RSI Divergence Levels [DAX30],M15: removed
2	10:34:51.893	Custom indicator FRZ Forex Market Session Indicator [DAX30],M15: removed
2	10:34:51.899	Custom indicator AIMS Levels V2 GBPJPY,M15: removed
2	10:34:51.899	Custom indicator AIMS Entry Alert V1 GBPJPY,M15: removed
2	10:34:51.902	Custom indicator CandleTimer GBPJPY,M15: removed
2	10:34:51.902	Custom indicator #Signal_Bars_v6 GBPJPY,M15: removed
2	10:34:51.904	Custom indicator TrendEnvelopes_v1 GBPJPY,M15: removed
2	10:34:51.910	Custom indicator guppy_multiple_moving_averages GBPJPY,M15: removed
2	10:34:51.914	Custom indicator wedges GBPJPY,M15: removed
2	10:34:51.918	Custom indicator Admiral Pivot GBPJPY,M15: removed
2	10:34:51.920	Custom indicator AutoTrendChannel GBPJPY,M15: removed
2	10:34:51.923	Custom indicator FRZ Channel Auto Plotter GBPJPY,M15: removed
2	10:34:51.926	Custom indicator FRZ News Indicator MT4 GBPJPY,M15: removed
2	10:34:51.929	Custom indicator Forex Uranus direction GBPJPY,M15: removed
2	10:34:51.930	Custom indicator aVSA clasters GBPJPY,M15: removed
2	10:34:51.937	Custom indicator aVSA Golden Zone GBPJPY,M15: removed
2	10:34:51.941	Custom indicator breakout-zones GBPJPY,M15: removed
2	10:34:51.944	Custom indicator SL&TP Values GBPJPY,M15: removed
2	10:34:51.945	Custom indicator AIMS AO V.2.1 GBPJPY,M15: removed
2	10:34:51.950	Custom indicator IVT_MACD_ZERO_LAG GBPJPY,M15: removed
2	10:34:51.953	Custom indicator RSI Divergence Levels GBPJPY,M15: removed
2	10:34:51.957	Custom indicator FRZ Forex Market Session Indicator GBPJPY,M15: removed
2	10:34:51.987	Custom indicator AIMS Levels V2 BTCUSD,H1: removed
2	10:34:51.987	Custom indicator AIMS Entry Alert V1 BTCUSD,H1: removed
2	10:34:51.988	Custom indicator CandleTimer BTCUSD,H1: removed
2	10:34:51.988	Custom indicator #Signal_Bars_v6 BTCUSD,H1: removed
2	10:34:51.988	Custom indicator AIMS AO V.2.1 BTCUSD,H1: removed
2	10:34:51.991	Custom indicator IVT_MACD_ZERO_LAG BTCUSD,H1: removed
2	10:34:52.001	Custom indicator AIMS Levels V2 EURUSD,H1: removed
2	10:34:52.001	Custom indicator AIMS Entry Alert V1 EURUSD,H1: removed
2	10:34:52.005	Custom indicator CandleTimer EURUSD,H1: removed
2	10:34:52.005	Custom indicator #Signal_Bars_v6 EURUSD,H1: removed
2	10:34:52.005	Custom indicator AIMS AO V.2.1 EURUSD,H1: removed
2	10:34:52.007	Custom indicator IVT_MACD_ZERO_LAG EURUSD,H1: removed
0	10:34:52.687	Admiral Markets build 1330 stopped
0	10:34:42.665	LiveUpdate: admin updater - started for 'C:\Program Files (x86)\Admiral Markets MT4'
0	10:34:42.677	LiveUpdate: admin updater - try to close terminal
0	10:34:53.914	LiveUpdate: admin updater - files update started
0	10:34:53.941	LiveUpdate: copied from 'C:\Users\SRIE\AppData\Roaming\MetaQuotes\WebInstall\mt4clw\metaeditor.exe' to 'C:\Program Files (x86)\Admiral Markets MT4\metaeditor.exe'
0	10:34:53.970	LiveUpdate: copied from 'C:\Users\SRIE\AppData\Roaming\MetaQuotes\WebInstall\mt4clw\terminal.exe' to 'C:\Program Files (x86)\Admiral Markets MT4\terminal.exe'
0	10:34:53.970	LiveUpdate: admin updater - files update finished
0	10:34:53.970	LiveUpdate: admin updater - clean obsolete data
0	10:34:53.970	LiveUpdate: admin updater - finished for 'C:\Program Files (x86)\Admiral Markets MT4'
0	10:34:53.988	LiveUpdate: updater - start terminal
0	10:34:54.311	LiveUpdate: updater - started for 'C:\Program Files (x86)\Admiral Markets MT4'
0	10:34:54.311	LiveUpdate: updater - start admin updater
0	10:34:55.844	LiveUpdate: updater - finished for 'C:\Program Files (x86)\Admiral Markets MT4'
0	10:34:59.056	LiveUpdate: update C:\Users\SRIE\AppData\Roaming\MetaQuotes\Terminal\51337600F56B69473E15EAFB8A7586B4\MQL4 folder started
0	10:34:59.515	LiveUpdate: update C:\Users\SRIE\AppData\Roaming\MetaQuotes\Terminal\51337600F56B69473E15EAFB8A7586B4\MQL4 folder finished
0	10:35:02.724	LiveUpdate: admin updater - started for 'C:\Program Files (x86)\Admiral Markets MT4'
0	10:35:02.726	LiveUpdate: admin updater - try to close terminal
0	10:35:03.743	LiveUpdate: admin updater - try to close terminal
0	10:35:04.751	LiveUpdate: admin updater - try to close terminal
0	10:35:05.752	LiveUpdate: admin updater - try to close terminal
0	10:35:06.766	LiveUpdate: admin updater - try to close terminal
0	10:35:08.790	LiveUpdate: admin updater - files update started
0	10:35:08.802	LiveUpdate: copied from 'C:\Users\SRIE\AppData\Roaming\MetaQuotes\WebInstall\mt4clw\metaeditor.exe' to 'C:\Program Files (x86)\Admiral Markets MT4\metaeditor.exe'
1	10:35:10.834	LiveUpdate: copy error from 'C:\Users\SRIE\AppData\Roaming\MetaQuotes\WebInstall\mt4clw\terminal.exe' to 'C:\Program Files (x86)\Admiral Markets MT4\terminal.exe' [32]
1	10:35:10.834	LiveUpdate: admin updater - files update failed
0	10:35:10.835	LiveUpdate: admin updater - finished for 'C:\Program Files (x86)\Admiral Markets MT4'
0	10:35:10.853	LiveUpdate: updater - start terminal
0	10:35:11.182	LiveUpdate: updater - finished for 'C:\Program Files (x86)\Admiral Markets MT4'
0	10:35:00.067	Admiral Markets build 1335 started (Admiral Markets Group AS)
0	10:35:00.068	Windows 10 Pro x64, IE 11, UAC, 8 x Intel Core i7-10510U  @ 1.80GHz, Memory: 1111 / 8014 Mb, Disk: 27 / 197 Gb, GMT+3
0	10:35:00.068	Data Folder: C:\Users\SRIE\AppData\Roaming\MetaQuotes\Terminal\51337600F56B69473E15EAFB8A7586B4
0	10:35:09.628	Sources recompilation started
0	10:35:44.529	Sources recompilation finished (28 compiled in 34890 msec)
2	10:35:49.341	Custom indicator AIMS Levels V2 [DAX30],M1: loaded successfully
2	10:35:49.584	Custom indicator AIMS Entry Alert V1 [DAX30],M1: loaded successfully
2	10:35:49.608	Custom indicator CandleTimer [DAX30],M1: loaded successfully
2	10:35:49.878	Custom indicator #Signal_Bars_v6 [DAX30],M1: loaded successfully
2	10:35:49.909	Custom indicator TrendEnvelopes_v1 [DAX30],M1: loaded successfully
2	10:35:49.933	Custom indicator guppy_multiple_moving_averages [DAX30],M1: loaded successfully
2	10:35:49.952	Custom indicator wedges [DAX30],M1: loaded successfully
2	10:35:49.976	Custom indicator Admiral Pivot [DAX30],M1: loaded successfully
2	10:35:50.000	Custom indicator AutoTrendChannel [DAX30],M1: loaded successfully
2	10:35:50.024	Custom indicator FRZ Channel Auto Plotter [DAX30],M1: loaded successfully
2	10:35:50.050	Custom indicator FRZ News Indicator MT4 [DAX30],M1: loaded successfully
2	10:35:50.076	Custom indicator Forex Uranus direction [DAX30],M1: loaded successfully
2	10:35:50.314	Custom indicator aVSA\aVSA clasters [DAX30],M1: loaded successfully
2	10:35:50.354	Custom indicator aVSA\aVSA Golden Zone [DAX30],M1: loaded successfully
2	10:35:50.592	Custom indicator AIMS AO V.2.1 [DAX30],M1: loaded successfully
2	10:35:50.614	Custom indicator IVT_MACD_ZERO_LAG [DAX30],M1: loaded successfully
2	10:35:50.643	Custom indicator RSI Divergence Levels [DAX30],M1: loaded successfully
2	10:35:50.660	Custom indicator FRZ Forex Market Session Indicator [DAX30],M1: loaded successfully
2	10:36:02.373	Custom indicator AIMS Levels V2 [DAX30],M5: loaded successfully
2	10:36:02.515	Custom indicator AIMS Entry Alert V1 [DAX30],M5: loaded successfully
2	10:36:02.516	Custom indicator CandleTimer [DAX30],M5: loaded successfully
2	10:36:02.779	Custom indicator #Signal_Bars_v6 [DAX30],M5: loaded successfully
2	10:36:02.812	Custom indicator TrendEnvelopes_v1 [DAX30],M5: loaded successfully
2	10:36:02.840	Custom indicator guppy_multiple_moving_averages [DAX30],M5: loaded successfully
2	10:36:02.868	Custom indicator wedges [DAX30],M5: loaded successfully
2	10:36:02.898	Custom indicator Admiral Pivot [DAX30],M5: loaded successfully
2	10:36:02.920	Custom indicator AutoTrendChannel [DAX30],M5: loaded successfully
2	10:36:02.946	Custom indicator FRZ Channel Auto Plotter [DAX30],M5: loaded successfully
2	10:36:02.976	Custom indicator FRZ News Indicator MT4 [DAX30],M5: loaded successfully
2	10:36:03.000	Custom indicator Forex Uranus direction [DAX30],M5: loaded successfully
2	10:36:03.251	Custom indicator aVSA\aVSA clasters [DAX30],M5: loaded successfully
2	10:36:03.303	Custom indicator aVSA\aVSA Golden Zone [DAX30],M5: loaded successfully
2	10:36:03.537	Custom indicator AIMS AO V.2.1 [DAX30],M5: loaded successfully
2	10:36:03.561	Custom indicator IVT_MACD_ZERO_LAG [DAX30],M5: loaded successfully
2	10:36:03.587	Custom indicator RSI Divergence Levels [DAX30],M5: loaded successfully
2	10:36:03.611	Custom indicator FRZ Forex Market Session Indicator [DAX30],M5: loaded successfully
2	10:36:17.536	Custom indicator AIMS Levels V2 [DAX30],M15: loaded successfully
2	10:36:17.794	Custom indicator AIMS Entry Alert V1 [DAX30],M15: loaded successfully
2	10:36:17.807	Custom indicator CandleTimer [DAX30],M15: loaded successfully
2	10:36:18.068	Custom indicator #Signal_Bars_v6 [DAX30],M15: loaded successfully
2	10:36:18.085	Custom indicator TrendEnvelopes_v1 [DAX30],M15: loaded successfully
2	10:36:18.116	Custom indicator guppy_multiple_moving_averages [DAX30],M15: loaded successfully
2	10:36:18.132	Custom indicator wedges [DAX30],M15: loaded successfully
2	10:36:18.163	Custom indicator Admiral Pivot [DAX30],M15: loaded successfully
2	10:36:18.179	Custom indicator AutoTrendChannel [DAX30],M15: loaded successfully
2	10:36:18.210	Custom indicator FRZ Channel Auto Plotter [DAX30],M15: loaded successfully
2	10:36:18.228	Custom indicator FRZ News Indicator MT4 [DAX30],M15: loaded successfully
2	10:36:18.261	Custom indicator Forex Uranus direction [DAX30],M15: loaded successfully
2	10:36:18.307	Custom indicator Quadrilateral [DAX30],M15: loaded successfully
2	10:36:18.532	Custom indicator aVSA\aVSA clasters [DAX30],M15: loaded successfully
2	10:36:18.591	Custom indicator aVSA\aVSA Golden Zone [DAX30],M15: loaded successfully
2	10:36:18.829	Custom indicator AIMS AO V.2.1 [DAX30],M15: loaded successfully
2	10:36:18.844	Custom indicator IVT_MACD_ZERO_LAG [DAX30],M15: loaded successfully
2	10:36:18.876	Custom indicator RSI Divergence Levels [DAX30],M15: loaded successfully
2	10:36:18.894	Custom indicator FRZ Forex Market Session Indicator [DAX30],M15: loaded successfully
2	10:36:26.412	Custom indicator AIMS Levels V2 [DAX30],H1: loaded successfully
2	10:36:26.707	Custom indicator AIMS Entry Alert V1 [DAX30],H1: loaded successfully
2	10:36:26.735	Custom indicator CandleTimer [DAX30],H1: loaded successfully
2	10:36:26.931	Custom indicator #Signal_Bars_v6 [DAX30],H1: loaded successfully
2	10:36:26.944	Custom indicator TrendEnvelopes_v1 [DAX30],H1: loaded successfully
2	10:36:26.960	Custom indicator guppy_multiple_moving_averages [DAX30],H1: loaded successfully
2	10:36:26.970	Custom indicator wedges [DAX30],H1: loaded successfully
2	10:36:26.991	Custom indicator Admiral Pivot [DAX30],H1: loaded successfully
2	10:36:27.005	Custom indicator AutoTrendChannel [DAX30],H1: loaded successfully
2	10:36:27.039	Custom indicator FRZ Channel Auto Plotter [DAX30],H1: loaded successfully
2	10:36:27.089	Custom indicator FRZ News Indicator MT4 [DAX30],H1: loaded successfully
2	10:36:27.164	Custom indicator Forex Uranus direction [DAX30],H1: loaded successfully
2	10:36:27.202	Custom indicator Quadrilateral [DAX30],H1: loaded successfully
2	10:36:27.463	Custom indicator aVSA\aVSA clasters [DAX30],H1: loaded successfully
2	10:36:27.512	Custom indicator aVSA\aVSA Golden Zone [DAX30],H1: loaded successfully
2	10:36:27.855	Custom indicator AIMS AO V.2.1 [DAX30],H1: loaded successfully
2	10:36:27.876	Custom indicator IVT_MACD_ZERO_LAG [DAX30],H1: loaded successfully
2	10:36:27.899	Custom indicator RSI Divergence Levels [DAX30],H1: loaded successfully
2	10:36:27.921	Custom indicator FRZ Forex Market Session Indicator [DAX30],H1: loaded successfully
2	10:36:31.143	Custom indicator AIMS Levels V2 [DJI30],M1: loaded successfully
2	10:36:31.370	Custom indicator AIMS Entry Alert V1 [DJI30],M1: loaded successfully
2	10:36:31.388	Custom indicator CandleTimer [DJI30],M1: loaded successfully
2	10:36:31.574	Custom indicator #Signal_Bars_v6 [DJI30],M1: loaded successfully
2	10:36:31.591	Custom indicator TrendEnvelopes_v1 [DJI30],M1: loaded successfully
2	10:36:31.617	Custom indicator guppy_multiple_moving_averages [DJI30],M1: loaded successfully
2	10:36:31.635	Custom indicator wedges [DJI30],M1: loaded successfully
2	10:36:31.677	Custom indicator Admiral Pivot [DJI30],M1: loaded successfully
2	10:36:31.712	Custom indicator AutoTrendChannel [DJI30],M1: loaded successfully
2	10:36:31.734	Custom indicator FRZ Channel Auto Plotter [DJI30],M1: loaded successfully
2	10:36:31.748	Custom indicator FRZ News Indicator MT4 [DJI30],M1: loaded successfully
2	10:36:31.768	Custom indicator Forex Uranus direction [DJI30],M1: loaded successfully
2	10:36:31.906	Custom indicator aVSA\aVSA clasters [DJI30],M1: loaded successfully
2	10:36:31.949	Custom indicator aVSA\aVSA Golden Zone [DJI30],M1: loaded successfully
2	10:36:32.091	Custom indicator AIMS AO V.2.1 [DJI30],M1: loaded successfully
2	10:36:32.111	Custom indicator IVT_MACD_ZERO_LAG [DJI30],M1: loaded successfully
2	10:36:32.125	Custom indicator RSI Divergence Levels [DJI30],M1: loaded successfully
2	10:36:32.146	Custom indicator FRZ Forex Market Session Indicator [DJI30],M1: loaded successfully
2	10:36:46.817	Custom indicator AIMS Levels V2 [DJI30],M5: loaded successfully
2	10:36:46.969	Custom indicator AIMS Entry Alert V1 [DJI30],M5: loaded successfully
2	10:36:46.984	Custom indicator CandleTimer [DJI30],M5: loaded successfully
2	10:36:47.218	Custom indicator #Signal_Bars_v6 [DJI30],M5: loaded successfully
2	10:36:47.250	Custom indicator TrendEnvelopes_v1 [DJI30],M5: loaded successfully
2	10:36:47.272	Custom indicator guppy_multiple_moving_averages [DJI30],M5: loaded successfully
2	10:36:47.303	Custom indicator wedges [DJI30],M5: loaded successfully
2	10:36:47.329	Custom indicator Admiral Pivot [DJI30],M5: loaded successfully
2	10:36:47.352	Custom indicator AutoTrendChannel [DJI30],M5: loaded successfully
2	10:36:47.393	Custom indicator FRZ Channel Auto Plotter [DJI30],M5: loaded successfully
2	10:36:47.443	Custom indicator FRZ News Indicator MT4 [DJI30],M5: loaded successfully
2	10:36:47.500	Custom indicator Forex Uranus direction [DJI30],M5: loaded successfully
2	10:36:47.991	Custom indicator aVSA\aVSA clasters [DJI30],M5: loaded successfully
2	10:36:48.066	Custom indicator aVSA\aVSA Golden Zone [DJI30],M5: loaded successfully
2	10:36:48.423	Custom indicator AIMS AO V.2.1 [DJI30],M5: loaded successfully
2	10:36:48.470	Custom indicator IVT_MACD_ZERO_LAG [DJI30],M5: loaded successfully
2	10:36:48.517	Custom indicator RSI Divergence Levels [DJI30],M5: loaded successfully
2	10:36:48.551	Custom indicator FRZ Forex Market Session Indicator [DJI30],M5: loaded successfully
2	10:37:05.671	Custom indicator AIMS Levels V2 [DJI30],M15: loaded successfully
2	10:37:05.813	Custom indicator AIMS Entry Alert V1 [DJI30],M15: loaded successfully
2	10:37:05.828	Custom indicator CandleTimer [DJI30],M15: loaded successfully
2	10:37:05.961	Custom indicator #Signal_Bars_v6 [DJI30],M15: loaded successfully
2	10:37:05.974	Custom indicator TrendEnvelopes_v1 [DJI30],M15: loaded successfully
2	10:37:05.988	Custom indicator guppy_multiple_moving_averages [DJI30],M15: loaded successfully
2	10:37:06.000	Custom indicator wedges [DJI30],M15: loaded successfully
2	10:37:06.015	Custom indicator Admiral Pivot [DJI30],M15: loaded successfully
2	10:37:06.027	Custom indicator AutoTrendChannel [DJI30],M15: loaded successfully
2	10:37:06.041	Custom indicator FRZ Channel Auto Plotter [DJI30],M15: loaded successfully
2	10:37:06.056	Custom indicator FRZ News Indicator MT4 [DJI30],M15: loaded successfully
2	10:37:06.071	Custom indicator Forex Uranus direction [DJI30],M15: loaded successfully
2	10:37:06.088	Custom indicator Quadrilateral [DJI30],M15: loaded successfully
2	10:37:06.340	Custom indicator aVSA\aVSA clasters [DJI30],M15: loaded successfully
2	10:37:06.375	Custom indicator aVSA\aVSA Golden Zone [DJI30],M15: loaded successfully
2	10:37:06.497	Custom indicator AIMS AO V.2.1 [DJI30],M15: loaded successfully
2	10:37:06.512	Custom indicator IVT_MACD_ZERO_LAG [DJI30],M15: loaded successfully
2	10:37:06.527	Custom indicator RSI Divergence Levels [DJI30],M15: loaded successfully
2	10:37:06.539	Custom indicator FRZ Forex Market Session Indicator [DJI30],M15: loaded successfully
2	10:37:13.109	Custom indicator AIMS Levels V2 [DJI30],H1: loaded successfully
2	10:37:13.380	Custom indicator AIMS Entry Alert V1 [DJI30],H1: loaded successfully
2	10:37:13.392	Custom indicator CandleTimer [DJI30],H1: loaded successfully
2	10:37:13.638	Custom indicator #Signal_Bars_v6 [DJI30],H1: loaded successfully
2	10:37:13.660	Custom indicator TrendEnvelopes_v1 [DJI30],H1: loaded successfully
2	10:37:13.681	Custom indicator guppy_multiple_moving_averages [DJI30],H1: loaded successfully
2	10:37:13.704	Custom indicator wedges [DJI30],H1: loaded successfully
2	10:37:13.733	Custom indicator Admiral Pivot [DJI30],H1: loaded successfully
2	10:37:13.754	Custom indicator AutoTrendChannel [DJI30],H1: loaded successfully
2	10:37:13.776	Custom indicator FRZ Channel Auto Plotter [DJI30],H1: loaded successfully
2	10:37:13.806	Custom indicator FRZ News Indicator MT4 [DJI30],H1: loaded successfully
2	10:37:13.830	Custom indicator Forex Uranus direction [DJI30],H1: loaded successfully
2	10:37:13.855	Custom indicator Quadrilateral [DJI30],H1: loaded successfully
2	10:37:14.087	Custom indicator aVSA\aVSA clasters [DJI30],H1: loaded successfully
2	10:37:14.150	Custom indicator aVSA\aVSA Golden Zone [DJI30],H1: loaded successfully
2	10:37:14.487	Custom indicator AIMS AO V.2.1 [DJI30],H1: loaded successfully
2	10:37:14.508	Custom indicator IVT_MACD_ZERO_LAG [DJI30],H1: loaded successfully
2	10:37:14.538	Custom indicator RSI Divergence Levels [DJI30],H1: loaded successfully
2	10:37:14.568	Custom indicator FRZ Forex Market Session Indicator [DJI30],H1: loaded successfully
2	10:37:17.830	Custom indicator AIMS Levels V2 GOLD,H1: loaded successfully
2	10:37:18.082	Custom indicator AIMS Entry Alert V1 GOLD,H1: loaded successfully
2	10:37:18.107	Custom indicator CandleTimer GOLD,H1: loaded successfully
2	10:37:18.427	Custom indicator #Signal_Bars_v6 GOLD,H1: loaded successfully
2	10:37:18.451	Custom indicator TrendEnvelopes_v1 GOLD,H1: loaded successfully
2	10:37:18.478	Custom indicator guppy_multiple_moving_averages GOLD,H1: loaded successfully
2	10:37:18.499	Custom indicator wedges GOLD,H1: loaded successfully
2	10:37:18.531	Custom indicator Admiral Pivot GOLD,H1: loaded successfully
2	10:37:18.556	Custom indicator AutoTrendChannel GOLD,H1: loaded successfully
2	10:37:18.578	Custom indicator FRZ Channel Auto Plotter GOLD,H1: loaded successfully
2	10:37:18.609	Custom indicator FRZ News Indicator MT4 GOLD,H1: loaded successfully
2	10:37:18.646	Custom indicator Forex Uranus direction GOLD,H1: loaded successfully
2	10:37:18.668	Custom indicator Quadrilateral GOLD,H1: loaded successfully
2	10:37:18.961	Custom indicator aVSA\aVSA clasters GOLD,H1: loaded successfully
2	10:37:19.043	Custom indicator aVSA\aVSA Golden Zone GOLD,H1: loaded successfully
2	10:37:19.434	Custom indicator AIMS AO V.2.1 GOLD,H1: loaded successfully
2	10:37:19.464	Custom indicator IVT_MACD_ZERO_LAG GOLD,H1: loaded successfully
2	10:37:19.486	Custom indicator RSI Divergence Levels GOLD,H1: loaded successfully
2	10:37:19.510	Custom indicator FRZ Forex Market Session Indicator GOLD,H1: loaded successfully
2	10:37:23.290	Custom indicator AIMS Levels V2 WTI,H1: loaded successfully
2	10:37:23.527	Custom indicator AIMS Entry Alert V1 WTI,H1: loaded successfully
2	10:37:23.555	Custom indicator CandleTimer WTI,H1: loaded successfully
2	10:37:23.783	Custom indicator #Signal_Bars_v6 WTI,H1: loaded successfully
2	10:37:23.805	Custom indicator TrendEnvelopes_v1 WTI,H1: loaded successfully
2	10:37:23.829	Custom indicator guppy_multiple_moving_averages WTI,H1: loaded successfully
2	10:37:23.855	Custom indicator wedges WTI,H1: loaded successfully
2	10:37:23.870	Custom indicator Admiral Pivot WTI,H1: loaded successfully
2	10:37:23.892	Custom indicator AutoTrendChannel WTI,H1: loaded successfully
2	10:37:23.923	Custom indicator FRZ Channel Auto Plotter WTI,H1: loaded successfully
2	10:37:23.962	Custom indicator FRZ News Indicator MT4 WTI,H1: loaded successfully
2	10:37:23.987	Custom indicator Forex Uranus direction WTI,H1: loaded successfully
2	10:37:24.012	Custom indicator Quadrilateral WTI,H1: loaded successfully
2	10:37:24.267	Custom indicator aVSA\aVSA clasters WTI,H1: loaded successfully
2	10:37:24.321	Custom indicator aVSA\aVSA Golden Zone WTI,H1: loaded successfully
2	10:37:24.605	Custom indicator AIMS AO V.2.1 WTI,H1: loaded successfully
2	10:37:24.636	Custom indicator IVT_MACD_ZERO_LAG WTI,H1: loaded successfully
2	10:37:24.656	Custom indicator RSI Divergence Levels WTI,H1: loaded successfully
2	10:37:24.684	Custom indicator FRZ Forex Market Session Indicator WTI,H1: loaded successfully
2	10:37:28.088	Custom indicator AIMS Levels V2 EURNZD,H1: loaded successfully
2	10:37:28.268	Custom indicator AIMS Entry Alert V1 EURNZD,H1: loaded successfully
2	10:37:28.277	Custom indicator CandleTimer EURNZD,H1: loaded successfully
2	10:37:28.475	Custom indicator #Signal_Bars_v6 EURNZD,H1: loaded successfully
2	10:37:28.488	Custom indicator TrendEnvelopes_v1 EURNZD,H1: loaded successfully
2	10:37:28.511	Custom indicator guppy_multiple_moving_averages EURNZD,H1: loaded successfully
2	10:37:28.521	Custom indicator wedges EURNZD,H1: loaded successfully
2	10:37:28.542	Custom indicator Admiral Pivot EURNZD,H1: loaded successfully
2	10:37:28.559	Custom indicator AutoTrendChannel EURNZD,H1: loaded successfully
2	10:37:28.579	Custom indicator FRZ Channel Auto Plotter EURNZD,H1: loaded successfully
2	10:37:28.617	Custom indicator FRZ News Indicator MT4 EURNZD,H1: loaded successfully
2	10:37:28.648	Custom indicator Forex Uranus direction EURNZD,H1: loaded successfully
2	10:37:28.684	Custom indicator Quadrilateral EURNZD,H1: loaded successfully
2	10:37:29.080	Custom indicator aVSA\aVSA clasters EURNZD,H1: loaded successfully
2	10:37:29.309	Custom indicator AIMS AO V.2.1 EURNZD,H1: loaded successfully
2	10:37:29.328	Custom indicator IVT_MACD_ZERO_LAG EURNZD,H1: loaded successfully
2	10:37:29.356	Custom indicator RSI Divergence Levels EURNZD,H1: loaded successfully
2	10:37:29.382	Custom indicator FRZ Forex Market Session Indicator EURNZD,H1: loaded successfully
2	10:37:31.811	Custom indicator AIMS Levels V2 [NQ100],M15: loaded successfully
2	10:37:32.025	Custom indicator AIMS Entry Alert V1 [NQ100],M15: loaded successfully
2	10:37:32.047	Custom indicator CandleTimer [NQ100],M15: loaded successfully
2	10:37:32.296	Custom indicator #Signal_Bars_v6 [NQ100],M15: loaded successfully
2	10:37:32.321	Custom indicator TrendEnvelopes_v1 [NQ100],M15: loaded successfully
2	10:37:32.340	Custom indicator guppy_multiple_moving_averages [NQ100],M15: loaded successfully
2	10:37:32.359	Custom indicator wedges [NQ100],M15: loaded successfully
2	10:37:32.388	Custom indicator Admiral Pivot [NQ100],M15: loaded successfully
2	10:37:32.406	Custom indicator AutoTrendChannel [NQ100],M15: loaded successfully
2	10:37:32.428	Custom indicator FRZ Channel Auto Plotter [NQ100],M15: loaded successfully
2	10:37:32.455	Custom indicator FRZ News Indicator MT4 [NQ100],M15: loaded successfully
2	10:37:32.482	Custom indicator Forex Uranus direction [NQ100],M15: loaded successfully
2	10:37:32.503	Custom indicator Quadrilateral [NQ100],M15: loaded successfully
2	10:37:32.739	Custom indicator aVSA\aVSA clasters [NQ100],M15: loaded successfully
2	10:37:32.786	Custom indicator aVSA\aVSA Golden Zone [NQ100],M15: loaded successfully
2	10:37:33.016	Custom indicator AIMS AO V.2.1 [NQ100],M15: loaded successfully
2	10:37:33.044	Custom indicator IVT_MACD_ZERO_LAG [NQ100],M15: loaded successfully
2	10:37:33.064	Custom indicator RSI Divergence Levels [NQ100],M15: loaded successfully
2	10:37:33.091	Custom indicator FRZ Forex Market Session Indicator [NQ100],M15: loaded successfully
2	10:37:38.510	Custom indicator AIMS Levels V2 USDCHF,H1: loaded successfully
2	10:37:38.615	Custom indicator AIMS Entry Alert V1 USDCHF,H1: loaded successfully
2	10:37:38.624	Custom indicator CandleTimer USDCHF,H1: loaded successfully
2	10:37:38.721	Custom indicator #Signal_Bars_v6 USDCHF,H1: loaded successfully
2	10:37:38.732	Custom indicator TrendEnvelopes_v1 USDCHF,H1: loaded successfully
2	10:37:38.742	Custom indicator guppy_multiple_moving_averages USDCHF,H1: loaded successfully
2	10:37:38.753	Custom indicator wedges USDCHF,H1: loaded successfully
2	10:37:38.765	Custom indicator Admiral Pivot USDCHF,H1: loaded successfully
2	10:37:38.776	Custom indicator AutoTrendChannel USDCHF,H1: loaded successfully
2	10:37:38.788	Custom indicator FRZ Channel Auto Plotter USDCHF,H1: loaded successfully
2	10:37:38.802	Custom indicator FRZ News Indicator MT4 USDCHF,H1: loaded successfully
2	10:37:38.814	Custom indicator Forex Uranus direction USDCHF,H1: loaded successfully
2	10:37:38.826	Custom indicator Quadrilateral USDCHF,H1: loaded successfully
2	10:37:38.948	Custom indicator aVSA\aVSA clasters USDCHF,H1: loaded successfully
2	10:37:38.967	Custom indicator aVSA\aVSA Golden Zone USDCHF,H1: loaded successfully
2	10:37:39.164	Custom indicator AIMS AO V.2.1 USDCHF,H1: loaded successfully
2	10:37:39.203	Custom indicator IVT_MACD_ZERO_LAG USDCHF,H1: loaded successfully
2	10:37:39.232	Custom indicator RSI Divergence Levels USDCHF,H1: loaded successfully
2	10:37:39.255	Custom indicator FRZ Forex Market Session Indicator USDCHF,H1: loaded successfully
0	10:37:47.427	'27153390': login on AdmiralMarkets-Live through Access Point #9 (ping: 209.39 ms)
0	10:37:49.833	'27153390': login datacenter on AdmiralMarkets-Live through Access Point #9 (ping: 209.39 ms)
0	10:37:50.666	'27153390': previous successful authorization performed from 102.16.29.122
0	10:48:45.007	'1300050632': login on FTMO-Server2 through DC 5 (ping: n/a)
0	10:48:47.739	'1300050632': login datacenter on FTMO-Server2 through DC 5 (ping: n/a)
0	10:48:58.201	'1300050632': auto connecting to a better access point DC 4 (ping is 234.71 ms)
1	10:48:59.105	'1300050632': connect failed [Connection échouée]
2	10:49:02.288	Custom indicator AIMS Levels V2 [DAX30],M1: removed
2	10:49:02.317	Custom indicator AIMS Entry Alert V1 [DAX30],M1: removed
2	10:49:02.323	Custom indicator CandleTimer [DAX30],M1: removed
2	10:49:02.383	Custom indicator #Signal_Bars_v6 [DAX30],M1: removed
2	10:49:02.390	Custom indicator TrendEnvelopes_v1 [DAX30],M1: removed
2	10:49:02.482	Custom indicator guppy_multiple_moving_averages [DAX30],M1: removed
2	10:49:02.718	Custom indicator wedges [DAX30],M1: removed
2	10:49:02.728	Custom indicator Admiral Pivot [DAX30],M1: removed
2	10:49:02.734	Custom indicator AutoTrendChannel [DAX30],M1: removed
2	10:49:02.741	Custom indicator FRZ Channel Auto Plotter [DAX30],M1: removed
2	10:49:02.747	Custom indicator FRZ News Indicator MT4 [DAX30],M1: removed
2	10:49:02.769	Custom indicator Forex Uranus direction [DAX30],M1: removed
2	10:49:02.773	Custom indicator aVSA clasters [DAX30],M1: removed
2	10:49:02.788	Custom indicator aVSA Golden Zone [DAX30],M1: removed
2	10:49:02.789	Custom indicator AIMS AO V.2.1 [DAX30],M1: removed
2	10:49:02.841	Custom indicator IVT_MACD_ZERO_LAG [DAX30],M1: removed
2	10:49:02.850	Custom indicator RSI Divergence Levels [DAX30],M1: removed
2	10:49:02.857	Custom indicator FRZ Forex Market Session Indicator [DAX30],M1: removed
2	10:49:03.050	Custom indicator AIMS Levels V2 [DJI30],M1: removed
2	10:49:03.052	Custom indicator AIMS Entry Alert V1 [DJI30],M1: removed
2	10:49:03.058	Custom indicator CandleTimer [DJI30],M1: removed
2	10:49:03.061	Custom indicator #Signal_Bars_v6 [DJI30],M1: removed
2	10:49:03.067	Custom indicator TrendEnvelopes_v1 [DJI30],M1: removed
2	10:49:03.074	Custom indicator guppy_multiple_moving_averages [DJI30],M1: removed
2	10:49:03.083	Custom indicator wedges [DJI30],M1: removed
2	10:49:03.106	Custom indicator Admiral Pivot [DJI30],M1: removed
2	10:49:03.113	Custom indicator AutoTrendChannel [DJI30],M1: removed
2	10:49:03.119	Custom indicator FRZ Channel Auto Plotter [DJI30],M1: removed
2	10:49:03.125	Custom indicator FRZ News Indicator MT4 [DJI30],M1: removed
2	10:49:03.131	Custom indicator Forex Uranus direction [DJI30],M1: removed
2	10:49:03.161	Custom indicator aVSA clasters [DJI30],M1: removed
2	10:49:03.175	Custom indicator aVSA Golden Zone [DJI30],M1: removed
2	10:49:03.175	Custom indicator AIMS AO V.2.1 [DJI30],M1: removed
2	10:49:03.184	Custom indicator IVT_MACD_ZERO_LAG [DJI30],M1: removed
2	10:49:03.192	Custom indicator RSI Divergence Levels [DJI30],M1: removed
2	10:49:03.201	Custom indicator FRZ Forex Market Session Indicator [DJI30],M1: removed
2	10:49:03.389	Custom indicator AIMS Levels V2 [DJI30],M5: removed
2	10:49:03.389	Custom indicator AIMS Entry Alert V1 [DJI30],M5: removed
2	10:49:03.391	Custom indicator CandleTimer [DJI30],M5: removed
2	10:49:03.392	Custom indicator #Signal_Bars_v6 [DJI30],M5: removed
2	10:49:03.396	Custom indicator TrendEnvelopes_v1 [DJI30],M5: removed
2	10:49:03.401	Custom indicator guppy_multiple_moving_averages [DJI30],M5: removed
2	10:49:03.405	Custom indicator wedges [DJI30],M5: removed
2	10:49:03.407	Custom indicator Admiral Pivot [DJI30],M5: removed
2	10:49:03.410	Custom indicator AutoTrendChannel [DJI30],M5: removed
2	10:49:03.413	Custom indicator FRZ Channel Auto Plotter [DJI30],M5: removed
2	10:49:03.416	Custom indicator FRZ News Indicator MT4 [DJI30],M5: removed
2	10:49:03.418	Custom indicator Forex Uranus direction [DJI30],M5: removed
2	10:49:03.419	Custom indicator aVSA clasters [DJI30],M5: removed
2	10:49:03.423	Custom indicator aVSA Golden Zone [DJI30],M5: removed
2	10:49:03.423	Custom indicator AIMS AO V.2.1 [DJI30],M5: removed
2	10:49:03.426	Custom indicator IVT_MACD_ZERO_LAG [DJI30],M5: removed
2	10:49:03.428	Custom indicator RSI Divergence Levels [DJI30],M5: removed
2	10:49:03.431	Custom indicator FRZ Forex Market Session Indicator [DJI30],M5: removed
2	10:49:03.521	Custom indicator AIMS Levels V2 [DAX30],H1: removed
2	10:49:03.522	Custom indicator AIMS Entry Alert V1 [DAX30],H1: removed
2	10:49:03.528	Custom indicator CandleTimer [DAX30],H1: removed
2	10:49:03.534	Custom indicator #Signal_Bars_v6 [DAX30],H1: removed
2	10:49:03.536	Custom indicator TrendEnvelopes_v1 [DAX30],H1: removed
2	10:49:03.544	Custom indicator guppy_multiple_moving_averages [DAX30],H1: removed
2	10:49:03.555	Custom indicator wedges [DAX30],H1: removed
2	10:49:03.564	Custom indicator Admiral Pivot [DAX30],H1: removed
2	10:49:03.564	Custom indicator AutoTrendChannel [DAX30],H1: removed
2	10:49:03.579	Custom indicator FRZ Channel Auto Plotter [DAX30],H1: removed
2	10:49:03.585	Custom indicator FRZ News Indicator MT4 [DAX30],H1: removed
2	10:49:03.607	Custom indicator Forex Uranus direction [DAX30],H1: removed
2	10:49:03.614	Custom indicator Quadrilateral [DAX30],H1: removed
2	10:49:03.616	Custom indicator aVSA clasters [DAX30],H1: removed
2	10:49:03.628	Custom indicator aVSA Golden Zone [DAX30],H1: removed
2	10:49:03.629	Custom indicator AIMS AO V.2.1 [DAX30],H1: removed
2	10:49:03.682	Custom indicator IVT_MACD_ZERO_LAG [DAX30],H1: removed
2	10:49:03.720	Custom indicator RSI Divergence Levels [DAX30],H1: removed
2	10:49:03.726	Custom indicator FRZ Forex Market Session Indicator [DAX30],H1: removed
2	10:49:03.812	Custom indicator AIMS Levels V2 [DAX30],M15: removed
2	10:49:03.813	Custom indicator AIMS Entry Alert V1 [DAX30],M15: removed
2	10:49:03.814	Custom indicator CandleTimer [DAX30],M15: removed
2	10:49:03.814	Custom indicator #Signal_Bars_v6 [DAX30],M15: removed
2	10:49:03.817	Custom indicator TrendEnvelopes_v1 [DAX30],M15: removed
2	10:49:03.851	Custom indicator guppy_multiple_moving_averages [DAX30],M15: removed
2	10:49:03.929	Custom indicator wedges [DAX30],M15: removed
2	10:49:03.932	Custom indicator Admiral Pivot [DAX30],M15: removed
2	10:49:03.941	Custom indicator AutoTrendChannel [DAX30],M15: removed
2	10:49:03.949	Custom indicator FRZ Channel Auto Plotter [DAX30],M15: removed
2	10:49:03.952	Custom indicator FRZ News Indicator MT4 [DAX30],M15: removed
2	10:49:03.965	Custom indicator Forex Uranus direction [DAX30],M15: removed
2	10:49:03.971	Custom indicator Quadrilateral [DAX30],M15: removed
2	10:49:03.971	Custom indicator aVSA clasters [DAX30],M15: removed
2	10:49:03.981	Custom indicator aVSA Golden Zone [DAX30],M15: removed
2	10:49:03.981	Custom indicator AIMS AO V.2.1 [DAX30],M15: removed
2	10:49:03.994	Custom indicator IVT_MACD_ZERO_LAG [DAX30],M15: removed
2	10:49:04.013	Custom indicator RSI Divergence Levels [DAX30],M15: removed
2	10:49:04.020	Custom indicator FRZ Forex Market Session Indicator [DAX30],M15: removed
2	10:49:04.205	Custom indicator AIMS Levels V2 [DAX30],M5: removed
2	10:49:04.253	Custom indicator AIMS Entry Alert V1 [DAX30],M5: removed
2	10:49:04.260	Custom indicator CandleTimer [DAX30],M5: removed
2	10:49:04.382	Custom indicator #Signal_Bars_v6 [DAX30],M5: removed
2	10:49:04.389	Custom indicator TrendEnvelopes_v1 [DAX30],M5: removed
2	10:49:04.428	Custom indicator guppy_multiple_moving_averages [DAX30],M5: removed
2	10:49:04.491	Custom indicator wedges [DAX30],M5: removed
2	10:49:04.509	Custom indicator Admiral Pivot [DAX30],M5: removed
2	10:49:04.519	Custom indicator AutoTrendChannel [DAX30],M5: removed
2	10:49:04.526	Custom indicator FRZ Channel Auto Plotter [DAX30],M5: removed
2	10:49:04.529	Custom indicator FRZ News Indicator MT4 [DAX30],M5: removed
2	10:49:04.539	Custom indicator Forex Uranus direction [DAX30],M5: removed
2	10:49:04.567	Custom indicator aVSA clasters [DAX30],M5: removed
2	10:49:04.580	Custom indicator aVSA Golden Zone [DAX30],M5: removed
2	10:49:04.581	Custom indicator AIMS AO V.2.1 [DAX30],M5: removed
2	10:49:04.587	Custom indicator IVT_MACD_ZERO_LAG [DAX30],M5: removed
2	10:49:04.595	Custom indicator RSI Divergence Levels [DAX30],M5: removed
2	10:49:04.603	Custom indicator FRZ Forex Market Session Indicator [DAX30],M5: removed
2	10:49:04.837	Custom indicator AIMS Levels V2 [NQ100],M15: removed
2	10:49:04.838	Custom indicator AIMS Entry Alert V1 [NQ100],M15: removed
2	10:49:04.838	Custom indicator CandleTimer [NQ100],M15: removed
2	10:49:04.838	Custom indicator #Signal_Bars_v6 [NQ100],M15: removed
2	10:49:04.847	Custom indicator TrendEnvelopes_v1 [NQ100],M15: removed
2	10:49:04.848	Custom indicator guppy_multiple_moving_averages [NQ100],M15: removed
2	10:49:04.856	Custom indicator wedges [NQ100],M15: removed
2	10:49:04.861	Custom indicator Admiral Pivot [NQ100],M15: removed
2	10:49:04.861	Custom indicator AutoTrendChannel [NQ100],M15: removed
2	10:49:04.869	Custom indicator FRZ Channel Auto Plotter [NQ100],M15: removed
2	10:49:04.872	Custom indicator FRZ News Indicator MT4 [NQ100],M15: removed
2	10:49:04.872	Custom indicator Forex Uranus direction [NQ100],M15: removed
2	10:49:04.880	Custom indicator Quadrilateral [NQ100],M15: removed
2	10:49:04.880	Custom indicator aVSA clasters [NQ100],M15: removed
2	10:49:04.893	Custom indicator aVSA Golden Zone [NQ100],M15: removed
2	10:49:04.893	Custom indicator AIMS AO V.2.1 [NQ100],M15: removed
2	10:49:04.895	Custom indicator IVT_MACD_ZERO_LAG [NQ100],M15: removed
2	10:49:04.905	Custom indicator RSI Divergence Levels [NQ100],M15: removed
2	10:49:04.914	Custom indicator FRZ Forex Market Session Indicator [NQ100],M15: removed
2	10:49:05.077	Custom indicator AIMS Levels V2 EURNZD,H1: removed
2	10:49:05.077	Custom indicator AIMS Entry Alert V1 EURNZD,H1: removed
2	10:49:05.088	Custom indicator CandleTimer EURNZD,H1: removed
2	10:49:05.089	Custom indicator #Signal_Bars_v6 EURNZD,H1: removed
2	10:49:05.096	Custom indicator TrendEnvelopes_v1 EURNZD,H1: removed
2	10:49:05.105	Custom indicator guppy_multiple_moving_averages EURNZD,H1: removed
2	10:49:05.114	Custom indicator wedges EURNZD,H1: removed
2	10:49:05.123	Custom indicator Admiral Pivot EURNZD,H1: removed
2	10:49:05.130	Custom indicator AutoTrendChannel EURNZD,H1: removed
2	10:49:05.137	Custom indicator FRZ Channel Auto Plotter EURNZD,H1: removed
2	10:49:05.145	Custom indicator FRZ News Indicator MT4 EURNZD,H1: removed
2	10:49:05.145	Custom indicator Forex Uranus direction EURNZD,H1: removed
2	10:49:05.163	Custom indicator Quadrilateral EURNZD,H1: removed
2	10:49:05.164	Custom indicator aVSA clasters EURNZD,H1: removed
2	10:49:05.164	Custom indicator AIMS AO V.2.1 EURNZD,H1: removed
2	10:49:05.165	Custom indicator IVT_MACD_ZERO_LAG EURNZD,H1: removed
2	10:49:05.175	Custom indicator RSI Divergence Levels EURNZD,H1: removed
2	10:49:05.185	Custom indicator FRZ Forex Market Session Indicator EURNZD,H1: removed
0	10:49:05.258	'1300050632': login on FTMO-Server2 through DC 1 (ping: 234.42 ms)
2	10:49:05.287	Custom indicator AIMS Levels V2 WTI,H1: removed
2	10:49:05.287	Custom indicator AIMS Entry Alert V1 WTI,H1: removed
2	10:49:05.290	Custom indicator CandleTimer WTI,H1: removed
2	10:49:05.290	Custom indicator #Signal_Bars_v6 WTI,H1: removed
2	10:49:05.294	Custom indicator TrendEnvelopes_v1 WTI,H1: removed
2	10:49:05.298	Custom indicator guppy_multiple_moving_averages WTI,H1: removed
2	10:49:05.298	Custom indicator wedges WTI,H1: removed
2	10:49:05.298	Custom indicator Admiral Pivot WTI,H1: removed
2	10:49:05.305	Custom indicator AutoTrendChannel WTI,H1: removed
2	10:49:05.309	Custom indicator FRZ Channel Auto Plotter WTI,H1: removed
2	10:49:05.312	Custom indicator FRZ News Indicator MT4 WTI,H1: removed
2	10:49:05.315	Custom indicator Forex Uranus direction WTI,H1: removed
2	10:49:05.317	Custom indicator Quadrilateral WTI,H1: removed
2	10:49:05.317	Custom indicator aVSA clasters WTI,H1: removed
2	10:49:05.321	Custom indicator aVSA Golden Zone WTI,H1: removed
2	10:49:05.322	Custom indicator AIMS AO V.2.1 WTI,H1: removed
2	10:49:05.324	Custom indicator IVT_MACD_ZERO_LAG WTI,H1: removed
2	10:49:05.326	Custom indicator RSI Divergence Levels WTI,H1: removed
2	10:49:05.328	Custom indicator FRZ Forex Market Session Indicator WTI,H1: removed
2	10:49:05.363	Custom indicator AIMS Levels V2 GOLD,H1: removed
2	10:49:05.376	Custom indicator AIMS Entry Alert V1 GOLD,H1: removed
2	10:49:05.381	Custom indicator CandleTimer GOLD,H1: removed
2	10:49:05.381	Custom indicator #Signal_Bars_v6 GOLD,H1: removed
2	10:49:05.385	Custom indicator TrendEnvelopes_v1 GOLD,H1: removed
2	10:49:05.400	Custom indicator guppy_multiple_moving_averages GOLD,H1: removed
2	10:49:05.403	Custom indicator wedges GOLD,H1: removed
2	10:49:05.406	Custom indicator Admiral Pivot GOLD,H1: removed
2	10:49:05.408	Custom indicator AutoTrendChannel GOLD,H1: removed
2	10:49:05.410	Custom indicator FRZ Channel Auto Plotter GOLD,H1: removed
2	10:49:05.412	Custom indicator FRZ News Indicator MT4 GOLD,H1: removed
2	10:49:05.414	Custom indicator Forex Uranus direction GOLD,H1: removed
2	10:49:05.416	Custom indicator Quadrilateral GOLD,H1: removed
2	10:49:05.437	Custom indicator aVSA clasters GOLD,H1: removed
2	10:49:05.441	Custom indicator aVSA Golden Zone GOLD,H1: removed
2	10:49:05.441	Custom indicator AIMS AO V.2.1 GOLD,H1: removed
2	10:49:05.444	Custom indicator IVT_MACD_ZERO_LAG GOLD,H1: removed
2	10:49:05.458	Custom indicator RSI Divergence Levels GOLD,H1: removed
2	10:49:05.460	Custom indicator FRZ Forex Market Session Indicator GOLD,H1: removed
2	10:49:05.517	Custom indicator AIMS Levels V2 [DJI30],H1: removed
2	10:49:05.517	Custom indicator AIMS Entry Alert V1 [DJI30],H1: removed
2	10:49:05.520	Custom indicator CandleTimer [DJI30],H1: removed
2	10:49:05.520	Custom indicator #Signal_Bars_v6 [DJI30],H1: removed
2	10:49:05.522	Custom indicator TrendEnvelopes_v1 [DJI30],H1: removed
2	10:49:05.524	Custom indicator guppy_multiple_moving_averages [DJI30],H1: removed
2	10:49:05.528	Custom indicator wedges [DJI30],H1: removed
2	10:49:05.531	Custom indicator Admiral Pivot [DJI30],H1: removed
2	10:49:05.533	Custom indicator AutoTrendChannel [DJI30],H1: removed
2	10:49:05.535	Custom indicator FRZ Channel Auto Plotter [DJI30],H1: removed
2	10:49:05.537	Custom indicator FRZ News Indicator MT4 [DJI30],H1: removed
2	10:49:05.539	Custom indicator Forex Uranus direction [DJI30],H1: removed
2	10:49:05.544	Custom indicator Quadrilateral [DJI30],H1: removed
2	10:49:05.550	Custom indicator aVSA clasters [DJI30],H1: removed
2	10:49:05.572	Custom indicator aVSA Golden Zone [DJI30],H1: removed
2	10:49:05.573	Custom indicator AIMS AO V.2.1 [DJI30],H1: removed
2	10:49:05.575	Custom indicator IVT_MACD_ZERO_LAG [DJI30],H1: removed
2	10:49:05.577	Custom indicator RSI Divergence Levels [DJI30],H1: removed
2	10:49:05.579	Custom indicator FRZ Forex Market Session Indicator [DJI30],H1: removed
2	10:49:05.614	Custom indicator AIMS Levels V2 [DJI30],M15: removed
2	10:49:05.614	Custom indicator AIMS Entry Alert V1 [DJI30],M15: removed
2	10:49:05.616	Custom indicator CandleTimer [DJI30],M15: removed
2	10:49:05.617	Custom indicator #Signal_Bars_v6 [DJI30],M15: removed
2	10:49:05.619	Custom indicator TrendEnvelopes_v1 [DJI30],M15: removed
2	10:49:05.622	Custom indicator guppy_multiple_moving_averages [DJI30],M15: removed
2	10:49:05.626	Custom indicator wedges [DJI30],M15: removed
2	10:49:05.632	Custom indicator Admiral Pivot [DJI30],M15: removed
2	10:49:05.634	Custom indicator AutoTrendChannel [DJI30],M15: removed
2	10:49:05.634	Custom indicator FRZ Channel Auto Plotter [DJI30],M15: removed
2	10:49:05.638	Custom indicator FRZ News Indicator MT4 [DJI30],M15: removed
2	10:49:05.639	Custom indicator Forex Uranus direction [DJI30],M15: removed
2	10:49:05.642	Custom indicator Quadrilateral [DJI30],M15: removed
2	10:49:05.642	Custom indicator aVSA clasters [DJI30],M15: removed
2	10:49:05.648	Custom indicator aVSA Golden Zone [DJI30],M15: removed
2	10:49:05.648	Custom indicator AIMS AO V.2.1 [DJI30],M15: removed
2	10:49:05.652	Custom indicator IVT_MACD_ZERO_LAG [DJI30],M15: removed
2	10:49:05.655	Custom indicator RSI Divergence Levels [DJI30],M15: removed
2	10:49:05.658	Custom indicator FRZ Forex Market Session Indicator [DJI30],M15: removed
2	10:49:05.697	Custom indicator AIMS Levels V2 USDCHF,H1: removed
2	10:49:05.697	Custom indicator AIMS Entry Alert V1 USDCHF,H1: removed
2	10:49:05.700	Custom indicator CandleTimer USDCHF,H1: removed
2	10:49:05.700	Custom indicator #Signal_Bars_v6 USDCHF,H1: removed
2	10:49:05.702	Custom indicator TrendEnvelopes_v1 USDCHF,H1: removed
2	10:49:05.704	Custom indicator guppy_multiple_moving_averages USDCHF,H1: removed
2	10:49:05.707	Custom indicator wedges USDCHF,H1: removed
2	10:49:05.712	Custom indicator Admiral Pivot USDCHF,H1: removed
2	10:49:05.715	Custom indicator AutoTrendChannel USDCHF,H1: removed
2	10:49:05.716	Custom indicator FRZ Channel Auto Plotter USDCHF,H1: removed
2	10:49:05.716	Custom indicator FRZ News Indicator MT4 USDCHF,H1: removed
2	10:49:05.716	Custom indicator Forex Uranus direction USDCHF,H1: removed
2	10:49:05.725	Custom indicator Quadrilateral USDCHF,H1: removed
2	10:49:05.725	Custom indicator aVSA clasters USDCHF,H1: removed
2	10:49:05.729	Custom indicator aVSA Golden Zone USDCHF,H1: removed
2	10:49:05.729	Custom indicator AIMS AO V.2.1 USDCHF,H1: removed
2	10:49:05.731	Custom indicator IVT_MACD_ZERO_LAG USDCHF,H1: removed
2	10:49:05.734	Custom indicator RSI Divergence Levels USDCHF,H1: removed
2	10:49:05.736	Custom indicator FRZ Forex Market Session Indicator USDCHF,H1: removed
2	10:49:05.802	Custom indicator breakout-zones\breakout-zones [JP225],H1: loaded successfully
2	10:49:05.829	Custom indicator PositionSizeCalculator\PositionSizeCalculator [JP225],H1: loaded successfully
2	10:49:06.110	Expert !!Sentinel PAT Scanner-v1.01 [DAX30],H1: loaded successfully
2	10:49:06.347	Custom indicator AIMS Levels V2 [SP500],H1: loaded successfully
2	10:49:06.454	Custom indicator AIMS Entry Alert V1 [SP500],H1: loaded successfully
2	10:49:06.464	Custom indicator CandleTimer [SP500],H1: loaded successfully
2	10:49:06.569	Custom indicator #Signal_Bars_v6 [SP500],H1: loaded successfully
2	10:49:06.581	Custom indicator TrendEnvelopes_v1 [SP500],H1: loaded successfully
2	10:49:06.598	Custom indicator guppy_multiple_moving_averages [SP500],H1: loaded successfully
2	10:49:06.610	Custom indicator wedges [SP500],H1: loaded successfully
2	10:49:06.627	Custom indicator Admiral Pivot [SP500],H1: loaded successfully
2	10:49:06.639	Custom indicator AutoTrendChannel [SP500],H1: loaded successfully
2	10:49:06.651	Custom indicator FRZ Channel Auto Plotter [SP500],H1: loaded successfully
2	10:49:06.665	Custom indicator FRZ News Indicator MT4 [SP500],H1: loaded successfully
2	10:49:06.677	Custom indicator Forex Uranus direction [SP500],H1: loaded successfully
2	10:49:06.780	Custom indicator aVSA\aVSA clasters [SP500],H1: loaded successfully
2	10:49:06.802	Custom indicator aVSA\aVSA Golden Zone [SP500],H1: loaded successfully
2	10:49:06.812	Custom indicator breakout-zones\breakout-zones [SP500],H1: loaded successfully
2	10:49:06.823	Custom indicator breakout-zones\SL&TP Values [SP500],H1: loaded successfully
2	10:49:06.924	Custom indicator AIMS AO V.2.1 [SP500],H1: loaded successfully
2	10:49:06.937	Custom indicator IVT_MACD_ZERO_LAG [SP500],H1: loaded successfully
2	10:49:06.981	Custom indicator RSI Divergence Levels [SP500],H1: loaded successfully
2	10:49:06.993	Custom indicator FRZ Forex Market Session Indicator [SP500],H1: loaded successfully
0	10:49:07.499	'1300050632': login datacenter on FTMO-Server2 through DC 1 (ping: 234.42 ms)
2	10:49:07.535	Custom indicator AIMS Entry Alert V1 GOLD,H1: loaded successfully
2	10:49:07.540	Custom indicator CandleTimer GOLD,H1: loaded successfully
2	10:49:07.649	Custom indicator #Signal_Bars_v6 GOLD,H1: loaded successfully
2	10:49:07.746	Custom indicator AIMS AO V.2.1 GOLD,H1: loaded successfully
2	10:49:07.758	Custom indicator IVT_MACD_ZERO_LAG GOLD,H1: loaded successfully
2	10:49:07.950	Custom indicator AIMS Levels V2 WTI,H1: loaded successfully
2	10:49:08.059	Custom indicator AIMS Entry Alert V1 WTI,H1: loaded successfully
2	10:49:08.069	Custom indicator CandleTimer WTI,H1: loaded successfully
2	10:49:08.167	Custom indicator #Signal_Bars_v6 WTI,H1: loaded successfully
2	10:49:08.178	Custom indicator TrendEnvelopes_v1 WTI,H1: loaded successfully
2	10:49:08.187	Custom indicator guppy_multiple_moving_averages WTI,H1: loaded successfully
2	10:49:08.198	Custom indicator wedges WTI,H1: loaded successfully
2	10:49:08.208	Custom indicator Admiral Pivot WTI,H1: loaded successfully
2	10:49:08.217	Custom indicator AutoTrendChannel WTI,H1: loaded successfully
2	10:49:08.228	Custom indicator FRZ Channel Auto Plotter WTI,H1: loaded successfully
2	10:49:08.240	Custom indicator FRZ News Indicator MT4 WTI,H1: loaded successfully
2	10:49:08.251	Custom indicator Forex Uranus direction WTI,H1: loaded successfully
0	10:49:08.291	'1300050632': previous successful authorization performed from 102.16.29.122
2	10:49:08.351	Custom indicator aVSA\aVSA clasters WTI,H1: loaded successfully
2	10:49:08.372	Custom indicator aVSA\aVSA Golden Zone WTI,H1: loaded successfully
2	10:49:08.383	Custom indicator breakout-zones\breakout-zones WTI,H1: loaded successfully
2	10:49:08.395	Custom indicator breakout-zones\SL&TP Values WTI,H1: loaded successfully
2	10:49:08.493	Custom indicator AIMS AO V.2.1 WTI,H1: loaded successfully
2	10:49:08.503	Custom indicator IVT_MACD_ZERO_LAG WTI,H1: loaded successfully
2	10:49:08.514	Custom indicator RSI Divergence Levels WTI,H1: loaded successfully
2	10:49:08.523	Custom indicator FRZ Forex Market Session Indicator WTI,H1: loaded successfully
2	10:49:09.036	Custom indicator AIMS Levels V2 [DJI30],M15: loaded successfully
2	10:49:09.131	Custom indicator AIMS Entry Alert V1 [DJI30],M15: loaded successfully
2	10:49:09.140	Custom indicator CandleTimer [DJI30],M15: loaded successfully
2	10:49:09.234	Custom indicator #Signal_Bars_v6 [DJI30],M15: loaded successfully
2	10:49:09.350	Custom indicator AIMS AO V.2.1 [DJI30],M15: loaded successfully
2	10:49:09.360	Custom indicator IVT_MACD_ZERO_LAG [DJI30],M15: loaded successfully
2	10:49:09.676	Custom indicator AIMS Levels V2 [NQ100],H1: loaded successfully
2	10:49:09.770	Custom indicator AIMS Entry Alert V1 [NQ100],H1: loaded successfully
2	10:49:09.778	Custom indicator CandleTimer [NQ100],H1: loaded successfully
2	10:49:09.866	Custom indicator #Signal_Bars_v6 [NQ100],H1: loaded successfully
2	10:49:09.877	Custom indicator TrendEnvelopes_v1 [NQ100],H1: loaded successfully
2	10:49:09.886	Custom indicator guppy_multiple_moving_averages [NQ100],H1: loaded successfully
2	10:49:09.897	Custom indicator wedges [NQ100],H1: loaded successfully
2	10:49:09.906	Custom indicator Admiral Pivot [NQ100],H1: loaded successfully
2	10:49:09.916	Custom indicator AutoTrendChannel [NQ100],H1: loaded successfully
2	10:49:09.927	Custom indicator FRZ Channel Auto Plotter [NQ100],H1: loaded successfully
2	10:49:09.938	Custom indicator FRZ News Indicator MT4 [NQ100],H1: loaded successfully
2	10:49:09.947	Custom indicator Forex Uranus direction [NQ100],H1: loaded successfully
2	10:49:10.037	Custom indicator aVSA\aVSA clasters [NQ100],H1: loaded successfully
2	10:49:10.057	Custom indicator aVSA\aVSA Golden Zone [NQ100],H1: loaded successfully
2	10:49:10.066	Custom indicator breakout-zones\breakout-zones [NQ100],H1: loaded successfully
2	10:49:10.080	Custom indicator breakout-zones\SL&TP Values [NQ100],H1: loaded successfully
2	10:49:10.166	Custom indicator AIMS AO V.2.1 [NQ100],H1: loaded successfully
2	10:49:10.175	Custom indicator IVT_MACD_ZERO_LAG [NQ100],H1: loaded successfully
2	10:49:10.187	Custom indicator RSI Divergence Levels [NQ100],H1: loaded successfully
2	10:49:10.196	Custom indicator FRZ Forex Market Session Indicator [NQ100],H1: loaded successfully
2	10:49:10.614	Custom indicator TitanXpro_Entry2 EURJPY,H1: loaded successfully
2	10:49:10.643	Custom indicator TitanXpro_Dash EURJPY,H1: loaded successfully
2	10:49:10.847	Custom indicator AIMS Levels V2 [DAX30],M15: loaded successfully
2	10:49:10.974	Custom indicator AIMS Entry Alert V1 [DAX30],M15: loaded successfully
2	10:49:10.975	Custom indicator CandleTimer [DAX30],M15: loaded successfully
2	10:49:11.065	Custom indicator #Signal_Bars_v6 [DAX30],M15: loaded successfully
2	10:49:11.082	Custom indicator TrendEnvelopes_v1 [DAX30],M15: loaded successfully
2	10:49:11.090	Custom indicator guppy_multiple_moving_averages [DAX30],M15: loaded successfully
2	10:49:11.101	Custom indicator wedges [DAX30],M15: loaded successfully
2	10:49:11.111	Custom indicator Admiral Pivot [DAX30],M15: loaded successfully
2	10:49:11.120	Custom indicator AutoTrendChannel [DAX30],M15: loaded successfully
2	10:49:11.124	Custom indicator FRZ Channel Auto Plotter [DAX30],M15: loaded successfully
2	10:49:11.134	Custom indicator FRZ News Indicator MT4 [DAX30],M15: loaded successfully
2	10:49:11.143	Custom indicator Forex Uranus direction [DAX30],M15: loaded successfully
2	10:49:11.241	Custom indicator aVSA\aVSA clasters [DAX30],M15: loaded successfully
2	10:49:11.263	Custom indicator aVSA\aVSA Golden Zone [DAX30],M15: loaded successfully
2	10:49:11.280	Custom indicator breakout-zones\breakout-zones [DAX30],M15: loaded successfully
2	10:49:11.292	Custom indicator breakout-zones\SL&TP Values [DAX30],M15: loaded successfully
2	10:49:11.424	Custom indicator AIMS AO V.2.1 [DAX30],M15: loaded successfully
2	10:49:11.435	Custom indicator IVT_MACD_ZERO_LAG [DAX30],M15: loaded successfully
2	10:49:11.454	Custom indicator RSI Divergence Levels [DAX30],M15: loaded successfully
2	10:49:11.463	Custom indicator FRZ Forex Market Session Indicator [DAX30],M15: loaded successfully
2	10:49:12.064	Custom indicator AIMS Levels V2 GBPJPY,M15: loaded successfully
2	10:49:12.211	Custom indicator AIMS Entry Alert V1 GBPJPY,M15: loaded successfully
2	10:49:12.221	Custom indicator CandleTimer GBPJPY,M15: loaded successfully
2	10:49:12.327	Custom indicator #Signal_Bars_v6 GBPJPY,M15: loaded successfully
2	10:49:12.336	Custom indicator TrendEnvelopes_v1 GBPJPY,M15: loaded successfully
2	10:49:12.344	Custom indicator guppy_multiple_moving_averages GBPJPY,M15: loaded successfully
2	10:49:12.358	Custom indicator wedges GBPJPY,M15: loaded successfully
2	10:49:12.369	Custom indicator Admiral Pivot GBPJPY,M15: loaded successfully
2	10:49:12.377	Custom indicator AutoTrendChannel GBPJPY,M15: loaded successfully
2	10:49:12.398	Custom indicator FRZ Channel Auto Plotter GBPJPY,M15: loaded successfully
2	10:49:12.414	Custom indicator FRZ News Indicator MT4 GBPJPY,M15: loaded successfully
2	10:49:12.437	Custom indicator Forex Uranus direction GBPJPY,M15: loaded successfully
2	10:49:12.654	Custom indicator aVSA\aVSA clasters GBPJPY,M15: loaded successfully
2	10:49:12.704	Custom indicator aVSA\aVSA Golden Zone GBPJPY,M15: loaded successfully
2	10:49:12.723	Custom indicator breakout-zones\breakout-zones GBPJPY,M15: loaded successfully
2	10:49:12.744	Custom indicator breakout-zones\SL&TP Values GBPJPY,M15: loaded successfully
2	10:49:12.900	Custom indicator AIMS AO V.2.1 GBPJPY,M15: loaded successfully
2	10:49:12.916	Custom indicator IVT_MACD_ZERO_LAG GBPJPY,M15: loaded successfully
2	10:49:12.934	Custom indicator RSI Divergence Levels GBPJPY,M15: loaded successfully
2	10:49:12.946	Custom indicator FRZ Forex Market Session Indicator GBPJPY,M15: loaded successfully
2	10:49:13.454	Custom indicator AIMS Levels V2 BTCUSD,H1: loaded successfully
2	10:49:13.552	Custom indicator AIMS Entry Alert V1 BTCUSD,H1: loaded successfully
2	10:49:13.560	Custom indicator CandleTimer BTCUSD,H1: loaded successfully
2	10:49:13.665	Custom indicator #Signal_Bars_v6 BTCUSD,H1: loaded successfully
2	10:49:13.768	Custom indicator AIMS AO V.2.1 BTCUSD,H1: loaded successfully
2	10:49:13.783	Custom indicator IVT_MACD_ZERO_LAG BTCUSD,H1: loaded successfully
2	10:49:14.156	Custom indicator AIMS Levels V2 EURUSD,H1: loaded successfully
2	10:49:14.381	Custom indicator AIMS Entry Alert V1 EURUSD,H1: loaded successfully
2	10:49:14.390	Custom indicator CandleTimer EURUSD,H1: loaded successfully
2	10:49:14.501	Custom indicator #Signal_Bars_v6 EURUSD,H1: loaded successfully
2	10:49:14.763	Custom indicator AIMS AO V.2.1 EURUSD,H1: loaded successfully
2	10:49:14.789	Custom indicator IVT_MACD_ZERO_LAG EURUSD,H1: loaded successfully
2	10:54:57.842	Custom indicator AIMS Levels V2 CHFJPY,H1: loaded successfully
2	10:54:57.970	Custom indicator AIMS Entry Alert V1 CHFJPY,H1: loaded successfully
2	10:54:57.980	Custom indicator CandleTimer CHFJPY,H1: loaded successfully
2	10:54:58.092	Custom indicator #Signal_Bars_v6 CHFJPY,H1: loaded successfully
2	10:54:58.208	Custom indicator AIMS AO V.2.1 CHFJPY,H1: loaded successfully
2	10:54:58.220	Custom indicator IVT_MACD_ZERO_LAG CHFJPY,H1: loaded successfully
0	10:56:33.689	'1300050632': one click trading has been enabled
0	10:56:36.630	'1300050632': order sell market 0.04 CHFJPY sl: 0.000 tp: 0.000
0	10:56:37.322	'1300050632': order was opened : #4965951 sell 0.04 CHFJPY at 121.031 sl: 0.000 tp: 0.000
0	10:56:54.289	'1300050632': modify order #4965951 sell 0.04 CHFJPY at 121.031 sl: 0.000 tp: 0.000 -> sl: 121.390 tp: 0.000
0	10:56:54.714	'1300050632': order #4965951 sell 0.04 CHFJPY at 121.031 was modified -> sl: 121.390 tp: 0.000
0	10:56:59.512	'1300050632': modify order #4965951 sell 0.04 CHFJPY at 121.031 sl: 121.390 tp: 0.000 -> sl: 121.411 tp: 0.000
0	10:57:00.011	'1300050632': order #4965951 sell 0.04 CHFJPY at 121.031 was modified -> sl: 121.411 tp: 0.000
0	10:57:03.297	'1300050632': modify order #4965951 sell 0.04 CHFJPY at 121.031 sl: 121.411 tp: 0.000 -> sl: 121.420 tp: 0.000
0	10:57:03.708	'1300050632': order #4965951 sell 0.04 CHFJPY at 121.031 was modified -> sl: 121.420 tp: 0.000
2	10:57:34.007	Custom indicator AIMS Levels V2 NZDCAD,H1: loaded successfully
2	10:57:34.105	Custom indicator AIMS Entry Alert V1 NZDCAD,H1: loaded successfully
2	10:57:34.115	Custom indicator CandleTimer NZDCAD,H1: loaded successfully
2	10:57:34.205	Custom indicator #Signal_Bars_v6 NZDCAD,H1: loaded successfully
2	10:57:34.296	Custom indicator AIMS AO V.2.1 NZDCAD,H1: loaded successfully
2	10:57:34.305	Custom indicator IVT_MACD_ZERO_LAG NZDCAD,H1: loaded successfully
0	10:58:53.098	'1300050632': order sell market 0.03 NZDCAD sl: 0.00000 tp: 0.00000
0	10:58:53.756	'1300050632': order was opened : #4966113 sell 0.03 NZDCAD at 0.87370 sl: 0.00000 tp: 0.00000
0	10:59:09.454	'1300050632': modify order #4966113 sell 0.03 NZDCAD at 0.87370 sl: 0.00000 tp: 0.00000 -> sl: 0.87870 tp: 0.00000
0	10:59:09.881	'1300050632': order #4966113 sell 0.03 NZDCAD at 0.87370 was modified -> sl: 0.87870 tp: 0.00000
2	11:03:11.953	Custom indicator AIMS Levels V2 USDCAD,H1: loaded successfully
2	11:03:12.147	Custom indicator AIMS Entry Alert V1 USDCAD,H1: loaded successfully
2	11:03:12.211	Custom indicator CandleTimer USDCAD,H1: loaded successfully
2	11:03:12.463	Custom indicator #Signal_Bars_v6 USDCAD,H1: loaded successfully
2	11:03:12.824	Custom indicator AIMS AO V.2.1 USDCAD,H1: loaded successfully
2	11:03:12.878	Custom indicator IVT_MACD_ZERO_LAG USDCAD,H1: loaded successfully
0	11:03:57.708	'1300050632': order sell market 0.26 USDCAD sl: 0.00000 tp: 0.00000
0	11:03:58.330	'1300050632': order was opened : #4966713 sell 0.26 USDCAD at 1.21146 sl: 0.00000 tp: 0.00000
0	11:04:19.967	'1300050632': modify order #4966713 sell 0.26 USDCAD at 1.21146 sl: 0.00000 tp: 0.00000 -> sl: 1.21380 tp: 0.00000
0	11:04:20.405	'1300050632': order #4966713 sell 0.26 USDCAD at 1.21146 was modified -> sl: 1.21380 tp: 0.00000
2	11:11:40.660	Custom indicator AIMS Levels V2 [DAX30],M15: removed
2	11:11:40.660	Custom indicator AIMS Entry Alert V1 [DAX30],M15: removed
2	11:11:40.664	Custom indicator CandleTimer [DAX30],M15: removed
2	11:11:40.664	Custom indicator #Signal_Bars_v6 [DAX30],M15: removed
2	11:11:40.664	Custom indicator TrendEnvelopes_v1 [DAX30],M15: removed
2	11:11:40.673	Custom indicator guppy_multiple_moving_averages [DAX30],M15: removed
2	11:11:40.674	Custom indicator wedges [DAX30],M15: removed
2	11:11:40.674	Custom indicator Admiral Pivot [DAX30],M15: removed
2	11:11:40.683	Custom indicator AutoTrendChannel [DAX30],M15: removed
2	11:11:40.683	Custom indicator FRZ Channel Auto Plotter [DAX30],M15: removed
2	11:11:40.690	Custom indicator FRZ News Indicator MT4 [DAX30],M15: removed
2	11:11:40.690	Custom indicator Forex Uranus direction [DAX30],M15: removed
2	11:11:40.690	Custom indicator aVSA clasters [DAX30],M15: removed
2	11:11:40.701	Custom indicator aVSA Golden Zone [DAX30],M15: removed
2	11:11:40.701	Custom indicator breakout-zones [DAX30],M15: removed
2	11:11:40.708	Custom indicator SL&TP Values [DAX30],M15: removed
2	11:11:40.708	Custom indicator AIMS AO V.2.1 [DAX30],M15: removed
2	11:11:40.708	Custom indicator IVT_MACD_ZERO_LAG [DAX30],M15: removed
2	11:11:40.708	Custom indicator RSI Divergence Levels [DAX30],M15: removed
2	11:11:40.717	Custom indicator FRZ Forex Market Session Indicator [DAX30],M15: removed
2	11:11:43.828	Custom indicator AIMS Levels V2 [NQ100],H1: removed
2	11:11:43.828	Custom indicator AIMS Entry Alert V1 [NQ100],H1: removed
2	11:11:43.830	Custom indicator CandleTimer [NQ100],H1: removed
2	11:11:43.830	Custom indicator #Signal_Bars_v6 [NQ100],H1: removed
2	11:11:43.830	Custom indicator TrendEnvelopes_v1 [NQ100],H1: removed
2	11:11:43.830	Custom indicator guppy_multiple_moving_averages [NQ100],H1: removed
2	11:11:43.836	Custom indicator wedges [NQ100],H1: removed
2	11:11:43.838	Custom indicator Admiral Pivot [NQ100],H1: removed
2	11:11:43.838	Custom indicator AutoTrendChannel [NQ100],H1: removed
2	11:11:43.838	Custom indicator FRZ Channel Auto Plotter [NQ100],H1: removed
2	11:11:43.838	Custom indicator FRZ News Indicator MT4 [NQ100],H1: removed
2	11:11:43.847	Custom indicator Forex Uranus direction [NQ100],H1: removed
2	11:11:43.847	Custom indicator aVSA clasters [NQ100],H1: removed
2	11:11:43.851	Custom indicator aVSA Golden Zone [NQ100],H1: removed
2	11:11:43.853	Custom indicator breakout-zones [NQ100],H1: removed
2	11:11:43.854	Custom indicator SL&TP Values [NQ100],H1: removed
2	11:11:43.854	Custom indicator AIMS AO V.2.1 [NQ100],H1: removed
2	11:11:43.856	Custom indicator IVT_MACD_ZERO_LAG [NQ100],H1: removed
2	11:11:43.857	Custom indicator RSI Divergence Levels [NQ100],H1: removed
2	11:11:43.857	Custom indicator FRZ Forex Market Session Indicator [NQ100],H1: removed
2	11:11:50.299	Custom indicator AIMS Levels V2 [SP500],H1: removed
2	11:11:50.299	Custom indicator AIMS Entry Alert V1 [SP500],H1: removed
2	11:11:50.300	Custom indicator CandleTimer [SP500],H1: removed
2	11:11:50.300	Custom indicator #Signal_Bars_v6 [SP500],H1: removed
2	11:11:50.309	Custom indicator TrendEnvelopes_v1 [SP500],H1: removed
2	11:11:50.309	Custom indicator guppy_multiple_moving_averages [SP500],H1: removed
2	11:11:50.319	Custom indicator wedges [SP500],H1: removed
2	11:11:50.319	Custom indicator Admiral Pivot [SP500],H1: removed
2	11:11:50.327	Custom indicator AutoTrendChannel [SP500],H1: removed
2	11:11:50.333	Custom indicator FRZ Channel Auto Plotter [SP500],H1: removed
2	11:11:50.333	Custom indicator FRZ News Indicator MT4 [SP500],H1: removed
2	11:11:50.344	Custom indicator Forex Uranus direction [SP500],H1: removed
2	11:11:50.344	Custom indicator aVSA clasters [SP500],H1: removed
2	11:11:50.353	Custom indicator aVSA Golden Zone [SP500],H1: removed
2	11:11:50.354	Custom indicator breakout-zones [SP500],H1: removed
2	11:11:50.354	Custom indicator SL&TP Values [SP500],H1: removed
2	11:11:50.354	Custom indicator AIMS AO V.2.1 [SP500],H1: removed
2	11:11:50.366	Custom indicator IVT_MACD_ZERO_LAG [SP500],H1: removed
2	11:11:50.366	Custom indicator RSI Divergence Levels [SP500],H1: removed
2	11:11:50.375	Custom indicator FRZ Forex Market Session Indicator [SP500],H1: removed
2	11:23:32.554	Custom indicator AIMS Entry Alert V1 GOLD,H1: removed
2	11:23:32.564	Custom indicator CandleTimer GOLD,H1: removed
2	11:23:32.564	Custom indicator #Signal_Bars_v6 GOLD,H1: removed
2	11:23:32.564	Custom indicator AIMS AO V.2.1 GOLD,H1: removed
2	11:23:32.574	Custom indicator IVT_MACD_ZERO_LAG GOLD,H1: removed
2	11:23:38.255	Custom indicator AIMS Levels V2 [DJI30],M15: removed
2	11:23:38.255	Custom indicator AIMS Entry Alert V1 [DJI30],M15: removed
2	11:23:38.257	Custom indicator CandleTimer [DJI30],M15: removed
2	11:23:38.316	Custom indicator #Signal_Bars_v6 [DJI30],M15: removed
2	11:23:38.325	Custom indicator AIMS AO V.2.1 [DJI30],M15: removed
2	11:23:38.327	Custom indicator IVT_MACD_ZERO_LAG [DJI30],M15: removed
2	11:24:01.137	Custom indicator AIMS Levels V2 US30.cash,H1: loaded successfully
2	11:24:01.363	Custom indicator AIMS Entry Alert V1 US30.cash,H1: loaded successfully
2	11:24:01.379	Custom indicator CandleTimer US30.cash,H1: loaded successfully
2	11:24:01.621	Custom indicator #Signal_Bars_v6 US30.cash,H1: loaded successfully
2	11:24:01.727	Custom indicator TrendEnvelopes_v1 US30.cash,H1: loaded successfully
2	11:24:01.766	Custom indicator guppy_multiple_moving_averages US30.cash,H1: loaded successfully
2	11:24:01.809	Custom indicator wedges US30.cash,H1: loaded successfully
2	11:24:01.892	Custom indicator Admiral Pivot US30.cash,H1: loaded successfully
2	11:24:01.928	Custom indicator AutoTrendChannel US30.cash,H1: loaded successfully
2	11:24:01.988	Custom indicator FRZ Channel Auto Plotter US30.cash,H1: loaded successfully
2	11:24:02.033	Custom indicator FRZ News Indicator MT4 US30.cash,H1: loaded successfully
2	11:24:02.072	Custom indicator Forex Uranus direction US30.cash,H1: loaded successfully
2	11:24:02.185	Custom indicator aVSA\aVSA clasters US30.cash,H1: loaded successfully
2	11:24:02.219	Custom indicator aVSA\aVSA Golden Zone US30.cash,H1: loaded successfully
2	11:24:02.236	Custom indicator breakout-zones\breakout-zones US30.cash,H1: loaded successfully
2	11:24:02.256	Custom indicator breakout-zones\SL&TP Values US30.cash,H1: loaded successfully
2	11:24:02.389	Custom indicator AIMS AO V.2.1 US30.cash,H1: loaded successfully
2	11:24:02.434	Custom indicator IVT_MACD_ZERO_LAG US30.cash,H1: loaded successfully
2	11:24:02.458	Custom indicator RSI Divergence Levels US30.cash,H1: loaded successfully
2	11:24:02.495	Custom indicator FRZ Forex Market Session Indicator US30.cash,H1: loaded successfully
2	11:24:11.798	Custom indicator AIMS Levels V2 GER30.cash,H1: loaded successfully
2	11:24:11.887	Custom indicator AIMS Entry Alert V1 GER30.cash,H1: loaded successfully
2	11:24:11.895	Custom indicator CandleTimer GER30.cash,H1: loaded successfully
2	11:24:11.989	Custom indicator #Signal_Bars_v6 GER30.cash,H1: loaded successfully
2	11:24:11.992	Custom indicator TrendEnvelopes_v1 GER30.cash,H1: loaded successfully
2	11:24:12.002	Custom indicator guppy_multiple_moving_averages GER30.cash,H1: loaded successfully
2	11:24:12.012	Custom indicator wedges GER30.cash,H1: loaded successfully
2	11:24:12.022	Custom indicator Admiral Pivot GER30.cash,H1: loaded successfully
2	11:24:12.031	Custom indicator AutoTrendChannel GER30.cash,H1: loaded successfully
2	11:24:12.041	Custom indicator FRZ Channel Auto Plotter GER30.cash,H1: loaded successfully
2	11:24:12.060	Custom indicator FRZ News Indicator MT4 GER30.cash,H1: loaded successfully
2	11:24:12.065	Custom indicator Forex Uranus direction GER30.cash,H1: loaded successfully
2	11:24:12.160	Custom indicator aVSA\aVSA clasters GER30.cash,H1: loaded successfully
2	11:24:12.182	Custom indicator aVSA\aVSA Golden Zone GER30.cash,H1: loaded successfully
2	11:24:12.190	Custom indicator breakout-zones\breakout-zones GER30.cash,H1: loaded successfully
2	11:24:12.198	Custom indicator breakout-zones\SL&TP Values GER30.cash,H1: loaded successfully
2	11:24:12.306	Custom indicator AIMS AO V.2.1 GER30.cash,H1: loaded successfully
2	11:24:12.330	Custom indicator IVT_MACD_ZERO_LAG GER30.cash,H1: loaded successfully
2	11:24:12.357	Custom indicator RSI Divergence Levels GER30.cash,H1: loaded successfully
2	11:24:12.391	Custom indicator FRZ Forex Market Session Indicator GER30.cash,H1: loaded successfully
1	11:26:12.844	'1300050632': connect failed [Connection échouée]
0	11:26:18.842	'1300050632': login on FTMO-Server2 through DC 5 (ping: 217.43 ms)
0	11:26:20.960	'1300050632': login datacenter on FTMO-Server2 through DC 5 (ping: 217.43 ms)
0	11:26:21.767	'1300050632': previous successful authorization performed from 102.16.29.122
2	11:30:52.477	Custom indicator AIMS Levels V2 US100.cash,H1: loaded successfully
2	11:30:52.573	Custom indicator AIMS Entry Alert V1 US100.cash,H1: loaded successfully
2	11:30:52.574	Custom indicator CandleTimer US100.cash,H1: loaded successfully
2	11:30:52.679	Custom indicator #Signal_Bars_v6 US100.cash,H1: loaded successfully
2	11:30:52.688	Custom indicator TrendEnvelopes_v1 US100.cash,H1: loaded successfully
2	11:30:52.691	Custom indicator guppy_multiple_moving_averages US100.cash,H1: loaded successfully
2	11:30:52.708	Custom indicator wedges US100.cash,H1: loaded successfully
2	11:30:52.718	Custom indicator Admiral Pivot US100.cash,H1: loaded successfully
2	11:30:52.727	Custom indicator AutoTrendChannel US100.cash,H1: loaded successfully
2	11:30:52.738	Custom indicator FRZ Channel Auto Plotter US100.cash,H1: loaded successfully
2	11:30:52.749	Custom indicator FRZ News Indicator MT4 US100.cash,H1: loaded successfully
2	11:30:52.760	Custom indicator Forex Uranus direction US100.cash,H1: loaded successfully
2	11:30:52.855	Custom indicator aVSA\aVSA clasters US100.cash,H1: loaded successfully
2	11:30:52.882	Custom indicator aVSA\aVSA Golden Zone US100.cash,H1: loaded successfully
2	11:30:52.890	Custom indicator breakout-zones\breakout-zones US100.cash,H1: loaded successfully
2	11:30:52.898	Custom indicator breakout-zones\SL&TP Values US100.cash,H1: loaded successfully
2	11:30:53.002	Custom indicator AIMS AO V.2.1 US100.cash,H1: loaded successfully
2	11:30:53.010	Custom indicator IVT_MACD_ZERO_LAG US100.cash,H1: loaded successfully
2	11:30:53.019	Custom indicator RSI Divergence Levels US100.cash,H1: loaded successfully
2	11:30:53.028	Custom indicator FRZ Forex Market Session Indicator US100.cash,H1: loaded successfully
0	11:34:08.407	'1300050632': pending order sell stop 0.05 US100.cash at 13350.00 sl: 13450.00 tp: 13240.00
0	11:34:08.782	'1300050632': order was opened : #4968320 sell stop 0.05 US100.cash at 13350.00 sl: 13450.00 tp: 13240.00
1	11:39:22.820	'1300050632': ping failed
1	11:39:23.161	'1300050632': connect failed [Connection échouée]
0	11:40:54.198	'1300050632': login on FTMO-Server2 through DC 5 (ping: 217.43 ms)
0	11:40:56.095	'1300050632': login datacenter on FTMO-Server2 through DC 5 (ping: 217.43 ms)
0	11:40:57.044	'1300050632': previous successful authorization performed from 102.16.29.122
1	11:50:37.900	'1300050632': ping failed
1	11:50:38.032	'1300050632': connect failed [Connection échouée]
0	22:22:13.300	'1300050632': login on FTMO-Server2 through DC 5 (ping: 217.43 ms)
0	22:22:27.676	'1300050632': login datacenter on FTMO-Server2 through DC 5 (ping: 217.43 ms)
0	22:22:34.315	'1300050632': previous successful authorization performed from 154.126.121.245
0	22:23:17.149	'1300050632': auto connecting to a better access point DC 4 (ping is 283.19 ms)
1	22:23:20.073	'1300050632': connect failed [Connection échouée]
0	22:23:29.056	'1300050632': login on FTMO-Server2 through DC 2 (ping: 278.17 ms)
0	22:23:48.200	'1300050632': login datacenter on FTMO-Server2 through DC 2 (ping: 278.17 ms)
0	22:23:49.587	'1300050632': previous successful authorization performed from 154.120.162.144
