0	10:48:07.727	Admiral Markets build 1320 started (Admiral Markets Group AS)
0	10:48:07.728	Windows 10 Pro x64, IE 11, UAC, 8 x Intel Core i7-10510U  @ 1.80GHz, Memory: 1023 / 8014 Mb, Disk: 15 / 237 Gb, GMT+3
0	10:48:07.728	Data Folder: C:\Users\SRIE\AppData\Roaming\MetaQuotes\Terminal\51337600F56B69473E15EAFB8A7586B4
2	10:48:16.676	Custom indicator AIMS Levels V2 DE30,M5: loaded successfully
2	10:48:16.824	Custom indicator AIMS Entry Alert V1 DE30,M5: loaded successfully
2	10:48:16.830	Custom indicator CandleTimer DE30,M5: loaded successfully
2	10:48:16.975	Custom indicator #Signal_Bars_v6 DE30,M5: loaded successfully
2	10:48:16.993	Custom indicator TrendEnvelopes_v1 DE30,M5: loaded successfully
2	10:48:17.013	Custom indicator guppy_multiple_moving_averages DE30,M5: loaded successfully
2	10:48:17.030	Custom indicator wedges DE30,M5: loaded successfully
2	10:48:17.046	Custom indicator Admiral Pivot DE30,M5: loaded successfully
2	10:48:17.065	Custom indicator AutoTrendChannel DE30,M5: loaded successfully
2	10:48:17.082	Custom indicator FRZ Channel Auto Plotter DE30,M5: loaded successfully
2	10:48:17.096	Custom indicator FRZ News Indicator MT4 DE30,M5: loaded successfully
2	10:48:17.114	Custom indicator Forex Uranus direction DE30,M5: loaded successfully
2	10:48:17.134	Custom indicator Quadrilateral DE30,M5: loaded successfully
2	10:48:17.293	Custom indicator AIMS AO V.2.1 DE30,M5: loaded successfully
2	10:48:17.312	Custom indicator IVT_MACD_ZERO_LAG DE30,M5: loaded successfully
2	10:48:17.328	Custom indicator RSI Divergence Levels DE30,M5: loaded successfully
2	10:48:17.343	Custom indicator JoeChalhoub_FXForecasterV1 DE30,M5: loaded successfully
2	10:48:17.363	Custom indicator TDI-With_Alerts DE30,M5: loaded successfully
2	10:48:17.384	Custom indicator FRZ Forex Market Session Indicator DE30,M5: loaded successfully
2	10:48:32.391	Custom indicator AIMS Levels V2 US30,H1: loaded successfully
2	10:48:32.487	Custom indicator AIMS Entry Alert V1 US30,H1: loaded successfully
2	10:48:32.495	Custom indicator CandleTimer US30,H1: loaded successfully
2	10:48:32.586	Custom indicator #Signal_Bars_v6 US30,H1: loaded successfully
2	10:48:32.595	Custom indicator TrendEnvelopes_v1 US30,H1: loaded successfully
2	10:48:32.603	Custom indicator guppy_multiple_moving_averages US30,H1: loaded successfully
2	10:48:32.613	Custom indicator wedges US30,H1: loaded successfully
2	10:48:32.622	Custom indicator Admiral Pivot US30,H1: loaded successfully
2	10:48:32.630	Custom indicator AutoTrendChannel US30,H1: loaded successfully
2	10:48:32.639	Custom indicator FRZ Channel Auto Plotter US30,H1: loaded successfully
2	10:48:32.650	Custom indicator FRZ News Indicator MT4 US30,H1: loaded successfully
2	10:48:32.659	Custom indicator Forex Uranus direction US30,H1: loaded successfully
2	10:48:32.669	Custom indicator Quadrilateral US30,H1: loaded successfully
2	10:48:32.758	Custom indicator AIMS AO V.2.1 US30,H1: loaded successfully
2	10:48:32.768	Custom indicator IVT_MACD_ZERO_LAG US30,H1: loaded successfully
2	10:48:32.781	Custom indicator RSI Divergence Levels US30,H1: loaded successfully
2	10:48:32.792	Custom indicator FRZ Forex Market Session Indicator US30,H1: loaded successfully
2	10:48:45.988	Custom indicator AIMS Levels V2 XAUUSD,M15: loaded successfully
2	10:48:46.077	Custom indicator AIMS Entry Alert V1 XAUUSD,M15: loaded successfully
2	10:48:46.085	Custom indicator CandleTimer XAUUSD,M15: loaded successfully
2	10:48:46.179	Custom indicator #Signal_Bars_v6 XAUUSD,M15: loaded successfully
2	10:48:46.188	Custom indicator TrendEnvelopes_v1 XAUUSD,M15: loaded successfully
2	10:48:46.197	Custom indicator guppy_multiple_moving_averages XAUUSD,M15: loaded successfully
2	10:48:46.207	Custom indicator wedges XAUUSD,M15: loaded successfully
2	10:48:46.216	Custom indicator Admiral Pivot XAUUSD,M15: loaded successfully
2	10:48:46.225	Custom indicator AutoTrendChannel XAUUSD,M15: loaded successfully
2	10:48:46.235	Custom indicator FRZ Channel Auto Plotter XAUUSD,M15: loaded successfully
2	10:48:46.246	Custom indicator FRZ News Indicator MT4 XAUUSD,M15: loaded successfully
2	10:48:46.256	Custom indicator Forex Uranus direction XAUUSD,M15: loaded successfully
2	10:48:46.266	Custom indicator Quadrilateral XAUUSD,M15: loaded successfully
2	10:48:46.354	Custom indicator AIMS AO V.2.1 XAUUSD,M15: loaded successfully
2	10:48:46.363	Custom indicator IVT_MACD_ZERO_LAG XAUUSD,M15: loaded successfully
2	10:48:46.373	Custom indicator RSI Divergence Levels XAUUSD,M15: loaded successfully
2	10:48:46.384	Custom indicator JoeChalhoub_FXForecasterV1 XAUUSD,M15: loaded successfully
2	10:48:46.394	Custom indicator TDI-With_Alerts XAUUSD,M15: loaded successfully
2	10:48:46.403	Custom indicator FRZ Forex Market Session Indicator XAUUSD,M15: loaded successfully
2	10:48:47.804	Custom indicator AIMS Levels V2 XAGUSD,M15: loaded successfully
2	10:48:47.902	Custom indicator AIMS Entry Alert V1 XAGUSD,M15: loaded successfully
2	10:48:47.909	Custom indicator CandleTimer XAGUSD,M15: loaded successfully
2	10:48:47.999	Custom indicator #Signal_Bars_v6 XAGUSD,M15: loaded successfully
2	10:48:48.008	Custom indicator TrendEnvelopes_v1 XAGUSD,M15: loaded successfully
2	10:48:48.017	Custom indicator guppy_multiple_moving_averages XAGUSD,M15: loaded successfully
2	10:48:48.027	Custom indicator wedges XAGUSD,M15: loaded successfully
2	10:48:48.037	Custom indicator Admiral Pivot XAGUSD,M15: loaded successfully
2	10:48:48.046	Custom indicator AutoTrendChannel XAGUSD,M15: loaded successfully
2	10:48:48.057	Custom indicator FRZ Channel Auto Plotter XAGUSD,M15: loaded successfully
2	10:48:48.069	Custom indicator FRZ News Indicator MT4 XAGUSD,M15: loaded successfully
2	10:48:48.082	Custom indicator Forex Uranus direction XAGUSD,M15: loaded successfully
2	10:48:48.096	Custom indicator Quadrilateral XAGUSD,M15: loaded successfully
2	10:48:48.231	Custom indicator AIMS AO V.2.1 XAGUSD,M15: loaded successfully
2	10:48:48.244	Custom indicator IVT_MACD_ZERO_LAG XAGUSD,M15: loaded successfully
2	10:48:48.258	Custom indicator RSI Divergence Levels XAGUSD,M15: loaded successfully
2	10:48:48.274	Custom indicator JoeChalhoub_FXForecasterV1 XAGUSD,M15: loaded successfully
2	10:48:48.290	Custom indicator TDI-With_Alerts XAGUSD,M15: loaded successfully
2	10:48:48.302	Custom indicator FRZ Forex Market Session Indicator XAGUSD,M15: loaded successfully
1	10:50:39.403	MQL Base: failed connect to server
1	10:50:45.619	'888338364': connect failed [Connection échouée]
1	10:50:48.025	MQL5.community: authorization failed
1	10:53:51.196	MQL5.community: authorization failed
1	10:58:51.378	MQL5.community: authorization failed
0	10:58:55.994	'888338364': login on Tickmill02-Live through Live DC - London 1 (ping: n/a)
0	10:58:58.539	'888338364': login datacenter on Tickmill02-Live through Live DC - London 1 (ping: n/a)
0	10:58:59.532	'888338364': previous successful authorization performed from 154.126.12.79
0	11:00:36.529	'888338364': auto connecting to a better access point Live DC - London 9 (ping is 199.91 ms)
0	11:00:37.577	'888338364': login on Tickmill02-Live through Live DC - London 9 (ping: 199.91 ms)
0	11:00:39.895	'888338364': login datacenter on Tickmill02-Live through Live DC - London 9 (ping: 199.91 ms)
0	11:00:40.607	'888338364': previous successful authorization performed from 197.149.50.233
0	12:07:54.154	'888338364': order #14710315 buy 0.07 DE30 at 14172.86 closed due stop-loss at price 14003.40
0	12:44:20.752	'888338364': login datacenter on Tickmill02-Live
0	12:44:24.033	'888338364': login on Tickmill02-Live through Live DC - London 3 (ping: 202.50 ms)
0	12:44:30.318	'888338364': login datacenter on Tickmill02-Live through Live DC - London 3 (ping: 202.50 ms)
0	12:44:31.444	'888338364': previous successful authorization performed from 197.149.50.233
0	12:47:07.538	'888338364': auto connecting to a better access point Live DC - London 7 (ping is 472.04 ms)
0	12:47:08.785	'888338364': login on Tickmill02-Live through Live DC - London 7 (ping: 472.04 ms)
0	12:47:14.390	'888338364': login datacenter on Tickmill02-Live through Live DC - London 7 (ping: 472.04 ms)
0	12:47:15.497	'888338364': previous successful authorization performed from 173.234.144.234
0	12:58:31.060	'888338364': login on Tickmill02-Live through Live DC - London 7 (ping: 472.04 ms)
0	12:58:35.427	'888338364': login datacenter on Tickmill02-Live through Live DC - London 7 (ping: 472.04 ms)
0	12:58:36.596	'888338364': previous successful authorization performed from 173.234.144.234
1	13:49:39.346	'888338364': ping failed
0	13:49:42.129	'888338364': login on Tickmill02-Live through Live DC - London 7 (ping: 472.04 ms)
0	13:49:45.463	'888338364': login datacenter on Tickmill02-Live through Live DC - London 7 (ping: 472.04 ms)
0	13:49:46.584	'888338364': previous successful authorization performed from 37.120.150.98
0	13:51:22.221	'888338364': ping to current access point Live DC - London 7 is 201.66 ms
0	14:55:42.453	'888338364': login on Tickmill02-Live through Live DC - London 7 (ping: 201.66 ms)
0	14:55:44.464	'888338364': login datacenter on Tickmill02-Live through Live DC - London 7 (ping: 201.66 ms)
0	14:55:45.021	'888338364': previous successful authorization performed from 197.149.50.233
0	14:57:20.545	'888338364': ping to current access point Live DC - London 7 is 198.35 ms
1	18:50:22.502	'888338364': ping failed
1	18:50:22.559	'888338364': ping failed
1	18:50:22.559	'888338364': datacenter connecting failed [6]
1	18:50:23.578	'888338364': connect failed [Connection échouée]
0	18:50:50.387	'888338364': login on Tickmill02-Live through Live DC - London (ping: n/a)
0	18:50:53.266	'888338364': login datacenter on Tickmill02-Live through Live DC - London (ping: n/a)
0	18:50:54.139	'888338364': previous successful authorization performed from 41.188.54.158
0	18:52:29.586	'888338364': auto connecting to a better access point Live DC - London 5 (ping is 205.83 ms)
0	18:52:30.777	'888338364': login on Tickmill02-Live through Live DC - London 5 (ping: 205.83 ms)
0	18:52:32.914	'888338364': login datacenter on Tickmill02-Live through Live DC - London 5 (ping: 205.83 ms)
0	18:52:33.828	'888338364': previous successful authorization performed from 41.188.54.158
0	20:52:51.650	'888338364': order buy market 0.07 DE30 sl: 0.00 tp: 0.00
1	20:52:52.476	'888338364': order buy 0.07 DE30 opening at market sl: 0.00 tp: 0.00 failed [Not enough money]
0	22:09:42.510	'888338364': modify order #14710297 buy 0.05 US30 at 31278.36 sl: 31077.53 tp: 32475.00 -> sl: 31300.12 tp: 32475.00
0	22:09:42.930	'888338364': order #14710297 buy 0.05 US30 at 31278.36 was modified -> sl: 31300.12 tp: 32475.00
