0	00:16:14.983	'7588135': login on BDSwissGlobal-Demo01
0	00:16:54.581	'7588135': ping to current access point Demo01 - Belgium is 207.37 ms
2	00:18:45.553	Custom indicator AIMS Levels V2 US30,H1: loaded successfully
2	00:18:45.640	Custom indicator AIMS Entry Alert V1 US30,H1: loaded successfully
2	00:18:45.730	Custom indicator CandleTimer US30,H1: loaded successfully
2	00:18:45.923	Custom indicator #Signal_Bars_v6 US30,H1: loaded successfully
2	00:18:46.025	Custom indicator TrendEnvelopes_v1 US30,H1: loaded successfully
2	00:18:46.066	Custom indicator guppy_multiple_moving_averages US30,H1: loaded successfully
2	00:18:46.111	Custom indicator wedges US30,H1: loaded successfully
2	00:18:46.149	Custom indicator Admiral Pivot US30,H1: loaded successfully
2	00:18:46.231	Custom indicator AutoTrendChannel US30,H1: loaded successfully
2	00:18:46.255	Custom indicator FRZ Channel Auto Plotter US30,H1: loaded successfully
2	00:18:46.369	Custom indicator FRZ News Indicator MT4 US30,H1: loaded successfully
2	00:18:46.390	Custom indicator Forex Uranus direction US30,H1: loaded successfully
2	00:18:46.500	Custom indicator aVSA\aVSA clasters US30,H1: loaded successfully
2	00:18:46.577	Custom indicator aVSA\aVSA Golden Zone US30,H1: loaded successfully
2	00:18:46.621	Custom indicator breakout-zones\breakout-zones US30,H1: loaded successfully
2	00:18:46.662	Custom indicator breakout-zones\SL&TP Values US30,H1: loaded successfully
2	00:18:46.820	Custom indicator AIMS AO V.2.1 US30,H1: loaded successfully
2	00:18:46.863	Custom indicator IVT_MACD_ZERO_LAG US30,H1: loaded successfully
2	00:18:46.980	Custom indicator RSI Divergence Levels US30,H1: loaded successfully
2	00:18:47.162	Custom indicator FRZ Forex Market Session Indicator US30,H1: loaded successfully
0	00:19:14.896	'7588135': one click trading has been enabled
0	00:21:54.864	'7588135': order sell market 1.00 US30 sl: 0.00 tp: 0.00
1	00:21:55.199	'7588135': order sell 1.00 US30 opening at market sl: 0.00 tp: 0.00 failed [Market is closed]
0	01:09:04.123	'889883696': login on VantageFXInternational-Demo
0	01:09:20.607	'889883696': auto connecting to a better access point DC6-London (ping is 308.81 ms)
0	01:09:21.638	'889883696': login on VantageFXInternational-Demo through DC6-London (ping: 308.81 ms)
0	01:09:24.500	'889883696': login datacenter on VantageFXInternational-Demo through DC6-London (ping: 308.81 ms)
0	01:09:25.249	'889883696': previous successful authorization performed from 102.68.248.46
2	01:09:25.392	Custom indicator AIMS Levels V2 US30,M5: removed
2	01:09:25.392	Custom indicator AIMS Entry Alert V1 US30,M5: removed
2	01:09:25.394	Custom indicator CandleTimer US30,M5: removed
2	01:09:25.394	Custom indicator #Signal_Bars_v6 US30,M5: removed
2	01:09:25.405	Custom indicator TrendEnvelopes_v1 US30,M5: removed
2	01:09:25.406	Custom indicator guppy_multiple_moving_averages US30,M5: removed
2	01:09:25.435	Custom indicator wedges US30,M5: removed
2	01:09:25.489	Custom indicator Admiral Pivot US30,M5: removed
2	01:09:25.491	Custom indicator AutoTrendChannel US30,M5: removed
2	01:09:25.493	Custom indicator FRZ Channel Auto Plotter US30,M5: removed
2	01:09:25.494	Custom indicator FRZ News Indicator MT4 US30,M5: removed
2	01:09:25.505	Custom indicator Forex Uranus direction US30,M5: removed
2	01:09:25.515	Custom indicator aVSA clasters US30,M5: removed
2	01:09:25.519	Custom indicator aVSA Golden Zone US30,M5: removed
2	01:09:25.520	Custom indicator breakout-zones US30,M5: removed
2	01:09:25.559	Custom indicator SL&TP Values US30,M5: removed
2	01:09:25.559	Custom indicator AIMS AO V.2.1 US30,M5: removed
2	01:09:25.561	Custom indicator IVT_MACD_ZERO_LAG US30,M5: removed
2	01:09:25.563	Custom indicator RSI Divergence Levels US30,M5: removed
2	01:09:25.565	Custom indicator FRZ Forex Market Session Indicator US30,M5: removed
2	01:11:04.139	Custom indicator AIMS Levels V2 DAX30,M5: loaded successfully
2	01:11:04.263	Custom indicator AIMS Entry Alert V1 DAX30,M5: loaded successfully
2	01:11:04.317	Custom indicator CandleTimer DAX30,M5: loaded successfully
2	01:11:04.436	Custom indicator #Signal_Bars_v6 DAX30,M5: loaded successfully
2	01:11:04.447	Custom indicator TrendEnvelopes_v1 DAX30,M5: loaded successfully
2	01:11:04.456	Custom indicator guppy_multiple_moving_averages DAX30,M5: loaded successfully
2	01:11:04.467	Custom indicator wedges DAX30,M5: loaded successfully
2	01:11:04.502	Custom indicator Admiral Pivot DAX30,M5: loaded successfully
2	01:11:04.539	Custom indicator AutoTrendChannel DAX30,M5: loaded successfully
2	01:11:04.551	Custom indicator FRZ Channel Auto Plotter DAX30,M5: loaded successfully
2	01:11:04.586	Custom indicator FRZ News Indicator MT4 DAX30,M5: loaded successfully
2	01:11:04.615	Custom indicator Forex Uranus direction DAX30,M5: loaded successfully
2	01:11:04.683	Custom indicator aVSA\aVSA clasters DAX30,M5: loaded successfully
2	01:11:04.702	Custom indicator aVSA\aVSA Golden Zone DAX30,M5: loaded successfully
2	01:11:04.712	Custom indicator breakout-zones\breakout-zones DAX30,M5: loaded successfully
2	01:11:04.721	Custom indicator breakout-zones\SL&TP Values DAX30,M5: loaded successfully
2	01:11:04.786	Custom indicator AIMS AO V.2.1 DAX30,M5: loaded successfully
2	01:11:04.795	Custom indicator IVT_MACD_ZERO_LAG DAX30,M5: loaded successfully
2	01:11:04.919	Custom indicator RSI Divergence Levels DAX30,M5: loaded successfully
2	01:11:04.990	Custom indicator FRZ Forex Market Session Indicator DAX30,M5: loaded successfully
2	01:11:24.086	Custom indicator AIMS Levels V2 DJ30,M5: loaded successfully
2	01:11:24.151	Custom indicator AIMS Entry Alert V1 DJ30,M5: loaded successfully
2	01:11:24.157	Custom indicator CandleTimer DJ30,M5: loaded successfully
2	01:11:24.221	Custom indicator #Signal_Bars_v6 DJ30,M5: loaded successfully
2	01:11:24.248	Custom indicator TrendEnvelopes_v1 DJ30,M5: loaded successfully
2	01:11:24.291	Custom indicator guppy_multiple_moving_averages DJ30,M5: loaded successfully
2	01:11:24.300	Custom indicator wedges DJ30,M5: loaded successfully
2	01:11:24.308	Custom indicator Admiral Pivot DJ30,M5: loaded successfully
2	01:11:24.353	Custom indicator AutoTrendChannel DJ30,M5: loaded successfully
2	01:11:24.362	Custom indicator FRZ Channel Auto Plotter DJ30,M5: loaded successfully
2	01:11:24.407	Custom indicator FRZ News Indicator MT4 DJ30,M5: loaded successfully
2	01:11:24.428	Custom indicator Forex Uranus direction DJ30,M5: loaded successfully
2	01:11:24.508	Custom indicator aVSA\aVSA clasters DJ30,M5: loaded successfully
2	01:11:24.524	Custom indicator aVSA\aVSA Golden Zone DJ30,M5: loaded successfully
2	01:11:24.546	Custom indicator breakout-zones\breakout-zones DJ30,M5: loaded successfully
2	01:11:24.598	Custom indicator breakout-zones\SL&TP Values DJ30,M5: loaded successfully
2	01:11:24.666	Custom indicator AIMS AO V.2.1 DJ30,M5: loaded successfully
2	01:11:24.696	Custom indicator IVT_MACD_ZERO_LAG DJ30,M5: loaded successfully
2	01:11:24.744	Custom indicator RSI Divergence Levels DJ30,M5: loaded successfully
2	01:11:24.788	Custom indicator FRZ Forex Market Session Indicator DJ30,M5: loaded successfully
0	01:11:56.969	'889883696': one click trading has been enabled
0	01:11:58.930	'889883696': order sell market 1.00 DJ30 sl: 0.00 tp: 0.00
0	01:11:59.324	'889883696': order was opened : #81924573 sell 1.00 DJ30 at 33823.30 sl: 0.00 tp: 0.00
0	01:12:19.205	'889883696': modify order #81924573 sell 1.00 DJ30 at 33823.30 sl: 0.00 tp: 0.00 -> sl: 33836.26 tp: 0.00
0	01:12:19.635	'889883696': order #81924573 sell 1.00 DJ30 at 33823.30 was modified -> sl: 33836.26 tp: 0.00
0	01:27:24.592	'889883696': order #81924573 sell 1.00 DJ30 at 33823.30 closed due stop-loss at price 33836.26
0	01:28:05.224	'889883696': order buy market 0.10 DJ30 sl: 0.00 tp: 0.00
0	01:28:05.657	'889883696': order was opened : #81924804 buy 0.10 DJ30 at 33835.70 sl: 0.00 tp: 0.00
0	01:28:17.776	'889883696': modify order #81924804 buy 0.10 DJ30 at 33835.70 sl: 0.00 tp: 0.00 -> sl: 33814.17 tp: 0.00
0	01:28:19.185	'889883696': order #81924804 buy 0.10 DJ30 at 33835.70 was modified -> sl: 33814.17 tp: 0.00
2	01:29:30.930	Custom indicator breakout-zones [JP225],H1: removed
2	01:29:31.114	Custom indicator PositionSizeCalculator [JP225],H1: removed
2	01:29:31.258	Custom indicator AIMS Levels V2 [DAX30],M1: removed
2	01:29:31.357	Custom indicator AIMS Entry Alert V1 [DAX30],M1: removed
2	01:29:31.365	Custom indicator CandleTimer [DAX30],M1: removed
2	01:29:31.591	Custom indicator #Signal_Bars_v6 [DAX30],M1: removed
2	01:29:31.593	Custom indicator TrendEnvelopes_v1 [DAX30],M1: removed
2	01:29:31.789	Custom indicator guppy_multiple_moving_averages [DAX30],M1: removed
2	01:29:32.204	Custom indicator wedges [DAX30],M1: removed
2	01:29:32.262	Custom indicator Admiral Pivot [DAX30],M1: removed
2	01:29:32.275	Custom indicator AutoTrendChannel [DAX30],M1: removed
2	01:29:32.288	Custom indicator FRZ Channel Auto Plotter [DAX30],M1: removed
2	01:29:32.310	Custom indicator FRZ News Indicator MT4 [DAX30],M1: removed
2	01:29:32.375	Custom indicator Forex Uranus direction [DAX30],M1: removed
2	01:29:32.478	Custom indicator aVSA clasters [DAX30],M1: removed
2	01:29:32.482	Custom indicator aVSA Golden Zone [DAX30],M1: removed
2	01:29:32.483	Custom indicator breakout-zones [DAX30],M1: removed
2	01:29:32.544	Custom indicator SL&TP Values [DAX30],M1: removed
2	01:29:32.554	Custom indicator AIMS AO V.2.1 [DAX30],M1: removed
2	01:29:32.672	Custom indicator IVT_MACD_ZERO_LAG [DAX30],M1: removed
2	01:29:32.886	Custom indicator RSI Divergence Levels [DAX30],M1: removed
2	01:29:32.888	Custom indicator FRZ Forex Market Session Indicator [DAX30],M1: removed
2	01:29:32.961	Custom indicator AIMS Levels V2 [DAX30],M5: removed
2	01:29:33.101	Custom indicator AIMS Entry Alert V1 [DAX30],M5: removed
2	01:29:33.110	Custom indicator CandleTimer [DAX30],M5: removed
2	01:29:33.231	Custom indicator #Signal_Bars_v6 [DAX30],M5: removed
2	01:29:33.239	Custom indicator TrendEnvelopes_v1 [DAX30],M5: removed
2	01:29:33.396	Custom indicator guppy_multiple_moving_averages [DAX30],M5: removed
2	01:29:33.415	Custom indicator wedges [DAX30],M5: removed
2	01:29:33.518	Custom indicator Admiral Pivot [DAX30],M5: removed
2	01:29:33.523	Custom indicator AutoTrendChannel [DAX30],M5: removed
2	01:29:33.585	Custom indicator FRZ Channel Auto Plotter [DAX30],M5: removed
2	01:29:33.586	Custom indicator FRZ News Indicator MT4 [DAX30],M5: removed
2	01:29:33.588	Custom indicator Forex Uranus direction [DAX30],M5: removed
2	01:29:34.005	Custom indicator aVSA clasters [DAX30],M5: removed
2	01:29:34.017	Custom indicator aVSA Golden Zone [DAX30],M5: removed
2	01:29:34.045	Custom indicator breakout-zones [DAX30],M5: removed
2	01:29:34.048	Custom indicator SL&TP Values [DAX30],M5: removed
2	01:29:34.048	Custom indicator AIMS AO V.2.1 [DAX30],M5: removed
2	01:29:34.125	Custom indicator IVT_MACD_ZERO_LAG [DAX30],M5: removed
2	01:29:34.273	Custom indicator RSI Divergence Levels [DAX30],M5: removed
2	01:29:34.281	Custom indicator FRZ Forex Market Session Indicator [DAX30],M5: removed
2	01:29:34.371	Custom indicator AIMS Levels V2 [DAX30],M15: removed
2	01:29:34.371	Custom indicator AIMS Entry Alert V1 [DAX30],M15: removed
2	01:29:34.374	Custom indicator CandleTimer [DAX30],M15: removed
2	01:29:34.374	Custom indicator #Signal_Bars_v6 [DAX30],M15: removed
2	01:29:34.377	Custom indicator TrendEnvelopes_v1 [DAX30],M15: removed
2	01:29:34.621	Custom indicator guppy_multiple_moving_averages [DAX30],M15: removed
2	01:29:35.001	Custom indicator wedges [DAX30],M15: removed
2	01:29:35.004	Custom indicator Admiral Pivot [DAX30],M15: removed
2	01:29:35.005	Custom indicator AutoTrendChannel [DAX30],M15: removed
2	01:29:35.007	Custom indicator FRZ Channel Auto Plotter [DAX30],M15: removed
2	01:29:35.009	Custom indicator FRZ News Indicator MT4 [DAX30],M15: removed
2	01:29:35.011	Custom indicator Forex Uranus direction [DAX30],M15: removed
2	01:29:35.049	Custom indicator aVSA clasters [DAX30],M15: removed
2	01:29:35.052	Custom indicator aVSA Golden Zone [DAX30],M15: removed
2	01:29:35.098	Custom indicator breakout-zones [DAX30],M15: removed
2	01:29:35.100	Custom indicator SL&TP Values [DAX30],M15: removed
2	01:29:35.151	Custom indicator AIMS AO V.2.1 [DAX30],M15: removed
2	01:29:35.153	Custom indicator IVT_MACD_ZERO_LAG [DAX30],M15: removed
2	01:29:35.275	Custom indicator RSI Divergence Levels [DAX30],M15: removed
2	01:29:35.322	Custom indicator FRZ Forex Market Session Indicator [DAX30],M15: removed
2	01:29:35.330	Custom indicator AIMS Levels V2 [DAX30],H1: removed
2	01:29:35.384	Custom indicator AIMS Entry Alert V1 [DAX30],H1: removed
2	01:29:35.386	Custom indicator CandleTimer [DAX30],H1: removed
2	01:29:35.493	Custom indicator #Signal_Bars_v6 [DAX30],H1: removed
2	01:29:35.501	Custom indicator TrendEnvelopes_v1 [DAX30],H1: removed
2	01:29:35.574	Custom indicator guppy_multiple_moving_averages [DAX30],H1: removed
2	01:29:35.636	Custom indicator wedges [DAX30],H1: removed
2	01:29:35.700	Custom indicator Admiral Pivot [DAX30],H1: removed
2	01:29:35.702	Custom indicator AutoTrendChannel [DAX30],H1: removed
2	01:29:35.703	Custom indicator FRZ Channel Auto Plotter [DAX30],H1: removed
2	01:29:35.705	Custom indicator FRZ News Indicator MT4 [DAX30],H1: removed
2	01:29:35.706	Custom indicator Forex Uranus direction [DAX30],H1: removed
2	01:29:35.780	Custom indicator aVSA clasters [DAX30],H1: removed
2	01:29:35.783	Custom indicator aVSA Golden Zone [DAX30],H1: removed
2	01:29:35.804	Custom indicator breakout-zones [DAX30],H1: removed
2	01:29:35.824	Custom indicator SL&TP Values [DAX30],H1: removed
2	01:29:35.824	Custom indicator AIMS AO V.2.1 [DAX30],H1: removed
2	01:29:35.984	Custom indicator IVT_MACD_ZERO_LAG [DAX30],H1: removed
2	01:29:36.020	Custom indicator RSI Divergence Levels [DAX30],H1: removed
2	01:29:36.022	Custom indicator FRZ Forex Market Session Indicator [DAX30],H1: removed
2	01:29:36.183	Custom indicator AIMS Levels V2 [DAX30],M1: removed
2	01:29:36.183	Custom indicator AIMS Entry Alert V1 [DAX30],M1: removed
2	01:29:36.211	Custom indicator CandleTimer [DAX30],M1: removed
2	01:29:36.293	Custom indicator #Signal_Bars_v6 [DAX30],M1: removed
2	01:29:36.293	Custom indicator AIMS AO V.2.1 [DAX30],M1: removed
2	01:29:36.642	Custom indicator IVT_MACD_ZERO_LAG [DAX30],M1: removed
2	01:29:36.879	Custom indicator AIMS Levels V2 [NQ100],M5: removed
2	01:29:36.880	Custom indicator AIMS Entry Alert V1 [NQ100],M5: removed
2	01:29:36.886	Custom indicator CandleTimer [NQ100],M5: removed
2	01:29:37.155	Custom indicator #Signal_Bars_v6 [NQ100],M5: removed
2	01:29:37.157	Custom indicator TrendEnvelopes_v1 [NQ100],M5: removed
2	01:29:37.353	Custom indicator wedges [NQ100],M5: removed
2	01:29:37.355	Custom indicator Admiral Pivot [NQ100],M5: removed
2	01:29:37.356	Custom indicator AutoTrendChannel [NQ100],M5: removed
2	01:29:37.457	Custom indicator FRZ Channel Auto Plotter [NQ100],M5: removed
2	01:29:37.459	Custom indicator FRZ News Indicator MT4 [NQ100],M5: removed
2	01:29:37.516	Custom indicator Forex Uranus direction [NQ100],M5: removed
2	01:29:37.597	Custom indicator aVSA clasters [NQ100],M5: removed
2	01:29:37.602	Custom indicator aVSA Golden Zone [NQ100],M5: removed
2	01:29:37.604	Custom indicator breakout-zones [NQ100],M5: removed
2	01:29:37.710	Custom indicator SL&TP Values [NQ100],M5: removed
2	01:29:37.728	Custom indicator AIMS AO V.2.1 [NQ100],M5: removed
2	01:29:37.835	Custom indicator IVT_MACD_ZERO_LAG [NQ100],M5: removed
2	01:29:37.972	Custom indicator AIMS Levels V2 [DJI30],M1: removed
2	01:29:38.241	Custom indicator AIMS Entry Alert V1 [DJI30],M1: removed
2	01:29:38.243	Custom indicator CandleTimer [DJI30],M1: removed
2	01:29:38.315	Custom indicator #Signal_Bars_v6 [DJI30],M1: removed
2	01:29:38.317	Custom indicator TrendEnvelopes_v1 [DJI30],M1: removed
2	01:29:38.390	Custom indicator guppy_multiple_moving_averages [DJI30],M1: removed
2	01:29:38.870	Custom indicator wedges [DJI30],M1: removed
2	01:29:38.921	Custom indicator Admiral Pivot [DJI30],M1: removed
2	01:29:39.028	Custom indicator AutoTrendChannel [DJI30],M1: removed
2	01:29:39.030	Custom indicator FRZ Channel Auto Plotter [DJI30],M1: removed
2	01:29:39.055	Custom indicator FRZ News Indicator MT4 [DJI30],M1: removed
2	01:29:39.057	Custom indicator Forex Uranus direction [DJI30],M1: removed
2	01:29:39.223	Custom indicator aVSA clasters [DJI30],M1: removed
2	01:29:39.226	Custom indicator aVSA Golden Zone [DJI30],M1: removed
2	01:29:39.227	Custom indicator breakout-zones [DJI30],M1: removed
2	01:29:39.229	Custom indicator SL&TP Values [DJI30],M1: removed
2	01:29:39.229	Custom indicator AIMS AO V.2.1 [DJI30],M1: removed
2	01:29:39.369	Custom indicator IVT_MACD_ZERO_LAG [DJI30],M1: removed
2	01:29:39.504	Custom indicator RSI Divergence Levels [DJI30],M1: removed
2	01:29:39.506	Custom indicator FRZ Forex Market Session Indicator [DJI30],M1: removed
2	01:29:39.508	Custom indicator AIMS Levels V2 [DJI30],M5: removed
2	01:29:39.578	Custom indicator AIMS Entry Alert V1 [DJI30],M5: removed
2	01:29:39.580	Custom indicator CandleTimer [DJI30],M5: removed
2	01:29:39.666	Custom indicator #Signal_Bars_v6 [DJI30],M5: removed
2	01:29:39.689	Custom indicator TrendEnvelopes_v1 [DJI30],M5: removed
2	01:29:39.833	Custom indicator guppy_multiple_moving_averages [DJI30],M5: removed
2	01:29:40.353	Custom indicator wedges [DJI30],M5: removed
2	01:29:40.446	Custom indicator Admiral Pivot [DJI30],M5: removed
2	01:29:40.447	Custom indicator AutoTrendChannel [DJI30],M5: removed
2	01:29:40.449	Custom indicator FRZ Channel Auto Plotter [DJI30],M5: removed
2	01:29:40.450	Custom indicator FRZ News Indicator MT4 [DJI30],M5: removed
2	01:29:40.451	Custom indicator Forex Uranus direction [DJI30],M5: removed
2	01:29:40.489	Custom indicator aVSA clasters [DJI30],M5: removed
2	01:29:40.496	Custom indicator aVSA Golden Zone [DJI30],M5: removed
2	01:29:40.498	Custom indicator breakout-zones [DJI30],M5: removed
2	01:29:40.499	Custom indicator SL&TP Values [DJI30],M5: removed
2	01:29:40.649	Custom indicator AIMS AO V.2.1 [DJI30],M5: removed
2	01:29:40.799	Custom indicator IVT_MACD_ZERO_LAG [DJI30],M5: removed
2	01:29:41.106	Custom indicator RSI Divergence Levels [DJI30],M5: removed
2	01:29:41.108	Custom indicator FRZ Forex Market Session Indicator [DJI30],M5: removed
2	01:29:41.112	Custom indicator AIMS Levels V2 [DJI30],M15: removed
2	01:29:41.164	Custom indicator AIMS Entry Alert V1 [DJI30],M15: removed
2	01:29:41.168	Custom indicator CandleTimer [DJI30],M15: removed
2	01:29:41.200	Custom indicator #Signal_Bars_v6 [DJI30],M15: removed
2	01:29:41.202	Custom indicator TrendEnvelopes_v1 [DJI30],M15: removed
2	01:29:41.351	Custom indicator guppy_multiple_moving_averages [DJI30],M15: removed
2	01:29:41.560	Custom indicator wedges [DJI30],M15: removed
2	01:29:41.568	Custom indicator Admiral Pivot [DJI30],M15: removed
2	01:29:41.572	Custom indicator AutoTrendChannel [DJI30],M15: removed
2	01:29:41.644	Custom indicator FRZ Channel Auto Plotter [DJI30],M15: removed
2	01:29:41.698	Custom indicator FRZ News Indicator MT4 [DJI30],M15: removed
2	01:29:41.701	Custom indicator Forex Uranus direction [DJI30],M15: removed
2	01:29:41.717	Custom indicator aVSA clasters [DJI30],M15: removed
2	01:29:41.735	Custom indicator aVSA Golden Zone [DJI30],M15: removed
2	01:29:41.736	Custom indicator breakout-zones [DJI30],M15: removed
2	01:29:41.821	Custom indicator SL&TP Values [DJI30],M15: removed
2	01:29:41.822	Custom indicator AIMS AO V.2.1 [DJI30],M15: removed
2	01:29:41.905	Custom indicator IVT_MACD_ZERO_LAG [DJI30],M15: removed
2	01:29:42.266	Custom indicator RSI Divergence Levels [DJI30],M15: removed
2	01:29:42.303	Custom indicator FRZ Forex Market Session Indicator [DJI30],M15: removed
2	01:29:42.333	Custom indicator AIMS Levels V2 [DJI30],H1: removed
2	01:29:42.495	Custom indicator AIMS Entry Alert V1 [DJI30],H1: removed
2	01:29:42.497	Custom indicator CandleTimer [DJI30],H1: removed
2	01:29:42.729	Custom indicator #Signal_Bars_v6 [DJI30],H1: removed
2	01:29:42.731	Custom indicator TrendEnvelopes_v1 [DJI30],H1: removed
2	01:29:42.930	Custom indicator guppy_multiple_moving_averages [DJI30],H1: removed
2	01:29:43.120	Custom indicator wedges [DJI30],H1: removed
2	01:29:43.126	Custom indicator Admiral Pivot [DJI30],H1: removed
2	01:29:43.127	Custom indicator AutoTrendChannel [DJI30],H1: removed
2	01:29:43.129	Custom indicator FRZ Channel Auto Plotter [DJI30],H1: removed
2	01:29:43.147	Custom indicator FRZ News Indicator MT4 [DJI30],H1: removed
2	01:29:43.148	Custom indicator Forex Uranus direction [DJI30],H1: removed
2	01:29:43.256	Custom indicator aVSA clasters [DJI30],H1: removed
2	01:29:43.392	Custom indicator aVSA Golden Zone [DJI30],H1: removed
2	01:29:43.400	Custom indicator breakout-zones [DJI30],H1: removed
2	01:29:43.466	Custom indicator SL&TP Values [DJI30],H1: removed
2	01:29:43.467	Custom indicator AIMS AO V.2.1 [DJI30],H1: removed
2	01:29:43.500	Custom indicator IVT_MACD_ZERO_LAG [DJI30],H1: removed
2	01:29:43.718	Custom indicator RSI Divergence Levels [DJI30],H1: removed
2	01:29:43.763	Custom indicator FRZ Forex Market Session Indicator [DJI30],H1: removed
2	01:29:43.767	Custom indicator AIMS Levels V2 GOLD,M1: removed
2	01:29:43.858	Custom indicator AIMS Entry Alert V1 GOLD,M1: removed
2	01:29:43.865	Custom indicator CandleTimer GOLD,M1: removed
2	01:29:44.452	Custom indicator #Signal_Bars_v6 GOLD,M1: removed
2	01:29:44.459	Custom indicator TrendEnvelopes_v1 GOLD,M1: removed
2	01:29:44.569	Custom indicator guppy_multiple_moving_averages GOLD,M1: removed
2	01:29:44.572	Custom indicator wedges GOLD,M1: removed
2	01:29:44.601	Custom indicator Admiral Pivot GOLD,M1: removed
2	01:29:44.635	Custom indicator AutoTrendChannel GOLD,M1: removed
2	01:29:44.665	Custom indicator FRZ Channel Auto Plotter GOLD,M1: removed
2	01:29:44.710	Custom indicator FRZ News Indicator MT4 GOLD,M1: removed
2	01:29:44.715	Custom indicator Forex Uranus direction GOLD,M1: removed
2	01:29:44.844	Custom indicator aVSA clasters GOLD,M1: removed
2	01:29:44.860	Custom indicator aVSA Golden Zone GOLD,M1: removed
2	01:29:44.865	Custom indicator breakout-zones GOLD,M1: removed
2	01:29:44.915	Custom indicator SL&TP Values GOLD,M1: removed
2	01:29:44.976	Custom indicator AIMS AO V.2.1 GOLD,M1: removed
2	01:29:45.180	Custom indicator IVT_MACD_ZERO_LAG GOLD,M1: removed
2	01:29:45.299	Custom indicator RSI Divergence Levels GOLD,M1: removed
2	01:29:45.387	Custom indicator FRZ Forex Market Session Indicator GOLD,M1: removed
2	01:29:45.495	Custom indicator AIMS Levels V2 GOLD,M5: removed
2	01:29:45.535	Custom indicator AIMS Entry Alert V1 GOLD,M5: removed
2	01:29:45.538	Custom indicator CandleTimer GOLD,M5: removed
2	01:29:45.599	Custom indicator #Signal_Bars_v6 GOLD,M5: removed
2	01:29:45.604	Custom indicator TrendEnvelopes_v1 GOLD,M5: removed
2	01:29:45.732	Custom indicator guppy_multiple_moving_averages GOLD,M5: removed
2	01:29:45.786	Custom indicator wedges GOLD,M5: removed
2	01:29:45.796	Custom indicator Admiral Pivot GOLD,M5: removed
2	01:29:45.798	Custom indicator AutoTrendChannel GOLD,M5: removed
2	01:29:45.814	Custom indicator FRZ Channel Auto Plotter GOLD,M5: removed
2	01:29:45.815	Custom indicator FRZ News Indicator MT4 GOLD,M5: removed
2	01:29:45.829	Custom indicator Forex Uranus direction GOLD,M5: removed
2	01:29:46.275	Custom indicator aVSA clasters GOLD,M5: removed
2	01:29:46.281	Custom indicator aVSA Golden Zone GOLD,M5: removed
2	01:29:46.282	Custom indicator breakout-zones GOLD,M5: removed
2	01:29:46.448	Custom indicator SL&TP Values GOLD,M5: removed
2	01:29:46.456	Custom indicator AIMS AO V.2.1 GOLD,M5: removed
2	01:29:46.500	Custom indicator IVT_MACD_ZERO_LAG GOLD,M5: removed
2	01:29:46.530	Custom indicator RSI Divergence Levels GOLD,M5: removed
2	01:29:46.588	Custom indicator FRZ Forex Market Session Indicator GOLD,M5: removed
2	01:29:46.593	Custom indicator AIMS Levels V2 GOLD,M15: removed
2	01:29:46.593	Custom indicator AIMS Entry Alert V1 GOLD,M15: removed
2	01:29:46.595	Custom indicator CandleTimer GOLD,M15: removed
2	01:29:46.595	Custom indicator #Signal_Bars_v6 GOLD,M15: removed
2	01:29:46.596	Custom indicator TrendEnvelopes_v1 GOLD,M15: removed
2	01:29:46.619	Custom indicator guppy_multiple_moving_averages GOLD,M15: removed
2	01:29:46.620	Custom indicator wedges GOLD,M15: removed
2	01:29:46.710	Custom indicator Admiral Pivot GOLD,M15: removed
2	01:29:46.712	Custom indicator AutoTrendChannel GOLD,M15: removed
2	01:29:46.713	Custom indicator FRZ Channel Auto Plotter GOLD,M15: removed
2	01:29:46.715	Custom indicator FRZ News Indicator MT4 GOLD,M15: removed
2	01:29:46.716	Custom indicator Forex Uranus direction GOLD,M15: removed
2	01:29:46.716	Custom indicator aVSA clasters GOLD,M15: removed
2	01:29:46.719	Custom indicator aVSA Golden Zone GOLD,M15: removed
2	01:29:46.721	Custom indicator breakout-zones GOLD,M15: removed
2	01:29:46.722	Custom indicator SL&TP Values GOLD,M15: removed
2	01:29:46.793	Custom indicator AIMS AO V.2.1 GOLD,M15: removed
2	01:29:46.833	Custom indicator IVT_MACD_ZERO_LAG GOLD,M15: removed
2	01:29:46.904	Custom indicator RSI Divergence Levels GOLD,M15: removed
2	01:29:46.906	Custom indicator FRZ Forex Market Session Indicator GOLD,M15: removed
2	01:29:46.911	Custom indicator AIMS Levels V2 GOLD,M15: removed
2	01:29:46.911	Custom indicator AIMS Entry Alert V1 GOLD,M15: removed
2	01:29:46.913	Custom indicator CandleTimer GOLD,M15: removed
2	01:29:46.924	Custom indicator #Signal_Bars_v6 GOLD,M15: removed
2	01:29:46.926	Custom indicator TrendEnvelopes_v1 GOLD,M15: removed
2	01:29:47.095	Custom indicator guppy_multiple_moving_averages GOLD,M15: removed
2	01:29:47.214	Custom indicator wedges GOLD,M15: removed
2	01:29:47.215	Custom indicator Admiral Pivot GOLD,M15: removed
2	01:29:47.216	Custom indicator AutoTrendChannel GOLD,M15: removed
2	01:29:47.218	Custom indicator FRZ Channel Auto Plotter GOLD,M15: removed
2	01:29:47.219	Custom indicator FRZ News Indicator MT4 GOLD,M15: removed
2	01:29:47.220	Custom indicator Forex Uranus direction GOLD,M15: removed
2	01:29:47.244	Custom indicator aVSA clasters GOLD,M15: removed
2	01:29:47.269	Custom indicator aVSA Golden Zone GOLD,M15: removed
2	01:29:47.367	Custom indicator breakout-zones GOLD,M15: removed
2	01:29:47.434	Custom indicator SL&TP Values GOLD,M15: removed
2	01:29:47.466	Custom indicator AIMS AO V.2.1 GOLD,M15: removed
2	01:29:47.557	Custom indicator IVT_MACD_ZERO_LAG GOLD,M15: removed
2	01:29:47.585	Custom indicator RSI Divergence Levels GOLD,M15: removed
2	01:29:47.592	Custom indicator FRZ Forex Market Session Indicator GOLD,M15: removed
2	01:29:47.704	Custom indicator AIMS Entry Alert V1 GOLD,M5: removed
2	01:29:47.757	Custom indicator CandleTimer GOLD,M5: removed
2	01:29:47.792	Custom indicator #Signal_Bars_v6 GOLD,M5: removed
2	01:29:47.798	Custom indicator AIMS AO V.2.1 GOLD,M5: removed
2	01:29:47.800	Custom indicator IVT_MACD_ZERO_LAG GOLD,M5: removed
2	01:29:48.323	Custom indicator AIMS Levels V2 [SP500],M1: removed
2	01:29:48.323	Custom indicator AIMS Entry Alert V1 [SP500],M1: removed
2	01:29:48.327	Custom indicator CandleTimer [SP500],M1: removed
2	01:29:48.551	Custom indicator #Signal_Bars_v6 [SP500],M1: removed
2	01:29:48.646	Custom indicator AIMS AO V.2.1 [SP500],M1: removed
2	01:29:48.871	Custom indicator IVT_MACD_ZERO_LAG [SP500],M1: removed
2	01:29:49.303	Custom indicator AIMS Levels V2 DAX30,M5: removed
2	01:29:49.304	Custom indicator AIMS Entry Alert V1 DAX30,M5: removed
2	01:29:49.305	Custom indicator CandleTimer DAX30,M5: removed
2	01:29:49.305	Custom indicator #Signal_Bars_v6 DAX30,M5: removed
2	01:29:49.307	Custom indicator TrendEnvelopes_v1 DAX30,M5: removed
2	01:29:49.308	Custom indicator guppy_multiple_moving_averages DAX30,M5: removed
2	01:29:49.309	Custom indicator wedges DAX30,M5: removed
2	01:29:49.310	Custom indicator Admiral Pivot DAX30,M5: removed
2	01:29:49.312	Custom indicator AutoTrendChannel DAX30,M5: removed
2	01:29:49.313	Custom indicator FRZ Channel Auto Plotter DAX30,M5: removed
2	01:29:49.315	Custom indicator FRZ News Indicator MT4 DAX30,M5: removed
2	01:29:49.316	Custom indicator Forex Uranus direction DAX30,M5: removed
2	01:29:49.316	Custom indicator aVSA clasters DAX30,M5: removed
2	01:29:49.318	Custom indicator aVSA Golden Zone DAX30,M5: removed
2	01:29:49.320	Custom indicator breakout-zones DAX30,M5: removed
2	01:29:49.321	Custom indicator SL&TP Values DAX30,M5: removed
2	01:29:49.321	Custom indicator AIMS AO V.2.1 DAX30,M5: removed
2	01:29:49.323	Custom indicator IVT_MACD_ZERO_LAG DAX30,M5: removed
2	01:29:49.324	Custom indicator RSI Divergence Levels DAX30,M5: removed
2	01:29:49.325	Custom indicator FRZ Forex Market Session Indicator DAX30,M5: removed
2	01:29:49.333	Custom indicator AIMS Levels V2 DJ30,M1: removed
2	01:29:49.334	Custom indicator AIMS Entry Alert V1 DJ30,M1: removed
2	01:29:49.335	Custom indicator CandleTimer DJ30,M1: removed
2	01:29:49.335	Custom indicator #Signal_Bars_v6 DJ30,M1: removed
2	01:29:49.336	Custom indicator TrendEnvelopes_v1 DJ30,M1: removed
2	01:29:49.338	Custom indicator guppy_multiple_moving_averages DJ30,M1: removed
2	01:29:49.339	Custom indicator wedges DJ30,M1: removed
2	01:29:49.341	Custom indicator Admiral Pivot DJ30,M1: removed
2	01:29:49.342	Custom indicator AutoTrendChannel DJ30,M1: removed
2	01:29:49.343	Custom indicator FRZ Channel Auto Plotter DJ30,M1: removed
2	01:29:49.345	Custom indicator FRZ News Indicator MT4 DJ30,M1: removed
2	01:29:49.346	Custom indicator Forex Uranus direction DJ30,M1: removed
2	01:29:49.346	Custom indicator aVSA clasters DJ30,M1: removed
2	01:29:49.349	Custom indicator aVSA Golden Zone DJ30,M1: removed
2	01:29:49.350	Custom indicator breakout-zones DJ30,M1: removed
2	01:29:49.352	Custom indicator SL&TP Values DJ30,M1: removed
2	01:29:49.352	Custom indicator AIMS AO V.2.1 DJ30,M1: removed
2	01:29:49.354	Custom indicator IVT_MACD_ZERO_LAG DJ30,M1: removed
2	01:29:49.355	Custom indicator RSI Divergence Levels DJ30,M1: removed
2	01:29:49.357	Custom indicator FRZ Forex Market Session Indicator DJ30,M1: removed
0	01:29:55.501	Admiral Markets build 1330 stopped
0	06:04:54.139	Admiral Markets build 1330 started (Admiral Markets Group AS)
0	06:04:54.139	Windows 10 Pro x64, IE 11, UAC, 8 x Intel Core i7-10510U  @ 1.80GHz, Memory: 2642 / 8014 Mb, Disk: 53 / 197 Gb, GMT+3
0	06:04:54.139	Data Folder: C:\Users\SRIE\AppData\Roaming\MetaQuotes\Terminal\51337600F56B69473E15EAFB8A7586B4
2	06:05:00.694	Custom indicator breakout-zones\breakout-zones [JP225],H1: loaded successfully
2	06:05:00.709	Custom indicator PositionSizeCalculator\PositionSizeCalculator [JP225],H1: loaded successfully
2	06:05:00.899	Custom indicator AIMS Levels V2 [DAX30],M1: loaded successfully
2	06:05:00.971	Custom indicator AIMS Entry Alert V1 [DAX30],M1: loaded successfully
2	06:05:00.979	Custom indicator CandleTimer [DAX30],M1: loaded successfully
2	06:05:01.051	Custom indicator #Signal_Bars_v6 [DAX30],M1: loaded successfully
2	06:05:01.062	Custom indicator TrendEnvelopes_v1 [DAX30],M1: loaded successfully
2	06:05:01.070	Custom indicator guppy_multiple_moving_averages [DAX30],M1: loaded successfully
2	06:05:01.079	Custom indicator wedges [DAX30],M1: loaded successfully
2	06:05:01.087	Custom indicator Admiral Pivot [DAX30],M1: loaded successfully
2	06:05:01.095	Custom indicator AutoTrendChannel [DAX30],M1: loaded successfully
2	06:05:01.104	Custom indicator FRZ Channel Auto Plotter [DAX30],M1: loaded successfully
2	06:05:01.109	Custom indicator FRZ News Indicator MT4 [DAX30],M1: loaded successfully
2	06:05:01.119	Custom indicator Forex Uranus direction [DAX30],M1: loaded successfully
2	06:05:01.184	Custom indicator aVSA\aVSA clasters [DAX30],M1: loaded successfully
2	06:05:01.200	Custom indicator aVSA\aVSA Golden Zone [DAX30],M1: loaded successfully
2	06:05:01.208	Custom indicator breakout-zones\breakout-zones [DAX30],M1: loaded successfully
2	06:05:01.208	Custom indicator breakout-zones\SL&TP Values [DAX30],M1: loaded successfully
2	06:05:01.284	Custom indicator AIMS AO V.2.1 [DAX30],M1: loaded successfully
2	06:05:01.289	Custom indicator IVT_MACD_ZERO_LAG [DAX30],M1: loaded successfully
2	06:05:01.299	Custom indicator RSI Divergence Levels [DAX30],M1: loaded successfully
2	06:05:01.309	Custom indicator FRZ Forex Market Session Indicator [DAX30],M1: loaded successfully
2	06:05:01.863	Custom indicator AIMS Levels V2 [DAX30],M5: loaded successfully
2	06:05:01.929	Custom indicator AIMS Entry Alert V1 [DAX30],M5: loaded successfully
2	06:05:01.935	Custom indicator CandleTimer [DAX30],M5: loaded successfully
2	06:05:02.003	Custom indicator #Signal_Bars_v6 [DAX30],M5: loaded successfully
2	06:05:02.009	Custom indicator TrendEnvelopes_v1 [DAX30],M5: loaded successfully
2	06:05:02.013	Custom indicator guppy_multiple_moving_averages [DAX30],M5: loaded successfully
2	06:05:02.023	Custom indicator wedges [DAX30],M5: loaded successfully
2	06:05:02.033	Custom indicator Admiral Pivot [DAX30],M5: loaded successfully
2	06:05:02.043	Custom indicator AutoTrendChannel [DAX30],M5: loaded successfully
2	06:05:02.052	Custom indicator FRZ Channel Auto Plotter [DAX30],M5: loaded successfully
2	06:05:02.061	Custom indicator FRZ News Indicator MT4 [DAX30],M5: loaded successfully
2	06:05:02.069	Custom indicator Forex Uranus direction [DAX30],M5: loaded successfully
2	06:05:02.136	Custom indicator aVSA\aVSA clasters [DAX30],M5: loaded successfully
2	06:05:02.152	Custom indicator aVSA\aVSA Golden Zone [DAX30],M5: loaded successfully
2	06:05:02.160	Custom indicator breakout-zones\breakout-zones [DAX30],M5: loaded successfully
2	06:05:02.167	Custom indicator breakout-zones\SL&TP Values [DAX30],M5: loaded successfully
2	06:05:02.237	Custom indicator AIMS AO V.2.1 [DAX30],M5: loaded successfully
2	06:05:02.242	Custom indicator IVT_MACD_ZERO_LAG [DAX30],M5: loaded successfully
2	06:05:02.249	Custom indicator RSI Divergence Levels [DAX30],M5: loaded successfully
2	06:05:02.259	Custom indicator FRZ Forex Market Session Indicator [DAX30],M5: loaded successfully
2	06:05:02.529	Custom indicator AIMS Levels V2 [DAX30],M15: loaded successfully
2	06:05:02.608	Custom indicator AIMS Entry Alert V1 [DAX30],M15: loaded successfully
2	06:05:02.614	Custom indicator CandleTimer [DAX30],M15: loaded successfully
2	06:05:02.680	Custom indicator #Signal_Bars_v6 [DAX30],M15: loaded successfully
2	06:05:02.689	Custom indicator TrendEnvelopes_v1 [DAX30],M15: loaded successfully
2	06:05:02.697	Custom indicator guppy_multiple_moving_averages [DAX30],M15: loaded successfully
2	06:05:02.706	Custom indicator wedges [DAX30],M15: loaded successfully
2	06:05:02.714	Custom indicator Admiral Pivot [DAX30],M15: loaded successfully
2	06:05:02.723	Custom indicator AutoTrendChannel [DAX30],M15: loaded successfully
2	06:05:02.734	Custom indicator FRZ Channel Auto Plotter [DAX30],M15: loaded successfully
2	06:05:02.744	Custom indicator FRZ News Indicator MT4 [DAX30],M15: loaded successfully
2	06:05:02.753	Custom indicator Forex Uranus direction [DAX30],M15: loaded successfully
2	06:05:02.826	Custom indicator aVSA\aVSA clasters [DAX30],M15: loaded successfully
2	06:05:02.843	Custom indicator aVSA\aVSA Golden Zone [DAX30],M15: loaded successfully
2	06:05:02.851	Custom indicator breakout-zones\breakout-zones [DAX30],M15: loaded successfully
2	06:05:02.860	Custom indicator breakout-zones\SL&TP Values [DAX30],M15: loaded successfully
2	06:05:02.931	Custom indicator AIMS AO V.2.1 [DAX30],M15: loaded successfully
2	06:05:02.945	Custom indicator IVT_MACD_ZERO_LAG [DAX30],M15: loaded successfully
2	06:05:02.955	Custom indicator RSI Divergence Levels [DAX30],M15: loaded successfully
2	06:05:02.963	Custom indicator FRZ Forex Market Session Indicator [DAX30],M15: loaded successfully
2	06:05:03.269	Custom indicator AIMS Levels V2 [DAX30],H1: loaded successfully
2	06:05:03.349	Custom indicator AIMS Entry Alert V1 [DAX30],H1: loaded successfully
2	06:05:03.357	Custom indicator CandleTimer [DAX30],H1: loaded successfully
2	06:05:03.462	Custom indicator #Signal_Bars_v6 [DAX30],H1: loaded successfully
2	06:05:03.473	Custom indicator TrendEnvelopes_v1 [DAX30],H1: loaded successfully
2	06:05:03.480	Custom indicator guppy_multiple_moving_averages [DAX30],H1: loaded successfully
2	06:05:03.490	Custom indicator wedges [DAX30],H1: loaded successfully
2	06:05:03.498	Custom indicator Admiral Pivot [DAX30],H1: loaded successfully
2	06:05:03.507	Custom indicator AutoTrendChannel [DAX30],H1: loaded successfully
2	06:05:03.515	Custom indicator FRZ Channel Auto Plotter [DAX30],H1: loaded successfully
2	06:05:03.526	Custom indicator FRZ News Indicator MT4 [DAX30],H1: loaded successfully
2	06:05:03.535	Custom indicator Forex Uranus direction [DAX30],H1: loaded successfully
2	06:05:03.613	Custom indicator aVSA\aVSA clasters [DAX30],H1: loaded successfully
2	06:05:03.629	Custom indicator aVSA\aVSA Golden Zone [DAX30],H1: loaded successfully
2	06:05:03.637	Custom indicator breakout-zones\breakout-zones [DAX30],H1: loaded successfully
2	06:05:03.645	Custom indicator breakout-zones\SL&TP Values [DAX30],H1: loaded successfully
2	06:05:03.719	Custom indicator AIMS AO V.2.1 [DAX30],H1: loaded successfully
2	06:05:03.729	Custom indicator IVT_MACD_ZERO_LAG [DAX30],H1: loaded successfully
2	06:05:03.739	Custom indicator RSI Divergence Levels [DAX30],H1: loaded successfully
2	06:05:03.748	Custom indicator FRZ Forex Market Session Indicator [DAX30],H1: loaded successfully
2	06:05:04.041	Custom indicator AIMS Levels V2 [DAX30],M1: loaded successfully
2	06:05:04.112	Custom indicator AIMS Entry Alert V1 [DAX30],M1: loaded successfully
2	06:05:04.118	Custom indicator CandleTimer [DAX30],M1: loaded successfully
2	06:05:04.184	Custom indicator #Signal_Bars_v6 [DAX30],M1: loaded successfully
2	06:05:04.251	Custom indicator AIMS AO V.2.1 [DAX30],M1: loaded successfully
2	06:05:04.259	Custom indicator IVT_MACD_ZERO_LAG [DAX30],M1: loaded successfully
2	06:05:04.356	Custom indicator AIMS Levels V2 [SP500],M1: loaded successfully
2	06:05:04.424	Custom indicator AIMS Entry Alert V1 [SP500],M1: loaded successfully
2	06:05:04.430	Custom indicator CandleTimer [SP500],M1: loaded successfully
2	06:05:04.496	Custom indicator #Signal_Bars_v6 [SP500],M1: loaded successfully
2	06:05:04.562	Custom indicator AIMS AO V.2.1 [SP500],M1: loaded successfully
2	06:05:04.572	Custom indicator IVT_MACD_ZERO_LAG [SP500],M1: loaded successfully
2	06:05:04.665	Custom indicator AIMS Levels V2 [NQ100],M5: loaded successfully
2	06:05:04.732	Custom indicator AIMS Entry Alert V1 [NQ100],M5: loaded successfully
2	06:05:04.739	Custom indicator CandleTimer [NQ100],M5: loaded successfully
2	06:05:04.804	Custom indicator #Signal_Bars_v6 [NQ100],M5: loaded successfully
2	06:05:04.812	Custom indicator TrendEnvelopes_v1 [NQ100],M5: loaded successfully
2	06:05:04.820	Custom indicator wedges [NQ100],M5: loaded successfully
2	06:05:04.828	Custom indicator Admiral Pivot [NQ100],M5: loaded successfully
2	06:05:04.835	Custom indicator AutoTrendChannel [NQ100],M5: loaded successfully
2	06:05:04.842	Custom indicator FRZ Channel Auto Plotter [NQ100],M5: loaded successfully
2	06:05:04.852	Custom indicator FRZ News Indicator MT4 [NQ100],M5: loaded successfully
2	06:05:04.859	Custom indicator Forex Uranus direction [NQ100],M5: loaded successfully
2	06:05:04.926	Custom indicator aVSA\aVSA clasters [NQ100],M5: loaded successfully
2	06:05:04.942	Custom indicator aVSA\aVSA Golden Zone [NQ100],M5: loaded successfully
2	06:05:04.949	Custom indicator breakout-zones\breakout-zones [NQ100],M5: loaded successfully
2	06:05:04.958	Custom indicator breakout-zones\SL&TP Values [NQ100],M5: loaded successfully
2	06:05:05.024	Custom indicator AIMS AO V.2.1 [NQ100],M5: loaded successfully
2	06:05:05.031	Custom indicator IVT_MACD_ZERO_LAG [NQ100],M5: loaded successfully
2	06:05:05.294	Custom indicator AIMS Levels V2 [DJI30],M1: loaded successfully
2	06:05:05.363	Custom indicator AIMS Entry Alert V1 [DJI30],M1: loaded successfully
2	06:05:05.371	Custom indicator CandleTimer [DJI30],M1: loaded successfully
2	06:05:05.480	Custom indicator #Signal_Bars_v6 [DJI30],M1: loaded successfully
2	06:05:05.489	Custom indicator TrendEnvelopes_v1 [DJI30],M1: loaded successfully
2	06:05:05.498	Custom indicator guppy_multiple_moving_averages [DJI30],M1: loaded successfully
2	06:05:05.509	Custom indicator wedges [DJI30],M1: loaded successfully
2	06:05:05.521	Custom indicator Admiral Pivot [DJI30],M1: loaded successfully
2	06:05:05.532	Custom indicator AutoTrendChannel [DJI30],M1: loaded successfully
2	06:05:05.543	Custom indicator FRZ Channel Auto Plotter [DJI30],M1: loaded successfully
2	06:05:05.556	Custom indicator FRZ News Indicator MT4 [DJI30],M1: loaded successfully
2	06:05:05.567	Custom indicator Forex Uranus direction [DJI30],M1: loaded successfully
2	06:05:05.642	Custom indicator aVSA\aVSA clasters [DJI30],M1: loaded successfully
2	06:05:05.660	Custom indicator aVSA\aVSA Golden Zone [DJI30],M1: loaded successfully
2	06:05:05.669	Custom indicator breakout-zones\breakout-zones [DJI30],M1: loaded successfully
2	06:05:05.677	Custom indicator breakout-zones\SL&TP Values [DJI30],M1: loaded successfully
2	06:05:05.745	Custom indicator AIMS AO V.2.1 [DJI30],M1: loaded successfully
2	06:05:05.753	Custom indicator IVT_MACD_ZERO_LAG [DJI30],M1: loaded successfully
2	06:05:05.760	Custom indicator RSI Divergence Levels [DJI30],M1: loaded successfully
2	06:05:05.768	Custom indicator FRZ Forex Market Session Indicator [DJI30],M1: loaded successfully
2	06:05:06.059	Custom indicator AIMS Levels V2 [DJI30],M5: loaded successfully
2	06:05:06.127	Custom indicator AIMS Entry Alert V1 [DJI30],M5: loaded successfully
2	06:05:06.133	Custom indicator CandleTimer [DJI30],M5: loaded successfully
2	06:05:06.230	Custom indicator #Signal_Bars_v6 [DJI30],M5: loaded successfully
2	06:05:06.244	Custom indicator TrendEnvelopes_v1 [DJI30],M5: loaded successfully
2	06:05:06.252	Custom indicator guppy_multiple_moving_averages [DJI30],M5: loaded successfully
2	06:05:06.260	Custom indicator wedges [DJI30],M5: loaded successfully
2	06:05:06.268	Custom indicator Admiral Pivot [DJI30],M5: loaded successfully
2	06:05:06.277	Custom indicator AutoTrendChannel [DJI30],M5: loaded successfully
2	06:05:06.287	Custom indicator FRZ Channel Auto Plotter [DJI30],M5: loaded successfully
2	06:05:06.297	Custom indicator FRZ News Indicator MT4 [DJI30],M5: loaded successfully
2	06:05:06.304	Custom indicator Forex Uranus direction [DJI30],M5: loaded successfully
2	06:05:06.378	Custom indicator aVSA\aVSA clasters [DJI30],M5: loaded successfully
2	06:05:06.395	Custom indicator aVSA\aVSA Golden Zone [DJI30],M5: loaded successfully
2	06:05:06.404	Custom indicator breakout-zones\breakout-zones [DJI30],M5: loaded successfully
2	06:05:06.412	Custom indicator breakout-zones\SL&TP Values [DJI30],M5: loaded successfully
2	06:05:06.489	Custom indicator AIMS AO V.2.1 [DJI30],M5: loaded successfully
2	06:05:06.502	Custom indicator IVT_MACD_ZERO_LAG [DJI30],M5: loaded successfully
2	06:05:06.513	Custom indicator RSI Divergence Levels [DJI30],M5: loaded successfully
2	06:05:06.522	Custom indicator FRZ Forex Market Session Indicator [DJI30],M5: loaded successfully
2	06:05:07.010	Custom indicator AIMS Levels V2 [DJI30],M15: loaded successfully
2	06:05:07.078	Custom indicator AIMS Entry Alert V1 [DJI30],M15: loaded successfully
2	06:05:07.085	Custom indicator CandleTimer [DJI30],M15: loaded successfully
2	06:05:07.149	Custom indicator #Signal_Bars_v6 [DJI30],M15: loaded successfully
2	06:05:07.158	Custom indicator TrendEnvelopes_v1 [DJI30],M15: loaded successfully
2	06:05:07.166	Custom indicator guppy_multiple_moving_averages [DJI30],M15: loaded successfully
2	06:05:07.174	Custom indicator wedges [DJI30],M15: loaded successfully
2	06:05:07.182	Custom indicator Admiral Pivot [DJI30],M15: loaded successfully
2	06:05:07.190	Custom indicator AutoTrendChannel [DJI30],M15: loaded successfully
2	06:05:07.198	Custom indicator FRZ Channel Auto Plotter [DJI30],M15: loaded successfully
2	06:05:07.207	Custom indicator FRZ News Indicator MT4 [DJI30],M15: loaded successfully
2	06:05:07.215	Custom indicator Forex Uranus direction [DJI30],M15: loaded successfully
2	06:05:07.284	Custom indicator aVSA\aVSA clasters [DJI30],M15: loaded successfully
2	06:05:07.299	Custom indicator aVSA\aVSA Golden Zone [DJI30],M15: loaded successfully
2	06:05:07.308	Custom indicator breakout-zones\breakout-zones [DJI30],M15: loaded successfully
2	06:05:07.315	Custom indicator breakout-zones\SL&TP Values [DJI30],M15: loaded successfully
2	06:05:07.387	Custom indicator AIMS AO V.2.1 [DJI30],M15: loaded successfully
2	06:05:07.395	Custom indicator IVT_MACD_ZERO_LAG [DJI30],M15: loaded successfully
2	06:05:07.405	Custom indicator RSI Divergence Levels [DJI30],M15: loaded successfully
2	06:05:07.413	Custom indicator FRZ Forex Market Session Indicator [DJI30],M15: loaded successfully
2	06:05:07.747	Custom indicator AIMS Levels V2 [DJI30],H1: loaded successfully
2	06:05:07.820	Custom indicator AIMS Entry Alert V1 [DJI30],H1: loaded successfully
2	06:05:07.827	Custom indicator CandleTimer [DJI30],H1: loaded successfully
2	06:05:07.897	Custom indicator #Signal_Bars_v6 [DJI30],H1: loaded successfully
2	06:05:07.905	Custom indicator TrendEnvelopes_v1 [DJI30],H1: loaded successfully
2	06:05:07.912	Custom indicator guppy_multiple_moving_averages [DJI30],H1: loaded successfully
2	06:05:07.919	Custom indicator wedges [DJI30],H1: loaded successfully
2	06:05:07.929	Custom indicator Admiral Pivot [DJI30],H1: loaded successfully
2	06:05:07.937	Custom indicator AutoTrendChannel [DJI30],H1: loaded successfully
2	06:05:07.944	Custom indicator FRZ Channel Auto Plotter [DJI30],H1: loaded successfully
2	06:05:07.953	Custom indicator FRZ News Indicator MT4 [DJI30],H1: loaded successfully
2	06:05:07.963	Custom indicator Forex Uranus direction [DJI30],H1: loaded successfully
2	06:05:08.055	Custom indicator aVSA\aVSA clasters [DJI30],H1: loaded successfully
2	06:05:08.072	Custom indicator aVSA\aVSA Golden Zone [DJI30],H1: loaded successfully
2	06:05:08.082	Custom indicator breakout-zones\breakout-zones [DJI30],H1: loaded successfully
2	06:05:08.094	Custom indicator breakout-zones\SL&TP Values [DJI30],H1: loaded successfully
2	06:05:08.170	Custom indicator AIMS AO V.2.1 [DJI30],H1: loaded successfully
2	06:05:08.178	Custom indicator IVT_MACD_ZERO_LAG [DJI30],H1: loaded successfully
2	06:05:08.186	Custom indicator RSI Divergence Levels [DJI30],H1: loaded successfully
2	06:05:08.194	Custom indicator FRZ Forex Market Session Indicator [DJI30],H1: loaded successfully
2	06:05:08.509	Custom indicator AIMS Levels V2 GOLD,M1: loaded successfully
2	06:05:08.610	Custom indicator AIMS Entry Alert V1 GOLD,M1: loaded successfully
2	06:05:08.618	Custom indicator CandleTimer GOLD,M1: loaded successfully
2	06:05:08.716	Custom indicator #Signal_Bars_v6 GOLD,M1: loaded successfully
2	06:05:08.726	Custom indicator TrendEnvelopes_v1 GOLD,M1: loaded successfully
2	06:05:08.738	Custom indicator guppy_multiple_moving_averages GOLD,M1: loaded successfully
2	06:05:08.751	Custom indicator wedges GOLD,M1: loaded successfully
2	06:05:08.759	Custom indicator Admiral Pivot GOLD,M1: loaded successfully
2	06:05:08.769	Custom indicator AutoTrendChannel GOLD,M1: loaded successfully
2	06:05:08.776	Custom indicator FRZ Channel Auto Plotter GOLD,M1: loaded successfully
2	06:05:08.788	Custom indicator FRZ News Indicator MT4 GOLD,M1: loaded successfully
2	06:05:08.796	Custom indicator Forex Uranus direction GOLD,M1: loaded successfully
2	06:05:08.874	Custom indicator aVSA\aVSA clasters GOLD,M1: loaded successfully
2	06:05:08.899	Custom indicator aVSA\aVSA Golden Zone GOLD,M1: loaded successfully
2	06:05:08.909	Custom indicator breakout-zones\breakout-zones GOLD,M1: loaded successfully
2	06:05:08.919	Custom indicator breakout-zones\SL&TP Values GOLD,M1: loaded successfully
2	06:05:08.991	Custom indicator AIMS AO V.2.1 GOLD,M1: loaded successfully
2	06:05:08.999	Custom indicator IVT_MACD_ZERO_LAG GOLD,M1: loaded successfully
2	06:05:09.007	Custom indicator RSI Divergence Levels GOLD,M1: loaded successfully
2	06:05:09.016	Custom indicator FRZ Forex Market Session Indicator GOLD,M1: loaded successfully
2	06:05:09.312	Custom indicator AIMS Levels V2 GOLD,M5: loaded successfully
2	06:05:09.385	Custom indicator AIMS Entry Alert V1 GOLD,M5: loaded successfully
2	06:05:09.392	Custom indicator CandleTimer GOLD,M5: loaded successfully
2	06:05:09.462	Custom indicator #Signal_Bars_v6 GOLD,M5: loaded successfully
2	06:05:09.471	Custom indicator TrendEnvelopes_v1 GOLD,M5: loaded successfully
2	06:05:09.483	Custom indicator guppy_multiple_moving_averages GOLD,M5: loaded successfully
2	06:05:09.495	Custom indicator wedges GOLD,M5: loaded successfully
2	06:05:09.506	Custom indicator Admiral Pivot GOLD,M5: loaded successfully
2	06:05:09.522	Custom indicator AutoTrendChannel GOLD,M5: loaded successfully
2	06:05:09.568	Custom indicator FRZ Channel Auto Plotter GOLD,M5: loaded successfully
2	06:05:09.663	Custom indicator FRZ News Indicator MT4 GOLD,M5: loaded successfully
2	06:05:09.678	Custom indicator Forex Uranus direction GOLD,M5: loaded successfully
2	06:05:09.782	Custom indicator aVSA\aVSA clasters GOLD,M5: loaded successfully
2	06:05:09.807	Custom indicator aVSA\aVSA Golden Zone GOLD,M5: loaded successfully
2	06:05:09.820	Custom indicator breakout-zones\breakout-zones GOLD,M5: loaded successfully
2	06:05:09.838	Custom indicator breakout-zones\SL&TP Values GOLD,M5: loaded successfully
2	06:05:09.945	Custom indicator AIMS AO V.2.1 GOLD,M5: loaded successfully
2	06:05:09.954	Custom indicator IVT_MACD_ZERO_LAG GOLD,M5: loaded successfully
2	06:05:09.962	Custom indicator RSI Divergence Levels GOLD,M5: loaded successfully
2	06:05:09.974	Custom indicator FRZ Forex Market Session Indicator GOLD,M5: loaded successfully
2	06:05:10.390	Custom indicator AIMS Levels V2 GOLD,M15: loaded successfully
2	06:05:10.516	Custom indicator AIMS Entry Alert V1 GOLD,M15: loaded successfully
2	06:05:10.524	Custom indicator CandleTimer GOLD,M15: loaded successfully
2	06:05:10.617	Custom indicator #Signal_Bars_v6 GOLD,M15: loaded successfully
2	06:05:10.628	Custom indicator TrendEnvelopes_v1 GOLD,M15: loaded successfully
2	06:05:10.638	Custom indicator guppy_multiple_moving_averages GOLD,M15: loaded successfully
2	06:05:10.651	Custom indicator wedges GOLD,M15: loaded successfully
2	06:05:10.661	Custom indicator Admiral Pivot GOLD,M15: loaded successfully
2	06:05:10.672	Custom indicator AutoTrendChannel GOLD,M15: loaded successfully
2	06:05:10.684	Custom indicator FRZ Channel Auto Plotter GOLD,M15: loaded successfully
2	06:05:10.699	Custom indicator FRZ News Indicator MT4 GOLD,M15: loaded successfully
2	06:05:10.710	Custom indicator Forex Uranus direction GOLD,M15: loaded successfully
2	06:05:10.847	Custom indicator aVSA\aVSA clasters GOLD,M15: loaded successfully
2	06:05:10.871	Custom indicator aVSA\aVSA Golden Zone GOLD,M15: loaded successfully
2	06:05:10.885	Custom indicator breakout-zones\breakout-zones GOLD,M15: loaded successfully
2	06:05:10.900	Custom indicator breakout-zones\SL&TP Values GOLD,M15: loaded successfully
2	06:05:11.050	Custom indicator AIMS AO V.2.1 GOLD,M15: loaded successfully
2	06:05:11.067	Custom indicator IVT_MACD_ZERO_LAG GOLD,M15: loaded successfully
2	06:05:11.084	Custom indicator RSI Divergence Levels GOLD,M15: loaded successfully
2	06:05:11.097	Custom indicator FRZ Forex Market Session Indicator GOLD,M15: loaded successfully
2	06:05:11.627	Custom indicator AIMS Levels V2 GOLD,M15: loaded successfully
2	06:05:11.789	Custom indicator AIMS Entry Alert V1 GOLD,M15: loaded successfully
2	06:05:11.800	Custom indicator CandleTimer GOLD,M15: loaded successfully
2	06:05:11.920	Custom indicator #Signal_Bars_v6 GOLD,M15: loaded successfully
2	06:05:11.932	Custom indicator TrendEnvelopes_v1 GOLD,M15: loaded successfully
2	06:05:11.943	Custom indicator guppy_multiple_moving_averages GOLD,M15: loaded successfully
2	06:05:11.955	Custom indicator wedges GOLD,M15: loaded successfully
2	06:05:11.966	Custom indicator Admiral Pivot GOLD,M15: loaded successfully
2	06:05:11.977	Custom indicator AutoTrendChannel GOLD,M15: loaded successfully
2	06:05:11.988	Custom indicator FRZ Channel Auto Plotter GOLD,M15: loaded successfully
2	06:05:12.002	Custom indicator FRZ News Indicator MT4 GOLD,M15: loaded successfully
2	06:05:12.014	Custom indicator Forex Uranus direction GOLD,M15: loaded successfully
2	06:05:12.109	Custom indicator aVSA\aVSA clasters GOLD,M15: loaded successfully
2	06:05:12.130	Custom indicator aVSA\aVSA Golden Zone GOLD,M15: loaded successfully
2	06:05:12.140	Custom indicator breakout-zones\breakout-zones GOLD,M15: loaded successfully
2	06:05:12.150	Custom indicator breakout-zones\SL&TP Values GOLD,M15: loaded successfully
2	06:05:12.236	Custom indicator AIMS AO V.2.1 GOLD,M15: loaded successfully
2	06:05:12.246	Custom indicator IVT_MACD_ZERO_LAG GOLD,M15: loaded successfully
2	06:05:12.256	Custom indicator RSI Divergence Levels GOLD,M15: loaded successfully
2	06:05:12.266	Custom indicator FRZ Forex Market Session Indicator GOLD,M15: loaded successfully
2	06:05:12.585	Custom indicator AIMS Entry Alert V1 GOLD,M5: loaded successfully
2	06:05:12.592	Custom indicator CandleTimer GOLD,M5: loaded successfully
2	06:05:12.666	Custom indicator #Signal_Bars_v6 GOLD,M5: loaded successfully
2	06:05:12.738	Custom indicator AIMS AO V.2.1 GOLD,M5: loaded successfully
2	06:05:12.747	Custom indicator IVT_MACD_ZERO_LAG GOLD,M5: loaded successfully
2	06:05:12.854	Custom indicator AIMS Levels V2 DAX30,M5: loaded successfully
2	06:05:12.925	Custom indicator AIMS Entry Alert V1 DAX30,M5: loaded successfully
2	06:05:12.932	Custom indicator CandleTimer DAX30,M5: loaded successfully
2	06:05:13.002	Custom indicator #Signal_Bars_v6 DAX30,M5: loaded successfully
2	06:05:13.012	Custom indicator TrendEnvelopes_v1 DAX30,M5: loaded successfully
2	06:05:13.020	Custom indicator guppy_multiple_moving_averages DAX30,M5: loaded successfully
2	06:05:13.029	Custom indicator wedges DAX30,M5: loaded successfully
2	06:05:13.038	Custom indicator Admiral Pivot DAX30,M5: loaded successfully
2	06:05:13.047	Custom indicator AutoTrendChannel DAX30,M5: loaded successfully
2	06:05:13.056	Custom indicator FRZ Channel Auto Plotter DAX30,M5: loaded successfully
2	06:05:13.067	Custom indicator FRZ News Indicator MT4 DAX30,M5: loaded successfully
2	06:05:13.077	Custom indicator Forex Uranus direction DAX30,M5: loaded successfully
2	06:05:13.160	Custom indicator aVSA\aVSA clasters DAX30,M5: loaded successfully
2	06:05:13.180	Custom indicator aVSA\aVSA Golden Zone DAX30,M5: loaded successfully
2	06:05:13.191	Custom indicator breakout-zones\breakout-zones DAX30,M5: loaded successfully
2	06:05:13.203	Custom indicator breakout-zones\SL&TP Values DAX30,M5: loaded successfully
2	06:05:13.307	Custom indicator AIMS AO V.2.1 DAX30,M5: loaded successfully
2	06:05:13.326	Custom indicator IVT_MACD_ZERO_LAG DAX30,M5: loaded successfully
2	06:05:13.339	Custom indicator RSI Divergence Levels DAX30,M5: loaded successfully
2	06:05:13.350	Custom indicator FRZ Forex Market Session Indicator DAX30,M5: loaded successfully
2	06:05:14.254	Custom indicator AIMS Levels V2 DJ30,M1: loaded successfully
2	06:05:14.333	Custom indicator AIMS Entry Alert V1 DJ30,M1: loaded successfully
2	06:05:14.340	Custom indicator CandleTimer DJ30,M1: loaded successfully
2	06:05:14.417	Custom indicator #Signal_Bars_v6 DJ30,M1: loaded successfully
2	06:05:14.425	Custom indicator TrendEnvelopes_v1 DJ30,M1: loaded successfully
2	06:05:14.434	Custom indicator guppy_multiple_moving_averages DJ30,M1: loaded successfully
2	06:05:14.443	Custom indicator wedges DJ30,M1: loaded successfully
2	06:05:14.452	Custom indicator Admiral Pivot DJ30,M1: loaded successfully
2	06:05:14.460	Custom indicator AutoTrendChannel DJ30,M1: loaded successfully
2	06:05:14.469	Custom indicator FRZ Channel Auto Plotter DJ30,M1: loaded successfully
2	06:05:14.479	Custom indicator FRZ News Indicator MT4 DJ30,M1: loaded successfully
2	06:05:14.488	Custom indicator Forex Uranus direction DJ30,M1: loaded successfully
2	06:05:14.563	Custom indicator aVSA\aVSA clasters DJ30,M1: loaded successfully
2	06:05:14.580	Custom indicator aVSA\aVSA Golden Zone DJ30,M1: loaded successfully
2	06:05:14.588	Custom indicator breakout-zones\breakout-zones DJ30,M1: loaded successfully
2	06:05:14.596	Custom indicator breakout-zones\SL&TP Values DJ30,M1: loaded successfully
2	06:05:14.668	Custom indicator AIMS AO V.2.1 DJ30,M1: loaded successfully
2	06:05:14.677	Custom indicator IVT_MACD_ZERO_LAG DJ30,M1: loaded successfully
2	06:05:14.685	Custom indicator RSI Divergence Levels DJ30,M1: loaded successfully
2	06:05:14.694	Custom indicator FRZ Forex Market Session Indicator DJ30,M1: loaded successfully
0	06:05:17.557	'889883696': login on VantageFXInternational-Demo through DC6-London (ping: 308.81 ms)
0	06:05:20.732	'889883696': login datacenter on VantageFXInternational-Demo through DC6-London (ping: 308.81 ms)
0	06:05:22.082	'889883696': previous successful authorization performed from 102.68.248.46
0	06:05:37.915	'889883696': auto connecting to a better access point DC7-US (ping is 305.47 ms)
0	06:05:38.929	'889883696': login on VantageFXInternational-Demo through DC7-US (ping: 305.47 ms)
0	06:05:41.584	'889883696': login datacenter on VantageFXInternational-Demo through DC7-US (ping: 305.47 ms)
0	06:05:42.311	'889883696': previous successful authorization performed from 102.68.248.46
0	06:08:59.433	'889883696': order sell market 2.00 DJ30 sl: 0.00 tp: 0.00
0	06:08:59.871	'889883696': order was opened : #81940962 sell 2.00 DJ30 at 33799.30 sl: 0.00 tp: 0.00
0	06:09:10.229	'889883696': modify order #81940962 sell 2.00 DJ30 at 33799.30 sl: 0.00 tp: 0.00 -> sl: 33812.24 tp: 0.00
0	06:09:10.760	'889883696': order #81940962 sell 2.00 DJ30 at 33799.30 was modified -> sl: 33812.24 tp: 0.00
0	06:09:53.917	'889883696': close order #81940962 sell 2.00 DJ30 at 33799.30 sl: 33812.24 tp: 0.00 at price 0.00
0	06:09:54.432	'889883696': order #81940962 sell 2.00 DJ30 at 33799.30 sl: 33812.24 tp: 0.00 closed at price 33798.70
0	06:10:11.000	'889883696': order sell market 0.10 DJ30 sl: 0.00 tp: 0.00
0	06:10:11.515	'889883696': order was opened : #81941045 sell 0.10 DJ30 at 33794.30 sl: 0.00 tp: 0.00
0	06:10:36.055	'889883696': order sell market 0.10 DJ30 sl: 0.00 tp: 0.00
0	06:10:36.539	'889883696': order was opened : #81941056 sell 0.10 DJ30 at 33796.30 sl: 0.00 tp: 0.00
0	06:10:44.007	'889883696': order sell market 0.10 DJ30 sl: 0.00 tp: 0.00
0	06:10:44.616	'889883696': order was opened : #81941078 sell 0.10 DJ30 at 33798.30 sl: 0.00 tp: 0.00
0	06:11:45.281	'7588135': login on BDSwissGlobal-Demo01 through Demo01 - Belgium (ping: 207.37 ms)
0	06:11:52.504	'7588135': login datacenter on BDSwissGlobal-Demo01 through Demo01 - Belgium (ping: 207.37 ms)
0	06:11:53.718	'7588135': previous successful authorization performed from 102.68.248.46
2	06:12:10.313	Custom indicator AIMS Levels V2 US30,H1: loaded successfully
2	06:12:10.391	Custom indicator AIMS Entry Alert V1 US30,H1: loaded successfully
2	06:12:10.391	Custom indicator CandleTimer US30,H1: loaded successfully
2	06:12:10.453	Custom indicator #Signal_Bars_v6 US30,H1: loaded successfully
2	06:12:10.469	Custom indicator TrendEnvelopes_v1 US30,H1: loaded successfully
2	06:12:10.469	Custom indicator guppy_multiple_moving_averages US30,H1: loaded successfully
2	06:12:10.485	Custom indicator wedges US30,H1: loaded successfully
2	06:12:10.485	Custom indicator Admiral Pivot US30,H1: loaded successfully
2	06:12:10.500	Custom indicator AutoTrendChannel US30,H1: loaded successfully
2	06:12:10.500	Custom indicator FRZ Channel Auto Plotter US30,H1: loaded successfully
2	06:12:10.516	Custom indicator FRZ News Indicator MT4 US30,H1: loaded successfully
2	06:12:10.516	Custom indicator Forex Uranus direction US30,H1: loaded successfully
2	06:12:10.594	Custom indicator aVSA\aVSA clasters US30,H1: loaded successfully
2	06:12:10.610	Custom indicator aVSA\aVSA Golden Zone US30,H1: loaded successfully
2	06:12:10.610	Custom indicator breakout-zones\breakout-zones US30,H1: loaded successfully
2	06:12:10.625	Custom indicator breakout-zones\SL&TP Values US30,H1: loaded successfully
2	06:12:10.688	Custom indicator AIMS AO V.2.1 US30,H1: loaded successfully
2	06:12:10.688	Custom indicator IVT_MACD_ZERO_LAG US30,H1: loaded successfully
2	06:12:10.703	Custom indicator RSI Divergence Levels US30,H1: loaded successfully
2	06:12:10.719	Custom indicator FRZ Forex Market Session Indicator US30,H1: loaded successfully
0	06:12:20.391	'7588135': auto connecting to a better access point Demo01 - Germany (ping is 215.53 ms)
0	06:12:21.344	'7588135': login on BDSwissGlobal-Demo01 through Demo01 - Germany (ping: 215.53 ms)
0	06:12:23.616	'7588135': login datacenter on BDSwissGlobal-Demo01 through Demo01 - Germany (ping: 215.53 ms)
0	06:12:25.749	'7588135': previous successful authorization performed from 102.68.248.46
0	06:13:31.677	'7588135': order sell market 1.00 US30 sl: 0.00 tp: 0.00
0	06:13:32.071	'7588135': order was opened : #127287547 sell 1.00 US30 at 33791.20 sl: 0.00 tp: 0.00
0	06:13:53.155	'7588135': close order #127287547 sell 1.00 US30 at 33791.20 sl: 0.00 tp: 0.00 at price 0.00
0	06:13:53.983	'7588135': order #127287547 sell 1.00 US30 at 33791.20 sl: 0.00 tp: 0.00 closed at price 33790.80
0	06:13:59.019	'7588135': order sell market 2.00 US30 sl: 0.00 tp: 0.00
0	06:13:59.441	'7588135': order was opened : #127287552 sell 2.00 US30 at 33789.20 sl: 0.00 tp: 0.00
0	06:19:07.747	'7588135': close order #127287552 sell 2.00 US30 at 33789.20 sl: 0.00 tp: 0.00 at price 0.00
0	06:19:08.188	'7588135': order #127287552 sell 2.00 US30 at 33789.20 sl: 0.00 tp: 0.00 closed at price 33778.80
0	06:19:18.999	'889883696': login on VantageFXInternational-Demo through DC7-US (ping: 305.47 ms)
0	06:19:24.155	'889883696': login datacenter on VantageFXInternational-Demo through DC7-US (ping: 305.47 ms)
0	06:19:25.159	'889883696': previous successful authorization performed from 102.68.248.46
0	06:19:42.201	'889883696': close order #81941056 sell 0.10 DJ30 at 33796.30 sl: 0.00 tp: 0.00 at price 0.00
0	06:19:42.623	'889883696': order #81941056 sell 0.10 DJ30 at 33796.30 sl: 0.00 tp: 0.00 closed at price 33790.70
0	06:19:43.343	'889883696': close order #81941045 sell 0.10 DJ30 at 33794.30 sl: 0.00 tp: 0.00 at price 0.00
0	06:19:43.789	'889883696': order #81941045 sell 0.10 DJ30 at 33794.30 sl: 0.00 tp: 0.00 closed at price 33790.70
0	06:19:44.531	'889883696': close order #81941078 sell 0.10 DJ30 at 33798.30 sl: 0.00 tp: 0.00 at price 0.00
0	06:19:44.939	'889883696': order #81941078 sell 0.10 DJ30 at 33798.30 sl: 0.00 tp: 0.00 closed at price 33790.70
0	06:20:07.111	'27153390': login on AdmiralMarkets-Live through Access Point #6 (ping: 238.27 ms)
0	06:20:09.493	'27153390': login datacenter on AdmiralMarkets-Live through Access Point #6 (ping: 238.27 ms)
0	06:20:10.199	'27153390': previous successful authorization performed from 102.68.248.46
0	06:20:29.978	'27153390': auto connecting to a better access point Access Point #9 (ping is 217.77 ms)
0	06:20:30.974	'27153390': login on AdmiralMarkets-Live through Access Point #9 (ping: 217.77 ms)
0	06:20:37.533	'27153390': login datacenter on AdmiralMarkets-Live through Access Point #9 (ping: 217.77 ms)
0	06:20:38.145	'27153390': previous successful authorization performed from 102.68.248.46
2	06:27:16.526	Custom indicator AIMS Levels V2 DAX30,M5: removed
2	06:27:16.526	Custom indicator AIMS Entry Alert V1 DAX30,M5: removed
2	06:27:16.527	Custom indicator CandleTimer DAX30,M5: removed
2	06:27:16.527	Custom indicator #Signal_Bars_v6 DAX30,M5: removed
2	06:27:16.528	Custom indicator TrendEnvelopes_v1 DAX30,M5: removed
2	06:27:16.530	Custom indicator guppy_multiple_moving_averages DAX30,M5: removed
2	06:27:16.531	Custom indicator wedges DAX30,M5: removed
2	06:27:16.532	Custom indicator Admiral Pivot DAX30,M5: removed
2	06:27:16.533	Custom indicator AutoTrendChannel DAX30,M5: removed
2	06:27:16.535	Custom indicator FRZ Channel Auto Plotter DAX30,M5: removed
2	06:27:16.537	Custom indicator FRZ News Indicator MT4 DAX30,M5: removed
2	06:27:16.539	Custom indicator Forex Uranus direction DAX30,M5: removed
2	06:27:16.539	Custom indicator aVSA clasters DAX30,M5: removed
2	06:27:16.542	Custom indicator aVSA Golden Zone DAX30,M5: removed
2	06:27:16.543	Custom indicator breakout-zones DAX30,M5: removed
2	06:27:16.544	Custom indicator SL&TP Values DAX30,M5: removed
2	06:27:16.544	Custom indicator AIMS AO V.2.1 DAX30,M5: removed
2	06:27:16.546	Custom indicator IVT_MACD_ZERO_LAG DAX30,M5: removed
2	06:27:16.547	Custom indicator RSI Divergence Levels DAX30,M5: removed
2	06:27:16.548	Custom indicator FRZ Forex Market Session Indicator DAX30,M5: removed
2	06:27:19.502	Custom indicator AIMS Levels V2 DJ30,M1: removed
2	06:27:19.502	Custom indicator AIMS Entry Alert V1 DJ30,M1: removed
2	06:27:19.504	Custom indicator CandleTimer DJ30,M1: removed
2	06:27:19.504	Custom indicator #Signal_Bars_v6 DJ30,M1: removed
2	06:27:19.506	Custom indicator TrendEnvelopes_v1 DJ30,M1: removed
2	06:27:19.507	Custom indicator guppy_multiple_moving_averages DJ30,M1: removed
2	06:27:19.508	Custom indicator wedges DJ30,M1: removed
2	06:27:19.509	Custom indicator Admiral Pivot DJ30,M1: removed
2	06:27:19.511	Custom indicator AutoTrendChannel DJ30,M1: removed
2	06:27:19.512	Custom indicator FRZ Channel Auto Plotter DJ30,M1: removed
2	06:27:19.513	Custom indicator FRZ News Indicator MT4 DJ30,M1: removed
2	06:27:19.514	Custom indicator Forex Uranus direction DJ30,M1: removed
2	06:27:19.514	Custom indicator aVSA clasters DJ30,M1: removed
2	06:27:19.517	Custom indicator aVSA Golden Zone DJ30,M1: removed
2	06:27:19.520	Custom indicator breakout-zones DJ30,M1: removed
2	06:27:19.522	Custom indicator SL&TP Values DJ30,M1: removed
2	06:27:19.522	Custom indicator AIMS AO V.2.1 DJ30,M1: removed
2	06:27:19.523	Custom indicator IVT_MACD_ZERO_LAG DJ30,M1: removed
2	06:27:19.524	Custom indicator RSI Divergence Levels DJ30,M1: removed
2	06:27:19.526	Custom indicator FRZ Forex Market Session Indicator DJ30,M1: removed
2	06:27:22.319	Custom indicator AIMS Levels V2 US30,M1: removed
2	06:27:22.319	Custom indicator AIMS Entry Alert V1 US30,M1: removed
2	06:27:22.320	Custom indicator CandleTimer US30,M1: removed
2	06:27:22.320	Custom indicator #Signal_Bars_v6 US30,M1: removed
2	06:27:22.321	Custom indicator TrendEnvelopes_v1 US30,M1: removed
2	06:27:22.322	Custom indicator guppy_multiple_moving_averages US30,M1: removed
2	06:27:22.324	Custom indicator wedges US30,M1: removed
2	06:27:22.325	Custom indicator Admiral Pivot US30,M1: removed
2	06:27:22.326	Custom indicator AutoTrendChannel US30,M1: removed
2	06:27:22.327	Custom indicator FRZ Channel Auto Plotter US30,M1: removed
2	06:27:22.329	Custom indicator FRZ News Indicator MT4 US30,M1: removed
2	06:27:22.330	Custom indicator Forex Uranus direction US30,M1: removed
2	06:27:22.330	Custom indicator aVSA clasters US30,M1: removed
2	06:27:22.335	Custom indicator aVSA Golden Zone US30,M1: removed
2	06:27:22.336	Custom indicator breakout-zones US30,M1: removed
2	06:27:22.337	Custom indicator SL&TP Values US30,M1: removed
2	06:27:22.337	Custom indicator AIMS AO V.2.1 US30,M1: removed
2	06:27:22.338	Custom indicator IVT_MACD_ZERO_LAG US30,M1: removed
2	06:27:22.340	Custom indicator RSI Divergence Levels US30,M1: removed
2	06:27:22.341	Custom indicator FRZ Forex Market Session Indicator US30,M1: removed
2	06:28:42.342	Custom indicator AIMS Levels V2 SILVER,H1: loaded successfully
2	06:28:42.420	Custom indicator AIMS Entry Alert V1 SILVER,H1: loaded successfully
2	06:28:42.427	Custom indicator CandleTimer SILVER,H1: loaded successfully
2	06:28:42.505	Custom indicator #Signal_Bars_v6 SILVER,H1: loaded successfully
2	06:28:42.513	Custom indicator TrendEnvelopes_v1 SILVER,H1: loaded successfully
2	06:28:42.524	Custom indicator guppy_multiple_moving_averages SILVER,H1: loaded successfully
2	06:28:42.534	Custom indicator wedges SILVER,H1: loaded successfully
2	06:28:42.543	Custom indicator Admiral Pivot SILVER,H1: loaded successfully
2	06:28:42.553	Custom indicator AutoTrendChannel SILVER,H1: loaded successfully
2	06:28:42.561	Custom indicator FRZ Channel Auto Plotter SILVER,H1: loaded successfully
2	06:28:42.573	Custom indicator FRZ News Indicator MT4 SILVER,H1: loaded successfully
2	06:28:42.583	Custom indicator Forex Uranus direction SILVER,H1: loaded successfully
2	06:28:42.658	Custom indicator aVSA\aVSA clasters SILVER,H1: loaded successfully
2	06:28:42.677	Custom indicator aVSA\aVSA Golden Zone SILVER,H1: loaded successfully
2	06:28:42.688	Custom indicator breakout-zones\breakout-zones SILVER,H1: loaded successfully
2	06:28:42.696	Custom indicator breakout-zones\SL&TP Values SILVER,H1: loaded successfully
2	06:28:42.802	Custom indicator AIMS AO V.2.1 SILVER,H1: loaded successfully
2	06:28:42.813	Custom indicator IVT_MACD_ZERO_LAG SILVER,H1: loaded successfully
2	06:28:42.824	Custom indicator RSI Divergence Levels SILVER,H1: loaded successfully
2	06:28:42.839	Custom indicator FRZ Forex Market Session Indicator SILVER,H1: loaded successfully
0	06:31:13.651	'27153390': order sell market 0.20 [DAX30] sl: 0.00 tp: 0.00
1	06:31:13.951	'27153390': order sell 0.20 [DAX30] opening at market sl: 0.00 tp: 0.00 failed [Not enough money]
0	06:40:25.047	'27153390': order sell market 0.10 [DAX30] sl: 0.00 tp: 0.00
0	06:40:26.272	'27153390': order was opened : #81865744 sell 0.10 [DAX30] at 15127.62 sl: 0.00 tp: 0.00
0	06:40:39.142	'27153390': modify order #81865744 sell 0.10 [DAX30] at 15127.62 sl: 0.00 tp: 0.00 -> sl: 15148.97 tp: 0.00
0	06:40:39.973	'27153390': order #81865744 sell 0.10 [DAX30] at 15127.62 was modified -> sl: 15148.97 tp: 0.00
0	06:40:52.642	'27153390': modify order #81865744 sell 0.10 [DAX30] at 15127.62 sl: 15148.97 tp: 0.00 -> sl: 15186.01 tp: 0.00
0	06:40:53.355	'27153390': order #81865744 sell 0.10 [DAX30] at 15127.62 was modified -> sl: 15186.01 tp: 0.00
0	06:41:22.326	'27153390': order sell market 0.40 [SP500] sl: 0.00 tp: 0.00
1	06:41:22.664	'27153390': order sell 0.40 [SP500] opening at market sl: 0.00 tp: 0.00 failed [Not enough money]
0	06:41:30.051	'27153390': order sell market 0.30 [SP500] sl: 0.00 tp: 0.00
0	06:41:30.876	'27153390': order was opened : #81865745 sell 0.30 [SP500] at 4122.85 sl: 0.00 tp: 0.00
0	06:41:41.779	'27153390': modify order #81865745 sell 0.30 [SP500] at 4122.85 sl: 0.00 tp: 0.00 -> sl: 4135.74 tp: 0.00
0	06:41:42.494	'27153390': order #81865745 sell 0.30 [SP500] at 4122.85 was modified -> sl: 4135.74 tp: 0.00
0	09:34:15.656	'27153390': modify order #81865744 sell 0.10 [DAX30] at 15127.62 sl: 15186.01 tp: 0.00 -> sl: 15255.00 tp: 0.00
0	09:34:15.945	'27153390': order #81865744 sell 0.10 [DAX30] at 15127.62 was modified -> sl: 15255.00 tp: 0.00
0	09:34:29.270	'27153390': modify order #81865745 sell 0.30 [SP500] at 4122.85 sl: 4135.74 tp: 0.00 -> sl: 4150.06 tp: 0.00
0	09:34:29.621	'27153390': order #81865745 sell 0.30 [SP500] at 4122.85 was modified -> sl: 4150.06 tp: 0.00
0	10:47:13.016	'27153390': modify order #81865744 sell 0.10 [DAX30] at 15127.62 sl: 15255.00 tp: 0.00 -> sl: 15300.00 tp: 14700.00
0	10:47:13.390	'27153390': order #81865744 sell 0.10 [DAX30] at 15127.62 was modified -> sl: 15300.00 tp: 14700.00
0	10:48:54.895	'27153390': modify order #81865745 sell 0.30 [SP500] at 4122.85 sl: 4150.06 tp: 0.00 -> sl: 4150.06 tp: 3995.67
0	10:48:55.616	'27153390': order #81865745 sell 0.30 [SP500] at 4122.85 was modified -> sl: 4150.06 tp: 3995.67
0	10:57:31.546	'27153390': login datacenter on AdmiralMarkets-Live
0	10:57:35.419	'27153390': login on AdmiralMarkets-Live through Access Point #6 (ping: 230.68 ms)
0	10:57:41.670	'27153390': login datacenter on AdmiralMarkets-Live through Access Point #6 (ping: 230.68 ms)
0	10:57:44.117	'27153390': previous successful authorization performed from 102.68.248.46
0	10:58:33.266	'27153390': auto connecting to a better access point Access Point #9 (ping is 295.73 ms)
0	10:58:35.004	'27153390': login on AdmiralMarkets-Live through Access Point #9 (ping: 295.73 ms)
0	10:58:43.800	'27153390': login datacenter on AdmiralMarkets-Live through Access Point #9 (ping: 295.73 ms)
0	10:58:46.068	'27153390': previous successful authorization performed from 102.68.248.46
1	12:06:49.366	'27153390': ping failed
0	12:06:51.276	'27153390': login on AdmiralMarkets-Live through Access Point #9 (ping: 295.73 ms)
0	12:06:55.763	'27153390': login datacenter on AdmiralMarkets-Live through Access Point #9 (ping: 295.73 ms)
0	12:06:57.822	'27153390': previous successful authorization performed from 102.68.248.46
0	12:07:40.792	'27153390': ping to current access point Access Point #9 is 235.07 ms
0	17:03:22.950	'27153390': modify order #81865745 sell 0.30 [SP500] at 4122.85 sl: 4150.06 tp: 3995.67 -> sl: 4167.38 tp: 3995.67
0	17:03:23.656	'27153390': order #81865745 sell 0.30 [SP500] at 4122.85 was modified -> sl: 4167.38 tp: 3995.67
2	19:03:05.035	Custom indicator AIMS Levels V2 USDCAD,H1: loaded successfully
2	19:03:05.203	Custom indicator AIMS Entry Alert V1 USDCAD,H1: loaded successfully
2	19:03:05.306	Custom indicator CandleTimer USDCAD,H1: loaded successfully
2	19:03:05.569	Custom indicator #Signal_Bars_v6 USDCAD,H1: loaded successfully
2	19:03:05.669	Custom indicator AIMS AO V.2.1 USDCAD,H1: loaded successfully
2	19:03:05.743	Custom indicator IVT_MACD_ZERO_LAG USDCAD,H1: loaded successfully
0	19:06:23.949	'27153390': login datacenter on AdmiralMarkets-Live
0	19:06:25.251	'27153390': login on AdmiralMarkets-Live through Access Point #1 (ping: 260.88 ms)
0	19:06:28.233	'27153390': login datacenter on AdmiralMarkets-Live through Access Point #1 (ping: 260.88 ms)
0	19:06:28.991	'27153390': previous successful authorization performed from 102.68.248.46
0	19:07:12.618	'27153390': auto connecting to a better access point Access Point #9 (ping is 234.24 ms)
0	19:07:14.026	'27153390': login on AdmiralMarkets-Live through Access Point #9 (ping: 234.24 ms)
0	19:07:19.692	'27153390': login datacenter on AdmiralMarkets-Live through Access Point #9 (ping: 234.24 ms)
0	19:07:20.961	'27153390': previous successful authorization performed from 102.68.248.46
0	19:21:28.415	'27153390': modify order #81865745 sell 0.30 [SP500] at 4122.85 sl: 4167.38 tp: 3995.67 -> sl: 4191.87 tp: 3995.67
0	19:21:28.876	'27153390': order #81865745 sell 0.30 [SP500] at 4122.85 was modified -> sl: 4191.87 tp: 3995.67
2	20:19:50.308	Custom indicator AIMS Levels V2 USDCAD,M5: removed
2	20:19:50.327	Custom indicator AIMS Entry Alert V1 USDCAD,M5: removed
2	20:19:50.353	Custom indicator CandleTimer USDCAD,M5: removed
2	20:19:50.435	Custom indicator #Signal_Bars_v6 USDCAD,M5: removed
2	20:19:50.438	Custom indicator AIMS AO V.2.1 USDCAD,M5: removed
2	20:19:50.459	Custom indicator IVT_MACD_ZERO_LAG USDCAD,M5: removed
2	20:20:24.546	Custom indicator AIMS Levels V2 [JP225],H1: loaded successfully
2	20:20:24.619	Custom indicator AIMS Entry Alert V1 [JP225],H1: loaded successfully
2	20:20:24.627	Custom indicator CandleTimer [JP225],H1: loaded successfully
2	20:20:24.724	Custom indicator #Signal_Bars_v6 [JP225],H1: loaded successfully
2	20:20:24.818	Custom indicator AIMS AO V.2.1 [JP225],H1: loaded successfully
2	20:20:24.827	Custom indicator IVT_MACD_ZERO_LAG [JP225],H1: loaded successfully
