1	07:29:30.658	MQL5.community: authorization failed
1	07:36:29.364	MQL5.community: authorization failed
1	07:41:26.383	MQL5.community: authorization failed
0	07:42:37.578	'27153390': login on AdmiralMarkets-Live through Access Point #7 (ping: n/a)
0	07:42:44.760	'27153390': login datacenter on AdmiralMarkets-Live through Access Point #7 (ping: n/a)
0	07:42:48.641	'27153390': previous successful authorization performed from 154.126.11.75
0	07:43:21.021	'27153390': auto connecting to a better access point Access Point #9 (ping is 268.27 ms)
0	07:43:22.650	'27153390': login on AdmiralMarkets-Live through Access Point #9 (ping: 268.27 ms)
0	07:43:24.965	'27153390': login datacenter on AdmiralMarkets-Live through Access Point #9 (ping: 268.27 ms)
0	07:43:25.828	'27153390': previous successful authorization performed from 154.126.12.10
2	07:49:00.089	Custom indicator AIMS Levels V2 EURGBP,H1: removed
2	07:49:00.090	Custom indicator AIMS Entry Alert V1 EURGBP,H1: removed
2	07:49:00.104	Custom indicator CandleTimer EURGBP,H1: removed
2	07:49:00.104	Custom indicator #Signal_Bars_v6 EURGBP,H1: removed
2	07:49:00.111	Custom indicator TrendEnvelopes_v1 EURGBP,H1: removed
2	07:49:00.124	Custom indicator guppy_multiple_moving_averages EURGBP,H1: removed
2	07:49:00.132	Custom indicator wedges EURGBP,H1: removed
2	07:49:00.185	Custom indicator Admiral Pivot EURGBP,H1: removed
2	07:49:00.282	Custom indicator AutoTrendChannel EURGBP,H1: removed
2	07:49:00.286	Custom indicator FRZ Channel Auto Plotter EURGBP,H1: removed
2	07:49:00.292	Custom indicator FRZ News Indicator MT4 EURGBP,H1: removed
2	07:49:00.297	Custom indicator Forex Uranus direction EURGBP,H1: removed
2	07:49:00.297	Custom indicator aVSA clasters EURGBP,H1: removed
2	07:49:00.320	Custom indicator aVSA Golden Zone EURGBP,H1: removed
2	07:49:00.325	Custom indicator breakout-zones EURGBP,H1: removed
2	07:49:00.331	Custom indicator SL&TP Values EURGBP,H1: removed
2	07:49:00.346	Custom indicator AIMS AO V.2.1 EURGBP,H1: removed
2	07:49:00.352	Custom indicator IVT_MACD_ZERO_LAG EURGBP,H1: removed
2	07:49:00.355	Custom indicator RSI Divergence Levels EURGBP,H1: removed
2	07:49:00.357	Custom indicator FRZ Forex Market Session Indicator EURGBP,H1: removed
2	07:49:01.083	Custom indicator AIMS Levels V2 EURJPY,H1: removed
2	07:49:01.098	Custom indicator AIMS Entry Alert V1 EURJPY,H1: removed
2	07:49:01.132	Custom indicator CandleTimer EURJPY,H1: removed
2	07:49:01.170	Custom indicator #Signal_Bars_v6 EURJPY,H1: removed
2	07:49:01.188	Custom indicator TrendEnvelopes_v1 EURJPY,H1: removed
2	07:49:01.227	Custom indicator guppy_multiple_moving_averages EURJPY,H1: removed
2	07:49:01.234	Custom indicator wedges EURJPY,H1: removed
2	07:49:01.249	Custom indicator Admiral Pivot EURJPY,H1: removed
2	07:49:01.267	Custom indicator AutoTrendChannel EURJPY,H1: removed
2	07:49:01.273	Custom indicator FRZ Channel Auto Plotter EURJPY,H1: removed
2	07:49:01.281	Custom indicator FRZ News Indicator MT4 EURJPY,H1: removed
2	07:49:01.290	Custom indicator Forex Uranus direction EURJPY,H1: removed
2	07:49:01.290	Custom indicator aVSA clasters EURJPY,H1: removed
2	07:49:01.320	Custom indicator aVSA Golden Zone EURJPY,H1: removed
2	07:49:01.352	Custom indicator breakout-zones EURJPY,H1: removed
2	07:49:01.359	Custom indicator SL&TP Values EURJPY,H1: removed
2	07:49:01.360	Custom indicator AIMS AO V.2.1 EURJPY,H1: removed
2	07:49:01.379	Custom indicator IVT_MACD_ZERO_LAG EURJPY,H1: removed
2	07:49:01.385	Custom indicator RSI Divergence Levels EURJPY,H1: removed
2	07:49:01.390	Custom indicator FRZ Forex Market Session Indicator EURJPY,H1: removed
2	07:49:01.844	Custom indicator AIMS Levels V2 SILVER,M5: removed
2	07:49:01.881	Custom indicator AIMS Entry Alert V1 SILVER,M5: removed
2	07:49:01.912	Custom indicator CandleTimer SILVER,M5: removed
2	07:49:01.986	Custom indicator #Signal_Bars_v6 SILVER,M5: removed
2	07:49:01.997	Custom indicator TrendEnvelopes_v1 SILVER,M5: removed
2	07:49:02.005	Custom indicator guppy_multiple_moving_averages SILVER,M5: removed
2	07:49:02.013	Custom indicator wedges SILVER,M5: removed
2	07:49:02.028	Custom indicator Admiral Pivot SILVER,M5: removed
2	07:49:02.036	Custom indicator AutoTrendChannel SILVER,M5: removed
2	07:49:02.056	Custom indicator FRZ Channel Auto Plotter SILVER,M5: removed
2	07:49:02.063	Custom indicator FRZ News Indicator MT4 SILVER,M5: removed
2	07:49:02.075	Custom indicator Forex Uranus direction SILVER,M5: removed
2	07:49:02.083	Custom indicator Quadrilateral SILVER,M5: removed
2	07:49:02.083	Custom indicator aVSA clasters SILVER,M5: removed
2	07:49:02.096	Custom indicator aVSA Golden Zone SILVER,M5: removed
2	07:49:02.097	Custom indicator AIMS AO V.2.1 SILVER,M5: removed
2	07:49:02.136	Custom indicator IVT_MACD_ZERO_LAG SILVER,M5: removed
2	07:49:02.159	Custom indicator RSI Divergence Levels SILVER,M5: removed
2	07:49:02.166	Custom indicator FRZ Forex Market Session Indicator SILVER,M5: removed
2	07:49:02.427	Custom indicator AIMS Levels V2 GBPJPY,H1: removed
2	07:49:02.441	Custom indicator AIMS Entry Alert V1 GBPJPY,H1: removed
2	07:49:02.454	Custom indicator CandleTimer GBPJPY,H1: removed
2	07:49:02.487	Custom indicator #Signal_Bars_v6 GBPJPY,H1: removed
2	07:49:02.495	Custom indicator TrendEnvelopes_v1 GBPJPY,H1: removed
2	07:49:02.502	Custom indicator guppy_multiple_moving_averages GBPJPY,H1: removed
2	07:49:02.509	Custom indicator wedges GBPJPY,H1: removed
2	07:49:02.543	Custom indicator Admiral Pivot GBPJPY,H1: removed
2	07:49:02.546	Custom indicator AutoTrendChannel GBPJPY,H1: removed
2	07:49:02.561	Custom indicator FRZ Channel Auto Plotter GBPJPY,H1: removed
2	07:49:02.565	Custom indicator FRZ News Indicator MT4 GBPJPY,H1: removed
2	07:49:02.569	Custom indicator Forex Uranus direction GBPJPY,H1: removed
2	07:49:02.569	Custom indicator aVSA clasters GBPJPY,H1: removed
2	07:49:02.607	Custom indicator aVSA Golden Zone GBPJPY,H1: removed
2	07:49:02.611	Custom indicator breakout-zones GBPJPY,H1: removed
2	07:49:02.615	Custom indicator SL&TP Values GBPJPY,H1: removed
2	07:49:02.615	Custom indicator AIMS AO V.2.1 GBPJPY,H1: removed
2	07:49:02.620	Custom indicator IVT_MACD_ZERO_LAG GBPJPY,H1: removed
2	07:49:02.625	Custom indicator RSI Divergence Levels GBPJPY,H1: removed
2	07:49:02.648	Custom indicator FRZ Forex Market Session Indicator GBPJPY,H1: removed
2	07:49:03.128	Custom indicator AIMS Levels V2 NZDJPY,H1: removed
2	07:49:03.143	Custom indicator AIMS Entry Alert V1 NZDJPY,H1: removed
2	07:49:03.151	Custom indicator CandleTimer NZDJPY,H1: removed
2	07:49:03.167	Custom indicator #Signal_Bars_v6 NZDJPY,H1: removed
2	07:49:03.207	Custom indicator TrendEnvelopes_v1 NZDJPY,H1: removed
2	07:49:03.214	Custom indicator guppy_multiple_moving_averages NZDJPY,H1: removed
2	07:49:03.237	Custom indicator wedges NZDJPY,H1: removed
2	07:49:03.264	Custom indicator Admiral Pivot NZDJPY,H1: removed
2	07:49:03.271	Custom indicator AutoTrendChannel NZDJPY,H1: removed
2	07:49:03.295	Custom indicator FRZ Channel Auto Plotter NZDJPY,H1: removed
2	07:49:03.314	Custom indicator FRZ News Indicator MT4 NZDJPY,H1: removed
2	07:49:03.322	Custom indicator Forex Uranus direction NZDJPY,H1: removed
2	07:49:03.340	Custom indicator aVSA clasters NZDJPY,H1: removed
2	07:49:03.363	Custom indicator aVSA Golden Zone NZDJPY,H1: removed
2	07:49:03.376	Custom indicator breakout-zones NZDJPY,H1: removed
2	07:49:03.382	Custom indicator SL&TP Values NZDJPY,H1: removed
2	07:49:03.383	Custom indicator AIMS AO V.2.1 NZDJPY,H1: removed
2	07:49:03.430	Custom indicator IVT_MACD_ZERO_LAG NZDJPY,H1: removed
2	07:49:03.437	Custom indicator RSI Divergence Levels NZDJPY,H1: removed
2	07:49:03.444	Custom indicator FRZ Forex Market Session Indicator NZDJPY,H1: removed
2	07:49:03.726	Custom indicator AIMS Levels V2 USDJPY,H1: removed
2	07:49:03.727	Custom indicator AIMS Entry Alert V1 USDJPY,H1: removed
2	07:49:03.733	Custom indicator CandleTimer USDJPY,H1: removed
2	07:49:03.734	Custom indicator #Signal_Bars_v6 USDJPY,H1: removed
2	07:49:03.751	Custom indicator TrendEnvelopes_v1 USDJPY,H1: removed
2	07:49:03.774	Custom indicator guppy_multiple_moving_averages USDJPY,H1: removed
2	07:49:03.783	Custom indicator wedges USDJPY,H1: removed
2	07:49:03.790	Custom indicator Admiral Pivot USDJPY,H1: removed
2	07:49:03.797	Custom indicator AutoTrendChannel USDJPY,H1: removed
2	07:49:03.803	Custom indicator FRZ Channel Auto Plotter USDJPY,H1: removed
2	07:49:03.810	Custom indicator FRZ News Indicator MT4 USDJPY,H1: removed
2	07:49:03.817	Custom indicator Forex Uranus direction USDJPY,H1: removed
2	07:49:03.824	Custom indicator aVSA clasters USDJPY,H1: removed
2	07:49:03.862	Custom indicator aVSA Golden Zone USDJPY,H1: removed
2	07:49:03.869	Custom indicator breakout-zones USDJPY,H1: removed
2	07:49:03.879	Custom indicator SL&TP Values USDJPY,H1: removed
2	07:49:03.892	Custom indicator AIMS AO V.2.1 USDJPY,H1: removed
2	07:49:03.906	Custom indicator IVT_MACD_ZERO_LAG USDJPY,H1: removed
2	07:49:03.913	Custom indicator RSI Divergence Levels USDJPY,H1: removed
2	07:49:03.928	Custom indicator FRZ Forex Market Session Indicator USDJPY,H1: removed
2	07:49:04.098	Custom indicator AIMS Levels V2 CADJPY,H1: removed
2	07:49:04.136	Custom indicator AIMS Entry Alert V1 CADJPY,H1: removed
2	07:49:04.144	Custom indicator CandleTimer CADJPY,H1: removed
2	07:49:04.145	Custom indicator #Signal_Bars_v6 CADJPY,H1: removed
2	07:49:04.152	Custom indicator TrendEnvelopes_v1 CADJPY,H1: removed
2	07:49:04.189	Custom indicator guppy_multiple_moving_averages CADJPY,H1: removed
2	07:49:04.197	Custom indicator wedges CADJPY,H1: removed
2	07:49:04.204	Custom indicator Admiral Pivot CADJPY,H1: removed
2	07:49:04.211	Custom indicator AutoTrendChannel CADJPY,H1: removed
2	07:49:04.217	Custom indicator FRZ Channel Auto Plotter CADJPY,H1: removed
2	07:49:04.237	Custom indicator FRZ News Indicator MT4 CADJPY,H1: removed
2	07:49:04.244	Custom indicator Forex Uranus direction CADJPY,H1: removed
2	07:49:04.244	Custom indicator aVSA clasters CADJPY,H1: removed
2	07:49:04.257	Custom indicator aVSA Golden Zone CADJPY,H1: removed
2	07:49:04.263	Custom indicator breakout-zones CADJPY,H1: removed
2	07:49:04.270	Custom indicator SL&TP Values CADJPY,H1: removed
2	07:49:04.270	Custom indicator AIMS AO V.2.1 CADJPY,H1: removed
2	07:49:04.279	Custom indicator IVT_MACD_ZERO_LAG CADJPY,H1: removed
2	07:49:04.286	Custom indicator RSI Divergence Levels CADJPY,H1: removed
2	07:49:04.307	Custom indicator FRZ Forex Market Session Indicator CADJPY,H1: removed
2	07:55:05.144	Custom indicator AIMS Levels V2 [DJI30],H1: loaded successfully
2	07:55:05.271	Custom indicator AIMS Entry Alert V1 [DJI30],H1: loaded successfully
2	07:55:05.396	Custom indicator CandleTimer [DJI30],H1: loaded successfully
2	07:55:05.760	Custom indicator #Signal_Bars_v6 [DJI30],H1: loaded successfully
2	07:55:05.858	Custom indicator TrendEnvelopes_v1 [DJI30],H1: loaded successfully
2	07:55:05.896	Custom indicator guppy_multiple_moving_averages [DJI30],H1: loaded successfully
2	07:55:05.943	Custom indicator wedges [DJI30],H1: loaded successfully
2	07:55:06.012	Custom indicator Admiral Pivot [DJI30],H1: loaded successfully
2	07:55:06.054	Custom indicator AutoTrendChannel [DJI30],H1: loaded successfully
2	07:55:06.101	Custom indicator FRZ Channel Auto Plotter [DJI30],H1: loaded successfully
2	07:55:06.174	Custom indicator FRZ News Indicator MT4 [DJI30],H1: loaded successfully
2	07:55:06.218	Custom indicator Forex Uranus direction [DJI30],H1: loaded successfully
2	07:55:06.263	Custom indicator Quadrilateral [DJI30],H1: loaded successfully
2	07:55:06.508	Custom indicator aVSA\aVSA clasters [DJI30],H1: loaded successfully
2	07:55:06.625	Custom indicator AIMS AO V.2.1 [DJI30],H1: loaded successfully
2	07:55:06.639	Custom indicator IVT_MACD_ZERO_LAG [DJI30],H1: loaded successfully
2	07:55:06.664	Custom indicator RSI Divergence Levels [DJI30],H1: loaded successfully
2	07:55:06.686	Custom indicator FRZ Forex Market Session Indicator [DJI30],H1: loaded successfully
0	08:29:27.666	'27153390': order sell market 0.30 [NQ100] sl: 0.00 tp: 0.00
1	08:29:28.148	'27153390': order sell 0.30 [NQ100] opening at market sl: 0.00 tp: 0.00 failed [Not enough money]
0	08:29:39.452	'27153390': order sell market 0.20 [NQ100] sl: 0.00 tp: 0.00
0	08:29:47.308	'27153390': order was opened : #81415602 sell 0.20 [NQ100] at 13366.23 sl: 0.00 tp: 0.00
0	08:30:20.457	'27153390': modify order #81415602 sell 0.20 [NQ100] at 13366.23 sl: 0.00 tp: 0.00 -> sl: 13386.93 tp: 0.00
0	08:30:20.763	'27153390': order #81415602 sell 0.20 [NQ100] at 13366.23 was modified -> sl: 13386.93 tp: 0.00
2	08:30:33.204	Expert Admiral - Mini Terminal [NQ100],M15: loaded successfully
0	08:30:53.334	'27153390': modify order #81415602 sell 0.20 [NQ100] at 13366.23 sl: 13386.93 tp: 0.00 -> sl: 13386.93 tp: 13220.48
0	08:30:53.641	'27153390': order #81415602 sell 0.20 [NQ100] at 13366.23 was modified -> sl: 13386.93 tp: 13220.48
0	08:31:03.052	'27153390': modify order #81415602 sell 0.20 [NQ100] at 13366.23 sl: 13386.93 tp: 13220.48 -> sl: 13386.93 tp: 13215.45
0	08:31:03.387	'27153390': order #81415602 sell 0.20 [NQ100] at 13366.23 was modified -> sl: 13386.93 tp: 13215.45
0	08:31:21.462	'27153390': modify order #81415602 sell 0.20 [NQ100] at 13366.23 sl: 13386.93 tp: 13215.45 -> sl: 13386.93 tp: 12874.32
0	08:31:21.756	'27153390': order #81415602 sell 0.20 [NQ100] at 13366.23 was modified -> sl: 13386.93 tp: 12874.32
0	08:33:45.716	'27153390': modify order #81415602 sell 0.20 [NQ100] at 13366.23 sl: 13386.93 tp: 12874.32 -> sl: 13389.02 tp: 12874.32
0	08:33:46.050	'27153390': order #81415602 sell 0.20 [NQ100] at 13366.23 was modified -> sl: 13389.02 tp: 12874.32
2	08:34:23.054	Custom indicator AIMS Levels V2 BTCUSD,H1: loaded successfully
2	08:34:23.133	Custom indicator AIMS Entry Alert V1 BTCUSD,H1: loaded successfully
2	08:34:23.140	Custom indicator CandleTimer BTCUSD,H1: loaded successfully
2	08:34:23.204	Custom indicator #Signal_Bars_v6 BTCUSD,H1: loaded successfully
2	08:34:23.213	Custom indicator TrendEnvelopes_v1 BTCUSD,H1: loaded successfully
2	08:34:23.220	Custom indicator guppy_multiple_moving_averages BTCUSD,H1: loaded successfully
2	08:34:23.228	Custom indicator wedges BTCUSD,H1: loaded successfully
2	08:34:23.237	Custom indicator Admiral Pivot BTCUSD,H1: loaded successfully
2	08:34:23.334	Custom indicator AutoTrendChannel BTCUSD,H1: loaded successfully
2	08:34:23.344	Custom indicator FRZ Channel Auto Plotter BTCUSD,H1: loaded successfully
2	08:34:23.354	Custom indicator FRZ News Indicator MT4 BTCUSD,H1: loaded successfully
2	08:34:23.411	Custom indicator Forex Uranus direction BTCUSD,H1: loaded successfully
2	08:34:23.483	Custom indicator aVSA\aVSA clasters BTCUSD,H1: loaded successfully
2	08:34:23.541	Custom indicator aVSA\aVSA Golden Zone BTCUSD,H1: loaded successfully
2	08:34:23.560	Custom indicator breakout-zones\breakout-zones BTCUSD,H1: loaded successfully
2	08:34:23.569	Custom indicator breakout-zones\SL&TP Values BTCUSD,H1: loaded successfully
2	08:34:23.634	Custom indicator AIMS AO V.2.1 BTCUSD,H1: loaded successfully
2	08:34:23.643	Custom indicator IVT_MACD_ZERO_LAG BTCUSD,H1: loaded successfully
2	08:34:23.665	Custom indicator RSI Divergence Levels BTCUSD,H1: loaded successfully
2	08:34:23.709	Custom indicator FRZ Forex Market Session Indicator BTCUSD,H1: loaded successfully
0	08:35:39.777	'27153390': order sell market 0.10 BTCUSD sl: 0.00 tp: 0.00
1	08:35:40.086	'27153390': order sell 0.10 BTCUSD opening at market sl: 0.00 tp: 0.00 failed [Not enough money]
2	08:37:46.812	Custom indicator AIMS Levels V2 [DJI30],H1: removed
2	08:37:46.812	Custom indicator AIMS Entry Alert V1 [DJI30],H1: removed
2	08:37:46.814	Custom indicator CandleTimer [DJI30],H1: removed
2	08:37:46.814	Custom indicator #Signal_Bars_v6 [DJI30],H1: removed
2	08:37:46.815	Custom indicator TrendEnvelopes_v1 [DJI30],H1: removed
2	08:37:46.817	Custom indicator guppy_multiple_moving_averages [DJI30],H1: removed
2	08:37:46.818	Custom indicator wedges [DJI30],H1: removed
2	08:37:46.820	Custom indicator Admiral Pivot [DJI30],H1: removed
2	08:37:46.821	Custom indicator AutoTrendChannel [DJI30],H1: removed
2	08:37:46.822	Custom indicator FRZ Channel Auto Plotter [DJI30],H1: removed
2	08:37:46.824	Custom indicator FRZ News Indicator MT4 [DJI30],H1: removed
2	08:37:46.825	Custom indicator Forex Uranus direction [DJI30],H1: removed
2	08:37:46.826	Custom indicator Quadrilateral [DJI30],H1: removed
2	08:37:46.826	Custom indicator aVSA clasters [DJI30],H1: removed
2	08:37:46.826	Custom indicator AIMS AO V.2.1 [DJI30],H1: removed
2	08:37:46.828	Custom indicator IVT_MACD_ZERO_LAG [DJI30],H1: removed
2	08:37:46.829	Custom indicator RSI Divergence Levels [DJI30],H1: removed
2	08:37:46.831	Custom indicator FRZ Forex Market Session Indicator [DJI30],H1: removed
2	08:38:06.167	Custom indicator AIMS Levels V2 BTCUSD,H1: removed
2	08:38:06.167	Custom indicator AIMS Entry Alert V1 BTCUSD,H1: removed
2	08:38:06.169	Custom indicator CandleTimer BTCUSD,H1: removed
2	08:38:06.170	Custom indicator #Signal_Bars_v6 BTCUSD,H1: removed
2	08:38:06.171	Custom indicator TrendEnvelopes_v1 BTCUSD,H1: removed
2	08:38:06.173	Custom indicator guppy_multiple_moving_averages BTCUSD,H1: removed
2	08:38:06.174	Custom indicator wedges BTCUSD,H1: removed
2	08:38:06.175	Custom indicator Admiral Pivot BTCUSD,H1: removed
2	08:38:06.176	Custom indicator AutoTrendChannel BTCUSD,H1: removed
2	08:38:06.178	Custom indicator FRZ Channel Auto Plotter BTCUSD,H1: removed
2	08:38:06.179	Custom indicator FRZ News Indicator MT4 BTCUSD,H1: removed
2	08:38:06.180	Custom indicator Forex Uranus direction BTCUSD,H1: removed
2	08:38:06.182	Custom indicator aVSA clasters BTCUSD,H1: removed
2	08:38:06.184	Custom indicator aVSA Golden Zone BTCUSD,H1: removed
2	08:38:06.186	Custom indicator breakout-zones BTCUSD,H1: removed
2	08:38:06.188	Custom indicator SL&TP Values BTCUSD,H1: removed
2	08:38:06.188	Custom indicator AIMS AO V.2.1 BTCUSD,H1: removed
2	08:38:06.384	Custom indicator IVT_MACD_ZERO_LAG BTCUSD,H1: removed
2	08:38:06.386	Custom indicator RSI Divergence Levels BTCUSD,H1: removed
2	08:38:06.388	Custom indicator FRZ Forex Market Session Indicator BTCUSD,H1: removed
2	08:38:06.459	Expert !!Sentinel PAT Scanner-v1.01 BTCUSD,H1: loaded successfully
0	08:38:13.701	'27153390': login datacenter on AdmiralMarkets-Live
0	08:38:16.175	'27153390': login on AdmiralMarkets-Live through Access Point #6 (ping: 283.13 ms)
0	08:38:25.674	'27153390': login datacenter on AdmiralMarkets-Live through Access Point #6 (ping: 283.13 ms)
0	08:38:26.538	'27153390': previous successful authorization performed from 154.126.11.197
1	08:38:41.272	'27153390': datacenter connecting failed [6]
0	08:38:42.192	'27153390': login on AdmiralMarkets-Live through Access Point #4 (ping: 282.76 ms)
0	08:38:47.488	'27153390': login datacenter on AdmiralMarkets-Live through Access Point #4 (ping: 282.76 ms)
0	08:38:48.887	'27153390': previous successful authorization performed from 154.126.12.85
1	08:39:34.718	'27153390': connect failed [Connection échouée]
1	08:42:13.462	MQL5.community: authorization failed
0	08:53:40.147	'27153390': login on AdmiralMarkets-Live through Access Point #7 (ping: n/a)
0	08:53:46.538	'27153390': login datacenter on AdmiralMarkets-Live through Access Point #7 (ping: n/a)
0	08:53:49.797	'27153390': previous successful authorization performed from 154.126.12.8
1	08:54:21.687	'27153390': datacenter connecting failed [6]
0	08:54:23.164	'27153390': login on AdmiralMarkets-Live through Access Point #10 (ping: n/a)
0	08:54:26.827	'27153390': auto connecting to a better access point Access Point #4 (ping is 253.46 ms)
0	08:54:27.570	'27153390': login datacenter on AdmiralMarkets-Live through Access Point #4 (ping: 253.46 ms)
0	08:54:34.007	'27153390': login on AdmiralMarkets-Live through Access Point #4 (ping: 253.46 ms)
0	08:54:36.910	'27153390': login datacenter on AdmiralMarkets-Live through Access Point #4 (ping: 253.46 ms)
0	08:54:40.356	'27153390': previous successful authorization performed from 154.126.12.188
1	08:54:51.100	'27153390': datacenter connecting failed [6]
0	08:54:52.103	'27153390': login on AdmiralMarkets-Live through Access Point #10 (ping: 263.17 ms)
0	08:54:55.499	'27153390': login datacenter on AdmiralMarkets-Live through Access Point #10 (ping: 263.17 ms)
0	08:54:58.977	'27153390': previous successful authorization performed from 154.126.11.110
0	08:55:07.787	'27153390': login datacenter on AdmiralMarkets-Live
0	08:55:09.644	'27153390': login on AdmiralMarkets-Live through Access Point #6 (ping: 299.60 ms)
0	08:55:13.226	'27153390': login datacenter on AdmiralMarkets-Live through Access Point #6 (ping: 299.60 ms)
0	08:55:14.035	'27153390': previous successful authorization performed from 154.126.12.188
0	08:55:22.957	'27153390': login datacenter on AdmiralMarkets-Live
0	08:55:24.274	'27153390': login on AdmiralMarkets-Live through Access Point #9 (ping: 289.11 ms)
0	08:55:28.152	'27153390': login datacenter on AdmiralMarkets-Live through Access Point #9 (ping: 289.11 ms)
0	08:55:28.983	'27153390': previous successful authorization performed from 154.126.11.194
1	08:55:43.179	'27153390': datacenter connecting failed [6]
0	08:55:44.241	'27153390': login on AdmiralMarkets-Live through Access Point #1 (ping: 302.74 ms)
1	08:55:45.977	[DAX30],M5: indicator(s) working too slowly, total calculation time 3453 ms
0	08:55:48.622	'27153390': login datacenter on AdmiralMarkets-Live through Access Point #1 (ping: 302.74 ms)
0	08:55:49.565	'27153390': previous successful authorization performed from 154.126.12.64
1	08:55:52.286	[DJI30],M1: indicator(s) working too slowly, total calculation time 4032 ms
1	08:55:58.737	[DJI30],M5: indicator(s) working too slowly, total calculation time 3375 ms
1	08:56:03.305	[DAX30],M1: indicator(s) working too slowly, total calculation time 4078 ms
0	09:04:18.851	Admiral Markets build 1330 started (Admiral Markets Group AS)
0	09:04:18.851	Windows 10 Pro x64, IE 11, UAC, 8 x Intel Core i7-10510U  @ 1.80GHz, Memory: 1470 / 8014 Mb, Disk: 5 / 237 Gb, GMT+3
0	09:04:18.851	Data Folder: C:\Users\SRIE\AppData\Roaming\MetaQuotes\Terminal\51337600F56B69473E15EAFB8A7586B4
0	09:04:28.139	'27153390': login on AdmiralMarkets-Live through Access Point #10 (ping: 245.77 ms)
0	09:04:31.093	'27153390': login datacenter on AdmiralMarkets-Live through Access Point #10 (ping: 245.77 ms)
0	09:04:31.902	'27153390': previous successful authorization performed from 154.126.12.8
1	09:06:01.805	'27153390': connect failed [Connection échouée]
0	09:10:46.323	'27153390': login on AdmiralMarkets-Live through Access Point #7 (ping: n/a)
0	09:10:51.862	'27153390': login datacenter on AdmiralMarkets-Live through Access Point #7 (ping: n/a)
0	09:10:53.333	'27153390': previous successful authorization performed from 154.126.12.8
2	09:10:55.671	Custom indicator breakout-zones\breakout-zones SILVER,H1: loaded successfully
2	09:10:55.693	Custom indicator PositionSizeCalculator\PositionSizeCalculator SILVER,H1: loaded successfully
2	09:10:55.905	Custom indicator AIMS Levels V2 [DAX30],M1: loaded successfully
2	09:10:55.978	Custom indicator AIMS Entry Alert V1 [DAX30],M1: loaded successfully
2	09:10:55.986	Custom indicator CandleTimer [DAX30],M1: loaded successfully
2	09:10:56.054	Custom indicator #Signal_Bars_v6 [DAX30],M1: loaded successfully
2	09:10:56.062	Custom indicator TrendEnvelopes_v1 [DAX30],M1: loaded successfully
2	09:10:56.071	Custom indicator guppy_multiple_moving_averages [DAX30],M1: loaded successfully
2	09:10:56.081	Custom indicator wedges [DAX30],M1: loaded successfully
2	09:10:56.090	Custom indicator Admiral Pivot [DAX30],M1: loaded successfully
2	09:10:56.099	Custom indicator AutoTrendChannel [DAX30],M1: loaded successfully
2	09:10:56.108	Custom indicator FRZ Channel Auto Plotter [DAX30],M1: loaded successfully
2	09:10:56.118	Custom indicator FRZ News Indicator MT4 [DAX30],M1: loaded successfully
2	09:10:56.127	Custom indicator Forex Uranus direction [DAX30],M1: loaded successfully
2	09:10:56.198	Custom indicator aVSA\aVSA clasters [DAX30],M1: loaded successfully
2	09:10:56.216	Custom indicator aVSA\aVSA Golden Zone [DAX30],M1: loaded successfully
2	09:10:56.225	Custom indicator breakout-zones\breakout-zones [DAX30],M1: loaded successfully
2	09:10:56.233	Custom indicator breakout-zones\SL&TP Values [DAX30],M1: loaded successfully
2	09:10:56.305	Custom indicator AIMS AO V.2.1 [DAX30],M1: loaded successfully
2	09:10:56.314	Custom indicator IVT_MACD_ZERO_LAG [DAX30],M1: loaded successfully
2	09:10:56.323	Custom indicator RSI Divergence Levels [DAX30],M1: loaded successfully
2	09:10:56.337	Custom indicator FRZ Forex Market Session Indicator [DAX30],M1: loaded successfully
0	09:11:09.573	'27153390': ping to current access point Access Point #7 is 791.54 ms
2	09:11:12.398	Custom indicator AIMS Levels V2 [DAX30],M5: loaded successfully
2	09:11:12.486	Custom indicator AIMS Entry Alert V1 [DAX30],M5: loaded successfully
2	09:11:12.494	Custom indicator CandleTimer [DAX30],M5: loaded successfully
2	09:11:12.576	Custom indicator #Signal_Bars_v6 [DAX30],M5: loaded successfully
2	09:11:12.587	Custom indicator TrendEnvelopes_v1 [DAX30],M5: loaded successfully
2	09:11:12.596	Custom indicator guppy_multiple_moving_averages [DAX30],M5: loaded successfully
2	09:11:12.606	Custom indicator wedges [DAX30],M5: loaded successfully
2	09:11:12.616	Custom indicator Admiral Pivot [DAX30],M5: loaded successfully
2	09:11:12.625	Custom indicator AutoTrendChannel [DAX30],M5: loaded successfully
2	09:11:12.635	Custom indicator FRZ Channel Auto Plotter [DAX30],M5: loaded successfully
2	09:11:12.646	Custom indicator FRZ News Indicator MT4 [DAX30],M5: loaded successfully
2	09:11:12.656	Custom indicator Forex Uranus direction [DAX30],M5: loaded successfully
2	09:11:12.738	Custom indicator aVSA\aVSA clasters [DAX30],M5: loaded successfully
2	09:11:12.756	Custom indicator aVSA\aVSA Golden Zone [DAX30],M5: loaded successfully
2	09:11:12.766	Custom indicator breakout-zones\breakout-zones [DAX30],M5: loaded successfully
2	09:11:12.776	Custom indicator breakout-zones\SL&TP Values [DAX30],M5: loaded successfully
2	09:11:12.857	Custom indicator AIMS AO V.2.1 [DAX30],M5: loaded successfully
2	09:11:12.866	Custom indicator IVT_MACD_ZERO_LAG [DAX30],M5: loaded successfully
2	09:11:12.876	Custom indicator RSI Divergence Levels [DAX30],M5: loaded successfully
2	09:11:12.889	Custom indicator FRZ Forex Market Session Indicator [DAX30],M5: loaded successfully
2	09:11:28.277	Custom indicator AIMS Levels V2 [DAX30],M15: loaded successfully
2	09:11:28.361	Custom indicator AIMS Entry Alert V1 [DAX30],M15: loaded successfully
2	09:11:28.369	Custom indicator CandleTimer [DAX30],M15: loaded successfully
2	09:11:28.449	Custom indicator #Signal_Bars_v6 [DAX30],M15: loaded successfully
2	09:11:28.460	Custom indicator TrendEnvelopes_v1 [DAX30],M15: loaded successfully
2	09:11:28.468	Custom indicator guppy_multiple_moving_averages [DAX30],M15: loaded successfully
2	09:11:28.477	Custom indicator wedges [DAX30],M15: loaded successfully
2	09:11:28.487	Custom indicator Admiral Pivot [DAX30],M15: loaded successfully
2	09:11:28.495	Custom indicator AutoTrendChannel [DAX30],M15: loaded successfully
2	09:11:28.504	Custom indicator FRZ Channel Auto Plotter [DAX30],M15: loaded successfully
2	09:11:28.515	Custom indicator FRZ News Indicator MT4 [DAX30],M15: loaded successfully
2	09:11:28.524	Custom indicator Forex Uranus direction [DAX30],M15: loaded successfully
2	09:11:28.602	Custom indicator aVSA\aVSA clasters [DAX30],M15: loaded successfully
2	09:11:28.620	Custom indicator aVSA\aVSA Golden Zone [DAX30],M15: loaded successfully
2	09:11:28.629	Custom indicator breakout-zones\breakout-zones [DAX30],M15: loaded successfully
2	09:11:28.638	Custom indicator breakout-zones\SL&TP Values [DAX30],M15: loaded successfully
2	09:11:28.715	Custom indicator AIMS AO V.2.1 [DAX30],M15: loaded successfully
2	09:11:28.724	Custom indicator IVT_MACD_ZERO_LAG [DAX30],M15: loaded successfully
2	09:11:28.733	Custom indicator RSI Divergence Levels [DAX30],M15: loaded successfully
2	09:11:28.747	Custom indicator FRZ Forex Market Session Indicator [DAX30],M15: loaded successfully
2	09:11:34.603	Custom indicator AIMS Levels V2 [DAX30],H1: loaded successfully
2	09:11:34.686	Custom indicator AIMS Entry Alert V1 [DAX30],H1: loaded successfully
2	09:11:34.693	Custom indicator CandleTimer [DAX30],H1: loaded successfully
2	09:11:34.773	Custom indicator #Signal_Bars_v6 [DAX30],H1: loaded successfully
2	09:11:34.782	Custom indicator TrendEnvelopes_v1 [DAX30],H1: loaded successfully
2	09:11:34.791	Custom indicator guppy_multiple_moving_averages [DAX30],H1: loaded successfully
2	09:11:34.801	Custom indicator wedges [DAX30],H1: loaded successfully
2	09:11:34.809	Custom indicator Admiral Pivot [DAX30],H1: loaded successfully
2	09:11:34.819	Custom indicator AutoTrendChannel [DAX30],H1: loaded successfully
2	09:11:34.828	Custom indicator FRZ Channel Auto Plotter [DAX30],H1: loaded successfully
2	09:11:34.838	Custom indicator FRZ News Indicator MT4 [DAX30],H1: loaded successfully
2	09:11:34.847	Custom indicator Forex Uranus direction [DAX30],H1: loaded successfully
2	09:11:34.925	Custom indicator aVSA\aVSA clasters [DAX30],H1: loaded successfully
2	09:11:34.942	Custom indicator aVSA\aVSA Golden Zone [DAX30],H1: loaded successfully
2	09:11:34.952	Custom indicator breakout-zones\breakout-zones [DAX30],H1: loaded successfully
2	09:11:34.960	Custom indicator breakout-zones\SL&TP Values [DAX30],H1: loaded successfully
2	09:11:35.035	Custom indicator AIMS AO V.2.1 [DAX30],H1: loaded successfully
2	09:11:35.044	Custom indicator IVT_MACD_ZERO_LAG [DAX30],H1: loaded successfully
2	09:11:35.053	Custom indicator RSI Divergence Levels [DAX30],H1: loaded successfully
2	09:11:35.067	Custom indicator FRZ Forex Market Session Indicator [DAX30],H1: loaded successfully
2	09:11:37.352	Custom indicator AIMS Levels V2 [DJI30],M1: loaded successfully
2	09:11:37.435	Custom indicator AIMS Entry Alert V1 [DJI30],M1: loaded successfully
2	09:11:37.443	Custom indicator CandleTimer [DJI30],M1: loaded successfully
2	09:11:37.524	Custom indicator #Signal_Bars_v6 [DJI30],M1: loaded successfully
2	09:11:37.535	Custom indicator TrendEnvelopes_v1 [DJI30],M1: loaded successfully
2	09:11:37.543	Custom indicator guppy_multiple_moving_averages [DJI30],M1: loaded successfully
2	09:11:37.553	Custom indicator wedges [DJI30],M1: loaded successfully
2	09:11:37.563	Custom indicator Admiral Pivot [DJI30],M1: loaded successfully
2	09:11:37.581	Custom indicator AutoTrendChannel [DJI30],M1: loaded successfully
2	09:11:37.591	Custom indicator FRZ Channel Auto Plotter [DJI30],M1: loaded successfully
2	09:11:37.601	Custom indicator FRZ News Indicator MT4 [DJI30],M1: loaded successfully
2	09:11:37.611	Custom indicator Forex Uranus direction [DJI30],M1: loaded successfully
2	09:11:37.694	Custom indicator aVSA\aVSA clasters [DJI30],M1: loaded successfully
2	09:11:37.718	Custom indicator aVSA\aVSA Golden Zone [DJI30],M1: loaded successfully
2	09:11:37.730	Custom indicator breakout-zones\breakout-zones [DJI30],M1: loaded successfully
2	09:11:37.740	Custom indicator breakout-zones\SL&TP Values [DJI30],M1: loaded successfully
2	09:11:37.825	Custom indicator AIMS AO V.2.1 [DJI30],M1: loaded successfully
2	09:11:37.836	Custom indicator IVT_MACD_ZERO_LAG [DJI30],M1: loaded successfully
2	09:11:37.847	Custom indicator RSI Divergence Levels [DJI30],M1: loaded successfully
2	09:11:37.865	Custom indicator FRZ Forex Market Session Indicator [DJI30],M1: loaded successfully
2	09:11:52.930	Custom indicator AIMS Levels V2 [DJI30],M5: loaded successfully
2	09:11:53.010	Custom indicator AIMS Entry Alert V1 [DJI30],M5: loaded successfully
2	09:11:53.017	Custom indicator CandleTimer [DJI30],M5: loaded successfully
2	09:11:53.096	Custom indicator #Signal_Bars_v6 [DJI30],M5: loaded successfully
2	09:11:53.105	Custom indicator TrendEnvelopes_v1 [DJI30],M5: loaded successfully
2	09:11:53.113	Custom indicator guppy_multiple_moving_averages [DJI30],M5: loaded successfully
2	09:11:53.122	Custom indicator wedges [DJI30],M5: loaded successfully
2	09:11:53.130	Custom indicator Admiral Pivot [DJI30],M5: loaded successfully
2	09:11:53.138	Custom indicator AutoTrendChannel [DJI30],M5: loaded successfully
2	09:11:53.146	Custom indicator FRZ Channel Auto Plotter [DJI30],M5: loaded successfully
2	09:11:53.156	Custom indicator FRZ News Indicator MT4 [DJI30],M5: loaded successfully
2	09:11:53.165	Custom indicator Forex Uranus direction [DJI30],M5: loaded successfully
2	09:11:53.240	Custom indicator aVSA\aVSA clasters [DJI30],M5: loaded successfully
2	09:11:53.257	Custom indicator aVSA\aVSA Golden Zone [DJI30],M5: loaded successfully
2	09:11:53.265	Custom indicator breakout-zones\breakout-zones [DJI30],M5: loaded successfully
2	09:11:53.273	Custom indicator breakout-zones\SL&TP Values [DJI30],M5: loaded successfully
2	09:11:53.349	Custom indicator AIMS AO V.2.1 [DJI30],M5: loaded successfully
2	09:11:53.357	Custom indicator IVT_MACD_ZERO_LAG [DJI30],M5: loaded successfully
2	09:11:53.365	Custom indicator RSI Divergence Levels [DJI30],M5: loaded successfully
2	09:11:53.379	Custom indicator FRZ Forex Market Session Indicator [DJI30],M5: loaded successfully
2	09:12:07.548	Custom indicator AIMS Levels V2 [DJI30],M15: loaded successfully
2	09:12:07.628	Custom indicator AIMS Entry Alert V1 [DJI30],M15: loaded successfully
2	09:12:07.636	Custom indicator CandleTimer [DJI30],M15: loaded successfully
2	09:12:07.717	Custom indicator #Signal_Bars_v6 [DJI30],M15: loaded successfully
2	09:12:07.726	Custom indicator TrendEnvelopes_v1 [DJI30],M15: loaded successfully
2	09:12:07.735	Custom indicator guppy_multiple_moving_averages [DJI30],M15: loaded successfully
2	09:12:07.744	Custom indicator wedges [DJI30],M15: loaded successfully
2	09:12:07.753	Custom indicator Admiral Pivot [DJI30],M15: loaded successfully
2	09:12:07.763	Custom indicator AutoTrendChannel [DJI30],M15: loaded successfully
2	09:12:07.772	Custom indicator FRZ Channel Auto Plotter [DJI30],M15: loaded successfully
2	09:12:07.782	Custom indicator FRZ News Indicator MT4 [DJI30],M15: loaded successfully
2	09:12:07.792	Custom indicator Forex Uranus direction [DJI30],M15: loaded successfully
2	09:12:07.875	Custom indicator aVSA\aVSA clasters [DJI30],M15: loaded successfully
2	09:12:07.894	Custom indicator aVSA\aVSA Golden Zone [DJI30],M15: loaded successfully
2	09:12:07.903	Custom indicator breakout-zones\breakout-zones [DJI30],M15: loaded successfully
2	09:12:07.912	Custom indicator breakout-zones\SL&TP Values [DJI30],M15: loaded successfully
2	09:12:07.999	Custom indicator AIMS AO V.2.1 [DJI30],M15: loaded successfully
2	09:12:08.009	Custom indicator IVT_MACD_ZERO_LAG [DJI30],M15: loaded successfully
2	09:12:08.019	Custom indicator RSI Divergence Levels [DJI30],M15: loaded successfully
2	09:12:08.038	Custom indicator FRZ Forex Market Session Indicator [DJI30],M15: loaded successfully
2	09:12:13.777	Custom indicator AIMS Levels V2 [DJI30],H1: loaded successfully
2	09:12:13.857	Custom indicator AIMS Entry Alert V1 [DJI30],H1: loaded successfully
2	09:12:13.864	Custom indicator CandleTimer [DJI30],H1: loaded successfully
2	09:12:13.938	Custom indicator #Signal_Bars_v6 [DJI30],H1: loaded successfully
2	09:12:13.947	Custom indicator TrendEnvelopes_v1 [DJI30],H1: loaded successfully
2	09:12:13.954	Custom indicator guppy_multiple_moving_averages [DJI30],H1: loaded successfully
2	09:12:13.962	Custom indicator wedges [DJI30],H1: loaded successfully
2	09:12:13.970	Custom indicator Admiral Pivot [DJI30],H1: loaded successfully
2	09:12:13.978	Custom indicator AutoTrendChannel [DJI30],H1: loaded successfully
2	09:12:13.986	Custom indicator FRZ Channel Auto Plotter [DJI30],H1: loaded successfully
2	09:12:13.995	Custom indicator FRZ News Indicator MT4 [DJI30],H1: loaded successfully
2	09:12:14.004	Custom indicator Forex Uranus direction [DJI30],H1: loaded successfully
2	09:12:14.076	Custom indicator aVSA\aVSA clasters [DJI30],H1: loaded successfully
2	09:12:14.092	Custom indicator aVSA\aVSA Golden Zone [DJI30],H1: loaded successfully
2	09:12:14.100	Custom indicator breakout-zones\breakout-zones [DJI30],H1: loaded successfully
2	09:12:14.107	Custom indicator breakout-zones\SL&TP Values [DJI30],H1: loaded successfully
2	09:12:14.178	Custom indicator AIMS AO V.2.1 [DJI30],H1: loaded successfully
2	09:12:14.186	Custom indicator IVT_MACD_ZERO_LAG [DJI30],H1: loaded successfully
2	09:12:14.194	Custom indicator RSI Divergence Levels [DJI30],H1: loaded successfully
2	09:12:14.205	Custom indicator FRZ Forex Market Session Indicator [DJI30],H1: loaded successfully
2	09:12:16.248	Custom indicator AIMS Levels V2 GOLD,H1: loaded successfully
2	09:12:16.329	Custom indicator AIMS Entry Alert V1 GOLD,H1: loaded successfully
2	09:12:16.336	Custom indicator CandleTimer GOLD,H1: loaded successfully
2	09:12:16.412	Custom indicator #Signal_Bars_v6 GOLD,H1: loaded successfully
2	09:12:16.420	Custom indicator TrendEnvelopes_v1 GOLD,H1: loaded successfully
2	09:12:16.428	Custom indicator guppy_multiple_moving_averages GOLD,H1: loaded successfully
2	09:12:16.436	Custom indicator wedges GOLD,H1: loaded successfully
2	09:12:16.444	Custom indicator Admiral Pivot GOLD,H1: loaded successfully
2	09:12:16.452	Custom indicator AutoTrendChannel GOLD,H1: loaded successfully
2	09:12:16.460	Custom indicator FRZ Channel Auto Plotter GOLD,H1: loaded successfully
2	09:12:16.469	Custom indicator FRZ News Indicator MT4 GOLD,H1: loaded successfully
2	09:12:16.478	Custom indicator Forex Uranus direction GOLD,H1: loaded successfully
2	09:12:16.553	Custom indicator aVSA\aVSA clasters GOLD,H1: loaded successfully
2	09:12:16.569	Custom indicator aVSA\aVSA Golden Zone GOLD,H1: loaded successfully
2	09:12:16.578	Custom indicator breakout-zones\breakout-zones GOLD,H1: loaded successfully
2	09:12:16.586	Custom indicator breakout-zones\SL&TP Values GOLD,H1: loaded successfully
2	09:12:16.659	Custom indicator AIMS AO V.2.1 GOLD,H1: loaded successfully
2	09:12:16.667	Custom indicator IVT_MACD_ZERO_LAG GOLD,H1: loaded successfully
2	09:12:16.675	Custom indicator RSI Divergence Levels GOLD,H1: loaded successfully
2	09:12:16.687	Custom indicator FRZ Forex Market Session Indicator GOLD,H1: loaded successfully
2	09:12:18.767	Custom indicator AIMS Levels V2 [NQ100],M15: loaded successfully
2	09:12:18.843	Custom indicator AIMS Entry Alert V1 [NQ100],M15: loaded successfully
2	09:12:18.850	Custom indicator CandleTimer [NQ100],M15: loaded successfully
2	09:12:18.924	Custom indicator #Signal_Bars_v6 [NQ100],M15: loaded successfully
2	09:12:18.932	Custom indicator TrendEnvelopes_v1 [NQ100],M15: loaded successfully
2	09:12:18.940	Custom indicator guppy_multiple_moving_averages [NQ100],M15: loaded successfully
2	09:12:18.948	Custom indicator wedges [NQ100],M15: loaded successfully
2	09:12:18.956	Custom indicator Admiral Pivot [NQ100],M15: loaded successfully
2	09:12:18.964	Custom indicator AutoTrendChannel [NQ100],M15: loaded successfully
2	09:12:18.972	Custom indicator FRZ Channel Auto Plotter [NQ100],M15: loaded successfully
2	09:12:18.981	Custom indicator FRZ News Indicator MT4 [NQ100],M15: loaded successfully
2	09:12:18.989	Custom indicator Forex Uranus direction [NQ100],M15: loaded successfully
2	09:12:19.063	Custom indicator aVSA\aVSA clasters [NQ100],M15: loaded successfully
2	09:12:19.079	Custom indicator aVSA\aVSA Golden Zone [NQ100],M15: loaded successfully
2	09:12:19.087	Custom indicator breakout-zones\breakout-zones [NQ100],M15: loaded successfully
2	09:12:19.095	Custom indicator breakout-zones\SL&TP Values [NQ100],M15: loaded successfully
2	09:12:19.166	Custom indicator AIMS AO V.2.1 [NQ100],M15: loaded successfully
2	09:12:19.174	Custom indicator IVT_MACD_ZERO_LAG [NQ100],M15: loaded successfully
2	09:12:19.182	Custom indicator RSI Divergence Levels [NQ100],M15: loaded successfully
2	09:12:19.190	Custom indicator FRZ Forex Market Session Indicator [NQ100],M15: loaded successfully
2	09:12:19.204	Expert Admiral - Mini Terminal [NQ100],M15: loaded successfully
2	09:12:24.597	Custom indicator AIMS Levels V2 EURUSD,H1: loaded successfully
2	09:12:24.674	Custom indicator AIMS Entry Alert V1 EURUSD,H1: loaded successfully
2	09:12:24.681	Custom indicator CandleTimer EURUSD,H1: loaded successfully
2	09:12:24.756	Custom indicator #Signal_Bars_v6 EURUSD,H1: loaded successfully
2	09:12:24.765	Custom indicator TrendEnvelopes_v1 EURUSD,H1: loaded successfully
2	09:12:24.774	Custom indicator guppy_multiple_moving_averages EURUSD,H1: loaded successfully
2	09:12:24.782	Custom indicator wedges EURUSD,H1: loaded successfully
2	09:12:24.790	Custom indicator Admiral Pivot EURUSD,H1: loaded successfully
2	09:12:24.799	Custom indicator AutoTrendChannel EURUSD,H1: loaded successfully
2	09:12:24.807	Custom indicator FRZ Channel Auto Plotter EURUSD,H1: loaded successfully
2	09:12:24.817	Custom indicator FRZ News Indicator MT4 EURUSD,H1: loaded successfully
2	09:12:24.826	Custom indicator Forex Uranus direction EURUSD,H1: loaded successfully
2	09:12:24.899	Custom indicator aVSA\aVSA clasters EURUSD,H1: loaded successfully
2	09:12:24.916	Custom indicator aVSA\aVSA Golden Zone EURUSD,H1: loaded successfully
2	09:12:24.924	Custom indicator breakout-zones\breakout-zones EURUSD,H1: loaded successfully
2	09:12:24.933	Custom indicator breakout-zones\SL&TP Values EURUSD,H1: loaded successfully
2	09:12:25.005	Custom indicator AIMS AO V.2.1 EURUSD,H1: loaded successfully
2	09:12:25.014	Custom indicator IVT_MACD_ZERO_LAG EURUSD,H1: loaded successfully
2	09:12:25.022	Custom indicator RSI Divergence Levels EURUSD,H1: loaded successfully
2	09:12:25.034	Custom indicator FRZ Forex Market Session Indicator EURUSD,H1: loaded successfully
2	09:12:27.360	Expert !!Sentinel PAT Scanner-v1.01 BTCUSD,H1: loaded successfully
1	09:12:54.305	'27153390': datacenter connecting failed [6]
0	09:12:55.239	'27153390': login on AdmiralMarkets-Live through Access Point #4 (ping: 248.89 ms)
0	09:12:57.584	'27153390': login datacenter on AdmiralMarkets-Live through Access Point #4 (ping: 248.89 ms)
0	09:12:58.403	'27153390': previous successful authorization performed from 154.126.11.120
1	09:13:13.731	'27153390': datacenter connecting failed [6]
0	09:13:14.617	'27153390': login on AdmiralMarkets-Live through Access Point #9 (ping: 239.25 ms)
0	09:13:16.799	'27153390': login datacenter on AdmiralMarkets-Live through Access Point #9 (ping: 239.25 ms)
0	09:13:17.413	'27153390': previous successful authorization performed from 154.126.11.67
1	09:13:28.439	'27153390': datacenter connecting failed [6]
0	09:13:30.012	'27153390': login on AdmiralMarkets-Live through Access Point #10 (ping: 245.98 ms)
0	09:13:32.672	'27153390': login datacenter on AdmiralMarkets-Live through Access Point #10 (ping: 245.98 ms)
0	09:13:33.353	'27153390': previous successful authorization performed from 154.126.12.8
1	09:13:40.326	[DJI30],M1: indicator(s) working too slowly, total calculation time 3938 ms
1	09:13:41.307	'27153390': datacenter connecting failed [6]
0	09:13:42.252	'27153390': login on AdmiralMarkets-Live through Access Point #6 (ping: 274.26 ms)
1	09:13:43.413	[DJI30],M5: indicator(s) working too slowly, total calculation time 3078 ms
0	09:13:44.752	'27153390': login datacenter on AdmiralMarkets-Live through Access Point #6 (ping: 274.26 ms)
0	09:13:45.472	'27153390': previous successful authorization performed from 154.126.12.85
1	09:13:46.883	[DAX30],M1: indicator(s) working too slowly, total calculation time 3484 ms
1	09:13:53.165	[DAX30],M5: indicator(s) working too slowly, total calculation time 2890 ms
1	09:14:00.963	'27153390': datacenter connecting failed [6]
0	09:14:01.983	'27153390': login on AdmiralMarkets-Live through Access Point #1 (ping: 276.83 ms)
0	09:14:04.817	'27153390': login datacenter on AdmiralMarkets-Live through Access Point #1 (ping: 276.83 ms)
0	09:14:05.571	'27153390': previous successful authorization performed from 154.126.11.163
1	09:14:16.265	'27153390': datacenter connecting failed [6]
0	09:14:17.218	'27153390': login on AdmiralMarkets-Live through Access Point #2 (ping: 234.07 ms)
0	09:14:19.470	'27153390': login datacenter on AdmiralMarkets-Live through Access Point #2 (ping: 234.07 ms)
0	09:14:20.769	'27153390': previous successful authorization performed from 154.126.11.34
1	09:14:39.474	'27153390': datacenter connecting failed [6]
1	09:14:39.583	'27153390': connect failed [Connection échouée]
0	09:14:46.487	'27153390': login on AdmiralMarkets-Live through Access Point #7 (ping: n/a)
0	09:14:52.345	'27153390': login datacenter on AdmiralMarkets-Live through Access Point #7 (ping: n/a)
0	09:14:53.812	'27153390': previous successful authorization performed from 154.126.12.196
1	09:14:59.224	'27153390': datacenter connecting failed [6]
0	09:15:00.020	'27153390': login on AdmiralMarkets-Live through Access Point #10 (ping: n/a)
0	09:15:02.083	'27153390': login datacenter on AdmiralMarkets-Live through Access Point #10 (ping: n/a)
0	09:15:02.758	'27153390': previous successful authorization performed from 154.126.11.120
1	09:15:09.029	'27153390': datacenter connecting failed [6]
0	09:15:09.977	'27153390': login on AdmiralMarkets-Live through Access Point #9 (ping: n/a)
0	09:15:10.488	'27153390': ping to current access point Access Point #9 is 237.24 ms
0	09:15:12.070	'27153390': login datacenter on AdmiralMarkets-Live through Access Point #9 (ping: 237.24 ms)
0	09:15:12.718	'27153390': previous successful authorization performed from 154.126.12.85
1	09:15:20.284	'27153390': datacenter connecting failed [6]
0	09:15:21.254	'27153390': login on AdmiralMarkets-Live through Access Point #4 (ping: 240.04 ms)
0	09:15:23.663	'27153390': login datacenter on AdmiralMarkets-Live through Access Point #4 (ping: 240.04 ms)
0	09:15:24.743	'27153390': previous successful authorization performed from 154.126.12.81
2	09:18:13.965	Expert !!Sentinel PAT Scanner-v1.01 BTCUSD,H1: removed
2	09:21:12.652	Custom indicator AIMS Levels V2 GBPAUD,H1: loaded successfully
2	09:21:12.719	Custom indicator AIMS Entry Alert V1 GBPAUD,H1: loaded successfully
2	09:21:12.725	Custom indicator CandleTimer GBPAUD,H1: loaded successfully
2	09:21:12.792	Custom indicator #Signal_Bars_v6 GBPAUD,H1: loaded successfully
2	09:21:12.800	Custom indicator TrendEnvelopes_v1 GBPAUD,H1: loaded successfully
2	09:21:12.807	Custom indicator guppy_multiple_moving_averages GBPAUD,H1: loaded successfully
2	09:21:12.815	Custom indicator wedges GBPAUD,H1: loaded successfully
2	09:21:12.823	Custom indicator Admiral Pivot GBPAUD,H1: loaded successfully
2	09:21:12.831	Custom indicator AutoTrendChannel GBPAUD,H1: loaded successfully
2	09:21:12.839	Custom indicator FRZ Channel Auto Plotter GBPAUD,H1: loaded successfully
2	09:21:12.848	Custom indicator FRZ News Indicator MT4 GBPAUD,H1: loaded successfully
2	09:21:12.856	Custom indicator Forex Uranus direction GBPAUD,H1: loaded successfully
2	09:21:12.922	Custom indicator aVSA\aVSA clasters GBPAUD,H1: loaded successfully
2	09:21:12.937	Custom indicator aVSA\aVSA Golden Zone GBPAUD,H1: loaded successfully
2	09:21:12.946	Custom indicator breakout-zones\breakout-zones GBPAUD,H1: loaded successfully
2	09:21:12.954	Custom indicator breakout-zones\SL&TP Values GBPAUD,H1: loaded successfully
2	09:21:13.020	Custom indicator AIMS AO V.2.1 GBPAUD,H1: loaded successfully
2	09:21:13.028	Custom indicator IVT_MACD_ZERO_LAG GBPAUD,H1: loaded successfully
2	09:21:13.036	Custom indicator RSI Divergence Levels GBPAUD,H1: loaded successfully
2	09:21:13.047	Custom indicator FRZ Forex Market Session Indicator GBPAUD,H1: loaded successfully
0	09:22:52.569	'27153390': order sell market 0.10 [DJI30] sl: 0.00 tp: 0.00
1	09:22:52.888	'27153390': order sell 0.10 [DJI30] opening at market sl: 0.00 tp: 0.00 failed [Not enough money]
1	09:24:52.133	'27153390': connect failed [Connection échouée]
0	10:50:06.798	'27153390': login on AdmiralMarkets-Live through Access Point #7 (ping: n/a)
0	10:50:12.684	'27153390': login datacenter on AdmiralMarkets-Live through Access Point #7 (ping: n/a)
0	10:50:14.064	'27153390': previous successful authorization performed from 154.126.12.203
0	10:50:52.028	'27153390': auto connecting to a better access point Access Point #9 (ping is 249.34 ms)
0	10:50:52.973	'27153390': login on AdmiralMarkets-Live through Access Point #9 (ping: 249.34 ms)
0	10:50:56.217	'27153390': login datacenter on AdmiralMarkets-Live through Access Point #9 (ping: 249.34 ms)
0	10:50:57.252	'27153390': previous successful authorization performed from 154.126.11.48
0	11:07:08.065	'27153390': login datacenter on AdmiralMarkets-Live
0	11:07:10.553	'27153390': login on AdmiralMarkets-Live through Access Point #10 (ping: 250.80 ms)
0	11:07:12.986	'27153390': login datacenter on AdmiralMarkets-Live through Access Point #10 (ping: 250.80 ms)
0	11:07:13.633	'27153390': previous successful authorization performed from 154.126.12.161
2	11:58:00.345	Custom indicator CL_EC_03_CompleteTradeManager 131226 [NQ100],M15: loaded successfully
3	11:58:00.359	Expert 'CL_EC_03_CompleteTradeManager 131226' is not custom indicator and will be removed
2	11:58:00.359	Custom indicator CL_EC_03_CompleteTradeManager 131226 [NQ100],M15: removed
2	11:58:01.550	Custom indicator CL_EC_03_CompleteTradeManager 131226 [NQ100],M15: loaded successfully
3	11:58:01.550	Expert 'CL_EC_03_CompleteTradeManager 131226' is not custom indicator and will be removed
2	11:58:01.550	Custom indicator CL_EC_03_CompleteTradeManager 131226 [NQ100],M15: removed
2	11:58:01.864	Custom indicator CL_EC_03_CompleteTradeManager 131226 [NQ100],M15: loaded successfully
3	11:58:01.864	Expert 'CL_EC_03_CompleteTradeManager 131226' is not custom indicator and will be removed
2	11:58:01.864	Custom indicator CL_EC_03_CompleteTradeManager 131226 [NQ100],M15: removed
2	11:58:12.581	Custom indicator CL_EC_03_CompleteTradeManager 131226 [NQ100],M15: loaded successfully
3	11:58:12.581	Expert 'CL_EC_03_CompleteTradeManager 131226' is not custom indicator and will be removed
2	11:58:12.581	Custom indicator CL_EC_03_CompleteTradeManager 131226 [NQ100],M15: removed
2	11:58:16.132	Custom indicator CL_EC_03_CompleteTradeManager 131226 [NQ100],M15: loaded successfully
3	11:58:16.132	Expert 'CL_EC_03_CompleteTradeManager 131226' is not custom indicator and will be removed
2	11:58:16.132	Custom indicator CL_EC_03_CompleteTradeManager 131226 [NQ100],M15: removed
2	12:01:34.429	Expert Admiral - Mini Terminal [NQ100],M15: removed
2	12:01:34.521	Expert CL_EC_03_CompleteTradeManager 131226 [NQ100],M15: loaded successfully
0	12:02:21.620	'27153390': close order #81415602 sell 0.20 [NQ100] at 13366.23 sl: 13389.02 tp: 12874.32 at price 0.00
0	12:02:22.363	'27153390': order #81415602 sell 0.20 [NQ100] at 13366.23 sl: 13389.02 tp: 12874.32 closed at price 13379.24
2	12:02:36.707	Expert CL_EC_03_CompleteTradeManager 131226 [NQ100],M15: removed
2	12:02:43.018	Expert CL_EC_03_CompleteTradeManager 131226 [NQ100],M15: loaded successfully
2	12:03:30.941	Expert CL_EC_03_CompleteTradeManager 131226 [NQ100],M15: removed
0	12:03:44.456	'27153390': order sell market 0.20 [NQ100] sl: 0.00 tp: 0.00
0	12:03:45.284	'27153390': order was opened : #81417519 sell 0.20 [NQ100] at 13376.49 sl: 0.00 tp: 0.00
0	12:03:52.353	'27153390': modify order #81417519 sell 0.20 [NQ100] at 13376.49 sl: 0.00 tp: 0.00 -> sl: 13392.80 tp: 0.00
0	12:03:55.393	'27153390': order #81417519 sell 0.20 [NQ100] at 13376.49 was modified -> sl: 13392.80 tp: 0.00
1	12:27:51.857	'27153390': connect failed [Connection échouée]
0	12:29:21.046	'27153390': login on AdmiralMarkets-Live through Access Point #7 (ping: n/a)
0	12:29:26.772	'27153390': login datacenter on AdmiralMarkets-Live through Access Point #7 (ping: n/a)
0	12:29:28.423	'27153390': previous successful authorization performed from 154.126.12.180
0	12:29:45.913	'27153390': auto connecting to a better access point Access Point #4 (ping is 247.22 ms)
0	12:29:46.801	'27153390': login on AdmiralMarkets-Live through Access Point #4 (ping: 247.22 ms)
0	12:29:58.799	'27153390': login datacenter on AdmiralMarkets-Live through Access Point #4 (ping: 247.22 ms)
0	12:29:59.467	'27153390': previous successful authorization performed from 154.126.12.25
2	12:34:13.688	Custom indicator FlexiChart_2.0 [NQ100],M15: loaded successfully
3	12:34:13.688	Expert 'FlexiChart_2.0' is not custom indicator and will be removed
2	12:34:13.688	Custom indicator FlexiChart_2.0 [NQ100],M15: removed
2	12:34:32.114	Expert FlexiChart_2.0 [NQ100],M15: loaded successfully
2	12:34:41.423	Library IO_Utils [NQ100],M15: loaded successfully
2	12:34:41.505	Library OffLine [NQ100],M15: loaded successfully
2	12:34:41.569	Library IO_Utils [NQ100],M15: loaded successfully
2	12:34:58.648	Library IO_Utils [NQ100],M15: removed
2	12:34:58.648	Library OffLine [NQ100],M15: removed
2	12:34:58.648	Library IO_Utils [NQ100],M15: removed
2	12:34:58.648	Expert FlexiChart_2.0 [NQ100],M15: removed
2	12:34:58.719	Expert FlexiChart_2.0 [NQ100],M15: loaded successfully
2	12:35:10.570	Library IO_Utils [NQ100],M15: loaded successfully
2	12:35:10.636	Library OffLine [NQ100],M15: loaded successfully
2	12:35:10.701	Library IO_Utils [NQ100],M15: loaded successfully
2	12:35:18.287	Library IO_Utils [NQ100],M15: removed
2	12:35:18.287	Library OffLine [NQ100],M15: removed
2	12:35:18.287	Library IO_Utils [NQ100],M15: removed
2	12:35:18.287	Expert FlexiChart_2.0 [NQ100],M15: removed
2	12:35:18.357	Expert FlexiChart_2.0 [NQ100],M15: loaded successfully
2	12:35:25.710	Library IO_Utils [NQ100],M15: loaded successfully
2	12:35:25.776	Library OffLine [NQ100],M15: loaded successfully
2	12:35:25.841	Library IO_Utils [NQ100],M15: loaded successfully
2	12:35:34.310	Library IO_Utils [NQ100],M15: removed
2	12:35:34.310	Library OffLine [NQ100],M15: removed
2	12:35:34.311	Library IO_Utils [NQ100],M15: removed
2	12:35:34.311	Expert FlexiChart_2.0 [NQ100],M15: removed
0	12:42:13.949	'420593': login on WindsorBrokers-REAL
0	12:43:50.663	'420593': auto connecting to a better access point DC20 (ping is 242.15 ms)
1	12:43:51.036	'420593': connect failed [Connection échouée]
0	14:15:58.221	'420593': login on WindsorBrokers-REAL through DC01 (ping: n/a)
0	14:16:03.965	'420593': login datacenter on WindsorBrokers-REAL through DC01 (ping: n/a)
0	14:16:04.911	'420593': previous successful authorization performed from 154.126.12.102
0	14:17:54.389	'420593': auto connecting to a better access point DC02 (ping is 248.38 ms)
0	14:17:57.608	'420593': login on WindsorBrokers-REAL through DC02 (ping: 248.38 ms)
0	14:18:04.068	'420593': login datacenter on WindsorBrokers-REAL through DC02 (ping: 248.38 ms)
0	14:18:06.330	'420593': previous successful authorization performed from 170.33.93.151
2	14:19:28.912	Custom indicator AIMS Levels V2 US100CASH,H1: loaded successfully
2	14:19:29.029	Custom indicator AIMS Entry Alert V1 US100CASH,H1: loaded successfully
2	14:19:29.140	Custom indicator CandleTimer US100CASH,H1: loaded successfully
2	14:19:29.238	Custom indicator #Signal_Bars_v6 US100CASH,H1: loaded successfully
2	14:19:29.337	Custom indicator TrendEnvelopes_v1 US100CASH,H1: loaded successfully
2	14:19:29.345	Custom indicator guppy_multiple_moving_averages US100CASH,H1: loaded successfully
2	14:19:29.355	Custom indicator wedges US100CASH,H1: loaded successfully
2	14:19:29.398	Custom indicator Admiral Pivot US100CASH,H1: loaded successfully
2	14:19:29.433	Custom indicator AutoTrendChannel US100CASH,H1: loaded successfully
2	14:19:29.459	Custom indicator FRZ Channel Auto Plotter US100CASH,H1: loaded successfully
2	14:19:29.480	Custom indicator FRZ News Indicator MT4 US100CASH,H1: loaded successfully
2	14:19:29.554	Custom indicator Forex Uranus direction US100CASH,H1: loaded successfully
2	14:19:29.627	Custom indicator aVSA\aVSA clasters US100CASH,H1: loaded successfully
2	14:19:29.725	Custom indicator aVSA\aVSA Golden Zone US100CASH,H1: loaded successfully
2	14:19:29.884	Custom indicator breakout-zones\breakout-zones US100CASH,H1: loaded successfully
2	14:19:29.938	Custom indicator breakout-zones\SL&TP Values US100CASH,H1: loaded successfully
2	14:19:30.010	Custom indicator AIMS AO V.2.1 US100CASH,H1: loaded successfully
2	14:19:30.029	Custom indicator IVT_MACD_ZERO_LAG US100CASH,H1: loaded successfully
2	14:19:30.049	Custom indicator RSI Divergence Levels US100CASH,H1: loaded successfully
2	14:19:30.129	Custom indicator FRZ Forex Market Session Indicator US100CASH,H1: loaded successfully
0	14:20:53.704	'420593': one click trading has been enabled
0	14:21:00.643	'420593': order sell market 1.00 US100CASH sl: 0.00 tp: 0.00
1	14:21:01.614	'420593': order sell 1.00 US100CASH opening at market sl: 0.00 tp: 0.00 failed [Not enough money]
0	14:22:43.558	'420593': order sell market 0.50 US100CASH sl: 0.00 tp: 0.00
1	14:22:43.935	'420593': order sell 0.50 US100CASH opening at market sl: 0.00 tp: 0.00 failed [Not enough money]
0	14:23:02.652	'420593': order sell market 0.30 US100CASH sl: 0.00 tp: 0.00
0	14:23:03.560	'420593': order was opened : #49719402 sell 0.30 US100CASH at 13375.53 sl: 0.00 tp: 0.00
0	14:23:22.965	'420593': modify order #49719402 sell 0.30 US100CASH at 13375.53 sl: 0.00 tp: 0.00 -> sl: 13392.89 tp: 0.00
0	14:23:23.492	'420593': order #49719402 sell 0.30 US100CASH at 13375.53 was modified -> sl: 13392.89 tp: 0.00
0	14:39:35.364	'420593': modify order #49719402 sell 0.30 US100CASH at 13375.53 sl: 13392.89 tp: 0.00 -> sl: 13392.89 tp: 12841.96
0	14:39:36.495	'420593': order #49719402 sell 0.30 US100CASH at 13375.53 was modified -> sl: 13392.89 tp: 12841.96
2	14:52:13.523	Custom indicator AIMS Levels V2 US100CASH,M15: removed
2	14:52:13.634	Custom indicator AIMS Entry Alert V1 US100CASH,M15: removed
2	14:52:13.636	Custom indicator CandleTimer US100CASH,M15: removed
2	14:52:13.636	Custom indicator #Signal_Bars_v6 US100CASH,M15: removed
2	14:52:13.637	Custom indicator TrendEnvelopes_v1 US100CASH,M15: removed
2	14:52:13.639	Custom indicator guppy_multiple_moving_averages US100CASH,M15: removed
2	14:52:13.640	Custom indicator wedges US100CASH,M15: removed
2	14:52:13.642	Custom indicator Admiral Pivot US100CASH,M15: removed
2	14:52:13.643	Custom indicator AutoTrendChannel US100CASH,M15: removed
2	14:52:13.645	Custom indicator FRZ Channel Auto Plotter US100CASH,M15: removed
2	14:52:13.646	Custom indicator FRZ News Indicator MT4 US100CASH,M15: removed
2	14:52:13.648	Custom indicator Forex Uranus direction US100CASH,M15: removed
2	14:52:13.648	Custom indicator aVSA clasters US100CASH,M15: removed
2	14:52:13.651	Custom indicator aVSA Golden Zone US100CASH,M15: removed
2	14:52:13.652	Custom indicator breakout-zones US100CASH,M15: removed
2	14:52:13.654	Custom indicator SL&TP Values US100CASH,M15: removed
2	14:52:13.654	Custom indicator AIMS AO V.2.1 US100CASH,M15: removed
2	14:52:13.655	Custom indicator IVT_MACD_ZERO_LAG US100CASH,M15: removed
2	14:52:13.656	Custom indicator RSI Divergence Levels US100CASH,M15: removed
2	14:52:13.658	Custom indicator FRZ Forex Market Session Indicator US100CASH,M15: removed
2	14:52:13.727	Custom indicator AIMS Levels V2 US100CASH,M15: loaded successfully
2	14:52:13.792	Custom indicator AIMS Entry Alert V1 US100CASH,M15: loaded successfully
2	14:52:13.798	Custom indicator CandleTimer US100CASH,M15: loaded successfully
2	14:52:13.862	Custom indicator #Signal_Bars_v6 US100CASH,M15: loaded successfully
2	14:52:13.983	Custom indicator TrendEnvelopes_v1 US100CASH,M15: loaded successfully
2	14:52:13.991	Custom indicator guppy_multiple_moving_averages US100CASH,M15: loaded successfully
2	14:52:13.998	Custom indicator wedges US100CASH,M15: loaded successfully
2	14:52:14.006	Custom indicator Admiral Pivot US100CASH,M15: loaded successfully
2	14:52:14.013	Custom indicator AutoTrendChannel US100CASH,M15: loaded successfully
2	14:52:14.021	Custom indicator FRZ Channel Auto Plotter US100CASH,M15: loaded successfully
2	14:52:14.030	Custom indicator FRZ News Indicator MT4 US100CASH,M15: loaded successfully
2	14:52:14.038	Custom indicator Forex Uranus direction US100CASH,M15: loaded successfully
2	14:52:14.103	Custom indicator aVSA\aVSA clasters US100CASH,M15: loaded successfully
2	14:52:14.118	Custom indicator aVSA\aVSA Golden Zone US100CASH,M15: loaded successfully
2	14:52:14.125	Custom indicator breakout-zones\breakout-zones US100CASH,M15: loaded successfully
2	14:52:14.132	Custom indicator breakout-zones\SL&TP Values US100CASH,M15: loaded successfully
2	14:52:14.195	Custom indicator AIMS AO V.2.1 US100CASH,M15: loaded successfully
2	14:52:14.203	Custom indicator IVT_MACD_ZERO_LAG US100CASH,M15: loaded successfully
2	14:52:14.311	Custom indicator RSI Divergence Levels US100CASH,M15: loaded successfully
2	14:52:14.328	Custom indicator FRZ Forex Market Session Indicator US100CASH,M15: loaded successfully
1	15:12:25.628	'420593': datacenter connecting failed [6]
1	15:13:16.093	'420593': connect failed [Connection échouée]
0	15:16:51.200	'420593': login on WindsorBrokers-REAL through DC01 (ping: n/a)
0	15:16:53.633	'420593': login datacenter on WindsorBrokers-REAL through DC01 (ping: n/a)
0	15:16:54.425	'420593': previous successful authorization performed from 170.33.88.203
0	15:18:42.972	'420593': auto connecting to a better access point DC02 (ping is 254.94 ms)
0	15:18:43.822	'420593': login on WindsorBrokers-REAL through DC02 (ping: 254.94 ms)
0	15:18:45.786	'420593': login datacenter on WindsorBrokers-REAL through DC02 (ping: 254.94 ms)
0	15:18:46.441	'420593': previous successful authorization performed from 170.33.92.22
0	15:30:12.938	'420593': order #49719402 sell 0.30 US100CASH at 13375.53 closed due stop-loss at price 13408.20
0	15:30:34.828	'27153390': login on AdmiralMarkets-Live through Access Point #4 (ping: 261.69 ms)
0	15:30:38.256	'27153390': login datacenter on AdmiralMarkets-Live through Access Point #4 (ping: 261.69 ms)
0	15:30:38.924	'27153390': previous successful authorization performed from 154.126.12.161
0	15:30:58.267	'27153390': auto connecting to a better access point Access Point #10 (ping is 234.10 ms)
0	15:30:59.471	'27153390': login on AdmiralMarkets-Live through Access Point #10 (ping: 234.10 ms)
0	15:31:02.738	'27153390': login datacenter on AdmiralMarkets-Live through Access Point #10 (ping: 234.10 ms)
0	15:31:03.441	'27153390': previous successful authorization performed from 154.126.11.190
2	15:41:57.890	Custom indicator AIMS Levels V2 [DJI30],M1: removed
2	15:41:57.891	Custom indicator AIMS Entry Alert V1 [DJI30],M1: removed
2	15:41:57.916	Custom indicator CandleTimer [DJI30],M1: removed
2	15:41:57.917	Custom indicator #Signal_Bars_v6 [DJI30],M1: removed
2	15:41:57.958	Custom indicator TrendEnvelopes_v1 [DJI30],M1: removed
2	15:41:57.960	Custom indicator guppy_multiple_moving_averages [DJI30],M1: removed
2	15:41:57.980	Custom indicator wedges [DJI30],M1: removed
2	15:41:58.017	Custom indicator Admiral Pivot [DJI30],M1: removed
2	15:41:58.033	Custom indicator AutoTrendChannel [DJI30],M1: removed
2	15:41:58.073	Custom indicator FRZ Channel Auto Plotter [DJI30],M1: removed
2	15:41:58.075	Custom indicator FRZ News Indicator MT4 [DJI30],M1: removed
2	15:41:58.078	Custom indicator Forex Uranus direction [DJI30],M1: removed
2	15:41:58.086	Custom indicator aVSA clasters [DJI30],M1: removed
2	15:41:58.106	Custom indicator aVSA Golden Zone [DJI30],M1: removed
2	15:41:58.115	Custom indicator breakout-zones [DJI30],M1: removed
2	15:41:58.118	Custom indicator SL&TP Values [DJI30],M1: removed
2	15:41:58.118	Custom indicator AIMS AO V.2.1 [DJI30],M1: removed
2	15:41:58.121	Custom indicator IVT_MACD_ZERO_LAG [DJI30],M1: removed
2	15:41:58.125	Custom indicator RSI Divergence Levels [DJI30],M1: removed
2	15:41:58.128	Custom indicator FRZ Forex Market Session Indicator [DJI30],M1: removed
2	15:41:58.317	Custom indicator AIMS Levels V2 [DJI30],M1: loaded successfully
2	15:41:58.404	Custom indicator AIMS Entry Alert V1 [DJI30],M1: loaded successfully
2	15:41:58.442	Custom indicator CandleTimer [DJI30],M1: loaded successfully
2	15:41:58.530	Custom indicator #Signal_Bars_v6 [DJI30],M1: loaded successfully
2	15:41:58.575	Custom indicator TrendEnvelopes_v1 [DJI30],M1: loaded successfully
2	15:41:58.604	Custom indicator guppy_multiple_moving_averages [DJI30],M1: loaded successfully
2	15:41:58.614	Custom indicator wedges [DJI30],M1: loaded successfully
2	15:41:58.624	Custom indicator Admiral Pivot [DJI30],M1: loaded successfully
2	15:41:58.632	Custom indicator AutoTrendChannel [DJI30],M1: loaded successfully
2	15:41:58.641	Custom indicator FRZ Channel Auto Plotter [DJI30],M1: loaded successfully
2	15:41:58.652	Custom indicator FRZ News Indicator MT4 [DJI30],M1: loaded successfully
2	15:41:58.662	Custom indicator Forex Uranus direction [DJI30],M1: loaded successfully
2	15:41:58.729	Custom indicator aVSA\aVSA clasters [DJI30],M1: loaded successfully
2	15:41:58.773	Custom indicator aVSA\aVSA Golden Zone [DJI30],M1: loaded successfully
2	15:41:58.783	Custom indicator breakout-zones\breakout-zones [DJI30],M1: loaded successfully
2	15:41:58.793	Custom indicator breakout-zones\SL&TP Values [DJI30],M1: loaded successfully
2	15:41:58.856	Custom indicator AIMS AO V.2.1 [DJI30],M1: loaded successfully
2	15:41:58.864	Custom indicator IVT_MACD_ZERO_LAG [DJI30],M1: loaded successfully
2	15:41:58.873	Custom indicator RSI Divergence Levels [DJI30],M1: loaded successfully
2	15:41:58.884	Custom indicator FRZ Forex Market Session Indicator [DJI30],M1: loaded successfully
2	15:48:25.574	Custom indicator AIMS Levels V2 [DJI30],M5: removed
2	15:48:25.575	Custom indicator AIMS Entry Alert V1 [DJI30],M5: removed
2	15:48:25.593	Custom indicator CandleTimer [DJI30],M5: removed
2	15:48:25.594	Custom indicator #Signal_Bars_v6 [DJI30],M5: removed
2	15:48:25.595	Custom indicator TrendEnvelopes_v1 [DJI30],M5: removed
2	15:48:25.597	Custom indicator guppy_multiple_moving_averages [DJI30],M5: removed
2	15:48:25.599	Custom indicator wedges [DJI30],M5: removed
2	15:48:25.600	Custom indicator Admiral Pivot [DJI30],M5: removed
2	15:48:25.613	Custom indicator AutoTrendChannel [DJI30],M5: removed
2	15:48:25.640	Custom indicator FRZ Channel Auto Plotter [DJI30],M5: removed
2	15:48:25.641	Custom indicator FRZ News Indicator MT4 [DJI30],M5: removed
2	15:48:25.642	Custom indicator Forex Uranus direction [DJI30],M5: removed
2	15:48:25.643	Custom indicator aVSA clasters [DJI30],M5: removed
2	15:48:25.645	Custom indicator aVSA Golden Zone [DJI30],M5: removed
2	15:48:25.647	Custom indicator breakout-zones [DJI30],M5: removed
2	15:48:25.648	Custom indicator SL&TP Values [DJI30],M5: removed
2	15:48:25.649	Custom indicator AIMS AO V.2.1 [DJI30],M5: removed
2	15:48:25.650	Custom indicator IVT_MACD_ZERO_LAG [DJI30],M5: removed
2	15:48:25.652	Custom indicator RSI Divergence Levels [DJI30],M5: removed
2	15:48:25.653	Custom indicator FRZ Forex Market Session Indicator [DJI30],M5: removed
2	15:48:25.728	Custom indicator AIMS Levels V2 [DJI30],M5: loaded successfully
2	15:48:25.796	Custom indicator AIMS Entry Alert V1 [DJI30],M5: loaded successfully
2	15:48:25.802	Custom indicator CandleTimer [DJI30],M5: loaded successfully
2	15:48:25.868	Custom indicator #Signal_Bars_v6 [DJI30],M5: loaded successfully
2	15:48:25.875	Custom indicator TrendEnvelopes_v1 [DJI30],M5: loaded successfully
2	15:48:25.882	Custom indicator guppy_multiple_moving_averages [DJI30],M5: loaded successfully
2	15:48:25.890	Custom indicator wedges [DJI30],M5: loaded successfully
2	15:48:25.976	Custom indicator Admiral Pivot [DJI30],M5: loaded successfully
2	15:48:25.987	Custom indicator AutoTrendChannel [DJI30],M5: loaded successfully
2	15:48:25.996	Custom indicator FRZ Channel Auto Plotter [DJI30],M5: loaded successfully
2	15:48:26.005	Custom indicator FRZ News Indicator MT4 [DJI30],M5: loaded successfully
2	15:48:26.013	Custom indicator Forex Uranus direction [DJI30],M5: loaded successfully
2	15:48:26.077	Custom indicator aVSA\aVSA clasters [DJI30],M5: loaded successfully
2	15:48:26.107	Custom indicator aVSA\aVSA Golden Zone [DJI30],M5: loaded successfully
2	15:48:26.114	Custom indicator breakout-zones\breakout-zones [DJI30],M5: loaded successfully
2	15:48:26.122	Custom indicator breakout-zones\SL&TP Values [DJI30],M5: loaded successfully
2	15:48:26.186	Custom indicator AIMS AO V.2.1 [DJI30],M5: loaded successfully
2	15:48:26.193	Custom indicator IVT_MACD_ZERO_LAG [DJI30],M5: loaded successfully
2	15:48:26.234	Custom indicator RSI Divergence Levels [DJI30],M5: loaded successfully
2	15:48:26.246	Custom indicator FRZ Forex Market Session Indicator [DJI30],M5: loaded successfully
0	15:50:14.142	'27153390': order sell market 0.20 [DJI30] sl: 0.00 tp: 0.00
1	15:50:14.495	'27153390': order sell 0.20 [DJI30] opening at market sl: 0.00 tp: 0.00 failed [Not enough money]
0	15:50:30.234	'27153390': order sell market 0.10 [DJI30] sl: 0.00 tp: 0.00
0	15:50:31.689	'27153390': order was opened : #81420295 sell 0.10 [DJI30] at 33347.22 sl: 0.00 tp: 0.00
0	15:50:45.299	'27153390': modify order #81420295 sell 0.10 [DJI30] at 33347.22 sl: 0.00 tp: 0.00 -> sl: 33385.74 tp: 0.00
0	15:50:45.621	'27153390': order #81420295 sell 0.10 [DJI30] at 33347.22 was modified -> sl: 33385.74 tp: 0.00
0	15:51:33.685	'27153390': modify order #81420295 sell 0.10 [DJI30] at 33347.22 sl: 33385.74 tp: 0.00 -> sl: 33385.74 tp: 33130.69
0	15:51:34.007	'27153390': order #81420295 sell 0.10 [DJI30] at 33347.22 was modified -> sl: 33385.74 tp: 33130.69
0	15:51:53.579	'27153390': modify order #81420295 sell 0.10 [DJI30] at 33347.22 sl: 33385.74 tp: 33130.69 -> sl: 33347.13 tp: 33130.69
0	15:51:53.922	'27153390': order #81420295 sell 0.10 [DJI30] at 33347.22 was modified -> sl: 33347.13 tp: 33130.69
0	15:51:54.616	'27153390': order #81420295 sell 0.10 [DJI30] at 33347.22 closed due stop-loss at price 33347.22
0	15:53:11.211	'27153390': order sell market 0.10 [DJI30] sl: 0.00 tp: 0.00
0	15:53:11.858	'27153390': order was opened : #81420350 sell 0.10 [DJI30] at 33342.72 sl: 0.00 tp: 0.00
0	15:53:19.107	'27153390': modify order #81420350 sell 0.10 [DJI30] at 33342.72 sl: 0.00 tp: 0.00 -> sl: 33387.51 tp: 0.00
0	15:53:19.432	'27153390': order #81420350 sell 0.10 [DJI30] at 33342.72 was modified -> sl: 33387.51 tp: 0.00
0	15:53:39.529	'27153390': modify order #81420350 sell 0.10 [DJI30] at 33342.72 sl: 33387.51 tp: 0.00 -> sl: 33387.51 tp: 33196.37
0	15:53:39.951	'27153390': order #81420350 sell 0.10 [DJI30] at 33342.72 was modified -> sl: 33387.51 tp: 33196.37
0	15:53:56.131	'27153390': modify order #81420350 sell 0.10 [DJI30] at 33342.72 sl: 33387.51 tp: 33196.37 -> sl: 33387.51 tp: 33134.49
0	15:53:56.715	'27153390': order #81420350 sell 0.10 [DJI30] at 33342.72 was modified -> sl: 33387.51 tp: 33134.49
0	15:58:05.149	'27153390': order sell market 0.10 [NQ100] sl: 0.00 tp: 0.00
1	15:58:05.487	'27153390': order sell 0.10 [NQ100] opening at market sl: 0.00 tp: 0.00 failed [Not enough money]
0	15:58:07.107	'27153390': order sell market 0.10 [NQ100] sl: 0.00 tp: 0.00
1	15:58:07.431	'27153390': order sell 0.10 [NQ100] opening at market sl: 0.00 tp: 0.00 failed [Not enough money]
0	15:59:47.000	'27153390': modify order #81420350 sell 0.10 [DJI30] at 33342.72 sl: 33387.51 tp: 33134.49 -> sl: 33340.59 tp: 33134.49
0	15:59:52.835	'27153390': order #81420350 sell 0.10 [DJI30] at 33342.72 was modified -> sl: 33340.59 tp: 33134.49
0	16:02:14.817	'27153390': modify order #81420350 sell 0.10 [DJI30] at 33342.72 sl: 33340.59 tp: 33134.49 -> sl: 33340.59 tp: 33140.19
1	16:02:19.478	'27153390': modification of order #81420350 sell 0.10 [DJI30] at 33342.72 sl: 33340.59 tp: 33134.49 -> sl: 33340.59 tp: 33140.19 failed [Trade is disabled]
0	16:02:27.681	'27153390': modify order #81420350 sell 0.10 [DJI30] at 33342.72 sl: 33340.59 tp: 33134.49 -> sl: 33340.59 tp: 33129.43
1	16:02:28.042	'27153390': modification of order #81420350 sell 0.10 [DJI30] at 33342.72 sl: 33340.59 tp: 33134.49 -> sl: 33340.59 tp: 33129.43 failed [Trade is disabled]
2	16:06:53.781	Custom indicator AIMS Levels V2 GBPUSD,M1: loaded successfully
2	16:06:53.846	Custom indicator AIMS Entry Alert V1 GBPUSD,M1: loaded successfully
2	16:06:53.852	Custom indicator CandleTimer GBPUSD,M1: loaded successfully
2	16:06:53.917	Custom indicator #Signal_Bars_v6 GBPUSD,M1: loaded successfully
2	16:06:53.924	Custom indicator TrendEnvelopes_v1 GBPUSD,M1: loaded successfully
2	16:06:53.932	Custom indicator guppy_multiple_moving_averages GBPUSD,M1: loaded successfully
2	16:06:53.939	Custom indicator wedges GBPUSD,M1: loaded successfully
2	16:06:53.947	Custom indicator Admiral Pivot GBPUSD,M1: loaded successfully
2	16:06:53.954	Custom indicator AutoTrendChannel GBPUSD,M1: loaded successfully
2	16:06:54.278	Custom indicator FRZ Channel Auto Plotter GBPUSD,M1: loaded successfully
2	16:06:54.287	Custom indicator FRZ News Indicator MT4 GBPUSD,M1: loaded successfully
2	16:06:54.294	Custom indicator Forex Uranus direction GBPUSD,M1: loaded successfully
2	16:06:54.360	Custom indicator aVSA\aVSA clasters GBPUSD,M1: loaded successfully
2	16:06:54.377	Custom indicator aVSA\aVSA Golden Zone GBPUSD,M1: loaded successfully
2	16:06:54.384	Custom indicator breakout-zones\breakout-zones GBPUSD,M1: loaded successfully
2	16:06:54.391	Custom indicator breakout-zones\SL&TP Values GBPUSD,M1: loaded successfully
2	16:06:54.573	Custom indicator AIMS AO V.2.1 GBPUSD,M1: loaded successfully
2	16:06:54.588	Custom indicator IVT_MACD_ZERO_LAG GBPUSD,M1: loaded successfully
2	16:06:54.597	Custom indicator RSI Divergence Levels GBPUSD,M1: loaded successfully
2	16:06:54.608	Custom indicator FRZ Forex Market Session Indicator GBPUSD,M1: loaded successfully
1	16:35:55.481	'27153390': connect failed [Connection échouée]
0	16:37:03.521	'27153390': login on AdmiralMarkets-Live through Access Point #7 (ping: n/a)
0	16:37:08.307	'27153390': login datacenter on AdmiralMarkets-Live through Access Point #7 (ping: n/a)
0	16:37:09.619	'27153390': previous successful authorization performed from 154.126.12.65
0	16:37:26.410	'27153390': auto connecting to a better access point Access Point #6 (ping is 230.33 ms)
0	16:37:27.291	'27153390': login on AdmiralMarkets-Live through Access Point #6 (ping: 230.33 ms)
0	16:37:37.488	'27153390': login datacenter on AdmiralMarkets-Live through Access Point #6 (ping: 230.33 ms)
0	16:37:40.165	'27153390': previous successful authorization performed from 197.215.202.57
2	16:51:27.957	Custom indicator breakout-zones SILVER,H1: removed
2	16:51:27.974	Custom indicator PositionSizeCalculator SILVER,H1: removed
2	16:51:28.017	Custom indicator AIMS Levels V2 [DAX30],M1: removed
2	16:51:28.034	Custom indicator AIMS Entry Alert V1 [DAX30],M1: removed
2	16:51:28.036	Custom indicator CandleTimer [DAX30],M1: removed
2	16:51:28.036	Custom indicator #Signal_Bars_v6 [DAX30],M1: removed
2	16:51:28.038	Custom indicator TrendEnvelopes_v1 [DAX30],M1: removed
2	16:51:28.049	Custom indicator guppy_multiple_moving_averages [DAX30],M1: removed
2	16:51:28.052	Custom indicator wedges [DAX30],M1: removed
2	16:51:28.084	Custom indicator Admiral Pivot [DAX30],M1: removed
2	16:51:28.085	Custom indicator AutoTrendChannel [DAX30],M1: removed
2	16:51:28.086	Custom indicator FRZ Channel Auto Plotter [DAX30],M1: removed
2	16:51:28.101	Custom indicator FRZ News Indicator MT4 [DAX30],M1: removed
2	16:51:28.131	Custom indicator Forex Uranus direction [DAX30],M1: removed
2	16:51:28.132	Custom indicator aVSA clasters [DAX30],M1: removed
2	16:51:28.135	Custom indicator aVSA Golden Zone [DAX30],M1: removed
2	16:51:28.136	Custom indicator breakout-zones [DAX30],M1: removed
2	16:51:28.138	Custom indicator SL&TP Values [DAX30],M1: removed
2	16:51:28.138	Custom indicator AIMS AO V.2.1 [DAX30],M1: removed
2	16:51:28.139	Custom indicator IVT_MACD_ZERO_LAG [DAX30],M1: removed
2	16:51:28.142	Custom indicator RSI Divergence Levels [DAX30],M1: removed
2	16:51:28.143	Custom indicator FRZ Forex Market Session Indicator [DAX30],M1: removed
2	16:51:28.154	Custom indicator AIMS Levels V2 [DAX30],M5: removed
2	16:51:28.155	Custom indicator AIMS Entry Alert V1 [DAX30],M5: removed
2	16:51:28.157	Custom indicator CandleTimer [DAX30],M5: removed
2	16:51:28.157	Custom indicator #Signal_Bars_v6 [DAX30],M5: removed
2	16:51:28.161	Custom indicator TrendEnvelopes_v1 [DAX30],M5: removed
2	16:51:28.163	Custom indicator guppy_multiple_moving_averages [DAX30],M5: removed
2	16:51:28.166	Custom indicator wedges [DAX30],M5: removed
2	16:51:28.168	Custom indicator Admiral Pivot [DAX30],M5: removed
2	16:51:28.169	Custom indicator AutoTrendChannel [DAX30],M5: removed
2	16:51:28.170	Custom indicator FRZ Channel Auto Plotter [DAX30],M5: removed
2	16:51:28.172	Custom indicator FRZ News Indicator MT4 [DAX30],M5: removed
2	16:51:28.180	Custom indicator Forex Uranus direction [DAX30],M5: removed
2	16:51:28.180	Custom indicator aVSA clasters [DAX30],M5: removed
2	16:51:28.183	Custom indicator aVSA Golden Zone [DAX30],M5: removed
2	16:51:28.185	Custom indicator breakout-zones [DAX30],M5: removed
2	16:51:28.186	Custom indicator SL&TP Values [DAX30],M5: removed
2	16:51:28.186	Custom indicator AIMS AO V.2.1 [DAX30],M5: removed
2	16:51:28.188	Custom indicator IVT_MACD_ZERO_LAG [DAX30],M5: removed
2	16:51:28.190	Custom indicator RSI Divergence Levels [DAX30],M5: removed
2	16:51:28.193	Custom indicator FRZ Forex Market Session Indicator [DAX30],M5: removed
2	16:51:28.239	Custom indicator AIMS Levels V2 [DAX30],M15: removed
2	16:51:28.239	Custom indicator AIMS Entry Alert V1 [DAX30],M15: removed
2	16:51:28.243	Custom indicator CandleTimer [DAX30],M15: removed
2	16:51:28.244	Custom indicator #Signal_Bars_v6 [DAX30],M15: removed
2	16:51:28.246	Custom indicator TrendEnvelopes_v1 [DAX30],M15: removed
2	16:51:28.247	Custom indicator guppy_multiple_moving_averages [DAX30],M15: removed
2	16:51:28.249	Custom indicator wedges [DAX30],M15: removed
2	16:51:28.250	Custom indicator Admiral Pivot [DAX30],M15: removed
2	16:51:28.252	Custom indicator AutoTrendChannel [DAX30],M15: removed
2	16:51:28.253	Custom indicator FRZ Channel Auto Plotter [DAX30],M15: removed
2	16:51:28.254	Custom indicator FRZ News Indicator MT4 [DAX30],M15: removed
2	16:51:28.256	Custom indicator Forex Uranus direction [DAX30],M15: removed
2	16:51:28.257	Custom indicator aVSA clasters [DAX30],M15: removed
2	16:51:28.262	Custom indicator aVSA Golden Zone [DAX30],M15: removed
2	16:51:28.264	Custom indicator breakout-zones [DAX30],M15: removed
2	16:51:28.265	Custom indicator SL&TP Values [DAX30],M15: removed
2	16:51:28.265	Custom indicator AIMS AO V.2.1 [DAX30],M15: removed
2	16:51:28.267	Custom indicator IVT_MACD_ZERO_LAG [DAX30],M15: removed
2	16:51:28.283	Custom indicator RSI Divergence Levels [DAX30],M15: removed
2	16:51:28.285	Custom indicator FRZ Forex Market Session Indicator [DAX30],M15: removed
2	16:51:28.301	Custom indicator AIMS Levels V2 [DAX30],H1: removed
2	16:51:28.301	Custom indicator AIMS Entry Alert V1 [DAX30],H1: removed
2	16:51:28.302	Custom indicator CandleTimer [DAX30],H1: removed
2	16:51:28.302	Custom indicator #Signal_Bars_v6 [DAX30],H1: removed
2	16:51:28.304	Custom indicator TrendEnvelopes_v1 [DAX30],H1: removed
2	16:51:28.305	Custom indicator guppy_multiple_moving_averages [DAX30],H1: removed
2	16:51:28.307	Custom indicator wedges [DAX30],H1: removed
2	16:51:28.311	Custom indicator Admiral Pivot [DAX30],H1: removed
2	16:51:28.312	Custom indicator AutoTrendChannel [DAX30],H1: removed
2	16:51:28.313	Custom indicator FRZ Channel Auto Plotter [DAX30],H1: removed
2	16:51:28.315	Custom indicator FRZ News Indicator MT4 [DAX30],H1: removed
2	16:51:28.316	Custom indicator Forex Uranus direction [DAX30],H1: removed
2	16:51:28.316	Custom indicator aVSA clasters [DAX30],H1: removed
2	16:51:28.319	Custom indicator aVSA Golden Zone [DAX30],H1: removed
2	16:51:28.320	Custom indicator breakout-zones [DAX30],H1: removed
2	16:51:28.322	Custom indicator SL&TP Values [DAX30],H1: removed
2	16:51:28.322	Custom indicator AIMS AO V.2.1 [DAX30],H1: removed
2	16:51:28.323	Custom indicator IVT_MACD_ZERO_LAG [DAX30],H1: removed
2	16:51:28.325	Custom indicator RSI Divergence Levels [DAX30],H1: removed
2	16:51:28.327	Custom indicator FRZ Forex Market Session Indicator [DAX30],H1: removed
2	16:51:28.347	Custom indicator AIMS Levels V2 [DJI30],M1: removed
2	16:51:28.348	Custom indicator AIMS Entry Alert V1 [DJI30],M1: removed
2	16:51:28.349	Custom indicator CandleTimer [DJI30],M1: removed
2	16:51:28.350	Custom indicator #Signal_Bars_v6 [DJI30],M1: removed
2	16:51:28.351	Custom indicator TrendEnvelopes_v1 [DJI30],M1: removed
2	16:51:28.353	Custom indicator guppy_multiple_moving_averages [DJI30],M1: removed
2	16:51:28.356	Custom indicator wedges [DJI30],M1: removed
2	16:51:28.358	Custom indicator Admiral Pivot [DJI30],M1: removed
2	16:51:28.362	Custom indicator AutoTrendChannel [DJI30],M1: removed
2	16:51:28.363	Custom indicator FRZ Channel Auto Plotter [DJI30],M1: removed
2	16:51:28.365	Custom indicator FRZ News Indicator MT4 [DJI30],M1: removed
2	16:51:28.366	Custom indicator Forex Uranus direction [DJI30],M1: removed
2	16:51:28.366	Custom indicator aVSA clasters [DJI30],M1: removed
2	16:51:28.369	Custom indicator aVSA Golden Zone [DJI30],M1: removed
2	16:51:28.370	Custom indicator breakout-zones [DJI30],M1: removed
2	16:51:28.372	Custom indicator SL&TP Values [DJI30],M1: removed
2	16:51:28.372	Custom indicator AIMS AO V.2.1 [DJI30],M1: removed
2	16:51:28.374	Custom indicator IVT_MACD_ZERO_LAG [DJI30],M1: removed
2	16:51:28.376	Custom indicator RSI Divergence Levels [DJI30],M1: removed
2	16:51:28.378	Custom indicator FRZ Forex Market Session Indicator [DJI30],M1: removed
2	16:51:28.396	Custom indicator AIMS Levels V2 [DJI30],M5: removed
2	16:51:28.396	Custom indicator AIMS Entry Alert V1 [DJI30],M5: removed
2	16:51:28.398	Custom indicator CandleTimer [DJI30],M5: removed
2	16:51:28.398	Custom indicator #Signal_Bars_v6 [DJI30],M5: removed
2	16:51:28.400	Custom indicator TrendEnvelopes_v1 [DJI30],M5: removed
2	16:51:28.402	Custom indicator guppy_multiple_moving_averages [DJI30],M5: removed
2	16:51:28.404	Custom indicator wedges [DJI30],M5: removed
2	16:51:28.406	Custom indicator Admiral Pivot [DJI30],M5: removed
2	16:51:28.408	Custom indicator AutoTrendChannel [DJI30],M5: removed
2	16:51:28.411	Custom indicator FRZ Channel Auto Plotter [DJI30],M5: removed
2	16:51:28.413	Custom indicator FRZ News Indicator MT4 [DJI30],M5: removed
2	16:51:28.414	Custom indicator Forex Uranus direction [DJI30],M5: removed
2	16:51:28.415	Custom indicator aVSA clasters [DJI30],M5: removed
2	16:51:28.430	Custom indicator aVSA Golden Zone [DJI30],M5: removed
2	16:51:28.431	Custom indicator breakout-zones [DJI30],M5: removed
2	16:51:28.432	Custom indicator SL&TP Values [DJI30],M5: removed
2	16:51:28.433	Custom indicator AIMS AO V.2.1 [DJI30],M5: removed
2	16:51:28.434	Custom indicator IVT_MACD_ZERO_LAG [DJI30],M5: removed
2	16:51:28.436	Custom indicator RSI Divergence Levels [DJI30],M5: removed
2	16:51:28.438	Custom indicator FRZ Forex Market Session Indicator [DJI30],M5: removed
2	16:51:28.443	Custom indicator AIMS Levels V2 [DJI30],M15: removed
2	16:51:28.443	Custom indicator AIMS Entry Alert V1 [DJI30],M15: removed
2	16:51:28.445	Custom indicator CandleTimer [DJI30],M15: removed
2	16:51:28.445	Custom indicator #Signal_Bars_v6 [DJI30],M15: removed
2	16:51:28.446	Custom indicator TrendEnvelopes_v1 [DJI30],M15: removed
2	16:51:28.448	Custom indicator guppy_multiple_moving_averages [DJI30],M15: removed
2	16:51:28.450	Custom indicator wedges [DJI30],M15: removed
2	16:51:28.453	Custom indicator Admiral Pivot [DJI30],M15: removed
2	16:51:28.454	Custom indicator AutoTrendChannel [DJI30],M15: removed
2	16:51:28.455	Custom indicator FRZ Channel Auto Plotter [DJI30],M15: removed
2	16:51:28.457	Custom indicator FRZ News Indicator MT4 [DJI30],M15: removed
2	16:51:28.461	Custom indicator Forex Uranus direction [DJI30],M15: removed
2	16:51:28.462	Custom indicator aVSA clasters [DJI30],M15: removed
2	16:51:28.477	Custom indicator aVSA Golden Zone [DJI30],M15: removed
2	16:51:28.479	Custom indicator breakout-zones [DJI30],M15: removed
2	16:51:28.480	Custom indicator SL&TP Values [DJI30],M15: removed
2	16:51:28.480	Custom indicator AIMS AO V.2.1 [DJI30],M15: removed
2	16:51:28.482	Custom indicator IVT_MACD_ZERO_LAG [DJI30],M15: removed
2	16:51:28.483	Custom indicator RSI Divergence Levels [DJI30],M15: removed
2	16:51:28.485	Custom indicator FRZ Forex Market Session Indicator [DJI30],M15: removed
2	16:51:28.488	Custom indicator AIMS Levels V2 [DJI30],H1: removed
2	16:51:28.488	Custom indicator AIMS Entry Alert V1 [DJI30],H1: removed
2	16:51:28.490	Custom indicator CandleTimer [DJI30],H1: removed
2	16:51:28.491	Custom indicator #Signal_Bars_v6 [DJI30],H1: removed
2	16:51:28.494	Custom indicator TrendEnvelopes_v1 [DJI30],H1: removed
2	16:51:28.496	Custom indicator guppy_multiple_moving_averages [DJI30],H1: removed
2	16:51:28.498	Custom indicator wedges [DJI30],H1: removed
2	16:51:28.499	Custom indicator Admiral Pivot [DJI30],H1: removed
2	16:51:28.501	Custom indicator AutoTrendChannel [DJI30],H1: removed
2	16:51:28.502	Custom indicator FRZ Channel Auto Plotter [DJI30],H1: removed
2	16:51:28.503	Custom indicator FRZ News Indicator MT4 [DJI30],H1: removed
2	16:51:28.505	Custom indicator Forex Uranus direction [DJI30],H1: removed
2	16:51:28.505	Custom indicator aVSA clasters [DJI30],H1: removed
2	16:51:28.507	Custom indicator aVSA Golden Zone [DJI30],H1: removed
2	16:51:28.509	Custom indicator breakout-zones [DJI30],H1: removed
2	16:51:28.510	Custom indicator SL&TP Values [DJI30],H1: removed
2	16:51:28.510	Custom indicator AIMS AO V.2.1 [DJI30],H1: removed
2	16:51:28.512	Custom indicator IVT_MACD_ZERO_LAG [DJI30],H1: removed
2	16:51:28.513	Custom indicator RSI Divergence Levels [DJI30],H1: removed
2	16:51:28.514	Custom indicator FRZ Forex Market Session Indicator [DJI30],H1: removed
2	16:51:28.533	Custom indicator AIMS Levels V2 GOLD,H1: removed
2	16:51:28.534	Custom indicator AIMS Entry Alert V1 GOLD,H1: removed
2	16:51:28.536	Custom indicator CandleTimer GOLD,H1: removed
2	16:51:28.536	Custom indicator #Signal_Bars_v6 GOLD,H1: removed
2	16:51:28.537	Custom indicator TrendEnvelopes_v1 GOLD,H1: removed
2	16:51:28.538	Custom indicator guppy_multiple_moving_averages GOLD,H1: removed
2	16:51:28.540	Custom indicator wedges GOLD,H1: removed
2	16:51:28.545	Custom indicator Admiral Pivot GOLD,H1: removed
2	16:51:28.547	Custom indicator AutoTrendChannel GOLD,H1: removed
2	16:51:28.548	Custom indicator FRZ Channel Auto Plotter GOLD,H1: removed
2	16:51:28.550	Custom indicator FRZ News Indicator MT4 GOLD,H1: removed
2	16:51:28.551	Custom indicator Forex Uranus direction GOLD,H1: removed
2	16:51:28.551	Custom indicator aVSA clasters GOLD,H1: removed
2	16:51:28.554	Custom indicator aVSA Golden Zone GOLD,H1: removed
2	16:51:28.555	Custom indicator breakout-zones GOLD,H1: removed
2	16:51:28.557	Custom indicator SL&TP Values GOLD,H1: removed
2	16:51:28.558	Custom indicator AIMS AO V.2.1 GOLD,H1: removed
2	16:51:28.561	Custom indicator IVT_MACD_ZERO_LAG GOLD,H1: removed
2	16:51:28.562	Custom indicator RSI Divergence Levels GOLD,H1: removed
2	16:51:28.564	Custom indicator FRZ Forex Market Session Indicator GOLD,H1: removed
2	16:51:28.582	Custom indicator AIMS Levels V2 [NQ100],M1: removed
2	16:51:28.583	Custom indicator AIMS Entry Alert V1 [NQ100],M1: removed
2	16:51:28.584	Custom indicator CandleTimer [NQ100],M1: removed
2	16:51:28.585	Custom indicator #Signal_Bars_v6 [NQ100],M1: removed
2	16:51:28.587	Custom indicator TrendEnvelopes_v1 [NQ100],M1: removed
2	16:51:28.588	Custom indicator guppy_multiple_moving_averages [NQ100],M1: removed
2	16:51:28.594	Custom indicator wedges [NQ100],M1: removed
2	16:51:28.597	Custom indicator Admiral Pivot [NQ100],M1: removed
2	16:51:28.598	Custom indicator AutoTrendChannel [NQ100],M1: removed
2	16:51:28.629	Custom indicator FRZ Channel Auto Plotter [NQ100],M1: removed
2	16:51:28.635	Custom indicator FRZ News Indicator MT4 [NQ100],M1: removed
2	16:51:28.639	Custom indicator Forex Uranus direction [NQ100],M1: removed
2	16:51:28.647	Custom indicator aVSA clasters [NQ100],M1: removed
2	16:51:28.717	Custom indicator aVSA Golden Zone [NQ100],M1: removed
2	16:51:28.719	Custom indicator breakout-zones [NQ100],M1: removed
2	16:51:28.720	Custom indicator SL&TP Values [NQ100],M1: removed
2	16:51:28.790	Custom indicator AIMS AO V.2.1 [NQ100],M1: removed
2	16:51:28.797	Custom indicator IVT_MACD_ZERO_LAG [NQ100],M1: removed
2	16:51:28.805	Custom indicator RSI Divergence Levels [NQ100],M1: removed
2	16:51:28.810	Custom indicator FRZ Forex Market Session Indicator [NQ100],M1: removed
2	16:51:28.858	Custom indicator AIMS Levels V2 [NQ100],M5: removed
2	16:51:28.859	Custom indicator AIMS Entry Alert V1 [NQ100],M5: removed
2	16:51:28.860	Custom indicator CandleTimer [NQ100],M5: removed
2	16:51:28.861	Custom indicator #Signal_Bars_v6 [NQ100],M5: removed
2	16:51:28.862	Custom indicator TrendEnvelopes_v1 [NQ100],M5: removed
2	16:51:28.864	Custom indicator guppy_multiple_moving_averages [NQ100],M5: removed
2	16:51:28.867	Custom indicator wedges [NQ100],M5: removed
2	16:51:28.868	Custom indicator Admiral Pivot [NQ100],M5: removed
2	16:51:28.870	Custom indicator AutoTrendChannel [NQ100],M5: removed
2	16:51:28.871	Custom indicator FRZ Channel Auto Plotter [NQ100],M5: removed
2	16:51:28.872	Custom indicator FRZ News Indicator MT4 [NQ100],M5: removed
2	16:51:28.874	Custom indicator Forex Uranus direction [NQ100],M5: removed
2	16:51:28.874	Custom indicator aVSA clasters [NQ100],M5: removed
2	16:51:28.880	Custom indicator aVSA Golden Zone [NQ100],M5: removed
2	16:51:28.881	Custom indicator breakout-zones [NQ100],M5: removed
2	16:51:28.883	Custom indicator SL&TP Values [NQ100],M5: removed
2	16:51:28.883	Custom indicator AIMS AO V.2.1 [NQ100],M5: removed
2	16:51:28.885	Custom indicator IVT_MACD_ZERO_LAG [NQ100],M5: removed
2	16:51:28.894	Custom indicator RSI Divergence Levels [NQ100],M5: removed
2	16:51:28.897	Custom indicator FRZ Forex Market Session Indicator [NQ100],M5: removed
2	16:51:28.915	Custom indicator AIMS Levels V2 [NQ100],M15: removed
2	16:51:28.915	Custom indicator AIMS Entry Alert V1 [NQ100],M15: removed
2	16:51:28.917	Custom indicator CandleTimer [NQ100],M15: removed
2	16:51:28.918	Custom indicator #Signal_Bars_v6 [NQ100],M15: removed
2	16:51:28.919	Custom indicator TrendEnvelopes_v1 [NQ100],M15: removed
2	16:51:28.920	Custom indicator guppy_multiple_moving_averages [NQ100],M15: removed
2	16:51:28.940	Custom indicator wedges [NQ100],M15: removed
2	16:51:28.960	Custom indicator Admiral Pivot [NQ100],M15: removed
2	16:51:28.962	Custom indicator AutoTrendChannel [NQ100],M15: removed
2	16:51:28.963	Custom indicator FRZ Channel Auto Plotter [NQ100],M15: removed
2	16:51:28.965	Custom indicator FRZ News Indicator MT4 [NQ100],M15: removed
2	16:51:28.966	Custom indicator Forex Uranus direction [NQ100],M15: removed
2	16:51:28.980	Custom indicator aVSA clasters [NQ100],M15: removed
2	16:51:28.983	Custom indicator aVSA Golden Zone [NQ100],M15: removed
2	16:51:29.001	Custom indicator breakout-zones [NQ100],M15: removed
2	16:51:29.003	Custom indicator SL&TP Values [NQ100],M15: removed
2	16:51:29.003	Custom indicator AIMS AO V.2.1 [NQ100],M15: removed
2	16:51:29.005	Custom indicator IVT_MACD_ZERO_LAG [NQ100],M15: removed
2	16:51:29.018	Custom indicator RSI Divergence Levels [NQ100],M15: removed
2	16:51:29.020	Custom indicator FRZ Forex Market Session Indicator [NQ100],M15: removed
2	16:51:29.024	Custom indicator AIMS Levels V2 US100CASH,M15: removed
2	16:51:29.050	Custom indicator AIMS Entry Alert V1 US100CASH,M15: removed
2	16:51:29.052	Custom indicator CandleTimer US100CASH,M15: removed
2	16:51:29.052	Custom indicator #Signal_Bars_v6 US100CASH,M15: removed
2	16:51:29.053	Custom indicator TrendEnvelopes_v1 US100CASH,M15: removed
2	16:51:29.084	Custom indicator guppy_multiple_moving_averages US100CASH,M15: removed
2	16:51:29.110	Custom indicator wedges US100CASH,M15: removed
2	16:51:29.113	Custom indicator Admiral Pivot US100CASH,M15: removed
2	16:51:29.116	Custom indicator AutoTrendChannel US100CASH,M15: removed
2	16:51:29.119	Custom indicator FRZ Channel Auto Plotter US100CASH,M15: removed
2	16:51:29.123	Custom indicator FRZ News Indicator MT4 US100CASH,M15: removed
2	16:51:29.136	Custom indicator Forex Uranus direction US100CASH,M15: removed
2	16:51:29.137	Custom indicator aVSA clasters US100CASH,M15: removed
2	16:51:29.142	Custom indicator aVSA Golden Zone US100CASH,M15: removed
2	16:51:29.145	Custom indicator breakout-zones US100CASH,M15: removed
2	16:51:29.147	Custom indicator SL&TP Values US100CASH,M15: removed
2	16:51:29.147	Custom indicator AIMS AO V.2.1 US100CASH,M15: removed
2	16:51:29.157	Custom indicator IVT_MACD_ZERO_LAG US100CASH,M15: removed
2	16:51:29.166	Custom indicator RSI Divergence Levels US100CASH,M15: removed
2	16:51:29.182	Custom indicator FRZ Forex Market Session Indicator US100CASH,M15: removed
2	16:51:29.203	Custom indicator AIMS Levels V2 GBPUSD,M1: removed
2	16:51:29.203	Custom indicator AIMS Entry Alert V1 GBPUSD,M1: removed
2	16:51:29.205	Custom indicator CandleTimer GBPUSD,M1: removed
2	16:51:29.205	Custom indicator #Signal_Bars_v6 GBPUSD,M1: removed
2	16:51:29.208	Custom indicator TrendEnvelopes_v1 GBPUSD,M1: removed
2	16:51:29.212	Custom indicator guppy_multiple_moving_averages GBPUSD,M1: removed
2	16:51:29.215	Custom indicator wedges GBPUSD,M1: removed
2	16:51:29.216	Custom indicator Admiral Pivot GBPUSD,M1: removed
2	16:51:29.218	Custom indicator AutoTrendChannel GBPUSD,M1: removed
2	16:51:29.219	Custom indicator FRZ Channel Auto Plotter GBPUSD,M1: removed
2	16:51:29.220	Custom indicator FRZ News Indicator MT4 GBPUSD,M1: removed
2	16:51:29.222	Custom indicator Forex Uranus direction GBPUSD,M1: removed
2	16:51:29.224	Custom indicator aVSA clasters GBPUSD,M1: removed
2	16:51:29.229	Custom indicator aVSA Golden Zone GBPUSD,M1: removed
2	16:51:29.230	Custom indicator breakout-zones GBPUSD,M1: removed
2	16:51:29.232	Custom indicator SL&TP Values GBPUSD,M1: removed
2	16:51:29.232	Custom indicator AIMS AO V.2.1 GBPUSD,M1: removed
2	16:51:29.233	Custom indicator IVT_MACD_ZERO_LAG GBPUSD,M1: removed
2	16:51:29.235	Custom indicator RSI Divergence Levels GBPUSD,M1: removed
2	16:51:29.237	Custom indicator FRZ Forex Market Session Indicator GBPUSD,M1: removed
0	16:51:31.512	Admiral Markets build 1330 stopped
