1	08:43:07.094	MQL5.community: authorization failed
1	08:43:14.175	MQL5.community: authorization failed
0	08:43:23.080	'888326829': login on Tickmill02-Live through Live DC - London 7 (ping: 202.53 ms)
0	08:43:24.935	'888326829': login datacenter on Tickmill02-Live through Live DC - London 7 (ping: 202.53 ms)
0	08:43:25.747	'888326829': previous successful authorization performed from 154.126.12.233
0	08:45:10.519	'888326829': auto connecting to a better access point Live DC - London 3 (ping is 200.22 ms)
0	08:45:11.598	'888326829': login on Tickmill02-Live through Live DC - London 3 (ping: 200.22 ms)
0	08:45:14.137	'888326829': login datacenter on Tickmill02-Live through Live DC - London 3 (ping: 200.22 ms)
0	08:45:14.852	'888326829': previous successful authorization performed from 197.149.38.36
2	09:08:49.596	Custom indicator AIMS Levels V2 AUDJPY,H1: removed
2	09:08:49.596	Custom indicator AIMS Entry Alert V1 AUDJPY,H1: removed
2	09:08:49.601	Custom indicator CandleTimer AUDJPY,H1: removed
2	09:08:49.601	Custom indicator #Signal_Bars_v6 AUDJPY,H1: removed
2	09:08:49.605	Custom indicator TrendEnvelopes_v1 AUDJPY,H1: removed
2	09:08:49.662	Custom indicator guppy_multiple_moving_averages AUDJPY,H1: removed
2	09:08:49.671	Custom indicator wedges AUDJPY,H1: removed
2	09:08:49.675	Custom indicator Admiral Pivot AUDJPY,H1: removed
2	09:08:49.678	Custom indicator AutoTrendChannel AUDJPY,H1: removed
2	09:08:49.683	Custom indicator FRZ Channel Auto Plotter AUDJPY,H1: removed
2	09:08:49.720	Custom indicator FRZ News Indicator MT4 AUDJPY,H1: removed
2	09:08:49.729	Custom indicator Forex Uranus direction AUDJPY,H1: removed
2	09:08:49.738	Custom indicator Quadrilateral AUDJPY,H1: removed
2	09:08:49.738	Custom indicator AIMS AO V.2.1 AUDJPY,H1: removed
2	09:08:49.747	Custom indicator IVT_MACD_ZERO_LAG AUDJPY,H1: removed
2	09:08:49.755	Custom indicator RSI Divergence Levels AUDJPY,H1: removed
2	09:08:49.765	Custom indicator JoeChalhoub_FXForecasterV1 AUDJPY,H1: removed
2	09:08:49.821	Custom indicator TDI-With_Alerts AUDJPY,H1: removed
2	09:08:49.837	Custom indicator FRZ Forex Market Session Indicator AUDJPY,H1: removed
2	09:08:49.852	Custom indicator AIMS Levels V2 NZDUSD,H1: removed
2	09:08:49.853	Custom indicator AIMS Entry Alert V1 NZDUSD,H1: removed
2	09:08:49.860	Custom indicator CandleTimer NZDUSD,H1: removed
2	09:08:49.861	Custom indicator #Signal_Bars_v6 NZDUSD,H1: removed
2	09:08:49.878	Custom indicator TrendEnvelopes_v1 NZDUSD,H1: removed
2	09:08:49.887	Custom indicator guppy_multiple_moving_averages NZDUSD,H1: removed
2	09:08:49.896	Custom indicator wedges NZDUSD,H1: removed
2	09:08:49.905	Custom indicator Admiral Pivot NZDUSD,H1: removed
2	09:08:49.914	Custom indicator AutoTrendChannel NZDUSD,H1: removed
2	09:08:49.922	Custom indicator FRZ Channel Auto Plotter NZDUSD,H1: removed
2	09:08:49.930	Custom indicator FRZ News Indicator MT4 NZDUSD,H1: removed
2	09:08:49.938	Custom indicator Forex Uranus direction NZDUSD,H1: removed
2	09:08:49.948	Custom indicator Quadrilateral NZDUSD,H1: removed
2	09:08:49.948	Custom indicator AIMS AO V.2.1 NZDUSD,H1: removed
2	09:08:49.955	Custom indicator IVT_MACD_ZERO_LAG NZDUSD,H1: removed
2	09:08:49.962	Custom indicator RSI Divergence Levels NZDUSD,H1: removed
2	09:08:49.991	Custom indicator JoeChalhoub_FXForecasterV1 NZDUSD,H1: removed
2	09:08:50.000	Custom indicator TDI-With_Alerts NZDUSD,H1: removed
2	09:08:50.007	Custom indicator FRZ Forex Market Session Indicator NZDUSD,H1: removed
2	09:08:50.019	Custom indicator AIMS Levels V2 EURUSD,H1: removed
2	09:08:50.020	Custom indicator AIMS Entry Alert V1 EURUSD,H1: removed
2	09:08:50.027	Custom indicator CandleTimer EURUSD,H1: removed
2	09:08:50.027	Custom indicator #Signal_Bars_v6 EURUSD,H1: removed
2	09:08:50.045	Custom indicator TrendEnvelopes_v1 EURUSD,H1: removed
2	09:08:50.051	Custom indicator guppy_multiple_moving_averages EURUSD,H1: removed
2	09:08:50.058	Custom indicator wedges EURUSD,H1: removed
2	09:08:50.066	Custom indicator Admiral Pivot EURUSD,H1: removed
2	09:08:50.074	Custom indicator AutoTrendChannel EURUSD,H1: removed
2	09:08:50.081	Custom indicator FRZ Channel Auto Plotter EURUSD,H1: removed
2	09:08:50.088	Custom indicator FRZ News Indicator MT4 EURUSD,H1: removed
2	09:08:50.108	Custom indicator Forex Uranus direction EURUSD,H1: removed
2	09:08:50.116	Custom indicator Quadrilateral EURUSD,H1: removed
2	09:08:50.117	Custom indicator AIMS AO V.2.1 EURUSD,H1: removed
2	09:08:50.128	Custom indicator IVT_MACD_ZERO_LAG EURUSD,H1: removed
2	09:08:50.138	Custom indicator RSI Divergence Levels EURUSD,H1: removed
2	09:08:50.145	Custom indicator JoeChalhoub_FXForecasterV1 EURUSD,H1: removed
2	09:08:50.152	Custom indicator TDI-With_Alerts EURUSD,H1: removed
2	09:08:50.161	Custom indicator FRZ Forex Market Session Indicator EURUSD,H1: removed
2	09:08:50.180	Custom indicator AIMS Levels V2 DE30,M1: removed
2	09:08:50.181	Custom indicator AIMS Entry Alert V1 DE30,M1: removed
2	09:08:50.202	Custom indicator CandleTimer DE30,M1: removed
2	09:08:50.202	Custom indicator #Signal_Bars_v6 DE30,M1: removed
2	09:08:50.206	Custom indicator TrendEnvelopes_v1 DE30,M1: removed
2	09:08:50.247	Custom indicator guppy_multiple_moving_averages DE30,M1: removed
2	09:08:50.253	Custom indicator wedges DE30,M1: removed
2	09:08:50.258	Custom indicator Admiral Pivot DE30,M1: removed
2	09:08:50.263	Custom indicator AutoTrendChannel DE30,M1: removed
2	09:08:50.282	Custom indicator FRZ Channel Auto Plotter DE30,M1: removed
2	09:08:50.287	Custom indicator FRZ News Indicator MT4 DE30,M1: removed
2	09:08:50.292	Custom indicator Forex Uranus direction DE30,M1: removed
2	09:08:50.298	Custom indicator Quadrilateral DE30,M1: removed
2	09:08:50.298	Custom indicator AIMS AO V.2.1 DE30,M1: removed
2	09:08:50.303	Custom indicator IVT_MACD_ZERO_LAG DE30,M1: removed
2	09:08:50.308	Custom indicator RSI Divergence Levels DE30,M1: removed
2	09:08:50.313	Custom indicator JoeChalhoub_FXForecasterV1 DE30,M1: removed
2	09:08:50.318	Custom indicator TDI-With_Alerts DE30,M1: removed
2	09:08:50.322	Custom indicator FRZ Forex Market Session Indicator DE30,M1: removed
2	09:08:50.332	Custom indicator AIMS Levels V2 US30,M1: removed
2	09:08:50.332	Custom indicator AIMS Entry Alert V1 US30,M1: removed
2	09:08:50.338	Custom indicator CandleTimer US30,M1: removed
2	09:08:50.339	Custom indicator #Signal_Bars_v6 US30,M1: removed
2	09:08:50.371	Custom indicator TrendEnvelopes_v1 US30,M1: removed
2	09:08:50.374	Custom indicator guppy_multiple_moving_averages US30,M1: removed
2	09:08:50.376	Custom indicator wedges US30,M1: removed
2	09:08:50.380	Custom indicator Admiral Pivot US30,M1: removed
2	09:08:50.383	Custom indicator AutoTrendChannel US30,M1: removed
2	09:08:50.386	Custom indicator FRZ Channel Auto Plotter US30,M1: removed
2	09:08:50.389	Custom indicator FRZ News Indicator MT4 US30,M1: removed
2	09:08:50.391	Custom indicator Forex Uranus direction US30,M1: removed
2	09:08:50.394	Custom indicator Quadrilateral US30,M1: removed
2	09:08:50.394	Custom indicator AIMS AO V.2.1 US30,M1: removed
2	09:08:50.398	Custom indicator IVT_MACD_ZERO_LAG US30,M1: removed
2	09:08:50.402	Custom indicator RSI Divergence Levels US30,M1: removed
2	09:08:50.405	Custom indicator JoeChalhoub_FXForecasterV1 US30,M1: removed
2	09:08:50.408	Custom indicator TDI-With_Alerts US30,M1: removed
2	09:08:50.412	Custom indicator FRZ Forex Market Session Indicator US30,M1: removed
2	09:08:50.453	Custom indicator AIMS Levels V2 USTEC,H1: removed
2	09:08:50.453	Custom indicator AIMS Entry Alert V1 USTEC,H1: removed
2	09:08:50.458	Custom indicator CandleTimer USTEC,H1: removed
2	09:08:50.458	Custom indicator #Signal_Bars_v6 USTEC,H1: removed
2	09:08:50.463	Custom indicator TrendEnvelopes_v1 USTEC,H1: removed
2	09:08:50.468	Custom indicator guppy_multiple_moving_averages USTEC,H1: removed
2	09:08:50.474	Custom indicator wedges USTEC,H1: removed
2	09:08:50.480	Custom indicator Admiral Pivot USTEC,H1: removed
2	09:08:50.485	Custom indicator AutoTrendChannel USTEC,H1: removed
2	09:08:50.491	Custom indicator FRZ Channel Auto Plotter USTEC,H1: removed
2	09:08:50.497	Custom indicator FRZ News Indicator MT4 USTEC,H1: removed
2	09:08:50.502	Custom indicator Forex Uranus direction USTEC,H1: removed
2	09:08:50.508	Custom indicator Quadrilateral USTEC,H1: removed
2	09:08:50.508	Custom indicator AIMS AO V.2.1 USTEC,H1: removed
2	09:08:50.514	Custom indicator IVT_MACD_ZERO_LAG USTEC,H1: removed
2	09:08:50.521	Custom indicator RSI Divergence Levels USTEC,H1: removed
2	09:08:50.528	Custom indicator JoeChalhoub_FXForecasterV1 USTEC,H1: removed
2	09:08:50.532	Custom indicator TDI-With_Alerts USTEC,H1: removed
2	09:08:50.538	Custom indicator FRZ Forex Market Session Indicator USTEC,H1: removed
2	09:08:50.549	Custom indicator AIMS Levels V2 WTI,H1: removed
2	09:08:50.549	Custom indicator AIMS Entry Alert V1 WTI,H1: removed
2	09:08:50.555	Custom indicator CandleTimer WTI,H1: removed
2	09:08:50.555	Custom indicator #Signal_Bars_v6 WTI,H1: removed
2	09:08:50.561	Custom indicator TrendEnvelopes_v1 WTI,H1: removed
2	09:08:50.568	Custom indicator guppy_multiple_moving_averages WTI,H1: removed
2	09:08:50.573	Custom indicator wedges WTI,H1: removed
2	09:08:50.579	Custom indicator Admiral Pivot WTI,H1: removed
2	09:08:50.585	Custom indicator AutoTrendChannel WTI,H1: removed
2	09:08:50.590	Custom indicator FRZ Channel Auto Plotter WTI,H1: removed
2	09:08:50.597	Custom indicator FRZ News Indicator MT4 WTI,H1: removed
2	09:08:50.605	Custom indicator Forex Uranus direction WTI,H1: removed
2	09:08:50.611	Custom indicator Quadrilateral WTI,H1: removed
2	09:08:50.611	Custom indicator AIMS AO V.2.1 WTI,H1: removed
2	09:08:50.615	Custom indicator IVT_MACD_ZERO_LAG WTI,H1: removed
2	09:08:50.620	Custom indicator RSI Divergence Levels WTI,H1: removed
2	09:08:50.625	Custom indicator JoeChalhoub_FXForecasterV1 WTI,H1: removed
2	09:08:50.629	Custom indicator TDI-With_Alerts WTI,H1: removed
2	09:08:50.633	Custom indicator FRZ Forex Market Session Indicator WTI,H1: removed
2	09:08:50.642	Expert Admiral - Mini Terminal XAUUSD,M5: removed
2	09:08:53.033	Custom indicator AIMS Levels V2 XAUUSD,M5: removed
2	09:08:53.033	Custom indicator AIMS Entry Alert V1 XAUUSD,M5: removed
2	09:08:53.041	Custom indicator CandleTimer XAUUSD,M5: removed
2	09:08:53.041	Custom indicator #Signal_Bars_v6 XAUUSD,M5: removed
2	09:08:53.047	Custom indicator TrendEnvelopes_v1 XAUUSD,M5: removed
2	09:08:53.054	Custom indicator guppy_multiple_moving_averages XAUUSD,M5: removed
2	09:08:53.062	Custom indicator wedges XAUUSD,M5: removed
2	09:08:53.070	Custom indicator Admiral Pivot XAUUSD,M5: removed
2	09:08:53.077	Custom indicator AutoTrendChannel XAUUSD,M5: removed
2	09:08:53.083	Custom indicator FRZ Channel Auto Plotter XAUUSD,M5: removed
2	09:08:53.091	Custom indicator FRZ News Indicator MT4 XAUUSD,M5: removed
2	09:08:53.099	Custom indicator Forex Uranus direction XAUUSD,M5: removed
2	09:08:53.107	Custom indicator Quadrilateral XAUUSD,M5: removed
2	09:08:53.107	Custom indicator AIMS AO V.2.1 XAUUSD,M5: removed
2	09:08:53.114	Custom indicator IVT_MACD_ZERO_LAG XAUUSD,M5: removed
2	09:08:53.121	Custom indicator RSI Divergence Levels XAUUSD,M5: removed
2	09:08:53.129	Custom indicator JoeChalhoub_FXForecasterV1 XAUUSD,M5: removed
2	09:08:53.221	Custom indicator TDI-With_Alerts XAUUSD,M5: removed
2	09:08:53.228	Custom indicator FRZ Forex Market Session Indicator XAUUSD,M5: removed
2	09:08:53.283	Custom indicator AIMS Levels V2 DE30,M5: removed
2	09:08:53.283	Custom indicator AIMS Entry Alert V1 DE30,M5: removed
2	09:08:53.319	Custom indicator CandleTimer DE30,M5: removed
2	09:08:53.321	Custom indicator #Signal_Bars_v6 DE30,M5: removed
2	09:08:53.331	Custom indicator TrendEnvelopes_v1 DE30,M5: removed
2	09:08:53.339	Custom indicator guppy_multiple_moving_averages DE30,M5: removed
2	09:08:53.364	Custom indicator wedges DE30,M5: removed
2	09:08:53.370	Custom indicator Admiral Pivot DE30,M5: removed
2	09:08:53.378	Custom indicator AutoTrendChannel DE30,M5: removed
2	09:08:53.384	Custom indicator FRZ Channel Auto Plotter DE30,M5: removed
2	09:08:53.391	Custom indicator FRZ News Indicator MT4 DE30,M5: removed
2	09:08:53.400	Custom indicator Forex Uranus direction DE30,M5: removed
2	09:08:53.408	Custom indicator Quadrilateral DE30,M5: removed
2	09:08:53.408	Custom indicator AIMS AO V.2.1 DE30,M5: removed
2	09:08:53.414	Custom indicator IVT_MACD_ZERO_LAG DE30,M5: removed
2	09:08:53.422	Custom indicator RSI Divergence Levels DE30,M5: removed
2	09:08:53.428	Custom indicator JoeChalhoub_FXForecasterV1 DE30,M5: removed
2	09:08:53.435	Custom indicator TDI-With_Alerts DE30,M5: removed
2	09:08:53.442	Custom indicator FRZ Forex Market Session Indicator DE30,M5: removed
2	09:08:53.482	Custom indicator AIMS Levels V2 DE30,M15: removed
2	09:08:53.483	Custom indicator AIMS Entry Alert V1 DE30,M15: removed
2	09:08:53.490	Custom indicator CandleTimer DE30,M15: removed
2	09:08:53.492	Custom indicator #Signal_Bars_v6 DE30,M15: removed
2	09:08:53.499	Custom indicator TrendEnvelopes_v1 DE30,M15: removed
2	09:08:53.507	Custom indicator guppy_multiple_moving_averages DE30,M15: removed
2	09:08:53.513	Custom indicator wedges DE30,M15: removed
2	09:08:53.519	Custom indicator Admiral Pivot DE30,M15: removed
2	09:08:53.527	Custom indicator AutoTrendChannel DE30,M15: removed
2	09:08:53.535	Custom indicator FRZ Channel Auto Plotter DE30,M15: removed
2	09:08:53.543	Custom indicator FRZ News Indicator MT4 DE30,M15: removed
2	09:08:53.550	Custom indicator Forex Uranus direction DE30,M15: removed
2	09:08:53.557	Custom indicator Quadrilateral DE30,M15: removed
2	09:08:53.558	Custom indicator AIMS AO V.2.1 DE30,M15: removed
2	09:08:53.565	Custom indicator IVT_MACD_ZERO_LAG DE30,M15: removed
2	09:08:53.572	Custom indicator RSI Divergence Levels DE30,M15: removed
2	09:08:53.580	Custom indicator JoeChalhoub_FXForecasterV1 DE30,M15: removed
2	09:08:53.587	Custom indicator TDI-With_Alerts DE30,M15: removed
2	09:08:53.593	Custom indicator FRZ Forex Market Session Indicator DE30,M15: removed
2	09:08:53.610	Custom indicator AIMS Levels V2 DE30,H1: removed
2	09:08:53.610	Custom indicator AIMS Entry Alert V1 DE30,H1: removed
2	09:08:53.617	Custom indicator CandleTimer DE30,H1: removed
2	09:08:53.617	Custom indicator #Signal_Bars_v6 DE30,H1: removed
2	09:08:53.623	Custom indicator TrendEnvelopes_v1 DE30,H1: removed
2	09:08:53.630	Custom indicator guppy_multiple_moving_averages DE30,H1: removed
2	09:08:53.637	Custom indicator wedges DE30,H1: removed
2	09:08:53.645	Custom indicator Admiral Pivot DE30,H1: removed
2	09:08:53.652	Custom indicator AutoTrendChannel DE30,H1: removed
2	09:08:53.658	Custom indicator FRZ Channel Auto Plotter DE30,H1: removed
2	09:08:53.665	Custom indicator FRZ News Indicator MT4 DE30,H1: removed
2	09:08:53.674	Custom indicator Forex Uranus direction DE30,H1: removed
2	09:08:53.681	Custom indicator Quadrilateral DE30,H1: removed
2	09:08:53.682	Custom indicator AIMS AO V.2.1 DE30,H1: removed
2	09:08:53.690	Custom indicator IVT_MACD_ZERO_LAG DE30,H1: removed
2	09:08:53.699	Custom indicator RSI Divergence Levels DE30,H1: removed
2	09:08:53.709	Custom indicator JoeChalhoub_FXForecasterV1 DE30,H1: removed
2	09:08:53.717	Custom indicator TDI-With_Alerts DE30,H1: removed
2	09:08:53.725	Custom indicator FRZ Forex Market Session Indicator DE30,H1: removed
2	09:08:53.744	Custom indicator AIMS Levels V2 US30,M5: removed
2	09:08:53.745	Custom indicator AIMS Entry Alert V1 US30,M5: removed
2	09:08:53.752	Custom indicator CandleTimer US30,M5: removed
2	09:08:53.752	Custom indicator #Signal_Bars_v6 US30,M5: removed
2	09:08:53.760	Custom indicator TrendEnvelopes_v1 US30,M5: removed
2	09:08:53.768	Custom indicator guppy_multiple_moving_averages US30,M5: removed
2	09:08:53.777	Custom indicator wedges US30,M5: removed
2	09:08:53.788	Custom indicator Admiral Pivot US30,M5: removed
2	09:08:53.798	Custom indicator AutoTrendChannel US30,M5: removed
2	09:08:53.807	Custom indicator FRZ Channel Auto Plotter US30,M5: removed
2	09:08:53.814	Custom indicator FRZ News Indicator MT4 US30,M5: removed
2	09:08:53.821	Custom indicator Forex Uranus direction US30,M5: removed
2	09:08:53.824	Custom indicator Quadrilateral US30,M5: removed
2	09:08:53.825	Custom indicator AIMS AO V.2.1 US30,M5: removed
2	09:08:53.828	Custom indicator IVT_MACD_ZERO_LAG US30,M5: removed
2	09:08:53.831	Custom indicator RSI Divergence Levels US30,M5: removed
2	09:08:53.834	Custom indicator JoeChalhoub_FXForecasterV1 US30,M5: removed
2	09:08:53.837	Custom indicator TDI-With_Alerts US30,M5: removed
2	09:08:53.840	Custom indicator FRZ Forex Market Session Indicator US30,M5: removed
2	09:08:53.859	Custom indicator AIMS Levels V2 US30,M15: removed
2	09:08:53.859	Custom indicator AIMS Entry Alert V1 US30,M15: removed
2	09:08:53.892	Custom indicator CandleTimer US30,M15: removed
2	09:08:53.892	Custom indicator #Signal_Bars_v6 US30,M15: removed
2	09:08:53.895	Custom indicator TrendEnvelopes_v1 US30,M15: removed
2	09:08:53.897	Custom indicator guppy_multiple_moving_averages US30,M15: removed
2	09:08:53.900	Custom indicator wedges US30,M15: removed
2	09:08:53.903	Custom indicator Admiral Pivot US30,M15: removed
2	09:08:53.908	Custom indicator AutoTrendChannel US30,M15: removed
2	09:08:53.913	Custom indicator FRZ Channel Auto Plotter US30,M15: removed
2	09:08:53.917	Custom indicator FRZ News Indicator MT4 US30,M15: removed
2	09:08:53.920	Custom indicator Forex Uranus direction US30,M15: removed
2	09:08:53.923	Custom indicator Quadrilateral US30,M15: removed
2	09:08:53.923	Custom indicator AIMS AO V.2.1 US30,M15: removed
2	09:08:53.925	Custom indicator IVT_MACD_ZERO_LAG US30,M15: removed
2	09:08:53.928	Custom indicator RSI Divergence Levels US30,M15: removed
2	09:08:53.930	Custom indicator JoeChalhoub_FXForecasterV1 US30,M15: removed
2	09:08:53.933	Custom indicator TDI-With_Alerts US30,M15: removed
2	09:08:53.936	Custom indicator FRZ Forex Market Session Indicator US30,M15: removed
2	09:08:53.950	Custom indicator AIMS Levels V2 US30,H1: removed
2	09:08:53.950	Custom indicator AIMS Entry Alert V1 US30,H1: removed
2	09:08:53.952	Custom indicator CandleTimer US30,H1: removed
2	09:08:53.953	Custom indicator #Signal_Bars_v6 US30,H1: removed
2	09:08:53.955	Custom indicator TrendEnvelopes_v1 US30,H1: removed
2	09:08:53.958	Custom indicator guppy_multiple_moving_averages US30,H1: removed
2	09:08:53.960	Custom indicator wedges US30,H1: removed
2	09:08:53.962	Custom indicator Admiral Pivot US30,H1: removed
2	09:08:53.964	Custom indicator AutoTrendChannel US30,H1: removed
2	09:08:53.967	Custom indicator FRZ Channel Auto Plotter US30,H1: removed
2	09:08:53.969	Custom indicator FRZ News Indicator MT4 US30,H1: removed
2	09:08:53.971	Custom indicator Forex Uranus direction US30,H1: removed
2	09:08:53.975	Custom indicator Quadrilateral US30,H1: removed
2	09:08:53.975	Custom indicator AIMS AO V.2.1 US30,H1: removed
2	09:08:53.978	Custom indicator IVT_MACD_ZERO_LAG US30,H1: removed
2	09:08:53.981	Custom indicator RSI Divergence Levels US30,H1: removed
2	09:08:53.984	Custom indicator JoeChalhoub_FXForecasterV1 US30,H1: removed
2	09:08:53.988	Custom indicator TDI-With_Alerts US30,H1: removed
2	09:08:53.994	Custom indicator FRZ Forex Market Session Indicator US30,H1: removed
0	09:08:56.928	Admiral Markets build 1320 stopped
