0	19:53:53.692	Admiral Markets build 1320 started (Admiral Markets Group AS)
0	19:53:53.693	Windows 10 Pro x64, IE 11, UAC, 8 x Intel Core i7-10510U  @ 1.80GHz, Memory: 1227 / 8014 Mb, Disk: 23 / 237 Gb, GMT+3
0	19:53:53.693	Data Folder: C:\Users\SRIE\AppData\Roaming\MetaQuotes\Terminal\51337600F56B69473E15EAFB8A7586B4
2	19:53:58.102	Custom indicator AIMS Levels V2 [DJI30],M1: loaded successfully
2	19:53:58.163	Custom indicator AIMS Entry Alert V1 [DJI30],M1: loaded successfully
2	19:53:58.169	Custom indicator CandleTimer [DJI30],M1: loaded successfully
2	19:53:58.231	Custom indicator #Signal_Bars_v6 [DJI30],M1: loaded successfully
2	19:53:58.237	Custom indicator TrendEnvelopes_v1 [DJI30],M1: loaded successfully
2	19:53:58.243	Custom indicator guppy_multiple_moving_averages [DJI30],M1: loaded successfully
2	19:53:58.250	Custom indicator wedges [DJI30],M1: loaded successfully
2	19:53:58.256	Custom indicator Admiral Pivot [DJI30],M1: loaded successfully
2	19:53:58.262	Custom indicator AutoTrendChannel [DJI30],M1: loaded successfully
2	19:53:58.268	Custom indicator FRZ Channel Auto Plotter [DJI30],M1: loaded successfully
2	19:53:58.276	Custom indicator FRZ News Indicator MT4 [DJI30],M1: loaded successfully
2	19:53:58.283	Custom indicator Forex Uranus direction [DJI30],M1: loaded successfully
2	19:53:58.341	Custom indicator AIMS AO V.2.1 [DJI30],M1: loaded successfully
2	19:53:58.347	Custom indicator IVT_MACD_ZERO_LAG [DJI30],M1: loaded successfully
2	19:53:58.355	Custom indicator RSI Divergence Levels [DJI30],M1: loaded successfully
2	19:53:58.363	Custom indicator JoeChalhoub_FXForecasterV1 [DJI30],M1: loaded successfully
2	19:53:58.370	Custom indicator TDI-With_Alerts [DJI30],M1: loaded successfully
2	19:53:58.376	Custom indicator FRZ Forex Market Session Indicator [DJI30],M1: loaded successfully
2	19:54:09.714	Custom indicator AIMS Levels V2 [DAX30],M1: loaded successfully
2	19:54:09.781	Custom indicator AIMS Entry Alert V1 [DAX30],M1: loaded successfully
2	19:54:09.787	Custom indicator CandleTimer [DAX30],M1: loaded successfully
2	19:54:09.846	Custom indicator #Signal_Bars_v6 [DAX30],M1: loaded successfully
2	19:54:09.853	Custom indicator TrendEnvelopes_v1 [DAX30],M1: loaded successfully
2	19:54:09.860	Custom indicator guppy_multiple_moving_averages [DAX30],M1: loaded successfully
2	19:54:09.868	Custom indicator wedges [DAX30],M1: loaded successfully
2	19:54:09.875	Custom indicator Admiral Pivot [DAX30],M1: loaded successfully
2	19:54:09.882	Custom indicator AutoTrendChannel [DAX30],M1: loaded successfully
2	19:54:09.889	Custom indicator FRZ Channel Auto Plotter [DAX30],M1: loaded successfully
2	19:54:09.898	Custom indicator FRZ News Indicator MT4 [DAX30],M1: loaded successfully
2	19:54:09.904	Custom indicator Forex Uranus direction [DAX30],M1: loaded successfully
2	19:54:09.968	Custom indicator AIMS AO V.2.1 [DAX30],M1: loaded successfully
2	19:54:09.975	Custom indicator IVT_MACD_ZERO_LAG [DAX30],M1: loaded successfully
2	19:54:09.981	Custom indicator RSI Divergence Levels [DAX30],M1: loaded successfully
2	19:54:09.988	Custom indicator JoeChalhoub_FXForecasterV1 [DAX30],M1: loaded successfully
2	19:54:09.995	Custom indicator TDI-With_Alerts [DAX30],M1: loaded successfully
2	19:54:10.002	Custom indicator FRZ Forex Market Session Indicator [DAX30],M1: loaded successfully
2	19:54:22.503	Custom indicator AIMS Levels V2 [DAX30],M5: loaded successfully
2	19:54:22.575	Custom indicator AIMS Entry Alert V1 [DAX30],M5: loaded successfully
2	19:54:22.582	Custom indicator CandleTimer [DAX30],M5: loaded successfully
2	19:54:22.652	Custom indicator #Signal_Bars_v6 [DAX30],M5: loaded successfully
2	19:54:22.660	Custom indicator TrendEnvelopes_v1 [DAX30],M5: loaded successfully
2	19:54:22.667	Custom indicator guppy_multiple_moving_averages [DAX30],M5: loaded successfully
2	19:54:22.675	Custom indicator wedges [DAX30],M5: loaded successfully
2	19:54:22.682	Custom indicator Admiral Pivot [DAX30],M5: loaded successfully
2	19:54:22.689	Custom indicator AutoTrendChannel [DAX30],M5: loaded successfully
2	19:54:22.697	Custom indicator FRZ Channel Auto Plotter [DAX30],M5: loaded successfully
2	19:54:22.708	Custom indicator FRZ News Indicator MT4 [DAX30],M5: loaded successfully
2	19:54:22.716	Custom indicator Forex Uranus direction [DAX30],M5: loaded successfully
2	19:54:22.724	Custom indicator Quadrilateral [DAX30],M5: loaded successfully
2	19:54:22.793	Custom indicator AIMS AO V.2.1 [DAX30],M5: loaded successfully
2	19:54:22.801	Custom indicator IVT_MACD_ZERO_LAG [DAX30],M5: loaded successfully
2	19:54:22.809	Custom indicator RSI Divergence Levels [DAX30],M5: loaded successfully
2	19:54:22.817	Custom indicator JoeChalhoub_FXForecasterV1 [DAX30],M5: loaded successfully
2	19:54:22.826	Custom indicator TDI-With_Alerts [DAX30],M5: loaded successfully
2	19:54:22.834	Custom indicator FRZ Forex Market Session Indicator [DAX30],M5: loaded successfully
2	19:54:32.073	Custom indicator AIMS Levels V2 [DJI30],M5: loaded successfully
2	19:54:32.145	Custom indicator AIMS Entry Alert V1 [DJI30],M5: loaded successfully
2	19:54:32.150	Custom indicator CandleTimer [DJI30],M5: loaded successfully
2	19:54:32.218	Custom indicator #Signal_Bars_v6 [DJI30],M5: loaded successfully
2	19:54:32.226	Custom indicator TrendEnvelopes_v1 [DJI30],M5: loaded successfully
2	19:54:32.233	Custom indicator guppy_multiple_moving_averages [DJI30],M5: loaded successfully
2	19:54:32.240	Custom indicator wedges [DJI30],M5: loaded successfully
2	19:54:32.247	Custom indicator Admiral Pivot [DJI30],M5: loaded successfully
2	19:54:32.254	Custom indicator AutoTrendChannel [DJI30],M5: loaded successfully
2	19:54:32.262	Custom indicator FRZ Channel Auto Plotter [DJI30],M5: loaded successfully
2	19:54:32.271	Custom indicator FRZ News Indicator MT4 [DJI30],M5: loaded successfully
2	19:54:32.278	Custom indicator Forex Uranus direction [DJI30],M5: loaded successfully
2	19:54:32.286	Custom indicator Quadrilateral [DJI30],M5: loaded successfully
2	19:54:32.354	Custom indicator AIMS AO V.2.1 [DJI30],M5: loaded successfully
2	19:54:32.361	Custom indicator IVT_MACD_ZERO_LAG [DJI30],M5: loaded successfully
2	19:54:32.368	Custom indicator RSI Divergence Levels [DJI30],M5: loaded successfully
2	19:54:32.376	Custom indicator JoeChalhoub_FXForecasterV1 [DJI30],M5: loaded successfully
2	19:54:32.384	Custom indicator TDI-With_Alerts [DJI30],M5: loaded successfully
2	19:54:32.391	Custom indicator FRZ Forex Market Session Indicator [DJI30],M5: loaded successfully
2	19:54:32.404	Expert Admiral - Mini Terminal [DJI30],M5: loaded successfully
2	19:54:41.241	Custom indicator AIMS Levels V2 [DAX30],H1: loaded successfully
2	19:54:41.312	Custom indicator AIMS Entry Alert V1 [DAX30],H1: loaded successfully
2	19:54:41.318	Custom indicator CandleTimer [DAX30],H1: loaded successfully
2	19:54:41.386	Custom indicator #Signal_Bars_v6 [DAX30],H1: loaded successfully
2	19:54:41.394	Custom indicator TrendEnvelopes_v1 [DAX30],H1: loaded successfully
2	19:54:41.401	Custom indicator guppy_multiple_moving_averages [DAX30],H1: loaded successfully
2	19:54:41.408	Custom indicator wedges [DAX30],H1: loaded successfully
2	19:54:41.416	Custom indicator Admiral Pivot [DAX30],H1: loaded successfully
2	19:54:41.423	Custom indicator AutoTrendChannel [DAX30],H1: loaded successfully
2	19:54:41.430	Custom indicator FRZ Channel Auto Plotter [DAX30],H1: loaded successfully
2	19:54:41.439	Custom indicator FRZ News Indicator MT4 [DAX30],H1: loaded successfully
2	19:54:41.447	Custom indicator Forex Uranus direction [DAX30],H1: loaded successfully
2	19:54:41.455	Custom indicator Quadrilateral [DAX30],H1: loaded successfully
2	19:54:41.522	Custom indicator AIMS AO V.2.1 [DAX30],H1: loaded successfully
2	19:54:41.530	Custom indicator IVT_MACD_ZERO_LAG [DAX30],H1: loaded successfully
2	19:54:41.536	Custom indicator RSI Divergence Levels [DAX30],H1: loaded successfully
2	19:54:41.544	Custom indicator JoeChalhoub_FXForecasterV1 [DAX30],H1: loaded successfully
2	19:54:41.552	Custom indicator TDI-With_Alerts [DAX30],H1: loaded successfully
2	19:54:41.559	Custom indicator FRZ Forex Market Session Indicator [DAX30],H1: loaded successfully
2	19:54:42.941	Custom indicator AIMS Levels V2 [DJI30],H1: loaded successfully
2	19:54:43.013	Custom indicator AIMS Entry Alert V1 [DJI30],H1: loaded successfully
2	19:54:43.019	Custom indicator CandleTimer [DJI30],H1: loaded successfully
2	19:54:43.087	Custom indicator #Signal_Bars_v6 [DJI30],H1: loaded successfully
2	19:54:43.101	Custom indicator TrendEnvelopes_v1 [DJI30],H1: loaded successfully
2	19:54:43.108	Custom indicator guppy_multiple_moving_averages [DJI30],H1: loaded successfully
2	19:54:43.118	Custom indicator wedges [DJI30],H1: loaded successfully
2	19:54:43.130	Custom indicator Admiral Pivot [DJI30],H1: loaded successfully
2	19:54:43.150	Custom indicator AutoTrendChannel [DJI30],H1: loaded successfully
2	19:54:43.159	Custom indicator FRZ Channel Auto Plotter [DJI30],H1: loaded successfully
2	19:54:43.169	Custom indicator FRZ News Indicator MT4 [DJI30],H1: loaded successfully
2	19:54:43.178	Custom indicator Forex Uranus direction [DJI30],H1: loaded successfully
2	19:54:43.189	Custom indicator Quadrilateral [DJI30],H1: loaded successfully
2	19:54:43.272	Custom indicator AIMS AO V.2.1 [DJI30],H1: loaded successfully
2	19:54:43.281	Custom indicator IVT_MACD_ZERO_LAG [DJI30],H1: loaded successfully
2	19:54:43.289	Custom indicator RSI Divergence Levels [DJI30],H1: loaded successfully
2	19:54:43.301	Custom indicator JoeChalhoub_FXForecasterV1 [DJI30],H1: loaded successfully
2	19:54:43.310	Custom indicator TDI-With_Alerts [DJI30],H1: loaded successfully
2	19:54:43.318	Custom indicator FRZ Forex Market Session Indicator [DJI30],H1: loaded successfully
2	19:54:44.768	Custom indicator AIMS Levels V2 AUDJPY,H1: loaded successfully
2	19:54:44.841	Custom indicator AIMS Entry Alert V1 AUDJPY,H1: loaded successfully
2	19:54:44.847	Custom indicator CandleTimer AUDJPY,H1: loaded successfully
2	19:54:44.919	Custom indicator #Signal_Bars_v6 AUDJPY,H1: loaded successfully
2	19:54:44.927	Custom indicator TrendEnvelopes_v1 AUDJPY,H1: loaded successfully
2	19:54:44.934	Custom indicator guppy_multiple_moving_averages AUDJPY,H1: loaded successfully
2	19:54:44.943	Custom indicator wedges AUDJPY,H1: loaded successfully
2	19:54:44.952	Custom indicator Admiral Pivot AUDJPY,H1: loaded successfully
2	19:54:44.960	Custom indicator AutoTrendChannel AUDJPY,H1: loaded successfully
2	19:54:44.967	Custom indicator FRZ Channel Auto Plotter AUDJPY,H1: loaded successfully
2	19:54:44.976	Custom indicator FRZ News Indicator MT4 AUDJPY,H1: loaded successfully
2	19:54:44.984	Custom indicator Forex Uranus direction AUDJPY,H1: loaded successfully
2	19:54:44.992	Custom indicator Quadrilateral AUDJPY,H1: loaded successfully
2	19:54:45.062	Custom indicator AIMS AO V.2.1 AUDJPY,H1: loaded successfully
2	19:54:45.070	Custom indicator IVT_MACD_ZERO_LAG AUDJPY,H1: loaded successfully
2	19:54:45.078	Custom indicator RSI Divergence Levels AUDJPY,H1: loaded successfully
2	19:54:45.087	Custom indicator JoeChalhoub_FXForecasterV1 AUDJPY,H1: loaded successfully
2	19:54:45.095	Custom indicator TDI-With_Alerts AUDJPY,H1: loaded successfully
2	19:54:45.103	Custom indicator FRZ Forex Market Session Indicator AUDJPY,H1: loaded successfully
2	19:54:46.696	Custom indicator AIMS Levels V2 NZDUSD,H1: loaded successfully
2	19:54:46.776	Custom indicator AIMS Entry Alert V1 NZDUSD,H1: loaded successfully
2	19:54:46.783	Custom indicator CandleTimer NZDUSD,H1: loaded successfully
2	19:54:46.859	Custom indicator #Signal_Bars_v6 NZDUSD,H1: loaded successfully
2	19:54:46.867	Custom indicator TrendEnvelopes_v1 NZDUSD,H1: loaded successfully
2	19:54:46.874	Custom indicator guppy_multiple_moving_averages NZDUSD,H1: loaded successfully
2	19:54:46.882	Custom indicator wedges NZDUSD,H1: loaded successfully
2	19:54:46.890	Custom indicator Admiral Pivot NZDUSD,H1: loaded successfully
2	19:54:46.897	Custom indicator AutoTrendChannel NZDUSD,H1: loaded successfully
2	19:54:46.905	Custom indicator FRZ Channel Auto Plotter NZDUSD,H1: loaded successfully
2	19:54:46.914	Custom indicator FRZ News Indicator MT4 NZDUSD,H1: loaded successfully
2	19:54:46.922	Custom indicator Forex Uranus direction NZDUSD,H1: loaded successfully
2	19:54:46.930	Custom indicator Quadrilateral NZDUSD,H1: loaded successfully
2	19:54:47.000	Custom indicator AIMS AO V.2.1 NZDUSD,H1: loaded successfully
2	19:54:47.007	Custom indicator IVT_MACD_ZERO_LAG NZDUSD,H1: loaded successfully
2	19:54:47.015	Custom indicator RSI Divergence Levels NZDUSD,H1: loaded successfully
2	19:54:47.023	Custom indicator JoeChalhoub_FXForecasterV1 NZDUSD,H1: loaded successfully
2	19:54:47.031	Custom indicator TDI-With_Alerts NZDUSD,H1: loaded successfully
2	19:54:47.039	Custom indicator FRZ Forex Market Session Indicator NZDUSD,H1: loaded successfully
2	19:54:48.585	Custom indicator AIMS Levels V2 [DJI30],M15: loaded successfully
2	19:54:48.657	Custom indicator AIMS Entry Alert V1 [DJI30],M15: loaded successfully
2	19:54:48.663	Custom indicator CandleTimer [DJI30],M15: loaded successfully
2	19:54:48.735	Custom indicator #Signal_Bars_v6 [DJI30],M15: loaded successfully
2	19:54:48.742	Custom indicator TrendEnvelopes_v1 [DJI30],M15: loaded successfully
2	19:54:48.750	Custom indicator guppy_multiple_moving_averages [DJI30],M15: loaded successfully
2	19:54:48.757	Custom indicator wedges [DJI30],M15: loaded successfully
2	19:54:48.765	Custom indicator Admiral Pivot [DJI30],M15: loaded successfully
2	19:54:48.772	Custom indicator AutoTrendChannel [DJI30],M15: loaded successfully
2	19:54:48.779	Custom indicator FRZ Channel Auto Plotter [DJI30],M15: loaded successfully
2	19:54:48.787	Custom indicator FRZ News Indicator MT4 [DJI30],M15: loaded successfully
2	19:54:48.795	Custom indicator Forex Uranus direction [DJI30],M15: loaded successfully
2	19:54:48.803	Custom indicator Quadrilateral [DJI30],M15: loaded successfully
2	19:54:48.871	Custom indicator AIMS AO V.2.1 [DJI30],M15: loaded successfully
2	19:54:48.879	Custom indicator IVT_MACD_ZERO_LAG [DJI30],M15: loaded successfully
2	19:54:48.887	Custom indicator RSI Divergence Levels [DJI30],M15: loaded successfully
2	19:54:48.895	Custom indicator JoeChalhoub_FXForecasterV1 [DJI30],M15: loaded successfully
2	19:54:48.903	Custom indicator TDI-With_Alerts [DJI30],M15: loaded successfully
2	19:54:48.910	Custom indicator FRZ Forex Market Session Indicator [DJI30],M15: loaded successfully
2	19:54:52.532	Custom indicator AIMS Levels V2 [DAX30],M15: loaded successfully
2	19:54:52.605	Custom indicator AIMS Entry Alert V1 [DAX30],M15: loaded successfully
2	19:54:52.611	Custom indicator CandleTimer [DAX30],M15: loaded successfully
2	19:54:52.681	Custom indicator #Signal_Bars_v6 [DAX30],M15: loaded successfully
2	19:54:52.689	Custom indicator TrendEnvelopes_v1 [DAX30],M15: loaded successfully
2	19:54:52.696	Custom indicator guppy_multiple_moving_averages [DAX30],M15: loaded successfully
2	19:54:52.707	Custom indicator wedges [DAX30],M15: loaded successfully
2	19:54:52.720	Custom indicator Admiral Pivot [DAX30],M15: loaded successfully
2	19:54:52.729	Custom indicator AutoTrendChannel [DAX30],M15: loaded successfully
2	19:54:52.737	Custom indicator FRZ Channel Auto Plotter [DAX30],M15: loaded successfully
2	19:54:52.747	Custom indicator FRZ News Indicator MT4 [DAX30],M15: loaded successfully
2	19:54:52.756	Custom indicator Forex Uranus direction [DAX30],M15: loaded successfully
2	19:54:52.764	Custom indicator Quadrilateral [DAX30],M15: loaded successfully
2	19:54:52.840	Custom indicator AIMS AO V.2.1 [DAX30],M15: loaded successfully
2	19:54:52.848	Custom indicator IVT_MACD_ZERO_LAG [DAX30],M15: loaded successfully
2	19:54:52.856	Custom indicator RSI Divergence Levels [DAX30],M15: loaded successfully
2	19:54:52.865	Custom indicator JoeChalhoub_FXForecasterV1 [DAX30],M15: loaded successfully
2	19:54:52.874	Custom indicator TDI-With_Alerts [DAX30],M15: loaded successfully
2	19:54:52.882	Custom indicator FRZ Forex Market Session Indicator [DAX30],M15: loaded successfully
2	19:54:56.531	Custom indicator AIMS Levels V2 EURUSD,H1: loaded successfully
2	19:54:56.604	Custom indicator AIMS Entry Alert V1 EURUSD,H1: loaded successfully
2	19:54:56.611	Custom indicator CandleTimer EURUSD,H1: loaded successfully
2	19:54:56.681	Custom indicator #Signal_Bars_v6 EURUSD,H1: loaded successfully
2	19:54:56.688	Custom indicator TrendEnvelopes_v1 EURUSD,H1: loaded successfully
2	19:54:56.695	Custom indicator guppy_multiple_moving_averages EURUSD,H1: loaded successfully
2	19:54:56.704	Custom indicator wedges EURUSD,H1: loaded successfully
2	19:54:56.714	Custom indicator Admiral Pivot EURUSD,H1: loaded successfully
2	19:54:56.721	Custom indicator AutoTrendChannel EURUSD,H1: loaded successfully
2	19:54:56.728	Custom indicator FRZ Channel Auto Plotter EURUSD,H1: loaded successfully
2	19:54:56.737	Custom indicator FRZ News Indicator MT4 EURUSD,H1: loaded successfully
2	19:54:56.745	Custom indicator Forex Uranus direction EURUSD,H1: loaded successfully
2	19:54:56.753	Custom indicator Quadrilateral EURUSD,H1: loaded successfully
2	19:54:56.821	Custom indicator AIMS AO V.2.1 EURUSD,H1: loaded successfully
2	19:54:56.828	Custom indicator IVT_MACD_ZERO_LAG EURUSD,H1: loaded successfully
2	19:54:56.836	Custom indicator RSI Divergence Levels EURUSD,H1: loaded successfully
2	19:54:56.844	Custom indicator JoeChalhoub_FXForecasterV1 EURUSD,H1: loaded successfully
2	19:54:56.852	Custom indicator TDI-With_Alerts EURUSD,H1: loaded successfully
2	19:54:56.859	Custom indicator FRZ Forex Market Session Indicator EURUSD,H1: loaded successfully
0	19:55:00.085	'27143750': login on AdmiralMarkets-Live through Access Point #10 (ping: 202.73 ms)
0	19:55:03.319	'27143750': login datacenter on AdmiralMarkets-Live through Access Point #10 (ping: 202.73 ms)
0	19:55:05.367	'27143750': previous successful authorization performed from 197.149.30.210
0	19:55:33.046	'27143750': auto connecting to a better access point Access Point #6 (ping is 216.35 ms)
0	19:55:33.895	'27143750': login on AdmiralMarkets-Live through Access Point #6 (ping: 216.35 ms)
0	19:55:36.089	'27143750': login datacenter on AdmiralMarkets-Live through Access Point #6 (ping: 216.35 ms)
0	19:55:37.053	'27143750': previous successful authorization performed from 197.149.38.36
2	20:38:54.308	Custom indicator AIMS Levels V2 [DJI30],M1: removed
2	20:38:54.342	Custom indicator AIMS Entry Alert V1 [DJI30],M1: removed
2	20:38:54.343	Custom indicator CandleTimer [DJI30],M1: removed
2	20:38:54.424	Custom indicator #Signal_Bars_v6 [DJI30],M1: removed
2	20:38:54.426	Custom indicator TrendEnvelopes_v1 [DJI30],M1: removed
2	20:38:54.470	Custom indicator guppy_multiple_moving_averages [DJI30],M1: removed
2	20:38:54.664	Custom indicator wedges [DJI30],M1: removed
2	20:38:54.678	Custom indicator Admiral Pivot [DJI30],M1: removed
2	20:38:54.684	Custom indicator AutoTrendChannel [DJI30],M1: removed
2	20:38:54.688	Custom indicator FRZ Channel Auto Plotter [DJI30],M1: removed
2	20:38:54.707	Custom indicator FRZ News Indicator MT4 [DJI30],M1: removed
2	20:38:54.711	Custom indicator Forex Uranus direction [DJI30],M1: removed
2	20:38:54.764	Custom indicator AIMS AO V.2.1 [DJI30],M1: removed
2	20:38:54.909	Custom indicator IVT_MACD_ZERO_LAG [DJI30],M1: removed
2	20:38:54.949	Custom indicator RSI Divergence Levels [DJI30],M1: removed
2	20:38:54.991	Custom indicator JoeChalhoub_FXForecasterV1 [DJI30],M1: removed
2	20:38:55.039	Custom indicator TDI-With_Alerts [DJI30],M1: removed
2	20:38:55.094	Custom indicator FRZ Forex Market Session Indicator [DJI30],M1: removed
2	20:38:55.137	Custom indicator AIMS Levels V2 [DAX30],M1: removed
2	20:38:55.194	Custom indicator AIMS Entry Alert V1 [DAX30],M1: removed
2	20:38:55.197	Custom indicator CandleTimer [DAX30],M1: removed
2	20:38:55.214	Custom indicator #Signal_Bars_v6 [DAX30],M1: removed
2	20:38:55.215	Custom indicator TrendEnvelopes_v1 [DAX30],M1: removed
2	20:38:55.243	Custom indicator guppy_multiple_moving_averages [DAX30],M1: removed
2	20:38:55.376	Custom indicator wedges [DAX30],M1: removed
2	20:38:55.403	Custom indicator Admiral Pivot [DAX30],M1: removed
2	20:38:55.405	Custom indicator AutoTrendChannel [DAX30],M1: removed
2	20:38:55.406	Custom indicator FRZ Channel Auto Plotter [DAX30],M1: removed
2	20:38:55.408	Custom indicator FRZ News Indicator MT4 [DAX30],M1: removed
2	20:38:55.414	Custom indicator Forex Uranus direction [DAX30],M1: removed
2	20:38:55.417	Custom indicator AIMS AO V.2.1 [DAX30],M1: removed
2	20:38:55.456	Custom indicator IVT_MACD_ZERO_LAG [DAX30],M1: removed
2	20:38:55.484	Custom indicator RSI Divergence Levels [DAX30],M1: removed
2	20:38:55.500	Custom indicator JoeChalhoub_FXForecasterV1 [DAX30],M1: removed
2	20:38:55.544	Custom indicator TDI-With_Alerts [DAX30],M1: removed
2	20:38:55.571	Custom indicator FRZ Forex Market Session Indicator [DAX30],M1: removed
2	20:38:55.581	Custom indicator AIMS Levels V2 [DAX30],M5: removed
2	20:38:55.582	Custom indicator AIMS Entry Alert V1 [DAX30],M5: removed
2	20:38:55.584	Custom indicator CandleTimer [DAX30],M5: removed
2	20:38:55.622	Custom indicator #Signal_Bars_v6 [DAX30],M5: removed
2	20:38:55.623	Custom indicator TrendEnvelopes_v1 [DAX30],M5: removed
2	20:38:55.644	Custom indicator guppy_multiple_moving_averages [DAX30],M5: removed
2	20:38:55.753	Custom indicator wedges [DAX30],M5: removed
2	20:38:55.782	Custom indicator Admiral Pivot [DAX30],M5: removed
2	20:38:55.786	Custom indicator AutoTrendChannel [DAX30],M5: removed
2	20:38:55.789	Custom indicator FRZ Channel Auto Plotter [DAX30],M5: removed
2	20:38:55.792	Custom indicator FRZ News Indicator MT4 [DAX30],M5: removed
2	20:38:55.794	Custom indicator Forex Uranus direction [DAX30],M5: removed
2	20:38:55.812	Custom indicator Quadrilateral [DAX30],M5: removed
2	20:38:55.838	Custom indicator AIMS AO V.2.1 [DAX30],M5: removed
2	20:38:55.853	Custom indicator IVT_MACD_ZERO_LAG [DAX30],M5: removed
2	20:38:55.905	Custom indicator RSI Divergence Levels [DAX30],M5: removed
2	20:38:55.935	Custom indicator JoeChalhoub_FXForecasterV1 [DAX30],M5: removed
2	20:38:55.968	Custom indicator TDI-With_Alerts [DAX30],M5: removed
2	20:38:56.041	Custom indicator FRZ Forex Market Session Indicator [DAX30],M5: removed
2	20:38:56.063	Expert Admiral - Mini Terminal [DJI30],M5: removed
2	20:38:56.560	Custom indicator AIMS Levels V2 [DJI30],M5: removed
2	20:38:56.580	Custom indicator AIMS Entry Alert V1 [DJI30],M5: removed
2	20:38:56.581	Custom indicator CandleTimer [DJI30],M5: removed
2	20:38:56.606	Custom indicator #Signal_Bars_v6 [DJI30],M5: removed
2	20:38:56.607	Custom indicator TrendEnvelopes_v1 [DJI30],M5: removed
2	20:38:56.635	Custom indicator guppy_multiple_moving_averages [DJI30],M5: removed
2	20:38:56.661	Custom indicator wedges [DJI30],M5: removed
2	20:38:56.684	Custom indicator Admiral Pivot [DJI30],M5: removed
2	20:38:56.685	Custom indicator AutoTrendChannel [DJI30],M5: removed
2	20:38:56.686	Custom indicator FRZ Channel Auto Plotter [DJI30],M5: removed
2	20:38:56.688	Custom indicator FRZ News Indicator MT4 [DJI30],M5: removed
2	20:38:56.689	Custom indicator Forex Uranus direction [DJI30],M5: removed
2	20:38:56.690	Custom indicator Quadrilateral [DJI30],M5: removed
2	20:38:56.690	Custom indicator AIMS AO V.2.1 [DJI30],M5: removed
2	20:38:56.717	Custom indicator IVT_MACD_ZERO_LAG [DJI30],M5: removed
2	20:38:56.736	Custom indicator RSI Divergence Levels [DJI30],M5: removed
2	20:38:56.750	Custom indicator JoeChalhoub_FXForecasterV1 [DJI30],M5: removed
2	20:38:56.752	Custom indicator TDI-With_Alerts [DJI30],M5: removed
2	20:38:56.770	Custom indicator FRZ Forex Market Session Indicator [DJI30],M5: removed
2	20:38:56.795	Custom indicator AIMS Levels V2 [DAX30],H1: removed
2	20:38:56.805	Custom indicator AIMS Entry Alert V1 [DAX30],H1: removed
2	20:38:56.806	Custom indicator CandleTimer [DAX30],H1: removed
2	20:38:56.815	Custom indicator #Signal_Bars_v6 [DAX30],H1: removed
2	20:38:56.816	Custom indicator TrendEnvelopes_v1 [DAX30],H1: removed
2	20:38:56.831	Custom indicator guppy_multiple_moving_averages [DAX30],H1: removed
2	20:38:56.847	Custom indicator wedges [DAX30],H1: removed
2	20:38:56.872	Custom indicator Admiral Pivot [DAX30],H1: removed
2	20:38:56.873	Custom indicator AutoTrendChannel [DAX30],H1: removed
2	20:38:56.874	Custom indicator FRZ Channel Auto Plotter [DAX30],H1: removed
2	20:38:56.875	Custom indicator FRZ News Indicator MT4 [DAX30],H1: removed
2	20:38:56.877	Custom indicator Forex Uranus direction [DAX30],H1: removed
2	20:38:56.878	Custom indicator Quadrilateral [DAX30],H1: removed
2	20:38:56.885	Custom indicator AIMS AO V.2.1 [DAX30],H1: removed
2	20:38:56.887	Custom indicator IVT_MACD_ZERO_LAG [DAX30],H1: removed
2	20:38:56.918	Custom indicator RSI Divergence Levels [DAX30],H1: removed
2	20:38:56.931	Custom indicator JoeChalhoub_FXForecasterV1 [DAX30],H1: removed
2	20:38:56.939	Custom indicator TDI-With_Alerts [DAX30],H1: removed
2	20:38:56.941	Custom indicator FRZ Forex Market Session Indicator [DAX30],H1: removed
2	20:38:56.944	Custom indicator AIMS Levels V2 [DJI30],H1: removed
2	20:38:56.956	Custom indicator AIMS Entry Alert V1 [DJI30],H1: removed
2	20:38:56.958	Custom indicator CandleTimer [DJI30],H1: removed
2	20:38:56.961	Custom indicator #Signal_Bars_v6 [DJI30],H1: removed
2	20:38:56.962	Custom indicator TrendEnvelopes_v1 [DJI30],H1: removed
2	20:38:56.978	Custom indicator guppy_multiple_moving_averages [DJI30],H1: removed
2	20:38:56.988	Custom indicator wedges [DJI30],H1: removed
2	20:38:56.990	Custom indicator Admiral Pivot [DJI30],H1: removed
2	20:38:56.991	Custom indicator AutoTrendChannel [DJI30],H1: removed
2	20:38:56.992	Custom indicator FRZ Channel Auto Plotter [DJI30],H1: removed
2	20:38:56.993	Custom indicator FRZ News Indicator MT4 [DJI30],H1: removed
2	20:38:56.995	Custom indicator Forex Uranus direction [DJI30],H1: removed
2	20:38:56.996	Custom indicator Quadrilateral [DJI30],H1: removed
2	20:38:56.997	Custom indicator AIMS AO V.2.1 [DJI30],H1: removed
2	20:38:56.999	Custom indicator IVT_MACD_ZERO_LAG [DJI30],H1: removed
2	20:38:57.004	Custom indicator RSI Divergence Levels [DJI30],H1: removed
2	20:38:57.030	Custom indicator JoeChalhoub_FXForecasterV1 [DJI30],H1: removed
2	20:38:57.039	Custom indicator TDI-With_Alerts [DJI30],H1: removed
2	20:38:57.052	Custom indicator FRZ Forex Market Session Indicator [DJI30],H1: removed
2	20:38:57.069	Custom indicator AIMS Levels V2 AUDJPY,H1: removed
2	20:38:57.091	Custom indicator AIMS Entry Alert V1 AUDJPY,H1: removed
2	20:38:57.093	Custom indicator CandleTimer AUDJPY,H1: removed
2	20:38:57.102	Custom indicator #Signal_Bars_v6 AUDJPY,H1: removed
2	20:38:57.104	Custom indicator TrendEnvelopes_v1 AUDJPY,H1: removed
2	20:38:57.118	Custom indicator guppy_multiple_moving_averages AUDJPY,H1: removed
2	20:38:57.199	Custom indicator wedges AUDJPY,H1: removed
2	20:38:57.225	Custom indicator Admiral Pivot AUDJPY,H1: removed
2	20:38:57.227	Custom indicator AutoTrendChannel AUDJPY,H1: removed
2	20:38:57.229	Custom indicator FRZ Channel Auto Plotter AUDJPY,H1: removed
2	20:38:57.230	Custom indicator FRZ News Indicator MT4 AUDJPY,H1: removed
2	20:38:57.231	Custom indicator Forex Uranus direction AUDJPY,H1: removed
2	20:38:57.255	Custom indicator Quadrilateral AUDJPY,H1: removed
2	20:38:57.256	Custom indicator AIMS AO V.2.1 AUDJPY,H1: removed
2	20:38:57.285	Custom indicator IVT_MACD_ZERO_LAG AUDJPY,H1: removed
2	20:38:57.291	Custom indicator RSI Divergence Levels AUDJPY,H1: removed
2	20:38:57.297	Custom indicator JoeChalhoub_FXForecasterV1 AUDJPY,H1: removed
2	20:38:57.305	Custom indicator TDI-With_Alerts AUDJPY,H1: removed
2	20:38:57.313	Custom indicator FRZ Forex Market Session Indicator AUDJPY,H1: removed
2	20:38:57.326	Custom indicator AIMS Levels V2 NZDUSD,H1: removed
2	20:38:57.336	Custom indicator AIMS Entry Alert V1 NZDUSD,H1: removed
2	20:38:57.337	Custom indicator CandleTimer NZDUSD,H1: removed
2	20:38:57.340	Custom indicator #Signal_Bars_v6 NZDUSD,H1: removed
2	20:38:57.341	Custom indicator TrendEnvelopes_v1 NZDUSD,H1: removed
2	20:38:57.360	Custom indicator guppy_multiple_moving_averages NZDUSD,H1: removed
2	20:38:57.371	Custom indicator wedges NZDUSD,H1: removed
2	20:38:57.382	Custom indicator Admiral Pivot NZDUSD,H1: removed
2	20:38:57.384	Custom indicator AutoTrendChannel NZDUSD,H1: removed
2	20:38:57.385	Custom indicator FRZ Channel Auto Plotter NZDUSD,H1: removed
2	20:38:57.386	Custom indicator FRZ News Indicator MT4 NZDUSD,H1: removed
2	20:38:57.387	Custom indicator Forex Uranus direction NZDUSD,H1: removed
2	20:38:57.388	Custom indicator Quadrilateral NZDUSD,H1: removed
2	20:38:57.388	Custom indicator AIMS AO V.2.1 NZDUSD,H1: removed
2	20:38:57.389	Custom indicator IVT_MACD_ZERO_LAG NZDUSD,H1: removed
2	20:38:57.404	Custom indicator RSI Divergence Levels NZDUSD,H1: removed
2	20:38:57.412	Custom indicator JoeChalhoub_FXForecasterV1 NZDUSD,H1: removed
2	20:38:57.428	Custom indicator TDI-With_Alerts NZDUSD,H1: removed
2	20:38:57.435	Custom indicator FRZ Forex Market Session Indicator NZDUSD,H1: removed
2	20:38:57.438	Custom indicator AIMS Levels V2 [DJI30],M15: removed
2	20:38:57.451	Custom indicator AIMS Entry Alert V1 [DJI30],M15: removed
2	20:38:57.452	Custom indicator CandleTimer [DJI30],M15: removed
2	20:38:57.465	Custom indicator #Signal_Bars_v6 [DJI30],M15: removed
2	20:38:57.467	Custom indicator TrendEnvelopes_v1 [DJI30],M15: removed
2	20:38:57.486	Custom indicator guppy_multiple_moving_averages [DJI30],M15: removed
2	20:38:57.487	Custom indicator wedges [DJI30],M15: removed
2	20:38:57.496	Custom indicator Admiral Pivot [DJI30],M15: removed
2	20:38:57.497	Custom indicator AutoTrendChannel [DJI30],M15: removed
2	20:38:57.504	Custom indicator FRZ Channel Auto Plotter [DJI30],M15: removed
2	20:38:57.505	Custom indicator FRZ News Indicator MT4 [DJI30],M15: removed
2	20:38:57.506	Custom indicator Forex Uranus direction [DJI30],M15: removed
2	20:38:57.524	Custom indicator Quadrilateral [DJI30],M15: removed
2	20:38:57.528	Custom indicator AIMS AO V.2.1 [DJI30],M15: removed
2	20:38:57.545	Custom indicator IVT_MACD_ZERO_LAG [DJI30],M15: removed
2	20:38:57.559	Custom indicator RSI Divergence Levels [DJI30],M15: removed
2	20:38:57.568	Custom indicator JoeChalhoub_FXForecasterV1 [DJI30],M15: removed
2	20:38:57.594	Custom indicator TDI-With_Alerts [DJI30],M15: removed
2	20:38:57.618	Custom indicator FRZ Forex Market Session Indicator [DJI30],M15: removed
2	20:38:57.624	Custom indicator AIMS Levels V2 [DAX30],M15: removed
2	20:38:57.640	Custom indicator AIMS Entry Alert V1 [DAX30],M15: removed
2	20:38:57.641	Custom indicator CandleTimer [DAX30],M15: removed
2	20:38:57.654	Custom indicator #Signal_Bars_v6 [DAX30],M15: removed
2	20:38:57.662	Custom indicator TrendEnvelopes_v1 [DAX30],M15: removed
2	20:38:57.677	Custom indicator guppy_multiple_moving_averages [DAX30],M15: removed
2	20:38:57.688	Custom indicator wedges [DAX30],M15: removed
2	20:38:57.703	Custom indicator Admiral Pivot [DAX30],M15: removed
2	20:38:57.705	Custom indicator AutoTrendChannel [DAX30],M15: removed
2	20:38:57.707	Custom indicator FRZ Channel Auto Plotter [DAX30],M15: removed
2	20:38:57.709	Custom indicator FRZ News Indicator MT4 [DAX30],M15: removed
2	20:38:57.712	Custom indicator Forex Uranus direction [DAX30],M15: removed
2	20:38:57.726	Custom indicator Quadrilateral [DAX30],M15: removed
2	20:38:57.726	Custom indicator AIMS AO V.2.1 [DAX30],M15: removed
2	20:38:57.737	Custom indicator IVT_MACD_ZERO_LAG [DAX30],M15: removed
2	20:38:57.747	Custom indicator RSI Divergence Levels [DAX30],M15: removed
2	20:38:57.776	Custom indicator JoeChalhoub_FXForecasterV1 [DAX30],M15: removed
2	20:38:57.807	Custom indicator TDI-With_Alerts [DAX30],M15: removed
2	20:38:57.818	Custom indicator FRZ Forex Market Session Indicator [DAX30],M15: removed
2	20:38:57.821	Custom indicator AIMS Levels V2 EURUSD,H1: removed
2	20:38:57.822	Custom indicator AIMS Entry Alert V1 EURUSD,H1: removed
2	20:38:57.823	Custom indicator CandleTimer EURUSD,H1: removed
2	20:38:57.833	Custom indicator #Signal_Bars_v6 EURUSD,H1: removed
2	20:38:57.834	Custom indicator TrendEnvelopes_v1 EURUSD,H1: removed
2	20:38:57.839	Custom indicator guppy_multiple_moving_averages EURUSD,H1: removed
2	20:38:57.884	Custom indicator wedges EURUSD,H1: removed
2	20:38:57.885	Custom indicator Admiral Pivot EURUSD,H1: removed
2	20:38:57.886	Custom indicator AutoTrendChannel EURUSD,H1: removed
2	20:38:57.888	Custom indicator FRZ Channel Auto Plotter EURUSD,H1: removed
2	20:38:57.889	Custom indicator FRZ News Indicator MT4 EURUSD,H1: removed
2	20:38:57.890	Custom indicator Forex Uranus direction EURUSD,H1: removed
2	20:38:57.891	Custom indicator Quadrilateral EURUSD,H1: removed
2	20:38:57.891	Custom indicator AIMS AO V.2.1 EURUSD,H1: removed
2	20:38:57.906	Custom indicator IVT_MACD_ZERO_LAG EURUSD,H1: removed
2	20:38:57.921	Custom indicator RSI Divergence Levels EURUSD,H1: removed
2	20:38:57.937	Custom indicator JoeChalhoub_FXForecasterV1 EURUSD,H1: removed
2	20:38:57.951	Custom indicator TDI-With_Alerts EURUSD,H1: removed
2	20:38:57.953	Custom indicator FRZ Forex Market Session Indicator EURUSD,H1: removed
0	20:39:01.402	Admiral Markets build 1320 stopped
