0	02:21:18.728	Admiral Markets build 1320 started (Admiral Markets Group AS)
0	02:21:18.728	Windows 10 Pro x64, IE 11, UAC, 8 x Intel Core i7-10510U  @ 1.80GHz, Memory: 2065 / 8014 Mb, Disk: 13 / 237 Gb, GMT+3
0	02:21:18.728	Data Folder: C:\Users\SRIE\AppData\Roaming\MetaQuotes\Terminal\51337600F56B69473E15EAFB8A7586B4
2	02:21:23.379	Custom indicator AIMS Levels V2 GOLD,H1: loaded successfully
2	02:21:23.443	Custom indicator AIMS Entry Alert V1 GOLD,H1: loaded successfully
2	02:21:23.448	Custom indicator CandleTimer GOLD,H1: loaded successfully
2	02:21:23.512	Custom indicator #Signal_Bars_v6 GOLD,H1: loaded successfully
2	02:21:23.518	Custom indicator TrendEnvelopes_v1 GOLD,H1: loaded successfully
2	02:21:23.524	Custom indicator guppy_multiple_moving_averages GOLD,H1: loaded successfully
2	02:21:23.531	Custom indicator wedges GOLD,H1: loaded successfully
2	02:21:23.537	Custom indicator Admiral Pivot GOLD,H1: loaded successfully
2	02:21:23.554	Custom indicator AutoTrendChannel GOLD,H1: loaded successfully
2	02:21:23.565	Custom indicator FRZ Channel Auto Plotter GOLD,H1: loaded successfully
2	02:21:23.574	Custom indicator FRZ News Indicator MT4 GOLD,H1: loaded successfully
2	02:21:23.581	Custom indicator Forex Uranus direction GOLD,H1: loaded successfully
2	02:21:23.589	Custom indicator Quadrilateral GOLD,H1: loaded successfully
2	02:21:23.651	Custom indicator AIMS AO V.2.1 GOLD,H1: loaded successfully
2	02:21:23.658	Custom indicator IVT_MACD_ZERO_LAG GOLD,H1: loaded successfully
2	02:21:23.665	Custom indicator RSI Divergence Levels GOLD,H1: loaded successfully
2	02:21:23.672	Custom indicator FRZ Forex Market Session Indicator GOLD,H1: loaded successfully
2	02:21:23.685	Expert Admiral - Mini Terminal GOLD,H1: loaded successfully
2	02:21:26.021	Custom indicator AIMS Levels V2 [DAX30],M1: loaded successfully
2	02:21:26.084	Custom indicator AIMS Entry Alert V1 [DAX30],M1: loaded successfully
2	02:21:26.090	Custom indicator CandleTimer [DAX30],M1: loaded successfully
2	02:21:26.151	Custom indicator #Signal_Bars_v6 [DAX30],M1: loaded successfully
2	02:21:26.210	Custom indicator TrendEnvelopes_v1 [DAX30],M1: loaded successfully
2	02:21:26.216	Custom indicator guppy_multiple_moving_averages [DAX30],M1: loaded successfully
2	02:21:26.223	Custom indicator wedges [DAX30],M1: loaded successfully
2	02:21:26.231	Custom indicator Admiral Pivot [DAX30],M1: loaded successfully
2	02:21:26.237	Custom indicator AutoTrendChannel [DAX30],M1: loaded successfully
2	02:21:26.244	Custom indicator FRZ Channel Auto Plotter [DAX30],M1: loaded successfully
2	02:21:26.252	Custom indicator FRZ News Indicator MT4 [DAX30],M1: loaded successfully
2	02:21:26.259	Custom indicator Forex Uranus direction [DAX30],M1: loaded successfully
2	02:21:26.324	Custom indicator AIMS AO V.2.1 [DAX30],M1: loaded successfully
2	02:21:26.331	Custom indicator IVT_MACD_ZERO_LAG [DAX30],M1: loaded successfully
2	02:21:26.337	Custom indicator RSI Divergence Levels [DAX30],M1: loaded successfully
2	02:21:26.344	Custom indicator FRZ Forex Market Session Indicator [DAX30],M1: loaded successfully
2	02:21:36.319	Custom indicator AIMS Levels V2 [DAX30],M5: loaded successfully
2	02:21:36.381	Custom indicator AIMS Entry Alert V1 [DAX30],M5: loaded successfully
2	02:21:36.387	Custom indicator CandleTimer [DAX30],M5: loaded successfully
2	02:21:36.448	Custom indicator #Signal_Bars_v6 [DAX30],M5: loaded successfully
2	02:21:36.455	Custom indicator TrendEnvelopes_v1 [DAX30],M5: loaded successfully
2	02:21:36.461	Custom indicator guppy_multiple_moving_averages [DAX30],M5: loaded successfully
2	02:21:36.467	Custom indicator wedges [DAX30],M5: loaded successfully
2	02:21:36.473	Custom indicator Admiral Pivot [DAX30],M5: loaded successfully
2	02:21:36.479	Custom indicator AutoTrendChannel [DAX30],M5: loaded successfully
2	02:21:36.486	Custom indicator FRZ Channel Auto Plotter [DAX30],M5: loaded successfully
2	02:21:36.494	Custom indicator FRZ News Indicator MT4 [DAX30],M5: loaded successfully
2	02:21:36.500	Custom indicator Forex Uranus direction [DAX30],M5: loaded successfully
2	02:21:36.507	Custom indicator Quadrilateral [DAX30],M5: loaded successfully
2	02:21:36.568	Custom indicator AIMS AO V.2.1 [DAX30],M5: loaded successfully
2	02:21:36.575	Custom indicator IVT_MACD_ZERO_LAG [DAX30],M5: loaded successfully
2	02:21:36.581	Custom indicator RSI Divergence Levels [DAX30],M5: loaded successfully
2	02:21:36.587	Custom indicator FRZ Forex Market Session Indicator [DAX30],M5: loaded successfully
2	02:21:47.759	Custom indicator AIMS Levels V2 [DAX30],M15: loaded successfully
2	02:21:47.829	Custom indicator AIMS Entry Alert V1 [DAX30],M15: loaded successfully
2	02:21:47.835	Custom indicator CandleTimer [DAX30],M15: loaded successfully
2	02:21:47.906	Custom indicator #Signal_Bars_v6 [DAX30],M15: loaded successfully
2	02:21:47.913	Custom indicator TrendEnvelopes_v1 [DAX30],M15: loaded successfully
2	02:21:47.920	Custom indicator guppy_multiple_moving_averages [DAX30],M15: loaded successfully
2	02:21:47.927	Custom indicator wedges [DAX30],M15: loaded successfully
2	02:21:47.935	Custom indicator Admiral Pivot [DAX30],M15: loaded successfully
2	02:21:47.941	Custom indicator AutoTrendChannel [DAX30],M15: loaded successfully
2	02:21:47.949	Custom indicator FRZ Channel Auto Plotter [DAX30],M15: loaded successfully
2	02:21:47.957	Custom indicator FRZ News Indicator MT4 [DAX30],M15: loaded successfully
2	02:21:47.965	Custom indicator Forex Uranus direction [DAX30],M15: loaded successfully
2	02:21:47.972	Custom indicator Quadrilateral [DAX30],M15: loaded successfully
2	02:21:48.041	Custom indicator AIMS AO V.2.1 [DAX30],M15: loaded successfully
2	02:21:48.048	Custom indicator IVT_MACD_ZERO_LAG [DAX30],M15: loaded successfully
2	02:21:48.056	Custom indicator RSI Divergence Levels [DAX30],M15: loaded successfully
2	02:21:48.063	Custom indicator FRZ Forex Market Session Indicator [DAX30],M15: loaded successfully
2	02:21:51.840	Custom indicator AIMS Levels V2 [DAX30],H1: loaded successfully
2	02:21:51.913	Custom indicator AIMS Entry Alert V1 [DAX30],H1: loaded successfully
2	02:21:51.919	Custom indicator CandleTimer [DAX30],H1: loaded successfully
2	02:21:51.991	Custom indicator #Signal_Bars_v6 [DAX30],H1: loaded successfully
2	02:21:51.999	Custom indicator TrendEnvelopes_v1 [DAX30],H1: loaded successfully
2	02:21:52.006	Custom indicator guppy_multiple_moving_averages [DAX30],H1: loaded successfully
2	02:21:52.013	Custom indicator wedges [DAX30],H1: loaded successfully
2	02:21:52.021	Custom indicator Admiral Pivot [DAX30],H1: loaded successfully
2	02:21:52.028	Custom indicator AutoTrendChannel [DAX30],H1: loaded successfully
2	02:21:52.035	Custom indicator FRZ Channel Auto Plotter [DAX30],H1: loaded successfully
2	02:21:52.043	Custom indicator FRZ News Indicator MT4 [DAX30],H1: loaded successfully
2	02:21:52.051	Custom indicator Forex Uranus direction [DAX30],H1: loaded successfully
2	02:21:52.058	Custom indicator Quadrilateral [DAX30],H1: loaded successfully
2	02:21:52.128	Custom indicator AIMS AO V.2.1 [DAX30],H1: loaded successfully
2	02:21:52.135	Custom indicator IVT_MACD_ZERO_LAG [DAX30],H1: loaded successfully
2	02:21:52.142	Custom indicator RSI Divergence Levels [DAX30],H1: loaded successfully
2	02:21:52.150	Custom indicator FRZ Forex Market Session Indicator [DAX30],H1: loaded successfully
2	02:21:53.595	Custom indicator AIMS Levels V2 [DJI30],M1: loaded successfully
2	02:21:53.666	Custom indicator AIMS Entry Alert V1 [DJI30],M1: loaded successfully
2	02:21:53.672	Custom indicator CandleTimer [DJI30],M1: loaded successfully
2	02:21:53.741	Custom indicator #Signal_Bars_v6 [DJI30],M1: loaded successfully
2	02:21:53.748	Custom indicator TrendEnvelopes_v1 [DJI30],M1: loaded successfully
2	02:21:53.755	Custom indicator guppy_multiple_moving_averages [DJI30],M1: loaded successfully
2	02:21:53.762	Custom indicator wedges [DJI30],M1: loaded successfully
2	02:21:53.769	Custom indicator Admiral Pivot [DJI30],M1: loaded successfully
2	02:21:53.776	Custom indicator AutoTrendChannel [DJI30],M1: loaded successfully
2	02:21:53.783	Custom indicator FRZ Channel Auto Plotter [DJI30],M1: loaded successfully
2	02:21:53.791	Custom indicator FRZ News Indicator MT4 [DJI30],M1: loaded successfully
2	02:21:53.798	Custom indicator Forex Uranus direction [DJI30],M1: loaded successfully
2	02:21:53.866	Custom indicator AIMS AO V.2.1 [DJI30],M1: loaded successfully
2	02:21:53.873	Custom indicator IVT_MACD_ZERO_LAG [DJI30],M1: loaded successfully
2	02:21:53.881	Custom indicator RSI Divergence Levels [DJI30],M1: loaded successfully
2	02:21:53.887	Custom indicator FRZ Forex Market Session Indicator [DJI30],M1: loaded successfully
2	02:22:05.183	Custom indicator AIMS Levels V2 [DJI30],M5: loaded successfully
2	02:22:05.254	Custom indicator AIMS Entry Alert V1 [DJI30],M5: loaded successfully
2	02:22:05.260	Custom indicator CandleTimer [DJI30],M5: loaded successfully
2	02:22:05.329	Custom indicator #Signal_Bars_v6 [DJI30],M5: loaded successfully
2	02:22:05.336	Custom indicator TrendEnvelopes_v1 [DJI30],M5: loaded successfully
2	02:22:05.342	Custom indicator guppy_multiple_moving_averages [DJI30],M5: loaded successfully
2	02:22:05.350	Custom indicator wedges [DJI30],M5: loaded successfully
2	02:22:05.357	Custom indicator Admiral Pivot [DJI30],M5: loaded successfully
2	02:22:05.364	Custom indicator AutoTrendChannel [DJI30],M5: loaded successfully
2	02:22:05.371	Custom indicator FRZ Channel Auto Plotter [DJI30],M5: loaded successfully
2	02:22:05.379	Custom indicator FRZ News Indicator MT4 [DJI30],M5: loaded successfully
2	02:22:05.387	Custom indicator Forex Uranus direction [DJI30],M5: loaded successfully
2	02:22:05.394	Custom indicator Quadrilateral [DJI30],M5: loaded successfully
2	02:22:05.463	Custom indicator AIMS AO V.2.1 [DJI30],M5: loaded successfully
2	02:22:05.470	Custom indicator IVT_MACD_ZERO_LAG [DJI30],M5: loaded successfully
2	02:22:05.478	Custom indicator RSI Divergence Levels [DJI30],M5: loaded successfully
2	02:22:05.485	Custom indicator FRZ Forex Market Session Indicator [DJI30],M5: loaded successfully
2	02:22:15.621	Custom indicator AIMS Levels V2 [DJI30],M15: loaded successfully
2	02:22:15.692	Custom indicator AIMS Entry Alert V1 [DJI30],M15: loaded successfully
2	02:22:15.698	Custom indicator CandleTimer [DJI30],M15: loaded successfully
2	02:22:15.768	Custom indicator #Signal_Bars_v6 [DJI30],M15: loaded successfully
2	02:22:15.776	Custom indicator TrendEnvelopes_v1 [DJI30],M15: loaded successfully
2	02:22:15.783	Custom indicator guppy_multiple_moving_averages [DJI30],M15: loaded successfully
2	02:22:15.790	Custom indicator wedges [DJI30],M15: loaded successfully
2	02:22:15.797	Custom indicator Admiral Pivot [DJI30],M15: loaded successfully
2	02:22:15.804	Custom indicator AutoTrendChannel [DJI30],M15: loaded successfully
2	02:22:15.812	Custom indicator FRZ Channel Auto Plotter [DJI30],M15: loaded successfully
2	02:22:15.820	Custom indicator FRZ News Indicator MT4 [DJI30],M15: loaded successfully
2	02:22:15.828	Custom indicator Forex Uranus direction [DJI30],M15: loaded successfully
2	02:22:15.835	Custom indicator Quadrilateral [DJI30],M15: loaded successfully
2	02:22:15.905	Custom indicator AIMS AO V.2.1 [DJI30],M15: loaded successfully
2	02:22:15.912	Custom indicator IVT_MACD_ZERO_LAG [DJI30],M15: loaded successfully
2	02:22:15.920	Custom indicator RSI Divergence Levels [DJI30],M15: loaded successfully
2	02:22:15.927	Custom indicator FRZ Forex Market Session Indicator [DJI30],M15: loaded successfully
2	02:22:19.901	Custom indicator AIMS Levels V2 [DJI30],H1: loaded successfully
2	02:22:19.976	Custom indicator AIMS Entry Alert V1 [DJI30],H1: loaded successfully
2	02:22:19.982	Custom indicator CandleTimer [DJI30],H1: loaded successfully
2	02:22:20.056	Custom indicator #Signal_Bars_v6 [DJI30],H1: loaded successfully
2	02:22:20.063	Custom indicator TrendEnvelopes_v1 [DJI30],H1: loaded successfully
2	02:22:20.070	Custom indicator guppy_multiple_moving_averages [DJI30],H1: loaded successfully
2	02:22:20.078	Custom indicator wedges [DJI30],H1: loaded successfully
2	02:22:20.086	Custom indicator Admiral Pivot [DJI30],H1: loaded successfully
2	02:22:20.093	Custom indicator AutoTrendChannel [DJI30],H1: loaded successfully
2	02:22:20.100	Custom indicator FRZ Channel Auto Plotter [DJI30],H1: loaded successfully
2	02:22:20.108	Custom indicator FRZ News Indicator MT4 [DJI30],H1: loaded successfully
2	02:22:20.115	Custom indicator Forex Uranus direction [DJI30],H1: loaded successfully
2	02:22:20.123	Custom indicator Quadrilateral [DJI30],H1: loaded successfully
2	02:22:20.195	Custom indicator AIMS AO V.2.1 [DJI30],H1: loaded successfully
2	02:22:20.203	Custom indicator IVT_MACD_ZERO_LAG [DJI30],H1: loaded successfully
2	02:22:20.211	Custom indicator RSI Divergence Levels [DJI30],H1: loaded successfully
2	02:22:20.218	Custom indicator FRZ Forex Market Session Indicator [DJI30],H1: loaded successfully
2	02:22:21.671	Custom indicator AIMS Levels V2 [NQ100],M15: loaded successfully
2	02:22:21.743	Custom indicator AIMS Entry Alert V1 [NQ100],M15: loaded successfully
2	02:22:21.749	Custom indicator CandleTimer [NQ100],M15: loaded successfully
2	02:22:21.820	Custom indicator #Signal_Bars_v6 [NQ100],M15: loaded successfully
2	02:22:21.827	Custom indicator TrendEnvelopes_v1 [NQ100],M15: loaded successfully
2	02:22:21.834	Custom indicator guppy_multiple_moving_averages [NQ100],M15: loaded successfully
2	02:22:21.842	Custom indicator wedges [NQ100],M15: loaded successfully
2	02:22:21.850	Custom indicator Admiral Pivot [NQ100],M15: loaded successfully
2	02:22:21.857	Custom indicator AutoTrendChannel [NQ100],M15: loaded successfully
2	02:22:21.866	Custom indicator FRZ Channel Auto Plotter [NQ100],M15: loaded successfully
2	02:22:21.875	Custom indicator FRZ News Indicator MT4 [NQ100],M15: loaded successfully
2	02:22:21.883	Custom indicator Forex Uranus direction [NQ100],M15: loaded successfully
2	02:22:21.891	Custom indicator Quadrilateral [NQ100],M15: loaded successfully
2	02:22:21.963	Custom indicator AIMS AO V.2.1 [NQ100],M15: loaded successfully
2	02:22:21.970	Custom indicator IVT_MACD_ZERO_LAG [NQ100],M15: loaded successfully
2	02:22:21.978	Custom indicator RSI Divergence Levels [NQ100],M15: loaded successfully
2	02:22:21.985	Custom indicator FRZ Forex Market Session Indicator [NQ100],M15: loaded successfully
2	02:22:26.300	Custom indicator AIMS Levels V2 [CAC40],M15: loaded successfully
2	02:22:26.378	Custom indicator AIMS Entry Alert V1 [CAC40],M15: loaded successfully
2	02:22:26.384	Custom indicator CandleTimer [CAC40],M15: loaded successfully
2	02:22:26.458	Custom indicator #Signal_Bars_v6 [CAC40],M15: loaded successfully
2	02:22:26.466	Custom indicator TrendEnvelopes_v1 [CAC40],M15: loaded successfully
2	02:22:26.473	Custom indicator guppy_multiple_moving_averages [CAC40],M15: loaded successfully
2	02:22:26.481	Custom indicator wedges [CAC40],M15: loaded successfully
2	02:22:26.488	Custom indicator Admiral Pivot [CAC40],M15: loaded successfully
2	02:22:26.495	Custom indicator AutoTrendChannel [CAC40],M15: loaded successfully
2	02:22:26.503	Custom indicator FRZ Channel Auto Plotter [CAC40],M15: loaded successfully
2	02:22:26.511	Custom indicator FRZ News Indicator MT4 [CAC40],M15: loaded successfully
2	02:22:26.519	Custom indicator Forex Uranus direction [CAC40],M15: loaded successfully
2	02:22:26.527	Custom indicator Quadrilateral [CAC40],M15: loaded successfully
2	02:22:26.599	Custom indicator AIMS AO V.2.1 [CAC40],M15: loaded successfully
2	02:22:26.606	Custom indicator IVT_MACD_ZERO_LAG [CAC40],M15: loaded successfully
2	02:22:26.613	Custom indicator RSI Divergence Levels [CAC40],M15: loaded successfully
2	02:22:26.621	Custom indicator FRZ Forex Market Session Indicator [CAC40],M15: loaded successfully
2	02:22:29.118	Custom indicator AIMS Levels V2 [SP500],M15: loaded successfully
2	02:22:29.191	Custom indicator AIMS Entry Alert V1 [SP500],M15: loaded successfully
2	02:22:29.198	Custom indicator CandleTimer [SP500],M15: loaded successfully
2	02:22:29.270	Custom indicator #Signal_Bars_v6 [SP500],M15: loaded successfully
2	02:22:29.277	Custom indicator TrendEnvelopes_v1 [SP500],M15: loaded successfully
2	02:22:29.284	Custom indicator guppy_multiple_moving_averages [SP500],M15: loaded successfully
2	02:22:29.291	Custom indicator wedges [SP500],M15: loaded successfully
2	02:22:29.299	Custom indicator Admiral Pivot [SP500],M15: loaded successfully
2	02:22:29.306	Custom indicator AutoTrendChannel [SP500],M15: loaded successfully
2	02:22:29.313	Custom indicator FRZ Channel Auto Plotter [SP500],M15: loaded successfully
2	02:22:29.321	Custom indicator FRZ News Indicator MT4 [SP500],M15: loaded successfully
2	02:22:29.329	Custom indicator Forex Uranus direction [SP500],M15: loaded successfully
2	02:22:29.336	Custom indicator Quadrilateral [SP500],M15: loaded successfully
2	02:22:29.405	Custom indicator AIMS AO V.2.1 [SP500],M15: loaded successfully
2	02:22:29.412	Custom indicator IVT_MACD_ZERO_LAG [SP500],M15: loaded successfully
2	02:22:29.419	Custom indicator RSI Divergence Levels [SP500],M15: loaded successfully
2	02:22:29.426	Custom indicator FRZ Forex Market Session Indicator [SP500],M15: loaded successfully
2	02:22:31.799	Custom indicator AIMS Levels V2 WTI,M15: loaded successfully
2	02:22:31.871	Custom indicator AIMS Entry Alert V1 WTI,M15: loaded successfully
2	02:22:31.877	Custom indicator CandleTimer WTI,M15: loaded successfully
2	02:22:31.946	Custom indicator #Signal_Bars_v6 WTI,M15: loaded successfully
2	02:22:31.953	Custom indicator TrendEnvelopes_v1 WTI,M15: loaded successfully
2	02:22:31.960	Custom indicator guppy_multiple_moving_averages WTI,M15: loaded successfully
2	02:22:31.967	Custom indicator wedges WTI,M15: loaded successfully
2	02:22:31.974	Custom indicator Admiral Pivot WTI,M15: loaded successfully
2	02:22:31.981	Custom indicator AutoTrendChannel WTI,M15: loaded successfully
2	02:22:31.988	Custom indicator FRZ Channel Auto Plotter WTI,M15: loaded successfully
2	02:22:31.997	Custom indicator FRZ News Indicator MT4 WTI,M15: loaded successfully
2	02:22:32.004	Custom indicator Forex Uranus direction WTI,M15: loaded successfully
2	02:22:32.011	Custom indicator Quadrilateral WTI,M15: loaded successfully
2	02:22:32.080	Custom indicator AIMS AO V.2.1 WTI,M15: loaded successfully
2	02:22:32.087	Custom indicator IVT_MACD_ZERO_LAG WTI,M15: loaded successfully
2	02:22:32.094	Custom indicator RSI Divergence Levels WTI,M15: loaded successfully
2	02:22:32.101	Custom indicator FRZ Forex Market Session Indicator WTI,M15: loaded successfully
2	02:22:36.043	Custom indicator AIMS Levels V2 SILVER,M15: loaded successfully
2	02:22:36.114	Custom indicator AIMS Entry Alert V1 SILVER,M15: loaded successfully
2	02:22:36.120	Custom indicator CandleTimer SILVER,M15: loaded successfully
2	02:22:36.190	Custom indicator #Signal_Bars_v6 SILVER,M15: loaded successfully
2	02:22:36.197	Custom indicator TrendEnvelopes_v1 SILVER,M15: loaded successfully
2	02:22:36.204	Custom indicator guppy_multiple_moving_averages SILVER,M15: loaded successfully
2	02:22:36.212	Custom indicator wedges SILVER,M15: loaded successfully
2	02:22:36.219	Custom indicator Admiral Pivot SILVER,M15: loaded successfully
2	02:22:36.226	Custom indicator AutoTrendChannel SILVER,M15: loaded successfully
2	02:22:36.233	Custom indicator FRZ Channel Auto Plotter SILVER,M15: loaded successfully
2	02:22:36.241	Custom indicator FRZ News Indicator MT4 SILVER,M15: loaded successfully
2	02:22:36.249	Custom indicator Forex Uranus direction SILVER,M15: loaded successfully
2	02:22:36.256	Custom indicator Quadrilateral SILVER,M15: loaded successfully
2	02:22:36.326	Custom indicator AIMS AO V.2.1 SILVER,M15: loaded successfully
2	02:22:36.333	Custom indicator IVT_MACD_ZERO_LAG SILVER,M15: loaded successfully
2	02:22:36.341	Custom indicator RSI Divergence Levels SILVER,M15: loaded successfully
2	02:22:36.348	Custom indicator FRZ Forex Market Session Indicator SILVER,M15: loaded successfully
2	02:22:39.930	Custom indicator TitanXpro_Entry2 DE30,M1: loaded successfully
2	02:22:39.939	Custom indicator TitanXpro_Dash DE30,M1: loaded successfully
2	02:22:40.067	Custom indicator AIMS Levels V2 US30,M5: loaded successfully
2	02:22:40.140	Custom indicator AIMS Entry Alert V1 US30,M5: loaded successfully
2	02:22:40.146	Custom indicator CandleTimer US30,M5: loaded successfully
2	02:22:40.217	Custom indicator #Signal_Bars_v6 US30,M5: loaded successfully
2	02:22:40.224	Custom indicator TrendEnvelopes_v1 US30,M5: loaded successfully
2	02:22:40.231	Custom indicator guppy_multiple_moving_averages US30,M5: loaded successfully
2	02:22:40.239	Custom indicator wedges US30,M5: loaded successfully
2	02:22:40.246	Custom indicator Admiral Pivot US30,M5: loaded successfully
2	02:22:40.253	Custom indicator AutoTrendChannel US30,M5: loaded successfully
2	02:22:40.260	Custom indicator FRZ Channel Auto Plotter US30,M5: loaded successfully
2	02:22:40.268	Custom indicator FRZ News Indicator MT4 US30,M5: loaded successfully
2	02:22:40.275	Custom indicator Forex Uranus direction US30,M5: loaded successfully
2	02:22:40.346	Custom indicator AIMS AO V.2.1 US30,M5: loaded successfully
2	02:22:40.353	Custom indicator IVT_MACD_ZERO_LAG US30,M5: loaded successfully
2	02:22:40.361	Custom indicator RSI Divergence Levels US30,M5: loaded successfully
2	02:22:40.368	Custom indicator FRZ Forex Market Session Indicator US30,M5: loaded successfully
2	02:22:40.540	Expert !!Sentinel PAT Scanner-v1.01 EURGBP,H4: loaded successfully
2	02:22:40.625	Custom indicator AIMS Levels V2 EURJPY,H1: loaded successfully
2	02:22:40.695	Custom indicator AIMS Entry Alert V1 EURJPY,H1: loaded successfully
2	02:22:40.701	Custom indicator CandleTimer EURJPY,H1: loaded successfully
2	02:22:40.767	Custom indicator #Signal_Bars_v6 EURJPY,H1: loaded successfully
2	02:22:40.774	Custom indicator TrendEnvelopes_v1 EURJPY,H1: loaded successfully
2	02:22:40.781	Custom indicator guppy_multiple_moving_averages EURJPY,H1: loaded successfully
2	02:22:40.788	Custom indicator wedges EURJPY,H1: loaded successfully
2	02:22:40.795	Custom indicator Admiral Pivot EURJPY,H1: loaded successfully
2	02:22:40.801	Custom indicator AutoTrendChannel EURJPY,H1: loaded successfully
2	02:22:40.808	Custom indicator FRZ Channel Auto Plotter EURJPY,H1: loaded successfully
2	02:22:40.816	Custom indicator FRZ News Indicator MT4 EURJPY,H1: loaded successfully
2	02:22:40.823	Custom indicator Forex Uranus direction EURJPY,H1: loaded successfully
2	02:22:40.831	Custom indicator Quadrilateral EURJPY,H1: loaded successfully
2	02:22:40.899	Custom indicator AIMS AO V.2.1 EURJPY,H1: loaded successfully
2	02:22:40.906	Custom indicator IVT_MACD_ZERO_LAG EURJPY,H1: loaded successfully
2	02:22:40.913	Custom indicator RSI Divergence Levels EURJPY,H1: loaded successfully
2	02:22:40.921	Custom indicator FRZ Forex Market Session Indicator EURJPY,H1: loaded successfully
2	02:22:42.548	Custom indicator AIMS Levels V2 CHFJPY,H1: loaded successfully
2	02:22:42.625	Custom indicator AIMS Entry Alert V1 CHFJPY,H1: loaded successfully
2	02:22:42.631	Custom indicator CandleTimer CHFJPY,H1: loaded successfully
2	02:22:42.703	Custom indicator #Signal_Bars_v6 CHFJPY,H1: loaded successfully
2	02:22:42.711	Custom indicator TrendEnvelopes_v1 CHFJPY,H1: loaded successfully
2	02:22:42.719	Custom indicator guppy_multiple_moving_averages CHFJPY,H1: loaded successfully
2	02:22:42.727	Custom indicator wedges CHFJPY,H1: loaded successfully
2	02:22:42.735	Custom indicator Admiral Pivot CHFJPY,H1: loaded successfully
2	02:22:42.743	Custom indicator AutoTrendChannel CHFJPY,H1: loaded successfully
2	02:22:42.750	Custom indicator FRZ Channel Auto Plotter CHFJPY,H1: loaded successfully
2	02:22:42.759	Custom indicator FRZ News Indicator MT4 CHFJPY,H1: loaded successfully
2	02:22:42.767	Custom indicator Forex Uranus direction CHFJPY,H1: loaded successfully
2	02:22:42.775	Custom indicator Quadrilateral CHFJPY,H1: loaded successfully
2	02:22:42.849	Custom indicator AIMS AO V.2.1 CHFJPY,H1: loaded successfully
2	02:22:42.857	Custom indicator IVT_MACD_ZERO_LAG CHFJPY,H1: loaded successfully
2	02:22:42.866	Custom indicator RSI Divergence Levels CHFJPY,H1: loaded successfully
2	02:22:42.873	Custom indicator FRZ Forex Market Session Indicator CHFJPY,H1: loaded successfully
2	02:22:44.422	Custom indicator AIMS Levels V2 NZDJPY,H1: loaded successfully
2	02:22:44.498	Custom indicator AIMS Entry Alert V1 NZDJPY,H1: loaded successfully
2	02:22:44.505	Custom indicator CandleTimer NZDJPY,H1: loaded successfully
2	02:22:44.581	Custom indicator #Signal_Bars_v6 NZDJPY,H1: loaded successfully
2	02:22:44.589	Custom indicator TrendEnvelopes_v1 NZDJPY,H1: loaded successfully
2	02:22:44.597	Custom indicator guppy_multiple_moving_averages NZDJPY,H1: loaded successfully
2	02:22:44.605	Custom indicator wedges NZDJPY,H1: loaded successfully
2	02:22:44.613	Custom indicator Admiral Pivot NZDJPY,H1: loaded successfully
2	02:22:44.620	Custom indicator AutoTrendChannel NZDJPY,H1: loaded successfully
2	02:22:44.628	Custom indicator FRZ Channel Auto Plotter NZDJPY,H1: loaded successfully
2	02:22:44.637	Custom indicator FRZ News Indicator MT4 NZDJPY,H1: loaded successfully
2	02:22:44.645	Custom indicator Forex Uranus direction NZDJPY,H1: loaded successfully
2	02:22:44.654	Custom indicator Quadrilateral NZDJPY,H1: loaded successfully
2	02:22:44.729	Custom indicator AIMS AO V.2.1 NZDJPY,H1: loaded successfully
2	02:22:44.737	Custom indicator IVT_MACD_ZERO_LAG NZDJPY,H1: loaded successfully
2	02:22:44.745	Custom indicator RSI Divergence Levels NZDJPY,H1: loaded successfully
2	02:22:44.753	Custom indicator FRZ Forex Market Session Indicator NZDJPY,H1: loaded successfully
0	02:22:58.538	'27143750': login on AdmiralMarkets-Live through Access Point #4 (ping: 236.81 ms)
0	02:23:01.551	'27143750': login datacenter on AdmiralMarkets-Live through Access Point #4 (ping: 236.81 ms)
0	02:23:02.252	'27143750': previous successful authorization performed from 154.126.12.82
0	02:23:28.517	'27143750': ping to current access point Access Point #4 is 236.71 ms
0	02:30:13.672	'888339518': login on Tickmill02-Live through Live DC - London 5 (ping: 203.27 ms)
0	02:30:17.086	'888339518': login datacenter on Tickmill02-Live through Live DC - London 5 (ping: 203.27 ms)
0	02:30:17.836	'888339518': previous successful authorization performed from 197.149.31.77
2	02:30:53.673	Custom indicator AIMS Levels V2 EURJPY,H1: removed
2	02:30:53.674	Custom indicator AIMS Entry Alert V1 EURJPY,H1: removed
2	02:30:53.675	Custom indicator CandleTimer EURJPY,H1: removed
2	02:30:53.675	Custom indicator #Signal_Bars_v6 EURJPY,H1: removed
2	02:30:53.676	Custom indicator TrendEnvelopes_v1 EURJPY,H1: removed
2	02:30:53.677	Custom indicator guppy_multiple_moving_averages EURJPY,H1: removed
2	02:30:53.678	Custom indicator wedges EURJPY,H1: removed
2	02:30:53.679	Custom indicator Admiral Pivot EURJPY,H1: removed
2	02:30:53.680	Custom indicator AutoTrendChannel EURJPY,H1: removed
2	02:30:53.681	Custom indicator FRZ Channel Auto Plotter EURJPY,H1: removed
2	02:30:53.683	Custom indicator FRZ News Indicator MT4 EURJPY,H1: removed
2	02:30:53.684	Custom indicator Forex Uranus direction EURJPY,H1: removed
2	02:30:53.685	Custom indicator Quadrilateral EURJPY,H1: removed
2	02:30:53.685	Custom indicator AIMS AO V.2.1 EURJPY,H1: removed
2	02:30:53.686	Custom indicator IVT_MACD_ZERO_LAG EURJPY,H1: removed
2	02:30:53.687	Custom indicator RSI Divergence Levels EURJPY,H1: removed
2	02:30:53.688	Custom indicator FRZ Forex Market Session Indicator EURJPY,H1: removed
1	02:30:55.290	'888339518': datacenter connecting failed [6]
0	02:30:56.104	'888339518': login on Tickmill02-Live through Live DC - London 7 (ping: 208.46 ms)
0	02:30:58.434	'888339518': login datacenter on Tickmill02-Live through Live DC - London 7 (ping: 208.46 ms)
0	02:31:06.863	'888339518': previous successful authorization performed from 154.126.11.13
2	02:31:27.030	Custom indicator AIMS Levels V2 EURGBP,H1: loaded successfully
2	02:31:27.100	Custom indicator AIMS Entry Alert V1 EURGBP,H1: loaded successfully
2	02:31:27.107	Custom indicator CandleTimer EURGBP,H1: loaded successfully
2	02:31:27.168	Custom indicator #Signal_Bars_v6 EURGBP,H1: loaded successfully
2	02:31:27.177	Custom indicator TrendEnvelopes_v1 EURGBP,H1: loaded successfully
2	02:31:27.183	Custom indicator guppy_multiple_moving_averages EURGBP,H1: loaded successfully
2	02:31:27.191	Custom indicator wedges EURGBP,H1: loaded successfully
2	02:31:27.199	Custom indicator Admiral Pivot EURGBP,H1: loaded successfully
2	02:31:27.206	Custom indicator AutoTrendChannel EURGBP,H1: loaded successfully
2	02:31:27.213	Custom indicator FRZ Channel Auto Plotter EURGBP,H1: loaded successfully
2	02:31:27.223	Custom indicator FRZ News Indicator MT4 EURGBP,H1: loaded successfully
2	02:31:27.231	Custom indicator Forex Uranus direction EURGBP,H1: loaded successfully
2	02:31:27.239	Custom indicator Quadrilateral EURGBP,H1: loaded successfully
2	02:31:27.303	Custom indicator AIMS AO V.2.1 EURGBP,H1: loaded successfully
2	02:31:27.312	Custom indicator IVT_MACD_ZERO_LAG EURGBP,H1: loaded successfully
2	02:31:27.321	Custom indicator RSI Divergence Levels EURGBP,H1: loaded successfully
2	02:31:27.330	Custom indicator FRZ Forex Market Session Indicator EURGBP,H1: loaded successfully
