0	21:41:23.832	Admiral Markets build 1320 started (Admiral Markets Group AS)
0	21:41:23.833	Windows 10 Pro x64, IE 11, UAC, 8 x Intel Core i7-10510U  @ 1.80GHz, Memory: 370 / 8014 Mb, Disk: 11 / 237 Gb, GMT+3
0	21:41:23.833	Data Folder: C:\Users\SRIE\AppData\Roaming\MetaQuotes\Terminal\51337600F56B69473E15EAFB8A7586B4
2	21:41:31.725	Custom indicator AIMS Levels V2 US30Cash,M15: loaded successfully
2	21:41:31.810	Custom indicator AIMS Entry Alert V1 US30Cash,M15: loaded successfully
2	21:41:31.818	Custom indicator CandleTimer US30Cash,M15: loaded successfully
2	21:41:31.898	Custom indicator #Signal_Bars_v6 US30Cash,M15: loaded successfully
2	21:41:31.906	Custom indicator TrendEnvelopes_v1 US30Cash,M15: loaded successfully
2	21:41:31.937	Custom indicator guppy_multiple_moving_averages US30Cash,M15: loaded successfully
2	21:41:31.949	Custom indicator wedges US30Cash,M15: loaded successfully
2	21:41:31.964	Custom indicator Admiral Pivot US30Cash,M15: loaded successfully
2	21:41:31.973	Custom indicator AutoTrendChannel US30Cash,M15: loaded successfully
2	21:41:31.981	Custom indicator FRZ Channel Auto Plotter US30Cash,M15: loaded successfully
2	21:41:31.992	Custom indicator FRZ News Indicator MT4 US30Cash,M15: loaded successfully
2	21:41:32.000	Custom indicator Forex Uranus direction US30Cash,M15: loaded successfully
2	21:41:32.008	Custom indicator Quadrilateral US30Cash,M15: loaded successfully
2	21:41:32.085	Custom indicator AIMS AO V.2.1 US30Cash,M15: loaded successfully
2	21:41:32.094	Custom indicator IVT_MACD_ZERO_LAG US30Cash,M15: loaded successfully
2	21:41:32.102	Custom indicator RSI Divergence Levels US30Cash,M15: loaded successfully
2	21:41:32.112	Custom indicator JoeChalhoub_FXForecasterV1 US30Cash,M15: loaded successfully
2	21:41:32.121	Custom indicator TDI-With_Alerts US30Cash,M15: loaded successfully
2	21:41:32.128	Custom indicator FRZ Forex Market Session Indicator US30Cash,M15: loaded successfully
2	21:41:35.353	Custom indicator AIMS Levels V2 GOLDmicro,H1: loaded successfully
2	21:41:35.453	Custom indicator AIMS Entry Alert V1 GOLDmicro,H1: loaded successfully
2	21:41:35.461	Custom indicator CandleTimer GOLDmicro,H1: loaded successfully
2	21:41:35.563	Custom indicator #Signal_Bars_v6 GOLDmicro,H1: loaded successfully
2	21:41:35.573	Custom indicator TrendEnvelopes_v1 GOLDmicro,H1: loaded successfully
2	21:41:35.583	Custom indicator guppy_multiple_moving_averages GOLDmicro,H1: loaded successfully
2	21:41:35.593	Custom indicator wedges GOLDmicro,H1: loaded successfully
2	21:41:35.603	Custom indicator Admiral Pivot GOLDmicro,H1: loaded successfully
2	21:41:35.613	Custom indicator AutoTrendChannel GOLDmicro,H1: loaded successfully
2	21:41:35.623	Custom indicator FRZ Channel Auto Plotter GOLDmicro,H1: loaded successfully
2	21:41:35.635	Custom indicator FRZ News Indicator MT4 GOLDmicro,H1: loaded successfully
2	21:41:35.646	Custom indicator Forex Uranus direction GOLDmicro,H1: loaded successfully
2	21:41:35.657	Custom indicator Quadrilateral GOLDmicro,H1: loaded successfully
2	21:41:35.763	Custom indicator AIMS AO V.2.1 GOLDmicro,H1: loaded successfully
2	21:41:35.773	Custom indicator IVT_MACD_ZERO_LAG GOLDmicro,H1: loaded successfully
2	21:41:35.785	Custom indicator RSI Divergence Levels GOLDmicro,H1: loaded successfully
2	21:41:35.796	Custom indicator FRZ Forex Market Session Indicator GOLDmicro,H1: loaded successfully
0	21:41:41.368	'32195194': login on XMGlobal-Real 22 through REAL22 - DC01 (ping: 234.18 ms)
0	21:41:45.297	'32195194': login datacenter on XMGlobal-Real 22 through REAL22 - DC01 (ping: 234.18 ms)
0	21:41:46.034	'32195194': previous successful authorization performed from 154.126.112.186
0	21:41:53.056	'32195194': ping to current access point REAL22 - DC01 is 219.79 ms
1	21:42:27.063	'27153390': connect failed [Compte invalide]
0	21:43:22.892	'27153390': login on AdmiralMarkets-Live through Access Point #9 (ping: 523.51 ms)
0	21:43:24.665	'27153390': login datacenter on AdmiralMarkets-Live through Access Point #9 (ping: 523.51 ms)
0	21:43:25.193	'27153390': previous successful authorization performed from 154.126.12.80
2	21:43:37.291	Custom indicator AIMS Levels V2 GOLDmicro,H1: removed
2	21:43:37.291	Custom indicator AIMS Entry Alert V1 GOLDmicro,H1: removed
2	21:43:37.293	Custom indicator CandleTimer GOLDmicro,H1: removed
2	21:43:37.293	Custom indicator #Signal_Bars_v6 GOLDmicro,H1: removed
2	21:43:37.294	Custom indicator TrendEnvelopes_v1 GOLDmicro,H1: removed
2	21:43:37.295	Custom indicator guppy_multiple_moving_averages GOLDmicro,H1: removed
2	21:43:37.296	Custom indicator wedges GOLDmicro,H1: removed
2	21:43:37.297	Custom indicator Admiral Pivot GOLDmicro,H1: removed
2	21:43:37.298	Custom indicator AutoTrendChannel GOLDmicro,H1: removed
2	21:43:37.300	Custom indicator FRZ Channel Auto Plotter GOLDmicro,H1: removed
2	21:43:37.301	Custom indicator FRZ News Indicator MT4 GOLDmicro,H1: removed
2	21:43:37.302	Custom indicator Forex Uranus direction GOLDmicro,H1: removed
2	21:43:37.303	Custom indicator Quadrilateral GOLDmicro,H1: removed
2	21:43:37.303	Custom indicator AIMS AO V.2.1 GOLDmicro,H1: removed
2	21:43:37.304	Custom indicator IVT_MACD_ZERO_LAG GOLDmicro,H1: removed
2	21:43:37.305	Custom indicator RSI Divergence Levels GOLDmicro,H1: removed
2	21:43:37.307	Custom indicator FRZ Forex Market Session Indicator GOLDmicro,H1: removed
2	21:43:37.315	Custom indicator AIMS Levels V2 US30Cash,M15: removed
2	21:43:37.315	Custom indicator AIMS Entry Alert V1 US30Cash,M15: removed
2	21:43:37.315	Custom indicator CandleTimer US30Cash,M15: removed
2	21:43:37.315	Custom indicator #Signal_Bars_v6 US30Cash,M15: removed
2	21:43:37.316	Custom indicator TrendEnvelopes_v1 US30Cash,M15: removed
2	21:43:37.318	Custom indicator guppy_multiple_moving_averages US30Cash,M15: removed
2	21:43:37.319	Custom indicator wedges US30Cash,M15: removed
2	21:43:37.320	Custom indicator Admiral Pivot US30Cash,M15: removed
2	21:43:37.321	Custom indicator AutoTrendChannel US30Cash,M15: removed
2	21:43:37.322	Custom indicator FRZ Channel Auto Plotter US30Cash,M15: removed
2	21:43:37.324	Custom indicator FRZ News Indicator MT4 US30Cash,M15: removed
2	21:43:37.325	Custom indicator Forex Uranus direction US30Cash,M15: removed
2	21:43:37.326	Custom indicator Quadrilateral US30Cash,M15: removed
2	21:43:37.326	Custom indicator AIMS AO V.2.1 US30Cash,M15: removed
2	21:43:37.327	Custom indicator IVT_MACD_ZERO_LAG US30Cash,M15: removed
2	21:43:37.328	Custom indicator RSI Divergence Levels US30Cash,M15: removed
2	21:43:37.329	Custom indicator JoeChalhoub_FXForecasterV1 US30Cash,M15: removed
2	21:43:37.331	Custom indicator TDI-With_Alerts US30Cash,M15: removed
2	21:43:37.332	Custom indicator FRZ Forex Market Session Indicator US30Cash,M15: removed
2	21:43:37.412	Custom indicator AIMS Levels V2 [DAX30],M1: loaded successfully
2	21:43:37.488	Custom indicator AIMS Entry Alert V1 [DAX30],M1: loaded successfully
2	21:43:37.495	Custom indicator CandleTimer [DAX30],M1: loaded successfully
2	21:43:37.572	Custom indicator #Signal_Bars_v6 [DAX30],M1: loaded successfully
2	21:43:37.581	Custom indicator TrendEnvelopes_v1 [DAX30],M1: loaded successfully
2	21:43:37.589	Custom indicator guppy_multiple_moving_averages [DAX30],M1: loaded successfully
2	21:43:37.598	Custom indicator wedges [DAX30],M1: loaded successfully
2	21:43:37.606	Custom indicator Admiral Pivot [DAX30],M1: loaded successfully
2	21:43:37.614	Custom indicator AutoTrendChannel [DAX30],M1: loaded successfully
2	21:43:37.623	Custom indicator FRZ Channel Auto Plotter [DAX30],M1: loaded successfully
2	21:43:37.633	Custom indicator FRZ News Indicator MT4 [DAX30],M1: loaded successfully
2	21:43:37.642	Custom indicator Forex Uranus direction [DAX30],M1: loaded successfully
2	21:43:37.721	Custom indicator AIMS AO V.2.1 [DAX30],M1: loaded successfully
2	21:43:37.728	Custom indicator IVT_MACD_ZERO_LAG [DAX30],M1: loaded successfully
2	21:43:37.737	Custom indicator RSI Divergence Levels [DAX30],M1: loaded successfully
2	21:43:37.746	Custom indicator FRZ Forex Market Session Indicator [DAX30],M1: loaded successfully
0	21:43:43.031	'27153390': auto connecting to a better access point Access Point #6 (ping is 213.51 ms)
0	21:43:43.903	'27153390': login on AdmiralMarkets-Live through Access Point #6 (ping: 213.51 ms)
0	21:43:45.574	'27153390': login datacenter on AdmiralMarkets-Live through Access Point #6 (ping: 213.51 ms)
0	21:43:46.160	'27153390': previous successful authorization performed from 197.149.50.101
2	21:43:50.404	Custom indicator AIMS Levels V2 [DAX30],M5: loaded successfully
2	21:43:50.488	Custom indicator AIMS Entry Alert V1 [DAX30],M5: loaded successfully
2	21:43:50.495	Custom indicator CandleTimer [DAX30],M5: loaded successfully
2	21:43:50.577	Custom indicator #Signal_Bars_v6 [DAX30],M5: loaded successfully
2	21:43:50.585	Custom indicator TrendEnvelopes_v1 [DAX30],M5: loaded successfully
2	21:43:50.593	Custom indicator guppy_multiple_moving_averages [DAX30],M5: loaded successfully
2	21:43:50.602	Custom indicator wedges [DAX30],M5: loaded successfully
2	21:43:50.610	Custom indicator Admiral Pivot [DAX30],M5: loaded successfully
2	21:43:50.618	Custom indicator AutoTrendChannel [DAX30],M5: loaded successfully
2	21:43:50.626	Custom indicator FRZ Channel Auto Plotter [DAX30],M5: loaded successfully
2	21:43:50.636	Custom indicator FRZ News Indicator MT4 [DAX30],M5: loaded successfully
2	21:43:50.645	Custom indicator Forex Uranus direction [DAX30],M5: loaded successfully
2	21:43:50.723	Custom indicator AIMS AO V.2.1 [DAX30],M5: loaded successfully
2	21:43:50.732	Custom indicator IVT_MACD_ZERO_LAG [DAX30],M5: loaded successfully
2	21:43:50.739	Custom indicator RSI Divergence Levels [DAX30],M5: loaded successfully
2	21:43:50.748	Custom indicator FRZ Forex Market Session Indicator [DAX30],M5: loaded successfully
2	21:44:03.094	Custom indicator AIMS Levels V2 [DAX30],M15: loaded successfully
2	21:44:03.175	Custom indicator AIMS Entry Alert V1 [DAX30],M15: loaded successfully
2	21:44:03.182	Custom indicator CandleTimer [DAX30],M15: loaded successfully
2	21:44:03.259	Custom indicator #Signal_Bars_v6 [DAX30],M15: loaded successfully
2	21:44:03.267	Custom indicator TrendEnvelopes_v1 [DAX30],M15: loaded successfully
2	21:44:03.275	Custom indicator guppy_multiple_moving_averages [DAX30],M15: loaded successfully
2	21:44:03.284	Custom indicator wedges [DAX30],M15: loaded successfully
2	21:44:03.291	Custom indicator Admiral Pivot [DAX30],M15: loaded successfully
2	21:44:03.299	Custom indicator AutoTrendChannel [DAX30],M15: loaded successfully
2	21:44:03.307	Custom indicator FRZ Channel Auto Plotter [DAX30],M15: loaded successfully
2	21:44:03.316	Custom indicator FRZ News Indicator MT4 [DAX30],M15: loaded successfully
2	21:44:03.326	Custom indicator Forex Uranus direction [DAX30],M15: loaded successfully
2	21:44:03.405	Custom indicator AIMS AO V.2.1 [DAX30],M15: loaded successfully
2	21:44:03.413	Custom indicator IVT_MACD_ZERO_LAG [DAX30],M15: loaded successfully
2	21:44:03.421	Custom indicator RSI Divergence Levels [DAX30],M15: loaded successfully
2	21:44:03.428	Custom indicator FRZ Forex Market Session Indicator [DAX30],M15: loaded successfully
2	21:44:08.641	Custom indicator AIMS Levels V2 [DAX30],H1: loaded successfully
2	21:44:08.732	Custom indicator AIMS Entry Alert V1 [DAX30],H1: loaded successfully
2	21:44:08.740	Custom indicator CandleTimer [DAX30],H1: loaded successfully
2	21:44:08.826	Custom indicator #Signal_Bars_v6 [DAX30],H1: loaded successfully
2	21:44:08.835	Custom indicator TrendEnvelopes_v1 [DAX30],H1: loaded successfully
2	21:44:08.843	Custom indicator guppy_multiple_moving_averages [DAX30],H1: loaded successfully
2	21:44:08.853	Custom indicator wedges [DAX30],H1: loaded successfully
2	21:44:08.861	Custom indicator Admiral Pivot [DAX30],H1: loaded successfully
2	21:44:08.870	Custom indicator AutoTrendChannel [DAX30],H1: loaded successfully
2	21:44:08.878	Custom indicator FRZ Channel Auto Plotter [DAX30],H1: loaded successfully
2	21:44:08.889	Custom indicator FRZ News Indicator MT4 [DAX30],H1: loaded successfully
2	21:44:08.898	Custom indicator Forex Uranus direction [DAX30],H1: loaded successfully
2	21:44:08.981	Custom indicator AIMS AO V.2.1 [DAX30],H1: loaded successfully
2	21:44:08.990	Custom indicator IVT_MACD_ZERO_LAG [DAX30],H1: loaded successfully
2	21:44:08.998	Custom indicator RSI Divergence Levels [DAX30],H1: loaded successfully
2	21:44:09.007	Custom indicator FRZ Forex Market Session Indicator [DAX30],H1: loaded successfully
2	21:44:10.745	Custom indicator AIMS Levels V2 [DJI30],M1: loaded successfully
2	21:44:10.826	Custom indicator AIMS Entry Alert V1 [DJI30],M1: loaded successfully
2	21:44:10.833	Custom indicator CandleTimer [DJI30],M1: loaded successfully
2	21:44:10.912	Custom indicator #Signal_Bars_v6 [DJI30],M1: loaded successfully
2	21:44:10.921	Custom indicator TrendEnvelopes_v1 [DJI30],M1: loaded successfully
2	21:44:10.929	Custom indicator guppy_multiple_moving_averages [DJI30],M1: loaded successfully
2	21:44:10.937	Custom indicator wedges [DJI30],M1: loaded successfully
2	21:44:10.946	Custom indicator Admiral Pivot [DJI30],M1: loaded successfully
2	21:44:10.953	Custom indicator AutoTrendChannel [DJI30],M1: loaded successfully
2	21:44:10.961	Custom indicator FRZ Channel Auto Plotter [DJI30],M1: loaded successfully
2	21:44:10.970	Custom indicator FRZ News Indicator MT4 [DJI30],M1: loaded successfully
2	21:44:10.979	Custom indicator Forex Uranus direction [DJI30],M1: loaded successfully
2	21:44:11.059	Custom indicator AIMS AO V.2.1 [DJI30],M1: loaded successfully
2	21:44:11.067	Custom indicator IVT_MACD_ZERO_LAG [DJI30],M1: loaded successfully
2	21:44:11.076	Custom indicator RSI Divergence Levels [DJI30],M1: loaded successfully
2	21:44:11.084	Custom indicator FRZ Forex Market Session Indicator [DJI30],M1: loaded successfully
2	21:44:23.490	Custom indicator AIMS Levels V2 [DJI30],M5: loaded successfully
2	21:44:23.571	Custom indicator AIMS Entry Alert V1 [DJI30],M5: loaded successfully
2	21:44:23.578	Custom indicator CandleTimer [DJI30],M5: loaded successfully
2	21:44:23.655	Custom indicator #Signal_Bars_v6 [DJI30],M5: loaded successfully
2	21:44:23.663	Custom indicator TrendEnvelopes_v1 [DJI30],M5: loaded successfully
2	21:44:23.671	Custom indicator guppy_multiple_moving_averages [DJI30],M5: loaded successfully
2	21:44:23.680	Custom indicator wedges [DJI30],M5: loaded successfully
2	21:44:23.687	Custom indicator Admiral Pivot [DJI30],M5: loaded successfully
2	21:44:23.695	Custom indicator AutoTrendChannel [DJI30],M5: loaded successfully
2	21:44:23.703	Custom indicator FRZ Channel Auto Plotter [DJI30],M5: loaded successfully
2	21:44:23.713	Custom indicator FRZ News Indicator MT4 [DJI30],M5: loaded successfully
2	21:44:23.721	Custom indicator Forex Uranus direction [DJI30],M5: loaded successfully
2	21:44:23.797	Custom indicator AIMS AO V.2.1 [DJI30],M5: loaded successfully
2	21:44:23.805	Custom indicator IVT_MACD_ZERO_LAG [DJI30],M5: loaded successfully
2	21:44:23.814	Custom indicator RSI Divergence Levels [DJI30],M5: loaded successfully
2	21:44:23.822	Custom indicator FRZ Forex Market Session Indicator [DJI30],M5: loaded successfully
2	21:44:36.683	Custom indicator AIMS Levels V2 [DJI30],M15: loaded successfully
2	21:44:36.781	Custom indicator AIMS Entry Alert V1 [DJI30],M15: loaded successfully
2	21:44:36.789	Custom indicator CandleTimer [DJI30],M15: loaded successfully
2	21:44:36.885	Custom indicator #Signal_Bars_v6 [DJI30],M15: loaded successfully
2	21:44:36.896	Custom indicator TrendEnvelopes_v1 [DJI30],M15: loaded successfully
2	21:44:36.905	Custom indicator guppy_multiple_moving_averages [DJI30],M15: loaded successfully
2	21:44:36.915	Custom indicator wedges [DJI30],M15: loaded successfully
2	21:44:36.926	Custom indicator Admiral Pivot [DJI30],M15: loaded successfully
2	21:44:36.936	Custom indicator AutoTrendChannel [DJI30],M15: loaded successfully
2	21:44:36.954	Custom indicator FRZ Channel Auto Plotter [DJI30],M15: loaded successfully
2	21:44:36.966	Custom indicator FRZ News Indicator MT4 [DJI30],M15: loaded successfully
2	21:44:36.976	Custom indicator Forex Uranus direction [DJI30],M15: loaded successfully
2	21:44:37.074	Custom indicator AIMS AO V.2.1 [DJI30],M15: loaded successfully
2	21:44:37.084	Custom indicator IVT_MACD_ZERO_LAG [DJI30],M15: loaded successfully
2	21:44:37.096	Custom indicator RSI Divergence Levels [DJI30],M15: loaded successfully
2	21:44:37.106	Custom indicator FRZ Forex Market Session Indicator [DJI30],M15: loaded successfully
2	21:44:42.061	Custom indicator AIMS Levels V2 [DJI30],H1: loaded successfully
2	21:44:42.145	Custom indicator AIMS Entry Alert V1 [DJI30],H1: loaded successfully
2	21:44:42.152	Custom indicator CandleTimer [DJI30],H1: loaded successfully
2	21:44:42.232	Custom indicator #Signal_Bars_v6 [DJI30],H1: loaded successfully
2	21:44:42.241	Custom indicator TrendEnvelopes_v1 [DJI30],H1: loaded successfully
2	21:44:42.248	Custom indicator guppy_multiple_moving_averages [DJI30],H1: loaded successfully
2	21:44:42.256	Custom indicator wedges [DJI30],H1: loaded successfully
2	21:44:42.264	Custom indicator Admiral Pivot [DJI30],H1: loaded successfully
2	21:44:42.272	Custom indicator AutoTrendChannel [DJI30],H1: loaded successfully
2	21:44:42.280	Custom indicator FRZ Channel Auto Plotter [DJI30],H1: loaded successfully
2	21:44:42.290	Custom indicator FRZ News Indicator MT4 [DJI30],H1: loaded successfully
2	21:44:42.298	Custom indicator Forex Uranus direction [DJI30],H1: loaded successfully
2	21:44:42.376	Custom indicator AIMS AO V.2.1 [DJI30],H1: loaded successfully
2	21:44:42.383	Custom indicator IVT_MACD_ZERO_LAG [DJI30],H1: loaded successfully
2	21:44:42.392	Custom indicator RSI Divergence Levels [DJI30],H1: loaded successfully
2	21:44:42.399	Custom indicator FRZ Forex Market Session Indicator [DJI30],H1: loaded successfully
2	21:44:44.296	Custom indicator AIMS Levels V2 [NQ100],M15: loaded successfully
2	21:44:44.383	Custom indicator AIMS Entry Alert V1 [NQ100],M15: loaded successfully
2	21:44:44.391	Custom indicator CandleTimer [NQ100],M15: loaded successfully
2	21:44:44.473	Custom indicator #Signal_Bars_v6 [NQ100],M15: loaded successfully
2	21:44:44.481	Custom indicator TrendEnvelopes_v1 [NQ100],M15: loaded successfully
2	21:44:44.489	Custom indicator guppy_multiple_moving_averages [NQ100],M15: loaded successfully
2	21:44:44.498	Custom indicator wedges [NQ100],M15: loaded successfully
2	21:44:44.506	Custom indicator Admiral Pivot [NQ100],M15: loaded successfully
2	21:44:44.515	Custom indicator AutoTrendChannel [NQ100],M15: loaded successfully
2	21:44:44.523	Custom indicator FRZ Channel Auto Plotter [NQ100],M15: loaded successfully
2	21:44:44.533	Custom indicator FRZ News Indicator MT4 [NQ100],M15: loaded successfully
2	21:44:44.542	Custom indicator Forex Uranus direction [NQ100],M15: loaded successfully
2	21:44:44.621	Custom indicator AIMS AO V.2.1 [NQ100],M15: loaded successfully
2	21:44:44.629	Custom indicator IVT_MACD_ZERO_LAG [NQ100],M15: loaded successfully
2	21:44:44.715	Custom indicator RSI Divergence Levels [NQ100],M15: loaded successfully
2	21:44:44.723	Custom indicator FRZ Forex Market Session Indicator [NQ100],M15: loaded successfully
2	21:44:49.437	Custom indicator AIMS Levels V2 [CAC40],M15: loaded successfully
2	21:44:49.519	Custom indicator AIMS Entry Alert V1 [CAC40],M15: loaded successfully
2	21:44:49.526	Custom indicator CandleTimer [CAC40],M15: loaded successfully
2	21:44:49.607	Custom indicator #Signal_Bars_v6 [CAC40],M15: loaded successfully
2	21:44:49.618	Custom indicator TrendEnvelopes_v1 [CAC40],M15: loaded successfully
2	21:44:49.629	Custom indicator guppy_multiple_moving_averages [CAC40],M15: loaded successfully
2	21:44:49.639	Custom indicator wedges [CAC40],M15: loaded successfully
2	21:44:49.650	Custom indicator Admiral Pivot [CAC40],M15: loaded successfully
2	21:44:49.660	Custom indicator AutoTrendChannel [CAC40],M15: loaded successfully
2	21:44:49.671	Custom indicator FRZ Channel Auto Plotter [CAC40],M15: loaded successfully
2	21:44:49.683	Custom indicator FRZ News Indicator MT4 [CAC40],M15: loaded successfully
2	21:44:49.731	Custom indicator Forex Uranus direction [CAC40],M15: loaded successfully
2	21:44:49.814	Custom indicator AIMS AO V.2.1 [CAC40],M15: loaded successfully
2	21:44:49.823	Custom indicator IVT_MACD_ZERO_LAG [CAC40],M15: loaded successfully
2	21:44:49.832	Custom indicator RSI Divergence Levels [CAC40],M15: loaded successfully
2	21:44:49.839	Custom indicator FRZ Forex Market Session Indicator [CAC40],M15: loaded successfully
2	21:44:53.019	Custom indicator AIMS Levels V2 [SP500],M15: loaded successfully
2	21:44:53.108	Custom indicator AIMS Entry Alert V1 [SP500],M15: loaded successfully
2	21:44:53.115	Custom indicator CandleTimer [SP500],M15: loaded successfully
2	21:44:53.198	Custom indicator #Signal_Bars_v6 [SP500],M15: loaded successfully
2	21:44:53.207	Custom indicator TrendEnvelopes_v1 [SP500],M15: loaded successfully
2	21:44:53.214	Custom indicator guppy_multiple_moving_averages [SP500],M15: loaded successfully
2	21:44:53.223	Custom indicator wedges [SP500],M15: loaded successfully
2	21:44:53.250	Custom indicator Admiral Pivot [SP500],M15: loaded successfully
2	21:44:53.259	Custom indicator AutoTrendChannel [SP500],M15: loaded successfully
2	21:44:53.292	Custom indicator FRZ Channel Auto Plotter [SP500],M15: loaded successfully
2	21:44:53.302	Custom indicator FRZ News Indicator MT4 [SP500],M15: loaded successfully
2	21:44:53.310	Custom indicator Forex Uranus direction [SP500],M15: loaded successfully
2	21:44:53.388	Custom indicator AIMS AO V.2.1 [SP500],M15: loaded successfully
2	21:44:53.396	Custom indicator IVT_MACD_ZERO_LAG [SP500],M15: loaded successfully
2	21:44:53.404	Custom indicator RSI Divergence Levels [SP500],M15: loaded successfully
2	21:44:53.412	Custom indicator FRZ Forex Market Session Indicator [SP500],M15: loaded successfully
2	21:44:56.327	Custom indicator AIMS Levels V2 WTI,M15: loaded successfully
2	21:44:56.410	Custom indicator AIMS Entry Alert V1 WTI,M15: loaded successfully
2	21:44:56.417	Custom indicator CandleTimer WTI,M15: loaded successfully
2	21:44:56.498	Custom indicator #Signal_Bars_v6 WTI,M15: loaded successfully
2	21:44:56.507	Custom indicator TrendEnvelopes_v1 WTI,M15: loaded successfully
2	21:44:56.515	Custom indicator guppy_multiple_moving_averages WTI,M15: loaded successfully
2	21:44:56.523	Custom indicator wedges WTI,M15: loaded successfully
2	21:44:56.531	Custom indicator Admiral Pivot WTI,M15: loaded successfully
2	21:44:56.541	Custom indicator AutoTrendChannel WTI,M15: loaded successfully
2	21:44:56.550	Custom indicator FRZ Channel Auto Plotter WTI,M15: loaded successfully
2	21:44:56.559	Custom indicator FRZ News Indicator MT4 WTI,M15: loaded successfully
2	21:44:56.568	Custom indicator Forex Uranus direction WTI,M15: loaded successfully
2	21:44:56.648	Custom indicator AIMS AO V.2.1 WTI,M15: loaded successfully
2	21:44:56.656	Custom indicator IVT_MACD_ZERO_LAG WTI,M15: loaded successfully
2	21:44:56.665	Custom indicator RSI Divergence Levels WTI,M15: loaded successfully
2	21:44:56.674	Custom indicator FRZ Forex Market Session Indicator WTI,M15: loaded successfully
2	21:45:01.608	Custom indicator AIMS Levels V2 GOLD,M15: loaded successfully
2	21:45:01.689	Custom indicator AIMS Entry Alert V1 GOLD,M15: loaded successfully
2	21:45:01.695	Custom indicator CandleTimer GOLD,M15: loaded successfully
2	21:45:01.774	Custom indicator #Signal_Bars_v6 GOLD,M15: loaded successfully
2	21:45:01.782	Custom indicator TrendEnvelopes_v1 GOLD,M15: loaded successfully
2	21:45:01.790	Custom indicator guppy_multiple_moving_averages GOLD,M15: loaded successfully
2	21:45:01.798	Custom indicator wedges GOLD,M15: loaded successfully
2	21:45:01.806	Custom indicator Admiral Pivot GOLD,M15: loaded successfully
2	21:45:01.813	Custom indicator AutoTrendChannel GOLD,M15: loaded successfully
2	21:45:01.821	Custom indicator FRZ Channel Auto Plotter GOLD,M15: loaded successfully
2	21:45:01.830	Custom indicator FRZ News Indicator MT4 GOLD,M15: loaded successfully
2	21:45:01.839	Custom indicator Forex Uranus direction GOLD,M15: loaded successfully
2	21:45:01.927	Custom indicator AIMS AO V.2.1 GOLD,M15: loaded successfully
2	21:45:01.937	Custom indicator IVT_MACD_ZERO_LAG GOLD,M15: loaded successfully
2	21:45:01.949	Custom indicator RSI Divergence Levels GOLD,M15: loaded successfully
2	21:45:01.960	Custom indicator FRZ Forex Market Session Indicator GOLD,M15: loaded successfully
2	21:51:45.363	Custom indicator AIMS Levels V2 AUDUSD,H1: loaded successfully
2	21:51:45.431	Custom indicator AIMS Entry Alert V1 AUDUSD,H1: loaded successfully
2	21:51:45.437	Custom indicator CandleTimer AUDUSD,H1: loaded successfully
2	21:51:45.503	Custom indicator #Signal_Bars_v6 AUDUSD,H1: loaded successfully
2	21:51:45.511	Custom indicator TrendEnvelopes_v1 AUDUSD,H1: loaded successfully
2	21:51:45.518	Custom indicator guppy_multiple_moving_averages AUDUSD,H1: loaded successfully
2	21:51:45.524	Custom indicator wedges AUDUSD,H1: loaded successfully
2	21:51:45.532	Custom indicator Admiral Pivot AUDUSD,H1: loaded successfully
2	21:51:45.539	Custom indicator AutoTrendChannel AUDUSD,H1: loaded successfully
2	21:51:45.547	Custom indicator FRZ Channel Auto Plotter AUDUSD,H1: loaded successfully
2	21:51:45.556	Custom indicator FRZ News Indicator MT4 AUDUSD,H1: loaded successfully
2	21:51:45.575	Custom indicator Forex Uranus direction AUDUSD,H1: loaded successfully
2	21:51:45.648	Custom indicator Quadrilateral AUDUSD,H1: loaded successfully
2	21:51:45.714	Custom indicator AIMS AO V.2.1 AUDUSD,H1: loaded successfully
2	21:51:45.721	Custom indicator IVT_MACD_ZERO_LAG AUDUSD,H1: loaded successfully
2	21:51:45.728	Custom indicator RSI Divergence Levels AUDUSD,H1: loaded successfully
2	21:51:45.736	Custom indicator FRZ Forex Market Session Indicator AUDUSD,H1: loaded successfully
2	21:55:13.118	Expert Admiral - Mini Terminal AUDUSD,H4: loaded successfully
0	21:59:03.486	'27153390': pending order sell stop 0.01 AUDUSD at 0.77000 sl: 0.00000 tp: 0.76870
1	21:59:03.875	'27153390': order sell stop 0.01 AUDUSD opening at 0.77000 sl: 0.00000 tp: 0.76870 failed [Market is closed]
0	22:01:40.930	'27153390': pending order sell limit 0.02 AUDUSD at 0.77589 sl: 0.78078 tp: 0.76759
1	22:01:41.254	'27153390': order sell limit 0.02 AUDUSD opening at 0.77589 sl: 0.78078 tp: 0.76759 failed [Market is closed]
2	22:01:49.224	Expert Admiral - Mini Terminal AUDUSD,H4: removed
2	22:01:49.224	Custom indicator AIMS Levels V2 AUDUSD,H4: removed
2	22:01:49.224	Custom indicator AIMS Entry Alert V1 AUDUSD,H4: removed
2	22:01:49.225	Custom indicator CandleTimer AUDUSD,H4: removed
2	22:01:49.225	Custom indicator #Signal_Bars_v6 AUDUSD,H4: removed
2	22:01:49.226	Custom indicator TrendEnvelopes_v1 AUDUSD,H4: removed
2	22:01:49.241	Custom indicator guppy_multiple_moving_averages AUDUSD,H4: removed
2	22:01:49.242	Custom indicator wedges AUDUSD,H4: removed
2	22:01:49.243	Custom indicator Admiral Pivot AUDUSD,H4: removed
2	22:01:49.244	Custom indicator AutoTrendChannel AUDUSD,H4: removed
2	22:01:49.245	Custom indicator FRZ Channel Auto Plotter AUDUSD,H4: removed
2	22:01:49.246	Custom indicator FRZ News Indicator MT4 AUDUSD,H4: removed
2	22:01:49.264	Custom indicator Forex Uranus direction AUDUSD,H4: removed
2	22:01:49.265	Custom indicator Quadrilateral AUDUSD,H4: removed
2	22:01:49.265	Custom indicator AIMS AO V.2.1 AUDUSD,H4: removed
2	22:01:49.266	Custom indicator IVT_MACD_ZERO_LAG AUDUSD,H4: removed
2	22:01:49.267	Custom indicator RSI Divergence Levels AUDUSD,H4: removed
2	22:01:49.268	Custom indicator FRZ Forex Market Session Indicator AUDUSD,H4: removed
2	22:01:49.342	Custom indicator AIMS Levels V2 AUDUSD,H4: loaded successfully
2	22:01:49.420	Custom indicator AIMS Entry Alert V1 AUDUSD,H4: loaded successfully
2	22:01:49.426	Custom indicator CandleTimer AUDUSD,H4: loaded successfully
2	22:01:49.494	Custom indicator #Signal_Bars_v6 AUDUSD,H4: loaded successfully
2	22:01:49.502	Custom indicator TrendEnvelopes_v1 AUDUSD,H4: loaded successfully
2	22:01:49.508	Custom indicator guppy_multiple_moving_averages AUDUSD,H4: loaded successfully
2	22:01:49.516	Custom indicator wedges AUDUSD,H4: loaded successfully
2	22:01:49.523	Custom indicator Admiral Pivot AUDUSD,H4: loaded successfully
2	22:01:49.531	Custom indicator AutoTrendChannel AUDUSD,H4: loaded successfully
2	22:01:49.539	Custom indicator FRZ Channel Auto Plotter AUDUSD,H4: loaded successfully
2	22:01:49.547	Custom indicator FRZ News Indicator MT4 AUDUSD,H4: loaded successfully
2	22:01:49.555	Custom indicator Forex Uranus direction AUDUSD,H4: loaded successfully
2	22:01:49.563	Custom indicator Quadrilateral AUDUSD,H4: loaded successfully
2	22:01:49.632	Custom indicator AIMS AO V.2.1 AUDUSD,H4: loaded successfully
2	22:01:49.641	Custom indicator IVT_MACD_ZERO_LAG AUDUSD,H4: loaded successfully
2	22:01:49.649	Custom indicator RSI Divergence Levels AUDUSD,H4: loaded successfully
2	22:01:49.658	Custom indicator FRZ Forex Market Session Indicator AUDUSD,H4: loaded successfully
2	22:02:31.949	Expert Admiral - Mini Terminal GOLD,H4: loaded successfully
0	22:04:33.856	'27153390': pending order buy stop 0.02 GOLD at 1735.605 sl: 1684.053 tp: 1766.046
1	22:04:34.164	'27153390': order buy stop 0.02 GOLD opening at 1735.605 sl: 1684.053 tp: 1766.046 failed [Market is closed]
2	22:07:34.869	Expert Admiral - Mini Terminal GOLD,H4: removed
2	22:07:34.870	Custom indicator AIMS Levels V2 GOLD,H4: removed
2	22:07:34.871	Custom indicator AIMS Entry Alert V1 GOLD,H4: removed
2	22:07:34.876	Custom indicator CandleTimer GOLD,H4: removed
2	22:07:34.877	Custom indicator #Signal_Bars_v6 GOLD,H4: removed
2	22:07:34.882	Custom indicator TrendEnvelopes_v1 GOLD,H4: removed
2	22:07:34.885	Custom indicator guppy_multiple_moving_averages GOLD,H4: removed
2	22:07:34.888	Custom indicator wedges GOLD,H4: removed
2	22:07:34.895	Custom indicator Admiral Pivot GOLD,H4: removed
2	22:07:34.897	Custom indicator AutoTrendChannel GOLD,H4: removed
2	22:07:34.915	Custom indicator FRZ Channel Auto Plotter GOLD,H4: removed
2	22:07:34.916	Custom indicator FRZ News Indicator MT4 GOLD,H4: removed
2	22:07:34.917	Custom indicator Forex Uranus direction GOLD,H4: removed
2	22:07:34.918	Custom indicator AIMS AO V.2.1 GOLD,H4: removed
2	22:07:34.919	Custom indicator IVT_MACD_ZERO_LAG GOLD,H4: removed
2	22:07:34.920	Custom indicator RSI Divergence Levels GOLD,H4: removed
2	22:07:34.921	Custom indicator FRZ Forex Market Session Indicator GOLD,H4: removed
2	22:07:34.988	Custom indicator AIMS Levels V2 GOLD,H4: loaded successfully
2	22:07:35.056	Custom indicator AIMS Entry Alert V1 GOLD,H4: loaded successfully
2	22:07:35.063	Custom indicator CandleTimer GOLD,H4: loaded successfully
2	22:07:35.131	Custom indicator #Signal_Bars_v6 GOLD,H4: loaded successfully
2	22:07:35.140	Custom indicator TrendEnvelopes_v1 GOLD,H4: loaded successfully
2	22:07:35.145	Custom indicator guppy_multiple_moving_averages GOLD,H4: loaded successfully
2	22:07:35.152	Custom indicator wedges GOLD,H4: loaded successfully
2	22:07:35.160	Custom indicator Admiral Pivot GOLD,H4: loaded successfully
2	22:07:35.167	Custom indicator AutoTrendChannel GOLD,H4: loaded successfully
2	22:07:35.174	Custom indicator FRZ Channel Auto Plotter GOLD,H4: loaded successfully
2	22:07:35.182	Custom indicator FRZ News Indicator MT4 GOLD,H4: loaded successfully
2	22:07:35.188	Custom indicator Forex Uranus direction GOLD,H4: loaded successfully
2	22:07:35.196	Custom indicator Quadrilateral GOLD,H4: loaded successfully
2	22:07:35.266	Custom indicator AIMS AO V.2.1 GOLD,H4: loaded successfully
2	22:07:35.273	Custom indicator IVT_MACD_ZERO_LAG GOLD,H4: loaded successfully
2	22:07:35.280	Custom indicator RSI Divergence Levels GOLD,H4: loaded successfully
2	22:07:35.288	Custom indicator FRZ Forex Market Session Indicator GOLD,H4: loaded successfully
2	22:22:20.655	Custom indicator AIMS Levels V2 EURGBP,H4: loaded successfully
2	22:22:20.724	Custom indicator AIMS Entry Alert V1 EURGBP,H4: loaded successfully
2	22:22:20.731	Custom indicator CandleTimer EURGBP,H4: loaded successfully
2	22:22:20.798	Custom indicator #Signal_Bars_v6 EURGBP,H4: loaded successfully
2	22:22:20.806	Custom indicator TrendEnvelopes_v1 EURGBP,H4: loaded successfully
2	22:22:20.813	Custom indicator guppy_multiple_moving_averages EURGBP,H4: loaded successfully
2	22:22:20.842	Custom indicator wedges EURGBP,H4: loaded successfully
2	22:22:20.851	Custom indicator Admiral Pivot EURGBP,H4: loaded successfully
2	22:22:20.889	Custom indicator AutoTrendChannel EURGBP,H4: loaded successfully
2	22:22:20.901	Custom indicator FRZ Channel Auto Plotter EURGBP,H4: loaded successfully
2	22:22:20.912	Custom indicator FRZ News Indicator MT4 EURGBP,H4: loaded successfully
2	22:22:20.919	Custom indicator Forex Uranus direction EURGBP,H4: loaded successfully
2	22:22:20.927	Custom indicator Quadrilateral EURGBP,H4: loaded successfully
2	22:22:20.994	Custom indicator AIMS AO V.2.1 EURGBP,H4: loaded successfully
2	22:22:21.001	Custom indicator IVT_MACD_ZERO_LAG EURGBP,H4: loaded successfully
2	22:22:21.062	Custom indicator RSI Divergence Levels EURGBP,H4: loaded successfully
2	22:22:21.071	Custom indicator FRZ Forex Market Session Indicator EURGBP,H4: loaded successfully
2	22:30:20.765	Expert Admiral - Mini Terminal EURGBP,H1: loaded successfully
2	22:37:13.590	Expert Admiral - Mini Terminal EURGBP,H4: removed
2	22:37:13.593	Custom indicator AIMS Levels V2 EURGBP,H4: removed
2	22:37:13.593	Custom indicator AIMS Entry Alert V1 EURGBP,H4: removed
2	22:37:13.595	Custom indicator CandleTimer EURGBP,H4: removed
2	22:37:13.595	Custom indicator #Signal_Bars_v6 EURGBP,H4: removed
2	22:37:13.597	Custom indicator TrendEnvelopes_v1 EURGBP,H4: removed
2	22:37:13.598	Custom indicator guppy_multiple_moving_averages EURGBP,H4: removed
2	22:37:13.600	Custom indicator wedges EURGBP,H4: removed
2	22:37:13.601	Custom indicator Admiral Pivot EURGBP,H4: removed
2	22:37:13.602	Custom indicator AutoTrendChannel EURGBP,H4: removed
2	22:37:13.603	Custom indicator FRZ Channel Auto Plotter EURGBP,H4: removed
2	22:37:13.604	Custom indicator FRZ News Indicator MT4 EURGBP,H4: removed
2	22:37:13.605	Custom indicator Forex Uranus direction EURGBP,H4: removed
2	22:37:13.607	Custom indicator Quadrilateral EURGBP,H4: removed
2	22:37:13.607	Custom indicator AIMS AO V.2.1 EURGBP,H4: removed
2	22:37:13.608	Custom indicator IVT_MACD_ZERO_LAG EURGBP,H4: removed
2	22:37:13.609	Custom indicator RSI Divergence Levels EURGBP,H4: removed
2	22:37:13.610	Custom indicator FRZ Forex Market Session Indicator EURGBP,H4: removed
2	22:37:13.685	Custom indicator AIMS Levels V2 EURGBP,H4: loaded successfully
2	22:37:13.759	Custom indicator AIMS Entry Alert V1 EURGBP,H4: loaded successfully
2	22:37:13.766	Custom indicator CandleTimer EURGBP,H4: loaded successfully
2	22:37:13.838	Custom indicator #Signal_Bars_v6 EURGBP,H4: loaded successfully
2	22:37:13.848	Custom indicator TrendEnvelopes_v1 EURGBP,H4: loaded successfully
2	22:37:13.856	Custom indicator guppy_multiple_moving_averages EURGBP,H4: loaded successfully
2	22:37:13.865	Custom indicator wedges EURGBP,H4: loaded successfully
2	22:37:13.873	Custom indicator Admiral Pivot EURGBP,H4: loaded successfully
2	22:37:13.906	Custom indicator AutoTrendChannel EURGBP,H4: loaded successfully
2	22:37:13.914	Custom indicator FRZ Channel Auto Plotter EURGBP,H4: loaded successfully
2	22:37:13.924	Custom indicator FRZ News Indicator MT4 EURGBP,H4: loaded successfully
2	22:37:13.932	Custom indicator Forex Uranus direction EURGBP,H4: loaded successfully
2	22:37:13.940	Custom indicator Quadrilateral EURGBP,H4: loaded successfully
2	22:37:14.008	Custom indicator AIMS AO V.2.1 EURGBP,H4: loaded successfully
2	22:37:14.016	Custom indicator IVT_MACD_ZERO_LAG EURGBP,H4: loaded successfully
2	22:37:14.025	Custom indicator RSI Divergence Levels EURGBP,H4: loaded successfully
2	22:37:14.032	Custom indicator FRZ Forex Market Session Indicator EURGBP,H4: loaded successfully
2	23:17:42.537	Expert Admiral - Mini Terminal [DAX30],H1: loaded successfully
2	23:18:51.523	Expert Admiral - Mini Terminal [DAX30],H1: removed
2	23:18:58.740	Custom indicator AIMS Levels V2 [DAX30],H1: removed
2	23:18:58.741	Custom indicator AIMS Entry Alert V1 [DAX30],H1: removed
2	23:18:58.772	Custom indicator CandleTimer [DAX30],H1: removed
2	23:18:58.836	Custom indicator #Signal_Bars_v6 [DAX30],H1: removed
2	23:18:58.867	Custom indicator TrendEnvelopes_v1 [DAX30],H1: removed
2	23:18:58.901	Custom indicator guppy_multiple_moving_averages [DAX30],H1: removed
2	23:18:58.932	Custom indicator wedges [DAX30],H1: removed
2	23:18:58.986	Custom indicator Admiral Pivot [DAX30],H1: removed
2	23:18:59.017	Custom indicator AutoTrendChannel [DAX30],H1: removed
2	23:18:59.027	Custom indicator FRZ Channel Auto Plotter [DAX30],H1: removed
2	23:18:59.041	Custom indicator FRZ News Indicator MT4 [DAX30],H1: removed
2	23:18:59.064	Custom indicator Forex Uranus direction [DAX30],H1: removed
2	23:18:59.078	Custom indicator AIMS AO V.2.1 [DAX30],H1: removed
2	23:18:59.080	Custom indicator IVT_MACD_ZERO_LAG [DAX30],H1: removed
2	23:18:59.123	Custom indicator RSI Divergence Levels [DAX30],H1: removed
2	23:18:59.154	Custom indicator FRZ Forex Market Session Indicator [DAX30],H1: removed
2	23:18:59.296	Custom indicator AIMS Levels V2 [DAX30],H1: loaded successfully
2	23:18:59.368	Custom indicator AIMS Entry Alert V1 [DAX30],H1: loaded successfully
2	23:18:59.374	Custom indicator CandleTimer [DAX30],H1: loaded successfully
2	23:18:59.654	Custom indicator #Signal_Bars_v6 [DAX30],H1: loaded successfully
2	23:18:59.709	Custom indicator TrendEnvelopes_v1 [DAX30],H1: loaded successfully
2	23:18:59.721	Custom indicator guppy_multiple_moving_averages [DAX30],H1: loaded successfully
2	23:18:59.731	Custom indicator wedges [DAX30],H1: loaded successfully
2	23:18:59.779	Custom indicator Admiral Pivot [DAX30],H1: loaded successfully
2	23:18:59.789	Custom indicator AutoTrendChannel [DAX30],H1: loaded successfully
2	23:18:59.802	Custom indicator FRZ Channel Auto Plotter [DAX30],H1: loaded successfully
2	23:18:59.812	Custom indicator FRZ News Indicator MT4 [DAX30],H1: loaded successfully
2	23:18:59.915	Custom indicator Forex Uranus direction [DAX30],H1: loaded successfully
2	23:18:59.934	Custom indicator Quadrilateral [DAX30],H1: loaded successfully
2	23:19:00.041	Custom indicator AIMS AO V.2.1 [DAX30],H1: loaded successfully
2	23:19:00.075	Custom indicator IVT_MACD_ZERO_LAG [DAX30],H1: loaded successfully
2	23:19:00.151	Custom indicator RSI Divergence Levels [DAX30],H1: loaded successfully
2	23:19:00.181	Custom indicator FRZ Forex Market Session Indicator [DAX30],H1: loaded successfully
