0	17:16:50.893	Admiral Markets build 1335 started (Admiral Markets Group AS)
0	17:16:50.893	Windows 10 Pro x64, IE 11, UAC, 8 x Intel Core i7-10510U  @ 1.80GHz, Memory: 2911 / 8014 Mb, Disk: 39 / 197 Gb, GMT+3
0	17:16:50.893	Data Folder: C:\Users\SRIE\AppData\Roaming\MetaQuotes\Terminal\51337600F56B69473E15EAFB8A7586B4
2	17:17:00.939	Custom indicator AIMS Entry Alert V1 GER30.cash,M15: loaded successfully
2	17:17:00.945	Custom indicator CandleTimer GER30.cash,M15: loaded successfully
2	17:17:01.015	Custom indicator #Signal_Bars_v6 GER30.cash,M15: loaded successfully
2	17:17:01.023	Custom indicator TrendEnvelopes_v1 GER30.cash,M15: loaded successfully
2	17:17:01.030	Custom indicator wedges GER30.cash,M15: loaded successfully
2	17:17:01.037	Custom indicator Admiral Pivot GER30.cash,M15: loaded successfully
2	17:17:01.044	Custom indicator AutoTrendChannel GER30.cash,M15: loaded successfully
2	17:17:01.051	Custom indicator FRZ Channel Auto Plotter GER30.cash,M15: loaded successfully
2	17:17:01.060	Custom indicator FRZ News Indicator MT4 GER30.cash,M15: loaded successfully
2	17:17:01.067	Custom indicator Forex Uranus direction GER30.cash,M15: loaded successfully
2	17:17:01.134	Custom indicator aVSA\aVSA clasters GER30.cash,M15: loaded successfully
2	17:17:01.147	Custom indicator aVSA\aVSA Golden Zone GER30.cash,M15: loaded successfully
2	17:17:01.155	Custom indicator breakout-zones\breakout-zones GER30.cash,M15: loaded successfully
2	17:17:01.162	Custom indicator breakout-zones\SL&TP Values GER30.cash,M15: loaded successfully
2	17:17:01.176	Custom indicator PositionSizeCalculator GER30.cash,M15: loaded successfully
2	17:17:01.247	Custom indicator AIMS AO V.2.1 GER30.cash,M15: loaded successfully
2	17:17:01.255	Custom indicator IVT_MACD_ZERO_LAG GER30.cash,M15: loaded successfully
2	17:17:01.264	Custom indicator RSI Divergence Levels GER30.cash,M15: loaded successfully
2	17:17:01.271	Custom indicator RenkoMaker_Confirm GER30.cash,M15: loaded successfully
2	17:17:01.279	Custom indicator FRZ Forex Market Session Indicator GER30.cash,M15: loaded successfully
2	17:17:03.922	Custom indicator AIMS Entry Alert V1 US30.cash,M15: loaded successfully
2	17:17:03.929	Custom indicator CandleTimer US30.cash,M15: loaded successfully
2	17:17:04.016	Custom indicator #Signal_Bars_v6 US30.cash,M15: loaded successfully
2	17:17:04.025	Custom indicator TrendEnvelopes_v1 US30.cash,M15: loaded successfully
2	17:17:04.034	Custom indicator wedges US30.cash,M15: loaded successfully
2	17:17:04.044	Custom indicator Admiral Pivot US30.cash,M15: loaded successfully
2	17:17:04.052	Custom indicator AutoTrendChannel US30.cash,M15: loaded successfully
2	17:17:04.061	Custom indicator FRZ Channel Auto Plotter US30.cash,M15: loaded successfully
2	17:17:04.071	Custom indicator FRZ News Indicator MT4 US30.cash,M15: loaded successfully
2	17:17:04.080	Custom indicator Forex Uranus direction US30.cash,M15: loaded successfully
2	17:17:04.172	Custom indicator aVSA\aVSA clasters US30.cash,M15: loaded successfully
2	17:17:04.191	Custom indicator aVSA\aVSA Golden Zone US30.cash,M15: loaded successfully
2	17:17:04.201	Custom indicator breakout-zones\breakout-zones US30.cash,M15: loaded successfully
2	17:17:04.210	Custom indicator breakout-zones\SL&TP Values US30.cash,M15: loaded successfully
2	17:17:04.227	Custom indicator PositionSizeCalculator US30.cash,M15: loaded successfully
2	17:17:04.321	Custom indicator AIMS AO V.2.1 US30.cash,M15: loaded successfully
2	17:17:04.331	Custom indicator IVT_MACD_ZERO_LAG US30.cash,M15: loaded successfully
2	17:17:04.341	Custom indicator RSI Divergence Levels US30.cash,M15: loaded successfully
2	17:17:04.350	Custom indicator RenkoMaker_Confirm US30.cash,M15: loaded successfully
2	17:17:04.361	Custom indicator FRZ Forex Market Session Indicator US30.cash,M15: loaded successfully
2	17:17:05.649	Custom indicator AIMS Entry Alert V1 US100.cash,M15: loaded successfully
2	17:17:05.656	Custom indicator CandleTimer US100.cash,M15: loaded successfully
2	17:17:05.752	Custom indicator #Signal_Bars_v6 US100.cash,M15: loaded successfully
2	17:17:05.761	Custom indicator TrendEnvelopes_v1 US100.cash,M15: loaded successfully
2	17:17:05.770	Custom indicator wedges US100.cash,M15: loaded successfully
2	17:17:05.779	Custom indicator Admiral Pivot US100.cash,M15: loaded successfully
2	17:17:05.788	Custom indicator AutoTrendChannel US100.cash,M15: loaded successfully
2	17:17:05.797	Custom indicator FRZ Channel Auto Plotter US100.cash,M15: loaded successfully
2	17:17:05.807	Custom indicator FRZ News Indicator MT4 US100.cash,M15: loaded successfully
2	17:17:05.818	Custom indicator Forex Uranus direction US100.cash,M15: loaded successfully
2	17:17:05.906	Custom indicator aVSA\aVSA clasters US100.cash,M15: loaded successfully
2	17:17:05.925	Custom indicator aVSA\aVSA Golden Zone US100.cash,M15: loaded successfully
2	17:17:05.937	Custom indicator breakout-zones\breakout-zones US100.cash,M15: loaded successfully
2	17:17:05.947	Custom indicator breakout-zones\SL&TP Values US100.cash,M15: loaded successfully
2	17:17:05.965	Custom indicator PositionSizeCalculator US100.cash,M15: loaded successfully
2	17:17:06.059	Custom indicator AIMS AO V.2.1 US100.cash,M15: loaded successfully
2	17:17:06.069	Custom indicator IVT_MACD_ZERO_LAG US100.cash,M15: loaded successfully
2	17:17:06.079	Custom indicator RSI Divergence Levels US100.cash,M15: loaded successfully
2	17:17:06.088	Custom indicator RenkoMaker_Confirm US100.cash,M15: loaded successfully
2	17:17:06.098	Custom indicator FRZ Forex Market Session Indicator US100.cash,M15: loaded successfully
2	17:17:07.367	Custom indicator AIMS Entry Alert V1 XAUUSD,H1: loaded successfully
2	17:17:07.375	Custom indicator CandleTimer XAUUSD,H1: loaded successfully
2	17:17:07.471	Custom indicator #Signal_Bars_v6 XAUUSD,H1: loaded successfully
2	17:17:07.481	Custom indicator TrendEnvelopes_v1 XAUUSD,H1: loaded successfully
2	17:17:07.491	Custom indicator wedges XAUUSD,H1: loaded successfully
2	17:17:07.502	Custom indicator Admiral Pivot XAUUSD,H1: loaded successfully
2	17:17:07.512	Custom indicator AutoTrendChannel XAUUSD,H1: loaded successfully
2	17:17:07.524	Custom indicator FRZ Channel Auto Plotter XAUUSD,H1: loaded successfully
2	17:17:07.536	Custom indicator FRZ News Indicator MT4 XAUUSD,H1: loaded successfully
2	17:17:07.548	Custom indicator Forex Uranus direction XAUUSD,H1: loaded successfully
2	17:17:07.655	Custom indicator aVSA\aVSA clasters XAUUSD,H1: loaded successfully
2	17:17:07.678	Custom indicator aVSA\aVSA Golden Zone XAUUSD,H1: loaded successfully
2	17:17:07.689	Custom indicator breakout-zones\breakout-zones XAUUSD,H1: loaded successfully
2	17:17:07.700	Custom indicator breakout-zones\SL&TP Values XAUUSD,H1: loaded successfully
2	17:17:07.718	Custom indicator PositionSizeCalculator XAUUSD,H1: loaded successfully
2	17:17:07.818	Custom indicator AIMS AO V.2.1 XAUUSD,H1: loaded successfully
2	17:17:07.829	Custom indicator IVT_MACD_ZERO_LAG XAUUSD,H1: loaded successfully
2	17:17:07.839	Custom indicator RSI Divergence Levels XAUUSD,H1: loaded successfully
2	17:17:07.848	Custom indicator RenkoMaker_Confirm XAUUSD,H1: loaded successfully
2	17:17:07.858	Custom indicator FRZ Forex Market Session Indicator XAUUSD,H1: loaded successfully
2	17:17:08.775	Custom indicator AIMS Entry Alert V1 USOIL.cash,M15: loaded successfully
2	17:17:08.782	Custom indicator CandleTimer USOIL.cash,M15: loaded successfully
2	17:17:08.898	Custom indicator #Signal_Bars_v6 USOIL.cash,M15: loaded successfully
2	17:17:08.910	Custom indicator TrendEnvelopes_v1 USOIL.cash,M15: loaded successfully
2	17:17:08.922	Custom indicator wedges USOIL.cash,M15: loaded successfully
2	17:17:08.933	Custom indicator Admiral Pivot USOIL.cash,M15: loaded successfully
2	17:17:08.942	Custom indicator AutoTrendChannel USOIL.cash,M15: loaded successfully
2	17:17:08.952	Custom indicator FRZ Channel Auto Plotter USOIL.cash,M15: loaded successfully
2	17:17:08.964	Custom indicator FRZ News Indicator MT4 USOIL.cash,M15: loaded successfully
2	17:17:08.975	Custom indicator Forex Uranus direction USOIL.cash,M15: loaded successfully
2	17:17:09.075	Custom indicator aVSA\aVSA clasters USOIL.cash,M15: loaded successfully
2	17:17:09.095	Custom indicator aVSA\aVSA Golden Zone USOIL.cash,M15: loaded successfully
2	17:17:09.104	Custom indicator breakout-zones\breakout-zones USOIL.cash,M15: loaded successfully
2	17:17:09.114	Custom indicator breakout-zones\SL&TP Values USOIL.cash,M15: loaded successfully
2	17:17:09.132	Custom indicator PositionSizeCalculator USOIL.cash,M15: loaded successfully
2	17:17:09.224	Custom indicator AIMS AO V.2.1 USOIL.cash,M15: loaded successfully
2	17:17:09.233	Custom indicator IVT_MACD_ZERO_LAG USOIL.cash,M15: loaded successfully
2	17:17:09.243	Custom indicator RSI Divergence Levels USOIL.cash,M15: loaded successfully
2	17:17:09.252	Custom indicator RenkoMaker_Confirm USOIL.cash,M15: loaded successfully
2	17:17:09.265	Custom indicator FRZ Forex Market Session Indicator USOIL.cash,M15: loaded successfully
2	17:17:10.198	Custom indicator AIMS Entry Alert V1 FRA40.cash,M15: loaded successfully
2	17:17:10.207	Custom indicator CandleTimer FRA40.cash,M15: loaded successfully
2	17:17:10.339	Custom indicator #Signal_Bars_v6 FRA40.cash,M15: loaded successfully
2	17:17:10.353	Custom indicator TrendEnvelopes_v1 FRA40.cash,M15: loaded successfully
2	17:17:10.367	Custom indicator wedges FRA40.cash,M15: loaded successfully
2	17:17:10.383	Custom indicator Admiral Pivot FRA40.cash,M15: loaded successfully
2	17:17:10.397	Custom indicator AutoTrendChannel FRA40.cash,M15: loaded successfully
2	17:17:10.412	Custom indicator FRZ Channel Auto Plotter FRA40.cash,M15: loaded successfully
2	17:17:10.428	Custom indicator FRZ News Indicator MT4 FRA40.cash,M15: loaded successfully
2	17:17:10.443	Custom indicator Forex Uranus direction FRA40.cash,M15: loaded successfully
2	17:17:10.571	Custom indicator aVSA\aVSA clasters FRA40.cash,M15: loaded successfully
2	17:17:10.594	Custom indicator aVSA\aVSA Golden Zone FRA40.cash,M15: loaded successfully
2	17:17:10.606	Custom indicator breakout-zones\breakout-zones FRA40.cash,M15: loaded successfully
2	17:17:10.618	Custom indicator breakout-zones\SL&TP Values FRA40.cash,M15: loaded successfully
2	17:17:10.641	Custom indicator PositionSizeCalculator FRA40.cash,M15: loaded successfully
2	17:17:10.792	Custom indicator AIMS AO V.2.1 FRA40.cash,M15: loaded successfully
2	17:17:10.809	Custom indicator IVT_MACD_ZERO_LAG FRA40.cash,M15: loaded successfully
2	17:17:10.828	Custom indicator RSI Divergence Levels FRA40.cash,M15: loaded successfully
2	17:17:10.842	Custom indicator RenkoMaker_Confirm FRA40.cash,M15: loaded successfully
2	17:17:10.859	Custom indicator FRZ Forex Market Session Indicator FRA40.cash,M15: loaded successfully
2	17:17:12.003	Custom indicator AIMS Levels V2 US500.cash,H1: loaded successfully
2	17:17:12.150	Custom indicator AIMS Entry Alert V1 US500.cash,H1: loaded successfully
2	17:17:12.162	Custom indicator CandleTimer US500.cash,H1: loaded successfully
2	17:17:12.311	Custom indicator #Signal_Bars_v6 US500.cash,H1: loaded successfully
2	17:17:12.324	Custom indicator TrendEnvelopes_v1 US500.cash,H1: loaded successfully
2	17:17:12.336	Custom indicator guppy_multiple_moving_averages US500.cash,H1: loaded successfully
2	17:17:12.350	Custom indicator wedges US500.cash,H1: loaded successfully
2	17:17:12.364	Custom indicator Admiral Pivot US500.cash,H1: loaded successfully
2	17:17:12.381	Custom indicator AutoTrendChannel US500.cash,H1: loaded successfully
2	17:17:12.397	Custom indicator FRZ Channel Auto Plotter US500.cash,H1: loaded successfully
2	17:17:12.416	Custom indicator FRZ News Indicator MT4 US500.cash,H1: loaded successfully
2	17:17:12.432	Custom indicator Forex Uranus direction US500.cash,H1: loaded successfully
2	17:17:12.588	Custom indicator aVSA\aVSA clasters US500.cash,H1: loaded successfully
2	17:17:12.620	Custom indicator aVSA\aVSA Golden Zone US500.cash,H1: loaded successfully
2	17:17:12.637	Custom indicator breakout-zones\breakout-zones US500.cash,H1: loaded successfully
2	17:17:12.651	Custom indicator breakout-zones\SL&TP Values US500.cash,H1: loaded successfully
2	17:17:12.831	Custom indicator AIMS AO V.2.1 US500.cash,H1: loaded successfully
2	17:17:12.844	Custom indicator IVT_MACD_ZERO_LAG US500.cash,H1: loaded successfully
2	17:17:12.858	Custom indicator RSI Divergence Levels US500.cash,H1: loaded successfully
2	17:17:12.871	Custom indicator FRZ Forex Market Session Indicator US500.cash,H1: loaded successfully
2	17:17:13.778	Custom indicator AIMS Entry Alert V1 BTCUSD,M5: loaded successfully
2	17:17:13.789	Custom indicator CandleTimer BTCUSD,M5: loaded successfully
2	17:17:13.923	Custom indicator #Signal_Bars_v6 BTCUSD,M5: loaded successfully
2	17:17:13.937	Custom indicator TrendEnvelopes_v1 BTCUSD,M5: loaded successfully
2	17:17:13.950	Custom indicator wedges BTCUSD,M5: loaded successfully
2	17:17:13.968	Custom indicator Admiral Pivot BTCUSD,M5: loaded successfully
2	17:17:13.984	Custom indicator AutoTrendChannel BTCUSD,M5: loaded successfully
2	17:17:13.998	Custom indicator FRZ Channel Auto Plotter BTCUSD,M5: loaded successfully
2	17:17:14.013	Custom indicator FRZ News Indicator MT4 BTCUSD,M5: loaded successfully
2	17:17:14.032	Custom indicator Forex Uranus direction BTCUSD,M5: loaded successfully
2	17:17:14.183	Custom indicator aVSA\aVSA clasters BTCUSD,M5: loaded successfully
2	17:17:14.213	Custom indicator aVSA\aVSA Golden Zone BTCUSD,M5: loaded successfully
2	17:17:14.229	Custom indicator breakout-zones\breakout-zones BTCUSD,M5: loaded successfully
2	17:17:14.242	Custom indicator breakout-zones\SL&TP Values BTCUSD,M5: loaded successfully
2	17:17:14.265	Custom indicator PositionSizeCalculator BTCUSD,M5: loaded successfully
2	17:17:14.387	Custom indicator AIMS AO V.2.1 BTCUSD,M5: loaded successfully
2	17:17:14.398	Custom indicator IVT_MACD_ZERO_LAG BTCUSD,M5: loaded successfully
2	17:17:14.411	Custom indicator RSI Divergence Levels BTCUSD,M5: loaded successfully
2	17:17:14.425	Custom indicator RenkoMaker_Confirm BTCUSD,M5: loaded successfully
2	17:17:14.437	Custom indicator FRZ Forex Market Session Indicator BTCUSD,M5: loaded successfully
2	17:17:15.703	Custom indicator AIMS Entry Alert V1 UK100.cash,H1: loaded successfully
2	17:17:15.716	Custom indicator CandleTimer UK100.cash,H1: loaded successfully
2	17:17:15.896	Custom indicator #Signal_Bars_v6 UK100.cash,H1: loaded successfully
2	17:17:15.911	Custom indicator TrendEnvelopes_v1 UK100.cash,H1: loaded successfully
2	17:17:15.928	Custom indicator wedges UK100.cash,H1: loaded successfully
2	17:17:15.945	Custom indicator Admiral Pivot UK100.cash,H1: loaded successfully
2	17:17:15.960	Custom indicator AutoTrendChannel UK100.cash,H1: loaded successfully
2	17:17:15.973	Custom indicator FRZ Channel Auto Plotter UK100.cash,H1: loaded successfully
2	17:17:15.993	Custom indicator FRZ News Indicator MT4 UK100.cash,H1: loaded successfully
2	17:17:16.006	Custom indicator Forex Uranus direction UK100.cash,H1: loaded successfully
2	17:17:16.129	Custom indicator aVSA\aVSA clasters UK100.cash,H1: loaded successfully
2	17:17:16.154	Custom indicator aVSA\aVSA Golden Zone UK100.cash,H1: loaded successfully
2	17:17:16.169	Custom indicator breakout-zones\breakout-zones UK100.cash,H1: loaded successfully
2	17:17:16.184	Custom indicator breakout-zones\SL&TP Values UK100.cash,H1: loaded successfully
2	17:17:16.213	Custom indicator PositionSizeCalculator UK100.cash,H1: loaded successfully
2	17:17:16.356	Custom indicator AIMS AO V.2.1 UK100.cash,H1: loaded successfully
2	17:17:16.368	Custom indicator IVT_MACD_ZERO_LAG UK100.cash,H1: loaded successfully
2	17:17:16.380	Custom indicator RSI Divergence Levels UK100.cash,H1: loaded successfully
2	17:17:16.390	Custom indicator RenkoMaker_Confirm UK100.cash,H1: loaded successfully
2	17:17:16.402	Custom indicator FRZ Forex Market Session Indicator UK100.cash,H1: loaded successfully
2	17:17:17.303	Custom indicator AIMS Entry Alert V1 JP225.cash,H1: loaded successfully
2	17:17:17.311	Custom indicator CandleTimer JP225.cash,H1: loaded successfully
2	17:17:17.401	Custom indicator #Signal_Bars_v6 JP225.cash,H1: loaded successfully
2	17:17:17.410	Custom indicator TrendEnvelopes_v1 JP225.cash,H1: loaded successfully
2	17:17:17.420	Custom indicator wedges JP225.cash,H1: loaded successfully
2	17:17:17.429	Custom indicator Admiral Pivot JP225.cash,H1: loaded successfully
2	17:17:17.439	Custom indicator AutoTrendChannel JP225.cash,H1: loaded successfully
2	17:17:17.448	Custom indicator FRZ Channel Auto Plotter JP225.cash,H1: loaded successfully
2	17:17:17.460	Custom indicator FRZ News Indicator MT4 JP225.cash,H1: loaded successfully
2	17:17:17.469	Custom indicator Forex Uranus direction JP225.cash,H1: loaded successfully
2	17:17:17.558	Custom indicator aVSA\aVSA clasters JP225.cash,H1: loaded successfully
2	17:17:17.576	Custom indicator aVSA\aVSA Golden Zone JP225.cash,H1: loaded successfully
2	17:17:17.586	Custom indicator breakout-zones\breakout-zones JP225.cash,H1: loaded successfully
2	17:17:17.595	Custom indicator breakout-zones\SL&TP Values JP225.cash,H1: loaded successfully
2	17:17:17.612	Custom indicator PositionSizeCalculator JP225.cash,H1: loaded successfully
2	17:17:17.700	Custom indicator AIMS AO V.2.1 JP225.cash,H1: loaded successfully
2	17:17:17.710	Custom indicator IVT_MACD_ZERO_LAG JP225.cash,H1: loaded successfully
2	17:17:17.720	Custom indicator RSI Divergence Levels JP225.cash,H1: loaded successfully
2	17:17:17.728	Custom indicator RenkoMaker_Confirm JP225.cash,H1: loaded successfully
2	17:17:17.737	Custom indicator FRZ Forex Market Session Indicator JP225.cash,H1: loaded successfully
2	17:17:18.723	Custom indicator AIMS Entry Alert V1 SPN35.cash,H1: loaded successfully
2	17:17:18.732	Custom indicator CandleTimer SPN35.cash,H1: loaded successfully
2	17:17:18.827	Custom indicator #Signal_Bars_v6 SPN35.cash,H1: loaded successfully
2	17:17:18.837	Custom indicator TrendEnvelopes_v1 SPN35.cash,H1: loaded successfully
2	17:17:18.847	Custom indicator wedges SPN35.cash,H1: loaded successfully
2	17:17:18.856	Custom indicator Admiral Pivot SPN35.cash,H1: loaded successfully
2	17:17:18.865	Custom indicator AutoTrendChannel SPN35.cash,H1: loaded successfully
2	17:17:18.875	Custom indicator FRZ Channel Auto Plotter SPN35.cash,H1: loaded successfully
2	17:17:18.885	Custom indicator FRZ News Indicator MT4 SPN35.cash,H1: loaded successfully
2	17:17:18.896	Custom indicator Forex Uranus direction SPN35.cash,H1: loaded successfully
2	17:17:18.986	Custom indicator aVSA\aVSA clasters SPN35.cash,H1: loaded successfully
2	17:17:19.005	Custom indicator aVSA\aVSA Golden Zone SPN35.cash,H1: loaded successfully
2	17:17:19.014	Custom indicator breakout-zones\breakout-zones SPN35.cash,H1: loaded successfully
2	17:17:19.024	Custom indicator breakout-zones\SL&TP Values SPN35.cash,H1: loaded successfully
2	17:17:19.041	Custom indicator PositionSizeCalculator SPN35.cash,H1: loaded successfully
2	17:17:19.145	Custom indicator AIMS AO V.2.1 SPN35.cash,H1: loaded successfully
2	17:17:19.155	Custom indicator IVT_MACD_ZERO_LAG SPN35.cash,H1: loaded successfully
2	17:17:19.165	Custom indicator RSI Divergence Levels SPN35.cash,H1: loaded successfully
2	17:17:19.173	Custom indicator RenkoMaker_Confirm SPN35.cash,H1: loaded successfully
2	17:17:19.182	Custom indicator FRZ Forex Market Session Indicator SPN35.cash,H1: loaded successfully
2	17:17:19.894	Custom indicator AIMS Entry Alert V1 US500.cash,H1: loaded successfully
2	17:17:19.901	Custom indicator CandleTimer US500.cash,H1: loaded successfully
2	17:17:19.984	Custom indicator #Signal_Bars_v6 US500.cash,H1: loaded successfully
2	17:17:19.994	Custom indicator TrendEnvelopes_v1 US500.cash,H1: loaded successfully
2	17:17:20.003	Custom indicator wedges US500.cash,H1: loaded successfully
2	17:17:20.012	Custom indicator Admiral Pivot US500.cash,H1: loaded successfully
2	17:17:20.021	Custom indicator AutoTrendChannel US500.cash,H1: loaded successfully
2	17:17:20.029	Custom indicator FRZ Channel Auto Plotter US500.cash,H1: loaded successfully
2	17:17:20.039	Custom indicator FRZ News Indicator MT4 US500.cash,H1: loaded successfully
2	17:17:20.049	Custom indicator Forex Uranus direction US500.cash,H1: loaded successfully
2	17:17:20.138	Custom indicator aVSA\aVSA clasters US500.cash,H1: loaded successfully
2	17:17:20.156	Custom indicator aVSA\aVSA Golden Zone US500.cash,H1: loaded successfully
2	17:17:20.164	Custom indicator breakout-zones\breakout-zones US500.cash,H1: loaded successfully
2	17:17:20.173	Custom indicator breakout-zones\SL&TP Values US500.cash,H1: loaded successfully
2	17:17:20.189	Custom indicator PositionSizeCalculator US500.cash,H1: loaded successfully
2	17:17:20.273	Custom indicator AIMS AO V.2.1 US500.cash,H1: loaded successfully
2	17:17:20.281	Custom indicator IVT_MACD_ZERO_LAG US500.cash,H1: loaded successfully
2	17:17:20.290	Custom indicator RSI Divergence Levels US500.cash,H1: loaded successfully
2	17:17:20.298	Custom indicator RenkoMaker_Confirm US500.cash,H1: loaded successfully
2	17:17:20.308	Custom indicator FRZ Forex Market Session Indicator US500.cash,H1: loaded successfully
2	17:17:21.072	Custom indicator AIMS Entry Alert V1 XAGUSD,H1: loaded successfully
2	17:17:21.080	Custom indicator CandleTimer XAGUSD,H1: loaded successfully
2	17:17:21.171	Custom indicator #Signal_Bars_v6 XAGUSD,H1: loaded successfully
2	17:17:21.181	Custom indicator TrendEnvelopes_v1 XAGUSD,H1: loaded successfully
2	17:17:21.190	Custom indicator wedges XAGUSD,H1: loaded successfully
2	17:17:21.199	Custom indicator Admiral Pivot XAGUSD,H1: loaded successfully
2	17:17:21.208	Custom indicator AutoTrendChannel XAGUSD,H1: loaded successfully
2	17:17:21.217	Custom indicator FRZ Channel Auto Plotter XAGUSD,H1: loaded successfully
2	17:17:21.228	Custom indicator FRZ News Indicator MT4 XAGUSD,H1: loaded successfully
2	17:17:21.238	Custom indicator Forex Uranus direction XAGUSD,H1: loaded successfully
2	17:17:21.329	Custom indicator aVSA\aVSA clasters XAGUSD,H1: loaded successfully
2	17:17:21.346	Custom indicator aVSA\aVSA Golden Zone XAGUSD,H1: loaded successfully
2	17:17:21.356	Custom indicator breakout-zones\breakout-zones XAGUSD,H1: loaded successfully
2	17:17:21.365	Custom indicator breakout-zones\SL&TP Values XAGUSD,H1: loaded successfully
2	17:17:21.382	Custom indicator PositionSizeCalculator XAGUSD,H1: loaded successfully
2	17:17:21.478	Custom indicator AIMS AO V.2.1 XAGUSD,H1: loaded successfully
2	17:17:21.490	Custom indicator IVT_MACD_ZERO_LAG XAGUSD,H1: loaded successfully
2	17:17:21.499	Custom indicator RSI Divergence Levels XAGUSD,H1: loaded successfully
2	17:17:21.508	Custom indicator RenkoMaker_Confirm XAGUSD,H1: loaded successfully
2	17:17:21.517	Custom indicator FRZ Forex Market Session Indicator XAGUSD,H1: loaded successfully
2	17:17:22.457	Custom indicator AIMS Entry Alert V1 UKOIL.cash,H1: loaded successfully
2	17:17:22.465	Custom indicator CandleTimer UKOIL.cash,H1: loaded successfully
2	17:17:22.559	Custom indicator #Signal_Bars_v6 UKOIL.cash,H1: loaded successfully
2	17:17:22.569	Custom indicator TrendEnvelopes_v1 UKOIL.cash,H1: loaded successfully
2	17:17:22.579	Custom indicator wedges UKOIL.cash,H1: loaded successfully
2	17:17:22.589	Custom indicator Admiral Pivot UKOIL.cash,H1: loaded successfully
2	17:17:22.598	Custom indicator AutoTrendChannel UKOIL.cash,H1: loaded successfully
2	17:17:22.608	Custom indicator FRZ Channel Auto Plotter UKOIL.cash,H1: loaded successfully
2	17:17:22.619	Custom indicator FRZ News Indicator MT4 UKOIL.cash,H1: loaded successfully
2	17:17:22.629	Custom indicator Forex Uranus direction UKOIL.cash,H1: loaded successfully
2	17:17:22.721	Custom indicator aVSA\aVSA clasters UKOIL.cash,H1: loaded successfully
2	17:17:22.740	Custom indicator aVSA\aVSA Golden Zone UKOIL.cash,H1: loaded successfully
2	17:17:22.749	Custom indicator breakout-zones\breakout-zones UKOIL.cash,H1: loaded successfully
2	17:17:22.759	Custom indicator breakout-zones\SL&TP Values UKOIL.cash,H1: loaded successfully
2	17:17:22.775	Custom indicator PositionSizeCalculator UKOIL.cash,H1: loaded successfully
2	17:17:22.866	Custom indicator AIMS AO V.2.1 UKOIL.cash,H1: loaded successfully
2	17:17:22.875	Custom indicator IVT_MACD_ZERO_LAG UKOIL.cash,H1: loaded successfully
2	17:17:22.885	Custom indicator RSI Divergence Levels UKOIL.cash,H1: loaded successfully
2	17:17:22.893	Custom indicator RenkoMaker_Confirm UKOIL.cash,H1: loaded successfully
2	17:17:22.904	Custom indicator FRZ Forex Market Session Indicator UKOIL.cash,H1: loaded successfully
2	17:17:23.850	Custom indicator AIMS Entry Alert V1 EURUSD,H1: loaded successfully
2	17:17:23.859	Custom indicator CandleTimer EURUSD,H1: loaded successfully
2	17:17:23.968	Custom indicator #Signal_Bars_v6 EURUSD,H1: loaded successfully
2	17:17:23.978	Custom indicator TrendEnvelopes_v1 EURUSD,H1: loaded successfully
2	17:17:23.989	Custom indicator wedges EURUSD,H1: loaded successfully
2	17:17:24.000	Custom indicator Admiral Pivot EURUSD,H1: loaded successfully
2	17:17:24.011	Custom indicator AutoTrendChannel EURUSD,H1: loaded successfully
2	17:17:24.022	Custom indicator FRZ Channel Auto Plotter EURUSD,H1: loaded successfully
2	17:17:24.034	Custom indicator FRZ News Indicator MT4 EURUSD,H1: loaded successfully
2	17:17:24.044	Custom indicator Forex Uranus direction EURUSD,H1: loaded successfully
2	17:17:24.143	Custom indicator aVSA\aVSA clasters EURUSD,H1: loaded successfully
2	17:17:24.164	Custom indicator aVSA\aVSA Golden Zone EURUSD,H1: loaded successfully
2	17:17:24.174	Custom indicator breakout-zones\breakout-zones EURUSD,H1: loaded successfully
2	17:17:24.184	Custom indicator breakout-zones\SL&TP Values EURUSD,H1: loaded successfully
2	17:17:24.203	Custom indicator PositionSizeCalculator EURUSD,H1: loaded successfully
2	17:17:24.305	Custom indicator AIMS AO V.2.1 EURUSD,H1: loaded successfully
2	17:17:24.318	Custom indicator IVT_MACD_ZERO_LAG EURUSD,H1: loaded successfully
2	17:17:24.330	Custom indicator RSI Divergence Levels EURUSD,H1: loaded successfully
2	17:17:24.343	Custom indicator RenkoMaker_Confirm EURUSD,H1: loaded successfully
2	17:17:24.355	Custom indicator FRZ Forex Market Session Indicator EURUSD,H1: loaded successfully
2	17:17:25.432	Custom indicator AIMS Entry Alert V1 EURAUD,H1: loaded successfully
2	17:17:25.442	Custom indicator CandleTimer EURAUD,H1: loaded successfully
2	17:17:25.576	Custom indicator #Signal_Bars_v6 EURAUD,H1: loaded successfully
2	17:17:25.588	Custom indicator TrendEnvelopes_v1 EURAUD,H1: loaded successfully
2	17:17:25.620	Custom indicator wedges EURAUD,H1: loaded successfully
2	17:17:25.634	Custom indicator Admiral Pivot EURAUD,H1: loaded successfully
2	17:17:25.645	Custom indicator AutoTrendChannel EURAUD,H1: loaded successfully
2	17:17:25.657	Custom indicator FRZ Channel Auto Plotter EURAUD,H1: loaded successfully
2	17:17:25.671	Custom indicator FRZ News Indicator MT4 EURAUD,H1: loaded successfully
2	17:17:25.683	Custom indicator Forex Uranus direction EURAUD,H1: loaded successfully
2	17:17:25.790	Custom indicator aVSA\aVSA clasters EURAUD,H1: loaded successfully
2	17:17:25.811	Custom indicator aVSA\aVSA Golden Zone EURAUD,H1: loaded successfully
2	17:17:25.822	Custom indicator breakout-zones\breakout-zones EURAUD,H1: loaded successfully
2	17:17:25.832	Custom indicator breakout-zones\SL&TP Values EURAUD,H1: loaded successfully
2	17:17:25.854	Custom indicator PositionSizeCalculator EURAUD,H1: loaded successfully
2	17:17:25.955	Custom indicator AIMS AO V.2.1 EURAUD,H1: loaded successfully
2	17:17:25.966	Custom indicator IVT_MACD_ZERO_LAG EURAUD,H1: loaded successfully
2	17:17:25.977	Custom indicator RSI Divergence Levels EURAUD,H1: loaded successfully
2	17:17:25.986	Custom indicator RenkoMaker_Confirm EURAUD,H1: loaded successfully
2	17:17:25.997	Custom indicator FRZ Forex Market Session Indicator EURAUD,H1: loaded successfully
2	17:17:26.882	Custom indicator AIMS Entry Alert V1 NZDUSD,H1: loaded successfully
2	17:17:26.889	Custom indicator CandleTimer NZDUSD,H1: loaded successfully
2	17:17:26.976	Custom indicator #Signal_Bars_v6 NZDUSD,H1: loaded successfully
2	17:17:26.988	Custom indicator TrendEnvelopes_v1 NZDUSD,H1: loaded successfully
2	17:17:26.997	Custom indicator wedges NZDUSD,H1: loaded successfully
2	17:17:27.009	Custom indicator Admiral Pivot NZDUSD,H1: loaded successfully
2	17:17:27.019	Custom indicator AutoTrendChannel NZDUSD,H1: loaded successfully
2	17:17:27.028	Custom indicator FRZ Channel Auto Plotter NZDUSD,H1: loaded successfully
2	17:17:27.039	Custom indicator FRZ News Indicator MT4 NZDUSD,H1: loaded successfully
2	17:17:27.049	Custom indicator Forex Uranus direction NZDUSD,H1: loaded successfully
2	17:17:27.139	Custom indicator aVSA\aVSA clasters NZDUSD,H1: loaded successfully
2	17:17:27.156	Custom indicator aVSA\aVSA Golden Zone NZDUSD,H1: loaded successfully
2	17:17:27.165	Custom indicator breakout-zones\breakout-zones NZDUSD,H1: loaded successfully
2	17:17:27.174	Custom indicator breakout-zones\SL&TP Values NZDUSD,H1: loaded successfully
2	17:17:27.190	Custom indicator PositionSizeCalculator NZDUSD,H1: loaded successfully
2	17:17:27.272	Custom indicator AIMS AO V.2.1 NZDUSD,H1: loaded successfully
2	17:17:27.281	Custom indicator IVT_MACD_ZERO_LAG NZDUSD,H1: loaded successfully
2	17:17:27.290	Custom indicator RSI Divergence Levels NZDUSD,H1: loaded successfully
2	17:17:27.297	Custom indicator RenkoMaker_Confirm NZDUSD,H1: loaded successfully
2	17:17:27.305	Custom indicator FRZ Forex Market Session Indicator NZDUSD,H1: loaded successfully
2	17:17:28.232	Custom indicator AIMS Entry Alert V1 AUDCAD,M15: loaded successfully
2	17:17:28.245	Custom indicator CandleTimer AUDCAD,M15: loaded successfully
2	17:17:28.364	Custom indicator #Signal_Bars_v6 AUDCAD,M15: loaded successfully
2	17:17:28.378	Custom indicator TrendEnvelopes_v1 AUDCAD,M15: loaded successfully
2	17:17:28.389	Custom indicator wedges AUDCAD,M15: loaded successfully
2	17:17:28.401	Custom indicator Admiral Pivot AUDCAD,M15: loaded successfully
2	17:17:28.417	Custom indicator AutoTrendChannel AUDCAD,M15: loaded successfully
2	17:17:28.433	Custom indicator FRZ Channel Auto Plotter AUDCAD,M15: loaded successfully
2	17:17:28.452	Custom indicator FRZ News Indicator MT4 AUDCAD,M15: loaded successfully
2	17:17:28.468	Custom indicator Forex Uranus direction AUDCAD,M15: loaded successfully
2	17:17:28.594	Custom indicator aVSA\aVSA clasters AUDCAD,M15: loaded successfully
2	17:17:28.617	Custom indicator aVSA\aVSA Golden Zone AUDCAD,M15: loaded successfully
2	17:17:28.632	Custom indicator breakout-zones\breakout-zones AUDCAD,M15: loaded successfully
2	17:17:28.644	Custom indicator breakout-zones\SL&TP Values AUDCAD,M15: loaded successfully
2	17:17:28.664	Custom indicator PositionSizeCalculator AUDCAD,M15: loaded successfully
2	17:17:28.789	Custom indicator AIMS AO V.2.1 AUDCAD,M15: loaded successfully
2	17:17:28.800	Custom indicator IVT_MACD_ZERO_LAG AUDCAD,M15: loaded successfully
2	17:17:28.812	Custom indicator RSI Divergence Levels AUDCAD,M15: loaded successfully
2	17:17:28.821	Custom indicator RenkoMaker_Confirm AUDCAD,M15: loaded successfully
2	17:17:28.833	Custom indicator FRZ Forex Market Session Indicator AUDCAD,M15: loaded successfully
2	17:17:29.777	Custom indicator AIMS Entry Alert V1 USDMXN,H1: loaded successfully
2	17:17:29.785	Custom indicator CandleTimer USDMXN,H1: loaded successfully
2	17:17:29.876	Custom indicator #Signal_Bars_v6 USDMXN,H1: loaded successfully
2	17:17:29.885	Custom indicator TrendEnvelopes_v1 USDMXN,H1: loaded successfully
2	17:17:29.895	Custom indicator wedges USDMXN,H1: loaded successfully
2	17:17:29.904	Custom indicator Admiral Pivot USDMXN,H1: loaded successfully
2	17:17:29.913	Custom indicator AutoTrendChannel USDMXN,H1: loaded successfully
2	17:17:29.922	Custom indicator FRZ Channel Auto Plotter USDMXN,H1: loaded successfully
2	17:17:29.933	Custom indicator FRZ News Indicator MT4 USDMXN,H1: loaded successfully
2	17:17:29.943	Custom indicator Forex Uranus direction USDMXN,H1: loaded successfully
2	17:17:30.027	Custom indicator aVSA\aVSA clasters USDMXN,H1: loaded successfully
2	17:17:30.044	Custom indicator aVSA\aVSA Golden Zone USDMXN,H1: loaded successfully
2	17:17:30.053	Custom indicator breakout-zones\breakout-zones USDMXN,H1: loaded successfully
2	17:17:30.061	Custom indicator breakout-zones\SL&TP Values USDMXN,H1: loaded successfully
2	17:17:30.077	Custom indicator PositionSizeCalculator USDMXN,H1: loaded successfully
2	17:17:30.157	Custom indicator AIMS AO V.2.1 USDMXN,H1: loaded successfully
2	17:17:30.165	Custom indicator IVT_MACD_ZERO_LAG USDMXN,H1: loaded successfully
2	17:17:30.174	Custom indicator RSI Divergence Levels USDMXN,H1: loaded successfully
2	17:17:30.181	Custom indicator RenkoMaker_Confirm USDMXN,H1: loaded successfully
2	17:17:30.189	Custom indicator FRZ Forex Market Session Indicator USDMXN,H1: loaded successfully
2	17:17:31.693	Custom indicator AIMS Entry Alert V1 GBPUSD,H1: loaded successfully
2	17:17:31.701	Custom indicator CandleTimer GBPUSD,H1: loaded successfully
2	17:17:31.774	Custom indicator #Signal_Bars_v6 GBPUSD,H1: loaded successfully
2	17:17:31.784	Custom indicator TrendEnvelopes_v1 GBPUSD,H1: loaded successfully
2	17:17:31.796	Custom indicator wedges GBPUSD,H1: loaded successfully
2	17:17:31.804	Custom indicator Admiral Pivot GBPUSD,H1: loaded successfully
2	17:17:31.812	Custom indicator AutoTrendChannel GBPUSD,H1: loaded successfully
2	17:17:31.820	Custom indicator FRZ Channel Auto Plotter GBPUSD,H1: loaded successfully
2	17:17:31.830	Custom indicator FRZ News Indicator MT4 GBPUSD,H1: loaded successfully
2	17:17:31.839	Custom indicator Forex Uranus direction GBPUSD,H1: loaded successfully
2	17:17:31.916	Custom indicator aVSA\aVSA clasters GBPUSD,H1: loaded successfully
2	17:17:31.932	Custom indicator aVSA\aVSA Golden Zone GBPUSD,H1: loaded successfully
2	17:17:31.941	Custom indicator breakout-zones\breakout-zones GBPUSD,H1: loaded successfully
2	17:17:31.949	Custom indicator breakout-zones\SL&TP Values GBPUSD,H1: loaded successfully
2	17:17:31.963	Custom indicator PositionSizeCalculator GBPUSD,H1: loaded successfully
2	17:17:32.050	Custom indicator AIMS AO V.2.1 GBPUSD,H1: loaded successfully
2	17:17:32.059	Custom indicator IVT_MACD_ZERO_LAG GBPUSD,H1: loaded successfully
2	17:17:32.068	Custom indicator RSI Divergence Levels GBPUSD,H1: loaded successfully
2	17:17:32.075	Custom indicator RenkoMaker_Confirm GBPUSD,H1: loaded successfully
2	17:17:32.083	Custom indicator FRZ Forex Market Session Indicator GBPUSD,H1: loaded successfully
2	17:17:33.415	Custom indicator AIMS Entry Alert V1 GBPAUD,H1: loaded successfully
2	17:17:33.423	Custom indicator CandleTimer GBPAUD,H1: loaded successfully
2	17:17:33.513	Custom indicator #Signal_Bars_v6 GBPAUD,H1: loaded successfully
2	17:17:33.522	Custom indicator TrendEnvelopes_v1 GBPAUD,H1: loaded successfully
2	17:17:33.532	Custom indicator wedges GBPAUD,H1: loaded successfully
2	17:17:33.542	Custom indicator Admiral Pivot GBPAUD,H1: loaded successfully
2	17:17:33.550	Custom indicator AutoTrendChannel GBPAUD,H1: loaded successfully
2	17:17:33.560	Custom indicator FRZ Channel Auto Plotter GBPAUD,H1: loaded successfully
2	17:17:33.570	Custom indicator FRZ News Indicator MT4 GBPAUD,H1: loaded successfully
2	17:17:33.580	Custom indicator Forex Uranus direction GBPAUD,H1: loaded successfully
2	17:17:33.667	Custom indicator aVSA\aVSA clasters GBPAUD,H1: loaded successfully
2	17:17:33.685	Custom indicator aVSA\aVSA Golden Zone GBPAUD,H1: loaded successfully
2	17:17:33.694	Custom indicator breakout-zones\breakout-zones GBPAUD,H1: loaded successfully
2	17:17:33.703	Custom indicator breakout-zones\SL&TP Values GBPAUD,H1: loaded successfully
2	17:17:33.719	Custom indicator PositionSizeCalculator GBPAUD,H1: loaded successfully
2	17:17:33.808	Custom indicator AIMS AO V.2.1 GBPAUD,H1: loaded successfully
2	17:17:33.820	Custom indicator IVT_MACD_ZERO_LAG GBPAUD,H1: loaded successfully
2	17:17:33.836	Custom indicator RSI Divergence Levels GBPAUD,H1: loaded successfully
2	17:17:33.844	Custom indicator RenkoMaker_Confirm GBPAUD,H1: loaded successfully
2	17:17:33.858	Custom indicator FRZ Forex Market Session Indicator GBPAUD,H1: loaded successfully
2	17:17:34.822	Custom indicator AIMS Entry Alert V1 EURGBP,H1: loaded successfully
2	17:17:34.831	Custom indicator CandleTimer EURGBP,H1: loaded successfully
2	17:17:34.931	Custom indicator #Signal_Bars_v6 EURGBP,H1: loaded successfully
2	17:17:34.945	Custom indicator TrendEnvelopes_v1 EURGBP,H1: loaded successfully
2	17:17:34.959	Custom indicator wedges EURGBP,H1: loaded successfully
2	17:17:34.970	Custom indicator Admiral Pivot EURGBP,H1: loaded successfully
2	17:17:34.980	Custom indicator AutoTrendChannel EURGBP,H1: loaded successfully
2	17:17:34.992	Custom indicator FRZ Channel Auto Plotter EURGBP,H1: loaded successfully
2	17:17:35.004	Custom indicator FRZ News Indicator MT4 EURGBP,H1: loaded successfully
2	17:17:35.016	Custom indicator Forex Uranus direction EURGBP,H1: loaded successfully
2	17:17:35.121	Custom indicator aVSA\aVSA clasters EURGBP,H1: loaded successfully
2	17:17:35.149	Custom indicator aVSA\aVSA Golden Zone EURGBP,H1: loaded successfully
2	17:17:35.161	Custom indicator breakout-zones\breakout-zones EURGBP,H1: loaded successfully
2	17:17:35.171	Custom indicator breakout-zones\SL&TP Values EURGBP,H1: loaded successfully
2	17:17:35.190	Custom indicator PositionSizeCalculator EURGBP,H1: loaded successfully
2	17:17:35.292	Custom indicator AIMS AO V.2.1 EURGBP,H1: loaded successfully
2	17:17:35.304	Custom indicator IVT_MACD_ZERO_LAG EURGBP,H1: loaded successfully
2	17:17:35.314	Custom indicator RSI Divergence Levels EURGBP,H1: loaded successfully
2	17:17:35.322	Custom indicator RenkoMaker_Confirm EURGBP,H1: loaded successfully
2	17:17:35.332	Custom indicator FRZ Forex Market Session Indicator EURGBP,H1: loaded successfully
2	17:17:36.206	Custom indicator AIMS Entry Alert V1 GBPUSD,H1: loaded successfully
2	17:17:36.213	Custom indicator CandleTimer GBPUSD,H1: loaded successfully
2	17:17:36.297	Custom indicator #Signal_Bars_v6 GBPUSD,H1: loaded successfully
2	17:17:36.306	Custom indicator TrendEnvelopes_v1 GBPUSD,H1: loaded successfully
2	17:17:36.316	Custom indicator wedges GBPUSD,H1: loaded successfully
2	17:17:36.324	Custom indicator Admiral Pivot GBPUSD,H1: loaded successfully
2	17:17:36.333	Custom indicator AutoTrendChannel GBPUSD,H1: loaded successfully
2	17:17:36.342	Custom indicator FRZ Channel Auto Plotter GBPUSD,H1: loaded successfully
2	17:17:36.352	Custom indicator FRZ News Indicator MT4 GBPUSD,H1: loaded successfully
2	17:17:36.362	Custom indicator Forex Uranus direction GBPUSD,H1: loaded successfully
2	17:17:36.446	Custom indicator aVSA\aVSA clasters GBPUSD,H1: loaded successfully
2	17:17:36.463	Custom indicator aVSA\aVSA Golden Zone GBPUSD,H1: loaded successfully
2	17:17:36.472	Custom indicator breakout-zones\breakout-zones GBPUSD,H1: loaded successfully
2	17:17:36.481	Custom indicator breakout-zones\SL&TP Values GBPUSD,H1: loaded successfully
2	17:17:36.497	Custom indicator PositionSizeCalculator GBPUSD,H1: loaded successfully
2	17:17:36.580	Custom indicator AIMS AO V.2.1 GBPUSD,H1: loaded successfully
2	17:17:36.588	Custom indicator IVT_MACD_ZERO_LAG GBPUSD,H1: loaded successfully
2	17:17:36.597	Custom indicator RSI Divergence Levels GBPUSD,H1: loaded successfully
2	17:17:36.605	Custom indicator RenkoMaker_Confirm GBPUSD,H1: loaded successfully
2	17:17:36.614	Custom indicator FRZ Forex Market Session Indicator GBPUSD,H1: loaded successfully
2	17:17:37.346	Custom indicator AIMS Entry Alert V1 NZDJPY,H1: loaded successfully
2	17:17:37.353	Custom indicator CandleTimer NZDJPY,H1: loaded successfully
2	17:17:37.438	Custom indicator #Signal_Bars_v6 NZDJPY,H1: loaded successfully
2	17:17:37.447	Custom indicator TrendEnvelopes_v1 NZDJPY,H1: loaded successfully
2	17:17:37.457	Custom indicator wedges NZDJPY,H1: loaded successfully
2	17:17:37.467	Custom indicator Admiral Pivot NZDJPY,H1: loaded successfully
2	17:17:37.475	Custom indicator AutoTrendChannel NZDJPY,H1: loaded successfully
2	17:17:37.484	Custom indicator FRZ Channel Auto Plotter NZDJPY,H1: loaded successfully
2	17:17:37.495	Custom indicator FRZ News Indicator MT4 NZDJPY,H1: loaded successfully
2	17:17:37.504	Custom indicator Forex Uranus direction NZDJPY,H1: loaded successfully
2	17:17:37.588	Custom indicator aVSA\aVSA clasters NZDJPY,H1: loaded successfully
2	17:17:37.606	Custom indicator aVSA\aVSA Golden Zone NZDJPY,H1: loaded successfully
2	17:17:37.615	Custom indicator breakout-zones\breakout-zones NZDJPY,H1: loaded successfully
2	17:17:37.624	Custom indicator breakout-zones\SL&TP Values NZDJPY,H1: loaded successfully
2	17:17:37.640	Custom indicator PositionSizeCalculator NZDJPY,H1: loaded successfully
2	17:17:37.725	Custom indicator AIMS AO V.2.1 NZDJPY,H1: loaded successfully
2	17:17:37.734	Custom indicator IVT_MACD_ZERO_LAG NZDJPY,H1: loaded successfully
2	17:17:37.743	Custom indicator RSI Divergence Levels NZDJPY,H1: loaded successfully
2	17:17:37.751	Custom indicator RenkoMaker_Confirm NZDJPY,H1: loaded successfully
2	17:17:37.760	Custom indicator FRZ Forex Market Session Indicator NZDJPY,H1: loaded successfully
2	17:17:38.715	Custom indicator AIMS Entry Alert V1 GBPNZD,H1: loaded successfully
2	17:17:38.723	Custom indicator CandleTimer GBPNZD,H1: loaded successfully
2	17:17:38.811	Custom indicator #Signal_Bars_v6 GBPNZD,H1: loaded successfully
2	17:17:38.820	Custom indicator TrendEnvelopes_v1 GBPNZD,H1: loaded successfully
2	17:17:38.829	Custom indicator wedges GBPNZD,H1: loaded successfully
2	17:17:38.839	Custom indicator Admiral Pivot GBPNZD,H1: loaded successfully
2	17:17:38.847	Custom indicator AutoTrendChannel GBPNZD,H1: loaded successfully
2	17:17:38.856	Custom indicator FRZ Channel Auto Plotter GBPNZD,H1: loaded successfully
2	17:17:38.867	Custom indicator FRZ News Indicator MT4 GBPNZD,H1: loaded successfully
2	17:17:38.878	Custom indicator Forex Uranus direction GBPNZD,H1: loaded successfully
2	17:17:38.969	Custom indicator aVSA\aVSA clasters GBPNZD,H1: loaded successfully
2	17:17:38.988	Custom indicator aVSA\aVSA Golden Zone GBPNZD,H1: loaded successfully
2	17:17:38.997	Custom indicator breakout-zones\breakout-zones GBPNZD,H1: loaded successfully
2	17:17:39.007	Custom indicator breakout-zones\SL&TP Values GBPNZD,H1: loaded successfully
2	17:17:39.024	Custom indicator PositionSizeCalculator GBPNZD,H1: loaded successfully
2	17:17:39.113	Custom indicator AIMS AO V.2.1 GBPNZD,H1: loaded successfully
2	17:17:39.122	Custom indicator IVT_MACD_ZERO_LAG GBPNZD,H1: loaded successfully
2	17:17:39.132	Custom indicator RSI Divergence Levels GBPNZD,H1: loaded successfully
2	17:17:39.139	Custom indicator RenkoMaker_Confirm GBPNZD,H1: loaded successfully
2	17:17:39.148	Custom indicator FRZ Forex Market Session Indicator GBPNZD,H1: loaded successfully
2	17:17:39.967	Custom indicator AIMS Entry Alert V1 AUDJPY,H1: loaded successfully
2	17:17:39.979	Custom indicator CandleTimer AUDJPY,H1: loaded successfully
2	17:17:40.082	Custom indicator #Signal_Bars_v6 AUDJPY,H1: loaded successfully
2	17:17:40.093	Custom indicator TrendEnvelopes_v1 AUDJPY,H1: loaded successfully
2	17:17:40.107	Custom indicator wedges AUDJPY,H1: loaded successfully
2	17:17:40.119	Custom indicator Admiral Pivot AUDJPY,H1: loaded successfully
2	17:17:40.129	Custom indicator AutoTrendChannel AUDJPY,H1: loaded successfully
2	17:17:40.141	Custom indicator FRZ Channel Auto Plotter AUDJPY,H1: loaded successfully
2	17:17:40.157	Custom indicator FRZ News Indicator MT4 AUDJPY,H1: loaded successfully
2	17:17:40.173	Custom indicator Forex Uranus direction AUDJPY,H1: loaded successfully
2	17:17:40.279	Custom indicator aVSA\aVSA clasters AUDJPY,H1: loaded successfully
2	17:17:40.300	Custom indicator aVSA\aVSA Golden Zone AUDJPY,H1: loaded successfully
2	17:17:40.315	Custom indicator breakout-zones\breakout-zones AUDJPY,H1: loaded successfully
2	17:17:40.326	Custom indicator breakout-zones\SL&TP Values AUDJPY,H1: loaded successfully
2	17:17:40.349	Custom indicator PositionSizeCalculator AUDJPY,H1: loaded successfully
2	17:17:40.455	Custom indicator AIMS AO V.2.1 AUDJPY,H1: loaded successfully
2	17:17:40.466	Custom indicator IVT_MACD_ZERO_LAG AUDJPY,H1: loaded successfully
2	17:17:40.477	Custom indicator RSI Divergence Levels AUDJPY,H1: loaded successfully
2	17:17:40.487	Custom indicator RenkoMaker_Confirm AUDJPY,H1: loaded successfully
2	17:17:40.497	Custom indicator FRZ Forex Market Session Indicator AUDJPY,H1: loaded successfully
2	17:17:41.460	Custom indicator AIMS Entry Alert V1 CADCHF,H1: loaded successfully
2	17:17:41.470	Custom indicator CandleTimer CADCHF,H1: loaded successfully
2	17:17:41.580	Custom indicator #Signal_Bars_v6 CADCHF,H1: loaded successfully
2	17:17:41.592	Custom indicator TrendEnvelopes_v1 CADCHF,H1: loaded successfully
2	17:17:41.604	Custom indicator wedges CADCHF,H1: loaded successfully
2	17:17:41.615	Custom indicator Admiral Pivot CADCHF,H1: loaded successfully
2	17:17:41.625	Custom indicator AutoTrendChannel CADCHF,H1: loaded successfully
2	17:17:41.637	Custom indicator FRZ Channel Auto Plotter CADCHF,H1: loaded successfully
2	17:17:41.650	Custom indicator FRZ News Indicator MT4 CADCHF,H1: loaded successfully
2	17:17:41.661	Custom indicator Forex Uranus direction CADCHF,H1: loaded successfully
2	17:17:41.817	Custom indicator aVSA\aVSA clasters CADCHF,H1: loaded successfully
2	17:17:41.845	Custom indicator aVSA\aVSA Golden Zone CADCHF,H1: loaded successfully
2	17:17:41.860	Custom indicator breakout-zones\breakout-zones CADCHF,H1: loaded successfully
2	17:17:41.872	Custom indicator breakout-zones\SL&TP Values CADCHF,H1: loaded successfully
2	17:17:41.893	Custom indicator PositionSizeCalculator CADCHF,H1: loaded successfully
2	17:17:42.029	Custom indicator AIMS AO V.2.1 CADCHF,H1: loaded successfully
2	17:17:42.044	Custom indicator IVT_MACD_ZERO_LAG CADCHF,H1: loaded successfully
2	17:17:42.061	Custom indicator RSI Divergence Levels CADCHF,H1: loaded successfully
2	17:17:42.075	Custom indicator RenkoMaker_Confirm CADCHF,H1: loaded successfully
2	17:17:42.088	Custom indicator FRZ Forex Market Session Indicator CADCHF,H1: loaded successfully
2	17:17:43.244	Custom indicator AIMS Entry Alert V1 DJ30,H1: loaded successfully
2	17:17:43.252	Custom indicator CandleTimer DJ30,H1: loaded successfully
2	17:17:43.343	Custom indicator #Signal_Bars_v6 DJ30,H1: loaded successfully
2	17:17:43.352	Custom indicator TrendEnvelopes_v1 DJ30,H1: loaded successfully
2	17:17:43.363	Custom indicator wedges DJ30,H1: loaded successfully
2	17:17:43.373	Custom indicator Admiral Pivot DJ30,H1: loaded successfully
2	17:17:43.382	Custom indicator AutoTrendChannel DJ30,H1: loaded successfully
2	17:17:43.391	Custom indicator FRZ Channel Auto Plotter DJ30,H1: loaded successfully
2	17:17:43.402	Custom indicator FRZ News Indicator MT4 DJ30,H1: loaded successfully
2	17:17:43.411	Custom indicator Forex Uranus direction DJ30,H1: loaded successfully
2	17:17:43.502	Custom indicator aVSA\aVSA clasters DJ30,H1: loaded successfully
2	17:17:43.520	Custom indicator aVSA\aVSA Golden Zone DJ30,H1: loaded successfully
2	17:17:43.530	Custom indicator breakout-zones\breakout-zones DJ30,H1: loaded successfully
2	17:17:43.539	Custom indicator breakout-zones\SL&TP Values DJ30,H1: loaded successfully
2	17:17:43.556	Custom indicator PositionSizeCalculator DJ30,H1: loaded successfully
2	17:17:43.644	Custom indicator AIMS AO V.2.1 DJ30,H1: loaded successfully
2	17:17:43.654	Custom indicator IVT_MACD_ZERO_LAG DJ30,H1: loaded successfully
2	17:17:43.663	Custom indicator RSI Divergence Levels DJ30,H1: loaded successfully
2	17:17:43.671	Custom indicator RenkoMaker_Confirm DJ30,H1: loaded successfully
2	17:17:43.680	Custom indicator FRZ Forex Market Session Indicator DJ30,H1: loaded successfully
2	17:17:44.203	Custom indicator AIMS Entry Alert V1 DAX30,H1: loaded successfully
2	17:17:44.211	Custom indicator CandleTimer DAX30,H1: loaded successfully
2	17:17:44.300	Custom indicator #Signal_Bars_v6 DAX30,H1: loaded successfully
2	17:17:44.309	Custom indicator TrendEnvelopes_v1 DAX30,H1: loaded successfully
2	17:17:44.319	Custom indicator wedges DAX30,H1: loaded successfully
2	17:17:44.329	Custom indicator Admiral Pivot DAX30,H1: loaded successfully
2	17:17:44.339	Custom indicator AutoTrendChannel DAX30,H1: loaded successfully
2	17:17:44.348	Custom indicator FRZ Channel Auto Plotter DAX30,H1: loaded successfully
2	17:17:44.360	Custom indicator FRZ News Indicator MT4 DAX30,H1: loaded successfully
2	17:17:44.369	Custom indicator Forex Uranus direction DAX30,H1: loaded successfully
2	17:17:44.460	Custom indicator aVSA\aVSA clasters DAX30,H1: loaded successfully
2	17:17:44.480	Custom indicator aVSA\aVSA Golden Zone DAX30,H1: loaded successfully
2	17:17:44.493	Custom indicator breakout-zones\breakout-zones DAX30,H1: loaded successfully
2	17:17:44.505	Custom indicator breakout-zones\SL&TP Values DAX30,H1: loaded successfully
2	17:17:44.522	Custom indicator PositionSizeCalculator DAX30,H1: loaded successfully
2	17:17:44.619	Custom indicator AIMS AO V.2.1 DAX30,H1: loaded successfully
2	17:17:44.629	Custom indicator IVT_MACD_ZERO_LAG DAX30,H1: loaded successfully
2	17:17:44.643	Custom indicator RSI Divergence Levels DAX30,H1: loaded successfully
2	17:17:44.651	Custom indicator RenkoMaker_Confirm DAX30,H1: loaded successfully
2	17:17:44.661	Custom indicator FRZ Forex Market Session Indicator DAX30,H1: loaded successfully
0	17:17:48.965	'1300050632': login on FTMO-Server2 through DC 3 (ping: 219.42 ms)
1	17:18:13.064	'1300050632': datacenter connecting failed [6]
0	17:18:15.069	'1300050632': previous successful authorization performed from 102.68.237.194
0	17:18:55.984	'1300050632': auto connecting to a better access point DC 1 (ping is n/a)
1	17:19:17.365	'1300050632': connect failed [Connection échouée]
0	17:19:38.332	'1300050632': login on FTMO-Server2 through DC 1 (ping: n/a)
1	17:20:00.984	'1300050632': datacenter connecting failed [6]
0	17:20:01.644	'1300050632': previous successful authorization performed from 102.68.237.194
0	17:20:36.753	'1300050632': ping to current access point DC 1 is n/a
1	17:25:28.799	'1300050632': connect failed [Connection échouée]
0	17:27:06.432	'1300050632': login on FTMO-Server2 through DC 2 (ping: n/a)
1	17:27:40.138	'1300050632': datacenter connecting failed [6]
0	17:27:40.743	'1300050632': previous successful authorization performed from 102.68.237.194
0	17:28:27.867	'1300050632': ping to current access point DC 2 is 271.82 ms
0	17:28:38.230	'1300050632': order sell market 0.08 BTCUSD sl: 0.00 tp: 0.00
0	17:29:03.896	'1300050632': order was opened : #5966917 sell 0.08 BTCUSD at 35099.34 sl: 0.00 tp: 0.00
0	17:29:16.967	'1300050632': modify order #5966917 sell 0.08 BTCUSD at 35099.34 sl: 0.00 tp: 0.00 -> sl: 36464.48 tp: 0.00
0	17:29:19.142	'1300050632': order #5966917 sell 0.08 BTCUSD at 35099.34 was modified -> sl: 36464.48 tp: 0.00
1	19:41:47.581	'1300050632': ping failed
1	19:41:47.903	'1300050632': connect failed [Connection échouée]
0	19:41:55.075	'1300050632': login on FTMO-Server2 through DC 1 (ping: n/a)
1	19:42:16.260	'1300050632': datacenter connecting failed [6]
0	19:42:16.344	'1300050632': auto connecting to a better access point DC 4 (ping is 273.73 ms)
0	19:42:58.900	'1300050632': login on FTMO-Server2 through DC 1 (ping: 283.62 ms)
1	19:43:23.125	'1300050632': datacenter connecting failed [6]
0	19:43:23.560	'1300050632': previous successful authorization performed from 102.68.237.194
1	20:30:45.917	'1300050632': ping failed
1	20:31:46.984	'1300050632': connect failed [Connection échouée]
