0	07:01:44.255	Admiral Markets build 1330 started (Admiral Markets Group AS)
0	07:01:44.255	Windows 10 Pro x64, IE 11, UAC, 8 x Intel Core i7-10510U  @ 1.80GHz, Memory: 1453 / 8014 Mb, Disk: 10 / 237 Gb, GMT+3
0	07:01:44.255	Data Folder: C:\Users\SRIE\AppData\Roaming\MetaQuotes\Terminal\51337600F56B69473E15EAFB8A7586B4
2	07:01:50.449	Custom indicator AIMS Levels V2 DE30,M1: loaded successfully
2	07:01:50.557	Custom indicator AIMS Entry Alert V1 DE30,M1: loaded successfully
2	07:01:50.566	Custom indicator CandleTimer DE30,M1: loaded successfully
2	07:01:50.693	Custom indicator #Signal_Bars_v6 DE30,M1: loaded successfully
2	07:01:50.709	Custom indicator TrendEnvelopes_v1 DE30,M1: loaded successfully
2	07:01:50.903	Custom indicator guppy_multiple_moving_averages DE30,M1: loaded successfully
2	07:01:50.915	Custom indicator wedges DE30,M1: loaded successfully
2	07:01:50.927	Custom indicator Admiral Pivot DE30,M1: loaded successfully
2	07:01:50.939	Custom indicator AutoTrendChannel DE30,M1: loaded successfully
2	07:01:50.951	Custom indicator FRZ Channel Auto Plotter DE30,M1: loaded successfully
2	07:01:50.965	Custom indicator FRZ News Indicator MT4 DE30,M1: loaded successfully
2	07:01:50.977	Custom indicator Forex Uranus direction DE30,M1: loaded successfully
2	07:01:51.081	Custom indicator AIMS AO V.2.1 DE30,M1: loaded successfully
2	07:01:51.092	Custom indicator IVT_MACD_ZERO_LAG DE30,M1: loaded successfully
2	07:01:51.105	Custom indicator RSI Divergence Levels DE30,M1: loaded successfully
2	07:01:51.114	Custom indicator FRZ Forex Market Session Indicator DE30,M1: loaded successfully
2	07:02:04.247	Custom indicator AIMS Levels V2 DE30,M5: loaded successfully
2	07:02:04.327	Custom indicator AIMS Entry Alert V1 DE30,M5: loaded successfully
2	07:02:04.335	Custom indicator CandleTimer DE30,M5: loaded successfully
2	07:02:04.413	Custom indicator #Signal_Bars_v6 DE30,M5: loaded successfully
2	07:02:04.422	Custom indicator TrendEnvelopes_v1 DE30,M5: loaded successfully
2	07:02:04.430	Custom indicator guppy_multiple_moving_averages DE30,M5: loaded successfully
2	07:02:04.440	Custom indicator wedges DE30,M5: loaded successfully
2	07:02:04.449	Custom indicator Admiral Pivot DE30,M5: loaded successfully
2	07:02:04.456	Custom indicator AutoTrendChannel DE30,M5: loaded successfully
2	07:02:04.464	Custom indicator FRZ Channel Auto Plotter DE30,M5: loaded successfully
2	07:02:04.474	Custom indicator FRZ News Indicator MT4 DE30,M5: loaded successfully
2	07:02:04.484	Custom indicator Forex Uranus direction DE30,M5: loaded successfully
2	07:02:04.569	Custom indicator AIMS AO V.2.1 DE30,M5: loaded successfully
2	07:02:04.577	Custom indicator IVT_MACD_ZERO_LAG DE30,M5: loaded successfully
2	07:02:04.586	Custom indicator RSI Divergence Levels DE30,M5: loaded successfully
2	07:02:04.594	Custom indicator FRZ Forex Market Session Indicator DE30,M5: loaded successfully
2	07:02:08.347	Custom indicator AIMS Levels V2 DE30,M15: loaded successfully
2	07:02:08.425	Custom indicator AIMS Entry Alert V1 DE30,M15: loaded successfully
2	07:02:08.432	Custom indicator CandleTimer DE30,M15: loaded successfully
2	07:02:08.508	Custom indicator #Signal_Bars_v6 DE30,M15: loaded successfully
2	07:02:08.517	Custom indicator TrendEnvelopes_v1 DE30,M15: loaded successfully
2	07:02:08.525	Custom indicator guppy_multiple_moving_averages DE30,M15: loaded successfully
2	07:02:08.533	Custom indicator wedges DE30,M15: loaded successfully
2	07:02:08.542	Custom indicator Admiral Pivot DE30,M15: loaded successfully
2	07:02:08.550	Custom indicator AutoTrendChannel DE30,M15: loaded successfully
2	07:02:08.558	Custom indicator FRZ Channel Auto Plotter DE30,M15: loaded successfully
2	07:02:08.572	Custom indicator FRZ News Indicator MT4 DE30,M15: loaded successfully
2	07:02:08.582	Custom indicator Forex Uranus direction DE30,M15: loaded successfully
2	07:02:08.666	Custom indicator AIMS AO V.2.1 DE30,M15: loaded successfully
2	07:02:08.678	Custom indicator IVT_MACD_ZERO_LAG DE30,M15: loaded successfully
2	07:02:08.686	Custom indicator RSI Divergence Levels DE30,M15: loaded successfully
2	07:02:08.694	Custom indicator FRZ Forex Market Session Indicator DE30,M15: loaded successfully
2	07:02:10.432	Custom indicator AIMS Levels V2 DE30,H1: loaded successfully
2	07:02:10.509	Custom indicator AIMS Entry Alert V1 DE30,H1: loaded successfully
2	07:02:10.516	Custom indicator CandleTimer DE30,H1: loaded successfully
2	07:02:10.590	Custom indicator #Signal_Bars_v6 DE30,H1: loaded successfully
2	07:02:10.599	Custom indicator TrendEnvelopes_v1 DE30,H1: loaded successfully
2	07:02:10.607	Custom indicator guppy_multiple_moving_averages DE30,H1: loaded successfully
2	07:02:10.615	Custom indicator wedges DE30,H1: loaded successfully
2	07:02:10.624	Custom indicator Admiral Pivot DE30,H1: loaded successfully
2	07:02:10.632	Custom indicator AutoTrendChannel DE30,H1: loaded successfully
2	07:02:10.641	Custom indicator FRZ Channel Auto Plotter DE30,H1: loaded successfully
2	07:02:10.650	Custom indicator FRZ News Indicator MT4 DE30,H1: loaded successfully
2	07:02:10.659	Custom indicator Forex Uranus direction DE30,H1: loaded successfully
2	07:02:10.668	Custom indicator Quadrilateral DE30,H1: loaded successfully
2	07:02:10.744	Custom indicator AIMS AO V.2.1 DE30,H1: loaded successfully
2	07:02:10.753	Custom indicator IVT_MACD_ZERO_LAG DE30,H1: loaded successfully
2	07:02:10.762	Custom indicator RSI Divergence Levels DE30,H1: loaded successfully
2	07:02:10.770	Custom indicator FRZ Forex Market Session Indicator DE30,H1: loaded successfully
2	07:02:11.886	Custom indicator AIMS Levels V2 US30,M1: loaded successfully
2	07:02:11.965	Custom indicator AIMS Entry Alert V1 US30,M1: loaded successfully
2	07:02:11.973	Custom indicator CandleTimer US30,M1: loaded successfully
2	07:02:12.052	Custom indicator #Signal_Bars_v6 US30,M1: loaded successfully
2	07:02:12.062	Custom indicator TrendEnvelopes_v1 US30,M1: loaded successfully
2	07:02:12.070	Custom indicator guppy_multiple_moving_averages US30,M1: loaded successfully
2	07:02:12.079	Custom indicator wedges US30,M1: loaded successfully
2	07:02:12.087	Custom indicator Admiral Pivot US30,M1: loaded successfully
2	07:02:12.096	Custom indicator AutoTrendChannel US30,M1: loaded successfully
2	07:02:12.105	Custom indicator FRZ Channel Auto Plotter US30,M1: loaded successfully
2	07:02:12.115	Custom indicator FRZ News Indicator MT4 US30,M1: loaded successfully
2	07:02:12.124	Custom indicator Forex Uranus direction US30,M1: loaded successfully
2	07:02:12.200	Custom indicator AIMS AO V.2.1 US30,M1: loaded successfully
2	07:02:12.209	Custom indicator IVT_MACD_ZERO_LAG US30,M1: loaded successfully
2	07:02:12.218	Custom indicator RSI Divergence Levels US30,M1: loaded successfully
2	07:02:12.226	Custom indicator FRZ Forex Market Session Indicator US30,M1: loaded successfully
2	07:02:24.907	Custom indicator AIMS Levels V2 US30,M5: loaded successfully
2	07:02:24.985	Custom indicator AIMS Entry Alert V1 US30,M5: loaded successfully
2	07:02:24.992	Custom indicator CandleTimer US30,M5: loaded successfully
2	07:02:25.068	Custom indicator #Signal_Bars_v6 US30,M5: loaded successfully
2	07:02:25.076	Custom indicator TrendEnvelopes_v1 US30,M5: loaded successfully
2	07:02:25.084	Custom indicator guppy_multiple_moving_averages US30,M5: loaded successfully
2	07:02:25.092	Custom indicator wedges US30,M5: loaded successfully
2	07:02:25.101	Custom indicator Admiral Pivot US30,M5: loaded successfully
2	07:02:25.109	Custom indicator AutoTrendChannel US30,M5: loaded successfully
2	07:02:25.117	Custom indicator FRZ Channel Auto Plotter US30,M5: loaded successfully
2	07:02:25.126	Custom indicator FRZ News Indicator MT4 US30,M5: loaded successfully
2	07:02:25.135	Custom indicator Forex Uranus direction US30,M5: loaded successfully
2	07:02:25.209	Custom indicator AIMS AO V.2.1 US30,M5: loaded successfully
2	07:02:25.217	Custom indicator IVT_MACD_ZERO_LAG US30,M5: loaded successfully
2	07:02:25.225	Custom indicator RSI Divergence Levels US30,M5: loaded successfully
2	07:02:25.233	Custom indicator FRZ Forex Market Session Indicator US30,M5: loaded successfully
2	07:02:30.800	Custom indicator AIMS Levels V2 US30,M15: loaded successfully
2	07:02:30.872	Custom indicator AIMS Entry Alert V1 US30,M15: loaded successfully
2	07:02:30.879	Custom indicator CandleTimer US30,M15: loaded successfully
2	07:02:30.949	Custom indicator #Signal_Bars_v6 US30,M15: loaded successfully
2	07:02:30.957	Custom indicator TrendEnvelopes_v1 US30,M15: loaded successfully
2	07:02:30.965	Custom indicator guppy_multiple_moving_averages US30,M15: loaded successfully
2	07:02:30.973	Custom indicator wedges US30,M15: loaded successfully
2	07:02:30.981	Custom indicator Admiral Pivot US30,M15: loaded successfully
2	07:02:30.989	Custom indicator AutoTrendChannel US30,M15: loaded successfully
2	07:02:30.997	Custom indicator FRZ Channel Auto Plotter US30,M15: loaded successfully
2	07:02:31.006	Custom indicator FRZ News Indicator MT4 US30,M15: loaded successfully
2	07:02:31.014	Custom indicator Forex Uranus direction US30,M15: loaded successfully
2	07:02:31.023	Custom indicator Quadrilateral US30,M15: loaded successfully
2	07:02:31.095	Custom indicator AIMS AO V.2.1 US30,M15: loaded successfully
2	07:02:31.103	Custom indicator IVT_MACD_ZERO_LAG US30,M15: loaded successfully
2	07:02:31.112	Custom indicator RSI Divergence Levels US30,M15: loaded successfully
2	07:02:31.120	Custom indicator FRZ Forex Market Session Indicator US30,M15: loaded successfully
2	07:02:32.741	Custom indicator AIMS Levels V2 US30,H1: loaded successfully
2	07:02:32.818	Custom indicator AIMS Entry Alert V1 US30,H1: loaded successfully
2	07:02:32.825	Custom indicator CandleTimer US30,H1: loaded successfully
2	07:02:32.900	Custom indicator #Signal_Bars_v6 US30,H1: loaded successfully
2	07:02:32.910	Custom indicator TrendEnvelopes_v1 US30,H1: loaded successfully
2	07:02:32.918	Custom indicator guppy_multiple_moving_averages US30,H1: loaded successfully
2	07:02:32.927	Custom indicator wedges US30,H1: loaded successfully
2	07:02:32.935	Custom indicator Admiral Pivot US30,H1: loaded successfully
2	07:02:32.943	Custom indicator AutoTrendChannel US30,H1: loaded successfully
2	07:02:32.952	Custom indicator FRZ Channel Auto Plotter US30,H1: loaded successfully
2	07:02:32.961	Custom indicator FRZ News Indicator MT4 US30,H1: loaded successfully
2	07:02:32.970	Custom indicator Forex Uranus direction US30,H1: loaded successfully
2	07:02:33.044	Custom indicator AIMS AO V.2.1 US30,H1: loaded successfully
2	07:02:33.052	Custom indicator IVT_MACD_ZERO_LAG US30,H1: loaded successfully
2	07:02:33.060	Custom indicator RSI Divergence Levels US30,H1: loaded successfully
2	07:02:33.068	Custom indicator FRZ Forex Market Session Indicator US30,H1: loaded successfully
2	07:02:34.683	Custom indicator AIMS Levels V2 USTEC,M15: loaded successfully
2	07:02:34.748	Custom indicator AIMS Entry Alert V1 USTEC,M15: loaded successfully
2	07:02:34.755	Custom indicator CandleTimer USTEC,M15: loaded successfully
2	07:02:34.821	Custom indicator #Signal_Bars_v6 USTEC,M15: loaded successfully
2	07:02:34.829	Custom indicator TrendEnvelopes_v1 USTEC,M15: loaded successfully
2	07:02:34.836	Custom indicator guppy_multiple_moving_averages USTEC,M15: loaded successfully
2	07:02:34.843	Custom indicator wedges USTEC,M15: loaded successfully
2	07:02:34.851	Custom indicator Admiral Pivot USTEC,M15: loaded successfully
2	07:02:34.858	Custom indicator AutoTrendChannel USTEC,M15: loaded successfully
2	07:02:34.866	Custom indicator FRZ Channel Auto Plotter USTEC,M15: loaded successfully
2	07:02:34.874	Custom indicator FRZ News Indicator MT4 USTEC,M15: loaded successfully
2	07:02:34.882	Custom indicator Forex Uranus direction USTEC,M15: loaded successfully
2	07:02:34.951	Custom indicator AIMS AO V.2.1 USTEC,M15: loaded successfully
2	07:02:34.960	Custom indicator IVT_MACD_ZERO_LAG USTEC,M15: loaded successfully
2	07:02:34.969	Custom indicator RSI Divergence Levels USTEC,M15: loaded successfully
2	07:02:34.976	Custom indicator FRZ Forex Market Session Indicator USTEC,M15: loaded successfully
2	07:02:36.625	Custom indicator AIMS Levels V2 XAUUSD,M1: loaded successfully
2	07:02:36.712	Custom indicator AIMS Entry Alert V1 XAUUSD,M1: loaded successfully
2	07:02:36.719	Custom indicator CandleTimer XAUUSD,M1: loaded successfully
2	07:02:36.801	Custom indicator #Signal_Bars_v6 XAUUSD,M1: loaded successfully
2	07:02:36.811	Custom indicator TrendEnvelopes_v1 XAUUSD,M1: loaded successfully
2	07:02:36.819	Custom indicator guppy_multiple_moving_averages XAUUSD,M1: loaded successfully
2	07:02:36.829	Custom indicator wedges XAUUSD,M1: loaded successfully
2	07:02:36.840	Custom indicator Admiral Pivot XAUUSD,M1: loaded successfully
2	07:02:36.848	Custom indicator AutoTrendChannel XAUUSD,M1: loaded successfully
2	07:02:36.857	Custom indicator FRZ Channel Auto Plotter XAUUSD,M1: loaded successfully
2	07:02:36.873	Custom indicator FRZ News Indicator MT4 XAUUSD,M1: loaded successfully
2	07:02:36.887	Custom indicator Forex Uranus direction XAUUSD,M1: loaded successfully
2	07:02:37.004	Custom indicator AIMS AO V.2.1 XAUUSD,M1: loaded successfully
2	07:02:37.020	Custom indicator IVT_MACD_ZERO_LAG XAUUSD,M1: loaded successfully
2	07:02:37.030	Custom indicator RSI Divergence Levels XAUUSD,M1: loaded successfully
2	07:02:37.039	Custom indicator FRZ Forex Market Session Indicator XAUUSD,M1: loaded successfully
2	07:02:50.491	Custom indicator AIMS Levels V2 BRENT,H1: loaded successfully
2	07:02:50.573	Custom indicator AIMS Entry Alert V1 BRENT,H1: loaded successfully
2	07:02:50.582	Custom indicator CandleTimer BRENT,H1: loaded successfully
2	07:02:50.663	Custom indicator #Signal_Bars_v6 BRENT,H1: loaded successfully
2	07:02:50.672	Custom indicator TrendEnvelopes_v1 BRENT,H1: loaded successfully
2	07:02:50.680	Custom indicator guppy_multiple_moving_averages BRENT,H1: loaded successfully
2	07:02:50.688	Custom indicator wedges BRENT,H1: loaded successfully
2	07:02:50.697	Custom indicator Admiral Pivot BRENT,H1: loaded successfully
2	07:02:50.705	Custom indicator AutoTrendChannel BRENT,H1: loaded successfully
2	07:02:50.714	Custom indicator FRZ Channel Auto Plotter BRENT,H1: loaded successfully
2	07:02:50.725	Custom indicator FRZ News Indicator MT4 BRENT,H1: loaded successfully
2	07:02:50.734	Custom indicator Forex Uranus direction BRENT,H1: loaded successfully
2	07:02:50.809	Custom indicator AIMS AO V.2.1 BRENT,H1: loaded successfully
2	07:02:50.818	Custom indicator IVT_MACD_ZERO_LAG BRENT,H1: loaded successfully
2	07:02:50.826	Custom indicator RSI Divergence Levels BRENT,H1: loaded successfully
2	07:02:50.835	Custom indicator FRZ Forex Market Session Indicator BRENT,H1: loaded successfully
2	07:02:54.195	Custom indicator AIMS Levels V2 US30.cash,H1: loaded successfully
2	07:02:54.269	Custom indicator AIMS Entry Alert V1 US30.cash,H1: loaded successfully
2	07:02:54.276	Custom indicator CandleTimer US30.cash,H1: loaded successfully
2	07:02:54.342	Custom indicator #Signal_Bars_v6 US30.cash,H1: loaded successfully
2	07:02:54.349	Custom indicator TrendEnvelopes_v1 US30.cash,H1: loaded successfully
2	07:02:54.356	Custom indicator guppy_multiple_moving_averages US30.cash,H1: loaded successfully
2	07:02:54.366	Custom indicator wedges US30.cash,H1: loaded successfully
2	07:02:54.373	Custom indicator Admiral Pivot US30.cash,H1: loaded successfully
2	07:02:54.384	Custom indicator AutoTrendChannel US30.cash,H1: loaded successfully
2	07:02:54.391	Custom indicator FRZ Channel Auto Plotter US30.cash,H1: loaded successfully
2	07:02:54.399	Custom indicator FRZ News Indicator MT4 US30.cash,H1: loaded successfully
2	07:02:54.407	Custom indicator Forex Uranus direction US30.cash,H1: loaded successfully
2	07:02:54.473	Custom indicator AIMS AO V.2.1 US30.cash,H1: loaded successfully
2	07:02:54.481	Custom indicator IVT_MACD_ZERO_LAG US30.cash,H1: loaded successfully
2	07:02:54.489	Custom indicator RSI Divergence Levels US30.cash,H1: loaded successfully
2	07:02:54.497	Custom indicator FRZ Forex Market Session Indicator US30.cash,H1: loaded successfully
2	07:02:54.726	Custom indicator AIMS Levels V2 XTIUSD,H1: loaded successfully
2	07:02:54.791	Custom indicator AIMS Entry Alert V1 XTIUSD,H1: loaded successfully
2	07:02:54.797	Custom indicator CandleTimer XTIUSD,H1: loaded successfully
2	07:02:54.863	Custom indicator #Signal_Bars_v6 XTIUSD,H1: loaded successfully
2	07:02:54.871	Custom indicator TrendEnvelopes_v1 XTIUSD,H1: loaded successfully
2	07:02:54.878	Custom indicator guppy_multiple_moving_averages XTIUSD,H1: loaded successfully
2	07:02:54.884	Custom indicator wedges XTIUSD,H1: loaded successfully
2	07:02:54.891	Custom indicator Admiral Pivot XTIUSD,H1: loaded successfully
2	07:02:54.898	Custom indicator AutoTrendChannel XTIUSD,H1: loaded successfully
2	07:02:54.905	Custom indicator FRZ Channel Auto Plotter XTIUSD,H1: loaded successfully
2	07:02:54.913	Custom indicator FRZ News Indicator MT4 XTIUSD,H1: loaded successfully
2	07:02:54.922	Custom indicator Forex Uranus direction XTIUSD,H1: loaded successfully
2	07:02:54.930	Custom indicator Quadrilateral XTIUSD,H1: loaded successfully
2	07:02:54.999	Custom indicator AIMS AO V.2.1 XTIUSD,H1: loaded successfully
2	07:02:55.007	Custom indicator IVT_MACD_ZERO_LAG XTIUSD,H1: loaded successfully
2	07:02:55.015	Custom indicator RSI Divergence Levels XTIUSD,H1: loaded successfully
2	07:02:55.022	Custom indicator FRZ Forex Market Session Indicator XTIUSD,H1: loaded successfully
0	07:02:58.846	'888352614': login on Tickmill02-Live through Live DC - London 9 (ping: 212.76 ms)
0	07:03:08.266	'888352614': login datacenter on Tickmill02-Live through Live DC - London 9 (ping: 212.76 ms)
0	07:03:14.961	'888352614': previous successful authorization performed from 41.207.57.233
2	07:03:27.516	Custom indicator AIMS Levels V2 DE30,M1: removed
2	07:03:27.517	Custom indicator AIMS Entry Alert V1 DE30,M1: removed
2	07:03:27.518	Custom indicator CandleTimer DE30,M1: removed
2	07:03:27.519	Custom indicator #Signal_Bars_v6 DE30,M1: removed
2	07:03:27.522	Custom indicator TrendEnvelopes_v1 DE30,M1: removed
2	07:03:27.525	Custom indicator guppy_multiple_moving_averages DE30,M1: removed
2	07:03:27.530	Custom indicator wedges DE30,M1: removed
2	07:03:27.532	Custom indicator Admiral Pivot DE30,M1: removed
2	07:03:27.535	Custom indicator AutoTrendChannel DE30,M1: removed
2	07:03:27.538	Custom indicator FRZ Channel Auto Plotter DE30,M1: removed
2	07:03:27.540	Custom indicator FRZ News Indicator MT4 DE30,M1: removed
2	07:03:27.544	Custom indicator Forex Uranus direction DE30,M1: removed
2	07:03:27.545	Custom indicator AIMS AO V.2.1 DE30,M1: removed
2	07:03:27.548	Custom indicator IVT_MACD_ZERO_LAG DE30,M1: removed
2	07:03:27.551	Custom indicator RSI Divergence Levels DE30,M1: removed
2	07:03:27.553	Custom indicator FRZ Forex Market Session Indicator DE30,M1: removed
2	07:03:27.563	Custom indicator AIMS Levels V2 DE30,M5: removed
2	07:03:27.563	Custom indicator AIMS Entry Alert V1 DE30,M5: removed
2	07:03:27.566	Custom indicator CandleTimer DE30,M5: removed
2	07:03:27.567	Custom indicator #Signal_Bars_v6 DE30,M5: removed
2	07:03:27.569	Custom indicator TrendEnvelopes_v1 DE30,M5: removed
2	07:03:27.572	Custom indicator guppy_multiple_moving_averages DE30,M5: removed
2	07:03:27.577	Custom indicator wedges DE30,M5: removed
2	07:03:27.579	Custom indicator Admiral Pivot DE30,M5: removed
2	07:03:27.581	Custom indicator AutoTrendChannel DE30,M5: removed
2	07:03:27.583	Custom indicator FRZ Channel Auto Plotter DE30,M5: removed
2	07:03:27.585	Custom indicator FRZ News Indicator MT4 DE30,M5: removed
2	07:03:27.587	Custom indicator Forex Uranus direction DE30,M5: removed
2	07:03:27.587	Custom indicator AIMS AO V.2.1 DE30,M5: removed
2	07:03:27.590	Custom indicator IVT_MACD_ZERO_LAG DE30,M5: removed
2	07:03:27.594	Custom indicator RSI Divergence Levels DE30,M5: removed
2	07:03:27.598	Custom indicator FRZ Forex Market Session Indicator DE30,M5: removed
2	07:03:27.605	Custom indicator AIMS Levels V2 DE30,M15: removed
2	07:03:27.606	Custom indicator AIMS Entry Alert V1 DE30,M15: removed
2	07:03:27.607	Custom indicator CandleTimer DE30,M15: removed
2	07:03:27.608	Custom indicator #Signal_Bars_v6 DE30,M15: removed
2	07:03:27.610	Custom indicator TrendEnvelopes_v1 DE30,M15: removed
2	07:03:27.612	Custom indicator guppy_multiple_moving_averages DE30,M15: removed
2	07:03:27.615	Custom indicator wedges DE30,M15: removed
2	07:03:27.616	Custom indicator Admiral Pivot DE30,M15: removed
2	07:03:27.618	Custom indicator AutoTrendChannel DE30,M15: removed
2	07:03:27.620	Custom indicator FRZ Channel Auto Plotter DE30,M15: removed
2	07:03:27.621	Custom indicator FRZ News Indicator MT4 DE30,M15: removed
2	07:03:27.623	Custom indicator Forex Uranus direction DE30,M15: removed
2	07:03:27.623	Custom indicator AIMS AO V.2.1 DE30,M15: removed
2	07:03:27.625	Custom indicator IVT_MACD_ZERO_LAG DE30,M15: removed
2	07:03:27.627	Custom indicator RSI Divergence Levels DE30,M15: removed
2	07:03:27.628	Custom indicator FRZ Forex Market Session Indicator DE30,M15: removed
2	07:03:27.652	Custom indicator AIMS Levels V2 DE30,H1: removed
2	07:03:27.652	Custom indicator AIMS Entry Alert V1 DE30,H1: removed
2	07:03:27.654	Custom indicator CandleTimer DE30,H1: removed
2	07:03:27.654	Custom indicator #Signal_Bars_v6 DE30,H1: removed
2	07:03:27.655	Custom indicator TrendEnvelopes_v1 DE30,H1: removed
2	07:03:27.657	Custom indicator guppy_multiple_moving_averages DE30,H1: removed
2	07:03:27.659	Custom indicator wedges DE30,H1: removed
2	07:03:27.660	Custom indicator Admiral Pivot DE30,H1: removed
2	07:03:27.662	Custom indicator AutoTrendChannel DE30,H1: removed
2	07:03:27.663	Custom indicator FRZ Channel Auto Plotter DE30,H1: removed
2	07:03:27.664	Custom indicator FRZ News Indicator MT4 DE30,H1: removed
2	07:03:27.666	Custom indicator Forex Uranus direction DE30,H1: removed
2	07:03:27.667	Custom indicator Quadrilateral DE30,H1: removed
2	07:03:27.667	Custom indicator AIMS AO V.2.1 DE30,H1: removed
2	07:03:27.669	Custom indicator IVT_MACD_ZERO_LAG DE30,H1: removed
2	07:03:27.670	Custom indicator RSI Divergence Levels DE30,H1: removed
2	07:03:27.671	Custom indicator FRZ Forex Market Session Indicator DE30,H1: removed
2	07:03:27.681	Custom indicator AIMS Levels V2 US30,M1: removed
2	07:03:27.682	Custom indicator AIMS Entry Alert V1 US30,M1: removed
2	07:03:27.683	Custom indicator CandleTimer US30,M1: removed
2	07:03:27.683	Custom indicator #Signal_Bars_v6 US30,M1: removed
2	07:03:27.685	Custom indicator TrendEnvelopes_v1 US30,M1: removed
2	07:03:27.686	Custom indicator guppy_multiple_moving_averages US30,M1: removed
2	07:03:27.688	Custom indicator wedges US30,M1: removed
2	07:03:27.690	Custom indicator Admiral Pivot US30,M1: removed
2	07:03:27.693	Custom indicator AutoTrendChannel US30,M1: removed
2	07:03:27.694	Custom indicator FRZ Channel Auto Plotter US30,M1: removed
2	07:03:27.695	Custom indicator FRZ News Indicator MT4 US30,M1: removed
2	07:03:27.697	Custom indicator Forex Uranus direction US30,M1: removed
2	07:03:27.697	Custom indicator AIMS AO V.2.1 US30,M1: removed
2	07:03:27.699	Custom indicator IVT_MACD_ZERO_LAG US30,M1: removed
2	07:03:27.700	Custom indicator RSI Divergence Levels US30,M1: removed
2	07:03:27.702	Custom indicator FRZ Forex Market Session Indicator US30,M1: removed
2	07:03:27.705	Custom indicator AIMS Levels V2 US30,M5: removed
2	07:03:27.705	Custom indicator AIMS Entry Alert V1 US30,M5: removed
2	07:03:27.706	Custom indicator CandleTimer US30,M5: removed
2	07:03:27.706	Custom indicator #Signal_Bars_v6 US30,M5: removed
2	07:03:27.708	Custom indicator TrendEnvelopes_v1 US30,M5: removed
2	07:03:27.710	Custom indicator guppy_multiple_moving_averages US30,M5: removed
2	07:03:27.711	Custom indicator wedges US30,M5: removed
2	07:03:27.713	Custom indicator Admiral Pivot US30,M5: removed
2	07:03:27.714	Custom indicator AutoTrendChannel US30,M5: removed
2	07:03:27.716	Custom indicator FRZ Channel Auto Plotter US30,M5: removed
2	07:03:27.717	Custom indicator FRZ News Indicator MT4 US30,M5: removed
2	07:03:27.718	Custom indicator Forex Uranus direction US30,M5: removed
2	07:03:27.718	Custom indicator AIMS AO V.2.1 US30,M5: removed
2	07:03:27.720	Custom indicator IVT_MACD_ZERO_LAG US30,M5: removed
2	07:03:27.721	Custom indicator RSI Divergence Levels US30,M5: removed
2	07:03:27.723	Custom indicator FRZ Forex Market Session Indicator US30,M5: removed
2	07:03:27.727	Custom indicator AIMS Levels V2 US30,M15: removed
2	07:03:27.727	Custom indicator AIMS Entry Alert V1 US30,M15: removed
2	07:03:27.729	Custom indicator CandleTimer US30,M15: removed
2	07:03:27.730	Custom indicator #Signal_Bars_v6 US30,M15: removed
2	07:03:27.731	Custom indicator TrendEnvelopes_v1 US30,M15: removed
2	07:03:27.733	Custom indicator guppy_multiple_moving_averages US30,M15: removed
2	07:03:27.735	Custom indicator wedges US30,M15: removed
2	07:03:27.737	Custom indicator Admiral Pivot US30,M15: removed
2	07:03:27.738	Custom indicator AutoTrendChannel US30,M15: removed
2	07:03:27.739	Custom indicator FRZ Channel Auto Plotter US30,M15: removed
2	07:03:27.741	Custom indicator FRZ News Indicator MT4 US30,M15: removed
2	07:03:27.742	Custom indicator Forex Uranus direction US30,M15: removed
2	07:03:27.744	Custom indicator Quadrilateral US30,M15: removed
2	07:03:27.744	Custom indicator AIMS AO V.2.1 US30,M15: removed
2	07:03:27.745	Custom indicator IVT_MACD_ZERO_LAG US30,M15: removed
2	07:03:27.746	Custom indicator RSI Divergence Levels US30,M15: removed
2	07:03:27.748	Custom indicator FRZ Forex Market Session Indicator US30,M15: removed
2	07:03:27.751	Custom indicator AIMS Levels V2 US30,H1: removed
2	07:03:27.751	Custom indicator AIMS Entry Alert V1 US30,H1: removed
2	07:03:27.752	Custom indicator CandleTimer US30,H1: removed
2	07:03:27.752	Custom indicator #Signal_Bars_v6 US30,H1: removed
2	07:03:27.753	Custom indicator TrendEnvelopes_v1 US30,H1: removed
2	07:03:27.754	Custom indicator guppy_multiple_moving_averages US30,H1: removed
2	07:03:27.756	Custom indicator wedges US30,H1: removed
2	07:03:27.757	Custom indicator Admiral Pivot US30,H1: removed
2	07:03:27.759	Custom indicator AutoTrendChannel US30,H1: removed
2	07:03:27.761	Custom indicator FRZ Channel Auto Plotter US30,H1: removed
2	07:03:27.762	Custom indicator FRZ News Indicator MT4 US30,H1: removed
2	07:03:27.763	Custom indicator Forex Uranus direction US30,H1: removed
2	07:03:27.763	Custom indicator AIMS AO V.2.1 US30,H1: removed
2	07:03:27.765	Custom indicator IVT_MACD_ZERO_LAG US30,H1: removed
2	07:03:27.766	Custom indicator RSI Divergence Levels US30,H1: removed
2	07:03:27.767	Custom indicator FRZ Forex Market Session Indicator US30,H1: removed
2	07:03:27.776	Custom indicator AIMS Levels V2 USTEC,M15: removed
2	07:03:27.776	Custom indicator AIMS Entry Alert V1 USTEC,M15: removed
2	07:03:27.778	Custom indicator CandleTimer USTEC,M15: removed
2	07:03:27.778	Custom indicator #Signal_Bars_v6 USTEC,M15: removed
2	07:03:27.779	Custom indicator TrendEnvelopes_v1 USTEC,M15: removed
2	07:03:27.780	Custom indicator guppy_multiple_moving_averages USTEC,M15: removed
2	07:03:27.782	Custom indicator wedges USTEC,M15: removed
2	07:03:27.783	Custom indicator Admiral Pivot USTEC,M15: removed
2	07:03:27.784	Custom indicator AutoTrendChannel USTEC,M15: removed
2	07:03:27.786	Custom indicator FRZ Channel Auto Plotter USTEC,M15: removed
2	07:03:27.787	Custom indicator FRZ News Indicator MT4 USTEC,M15: removed
2	07:03:27.789	Custom indicator Forex Uranus direction USTEC,M15: removed
2	07:03:27.789	Custom indicator AIMS AO V.2.1 USTEC,M15: removed
2	07:03:27.790	Custom indicator IVT_MACD_ZERO_LAG USTEC,M15: removed
2	07:03:27.792	Custom indicator RSI Divergence Levels USTEC,M15: removed
2	07:03:27.793	Custom indicator FRZ Forex Market Session Indicator USTEC,M15: removed
2	07:03:27.795	Custom indicator AIMS Levels V2 XAUUSD,M1: removed
2	07:03:27.796	Custom indicator AIMS Entry Alert V1 XAUUSD,M1: removed
2	07:03:27.797	Custom indicator CandleTimer XAUUSD,M1: removed
2	07:03:27.797	Custom indicator #Signal_Bars_v6 XAUUSD,M1: removed
2	07:03:27.799	Custom indicator TrendEnvelopes_v1 XAUUSD,M1: removed
2	07:03:27.800	Custom indicator guppy_multiple_moving_averages XAUUSD,M1: removed
2	07:03:27.802	Custom indicator wedges XAUUSD,M1: removed
2	07:03:27.804	Custom indicator Admiral Pivot XAUUSD,M1: removed
2	07:03:27.805	Custom indicator AutoTrendChannel XAUUSD,M1: removed
2	07:03:27.807	Custom indicator FRZ Channel Auto Plotter XAUUSD,M1: removed
2	07:03:27.808	Custom indicator FRZ News Indicator MT4 XAUUSD,M1: removed
2	07:03:27.809	Custom indicator Forex Uranus direction XAUUSD,M1: removed
2	07:03:27.810	Custom indicator AIMS AO V.2.1 XAUUSD,M1: removed
2	07:03:27.811	Custom indicator IVT_MACD_ZERO_LAG XAUUSD,M1: removed
2	07:03:27.813	Custom indicator RSI Divergence Levels XAUUSD,M1: removed
2	07:03:27.815	Custom indicator FRZ Forex Market Session Indicator XAUUSD,M1: removed
2	07:03:27.818	Custom indicator AIMS Levels V2 BRENT,H1: removed
2	07:03:27.818	Custom indicator AIMS Entry Alert V1 BRENT,H1: removed
2	07:03:27.820	Custom indicator CandleTimer BRENT,H1: removed
2	07:03:27.820	Custom indicator #Signal_Bars_v6 BRENT,H1: removed
2	07:03:27.821	Custom indicator TrendEnvelopes_v1 BRENT,H1: removed
2	07:03:27.823	Custom indicator guppy_multiple_moving_averages BRENT,H1: removed
2	07:03:27.824	Custom indicator wedges BRENT,H1: removed
2	07:03:27.826	Custom indicator Admiral Pivot BRENT,H1: removed
2	07:03:27.827	Custom indicator AutoTrendChannel BRENT,H1: removed
2	07:03:27.828	Custom indicator FRZ Channel Auto Plotter BRENT,H1: removed
2	07:03:27.830	Custom indicator FRZ News Indicator MT4 BRENT,H1: removed
2	07:03:27.831	Custom indicator Forex Uranus direction BRENT,H1: removed
2	07:03:27.831	Custom indicator AIMS AO V.2.1 BRENT,H1: removed
2	07:03:27.832	Custom indicator IVT_MACD_ZERO_LAG BRENT,H1: removed
2	07:03:27.834	Custom indicator RSI Divergence Levels BRENT,H1: removed
2	07:03:27.835	Custom indicator FRZ Forex Market Session Indicator BRENT,H1: removed
2	07:03:27.837	Custom indicator AIMS Levels V2 US30.cash,H1: removed
2	07:03:27.838	Custom indicator AIMS Entry Alert V1 US30.cash,H1: removed
2	07:03:27.839	Custom indicator CandleTimer US30.cash,H1: removed
2	07:03:27.839	Custom indicator #Signal_Bars_v6 US30.cash,H1: removed
2	07:03:27.840	Custom indicator TrendEnvelopes_v1 US30.cash,H1: removed
2	07:03:27.842	Custom indicator guppy_multiple_moving_averages US30.cash,H1: removed
2	07:03:27.843	Custom indicator wedges US30.cash,H1: removed
2	07:03:27.845	Custom indicator Admiral Pivot US30.cash,H1: removed
2	07:03:27.846	Custom indicator AutoTrendChannel US30.cash,H1: removed
2	07:03:27.848	Custom indicator FRZ Channel Auto Plotter US30.cash,H1: removed
2	07:03:27.849	Custom indicator FRZ News Indicator MT4 US30.cash,H1: removed
2	07:03:27.851	Custom indicator Forex Uranus direction US30.cash,H1: removed
2	07:03:27.851	Custom indicator AIMS AO V.2.1 US30.cash,H1: removed
2	07:03:27.852	Custom indicator IVT_MACD_ZERO_LAG US30.cash,H1: removed
2	07:03:27.853	Custom indicator RSI Divergence Levels US30.cash,H1: removed
2	07:03:27.855	Custom indicator FRZ Forex Market Session Indicator US30.cash,H1: removed
2	07:03:27.859	Custom indicator AIMS Levels V2 XTIUSD,H1: removed
2	07:03:27.859	Custom indicator AIMS Entry Alert V1 XTIUSD,H1: removed
2	07:03:27.860	Custom indicator CandleTimer XTIUSD,H1: removed
2	07:03:27.860	Custom indicator #Signal_Bars_v6 XTIUSD,H1: removed
2	07:03:27.862	Custom indicator TrendEnvelopes_v1 XTIUSD,H1: removed
2	07:03:27.863	Custom indicator guppy_multiple_moving_averages XTIUSD,H1: removed
2	07:03:27.864	Custom indicator wedges XTIUSD,H1: removed
2	07:03:27.866	Custom indicator Admiral Pivot XTIUSD,H1: removed
2	07:03:27.867	Custom indicator AutoTrendChannel XTIUSD,H1: removed
2	07:03:27.868	Custom indicator FRZ Channel Auto Plotter XTIUSD,H1: removed
2	07:03:27.870	Custom indicator FRZ News Indicator MT4 XTIUSD,H1: removed
2	07:03:27.871	Custom indicator Forex Uranus direction XTIUSD,H1: removed
2	07:03:27.872	Custom indicator Quadrilateral XTIUSD,H1: removed
2	07:03:27.872	Custom indicator AIMS AO V.2.1 XTIUSD,H1: removed
2	07:03:27.874	Custom indicator IVT_MACD_ZERO_LAG XTIUSD,H1: removed
2	07:03:27.875	Custom indicator RSI Divergence Levels XTIUSD,H1: removed
2	07:03:27.877	Custom indicator FRZ Forex Market Session Indicator XTIUSD,H1: removed
0	07:03:28.118	'888352614': auto connecting to a better access point Live DC - France 1 (ping is 211.76 ms)
0	07:03:28.664	Admiral Markets build 1330 stopped
0	16:02:26.731	Admiral Markets build 1330 started (Admiral Markets Group AS)
0	16:02:26.732	Windows 10 Pro x64, IE 11, UAC, 8 x Intel Core i7-10510U  @ 1.80GHz, Memory: 2269 / 8014 Mb, Disk: 10 / 237 Gb, GMT+3
0	16:02:26.732	Data Folder: C:\Users\SRIE\AppData\Roaming\MetaQuotes\Terminal\51337600F56B69473E15EAFB8A7586B4
2	16:02:31.565	Custom indicator AIMS Levels V2 DE30,M1: loaded successfully
2	16:02:31.628	Custom indicator AIMS Entry Alert V1 DE30,M1: loaded successfully
2	16:02:31.636	Custom indicator CandleTimer DE30,M1: loaded successfully
2	16:02:31.698	Custom indicator #Signal_Bars_v6 DE30,M1: loaded successfully
2	16:02:31.705	Custom indicator TrendEnvelopes_v1 DE30,M1: loaded successfully
2	16:02:31.712	Custom indicator guppy_multiple_moving_averages DE30,M1: loaded successfully
2	16:02:31.718	Custom indicator wedges DE30,M1: loaded successfully
2	16:02:31.724	Custom indicator Admiral Pivot DE30,M1: loaded successfully
2	16:02:31.731	Custom indicator AutoTrendChannel DE30,M1: loaded successfully
2	16:02:31.739	Custom indicator FRZ Channel Auto Plotter DE30,M1: loaded successfully
2	16:02:31.747	Custom indicator FRZ News Indicator MT4 DE30,M1: loaded successfully
2	16:02:31.754	Custom indicator Forex Uranus direction DE30,M1: loaded successfully
2	16:02:31.816	Custom indicator AIMS AO V.2.1 DE30,M1: loaded successfully
2	16:02:31.823	Custom indicator IVT_MACD_ZERO_LAG DE30,M1: loaded successfully
2	16:02:31.831	Custom indicator RSI Divergence Levels DE30,M1: loaded successfully
2	16:02:31.838	Custom indicator FRZ Forex Market Session Indicator DE30,M1: loaded successfully
2	16:02:46.435	Custom indicator AIMS Levels V2 DE30,M5: loaded successfully
2	16:02:46.522	Custom indicator AIMS Entry Alert V1 DE30,M5: loaded successfully
2	16:02:46.530	Custom indicator CandleTimer DE30,M5: loaded successfully
2	16:02:46.615	Custom indicator #Signal_Bars_v6 DE30,M5: loaded successfully
2	16:02:46.625	Custom indicator TrendEnvelopes_v1 DE30,M5: loaded successfully
2	16:02:46.634	Custom indicator guppy_multiple_moving_averages DE30,M5: loaded successfully
2	16:02:46.643	Custom indicator wedges DE30,M5: loaded successfully
2	16:02:46.653	Custom indicator Admiral Pivot DE30,M5: loaded successfully
2	16:02:46.662	Custom indicator AutoTrendChannel DE30,M5: loaded successfully
2	16:02:46.672	Custom indicator FRZ Channel Auto Plotter DE30,M5: loaded successfully
2	16:02:46.683	Custom indicator FRZ News Indicator MT4 DE30,M5: loaded successfully
2	16:02:46.693	Custom indicator Forex Uranus direction DE30,M5: loaded successfully
2	16:02:46.781	Custom indicator AIMS AO V.2.1 DE30,M5: loaded successfully
2	16:02:46.791	Custom indicator IVT_MACD_ZERO_LAG DE30,M5: loaded successfully
2	16:02:46.801	Custom indicator RSI Divergence Levels DE30,M5: loaded successfully
2	16:02:46.811	Custom indicator FRZ Forex Market Session Indicator DE30,M5: loaded successfully
2	16:02:50.824	Custom indicator AIMS Levels V2 DE30,M15: loaded successfully
2	16:02:50.901	Custom indicator AIMS Entry Alert V1 DE30,M15: loaded successfully
2	16:02:50.908	Custom indicator CandleTimer DE30,M15: loaded successfully
2	16:02:50.982	Custom indicator #Signal_Bars_v6 DE30,M15: loaded successfully
2	16:02:50.990	Custom indicator TrendEnvelopes_v1 DE30,M15: loaded successfully
2	16:02:50.998	Custom indicator guppy_multiple_moving_averages DE30,M15: loaded successfully
2	16:02:51.006	Custom indicator wedges DE30,M15: loaded successfully
2	16:02:51.014	Custom indicator Admiral Pivot DE30,M15: loaded successfully
2	16:02:51.022	Custom indicator AutoTrendChannel DE30,M15: loaded successfully
2	16:02:51.030	Custom indicator FRZ Channel Auto Plotter DE30,M15: loaded successfully
2	16:02:51.040	Custom indicator FRZ News Indicator MT4 DE30,M15: loaded successfully
2	16:02:51.048	Custom indicator Forex Uranus direction DE30,M15: loaded successfully
2	16:02:51.123	Custom indicator AIMS AO V.2.1 DE30,M15: loaded successfully
2	16:02:51.132	Custom indicator IVT_MACD_ZERO_LAG DE30,M15: loaded successfully
2	16:02:51.141	Custom indicator RSI Divergence Levels DE30,M15: loaded successfully
2	16:02:51.149	Custom indicator FRZ Forex Market Session Indicator DE30,M15: loaded successfully
2	16:02:52.730	Custom indicator AIMS Levels V2 DE30,H1: loaded successfully
2	16:02:52.806	Custom indicator AIMS Entry Alert V1 DE30,H1: loaded successfully
2	16:02:52.816	Custom indicator CandleTimer DE30,H1: loaded successfully
2	16:02:52.911	Custom indicator #Signal_Bars_v6 DE30,H1: loaded successfully
2	16:02:52.922	Custom indicator TrendEnvelopes_v1 DE30,H1: loaded successfully
2	16:02:52.932	Custom indicator guppy_multiple_moving_averages DE30,H1: loaded successfully
2	16:02:52.943	Custom indicator wedges DE30,H1: loaded successfully
2	16:02:52.956	Custom indicator Admiral Pivot DE30,H1: loaded successfully
2	16:02:52.966	Custom indicator AutoTrendChannel DE30,H1: loaded successfully
2	16:02:52.977	Custom indicator FRZ Channel Auto Plotter DE30,H1: loaded successfully
2	16:02:52.990	Custom indicator FRZ News Indicator MT4 DE30,H1: loaded successfully
2	16:02:53.002	Custom indicator Forex Uranus direction DE30,H1: loaded successfully
2	16:02:53.013	Custom indicator Quadrilateral DE30,H1: loaded successfully
2	16:02:53.113	Custom indicator AIMS AO V.2.1 DE30,H1: loaded successfully
2	16:02:53.129	Custom indicator IVT_MACD_ZERO_LAG DE30,H1: loaded successfully
2	16:02:53.146	Custom indicator RSI Divergence Levels DE30,H1: loaded successfully
2	16:02:53.159	Custom indicator FRZ Forex Market Session Indicator DE30,H1: loaded successfully
2	16:02:54.503	Custom indicator AIMS Levels V2 US30,M1: loaded successfully
2	16:02:54.581	Custom indicator AIMS Entry Alert V1 US30,M1: loaded successfully
2	16:02:54.588	Custom indicator CandleTimer US30,M1: loaded successfully
2	16:02:54.662	Custom indicator #Signal_Bars_v6 US30,M1: loaded successfully
2	16:02:54.670	Custom indicator TrendEnvelopes_v1 US30,M1: loaded successfully
2	16:02:54.678	Custom indicator guppy_multiple_moving_averages US30,M1: loaded successfully
2	16:02:54.686	Custom indicator wedges US30,M1: loaded successfully
2	16:02:54.694	Custom indicator Admiral Pivot US30,M1: loaded successfully
2	16:02:54.701	Custom indicator AutoTrendChannel US30,M1: loaded successfully
2	16:02:54.708	Custom indicator FRZ Channel Auto Plotter US30,M1: loaded successfully
2	16:02:54.718	Custom indicator FRZ News Indicator MT4 US30,M1: loaded successfully
2	16:02:54.726	Custom indicator Forex Uranus direction US30,M1: loaded successfully
2	16:02:54.798	Custom indicator AIMS AO V.2.1 US30,M1: loaded successfully
2	16:02:54.806	Custom indicator IVT_MACD_ZERO_LAG US30,M1: loaded successfully
2	16:02:54.814	Custom indicator RSI Divergence Levels US30,M1: loaded successfully
2	16:02:54.822	Custom indicator FRZ Forex Market Session Indicator US30,M1: loaded successfully
2	16:03:06.136	Custom indicator AIMS Levels V2 US30,M5: loaded successfully
2	16:03:06.209	Custom indicator AIMS Entry Alert V1 US30,M5: loaded successfully
2	16:03:06.216	Custom indicator CandleTimer US30,M5: loaded successfully
2	16:03:06.287	Custom indicator #Signal_Bars_v6 US30,M5: loaded successfully
2	16:03:06.295	Custom indicator TrendEnvelopes_v1 US30,M5: loaded successfully
2	16:03:06.302	Custom indicator guppy_multiple_moving_averages US30,M5: loaded successfully
2	16:03:06.310	Custom indicator wedges US30,M5: loaded successfully
2	16:03:06.318	Custom indicator Admiral Pivot US30,M5: loaded successfully
2	16:03:06.325	Custom indicator AutoTrendChannel US30,M5: loaded successfully
2	16:03:06.333	Custom indicator FRZ Channel Auto Plotter US30,M5: loaded successfully
2	16:03:06.342	Custom indicator FRZ News Indicator MT4 US30,M5: loaded successfully
2	16:03:06.350	Custom indicator Forex Uranus direction US30,M5: loaded successfully
2	16:03:06.421	Custom indicator AIMS AO V.2.1 US30,M5: loaded successfully
2	16:03:06.429	Custom indicator IVT_MACD_ZERO_LAG US30,M5: loaded successfully
2	16:03:06.437	Custom indicator RSI Divergence Levels US30,M5: loaded successfully
2	16:03:06.443	Custom indicator FRZ Forex Market Session Indicator US30,M5: loaded successfully
2	16:03:10.072	Custom indicator AIMS Levels V2 US30,M15: loaded successfully
2	16:03:10.144	Custom indicator AIMS Entry Alert V1 US30,M15: loaded successfully
2	16:03:10.150	Custom indicator CandleTimer US30,M15: loaded successfully
2	16:03:10.219	Custom indicator #Signal_Bars_v6 US30,M15: loaded successfully
2	16:03:10.227	Custom indicator TrendEnvelopes_v1 US30,M15: loaded successfully
2	16:03:10.234	Custom indicator guppy_multiple_moving_averages US30,M15: loaded successfully
2	16:03:10.242	Custom indicator wedges US30,M15: loaded successfully
2	16:03:10.250	Custom indicator Admiral Pivot US30,M15: loaded successfully
2	16:03:10.257	Custom indicator AutoTrendChannel US30,M15: loaded successfully
2	16:03:10.265	Custom indicator FRZ Channel Auto Plotter US30,M15: loaded successfully
2	16:03:10.273	Custom indicator FRZ News Indicator MT4 US30,M15: loaded successfully
2	16:03:10.281	Custom indicator Forex Uranus direction US30,M15: loaded successfully
2	16:03:10.289	Custom indicator Quadrilateral US30,M15: loaded successfully
2	16:03:10.358	Custom indicator AIMS AO V.2.1 US30,M15: loaded successfully
2	16:03:10.365	Custom indicator IVT_MACD_ZERO_LAG US30,M15: loaded successfully
2	16:03:10.373	Custom indicator RSI Divergence Levels US30,M15: loaded successfully
2	16:03:10.381	Custom indicator FRZ Forex Market Session Indicator US30,M15: loaded successfully
2	16:03:11.897	Custom indicator AIMS Levels V2 US30,H1: loaded successfully
2	16:03:11.968	Custom indicator AIMS Entry Alert V1 US30,H1: loaded successfully
2	16:03:11.975	Custom indicator CandleTimer US30,H1: loaded successfully
2	16:03:12.045	Custom indicator #Signal_Bars_v6 US30,H1: loaded successfully
2	16:03:12.053	Custom indicator TrendEnvelopes_v1 US30,H1: loaded successfully
2	16:03:12.060	Custom indicator guppy_multiple_moving_averages US30,H1: loaded successfully
2	16:03:12.068	Custom indicator wedges US30,H1: loaded successfully
2	16:03:12.076	Custom indicator Admiral Pivot US30,H1: loaded successfully
2	16:03:12.083	Custom indicator AutoTrendChannel US30,H1: loaded successfully
2	16:03:12.090	Custom indicator FRZ Channel Auto Plotter US30,H1: loaded successfully
2	16:03:12.099	Custom indicator FRZ News Indicator MT4 US30,H1: loaded successfully
2	16:03:12.107	Custom indicator Forex Uranus direction US30,H1: loaded successfully
2	16:03:12.176	Custom indicator AIMS AO V.2.1 US30,H1: loaded successfully
2	16:03:12.184	Custom indicator IVT_MACD_ZERO_LAG US30,H1: loaded successfully
2	16:03:12.191	Custom indicator RSI Divergence Levels US30,H1: loaded successfully
2	16:03:12.199	Custom indicator FRZ Forex Market Session Indicator US30,H1: loaded successfully
2	16:03:16.639	Custom indicator AIMS Levels V2 USTEC,M15: loaded successfully
2	16:03:16.702	Custom indicator AIMS Entry Alert V1 USTEC,M15: loaded successfully
2	16:03:16.707	Custom indicator CandleTimer USTEC,M15: loaded successfully
2	16:03:16.770	Custom indicator #Signal_Bars_v6 USTEC,M15: loaded successfully
2	16:03:16.778	Custom indicator TrendEnvelopes_v1 USTEC,M15: loaded successfully
2	16:03:16.785	Custom indicator guppy_multiple_moving_averages USTEC,M15: loaded successfully
2	16:03:16.792	Custom indicator wedges USTEC,M15: loaded successfully
2	16:03:16.799	Custom indicator Admiral Pivot USTEC,M15: loaded successfully
2	16:03:16.806	Custom indicator AutoTrendChannel USTEC,M15: loaded successfully
2	16:03:16.813	Custom indicator FRZ Channel Auto Plotter USTEC,M15: loaded successfully
2	16:03:16.821	Custom indicator FRZ News Indicator MT4 USTEC,M15: loaded successfully
2	16:03:16.828	Custom indicator Forex Uranus direction USTEC,M15: loaded successfully
2	16:03:16.891	Custom indicator AIMS AO V.2.1 USTEC,M15: loaded successfully
2	16:03:16.899	Custom indicator IVT_MACD_ZERO_LAG USTEC,M15: loaded successfully
2	16:03:16.906	Custom indicator RSI Divergence Levels USTEC,M15: loaded successfully
2	16:03:16.915	Custom indicator FRZ Forex Market Session Indicator USTEC,M15: loaded successfully
2	16:03:18.337	Custom indicator AIMS Levels V2 XAUUSD,M1: loaded successfully
2	16:03:18.409	Custom indicator AIMS Entry Alert V1 XAUUSD,M1: loaded successfully
2	16:03:18.415	Custom indicator CandleTimer XAUUSD,M1: loaded successfully
2	16:03:18.485	Custom indicator #Signal_Bars_v6 XAUUSD,M1: loaded successfully
2	16:03:18.493	Custom indicator TrendEnvelopes_v1 XAUUSD,M1: loaded successfully
2	16:03:18.500	Custom indicator guppy_multiple_moving_averages XAUUSD,M1: loaded successfully
2	16:03:18.508	Custom indicator wedges XAUUSD,M1: loaded successfully
2	16:03:18.516	Custom indicator Admiral Pivot XAUUSD,M1: loaded successfully
2	16:03:18.523	Custom indicator AutoTrendChannel XAUUSD,M1: loaded successfully
2	16:03:18.531	Custom indicator FRZ Channel Auto Plotter XAUUSD,M1: loaded successfully
2	16:03:18.539	Custom indicator FRZ News Indicator MT4 XAUUSD,M1: loaded successfully
2	16:03:18.547	Custom indicator Forex Uranus direction XAUUSD,M1: loaded successfully
2	16:03:18.618	Custom indicator AIMS AO V.2.1 XAUUSD,M1: loaded successfully
2	16:03:18.626	Custom indicator IVT_MACD_ZERO_LAG XAUUSD,M1: loaded successfully
2	16:03:18.634	Custom indicator RSI Divergence Levels XAUUSD,M1: loaded successfully
2	16:03:18.641	Custom indicator FRZ Forex Market Session Indicator XAUUSD,M1: loaded successfully
2	16:03:30.058	Custom indicator AIMS Levels V2 BRENT,H1: loaded successfully
2	16:03:30.133	Custom indicator AIMS Entry Alert V1 BRENT,H1: loaded successfully
2	16:03:30.140	Custom indicator CandleTimer BRENT,H1: loaded successfully
2	16:03:30.214	Custom indicator #Signal_Bars_v6 BRENT,H1: loaded successfully
2	16:03:30.222	Custom indicator TrendEnvelopes_v1 BRENT,H1: loaded successfully
2	16:03:30.230	Custom indicator guppy_multiple_moving_averages BRENT,H1: loaded successfully
2	16:03:30.238	Custom indicator wedges BRENT,H1: loaded successfully
2	16:03:30.246	Custom indicator Admiral Pivot BRENT,H1: loaded successfully
2	16:03:30.253	Custom indicator AutoTrendChannel BRENT,H1: loaded successfully
2	16:03:30.261	Custom indicator FRZ Channel Auto Plotter BRENT,H1: loaded successfully
2	16:03:30.270	Custom indicator FRZ News Indicator MT4 BRENT,H1: loaded successfully
2	16:03:30.278	Custom indicator Forex Uranus direction BRENT,H1: loaded successfully
2	16:03:30.349	Custom indicator AIMS AO V.2.1 BRENT,H1: loaded successfully
2	16:03:30.356	Custom indicator IVT_MACD_ZERO_LAG BRENT,H1: loaded successfully
2	16:03:30.364	Custom indicator RSI Divergence Levels BRENT,H1: loaded successfully
2	16:03:30.372	Custom indicator FRZ Forex Market Session Indicator BRENT,H1: loaded successfully
2	16:03:33.153	Custom indicator AIMS Levels V2 US30.cash,H1: loaded successfully
2	16:03:33.218	Custom indicator AIMS Entry Alert V1 US30.cash,H1: loaded successfully
2	16:03:33.223	Custom indicator CandleTimer US30.cash,H1: loaded successfully
2	16:03:33.285	Custom indicator #Signal_Bars_v6 US30.cash,H1: loaded successfully
2	16:03:33.292	Custom indicator TrendEnvelopes_v1 US30.cash,H1: loaded successfully
2	16:03:33.298	Custom indicator guppy_multiple_moving_averages US30.cash,H1: loaded successfully
2	16:03:33.306	Custom indicator wedges US30.cash,H1: loaded successfully
2	16:03:33.313	Custom indicator Admiral Pivot US30.cash,H1: loaded successfully
2	16:03:33.320	Custom indicator AutoTrendChannel US30.cash,H1: loaded successfully
2	16:03:33.327	Custom indicator FRZ Channel Auto Plotter US30.cash,H1: loaded successfully
2	16:03:33.335	Custom indicator FRZ News Indicator MT4 US30.cash,H1: loaded successfully
2	16:03:33.342	Custom indicator Forex Uranus direction US30.cash,H1: loaded successfully
2	16:03:33.405	Custom indicator AIMS AO V.2.1 US30.cash,H1: loaded successfully
2	16:03:33.411	Custom indicator IVT_MACD_ZERO_LAG US30.cash,H1: loaded successfully
2	16:03:33.418	Custom indicator RSI Divergence Levels US30.cash,H1: loaded successfully
2	16:03:33.425	Custom indicator FRZ Forex Market Session Indicator US30.cash,H1: loaded successfully
2	16:03:33.642	Custom indicator AIMS Levels V2 XTIUSD,H1: loaded successfully
2	16:03:33.707	Custom indicator AIMS Entry Alert V1 XTIUSD,H1: loaded successfully
2	16:03:33.712	Custom indicator CandleTimer XTIUSD,H1: loaded successfully
2	16:03:33.780	Custom indicator #Signal_Bars_v6 XTIUSD,H1: loaded successfully
2	16:03:33.787	Custom indicator TrendEnvelopes_v1 XTIUSD,H1: loaded successfully
2	16:03:33.793	Custom indicator guppy_multiple_moving_averages XTIUSD,H1: loaded successfully
2	16:03:33.800	Custom indicator wedges XTIUSD,H1: loaded successfully
2	16:03:33.807	Custom indicator Admiral Pivot XTIUSD,H1: loaded successfully
2	16:03:33.813	Custom indicator AutoTrendChannel XTIUSD,H1: loaded successfully
2	16:03:33.820	Custom indicator FRZ Channel Auto Plotter XTIUSD,H1: loaded successfully
2	16:03:33.828	Custom indicator FRZ News Indicator MT4 XTIUSD,H1: loaded successfully
2	16:03:33.835	Custom indicator Forex Uranus direction XTIUSD,H1: loaded successfully
2	16:03:33.842	Custom indicator Quadrilateral XTIUSD,H1: loaded successfully
2	16:03:33.904	Custom indicator AIMS AO V.2.1 XTIUSD,H1: loaded successfully
2	16:03:33.912	Custom indicator IVT_MACD_ZERO_LAG XTIUSD,H1: loaded successfully
2	16:03:33.919	Custom indicator RSI Divergence Levels XTIUSD,H1: loaded successfully
2	16:03:33.926	Custom indicator FRZ Forex Market Session Indicator XTIUSD,H1: loaded successfully
0	16:03:37.014	'888352614': login on Tickmill02-Live through Live DC - France 1 (ping: 211.76 ms)
0	16:03:39.604	'888352614': login datacenter on Tickmill02-Live through Live DC - France 1 (ping: 211.76 ms)
0	16:03:40.212	'888352614': previous successful authorization performed from 41.207.57.233
0	16:05:34.348	'888352614': auto connecting to a better access point Live DC - London 7 (ping is 210.26 ms)
0	16:05:36.131	'888352614': login on Tickmill02-Live through Live DC - London 7 (ping: 210.26 ms)
0	16:05:46.413	'888352614': login datacenter on Tickmill02-Live through Live DC - London 7 (ping: 210.26 ms)
0	16:05:48.277	'888352614': previous successful authorization performed from 41.207.56.78
0	16:07:42.138	'9725397': login on 45.76.136.157:443
0	16:07:45.942	'9725397': login datacenter on FBS-Demo through DC-260-London-D1 (ping: n/a)
0	16:07:54.084	'9725397': login on FBS-Demo through DC-260-London-D1 (ping: n/a)
0	16:07:56.941	'9725397': login datacenter on FBS-Demo through DC-260-London-D1 (ping: n/a)
0	16:07:58.554	'9725397': previous successful authorization performed from 41.207.56.78
2	16:08:12.885	Custom indicator AIMS Levels V2 DE30,H1: removed
2	16:08:12.885	Custom indicator AIMS Entry Alert V1 DE30,H1: removed
2	16:08:12.887	Custom indicator CandleTimer DE30,H1: removed
2	16:08:12.887	Custom indicator #Signal_Bars_v6 DE30,H1: removed
2	16:08:12.888	Custom indicator TrendEnvelopes_v1 DE30,H1: removed
2	16:08:12.889	Custom indicator guppy_multiple_moving_averages DE30,H1: removed
2	16:08:12.890	Custom indicator wedges DE30,H1: removed
2	16:08:12.892	Custom indicator Admiral Pivot DE30,H1: removed
2	16:08:12.893	Custom indicator AutoTrendChannel DE30,H1: removed
2	16:08:12.894	Custom indicator FRZ Channel Auto Plotter DE30,H1: removed
2	16:08:12.896	Custom indicator FRZ News Indicator MT4 DE30,H1: removed
2	16:08:12.897	Custom indicator Forex Uranus direction DE30,H1: removed
2	16:08:12.899	Custom indicator Quadrilateral DE30,H1: removed
2	16:08:12.899	Custom indicator AIMS AO V.2.1 DE30,H1: removed
2	16:08:12.900	Custom indicator IVT_MACD_ZERO_LAG DE30,H1: removed
2	16:08:12.901	Custom indicator RSI Divergence Levels DE30,H1: removed
2	16:08:12.902	Custom indicator FRZ Forex Market Session Indicator DE30,H1: removed
2	16:08:12.924	Custom indicator AIMS Levels V2 DE30,M15: removed
2	16:08:12.924	Custom indicator AIMS Entry Alert V1 DE30,M15: removed
2	16:08:12.925	Custom indicator CandleTimer DE30,M15: removed
2	16:08:12.925	Custom indicator #Signal_Bars_v6 DE30,M15: removed
2	16:08:12.926	Custom indicator TrendEnvelopes_v1 DE30,M15: removed
2	16:08:12.928	Custom indicator guppy_multiple_moving_averages DE30,M15: removed
2	16:08:12.930	Custom indicator wedges DE30,M15: removed
2	16:08:12.931	Custom indicator Admiral Pivot DE30,M15: removed
2	16:08:12.932	Custom indicator AutoTrendChannel DE30,M15: removed
2	16:08:12.934	Custom indicator FRZ Channel Auto Plotter DE30,M15: removed
2	16:08:12.935	Custom indicator FRZ News Indicator MT4 DE30,M15: removed
2	16:08:12.936	Custom indicator Forex Uranus direction DE30,M15: removed
2	16:08:12.936	Custom indicator AIMS AO V.2.1 DE30,M15: removed
2	16:08:12.938	Custom indicator IVT_MACD_ZERO_LAG DE30,M15: removed
2	16:08:12.939	Custom indicator RSI Divergence Levels DE30,M15: removed
2	16:08:12.940	Custom indicator FRZ Forex Market Session Indicator DE30,M15: removed
2	16:08:12.966	Custom indicator AIMS Levels V2 DE30,M5: removed
2	16:08:12.966	Custom indicator AIMS Entry Alert V1 DE30,M5: removed
2	16:08:12.968	Custom indicator CandleTimer DE30,M5: removed
2	16:08:12.968	Custom indicator #Signal_Bars_v6 DE30,M5: removed
2	16:08:12.969	Custom indicator TrendEnvelopes_v1 DE30,M5: removed
2	16:08:12.971	Custom indicator guppy_multiple_moving_averages DE30,M5: removed
2	16:08:12.972	Custom indicator wedges DE30,M5: removed
2	16:08:12.973	Custom indicator Admiral Pivot DE30,M5: removed
2	16:08:12.974	Custom indicator AutoTrendChannel DE30,M5: removed
2	16:08:12.976	Custom indicator FRZ Channel Auto Plotter DE30,M5: removed
2	16:08:12.977	Custom indicator FRZ News Indicator MT4 DE30,M5: removed
2	16:08:12.979	Custom indicator Forex Uranus direction DE30,M5: removed
2	16:08:12.979	Custom indicator AIMS AO V.2.1 DE30,M5: removed
2	16:08:12.980	Custom indicator IVT_MACD_ZERO_LAG DE30,M5: removed
2	16:08:12.981	Custom indicator RSI Divergence Levels DE30,M5: removed
2	16:08:12.983	Custom indicator FRZ Forex Market Session Indicator DE30,M5: removed
2	16:08:13.016	Custom indicator AIMS Levels V2 DE30,M1: removed
2	16:08:13.016	Custom indicator AIMS Entry Alert V1 DE30,M1: removed
2	16:08:13.018	Custom indicator CandleTimer DE30,M1: removed
2	16:08:13.018	Custom indicator #Signal_Bars_v6 DE30,M1: removed
2	16:08:13.019	Custom indicator TrendEnvelopes_v1 DE30,M1: removed
2	16:08:13.021	Custom indicator guppy_multiple_moving_averages DE30,M1: removed
2	16:08:13.023	Custom indicator wedges DE30,M1: removed
2	16:08:13.025	Custom indicator Admiral Pivot DE30,M1: removed
2	16:08:13.026	Custom indicator AutoTrendChannel DE30,M1: removed
2	16:08:13.027	Custom indicator FRZ Channel Auto Plotter DE30,M1: removed
2	16:08:13.029	Custom indicator FRZ News Indicator MT4 DE30,M1: removed
2	16:08:13.030	Custom indicator Forex Uranus direction DE30,M1: removed
2	16:08:13.030	Custom indicator AIMS AO V.2.1 DE30,M1: removed
2	16:08:13.032	Custom indicator IVT_MACD_ZERO_LAG DE30,M1: removed
2	16:08:13.033	Custom indicator RSI Divergence Levels DE30,M1: removed
2	16:08:13.035	Custom indicator FRZ Forex Market Session Indicator DE30,M1: removed
2	16:08:13.070	Custom indicator AIMS Levels V2 US30,M1: removed
2	16:08:13.071	Custom indicator AIMS Entry Alert V1 US30,M1: removed
2	16:08:13.072	Custom indicator CandleTimer US30,M1: removed
2	16:08:13.072	Custom indicator #Signal_Bars_v6 US30,M1: removed
2	16:08:13.074	Custom indicator TrendEnvelopes_v1 US30,M1: removed
2	16:08:13.075	Custom indicator guppy_multiple_moving_averages US30,M1: removed
2	16:08:13.077	Custom indicator wedges US30,M1: removed
2	16:08:13.079	Custom indicator Admiral Pivot US30,M1: removed
2	16:08:13.080	Custom indicator AutoTrendChannel US30,M1: removed
2	16:08:13.082	Custom indicator FRZ Channel Auto Plotter US30,M1: removed
2	16:08:13.083	Custom indicator FRZ News Indicator MT4 US30,M1: removed
2	16:08:13.084	Custom indicator Forex Uranus direction US30,M1: removed
2	16:08:13.085	Custom indicator AIMS AO V.2.1 US30,M1: removed
2	16:08:13.087	Custom indicator IVT_MACD_ZERO_LAG US30,M1: removed
2	16:08:13.088	Custom indicator RSI Divergence Levels US30,M1: removed
2	16:08:13.090	Custom indicator FRZ Forex Market Session Indicator US30,M1: removed
2	16:08:13.111	Custom indicator AIMS Levels V2 USTEC,M15: removed
2	16:08:13.111	Custom indicator AIMS Entry Alert V1 USTEC,M15: removed
2	16:08:13.113	Custom indicator CandleTimer USTEC,M15: removed
2	16:08:13.113	Custom indicator #Signal_Bars_v6 USTEC,M15: removed
2	16:08:13.114	Custom indicator TrendEnvelopes_v1 USTEC,M15: removed
2	16:08:13.116	Custom indicator guppy_multiple_moving_averages USTEC,M15: removed
2	16:08:13.117	Custom indicator wedges USTEC,M15: removed
2	16:08:13.118	Custom indicator Admiral Pivot USTEC,M15: removed
2	16:08:13.119	Custom indicator AutoTrendChannel USTEC,M15: removed
2	16:08:13.121	Custom indicator FRZ Channel Auto Plotter USTEC,M15: removed
2	16:08:13.122	Custom indicator FRZ News Indicator MT4 USTEC,M15: removed
2	16:08:13.123	Custom indicator Forex Uranus direction USTEC,M15: removed
2	16:08:13.123	Custom indicator AIMS AO V.2.1 USTEC,M15: removed
2	16:08:13.125	Custom indicator IVT_MACD_ZERO_LAG USTEC,M15: removed
2	16:08:13.126	Custom indicator RSI Divergence Levels USTEC,M15: removed
2	16:08:13.127	Custom indicator FRZ Forex Market Session Indicator USTEC,M15: removed
2	16:08:13.143	Custom indicator AIMS Levels V2 XTIUSD,H1: removed
2	16:08:13.143	Custom indicator AIMS Entry Alert V1 XTIUSD,H1: removed
2	16:08:13.145	Custom indicator CandleTimer XTIUSD,H1: removed
2	16:08:13.145	Custom indicator #Signal_Bars_v6 XTIUSD,H1: removed
2	16:08:13.146	Custom indicator TrendEnvelopes_v1 XTIUSD,H1: removed
2	16:08:13.147	Custom indicator guppy_multiple_moving_averages XTIUSD,H1: removed
2	16:08:13.149	Custom indicator wedges XTIUSD,H1: removed
2	16:08:13.150	Custom indicator Admiral Pivot XTIUSD,H1: removed
2	16:08:13.151	Custom indicator AutoTrendChannel XTIUSD,H1: removed
2	16:08:13.152	Custom indicator FRZ Channel Auto Plotter XTIUSD,H1: removed
2	16:08:13.154	Custom indicator FRZ News Indicator MT4 XTIUSD,H1: removed
2	16:08:13.155	Custom indicator Forex Uranus direction XTIUSD,H1: removed
2	16:08:13.156	Custom indicator Quadrilateral XTIUSD,H1: removed
2	16:08:13.156	Custom indicator AIMS AO V.2.1 XTIUSD,H1: removed
2	16:08:13.158	Custom indicator IVT_MACD_ZERO_LAG XTIUSD,H1: removed
2	16:08:13.159	Custom indicator RSI Divergence Levels XTIUSD,H1: removed
2	16:08:13.161	Custom indicator FRZ Forex Market Session Indicator XTIUSD,H1: removed
2	16:08:13.183	Custom indicator AIMS Levels V2 US30,M5: removed
2	16:08:13.183	Custom indicator AIMS Entry Alert V1 US30,M5: removed
2	16:08:13.185	Custom indicator CandleTimer US30,M5: removed
2	16:08:13.185	Custom indicator #Signal_Bars_v6 US30,M5: removed
2	16:08:13.186	Custom indicator TrendEnvelopes_v1 US30,M5: removed
2	16:08:13.188	Custom indicator guppy_multiple_moving_averages US30,M5: removed
2	16:08:13.189	Custom indicator wedges US30,M5: removed
2	16:08:13.191	Custom indicator Admiral Pivot US30,M5: removed
2	16:08:13.192	Custom indicator AutoTrendChannel US30,M5: removed
2	16:08:13.193	Custom indicator FRZ Channel Auto Plotter US30,M5: removed
2	16:08:13.194	Custom indicator FRZ News Indicator MT4 US30,M5: removed
2	16:08:13.196	Custom indicator Forex Uranus direction US30,M5: removed
2	16:08:13.196	Custom indicator AIMS AO V.2.1 US30,M5: removed
2	16:08:13.197	Custom indicator IVT_MACD_ZERO_LAG US30,M5: removed
2	16:08:13.198	Custom indicator RSI Divergence Levels US30,M5: removed
2	16:08:13.200	Custom indicator FRZ Forex Market Session Indicator US30,M5: removed
2	16:08:13.224	Custom indicator AIMS Levels V2 BRENT,H1: removed
2	16:08:13.224	Custom indicator AIMS Entry Alert V1 BRENT,H1: removed
2	16:08:13.226	Custom indicator CandleTimer BRENT,H1: removed
2	16:08:13.226	Custom indicator #Signal_Bars_v6 BRENT,H1: removed
2	16:08:13.227	Custom indicator TrendEnvelopes_v1 BRENT,H1: removed
2	16:08:13.229	Custom indicator guppy_multiple_moving_averages BRENT,H1: removed
2	16:08:13.230	Custom indicator wedges BRENT,H1: removed
2	16:08:13.232	Custom indicator Admiral Pivot BRENT,H1: removed
2	16:08:13.233	Custom indicator AutoTrendChannel BRENT,H1: removed
2	16:08:13.234	Custom indicator FRZ Channel Auto Plotter BRENT,H1: removed
2	16:08:13.235	Custom indicator FRZ News Indicator MT4 BRENT,H1: removed
2	16:08:13.236	Custom indicator Forex Uranus direction BRENT,H1: removed
2	16:08:13.237	Custom indicator AIMS AO V.2.1 BRENT,H1: removed
2	16:08:13.238	Custom indicator IVT_MACD_ZERO_LAG BRENT,H1: removed
2	16:08:13.239	Custom indicator RSI Divergence Levels BRENT,H1: removed
2	16:08:13.240	Custom indicator FRZ Forex Market Session Indicator BRENT,H1: removed
2	16:08:13.261	Custom indicator AIMS Levels V2 US30,M15: removed
2	16:08:13.261	Custom indicator AIMS Entry Alert V1 US30,M15: removed
2	16:08:13.262	Custom indicator CandleTimer US30,M15: removed
2	16:08:13.262	Custom indicator #Signal_Bars_v6 US30,M15: removed
2	16:08:13.264	Custom indicator TrendEnvelopes_v1 US30,M15: removed
2	16:08:13.265	Custom indicator guppy_multiple_moving_averages US30,M15: removed
2	16:08:13.267	Custom indicator wedges US30,M15: removed
2	16:08:13.268	Custom indicator Admiral Pivot US30,M15: removed
2	16:08:13.269	Custom indicator AutoTrendChannel US30,M15: removed
2	16:08:13.270	Custom indicator FRZ Channel Auto Plotter US30,M15: removed
2	16:08:13.272	Custom indicator FRZ News Indicator MT4 US30,M15: removed
2	16:08:13.273	Custom indicator Forex Uranus direction US30,M15: removed
2	16:08:13.274	Custom indicator Quadrilateral US30,M15: removed
2	16:08:13.274	Custom indicator AIMS AO V.2.1 US30,M15: removed
2	16:08:13.275	Custom indicator IVT_MACD_ZERO_LAG US30,M15: removed
2	16:08:13.277	Custom indicator RSI Divergence Levels US30,M15: removed
2	16:08:13.278	Custom indicator FRZ Forex Market Session Indicator US30,M15: removed
2	16:08:13.298	Custom indicator AIMS Levels V2 US30,H1: removed
2	16:08:13.298	Custom indicator AIMS Entry Alert V1 US30,H1: removed
2	16:08:13.299	Custom indicator CandleTimer US30,H1: removed
2	16:08:13.299	Custom indicator #Signal_Bars_v6 US30,H1: removed
2	16:08:13.301	Custom indicator TrendEnvelopes_v1 US30,H1: removed
2	16:08:13.302	Custom indicator guppy_multiple_moving_averages US30,H1: removed
2	16:08:13.303	Custom indicator wedges US30,H1: removed
2	16:08:13.305	Custom indicator Admiral Pivot US30,H1: removed
2	16:08:13.306	Custom indicator AutoTrendChannel US30,H1: removed
2	16:08:13.307	Custom indicator FRZ Channel Auto Plotter US30,H1: removed
2	16:08:13.308	Custom indicator FRZ News Indicator MT4 US30,H1: removed
2	16:08:13.310	Custom indicator Forex Uranus direction US30,H1: removed
2	16:08:13.310	Custom indicator AIMS AO V.2.1 US30,H1: removed
2	16:08:13.311	Custom indicator IVT_MACD_ZERO_LAG US30,H1: removed
2	16:08:13.312	Custom indicator RSI Divergence Levels US30,H1: removed
2	16:08:13.314	Custom indicator FRZ Forex Market Session Indicator US30,H1: removed
2	16:08:13.346	Custom indicator AIMS Levels V2 XAUUSD,M1: removed
2	16:08:13.346	Custom indicator AIMS Entry Alert V1 XAUUSD,M1: removed
2	16:08:13.348	Custom indicator CandleTimer XAUUSD,M1: removed
2	16:08:13.348	Custom indicator #Signal_Bars_v6 XAUUSD,M1: removed
2	16:08:13.349	Custom indicator TrendEnvelopes_v1 XAUUSD,M1: removed
2	16:08:13.351	Custom indicator guppy_multiple_moving_averages XAUUSD,M1: removed
2	16:08:13.353	Custom indicator wedges XAUUSD,M1: removed
2	16:08:13.355	Custom indicator Admiral Pivot XAUUSD,M1: removed
2	16:08:13.356	Custom indicator AutoTrendChannel XAUUSD,M1: removed
2	16:08:13.357	Custom indicator FRZ Channel Auto Plotter XAUUSD,M1: removed
2	16:08:13.359	Custom indicator FRZ News Indicator MT4 XAUUSD,M1: removed
2	16:08:13.360	Custom indicator Forex Uranus direction XAUUSD,M1: removed
2	16:08:13.360	Custom indicator AIMS AO V.2.1 XAUUSD,M1: removed
2	16:08:13.362	Custom indicator IVT_MACD_ZERO_LAG XAUUSD,M1: removed
2	16:08:13.364	Custom indicator RSI Divergence Levels XAUUSD,M1: removed
2	16:08:13.365	Custom indicator FRZ Forex Market Session Indicator XAUUSD,M1: removed
2	16:08:13.376	Custom indicator AIMS Levels V2 US30.cash,H1: removed
2	16:08:13.376	Custom indicator AIMS Entry Alert V1 US30.cash,H1: removed
2	16:08:13.378	Custom indicator CandleTimer US30.cash,H1: removed
2	16:08:13.378	Custom indicator #Signal_Bars_v6 US30.cash,H1: removed
2	16:08:13.379	Custom indicator TrendEnvelopes_v1 US30.cash,H1: removed
2	16:08:13.381	Custom indicator guppy_multiple_moving_averages US30.cash,H1: removed
2	16:08:13.382	Custom indicator wedges US30.cash,H1: removed
2	16:08:13.383	Custom indicator Admiral Pivot US30.cash,H1: removed
2	16:08:13.384	Custom indicator AutoTrendChannel US30.cash,H1: removed
2	16:08:13.386	Custom indicator FRZ Channel Auto Plotter US30.cash,H1: removed
2	16:08:13.387	Custom indicator FRZ News Indicator MT4 US30.cash,H1: removed
2	16:08:13.388	Custom indicator Forex Uranus direction US30.cash,H1: removed
2	16:08:13.388	Custom indicator AIMS AO V.2.1 US30.cash,H1: removed
2	16:08:13.390	Custom indicator IVT_MACD_ZERO_LAG US30.cash,H1: removed
2	16:08:13.391	Custom indicator RSI Divergence Levels US30.cash,H1: removed
2	16:08:13.392	Custom indicator FRZ Forex Market Session Indicator US30.cash,H1: removed
2	16:08:47.715	Custom indicator AIMS Levels V2 US30,H1: loaded successfully
2	16:08:47.780	Custom indicator AIMS Entry Alert V1 US30,H1: loaded successfully
2	16:08:47.786	Custom indicator CandleTimer US30,H1: loaded successfully
2	16:08:47.849	Custom indicator #Signal_Bars_v6 US30,H1: loaded successfully
2	16:08:47.857	Custom indicator TrendEnvelopes_v1 US30,H1: loaded successfully
2	16:08:47.863	Custom indicator guppy_multiple_moving_averages US30,H1: loaded successfully
2	16:08:47.871	Custom indicator wedges US30,H1: loaded successfully
2	16:08:47.878	Custom indicator Admiral Pivot US30,H1: loaded successfully
2	16:08:47.885	Custom indicator AutoTrendChannel US30,H1: loaded successfully
2	16:08:47.893	Custom indicator FRZ Channel Auto Plotter US30,H1: loaded successfully
2	16:08:47.901	Custom indicator FRZ News Indicator MT4 US30,H1: loaded successfully
2	16:08:47.909	Custom indicator Forex Uranus direction US30,H1: loaded successfully
2	16:08:47.916	Custom indicator Quadrilateral US30,H1: loaded successfully
2	16:08:47.979	Custom indicator AIMS AO V.2.1 US30,H1: loaded successfully
2	16:08:47.986	Custom indicator IVT_MACD_ZERO_LAG US30,H1: loaded successfully
2	16:08:47.993	Custom indicator RSI Divergence Levels US30,H1: loaded successfully
2	16:08:48.000	Custom indicator FRZ Forex Market Session Indicator US30,H1: loaded successfully
0	16:08:57.037	'9725397': auto connecting to a better access point DC-136-London-D1 (ping is 219.58 ms)
0	16:08:57.807	'9725397': login on FBS-Demo through DC-136-London-D1 (ping: 219.58 ms)
0	16:08:59.505	'9725397': login datacenter on FBS-Demo through DC-136-London-D1 (ping: 219.58 ms)
0	16:09:00.166	'9725397': previous successful authorization performed from 41.207.56.78
2	16:10:43.629	Custom indicator AIMS Levels V2 YM-21H,H1: loaded successfully
2	16:10:43.698	Custom indicator AIMS Entry Alert V1 YM-21H,H1: loaded successfully
2	16:10:43.704	Custom indicator CandleTimer YM-21H,H1: loaded successfully
2	16:10:43.773	Custom indicator #Signal_Bars_v6 YM-21H,H1: loaded successfully
2	16:10:43.781	Custom indicator TrendEnvelopes_v1 YM-21H,H1: loaded successfully
2	16:10:43.789	Custom indicator guppy_multiple_moving_averages YM-21H,H1: loaded successfully
2	16:10:43.797	Custom indicator wedges YM-21H,H1: loaded successfully
2	16:10:43.804	Custom indicator Admiral Pivot YM-21H,H1: loaded successfully
2	16:10:43.812	Custom indicator AutoTrendChannel YM-21H,H1: loaded successfully
2	16:10:43.819	Custom indicator FRZ Channel Auto Plotter YM-21H,H1: loaded successfully
2	16:10:43.828	Custom indicator FRZ News Indicator MT4 YM-21H,H1: loaded successfully
2	16:10:43.836	Custom indicator Forex Uranus direction YM-21H,H1: loaded successfully
2	16:10:43.844	Custom indicator Quadrilateral YM-21H,H1: loaded successfully
2	16:10:43.913	Custom indicator AIMS AO V.2.1 YM-21H,H1: loaded successfully
2	16:10:43.920	Custom indicator IVT_MACD_ZERO_LAG YM-21H,H1: loaded successfully
2	16:10:43.928	Custom indicator RSI Divergence Levels YM-21H,H1: loaded successfully
2	16:10:43.936	Custom indicator FRZ Forex Market Session Indicator YM-21H,H1: loaded successfully
0	16:11:17.314	'9725397': one click trading has been enabled
0	16:11:18.745	'9725397': order sell market 0.09 YM-21H sl: 0 tp: 0
1	16:11:19.378	'9725397': order sell 0.09 YM-21H opening at market sl: 0 tp: 0 failed [Market is closed]
0	16:12:51.604	'9725420': login on FBS-Demo through DC-136-London-D1 (ping: 219.58 ms)
0	16:12:53.929	'9725420': login datacenter on FBS-Demo through DC-136-London-D1 (ping: 219.58 ms)
2	17:25:53.109	Custom indicator AIMS Levels V2 US30,H1: removed
2	17:25:53.109	Custom indicator AIMS Entry Alert V1 US30,H1: removed
2	17:25:53.111	Custom indicator CandleTimer US30,H1: removed
2	17:25:53.111	Custom indicator #Signal_Bars_v6 US30,H1: removed
2	17:25:53.112	Custom indicator TrendEnvelopes_v1 US30,H1: removed
2	17:25:53.113	Custom indicator guppy_multiple_moving_averages US30,H1: removed
2	17:25:53.115	Custom indicator wedges US30,H1: removed
2	17:25:53.116	Custom indicator Admiral Pivot US30,H1: removed
2	17:25:53.117	Custom indicator AutoTrendChannel US30,H1: removed
2	17:25:53.119	Custom indicator FRZ Channel Auto Plotter US30,H1: removed
2	17:25:53.120	Custom indicator FRZ News Indicator MT4 US30,H1: removed
2	17:25:53.121	Custom indicator Forex Uranus direction US30,H1: removed
2	17:25:53.123	Custom indicator Quadrilateral US30,H1: removed
2	17:25:53.123	Custom indicator AIMS AO V.2.1 US30,H1: removed
2	17:25:53.125	Custom indicator IVT_MACD_ZERO_LAG US30,H1: removed
2	17:25:53.126	Custom indicator RSI Divergence Levels US30,H1: removed
2	17:25:53.127	Custom indicator FRZ Forex Market Session Indicator US30,H1: removed
2	17:25:53.131	Custom indicator AIMS Levels V2 YM-21H,H1: removed
2	17:25:53.132	Custom indicator AIMS Entry Alert V1 YM-21H,H1: removed
2	17:25:53.133	Custom indicator CandleTimer YM-21H,H1: removed
2	17:25:53.133	Custom indicator #Signal_Bars_v6 YM-21H,H1: removed
2	17:25:53.134	Custom indicator TrendEnvelopes_v1 YM-21H,H1: removed
2	17:25:53.136	Custom indicator guppy_multiple_moving_averages YM-21H,H1: removed
2	17:25:53.137	Custom indicator wedges YM-21H,H1: removed
2	17:25:53.139	Custom indicator Admiral Pivot YM-21H,H1: removed
2	17:25:53.140	Custom indicator AutoTrendChannel YM-21H,H1: removed
2	17:25:53.142	Custom indicator FRZ Channel Auto Plotter YM-21H,H1: removed
2	17:25:53.143	Custom indicator FRZ News Indicator MT4 YM-21H,H1: removed
2	17:25:53.144	Custom indicator Forex Uranus direction YM-21H,H1: removed
2	17:25:53.146	Custom indicator Quadrilateral YM-21H,H1: removed
2	17:25:53.146	Custom indicator AIMS AO V.2.1 YM-21H,H1: removed
2	17:25:53.147	Custom indicator IVT_MACD_ZERO_LAG YM-21H,H1: removed
2	17:25:53.149	Custom indicator RSI Divergence Levels YM-21H,H1: removed
2	17:25:53.150	Custom indicator FRZ Forex Market Session Indicator YM-21H,H1: removed
0	17:25:53.750	Admiral Markets build 1330 stopped
0	18:14:42.966	Admiral Markets build 1330 started (Admiral Markets Group AS)
0	18:14:42.967	Windows 10 Pro x64, IE 11, UAC, 8 x Intel Core i7-10510U  @ 1.80GHz, Memory: 1441 / 8014 Mb, Disk: 10 / 237 Gb, GMT+3
0	18:14:42.967	Data Folder: C:\Users\SRIE\AppData\Roaming\MetaQuotes\Terminal\51337600F56B69473E15EAFB8A7586B4
2	18:14:49.023	Custom indicator AIMS Levels V2 US30,H1: loaded successfully
2	18:14:49.091	Custom indicator AIMS Entry Alert V1 US30,H1: loaded successfully
2	18:14:49.098	Custom indicator CandleTimer US30,H1: loaded successfully
2	18:14:49.164	Custom indicator #Signal_Bars_v6 US30,H1: loaded successfully
2	18:14:49.173	Custom indicator TrendEnvelopes_v1 US30,H1: loaded successfully
2	18:14:49.181	Custom indicator guppy_multiple_moving_averages US30,H1: loaded successfully
2	18:14:49.188	Custom indicator wedges US30,H1: loaded successfully
2	18:14:49.196	Custom indicator Admiral Pivot US30,H1: loaded successfully
2	18:14:49.203	Custom indicator AutoTrendChannel US30,H1: loaded successfully
2	18:14:49.210	Custom indicator FRZ Channel Auto Plotter US30,H1: loaded successfully
2	18:14:49.219	Custom indicator FRZ News Indicator MT4 US30,H1: loaded successfully
2	18:14:49.228	Custom indicator Forex Uranus direction US30,H1: loaded successfully
2	18:14:49.236	Custom indicator Quadrilateral US30,H1: loaded successfully
2	18:14:49.303	Custom indicator AIMS AO V.2.1 US30,H1: loaded successfully
2	18:14:49.311	Custom indicator IVT_MACD_ZERO_LAG US30,H1: loaded successfully
2	18:14:49.319	Custom indicator RSI Divergence Levels US30,H1: loaded successfully
2	18:14:49.327	Custom indicator FRZ Forex Market Session Indicator US30,H1: loaded successfully
2	18:14:49.985	Custom indicator AIMS Levels V2 YM-21H,H1: loaded successfully
2	18:14:50.055	Custom indicator AIMS Entry Alert V1 YM-21H,H1: loaded successfully
2	18:14:50.062	Custom indicator CandleTimer YM-21H,H1: loaded successfully
2	18:14:50.128	Custom indicator #Signal_Bars_v6 YM-21H,H1: loaded successfully
2	18:14:50.136	Custom indicator TrendEnvelopes_v1 YM-21H,H1: loaded successfully
2	18:14:50.143	Custom indicator guppy_multiple_moving_averages YM-21H,H1: loaded successfully
2	18:14:50.150	Custom indicator wedges YM-21H,H1: loaded successfully
2	18:14:50.159	Custom indicator Admiral Pivot YM-21H,H1: loaded successfully
2	18:14:50.166	Custom indicator AutoTrendChannel YM-21H,H1: loaded successfully
2	18:14:50.175	Custom indicator FRZ Channel Auto Plotter YM-21H,H1: loaded successfully
2	18:14:50.184	Custom indicator FRZ News Indicator MT4 YM-21H,H1: loaded successfully
2	18:14:50.193	Custom indicator Forex Uranus direction YM-21H,H1: loaded successfully
2	18:14:50.201	Custom indicator Quadrilateral YM-21H,H1: loaded successfully
2	18:14:50.267	Custom indicator AIMS AO V.2.1 YM-21H,H1: loaded successfully
2	18:14:50.275	Custom indicator IVT_MACD_ZERO_LAG YM-21H,H1: loaded successfully
2	18:14:50.283	Custom indicator RSI Divergence Levels YM-21H,H1: loaded successfully
2	18:14:50.291	Custom indicator FRZ Forex Market Session Indicator YM-21H,H1: loaded successfully
0	18:14:52.018	'9725420': login on FBS-Demo through DC-136-London-D1 (ping: 219.58 ms)
0	18:14:54.133	'9725420': login datacenter on FBS-Demo through DC-136-London-D1 (ping: 219.58 ms)
0	18:14:54.789	'9725420': previous successful authorization performed from 41.207.56.78
0	18:15:45.186	'9725420': auto connecting to a better access point DC-260-London-D1 (ping is 210.81 ms)
0	18:15:45.956	'9725420': login on FBS-Demo through DC-260-London-D1 (ping: 210.81 ms)
0	18:15:47.609	'9725420': login datacenter on FBS-Demo through DC-260-London-D1 (ping: 210.81 ms)
0	18:15:48.236	'9725420': previous successful authorization performed from 41.207.56.78
0	18:18:19.021	'9725755': login on FBS-Demo through DC-260-London-D1 (ping: 210.81 ms)
0	18:18:20.626	'9725755': login datacenter on FBS-Demo through DC-260-London-D1 (ping: 210.81 ms)
0	18:19:37.652	'9725758': login on FBS-Demo through DC-260-London-D1 (ping: 210.81 ms)
0	18:19:39.273	'9725758': login datacenter on FBS-Demo through DC-260-London-D1 (ping: 210.81 ms)
0	20:36:00.338	'888352614': login on Tickmill02-Live through Live DC - London 7 (ping: 339.40 ms)
0	20:36:02.405	'888352614': login datacenter on Tickmill02-Live through Live DC - London 7 (ping: 339.40 ms)
0	20:36:03.879	'888352614': previous successful authorization performed from 41.207.56.78
2	20:36:07.873	Custom indicator AIMS Levels V2 YM-21H,H1: removed
2	20:36:07.873	Custom indicator AIMS Entry Alert V1 YM-21H,H1: removed
2	20:36:07.893	Custom indicator CandleTimer YM-21H,H1: removed
2	20:36:07.903	Custom indicator #Signal_Bars_v6 YM-21H,H1: removed
2	20:36:07.904	Custom indicator TrendEnvelopes_v1 YM-21H,H1: removed
2	20:36:07.905	Custom indicator guppy_multiple_moving_averages YM-21H,H1: removed
2	20:36:07.907	Custom indicator wedges YM-21H,H1: removed
2	20:36:07.909	Custom indicator Admiral Pivot YM-21H,H1: removed
2	20:36:07.910	Custom indicator AutoTrendChannel YM-21H,H1: removed
2	20:36:07.911	Custom indicator FRZ Channel Auto Plotter YM-21H,H1: removed
2	20:36:07.912	Custom indicator FRZ News Indicator MT4 YM-21H,H1: removed
2	20:36:07.914	Custom indicator Forex Uranus direction YM-21H,H1: removed
2	20:36:07.915	Custom indicator Quadrilateral YM-21H,H1: removed
2	20:36:07.915	Custom indicator AIMS AO V.2.1 YM-21H,H1: removed
2	20:36:07.917	Custom indicator IVT_MACD_ZERO_LAG YM-21H,H1: removed
2	20:36:07.918	Custom indicator RSI Divergence Levels YM-21H,H1: removed
2	20:36:07.920	Custom indicator FRZ Forex Market Session Indicator YM-21H,H1: removed
0	20:37:47.760	'888352614': auto connecting to a better access point Live DC - London 9 (ping is 203.46 ms)
0	20:37:48.974	'888352614': login on Tickmill02-Live through Live DC - London 9 (ping: 203.46 ms)
0	20:37:51.554	'888352614': login datacenter on Tickmill02-Live through Live DC - London 9 (ping: 203.46 ms)
0	20:37:52.134	'888352614': previous successful authorization performed from 41.207.56.78
0	20:57:08.164	'4847719': login on GrandCapital-Server
0	20:57:51.497	'4847719': ping to current access point DC3-Main is 244.96 ms
2	20:59:48.770	Custom indicator AIMS Levels V2 FDAX,H1: loaded successfully
2	20:59:48.843	Custom indicator AIMS Entry Alert V1 FDAX,H1: loaded successfully
2	20:59:48.897	Custom indicator CandleTimer FDAX,H1: loaded successfully
2	20:59:48.969	Custom indicator #Signal_Bars_v6 FDAX,H1: loaded successfully
2	20:59:48.980	Custom indicator TrendEnvelopes_v1 FDAX,H1: loaded successfully
2	20:59:48.988	Custom indicator guppy_multiple_moving_averages FDAX,H1: loaded successfully
2	20:59:49.000	Custom indicator wedges FDAX,H1: loaded successfully
2	20:59:49.009	Custom indicator Admiral Pivot FDAX,H1: loaded successfully
2	20:59:49.025	Custom indicator AutoTrendChannel FDAX,H1: loaded successfully
2	20:59:49.034	Custom indicator FRZ Channel Auto Plotter FDAX,H1: loaded successfully
2	20:59:49.045	Custom indicator FRZ News Indicator MT4 FDAX,H1: loaded successfully
2	20:59:49.056	Custom indicator Forex Uranus direction FDAX,H1: loaded successfully
2	20:59:49.101	Custom indicator Quadrilateral FDAX,H1: loaded successfully
2	20:59:49.181	Custom indicator AIMS AO V.2.1 FDAX,H1: loaded successfully
2	20:59:49.190	Custom indicator IVT_MACD_ZERO_LAG FDAX,H1: loaded successfully
2	20:59:49.199	Custom indicator RSI Divergence Levels FDAX,H1: loaded successfully
2	20:59:49.207	Custom indicator FRZ Forex Market Session Indicator FDAX,H1: loaded successfully
2	21:01:12.516	Custom indicator AIMS Levels V2 YM,H1: loaded successfully
2	21:01:12.584	Custom indicator AIMS Entry Alert V1 YM,H1: loaded successfully
2	21:01:12.590	Custom indicator CandleTimer YM,H1: loaded successfully
2	21:01:12.657	Custom indicator #Signal_Bars_v6 YM,H1: loaded successfully
2	21:01:12.665	Custom indicator TrendEnvelopes_v1 YM,H1: loaded successfully
2	21:01:12.672	Custom indicator guppy_multiple_moving_averages YM,H1: loaded successfully
2	21:01:12.682	Custom indicator wedges YM,H1: loaded successfully
2	21:01:12.693	Custom indicator Admiral Pivot YM,H1: loaded successfully
2	21:01:12.704	Custom indicator AutoTrendChannel YM,H1: loaded successfully
2	21:01:12.712	Custom indicator FRZ Channel Auto Plotter YM,H1: loaded successfully
2	21:01:12.724	Custom indicator FRZ News Indicator MT4 YM,H1: loaded successfully
2	21:01:12.733	Custom indicator Forex Uranus direction YM,H1: loaded successfully
2	21:01:12.741	Custom indicator Quadrilateral YM,H1: loaded successfully
2	21:01:12.815	Custom indicator AIMS AO V.2.1 YM,H1: loaded successfully
2	21:01:12.823	Custom indicator IVT_MACD_ZERO_LAG YM,H1: loaded successfully
2	21:01:12.830	Custom indicator RSI Divergence Levels YM,H1: loaded successfully
2	21:01:12.838	Custom indicator FRZ Forex Market Session Indicator YM,H1: loaded successfully
0	21:01:44.133	'4847719': one click trading has been enabled
0	21:01:46.164	'4847719': order sell market 1.00 FDAX sl: 0.0 tp: 0.0
1	21:01:46.448	'4847719': order sell 1.00 FDAX opening at market sl: 0.0 tp: 0.0 failed [Not enough money]
0	21:02:06.634	'4847719': order sell market 0.10 FDAX sl: 0.0 tp: 0.0
0	21:02:07.176	'4847719': order was opened : #138552537 sell 0.10 FDAX at 14592.6 sl: 0.0 tp: 0.0
2	21:02:40.281	Custom indicator AIMS Levels V2 YM,H1: removed
2	21:02:40.281	Custom indicator AIMS Entry Alert V1 YM,H1: removed
2	21:02:40.283	Custom indicator CandleTimer YM,H1: removed
2	21:02:40.283	Custom indicator #Signal_Bars_v6 YM,H1: removed
2	21:02:40.284	Custom indicator TrendEnvelopes_v1 YM,H1: removed
2	21:02:40.286	Custom indicator guppy_multiple_moving_averages YM,H1: removed
2	21:02:40.287	Custom indicator wedges YM,H1: removed
2	21:02:40.332	Custom indicator Admiral Pivot YM,H1: removed
2	21:02:40.333	Custom indicator AutoTrendChannel YM,H1: removed
2	21:02:40.334	Custom indicator FRZ Channel Auto Plotter YM,H1: removed
2	21:02:40.336	Custom indicator FRZ News Indicator MT4 YM,H1: removed
2	21:02:40.337	Custom indicator Forex Uranus direction YM,H1: removed
2	21:02:40.338	Custom indicator Quadrilateral YM,H1: removed
2	21:02:40.339	Custom indicator AIMS AO V.2.1 YM,H1: removed
2	21:02:40.340	Custom indicator IVT_MACD_ZERO_LAG YM,H1: removed
2	21:02:40.341	Custom indicator RSI Divergence Levels YM,H1: removed
2	21:02:40.343	Custom indicator FRZ Forex Market Session Indicator YM,H1: removed
2	21:02:40.413	Custom indicator AIMS Levels V2 YM,H1: loaded successfully
2	21:02:40.480	Custom indicator AIMS Entry Alert V1 YM,H1: loaded successfully
2	21:02:40.487	Custom indicator CandleTimer YM,H1: loaded successfully
2	21:02:40.554	Custom indicator #Signal_Bars_v6 YM,H1: loaded successfully
2	21:02:40.562	Custom indicator TrendEnvelopes_v1 YM,H1: loaded successfully
2	21:02:40.569	Custom indicator guppy_multiple_moving_averages YM,H1: loaded successfully
2	21:02:40.577	Custom indicator wedges YM,H1: loaded successfully
2	21:02:40.585	Custom indicator Admiral Pivot YM,H1: loaded successfully
2	21:02:40.592	Custom indicator AutoTrendChannel YM,H1: loaded successfully
2	21:02:40.599	Custom indicator FRZ Channel Auto Plotter YM,H1: loaded successfully
2	21:02:40.608	Custom indicator FRZ News Indicator MT4 YM,H1: loaded successfully
2	21:02:40.615	Custom indicator Forex Uranus direction YM,H1: loaded successfully
2	21:02:40.623	Custom indicator Quadrilateral YM,H1: loaded successfully
2	21:02:40.688	Custom indicator AIMS AO V.2.1 YM,H1: loaded successfully
2	21:02:40.696	Custom indicator IVT_MACD_ZERO_LAG YM,H1: loaded successfully
2	21:02:40.703	Custom indicator RSI Divergence Levels YM,H1: loaded successfully
2	21:02:40.711	Custom indicator FRZ Forex Market Session Indicator YM,H1: loaded successfully
0	21:02:51.499	'4847719': order sell market 0.10 YM sl: 0 tp: 0
1	21:02:51.783	'4847719': order sell 0.10 YM opening at market sl: 0 tp: 0 failed [Not enough money]
0	21:02:56.438	'4847719': order sell market 0.10 YM sl: 0 tp: 0
1	21:02:56.710	'4847719': order sell 0.10 YM opening at market sl: 0 tp: 0 failed [Not enough money]
0	21:03:41.870	'4847719': order sell market 0.10 YM sl: 0 tp: 0
1	21:03:42.645	'4847719': order sell 0.10 YM opening at market sl: 0 tp: 0 failed [Not enough money]
0	21:04:16.502	'4847719': modify order #138552537 sell 0.10 FDAX at 14592.6 sl: 0.0 tp: 0.0 -> sl: 0.0 tp: 14572.8
0	21:04:17.315	'4847719': order #138552537 sell 0.10 FDAX at 14592.6 was modified -> sl: 0.0 tp: 14572.8
0	21:14:05.724	'4847719': login on GrandCapital-Server through DC3-Main (ping: 244.96 ms)
0	21:14:13.541	'4847719': login datacenter on GrandCapital-Server through DC3-Main (ping: 244.96 ms)
0	21:14:16.930	'4847719': previous successful authorization performed from 41.207.56.78
1	21:18:19.210	'4847719': datacenter connecting failed [6]
0	21:18:20.433	'4847719': login on GrandCapital-Server through DC4-Main (ping: 242.23 ms)
0	21:18:24.167	'4847719': login datacenter on GrandCapital-Server through DC4-Main (ping: 242.23 ms)
0	21:18:25.528	'4847719': previous successful authorization performed from 41.207.56.78
2	21:21:01.810	Custom indicator AIMS Levels V2 WTI,H1: loaded successfully
2	21:21:01.880	Custom indicator AIMS Entry Alert V1 WTI,H1: loaded successfully
2	21:21:01.886	Custom indicator CandleTimer WTI,H1: loaded successfully
2	21:21:01.951	Custom indicator #Signal_Bars_v6 WTI,H1: loaded successfully
2	21:21:01.959	Custom indicator TrendEnvelopes_v1 WTI,H1: loaded successfully
2	21:21:01.966	Custom indicator guppy_multiple_moving_averages WTI,H1: loaded successfully
2	21:21:01.974	Custom indicator wedges WTI,H1: loaded successfully
2	21:21:01.981	Custom indicator Admiral Pivot WTI,H1: loaded successfully
2	21:21:01.989	Custom indicator AutoTrendChannel WTI,H1: loaded successfully
2	21:21:01.996	Custom indicator FRZ Channel Auto Plotter WTI,H1: loaded successfully
2	21:21:02.006	Custom indicator FRZ News Indicator MT4 WTI,H1: loaded successfully
2	21:21:02.014	Custom indicator Forex Uranus direction WTI,H1: loaded successfully
2	21:21:02.022	Custom indicator Quadrilateral WTI,H1: loaded successfully
2	21:21:02.090	Custom indicator AIMS AO V.2.1 WTI,H1: loaded successfully
2	21:21:02.098	Custom indicator IVT_MACD_ZERO_LAG WTI,H1: loaded successfully
2	21:21:02.107	Custom indicator RSI Divergence Levels WTI,H1: loaded successfully
2	21:21:02.115	Custom indicator FRZ Forex Market Session Indicator WTI,H1: loaded successfully
2	21:21:15.081	Custom indicator AIMS Levels V2 NQ,H1: loaded successfully
2	21:21:15.163	Custom indicator AIMS Entry Alert V1 NQ,H1: loaded successfully
2	21:21:15.171	Custom indicator CandleTimer NQ,H1: loaded successfully
2	21:21:15.254	Custom indicator #Signal_Bars_v6 NQ,H1: loaded successfully
2	21:21:15.267	Custom indicator TrendEnvelopes_v1 NQ,H1: loaded successfully
2	21:21:15.279	Custom indicator guppy_multiple_moving_averages NQ,H1: loaded successfully
2	21:21:15.290	Custom indicator wedges NQ,H1: loaded successfully
2	21:21:15.299	Custom indicator Admiral Pivot NQ,H1: loaded successfully
2	21:21:15.309	Custom indicator AutoTrendChannel NQ,H1: loaded successfully
2	21:21:15.317	Custom indicator FRZ Channel Auto Plotter NQ,H1: loaded successfully
2	21:21:15.328	Custom indicator FRZ News Indicator MT4 NQ,H1: loaded successfully
2	21:21:15.339	Custom indicator Forex Uranus direction NQ,H1: loaded successfully
2	21:21:15.352	Custom indicator Quadrilateral NQ,H1: loaded successfully
2	21:21:15.430	Custom indicator AIMS AO V.2.1 NQ,H1: loaded successfully
2	21:21:15.441	Custom indicator IVT_MACD_ZERO_LAG NQ,H1: loaded successfully
2	21:21:15.450	Custom indicator RSI Divergence Levels NQ,H1: loaded successfully
2	21:21:15.458	Custom indicator FRZ Forex Market Session Indicator NQ,H1: loaded successfully
0	21:21:23.607	'4847719': order sell market 1.00 NQ sl: 0.0 tp: 0.0
1	21:21:23.893	'4847719': order sell 1.00 NQ opening at market sl: 0.0 tp: 0.0 failed [Not enough money]
0	21:21:35.282	'4847719': order sell market 0.10 NQ sl: 0.0 tp: 0.0
0	21:21:35.893	'4847719': order was opened : #138552790 sell 0.10 NQ at 12955.2 sl: 0.0 tp: 0.0
0	21:22:06.811	'4847719': order sell market 0.10 YM sl: 0 tp: 0
1	21:22:07.091	'4847719': order sell 0.10 YM opening at market sl: 0 tp: 0 failed [Not enough money]
0	21:33:17.119	'4847719': close order #138552537 sell 0.10 FDAX at 14592.6 sl: 0.0 tp: 14572.8 at price 0.0
0	21:33:18.934	'4847719': order #138552537 sell 0.10 FDAX at 14592.6 sl: 0.0 tp: 14572.8 closed at price 14583.9
0	21:33:30.267	'4847719': modify order #138552790 sell 0.10 NQ at 12955.2 sl: 0.0 tp: 0.0 -> sl: 12962.7 tp: 0.0
0	21:33:30.756	'4847719': order #138552790 sell 0.10 NQ at 12955.2 was modified -> sl: 12962.7 tp: 0.0
0	21:33:34.885	'4847719': modify order #138552790 sell 0.10 NQ at 12955.2 sl: 12962.7 tp: 0.0 -> sl: 12922.1 tp: 0.0
0	21:33:35.949	'4847719': order #138552790 sell 0.10 NQ at 12955.2 was modified -> sl: 12922.1 tp: 0.0
0	21:37:07.673	'4847719': order #138552790 sell 0.10 NQ at 12955.2 closed due stop-loss at price 12922.1
0	21:44:04.482	'4847719': order sell market 1.00 NQ sl: 0.0 tp: 0.0
1	21:44:04.771	'4847719': order sell 1.00 NQ opening at market sl: 0.0 tp: 0.0 failed [Not enough money]
0	21:44:11.095	'4847719': order sell market 0.20 NQ sl: 0.0 tp: 0.0
0	21:44:11.645	'4847719': order was opened : #138553013 sell 0.20 NQ at 12895.9 sl: 0.0 tp: 0.0
1	22:00:48.780	'4847719': datacenter connecting failed [6]
1	22:01:09.867	'4847719': connect failed [Connection choue]
0	22:01:56.729	'4847719': login on GrandCapital-Server through DC-Hong Kong (ping: n/a)
0	22:02:04.646	'4847719': login datacenter on GrandCapital-Server through DC-Hong Kong (ping: n/a)
0	22:02:07.692	'4847719': previous successful authorization performed from 41.207.56.78
0	22:03:33.335	'4847719': auto connecting to a better access point DC4-Main (ping is 234.05 ms)
0	22:03:34.117	'4847719': login on GrandCapital-Server through DC4-Main (ping: 234.05 ms)
0	22:03:37.479	'4847719': login datacenter on GrandCapital-Server through DC4-Main (ping: 234.05 ms)
0	22:03:38.104	'4847719': previous successful authorization performed from 41.207.56.78
